[2024-10-08 17:16:15,977] {taskinstance.py:1159} INFO - Dependencies all met for <TaskInstance: get_stocks_dag.MSFT scheduled__2024-09-19T00:00:00+00:00 [queued]>
[2024-10-08 17:16:15,987] {taskinstance.py:1159} INFO - Dependencies all met for <TaskInstance: get_stocks_dag.MSFT scheduled__2024-09-19T00:00:00+00:00 [queued]>
[2024-10-08 17:16:15,987] {taskinstance.py:1356} INFO - 
--------------------------------------------------------------------------------
[2024-10-08 17:16:15,987] {taskinstance.py:1357} INFO - Starting attempt 1 of 1
[2024-10-08 17:16:15,987] {taskinstance.py:1358} INFO - 
--------------------------------------------------------------------------------
[2024-10-08 17:16:16,176] {taskinstance.py:1377} INFO - Executing <Task(_PythonDecoratedOperator): MSFT> on 2024-09-19 00:00:00+00:00
[2024-10-08 17:16:16,189] {standard_task_runner.py:52} INFO - Started process 35287 to run task
[2024-10-08 17:16:16,199] {standard_task_runner.py:79} INFO - Running: ['airflow', 'tasks', 'run', 'get_stocks_dag', 'MSFT', 'scheduled__2024-09-19T00:00:00+00:00', '--job-id', '147', '--raw', '--subdir', 'DAGS_FOLDER/get_stocks.py', '--cfg-path', '/tmp/tmpg0g2qd9h', '--error-file', '/tmp/tmpip5wx4pt']
[2024-10-08 17:16:16,202] {standard_task_runner.py:80} INFO - Job 147: Subtask MSFT
[2024-10-08 17:16:16,400] {task_command.py:370} INFO - Running <TaskInstance: get_stocks_dag.MSFT scheduled__2024-09-19T00:00:00+00:00 [running]> on host ken
[2024-10-08 17:16:16,900] {taskinstance.py:1569} INFO - Exporting the following env vars:
AIRFLOW_CTX_DAG_OWNER=airflow
AIRFLOW_CTX_DAG_ID=get_stocks_dag
AIRFLOW_CTX_TASK_ID=MSFT
AIRFLOW_CTX_EXECUTION_DATE=2024-09-19T00:00:00+00:00
AIRFLOW_CTX_TRY_NUMBER=1
AIRFLOW_CTX_DAG_RUN_ID=scheduled__2024-09-19T00:00:00+00:00
[2024-10-08 17:16:17,446] {python.py:173} INFO - Done. Returned value was: None
[2024-10-08 17:16:17,458] {taskinstance.py:1395} INFO - Marking task as SUCCESS. dag_id=get_stocks_dag, task_id=MSFT, execution_date=20240919T000000, start_date=20241008T201615, end_date=20241008T201617
[2024-10-08 17:16:19,465] {local_task_job.py:156} INFO - Task exited with return code 0
[2024-10-08 17:16:19,506] {local_task_job.py:273} INFO - 0 downstream tasks scheduled from follow-on schedule check
[2024-10-08 23:21:28,550] {taskinstance.py:1159} INFO - Dependencies all met for <TaskInstance: get_stocks_dag.MSFT scheduled__2024-09-19T00:00:00+00:00 [queued]>
[2024-10-08 23:21:28,586] {taskinstance.py:1159} INFO - Dependencies all met for <TaskInstance: get_stocks_dag.MSFT scheduled__2024-09-19T00:00:00+00:00 [queued]>
[2024-10-08 23:21:28,586] {taskinstance.py:1356} INFO - 
--------------------------------------------------------------------------------
[2024-10-08 23:21:28,586] {taskinstance.py:1357} INFO - Starting attempt 1 of 1
[2024-10-08 23:21:28,586] {taskinstance.py:1358} INFO - 
--------------------------------------------------------------------------------
[2024-10-08 23:21:29,107] {taskinstance.py:1377} INFO - Executing <Task(_PythonDecoratedOperator): MSFT> on 2024-09-19 00:00:00+00:00
[2024-10-08 23:21:29,124] {standard_task_runner.py:52} INFO - Started process 21114 to run task
[2024-10-08 23:21:29,170] {standard_task_runner.py:79} INFO - Running: ['airflow', 'tasks', 'run', 'get_stocks_dag', 'MSFT', 'scheduled__2024-09-19T00:00:00+00:00', '--job-id', '15', '--raw', '--subdir', 'DAGS_FOLDER/get_stocks.py', '--cfg-path', '/tmp/tmpin85nkc9', '--error-file', '/tmp/tmpiodthjuh']
[2024-10-08 23:21:29,174] {standard_task_runner.py:80} INFO - Job 15: Subtask MSFT
[2024-10-08 23:21:29,535] {task_command.py:370} INFO - Running <TaskInstance: get_stocks_dag.MSFT scheduled__2024-09-19T00:00:00+00:00 [running]> on host ken
[2024-10-08 23:21:29,887] {taskinstance.py:1569} INFO - Exporting the following env vars:
AIRFLOW_CTX_DAG_OWNER=airflow
AIRFLOW_CTX_DAG_ID=get_stocks_dag
AIRFLOW_CTX_TASK_ID=MSFT
AIRFLOW_CTX_EXECUTION_DATE=2024-09-19T00:00:00+00:00
AIRFLOW_CTX_TRY_NUMBER=1
AIRFLOW_CTX_DAG_RUN_ID=scheduled__2024-09-19T00:00:00+00:00
[2024-10-08 23:21:34,688] {python.py:173} INFO - Done. Returned value was: None
[2024-10-08 23:21:34,964] {taskinstance.py:1395} INFO - Marking task as SUCCESS. dag_id=get_stocks_dag, task_id=MSFT, execution_date=20240919T000000, start_date=20241009T022128, end_date=20241009T022134
[2024-10-08 23:21:35,094] {local_task_job.py:156} INFO - Task exited with return code 0
[2024-10-08 23:21:35,451] {local_task_job.py:273} INFO - 0 downstream tasks scheduled from follow-on schedule check
[2024-10-09 00:59:10,200] {taskinstance.py:1159} INFO - Dependencies all met for <TaskInstance: get_stocks_dag.MSFT scheduled__2024-09-19T00:00:00+00:00 [queued]>
[2024-10-09 00:59:10,234] {taskinstance.py:1159} INFO - Dependencies all met for <TaskInstance: get_stocks_dag.MSFT scheduled__2024-09-19T00:00:00+00:00 [queued]>
[2024-10-09 00:59:10,234] {taskinstance.py:1356} INFO - 
--------------------------------------------------------------------------------
[2024-10-09 00:59:10,234] {taskinstance.py:1357} INFO - Starting attempt 1 of 1
[2024-10-09 00:59:10,234] {taskinstance.py:1358} INFO - 
--------------------------------------------------------------------------------
[2024-10-09 00:59:10,271] {taskinstance.py:1377} INFO - Executing <Task(_PythonDecoratedOperator): MSFT> on 2024-09-19 00:00:00+00:00
[2024-10-09 00:59:10,277] {standard_task_runner.py:52} INFO - Started process 36607 to run task
[2024-10-09 00:59:10,282] {standard_task_runner.py:79} INFO - Running: ['airflow', 'tasks', 'run', 'get_stocks_dag', 'MSFT', 'scheduled__2024-09-19T00:00:00+00:00', '--job-id', '79', '--raw', '--subdir', 'DAGS_FOLDER/get_stocks.py', '--cfg-path', '/tmp/tmp5i47wxt8', '--error-file', '/tmp/tmp3qmym0bm']
[2024-10-09 00:59:10,284] {standard_task_runner.py:80} INFO - Job 79: Subtask MSFT
[2024-10-09 00:59:10,496] {task_command.py:370} INFO - Running <TaskInstance: get_stocks_dag.MSFT scheduled__2024-09-19T00:00:00+00:00 [running]> on host ken
[2024-10-09 00:59:10,944] {taskinstance.py:1569} INFO - Exporting the following env vars:
AIRFLOW_CTX_DAG_OWNER=airflow
AIRFLOW_CTX_DAG_ID=get_stocks_dag
AIRFLOW_CTX_TASK_ID=MSFT
AIRFLOW_CTX_EXECUTION_DATE=2024-09-19T00:00:00+00:00
AIRFLOW_CTX_TRY_NUMBER=1
AIRFLOW_CTX_DAG_RUN_ID=scheduled__2024-09-19T00:00:00+00:00
[2024-10-09 00:59:11,521] {python.py:173} INFO - Done. Returned value was: None
[2024-10-09 00:59:11,541] {taskinstance.py:1395} INFO - Marking task as SUCCESS. dag_id=get_stocks_dag, task_id=MSFT, execution_date=20240919T000000, start_date=20241009T035910, end_date=20241009T035911
[2024-10-09 00:59:11,738] {local_task_job.py:156} INFO - Task exited with return code 0
[2024-10-09 00:59:12,012] {local_task_job.py:273} INFO - 0 downstream tasks scheduled from follow-on schedule check
[2024-10-09 09:33:30,715] {taskinstance.py:1159} INFO - Dependencies all met for <TaskInstance: get_stocks_dag.MSFT scheduled__2024-09-19T00:00:00+00:00 [queued]>
[2024-10-09 09:33:30,722] {taskinstance.py:1159} INFO - Dependencies all met for <TaskInstance: get_stocks_dag.MSFT scheduled__2024-09-19T00:00:00+00:00 [queued]>
[2024-10-09 09:33:30,723] {taskinstance.py:1356} INFO - 
--------------------------------------------------------------------------------
[2024-10-09 09:33:30,723] {taskinstance.py:1357} INFO - Starting attempt 1 of 1
[2024-10-09 09:33:30,723] {taskinstance.py:1358} INFO - 
--------------------------------------------------------------------------------
[2024-10-09 09:33:30,746] {taskinstance.py:1377} INFO - Executing <Task(_PythonDecoratedOperator): MSFT> on 2024-09-19 00:00:00+00:00
[2024-10-09 09:33:30,755] {standard_task_runner.py:52} INFO - Started process 13362 to run task
[2024-10-09 09:33:30,762] {standard_task_runner.py:79} INFO - Running: ['airflow', 'tasks', 'run', 'get_stocks_dag', 'MSFT', 'scheduled__2024-09-19T00:00:00+00:00', '--job-id', '143', '--raw', '--subdir', 'DAGS_FOLDER/get_stocks.py', '--cfg-path', '/tmp/tmp2pbaoxp2', '--error-file', '/tmp/tmpkq0fblsa']
[2024-10-09 09:33:30,765] {standard_task_runner.py:80} INFO - Job 143: Subtask MSFT
[2024-10-09 09:33:31,144] {task_command.py:370} INFO - Running <TaskInstance: get_stocks_dag.MSFT scheduled__2024-09-19T00:00:00+00:00 [running]> on host ken
[2024-10-09 09:33:31,430] {taskinstance.py:1569} INFO - Exporting the following env vars:
AIRFLOW_CTX_DAG_OWNER=airflow
AIRFLOW_CTX_DAG_ID=get_stocks_dag
AIRFLOW_CTX_TASK_ID=MSFT
AIRFLOW_CTX_EXECUTION_DATE=2024-09-19T00:00:00+00:00
AIRFLOW_CTX_TRY_NUMBER=1
AIRFLOW_CTX_DAG_RUN_ID=scheduled__2024-09-19T00:00:00+00:00
[2024-10-09 09:33:32,023] {python.py:173} INFO - Done. Returned value was: None
[2024-10-09 09:33:32,056] {taskinstance.py:1395} INFO - Marking task as SUCCESS. dag_id=get_stocks_dag, task_id=MSFT, execution_date=20240919T000000, start_date=20241009T123330, end_date=20241009T123332
[2024-10-09 09:33:32,143] {local_task_job.py:156} INFO - Task exited with return code 0
[2024-10-09 09:33:32,402] {local_task_job.py:273} INFO - 0 downstream tasks scheduled from follow-on schedule check
[2024-10-09 09:42:43,995] {taskinstance.py:1159} INFO - Dependencies all met for <TaskInstance: get_stocks_dag.MSFT scheduled__2024-09-19T00:00:00+00:00 [queued]>
[2024-10-09 09:42:44,014] {taskinstance.py:1159} INFO - Dependencies all met for <TaskInstance: get_stocks_dag.MSFT scheduled__2024-09-19T00:00:00+00:00 [queued]>
[2024-10-09 09:42:44,014] {taskinstance.py:1356} INFO - 
--------------------------------------------------------------------------------
[2024-10-09 09:42:44,015] {taskinstance.py:1357} INFO - Starting attempt 1 of 1
[2024-10-09 09:42:44,015] {taskinstance.py:1358} INFO - 
--------------------------------------------------------------------------------
[2024-10-09 09:42:44,054] {taskinstance.py:1377} INFO - Executing <Task(_PythonDecoratedOperator): MSFT> on 2024-09-19 00:00:00+00:00
[2024-10-09 09:42:44,060] {standard_task_runner.py:52} INFO - Started process 20587 to run task
[2024-10-09 09:42:44,063] {standard_task_runner.py:79} INFO - Running: ['airflow', 'tasks', 'run', 'get_stocks_dag', 'MSFT', 'scheduled__2024-09-19T00:00:00+00:00', '--job-id', '207', '--raw', '--subdir', 'DAGS_FOLDER/get_stocks.py', '--cfg-path', '/tmp/tmpzhss3pu9', '--error-file', '/tmp/tmp9inzn9bm']
[2024-10-09 09:42:44,064] {standard_task_runner.py:80} INFO - Job 207: Subtask MSFT
[2024-10-09 09:42:44,368] {task_command.py:370} INFO - Running <TaskInstance: get_stocks_dag.MSFT scheduled__2024-09-19T00:00:00+00:00 [running]> on host ken
[2024-10-09 09:42:44,528] {taskinstance.py:1569} INFO - Exporting the following env vars:
AIRFLOW_CTX_DAG_OWNER=airflow
AIRFLOW_CTX_DAG_ID=get_stocks_dag
AIRFLOW_CTX_TASK_ID=MSFT
AIRFLOW_CTX_EXECUTION_DATE=2024-09-19T00:00:00+00:00
AIRFLOW_CTX_TRY_NUMBER=1
AIRFLOW_CTX_DAG_RUN_ID=scheduled__2024-09-19T00:00:00+00:00
[2024-10-09 09:42:44,962] {python.py:173} INFO - Done. Returned value was: None
[2024-10-09 09:42:45,590] {taskinstance.py:1395} INFO - Marking task as SUCCESS. dag_id=get_stocks_dag, task_id=MSFT, execution_date=20240919T000000, start_date=20241009T124244, end_date=20241009T124245
[2024-10-09 09:42:45,727] {local_task_job.py:156} INFO - Task exited with return code 0
[2024-10-09 09:42:46,095] {local_task_job.py:273} INFO - 0 downstream tasks scheduled from follow-on schedule check
[2024-10-09 09:46:51,334] {taskinstance.py:1159} INFO - Dependencies all met for <TaskInstance: get_stocks_dag.MSFT scheduled__2024-09-19T00:00:00+00:00 [queued]>
[2024-10-09 09:46:51,348] {taskinstance.py:1159} INFO - Dependencies all met for <TaskInstance: get_stocks_dag.MSFT scheduled__2024-09-19T00:00:00+00:00 [queued]>
[2024-10-09 09:46:51,348] {taskinstance.py:1356} INFO - 
--------------------------------------------------------------------------------
[2024-10-09 09:46:51,348] {taskinstance.py:1357} INFO - Starting attempt 1 of 1
[2024-10-09 09:46:51,348] {taskinstance.py:1358} INFO - 
--------------------------------------------------------------------------------
[2024-10-09 09:46:51,420] {taskinstance.py:1377} INFO - Executing <Task(_PythonDecoratedOperator): MSFT> on 2024-09-19 00:00:00+00:00
[2024-10-09 09:46:51,428] {standard_task_runner.py:52} INFO - Started process 26909 to run task
[2024-10-09 09:46:51,431] {standard_task_runner.py:79} INFO - Running: ['airflow', 'tasks', 'run', 'get_stocks_dag', 'MSFT', 'scheduled__2024-09-19T00:00:00+00:00', '--job-id', '271', '--raw', '--subdir', 'DAGS_FOLDER/get_stocks.py', '--cfg-path', '/tmp/tmpwg1eniho', '--error-file', '/tmp/tmp0mru9_fh']
[2024-10-09 09:46:51,432] {standard_task_runner.py:80} INFO - Job 271: Subtask MSFT
[2024-10-09 09:46:51,714] {task_command.py:370} INFO - Running <TaskInstance: get_stocks_dag.MSFT scheduled__2024-09-19T00:00:00+00:00 [running]> on host ken
[2024-10-09 09:46:51,848] {taskinstance.py:1569} INFO - Exporting the following env vars:
AIRFLOW_CTX_DAG_OWNER=airflow
AIRFLOW_CTX_DAG_ID=get_stocks_dag
AIRFLOW_CTX_TASK_ID=MSFT
AIRFLOW_CTX_EXECUTION_DATE=2024-09-19T00:00:00+00:00
AIRFLOW_CTX_TRY_NUMBER=1
AIRFLOW_CTX_DAG_RUN_ID=scheduled__2024-09-19T00:00:00+00:00
[2024-10-09 09:47:02,425] {history.py:244} ERROR - $MSFT: possibly delisted; no price data found  (1h 2024-09-18 -> 2024-09-19)
[2024-10-09 09:47:02,431] {python.py:173} INFO - Done. Returned value was: None
[2024-10-09 09:47:02,462] {taskinstance.py:1395} INFO - Marking task as SUCCESS. dag_id=get_stocks_dag, task_id=MSFT, execution_date=20240919T000000, start_date=20241009T124651, end_date=20241009T124702
[2024-10-09 09:47:03,714] {local_task_job.py:156} INFO - Task exited with return code 0
[2024-10-09 09:47:03,971] {local_task_job.py:273} INFO - 0 downstream tasks scheduled from follow-on schedule check
[2024-10-09 10:32:40,635] {taskinstance.py:1159} INFO - Dependencies all met for <TaskInstance: get_stocks_dag.MSFT scheduled__2024-09-19T00:00:00+00:00 [queued]>
[2024-10-09 10:32:40,679] {taskinstance.py:1159} INFO - Dependencies all met for <TaskInstance: get_stocks_dag.MSFT scheduled__2024-09-19T00:00:00+00:00 [queued]>
[2024-10-09 10:32:40,679] {taskinstance.py:1356} INFO - 
--------------------------------------------------------------------------------
[2024-10-09 10:32:40,679] {taskinstance.py:1357} INFO - Starting attempt 1 of 1
[2024-10-09 10:32:40,679] {taskinstance.py:1358} INFO - 
--------------------------------------------------------------------------------
[2024-10-09 10:32:42,134] {taskinstance.py:1377} INFO - Executing <Task(_PythonDecoratedOperator): MSFT> on 2024-09-19 00:00:00+00:00
[2024-10-09 10:32:42,139] {standard_task_runner.py:52} INFO - Started process 56594 to run task
[2024-10-09 10:32:42,142] {standard_task_runner.py:79} INFO - Running: ['airflow', 'tasks', 'run', 'get_stocks_dag', 'MSFT', 'scheduled__2024-09-19T00:00:00+00:00', '--job-id', '377', '--raw', '--subdir', 'DAGS_FOLDER/get_stocks.py', '--cfg-path', '/tmp/tmpwxbxop3p', '--error-file', '/tmp/tmp4kajf0h3']
[2024-10-09 10:32:42,144] {standard_task_runner.py:80} INFO - Job 377: Subtask MSFT
[2024-10-09 10:32:42,401] {task_command.py:370} INFO - Running <TaskInstance: get_stocks_dag.MSFT scheduled__2024-09-19T00:00:00+00:00 [running]> on host ken
[2024-10-09 10:32:42,554] {taskinstance.py:1569} INFO - Exporting the following env vars:
AIRFLOW_CTX_DAG_OWNER=airflow
AIRFLOW_CTX_DAG_ID=get_stocks_dag
AIRFLOW_CTX_TASK_ID=MSFT
AIRFLOW_CTX_EXECUTION_DATE=2024-09-19T00:00:00+00:00
AIRFLOW_CTX_TRY_NUMBER=1
AIRFLOW_CTX_DAG_RUN_ID=scheduled__2024-09-19T00:00:00+00:00
[2024-10-09 10:32:52,952] {python.py:173} INFO - Done. Returned value was: None
[2024-10-09 10:32:53,197] {taskinstance.py:1395} INFO - Marking task as SUCCESS. dag_id=get_stocks_dag, task_id=MSFT, execution_date=20240919T000000, start_date=20241009T133240, end_date=20241009T133253
[2024-10-09 10:32:53,435] {local_task_job.py:156} INFO - Task exited with return code 0
[2024-10-09 10:32:53,963] {local_task_job.py:273} INFO - 0 downstream tasks scheduled from follow-on schedule check
