[2024-10-09 10:07:45,990] {taskinstance.py:1159} INFO - Dependencies all met for <TaskInstance: get_crypto_dag.DOGE scheduled__2024-09-15T00:00:00+00:00 [queued]>
[2024-10-09 10:07:46,006] {taskinstance.py:1159} INFO - Dependencies all met for <TaskInstance: get_crypto_dag.DOGE scheduled__2024-09-15T00:00:00+00:00 [queued]>
[2024-10-09 10:07:46,007] {taskinstance.py:1356} INFO - 
--------------------------------------------------------------------------------
[2024-10-09 10:07:46,007] {taskinstance.py:1357} INFO - Starting attempt 1 of 1
[2024-10-09 10:07:46,007] {taskinstance.py:1358} INFO - 
--------------------------------------------------------------------------------
[2024-10-09 10:07:46,080] {taskinstance.py:1377} INFO - Executing <Task(_PythonDecoratedOperator): DOGE> on 2024-09-15 00:00:00+00:00
[2024-10-09 10:07:46,091] {standard_task_runner.py:52} INFO - Started process 42012 to run task
[2024-10-09 10:07:46,095] {standard_task_runner.py:79} INFO - Running: ['airflow', 'tasks', 'run', 'get_crypto_dag', 'DOGE', 'scheduled__2024-09-15T00:00:00+00:00', '--job-id', '333', '--raw', '--subdir', 'DAGS_FOLDER/get_crypto.py', '--cfg-path', '/tmp/tmpx1gzdu7i', '--error-file', '/tmp/tmpnc4vf3ng']
[2024-10-09 10:07:46,096] {standard_task_runner.py:80} INFO - Job 333: Subtask DOGE
[2024-10-09 10:07:46,418] {task_command.py:370} INFO - Running <TaskInstance: get_crypto_dag.DOGE scheduled__2024-09-15T00:00:00+00:00 [running]> on host ken
[2024-10-09 10:07:46,602] {taskinstance.py:1569} INFO - Exporting the following env vars:
AIRFLOW_CTX_DAG_OWNER=airflow
AIRFLOW_CTX_DAG_ID=get_crypto_dag
AIRFLOW_CTX_TASK_ID=DOGE
AIRFLOW_CTX_EXECUTION_DATE=2024-09-15T00:00:00+00:00
AIRFLOW_CTX_TRY_NUMBER=1
AIRFLOW_CTX_DAG_RUN_ID=scheduled__2024-09-15T00:00:00+00:00
[2024-10-09 10:07:50,667] {history.py:122} ERROR - $DOGE: possibly delisted; no timezone found
[2024-10-09 10:08:00,682] {python.py:173} INFO - Done. Returned value was: None
[2024-10-09 10:08:00,752] {taskinstance.py:1395} INFO - Marking task as SUCCESS. dag_id=get_crypto_dag, task_id=DOGE, execution_date=20240915T000000, start_date=20241009T130745, end_date=20241009T130800
[2024-10-09 10:08:01,219] {local_task_job.py:156} INFO - Task exited with return code 0
[2024-10-09 10:08:01,410] {local_task_job.py:273} INFO - 0 downstream tasks scheduled from follow-on schedule check
[2024-10-09 10:28:49,078] {taskinstance.py:1159} INFO - Dependencies all met for <TaskInstance: get_crypto_dag.DOGE scheduled__2024-09-15T00:00:00+00:00 [queued]>
[2024-10-09 10:28:49,210] {taskinstance.py:1159} INFO - Dependencies all met for <TaskInstance: get_crypto_dag.DOGE scheduled__2024-09-15T00:00:00+00:00 [queued]>
[2024-10-09 10:28:49,210] {taskinstance.py:1356} INFO - 
--------------------------------------------------------------------------------
[2024-10-09 10:28:49,210] {taskinstance.py:1357} INFO - Starting attempt 1 of 1
[2024-10-09 10:28:49,210] {taskinstance.py:1358} INFO - 
--------------------------------------------------------------------------------
[2024-10-09 10:28:49,400] {taskinstance.py:1377} INFO - Executing <Task(_PythonDecoratedOperator): DOGE> on 2024-09-15 00:00:00+00:00
[2024-10-09 10:28:49,434] {standard_task_runner.py:52} INFO - Started process 51110 to run task
[2024-10-09 10:28:49,447] {standard_task_runner.py:79} INFO - Running: ['airflow', 'tasks', 'run', 'get_crypto_dag', 'DOGE', 'scheduled__2024-09-15T00:00:00+00:00', '--job-id', '348', '--raw', '--subdir', 'DAGS_FOLDER/get_crypto.py', '--cfg-path', '/tmp/tmpvum5hkql', '--error-file', '/tmp/tmpfeosmdv7']
[2024-10-09 10:28:49,449] {standard_task_runner.py:80} INFO - Job 348: Subtask DOGE
[2024-10-09 10:28:50,091] {task_command.py:370} INFO - Running <TaskInstance: get_crypto_dag.DOGE scheduled__2024-09-15T00:00:00+00:00 [running]> on host ken
[2024-10-09 10:28:50,681] {taskinstance.py:1569} INFO - Exporting the following env vars:
AIRFLOW_CTX_DAG_OWNER=airflow
AIRFLOW_CTX_DAG_ID=get_crypto_dag
AIRFLOW_CTX_TASK_ID=DOGE
AIRFLOW_CTX_EXECUTION_DATE=2024-09-15T00:00:00+00:00
AIRFLOW_CTX_TRY_NUMBER=1
AIRFLOW_CTX_DAG_RUN_ID=scheduled__2024-09-15T00:00:00+00:00
[2024-10-09 10:28:54,430] {history.py:122} ERROR - $DOGE: possibly delisted; no timezone found
[2024-10-09 10:29:04,450] {python.py:173} INFO - Done. Returned value was: None
[2024-10-09 10:29:04,523] {taskinstance.py:1395} INFO - Marking task as SUCCESS. dag_id=get_crypto_dag, task_id=DOGE, execution_date=20240915T000000, start_date=20241009T132849, end_date=20241009T132904
[2024-10-09 10:29:04,654] {local_task_job.py:156} INFO - Task exited with return code 0
[2024-10-09 10:29:04,993] {local_task_job.py:273} INFO - 0 downstream tasks scheduled from follow-on schedule check
