[2024-10-08 17:19:28,719] {taskinstance.py:1159} INFO - Dependencies all met for <TaskInstance: get_stocks_dag.MSFT scheduled__2024-09-26T00:00:00+00:00 [queued]>
[2024-10-08 17:19:28,725] {taskinstance.py:1159} INFO - Dependencies all met for <TaskInstance: get_stocks_dag.MSFT scheduled__2024-09-26T00:00:00+00:00 [queued]>
[2024-10-08 17:19:28,725] {taskinstance.py:1356} INFO - 
--------------------------------------------------------------------------------
[2024-10-08 17:19:28,725] {taskinstance.py:1357} INFO - Starting attempt 1 of 1
[2024-10-08 17:19:28,725] {taskinstance.py:1358} INFO - 
--------------------------------------------------------------------------------
[2024-10-08 17:19:28,837] {taskinstance.py:1377} INFO - Executing <Task(_PythonDecoratedOperator): MSFT> on 2024-09-26 00:00:00+00:00
[2024-10-08 17:19:28,849] {standard_task_runner.py:52} INFO - Started process 37659 to run task
[2024-10-08 17:19:28,857] {standard_task_runner.py:79} INFO - Running: ['airflow', 'tasks', 'run', 'get_stocks_dag', 'MSFT', 'scheduled__2024-09-26T00:00:00+00:00', '--job-id', '167', '--raw', '--subdir', 'DAGS_FOLDER/get_stocks.py', '--cfg-path', '/tmp/tmphzpq2yhy', '--error-file', '/tmp/tmpwst06ubn']
[2024-10-08 17:19:28,858] {standard_task_runner.py:80} INFO - Job 167: Subtask MSFT
[2024-10-08 17:19:30,040] {task_command.py:370} INFO - Running <TaskInstance: get_stocks_dag.MSFT scheduled__2024-09-26T00:00:00+00:00 [running]> on host ken
[2024-10-08 17:19:33,991] {taskinstance.py:1569} INFO - Exporting the following env vars:
AIRFLOW_CTX_DAG_OWNER=airflow
AIRFLOW_CTX_DAG_ID=get_stocks_dag
AIRFLOW_CTX_TASK_ID=MSFT
AIRFLOW_CTX_EXECUTION_DATE=2024-09-26T00:00:00+00:00
AIRFLOW_CTX_TRY_NUMBER=1
AIRFLOW_CTX_DAG_RUN_ID=scheduled__2024-09-26T00:00:00+00:00
[2024-10-08 17:19:34,741] {python.py:173} INFO - Done. Returned value was: None
[2024-10-08 17:19:34,758] {taskinstance.py:1395} INFO - Marking task as SUCCESS. dag_id=get_stocks_dag, task_id=MSFT, execution_date=20240926T000000, start_date=20241008T201928, end_date=20241008T201934
[2024-10-08 17:19:36,043] {local_task_job.py:156} INFO - Task exited with return code 0
[2024-10-08 17:19:36,074] {local_task_job.py:273} INFO - 0 downstream tasks scheduled from follow-on schedule check
[2024-10-08 23:21:38,828] {taskinstance.py:1159} INFO - Dependencies all met for <TaskInstance: get_stocks_dag.MSFT scheduled__2024-09-26T00:00:00+00:00 [queued]>
[2024-10-08 23:21:38,885] {taskinstance.py:1159} INFO - Dependencies all met for <TaskInstance: get_stocks_dag.MSFT scheduled__2024-09-26T00:00:00+00:00 [queued]>
[2024-10-08 23:21:38,885] {taskinstance.py:1356} INFO - 
--------------------------------------------------------------------------------
[2024-10-08 23:21:38,885] {taskinstance.py:1357} INFO - Starting attempt 1 of 1
[2024-10-08 23:21:38,886] {taskinstance.py:1358} INFO - 
--------------------------------------------------------------------------------
[2024-10-08 23:21:38,964] {taskinstance.py:1377} INFO - Executing <Task(_PythonDecoratedOperator): MSFT> on 2024-09-26 00:00:00+00:00
[2024-10-08 23:21:38,977] {standard_task_runner.py:52} INFO - Started process 21951 to run task
[2024-10-08 23:21:38,991] {standard_task_runner.py:79} INFO - Running: ['airflow', 'tasks', 'run', 'get_stocks_dag', 'MSFT', 'scheduled__2024-09-26T00:00:00+00:00', '--job-id', '33', '--raw', '--subdir', 'DAGS_FOLDER/get_stocks.py', '--cfg-path', '/tmp/tmpvo5mj4do', '--error-file', '/tmp/tmpbfsmkimg']
[2024-10-08 23:21:38,996] {standard_task_runner.py:80} INFO - Job 33: Subtask MSFT
[2024-10-08 23:21:39,239] {task_command.py:370} INFO - Running <TaskInstance: get_stocks_dag.MSFT scheduled__2024-09-26T00:00:00+00:00 [running]> on host ken
[2024-10-08 23:21:39,537] {taskinstance.py:1569} INFO - Exporting the following env vars:
AIRFLOW_CTX_DAG_OWNER=airflow
AIRFLOW_CTX_DAG_ID=get_stocks_dag
AIRFLOW_CTX_TASK_ID=MSFT
AIRFLOW_CTX_EXECUTION_DATE=2024-09-26T00:00:00+00:00
AIRFLOW_CTX_TRY_NUMBER=1
AIRFLOW_CTX_DAG_RUN_ID=scheduled__2024-09-26T00:00:00+00:00
[2024-10-08 23:21:43,011] {history.py:244} ERROR - $MSFT: possibly delisted; no price data found  (1h 2024-09-25 -> 2024-09-26)
[2024-10-08 23:21:43,060] {python.py:173} INFO - Done. Returned value was: None
[2024-10-08 23:21:43,180] {taskinstance.py:1395} INFO - Marking task as SUCCESS. dag_id=get_stocks_dag, task_id=MSFT, execution_date=20240926T000000, start_date=20241009T022138, end_date=20241009T022143
[2024-10-08 23:21:43,458] {local_task_job.py:156} INFO - Task exited with return code 0
[2024-10-08 23:21:43,661] {local_task_job.py:273} INFO - 0 downstream tasks scheduled from follow-on schedule check
[2024-10-09 01:00:37,398] {taskinstance.py:1159} INFO - Dependencies all met for <TaskInstance: get_stocks_dag.MSFT scheduled__2024-09-26T00:00:00+00:00 [queued]>
[2024-10-09 01:00:37,427] {taskinstance.py:1159} INFO - Dependencies all met for <TaskInstance: get_stocks_dag.MSFT scheduled__2024-09-26T00:00:00+00:00 [queued]>
[2024-10-09 01:00:37,427] {taskinstance.py:1356} INFO - 
--------------------------------------------------------------------------------
[2024-10-09 01:00:37,427] {taskinstance.py:1357} INFO - Starting attempt 1 of 1
[2024-10-09 01:00:37,427] {taskinstance.py:1358} INFO - 
--------------------------------------------------------------------------------
[2024-10-09 01:00:37,462] {taskinstance.py:1377} INFO - Executing <Task(_PythonDecoratedOperator): MSFT> on 2024-09-26 00:00:00+00:00
[2024-10-09 01:00:37,468] {standard_task_runner.py:52} INFO - Started process 40498 to run task
[2024-10-09 01:00:37,472] {standard_task_runner.py:79} INFO - Running: ['airflow', 'tasks', 'run', 'get_stocks_dag', 'MSFT', 'scheduled__2024-09-26T00:00:00+00:00', '--job-id', '98', '--raw', '--subdir', 'DAGS_FOLDER/get_stocks.py', '--cfg-path', '/tmp/tmpugpx1dhc', '--error-file', '/tmp/tmpzjkjmtgf']
[2024-10-09 01:00:37,473] {standard_task_runner.py:80} INFO - Job 98: Subtask MSFT
[2024-10-09 01:00:37,570] {task_command.py:370} INFO - Running <TaskInstance: get_stocks_dag.MSFT scheduled__2024-09-26T00:00:00+00:00 [running]> on host ken
[2024-10-09 01:00:37,691] {taskinstance.py:1569} INFO - Exporting the following env vars:
AIRFLOW_CTX_DAG_OWNER=airflow
AIRFLOW_CTX_DAG_ID=get_stocks_dag
AIRFLOW_CTX_TASK_ID=MSFT
AIRFLOW_CTX_EXECUTION_DATE=2024-09-26T00:00:00+00:00
AIRFLOW_CTX_TRY_NUMBER=1
AIRFLOW_CTX_DAG_RUN_ID=scheduled__2024-09-26T00:00:00+00:00
[2024-10-09 01:00:40,768] {history.py:244} ERROR - $MSFT: possibly delisted; no price data found  (1h 2024-09-25 -> 2024-09-26)
[2024-10-09 01:00:40,771] {python.py:173} INFO - Done. Returned value was: None
[2024-10-09 01:00:40,816] {taskinstance.py:1395} INFO - Marking task as SUCCESS. dag_id=get_stocks_dag, task_id=MSFT, execution_date=20240926T000000, start_date=20241009T040037, end_date=20241009T040040
[2024-10-09 01:00:40,897] {local_task_job.py:156} INFO - Task exited with return code 0
[2024-10-09 01:00:40,952] {local_task_job.py:273} INFO - 0 downstream tasks scheduled from follow-on schedule check
[2024-10-09 09:34:15,517] {taskinstance.py:1159} INFO - Dependencies all met for <TaskInstance: get_stocks_dag.MSFT scheduled__2024-09-26T00:00:00+00:00 [queued]>
[2024-10-09 09:34:15,714] {taskinstance.py:1159} INFO - Dependencies all met for <TaskInstance: get_stocks_dag.MSFT scheduled__2024-09-26T00:00:00+00:00 [queued]>
[2024-10-09 09:34:15,715] {taskinstance.py:1356} INFO - 
--------------------------------------------------------------------------------
[2024-10-09 09:34:15,715] {taskinstance.py:1357} INFO - Starting attempt 1 of 1
[2024-10-09 09:34:15,715] {taskinstance.py:1358} INFO - 
--------------------------------------------------------------------------------
[2024-10-09 09:34:15,829] {taskinstance.py:1377} INFO - Executing <Task(_PythonDecoratedOperator): MSFT> on 2024-09-26 00:00:00+00:00
[2024-10-09 09:34:15,847] {standard_task_runner.py:52} INFO - Started process 14988 to run task
[2024-10-09 09:34:15,856] {standard_task_runner.py:79} INFO - Running: ['airflow', 'tasks', 'run', 'get_stocks_dag', 'MSFT', 'scheduled__2024-09-26T00:00:00+00:00', '--job-id', '163', '--raw', '--subdir', 'DAGS_FOLDER/get_stocks.py', '--cfg-path', '/tmp/tmpqd8zuf5l', '--error-file', '/tmp/tmpilwji7gp']
[2024-10-09 09:34:15,859] {standard_task_runner.py:80} INFO - Job 163: Subtask MSFT
[2024-10-09 09:34:16,171] {task_command.py:370} INFO - Running <TaskInstance: get_stocks_dag.MSFT scheduled__2024-09-26T00:00:00+00:00 [running]> on host ken
[2024-10-09 09:34:16,317] {taskinstance.py:1569} INFO - Exporting the following env vars:
AIRFLOW_CTX_DAG_OWNER=airflow
AIRFLOW_CTX_DAG_ID=get_stocks_dag
AIRFLOW_CTX_TASK_ID=MSFT
AIRFLOW_CTX_EXECUTION_DATE=2024-09-26T00:00:00+00:00
AIRFLOW_CTX_TRY_NUMBER=1
AIRFLOW_CTX_DAG_RUN_ID=scheduled__2024-09-26T00:00:00+00:00
[2024-10-09 09:34:17,141] {python.py:173} INFO - Done. Returned value was: None
[2024-10-09 09:34:17,284] {taskinstance.py:1395} INFO - Marking task as SUCCESS. dag_id=get_stocks_dag, task_id=MSFT, execution_date=20240926T000000, start_date=20241009T123415, end_date=20241009T123417
[2024-10-09 09:34:17,356] {local_task_job.py:156} INFO - Task exited with return code 0
[2024-10-09 09:34:17,710] {local_task_job.py:273} INFO - 0 downstream tasks scheduled from follow-on schedule check
[2024-10-09 09:43:43,359] {taskinstance.py:1159} INFO - Dependencies all met for <TaskInstance: get_stocks_dag.MSFT scheduled__2024-09-26T00:00:00+00:00 [queued]>
[2024-10-09 09:43:43,376] {taskinstance.py:1159} INFO - Dependencies all met for <TaskInstance: get_stocks_dag.MSFT scheduled__2024-09-26T00:00:00+00:00 [queued]>
[2024-10-09 09:43:43,376] {taskinstance.py:1356} INFO - 
--------------------------------------------------------------------------------
[2024-10-09 09:43:43,376] {taskinstance.py:1357} INFO - Starting attempt 1 of 1
[2024-10-09 09:43:43,376] {taskinstance.py:1358} INFO - 
--------------------------------------------------------------------------------
[2024-10-09 09:43:43,406] {taskinstance.py:1377} INFO - Executing <Task(_PythonDecoratedOperator): MSFT> on 2024-09-26 00:00:00+00:00
[2024-10-09 09:43:43,412] {standard_task_runner.py:52} INFO - Started process 22621 to run task
[2024-10-09 09:43:43,417] {standard_task_runner.py:79} INFO - Running: ['airflow', 'tasks', 'run', 'get_stocks_dag', 'MSFT', 'scheduled__2024-09-26T00:00:00+00:00', '--job-id', '227', '--raw', '--subdir', 'DAGS_FOLDER/get_stocks.py', '--cfg-path', '/tmp/tmpeqywphi4', '--error-file', '/tmp/tmp93gj7_as']
[2024-10-09 09:43:43,418] {standard_task_runner.py:80} INFO - Job 227: Subtask MSFT
[2024-10-09 09:43:43,681] {task_command.py:370} INFO - Running <TaskInstance: get_stocks_dag.MSFT scheduled__2024-09-26T00:00:00+00:00 [running]> on host ken
[2024-10-09 09:43:43,805] {taskinstance.py:1569} INFO - Exporting the following env vars:
AIRFLOW_CTX_DAG_OWNER=airflow
AIRFLOW_CTX_DAG_ID=get_stocks_dag
AIRFLOW_CTX_TASK_ID=MSFT
AIRFLOW_CTX_EXECUTION_DATE=2024-09-26T00:00:00+00:00
AIRFLOW_CTX_TRY_NUMBER=1
AIRFLOW_CTX_DAG_RUN_ID=scheduled__2024-09-26T00:00:00+00:00
[2024-10-09 09:43:44,569] {python.py:173} INFO - Done. Returned value was: None
[2024-10-09 09:43:44,588] {taskinstance.py:1395} INFO - Marking task as SUCCESS. dag_id=get_stocks_dag, task_id=MSFT, execution_date=20240926T000000, start_date=20241009T124343, end_date=20241009T124344
[2024-10-09 09:43:45,596] {local_task_job.py:156} INFO - Task exited with return code 0
[2024-10-09 09:43:45,961] {local_task_job.py:273} INFO - 0 downstream tasks scheduled from follow-on schedule check
[2024-10-09 09:47:53,005] {taskinstance.py:1159} INFO - Dependencies all met for <TaskInstance: get_stocks_dag.MSFT scheduled__2024-09-26T00:00:00+00:00 [queued]>
[2024-10-09 09:47:53,062] {taskinstance.py:1159} INFO - Dependencies all met for <TaskInstance: get_stocks_dag.MSFT scheduled__2024-09-26T00:00:00+00:00 [queued]>
[2024-10-09 09:47:53,062] {taskinstance.py:1356} INFO - 
--------------------------------------------------------------------------------
[2024-10-09 09:47:53,062] {taskinstance.py:1357} INFO - Starting attempt 1 of 1
[2024-10-09 09:47:53,063] {taskinstance.py:1358} INFO - 
--------------------------------------------------------------------------------
[2024-10-09 09:47:53,115] {taskinstance.py:1377} INFO - Executing <Task(_PythonDecoratedOperator): MSFT> on 2024-09-26 00:00:00+00:00
[2024-10-09 09:47:53,140] {standard_task_runner.py:52} INFO - Started process 29179 to run task
[2024-10-09 09:47:53,147] {standard_task_runner.py:79} INFO - Running: ['airflow', 'tasks', 'run', 'get_stocks_dag', 'MSFT', 'scheduled__2024-09-26T00:00:00+00:00', '--job-id', '291', '--raw', '--subdir', 'DAGS_FOLDER/get_stocks.py', '--cfg-path', '/tmp/tmpl0d6b6fc', '--error-file', '/tmp/tmpfvwufun4']
[2024-10-09 09:47:53,149] {standard_task_runner.py:80} INFO - Job 291: Subtask MSFT
[2024-10-09 09:47:53,498] {task_command.py:370} INFO - Running <TaskInstance: get_stocks_dag.MSFT scheduled__2024-09-26T00:00:00+00:00 [running]> on host ken
[2024-10-09 09:47:53,643] {taskinstance.py:1569} INFO - Exporting the following env vars:
AIRFLOW_CTX_DAG_OWNER=airflow
AIRFLOW_CTX_DAG_ID=get_stocks_dag
AIRFLOW_CTX_TASK_ID=MSFT
AIRFLOW_CTX_EXECUTION_DATE=2024-09-26T00:00:00+00:00
AIRFLOW_CTX_TRY_NUMBER=1
AIRFLOW_CTX_DAG_RUN_ID=scheduled__2024-09-26T00:00:00+00:00
[2024-10-09 09:47:54,233] {python.py:173} INFO - Done. Returned value was: None
[2024-10-09 09:47:55,634] {taskinstance.py:1395} INFO - Marking task as SUCCESS. dag_id=get_stocks_dag, task_id=MSFT, execution_date=20240926T000000, start_date=20241009T124753, end_date=20241009T124755
[2024-10-09 09:47:55,734] {local_task_job.py:156} INFO - Task exited with return code 0
[2024-10-09 09:47:56,362] {local_task_job.py:273} INFO - 0 downstream tasks scheduled from follow-on schedule check
[2024-10-09 10:38:27,354] {taskinstance.py:1159} INFO - Dependencies all met for <TaskInstance: get_stocks_dag.MSFT scheduled__2024-09-26T00:00:00+00:00 [queued]>
[2024-10-09 10:38:27,374] {taskinstance.py:1159} INFO - Dependencies all met for <TaskInstance: get_stocks_dag.MSFT scheduled__2024-09-26T00:00:00+00:00 [queued]>
[2024-10-09 10:38:27,374] {taskinstance.py:1356} INFO - 
--------------------------------------------------------------------------------
[2024-10-09 10:38:27,374] {taskinstance.py:1357} INFO - Starting attempt 1 of 1
[2024-10-09 10:38:27,374] {taskinstance.py:1358} INFO - 
--------------------------------------------------------------------------------
[2024-10-09 10:38:28,184] {taskinstance.py:1377} INFO - Executing <Task(_PythonDecoratedOperator): MSFT> on 2024-09-26 00:00:00+00:00
[2024-10-09 10:38:28,199] {standard_task_runner.py:52} INFO - Started process 64546 to run task
[2024-10-09 10:38:28,206] {standard_task_runner.py:79} INFO - Running: ['airflow', 'tasks', 'run', 'get_stocks_dag', 'MSFT', 'scheduled__2024-09-26T00:00:00+00:00', '--job-id', '423', '--raw', '--subdir', 'DAGS_FOLDER/get_stocks.py', '--cfg-path', '/tmp/tmpwkgzc55r', '--error-file', '/tmp/tmpi9vmkshu']
[2024-10-09 10:38:28,209] {standard_task_runner.py:80} INFO - Job 423: Subtask MSFT
[2024-10-09 10:38:28,507] {task_command.py:370} INFO - Running <TaskInstance: get_stocks_dag.MSFT scheduled__2024-09-26T00:00:00+00:00 [running]> on host ken
[2024-10-09 10:38:28,634] {taskinstance.py:1569} INFO - Exporting the following env vars:
AIRFLOW_CTX_DAG_OWNER=airflow
AIRFLOW_CTX_DAG_ID=get_stocks_dag
AIRFLOW_CTX_TASK_ID=MSFT
AIRFLOW_CTX_EXECUTION_DATE=2024-09-26T00:00:00+00:00
AIRFLOW_CTX_TRY_NUMBER=1
AIRFLOW_CTX_DAG_RUN_ID=scheduled__2024-09-26T00:00:00+00:00
[2024-10-09 10:38:39,177] {python.py:173} INFO - Done. Returned value was: None
[2024-10-09 10:38:39,195] {taskinstance.py:1395} INFO - Marking task as SUCCESS. dag_id=get_stocks_dag, task_id=MSFT, execution_date=20240926T000000, start_date=20241009T133827, end_date=20241009T133839
[2024-10-09 10:38:39,313] {local_task_job.py:156} INFO - Task exited with return code 0
[2024-10-09 10:38:39,600] {local_task_job.py:273} INFO - 0 downstream tasks scheduled from follow-on schedule check
