[2024-10-08 17:15:39,289] {taskinstance.py:1159} INFO - Dependencies all met for <TaskInstance: get_stocks_dag.MSFT scheduled__2024-09-18T00:00:00+00:00 [queued]>
[2024-10-08 17:15:39,307] {taskinstance.py:1159} INFO - Dependencies all met for <TaskInstance: get_stocks_dag.MSFT scheduled__2024-09-18T00:00:00+00:00 [queued]>
[2024-10-08 17:15:39,307] {taskinstance.py:1356} INFO - 
--------------------------------------------------------------------------------
[2024-10-08 17:15:39,308] {taskinstance.py:1357} INFO - Starting attempt 1 of 1
[2024-10-08 17:15:39,308] {taskinstance.py:1358} INFO - 
--------------------------------------------------------------------------------
[2024-10-08 17:15:41,828] {taskinstance.py:1377} INFO - Executing <Task(_PythonDecoratedOperator): MSFT> on 2024-09-18 00:00:00+00:00
[2024-10-08 17:15:41,836] {standard_task_runner.py:52} INFO - Started process 34862 to run task
[2024-10-08 17:15:41,844] {standard_task_runner.py:79} INFO - Running: ['airflow', 'tasks', 'run', 'get_stocks_dag', 'MSFT', 'scheduled__2024-09-18T00:00:00+00:00', '--job-id', '143', '--raw', '--subdir', 'DAGS_FOLDER/get_stocks.py', '--cfg-path', '/tmp/tmp8opcg65p', '--error-file', '/tmp/tmpt2jyqwny']
[2024-10-08 17:15:41,846] {standard_task_runner.py:80} INFO - Job 143: Subtask MSFT
[2024-10-08 17:15:43,473] {task_command.py:370} INFO - Running <TaskInstance: get_stocks_dag.MSFT scheduled__2024-09-18T00:00:00+00:00 [running]> on host ken
[2024-10-08 17:15:44,163] {taskinstance.py:1569} INFO - Exporting the following env vars:
AIRFLOW_CTX_DAG_OWNER=airflow
AIRFLOW_CTX_DAG_ID=get_stocks_dag
AIRFLOW_CTX_TASK_ID=MSFT
AIRFLOW_CTX_EXECUTION_DATE=2024-09-18T00:00:00+00:00
AIRFLOW_CTX_TRY_NUMBER=1
AIRFLOW_CTX_DAG_RUN_ID=scheduled__2024-09-18T00:00:00+00:00
[2024-10-08 17:15:44,702] {python.py:173} INFO - Done. Returned value was: None
[2024-10-08 17:15:44,789] {taskinstance.py:1395} INFO - Marking task as SUCCESS. dag_id=get_stocks_dag, task_id=MSFT, execution_date=20240918T000000, start_date=20241008T201539, end_date=20241008T201544
[2024-10-08 17:15:45,066] {local_task_job.py:156} INFO - Task exited with return code 0
[2024-10-08 17:15:45,119] {local_task_job.py:273} INFO - 0 downstream tasks scheduled from follow-on schedule check
[2024-10-08 23:21:27,457] {taskinstance.py:1159} INFO - Dependencies all met for <TaskInstance: get_stocks_dag.MSFT scheduled__2024-09-18T00:00:00+00:00 [queued]>
[2024-10-08 23:21:27,507] {taskinstance.py:1159} INFO - Dependencies all met for <TaskInstance: get_stocks_dag.MSFT scheduled__2024-09-18T00:00:00+00:00 [queued]>
[2024-10-08 23:21:27,509] {taskinstance.py:1356} INFO - 
--------------------------------------------------------------------------------
[2024-10-08 23:21:27,509] {taskinstance.py:1357} INFO - Starting attempt 1 of 1
[2024-10-08 23:21:27,510] {taskinstance.py:1358} INFO - 
--------------------------------------------------------------------------------
[2024-10-08 23:21:27,686] {taskinstance.py:1377} INFO - Executing <Task(_PythonDecoratedOperator): MSFT> on 2024-09-18 00:00:00+00:00
[2024-10-08 23:21:27,752] {standard_task_runner.py:79} INFO - Running: ['airflow', 'tasks', 'run', 'get_stocks_dag', 'MSFT', 'scheduled__2024-09-18T00:00:00+00:00', '--job-id', '4', '--raw', '--subdir', 'DAGS_FOLDER/get_stocks.py', '--cfg-path', '/tmp/tmp2xon4p_n', '--error-file', '/tmp/tmpmhivl8k_']
[2024-10-08 23:21:27,755] {standard_task_runner.py:80} INFO - Job 4: Subtask MSFT
[2024-10-08 23:21:27,752] {standard_task_runner.py:52} INFO - Started process 20894 to run task
[2024-10-08 23:21:28,339] {task_command.py:370} INFO - Running <TaskInstance: get_stocks_dag.MSFT scheduled__2024-09-18T00:00:00+00:00 [running]> on host ken
[2024-10-08 23:21:29,257] {taskinstance.py:1569} INFO - Exporting the following env vars:
AIRFLOW_CTX_DAG_OWNER=airflow
AIRFLOW_CTX_DAG_ID=get_stocks_dag
AIRFLOW_CTX_TASK_ID=MSFT
AIRFLOW_CTX_EXECUTION_DATE=2024-09-18T00:00:00+00:00
AIRFLOW_CTX_TRY_NUMBER=1
AIRFLOW_CTX_DAG_RUN_ID=scheduled__2024-09-18T00:00:00+00:00
[2024-10-08 23:21:33,723] {python.py:173} INFO - Done. Returned value was: None
[2024-10-08 23:21:33,800] {taskinstance.py:1395} INFO - Marking task as SUCCESS. dag_id=get_stocks_dag, task_id=MSFT, execution_date=20240918T000000, start_date=20241009T022127, end_date=20241009T022133
[2024-10-08 23:21:33,892] {local_task_job.py:156} INFO - Task exited with return code 0
[2024-10-08 23:21:34,055] {local_task_job.py:273} INFO - 0 downstream tasks scheduled from follow-on schedule check
[2024-10-09 00:58:41,451] {taskinstance.py:1159} INFO - Dependencies all met for <TaskInstance: get_stocks_dag.MSFT scheduled__2024-09-18T00:00:00+00:00 [queued]>
[2024-10-09 00:58:41,474] {taskinstance.py:1159} INFO - Dependencies all met for <TaskInstance: get_stocks_dag.MSFT scheduled__2024-09-18T00:00:00+00:00 [queued]>
[2024-10-09 00:58:41,474] {taskinstance.py:1356} INFO - 
--------------------------------------------------------------------------------
[2024-10-09 00:58:41,474] {taskinstance.py:1357} INFO - Starting attempt 1 of 1
[2024-10-09 00:58:41,474] {taskinstance.py:1358} INFO - 
--------------------------------------------------------------------------------
[2024-10-09 00:58:41,511] {taskinstance.py:1377} INFO - Executing <Task(_PythonDecoratedOperator): MSFT> on 2024-09-18 00:00:00+00:00
[2024-10-09 00:58:41,519] {standard_task_runner.py:52} INFO - Started process 35343 to run task
[2024-10-09 00:58:41,522] {standard_task_runner.py:79} INFO - Running: ['airflow', 'tasks', 'run', 'get_stocks_dag', 'MSFT', 'scheduled__2024-09-18T00:00:00+00:00', '--job-id', '75', '--raw', '--subdir', 'DAGS_FOLDER/get_stocks.py', '--cfg-path', '/tmp/tmpzi3e0hn3', '--error-file', '/tmp/tmp3e56pj54']
[2024-10-09 00:58:41,524] {standard_task_runner.py:80} INFO - Job 75: Subtask MSFT
[2024-10-09 00:58:41,750] {task_command.py:370} INFO - Running <TaskInstance: get_stocks_dag.MSFT scheduled__2024-09-18T00:00:00+00:00 [running]> on host ken
[2024-10-09 00:58:42,276] {taskinstance.py:1569} INFO - Exporting the following env vars:
AIRFLOW_CTX_DAG_OWNER=airflow
AIRFLOW_CTX_DAG_ID=get_stocks_dag
AIRFLOW_CTX_TASK_ID=MSFT
AIRFLOW_CTX_EXECUTION_DATE=2024-09-18T00:00:00+00:00
AIRFLOW_CTX_TRY_NUMBER=1
AIRFLOW_CTX_DAG_RUN_ID=scheduled__2024-09-18T00:00:00+00:00
[2024-10-09 00:58:52,744] {history.py:244} ERROR - $MSFT: possibly delisted; no price data found  (1h 2024-09-17 -> 2024-09-18)
[2024-10-09 00:58:52,756] {python.py:173} INFO - Done. Returned value was: None
[2024-10-09 00:58:52,821] {taskinstance.py:1395} INFO - Marking task as SUCCESS. dag_id=get_stocks_dag, task_id=MSFT, execution_date=20240918T000000, start_date=20241009T035841, end_date=20241009T035852
[2024-10-09 00:58:52,879] {local_task_job.py:156} INFO - Task exited with return code 0
[2024-10-09 00:58:52,952] {local_task_job.py:273} INFO - 0 downstream tasks scheduled from follow-on schedule check
[2024-10-09 09:33:20,737] {taskinstance.py:1159} INFO - Dependencies all met for <TaskInstance: get_stocks_dag.MSFT scheduled__2024-09-18T00:00:00+00:00 [queued]>
[2024-10-09 09:33:20,761] {taskinstance.py:1159} INFO - Dependencies all met for <TaskInstance: get_stocks_dag.MSFT scheduled__2024-09-18T00:00:00+00:00 [queued]>
[2024-10-09 09:33:20,761] {taskinstance.py:1356} INFO - 
--------------------------------------------------------------------------------
[2024-10-09 09:33:20,761] {taskinstance.py:1357} INFO - Starting attempt 1 of 1
[2024-10-09 09:33:20,761] {taskinstance.py:1358} INFO - 
--------------------------------------------------------------------------------
[2024-10-09 09:33:20,806] {taskinstance.py:1377} INFO - Executing <Task(_PythonDecoratedOperator): MSFT> on 2024-09-18 00:00:00+00:00
[2024-10-09 09:33:20,813] {standard_task_runner.py:52} INFO - Started process 12940 to run task
[2024-10-09 09:33:20,818] {standard_task_runner.py:79} INFO - Running: ['airflow', 'tasks', 'run', 'get_stocks_dag', 'MSFT', 'scheduled__2024-09-18T00:00:00+00:00', '--job-id', '139', '--raw', '--subdir', 'DAGS_FOLDER/get_stocks.py', '--cfg-path', '/tmp/tmp8ffxaqwh', '--error-file', '/tmp/tmpjnwac2at']
[2024-10-09 09:33:20,820] {standard_task_runner.py:80} INFO - Job 139: Subtask MSFT
[2024-10-09 09:33:21,112] {task_command.py:370} INFO - Running <TaskInstance: get_stocks_dag.MSFT scheduled__2024-09-18T00:00:00+00:00 [running]> on host ken
[2024-10-09 09:33:21,244] {taskinstance.py:1569} INFO - Exporting the following env vars:
AIRFLOW_CTX_DAG_OWNER=airflow
AIRFLOW_CTX_DAG_ID=get_stocks_dag
AIRFLOW_CTX_TASK_ID=MSFT
AIRFLOW_CTX_EXECUTION_DATE=2024-09-18T00:00:00+00:00
AIRFLOW_CTX_TRY_NUMBER=1
AIRFLOW_CTX_DAG_RUN_ID=scheduled__2024-09-18T00:00:00+00:00
[2024-10-09 09:33:21,727] {python.py:173} INFO - Done. Returned value was: None
[2024-10-09 09:33:22,298] {taskinstance.py:1395} INFO - Marking task as SUCCESS. dag_id=get_stocks_dag, task_id=MSFT, execution_date=20240918T000000, start_date=20241009T123320, end_date=20241009T123322
[2024-10-09 09:33:22,438] {local_task_job.py:156} INFO - Task exited with return code 0
[2024-10-09 09:33:22,850] {local_task_job.py:273} INFO - 0 downstream tasks scheduled from follow-on schedule check
[2024-10-09 09:42:34,351] {taskinstance.py:1159} INFO - Dependencies all met for <TaskInstance: get_stocks_dag.MSFT scheduled__2024-09-18T00:00:00+00:00 [queued]>
[2024-10-09 09:42:34,383] {taskinstance.py:1159} INFO - Dependencies all met for <TaskInstance: get_stocks_dag.MSFT scheduled__2024-09-18T00:00:00+00:00 [queued]>
[2024-10-09 09:42:34,384] {taskinstance.py:1356} INFO - 
--------------------------------------------------------------------------------
[2024-10-09 09:42:34,384] {taskinstance.py:1357} INFO - Starting attempt 1 of 1
[2024-10-09 09:42:34,384] {taskinstance.py:1358} INFO - 
--------------------------------------------------------------------------------
[2024-10-09 09:42:34,462] {taskinstance.py:1377} INFO - Executing <Task(_PythonDecoratedOperator): MSFT> on 2024-09-18 00:00:00+00:00
[2024-10-09 09:42:34,473] {standard_task_runner.py:52} INFO - Started process 20227 to run task
[2024-10-09 09:42:34,479] {standard_task_runner.py:79} INFO - Running: ['airflow', 'tasks', 'run', 'get_stocks_dag', 'MSFT', 'scheduled__2024-09-18T00:00:00+00:00', '--job-id', '203', '--raw', '--subdir', 'DAGS_FOLDER/get_stocks.py', '--cfg-path', '/tmp/tmpaqyamssp', '--error-file', '/tmp/tmpan1rsyjt']
[2024-10-09 09:42:34,480] {standard_task_runner.py:80} INFO - Job 203: Subtask MSFT
[2024-10-09 09:42:34,827] {task_command.py:370} INFO - Running <TaskInstance: get_stocks_dag.MSFT scheduled__2024-09-18T00:00:00+00:00 [running]> on host ken
[2024-10-09 09:42:34,962] {taskinstance.py:1569} INFO - Exporting the following env vars:
AIRFLOW_CTX_DAG_OWNER=airflow
AIRFLOW_CTX_DAG_ID=get_stocks_dag
AIRFLOW_CTX_TASK_ID=MSFT
AIRFLOW_CTX_EXECUTION_DATE=2024-09-18T00:00:00+00:00
AIRFLOW_CTX_TRY_NUMBER=1
AIRFLOW_CTX_DAG_RUN_ID=scheduled__2024-09-18T00:00:00+00:00
[2024-10-09 09:42:36,232] {python.py:173} INFO - Done. Returned value was: None
[2024-10-09 09:42:36,300] {taskinstance.py:1395} INFO - Marking task as SUCCESS. dag_id=get_stocks_dag, task_id=MSFT, execution_date=20240918T000000, start_date=20241009T124234, end_date=20241009T124236
[2024-10-09 09:42:36,904] {local_task_job.py:156} INFO - Task exited with return code 0
[2024-10-09 09:42:38,058] {local_task_job.py:273} INFO - 0 downstream tasks scheduled from follow-on schedule check
[2024-10-09 09:46:40,450] {taskinstance.py:1159} INFO - Dependencies all met for <TaskInstance: get_stocks_dag.MSFT scheduled__2024-09-18T00:00:00+00:00 [queued]>
[2024-10-09 09:46:40,645] {taskinstance.py:1159} INFO - Dependencies all met for <TaskInstance: get_stocks_dag.MSFT scheduled__2024-09-18T00:00:00+00:00 [queued]>
[2024-10-09 09:46:40,645] {taskinstance.py:1356} INFO - 
--------------------------------------------------------------------------------
[2024-10-09 09:46:40,645] {taskinstance.py:1357} INFO - Starting attempt 1 of 1
[2024-10-09 09:46:40,645] {taskinstance.py:1358} INFO - 
--------------------------------------------------------------------------------
[2024-10-09 09:46:40,804] {taskinstance.py:1377} INFO - Executing <Task(_PythonDecoratedOperator): MSFT> on 2024-09-18 00:00:00+00:00
[2024-10-09 09:46:40,813] {standard_task_runner.py:52} INFO - Started process 26586 to run task
[2024-10-09 09:46:40,818] {standard_task_runner.py:79} INFO - Running: ['airflow', 'tasks', 'run', 'get_stocks_dag', 'MSFT', 'scheduled__2024-09-18T00:00:00+00:00', '--job-id', '268', '--raw', '--subdir', 'DAGS_FOLDER/get_stocks.py', '--cfg-path', '/tmp/tmpqf0t71fu', '--error-file', '/tmp/tmpchn3x7o1']
[2024-10-09 09:46:40,819] {standard_task_runner.py:80} INFO - Job 268: Subtask MSFT
[2024-10-09 09:46:41,151] {task_command.py:370} INFO - Running <TaskInstance: get_stocks_dag.MSFT scheduled__2024-09-18T00:00:00+00:00 [running]> on host ken
[2024-10-09 09:46:41,769] {taskinstance.py:1569} INFO - Exporting the following env vars:
AIRFLOW_CTX_DAG_OWNER=airflow
AIRFLOW_CTX_DAG_ID=get_stocks_dag
AIRFLOW_CTX_TASK_ID=MSFT
AIRFLOW_CTX_EXECUTION_DATE=2024-09-18T00:00:00+00:00
AIRFLOW_CTX_TRY_NUMBER=1
AIRFLOW_CTX_DAG_RUN_ID=scheduled__2024-09-18T00:00:00+00:00
[2024-10-09 09:46:43,382] {python.py:173} INFO - Done. Returned value was: None
[2024-10-09 09:46:43,404] {taskinstance.py:1395} INFO - Marking task as SUCCESS. dag_id=get_stocks_dag, task_id=MSFT, execution_date=20240918T000000, start_date=20241009T124640, end_date=20241009T124643
[2024-10-09 09:46:43,638] {local_task_job.py:156} INFO - Task exited with return code 0
[2024-10-09 09:46:43,916] {local_task_job.py:273} INFO - 0 downstream tasks scheduled from follow-on schedule check
[2024-10-09 10:08:21,898] {taskinstance.py:1159} INFO - Dependencies all met for <TaskInstance: get_stocks_dag.MSFT scheduled__2024-09-18T00:00:00+00:00 [queued]>
[2024-10-09 10:08:22,101] {taskinstance.py:1159} INFO - Dependencies all met for <TaskInstance: get_stocks_dag.MSFT scheduled__2024-09-18T00:00:00+00:00 [queued]>
[2024-10-09 10:08:22,102] {taskinstance.py:1356} INFO - 
--------------------------------------------------------------------------------
[2024-10-09 10:08:22,102] {taskinstance.py:1357} INFO - Starting attempt 1 of 1
[2024-10-09 10:08:22,102] {taskinstance.py:1358} INFO - 
--------------------------------------------------------------------------------
[2024-10-09 10:08:22,247] {taskinstance.py:1377} INFO - Executing <Task(_PythonDecoratedOperator): MSFT> on 2024-09-18 00:00:00+00:00
[2024-10-09 10:08:22,268] {standard_task_runner.py:52} INFO - Started process 42678 to run task
[2024-10-09 10:08:22,279] {standard_task_runner.py:79} INFO - Running: ['airflow', 'tasks', 'run', 'get_stocks_dag', 'MSFT', 'scheduled__2024-09-18T00:00:00+00:00', '--job-id', '335', '--raw', '--subdir', 'DAGS_FOLDER/get_stocks.py', '--cfg-path', '/tmp/tmpfc7zivcb', '--error-file', '/tmp/tmpws786ww1']
[2024-10-09 10:08:22,281] {standard_task_runner.py:80} INFO - Job 335: Subtask MSFT
[2024-10-09 10:08:22,668] {task_command.py:370} INFO - Running <TaskInstance: get_stocks_dag.MSFT scheduled__2024-09-18T00:00:00+00:00 [running]> on host ken
[2024-10-09 10:08:22,891] {taskinstance.py:1569} INFO - Exporting the following env vars:
AIRFLOW_CTX_DAG_OWNER=airflow
AIRFLOW_CTX_DAG_ID=get_stocks_dag
AIRFLOW_CTX_TASK_ID=MSFT
AIRFLOW_CTX_EXECUTION_DATE=2024-09-18T00:00:00+00:00
AIRFLOW_CTX_TRY_NUMBER=1
AIRFLOW_CTX_DAG_RUN_ID=scheduled__2024-09-18T00:00:00+00:00
[2024-10-09 10:08:33,480] {python.py:173} INFO - Done. Returned value was: None
[2024-10-09 10:08:33,665] {taskinstance.py:1395} INFO - Marking task as SUCCESS. dag_id=get_stocks_dag, task_id=MSFT, execution_date=20240918T000000, start_date=20241009T130822, end_date=20241009T130833
[2024-10-09 10:08:33,875] {local_task_job.py:156} INFO - Task exited with return code 0
[2024-10-09 10:08:34,012] {local_task_job.py:273} INFO - 0 downstream tasks scheduled from follow-on schedule check
[2024-10-09 10:31:09,653] {taskinstance.py:1159} INFO - Dependencies all met for <TaskInstance: get_stocks_dag.MSFT scheduled__2024-09-18T00:00:00+00:00 [queued]>
[2024-10-09 10:31:09,767] {taskinstance.py:1159} INFO - Dependencies all met for <TaskInstance: get_stocks_dag.MSFT scheduled__2024-09-18T00:00:00+00:00 [queued]>
[2024-10-09 10:31:09,767] {taskinstance.py:1356} INFO - 
--------------------------------------------------------------------------------
[2024-10-09 10:31:09,768] {taskinstance.py:1357} INFO - Starting attempt 1 of 1
[2024-10-09 10:31:09,768] {taskinstance.py:1358} INFO - 
--------------------------------------------------------------------------------
[2024-10-09 10:31:09,924] {taskinstance.py:1377} INFO - Executing <Task(_PythonDecoratedOperator): MSFT> on 2024-09-18 00:00:00+00:00
[2024-10-09 10:31:09,935] {standard_task_runner.py:52} INFO - Started process 54206 to run task
[2024-10-09 10:31:09,940] {standard_task_runner.py:79} INFO - Running: ['airflow', 'tasks', 'run', 'get_stocks_dag', 'MSFT', 'scheduled__2024-09-18T00:00:00+00:00', '--job-id', '365', '--raw', '--subdir', 'DAGS_FOLDER/get_stocks.py', '--cfg-path', '/tmp/tmp2_zshisq', '--error-file', '/tmp/tmpww_z0v5u']
[2024-10-09 10:31:09,941] {standard_task_runner.py:80} INFO - Job 365: Subtask MSFT
[2024-10-09 10:31:10,282] {task_command.py:370} INFO - Running <TaskInstance: get_stocks_dag.MSFT scheduled__2024-09-18T00:00:00+00:00 [running]> on host ken
[2024-10-09 10:31:10,460] {taskinstance.py:1569} INFO - Exporting the following env vars:
AIRFLOW_CTX_DAG_OWNER=airflow
AIRFLOW_CTX_DAG_ID=get_stocks_dag
AIRFLOW_CTX_TASK_ID=MSFT
AIRFLOW_CTX_EXECUTION_DATE=2024-09-18T00:00:00+00:00
AIRFLOW_CTX_TRY_NUMBER=1
AIRFLOW_CTX_DAG_RUN_ID=scheduled__2024-09-18T00:00:00+00:00
[2024-10-09 10:31:21,189] {python.py:173} INFO - Done. Returned value was: None
[2024-10-09 10:31:21,215] {taskinstance.py:1395} INFO - Marking task as SUCCESS. dag_id=get_stocks_dag, task_id=MSFT, execution_date=20240918T000000, start_date=20241009T133109, end_date=20241009T133121
[2024-10-09 10:31:21,611] {local_task_job.py:156} INFO - Task exited with return code 0
[2024-10-09 10:31:21,901] {local_task_job.py:273} INFO - 0 downstream tasks scheduled from follow-on schedule check
