[2024-10-08 17:21:59,362] {taskinstance.py:1159} INFO - Dependencies all met for <TaskInstance: get_stocks_dag.MSFT scheduled__2024-10-02T00:00:00+00:00 [queued]>
[2024-10-08 17:21:59,367] {taskinstance.py:1159} INFO - Dependencies all met for <TaskInstance: get_stocks_dag.MSFT scheduled__2024-10-02T00:00:00+00:00 [queued]>
[2024-10-08 17:21:59,367] {taskinstance.py:1356} INFO - 
--------------------------------------------------------------------------------
[2024-10-08 17:21:59,367] {taskinstance.py:1357} INFO - Starting attempt 1 of 1
[2024-10-08 17:21:59,367] {taskinstance.py:1358} INFO - 
--------------------------------------------------------------------------------
[2024-10-08 17:22:00,860] {taskinstance.py:1377} INFO - Executing <Task(_PythonDecoratedOperator): MSFT> on 2024-10-02 00:00:00+00:00
[2024-10-08 17:22:00,870] {standard_task_runner.py:52} INFO - Started process 39475 to run task
[2024-10-08 17:22:00,876] {standard_task_runner.py:79} INFO - Running: ['airflow', 'tasks', 'run', 'get_stocks_dag', 'MSFT', 'scheduled__2024-10-02T00:00:00+00:00', '--job-id', '183', '--raw', '--subdir', 'DAGS_FOLDER/get_stocks.py', '--cfg-path', '/tmp/tmphab9_23y', '--error-file', '/tmp/tmps6kzmtof']
[2024-10-08 17:22:00,878] {standard_task_runner.py:80} INFO - Job 183: Subtask MSFT
[2024-10-08 17:22:01,553] {task_command.py:370} INFO - Running <TaskInstance: get_stocks_dag.MSFT scheduled__2024-10-02T00:00:00+00:00 [running]> on host ken
[2024-10-08 17:22:03,274] {taskinstance.py:1569} INFO - Exporting the following env vars:
AIRFLOW_CTX_DAG_OWNER=airflow
AIRFLOW_CTX_DAG_ID=get_stocks_dag
AIRFLOW_CTX_TASK_ID=MSFT
AIRFLOW_CTX_EXECUTION_DATE=2024-10-02T00:00:00+00:00
AIRFLOW_CTX_TRY_NUMBER=1
AIRFLOW_CTX_DAG_RUN_ID=scheduled__2024-10-02T00:00:00+00:00
[2024-10-08 17:22:04,079] {python.py:173} INFO - Done. Returned value was: None
[2024-10-08 17:22:04,084] {taskinstance.py:1395} INFO - Marking task as SUCCESS. dag_id=get_stocks_dag, task_id=MSFT, execution_date=20241002T000000, start_date=20241008T202159, end_date=20241008T202204
[2024-10-08 17:22:05,384] {local_task_job.py:156} INFO - Task exited with return code 0
[2024-10-08 17:22:05,416] {local_task_job.py:273} INFO - 0 downstream tasks scheduled from follow-on schedule check
[2024-10-08 23:21:56,527] {taskinstance.py:1159} INFO - Dependencies all met for <TaskInstance: get_stocks_dag.MSFT scheduled__2024-10-02T00:00:00+00:00 [queued]>
[2024-10-08 23:21:56,560] {taskinstance.py:1159} INFO - Dependencies all met for <TaskInstance: get_stocks_dag.MSFT scheduled__2024-10-02T00:00:00+00:00 [queued]>
[2024-10-08 23:21:56,564] {taskinstance.py:1356} INFO - 
--------------------------------------------------------------------------------
[2024-10-08 23:21:56,565] {taskinstance.py:1357} INFO - Starting attempt 1 of 1
[2024-10-08 23:21:56,565] {taskinstance.py:1358} INFO - 
--------------------------------------------------------------------------------
[2024-10-08 23:21:56,685] {taskinstance.py:1377} INFO - Executing <Task(_PythonDecoratedOperator): MSFT> on 2024-10-02 00:00:00+00:00
[2024-10-08 23:21:56,736] {standard_task_runner.py:52} INFO - Started process 23046 to run task
[2024-10-08 23:21:56,756] {standard_task_runner.py:79} INFO - Running: ['airflow', 'tasks', 'run', 'get_stocks_dag', 'MSFT', 'scheduled__2024-10-02T00:00:00+00:00', '--job-id', '48', '--raw', '--subdir', 'DAGS_FOLDER/get_stocks.py', '--cfg-path', '/tmp/tmp6wbc7r0z', '--error-file', '/tmp/tmpc43izf74']
[2024-10-08 23:21:56,763] {standard_task_runner.py:80} INFO - Job 48: Subtask MSFT
[2024-10-08 23:21:57,296] {task_command.py:370} INFO - Running <TaskInstance: get_stocks_dag.MSFT scheduled__2024-10-02T00:00:00+00:00 [running]> on host ken
[2024-10-08 23:21:57,860] {taskinstance.py:1569} INFO - Exporting the following env vars:
AIRFLOW_CTX_DAG_OWNER=airflow
AIRFLOW_CTX_DAG_ID=get_stocks_dag
AIRFLOW_CTX_TASK_ID=MSFT
AIRFLOW_CTX_EXECUTION_DATE=2024-10-02T00:00:00+00:00
AIRFLOW_CTX_TRY_NUMBER=1
AIRFLOW_CTX_DAG_RUN_ID=scheduled__2024-10-02T00:00:00+00:00
[2024-10-08 23:21:59,120] {python.py:173} INFO - Done. Returned value was: None
[2024-10-08 23:21:59,171] {taskinstance.py:1395} INFO - Marking task as SUCCESS. dag_id=get_stocks_dag, task_id=MSFT, execution_date=20241002T000000, start_date=20241009T022156, end_date=20241009T022159
[2024-10-08 23:21:59,574] {local_task_job.py:156} INFO - Task exited with return code 0
[2024-10-08 23:22:00,279] {local_task_job.py:273} INFO - 0 downstream tasks scheduled from follow-on schedule check
[2024-10-09 01:01:29,222] {taskinstance.py:1159} INFO - Dependencies all met for <TaskInstance: get_stocks_dag.MSFT scheduled__2024-10-02T00:00:00+00:00 [queued]>
[2024-10-09 01:01:29,264] {taskinstance.py:1159} INFO - Dependencies all met for <TaskInstance: get_stocks_dag.MSFT scheduled__2024-10-02T00:00:00+00:00 [queued]>
[2024-10-09 01:01:29,264] {taskinstance.py:1356} INFO - 
--------------------------------------------------------------------------------
[2024-10-09 01:01:29,264] {taskinstance.py:1357} INFO - Starting attempt 1 of 1
[2024-10-09 01:01:29,264] {taskinstance.py:1358} INFO - 
--------------------------------------------------------------------------------
[2024-10-09 01:01:29,346] {taskinstance.py:1377} INFO - Executing <Task(_PythonDecoratedOperator): MSFT> on 2024-10-02 00:00:00+00:00
[2024-10-09 01:01:29,354] {standard_task_runner.py:52} INFO - Started process 42976 to run task
[2024-10-09 01:01:29,359] {standard_task_runner.py:79} INFO - Running: ['airflow', 'tasks', 'run', 'get_stocks_dag', 'MSFT', 'scheduled__2024-10-02T00:00:00+00:00', '--job-id', '115', '--raw', '--subdir', 'DAGS_FOLDER/get_stocks.py', '--cfg-path', '/tmp/tmp_lgt91yp', '--error-file', '/tmp/tmp0fkf5bwg']
[2024-10-09 01:01:29,361] {standard_task_runner.py:80} INFO - Job 115: Subtask MSFT
[2024-10-09 01:01:29,623] {task_command.py:370} INFO - Running <TaskInstance: get_stocks_dag.MSFT scheduled__2024-10-02T00:00:00+00:00 [running]> on host ken
[2024-10-09 01:01:29,843] {taskinstance.py:1569} INFO - Exporting the following env vars:
AIRFLOW_CTX_DAG_OWNER=airflow
AIRFLOW_CTX_DAG_ID=get_stocks_dag
AIRFLOW_CTX_TASK_ID=MSFT
AIRFLOW_CTX_EXECUTION_DATE=2024-10-02T00:00:00+00:00
AIRFLOW_CTX_TRY_NUMBER=1
AIRFLOW_CTX_DAG_RUN_ID=scheduled__2024-10-02T00:00:00+00:00
[2024-10-09 01:01:32,983] {history.py:244} ERROR - $MSFT: possibly delisted; no price data found  (1h 2024-10-01 -> 2024-10-02)
[2024-10-09 01:01:32,990] {python.py:173} INFO - Done. Returned value was: None
[2024-10-09 01:01:33,032] {taskinstance.py:1395} INFO - Marking task as SUCCESS. dag_id=get_stocks_dag, task_id=MSFT, execution_date=20241002T000000, start_date=20241009T040129, end_date=20241009T040133
[2024-10-09 01:01:33,066] {local_task_job.py:156} INFO - Task exited with return code 0
[2024-10-09 01:01:33,126] {local_task_job.py:273} INFO - 0 downstream tasks scheduled from follow-on schedule check
[2024-10-09 09:34:47,795] {taskinstance.py:1159} INFO - Dependencies all met for <TaskInstance: get_stocks_dag.MSFT scheduled__2024-10-02T00:00:00+00:00 [queued]>
[2024-10-09 09:34:47,814] {taskinstance.py:1159} INFO - Dependencies all met for <TaskInstance: get_stocks_dag.MSFT scheduled__2024-10-02T00:00:00+00:00 [queued]>
[2024-10-09 09:34:47,814] {taskinstance.py:1356} INFO - 
--------------------------------------------------------------------------------
[2024-10-09 09:34:47,814] {taskinstance.py:1357} INFO - Starting attempt 1 of 1
[2024-10-09 09:34:47,814] {taskinstance.py:1358} INFO - 
--------------------------------------------------------------------------------
[2024-10-09 09:34:47,845] {taskinstance.py:1377} INFO - Executing <Task(_PythonDecoratedOperator): MSFT> on 2024-10-02 00:00:00+00:00
[2024-10-09 09:34:47,852] {standard_task_runner.py:52} INFO - Started process 16081 to run task
[2024-10-09 09:34:47,859] {standard_task_runner.py:79} INFO - Running: ['airflow', 'tasks', 'run', 'get_stocks_dag', 'MSFT', 'scheduled__2024-10-02T00:00:00+00:00', '--job-id', '179', '--raw', '--subdir', 'DAGS_FOLDER/get_stocks.py', '--cfg-path', '/tmp/tmptivz1fsv', '--error-file', '/tmp/tmp6kqk_e1a']
[2024-10-09 09:34:47,861] {standard_task_runner.py:80} INFO - Job 179: Subtask MSFT
[2024-10-09 09:34:48,210] {task_command.py:370} INFO - Running <TaskInstance: get_stocks_dag.MSFT scheduled__2024-10-02T00:00:00+00:00 [running]> on host ken
[2024-10-09 09:34:48,363] {taskinstance.py:1569} INFO - Exporting the following env vars:
AIRFLOW_CTX_DAG_OWNER=airflow
AIRFLOW_CTX_DAG_ID=get_stocks_dag
AIRFLOW_CTX_TASK_ID=MSFT
AIRFLOW_CTX_EXECUTION_DATE=2024-10-02T00:00:00+00:00
AIRFLOW_CTX_TRY_NUMBER=1
AIRFLOW_CTX_DAG_RUN_ID=scheduled__2024-10-02T00:00:00+00:00
[2024-10-09 09:34:49,240] {python.py:173} INFO - Done. Returned value was: None
[2024-10-09 09:34:49,292] {taskinstance.py:1395} INFO - Marking task as SUCCESS. dag_id=get_stocks_dag, task_id=MSFT, execution_date=20241002T000000, start_date=20241009T123447, end_date=20241009T123449
[2024-10-09 09:34:49,358] {local_task_job.py:156} INFO - Task exited with return code 0
[2024-10-09 09:34:49,445] {local_task_job.py:273} INFO - 0 downstream tasks scheduled from follow-on schedule check
[2024-10-09 09:44:27,741] {taskinstance.py:1159} INFO - Dependencies all met for <TaskInstance: get_stocks_dag.MSFT scheduled__2024-10-02T00:00:00+00:00 [queued]>
[2024-10-09 09:44:27,754] {taskinstance.py:1159} INFO - Dependencies all met for <TaskInstance: get_stocks_dag.MSFT scheduled__2024-10-02T00:00:00+00:00 [queued]>
[2024-10-09 09:44:27,754] {taskinstance.py:1356} INFO - 
--------------------------------------------------------------------------------
[2024-10-09 09:44:27,754] {taskinstance.py:1357} INFO - Starting attempt 1 of 1
[2024-10-09 09:44:27,754] {taskinstance.py:1358} INFO - 
--------------------------------------------------------------------------------
[2024-10-09 09:44:27,787] {taskinstance.py:1377} INFO - Executing <Task(_PythonDecoratedOperator): MSFT> on 2024-10-02 00:00:00+00:00
[2024-10-09 09:44:27,793] {standard_task_runner.py:52} INFO - Started process 24220 to run task
[2024-10-09 09:44:27,796] {standard_task_runner.py:79} INFO - Running: ['airflow', 'tasks', 'run', 'get_stocks_dag', 'MSFT', 'scheduled__2024-10-02T00:00:00+00:00', '--job-id', '243', '--raw', '--subdir', 'DAGS_FOLDER/get_stocks.py', '--cfg-path', '/tmp/tmpsmfs0muq', '--error-file', '/tmp/tmpyx45zue1']
[2024-10-09 09:44:27,797] {standard_task_runner.py:80} INFO - Job 243: Subtask MSFT
[2024-10-09 09:44:28,151] {task_command.py:370} INFO - Running <TaskInstance: get_stocks_dag.MSFT scheduled__2024-10-02T00:00:00+00:00 [running]> on host ken
[2024-10-09 09:44:28,451] {taskinstance.py:1569} INFO - Exporting the following env vars:
AIRFLOW_CTX_DAG_OWNER=airflow
AIRFLOW_CTX_DAG_ID=get_stocks_dag
AIRFLOW_CTX_TASK_ID=MSFT
AIRFLOW_CTX_EXECUTION_DATE=2024-10-02T00:00:00+00:00
AIRFLOW_CTX_TRY_NUMBER=1
AIRFLOW_CTX_DAG_RUN_ID=scheduled__2024-10-02T00:00:00+00:00
[2024-10-09 09:44:29,204] {python.py:173} INFO - Done. Returned value was: None
[2024-10-09 09:44:29,223] {taskinstance.py:1395} INFO - Marking task as SUCCESS. dag_id=get_stocks_dag, task_id=MSFT, execution_date=20241002T000000, start_date=20241009T124427, end_date=20241009T124429
[2024-10-09 09:44:29,979] {local_task_job.py:156} INFO - Task exited with return code 0
[2024-10-09 09:44:30,265] {local_task_job.py:273} INFO - 0 downstream tasks scheduled from follow-on schedule check
[2024-10-09 09:48:25,306] {taskinstance.py:1159} INFO - Dependencies all met for <TaskInstance: get_stocks_dag.MSFT scheduled__2024-10-02T00:00:00+00:00 [queued]>
[2024-10-09 09:48:25,415] {taskinstance.py:1159} INFO - Dependencies all met for <TaskInstance: get_stocks_dag.MSFT scheduled__2024-10-02T00:00:00+00:00 [queued]>
[2024-10-09 09:48:25,416] {taskinstance.py:1356} INFO - 
--------------------------------------------------------------------------------
[2024-10-09 09:48:25,416] {taskinstance.py:1357} INFO - Starting attempt 1 of 1
[2024-10-09 09:48:25,416] {taskinstance.py:1358} INFO - 
--------------------------------------------------------------------------------
[2024-10-09 09:48:25,593] {taskinstance.py:1377} INFO - Executing <Task(_PythonDecoratedOperator): MSFT> on 2024-10-02 00:00:00+00:00
[2024-10-09 09:48:25,603] {standard_task_runner.py:52} INFO - Started process 30484 to run task
[2024-10-09 09:48:25,609] {standard_task_runner.py:79} INFO - Running: ['airflow', 'tasks', 'run', 'get_stocks_dag', 'MSFT', 'scheduled__2024-10-02T00:00:00+00:00', '--job-id', '306', '--raw', '--subdir', 'DAGS_FOLDER/get_stocks.py', '--cfg-path', '/tmp/tmp6z3cwus7', '--error-file', '/tmp/tmpaypf3al8']
[2024-10-09 09:48:25,612] {standard_task_runner.py:80} INFO - Job 306: Subtask MSFT
[2024-10-09 09:48:25,868] {task_command.py:370} INFO - Running <TaskInstance: get_stocks_dag.MSFT scheduled__2024-10-02T00:00:00+00:00 [running]> on host ken
[2024-10-09 09:48:26,622] {taskinstance.py:1569} INFO - Exporting the following env vars:
AIRFLOW_CTX_DAG_OWNER=airflow
AIRFLOW_CTX_DAG_ID=get_stocks_dag
AIRFLOW_CTX_TASK_ID=MSFT
AIRFLOW_CTX_EXECUTION_DATE=2024-10-02T00:00:00+00:00
AIRFLOW_CTX_TRY_NUMBER=1
AIRFLOW_CTX_DAG_RUN_ID=scheduled__2024-10-02T00:00:00+00:00
[2024-10-09 09:48:27,062] {python.py:173} INFO - Done. Returned value was: None
[2024-10-09 09:48:27,088] {taskinstance.py:1395} INFO - Marking task as SUCCESS. dag_id=get_stocks_dag, task_id=MSFT, execution_date=20241002T000000, start_date=20241009T124825, end_date=20241009T124827
[2024-10-09 09:48:27,189] {local_task_job.py:156} INFO - Task exited with return code 0
[2024-10-09 09:48:27,546] {local_task_job.py:273} INFO - 0 downstream tasks scheduled from follow-on schedule check
[2024-10-09 10:43:15,902] {taskinstance.py:1159} INFO - Dependencies all met for <TaskInstance: get_stocks_dag.MSFT scheduled__2024-10-02T00:00:00+00:00 [queued]>
[2024-10-09 10:43:15,966] {taskinstance.py:1159} INFO - Dependencies all met for <TaskInstance: get_stocks_dag.MSFT scheduled__2024-10-02T00:00:00+00:00 [queued]>
[2024-10-09 10:43:15,966] {taskinstance.py:1356} INFO - 
--------------------------------------------------------------------------------
[2024-10-09 10:43:15,967] {taskinstance.py:1357} INFO - Starting attempt 1 of 1
[2024-10-09 10:43:15,967] {taskinstance.py:1358} INFO - 
--------------------------------------------------------------------------------
[2024-10-09 10:43:16,060] {taskinstance.py:1377} INFO - Executing <Task(_PythonDecoratedOperator): MSFT> on 2024-10-02 00:00:00+00:00
[2024-10-09 10:43:16,076] {standard_task_runner.py:52} INFO - Started process 71399 to run task
[2024-10-09 10:43:16,082] {standard_task_runner.py:79} INFO - Running: ['airflow', 'tasks', 'run', 'get_stocks_dag', 'MSFT', 'scheduled__2024-10-02T00:00:00+00:00', '--job-id', '461', '--raw', '--subdir', 'DAGS_FOLDER/get_stocks.py', '--cfg-path', '/tmp/tmplbnoc7t4', '--error-file', '/tmp/tmpenbs8lwb']
[2024-10-09 10:43:16,084] {standard_task_runner.py:80} INFO - Job 461: Subtask MSFT
[2024-10-09 10:43:16,532] {task_command.py:370} INFO - Running <TaskInstance: get_stocks_dag.MSFT scheduled__2024-10-02T00:00:00+00:00 [running]> on host ken
[2024-10-09 10:43:17,090] {taskinstance.py:1569} INFO - Exporting the following env vars:
AIRFLOW_CTX_DAG_OWNER=airflow
AIRFLOW_CTX_DAG_ID=get_stocks_dag
AIRFLOW_CTX_TASK_ID=MSFT
AIRFLOW_CTX_EXECUTION_DATE=2024-10-02T00:00:00+00:00
AIRFLOW_CTX_TRY_NUMBER=1
AIRFLOW_CTX_DAG_RUN_ID=scheduled__2024-10-02T00:00:00+00:00
[2024-10-09 10:43:27,628] {python.py:173} INFO - Done. Returned value was: None
[2024-10-09 10:43:27,674] {taskinstance.py:1395} INFO - Marking task as SUCCESS. dag_id=get_stocks_dag, task_id=MSFT, execution_date=20241002T000000, start_date=20241009T134315, end_date=20241009T134327
[2024-10-09 10:43:28,590] {local_task_job.py:156} INFO - Task exited with return code 0
[2024-10-09 10:43:29,231] {local_task_job.py:273} INFO - 0 downstream tasks scheduled from follow-on schedule check
