[2024-10-09 10:39:11,302] {taskinstance.py:1159} INFO - Dependencies all met for <TaskInstance: get_crypto_dag.BTC scheduled__2024-09-27T00:00:00+00:00 [queued]>
[2024-10-09 10:39:11,317] {taskinstance.py:1159} INFO - Dependencies all met for <TaskInstance: get_crypto_dag.BTC scheduled__2024-09-27T00:00:00+00:00 [queued]>
[2024-10-09 10:39:11,317] {taskinstance.py:1356} INFO - 
--------------------------------------------------------------------------------
[2024-10-09 10:39:11,317] {taskinstance.py:1357} INFO - Starting attempt 1 of 1
[2024-10-09 10:39:11,317] {taskinstance.py:1358} INFO - 
--------------------------------------------------------------------------------
[2024-10-09 10:39:11,433] {taskinstance.py:1377} INFO - Executing <Task(_PythonDecoratedOperator): BTC> on 2024-09-27 00:00:00+00:00
[2024-10-09 10:39:11,442] {standard_task_runner.py:52} INFO - Started process 65479 to run task
[2024-10-09 10:39:11,447] {standard_task_runner.py:79} INFO - Running: ['airflow', 'tasks', 'run', 'get_crypto_dag', 'BTC', 'scheduled__2024-09-27T00:00:00+00:00', '--job-id', '429', '--raw', '--subdir', 'DAGS_FOLDER/get_crypto.py', '--cfg-path', '/tmp/tmpz0_i2o6j', '--error-file', '/tmp/tmp5240t8b3']
[2024-10-09 10:39:11,448] {standard_task_runner.py:80} INFO - Job 429: Subtask BTC
[2024-10-09 10:39:11,768] {task_command.py:370} INFO - Running <TaskInstance: get_crypto_dag.BTC scheduled__2024-09-27T00:00:00+00:00 [running]> on host ken
[2024-10-09 10:39:11,949] {taskinstance.py:1569} INFO - Exporting the following env vars:
AIRFLOW_CTX_DAG_OWNER=airflow
AIRFLOW_CTX_DAG_ID=get_crypto_dag
AIRFLOW_CTX_TASK_ID=BTC
AIRFLOW_CTX_EXECUTION_DATE=2024-09-27T00:00:00+00:00
AIRFLOW_CTX_TRY_NUMBER=1
AIRFLOW_CTX_DAG_RUN_ID=scheduled__2024-09-27T00:00:00+00:00
[2024-10-09 10:39:22,631] {python.py:173} INFO - Done. Returned value was: None
[2024-10-09 10:39:22,661] {taskinstance.py:1395} INFO - Marking task as SUCCESS. dag_id=get_crypto_dag, task_id=BTC, execution_date=20240927T000000, start_date=20241009T133911, end_date=20241009T133922
[2024-10-09 10:39:22,734] {local_task_job.py:156} INFO - Task exited with return code 0
[2024-10-09 10:39:23,919] {local_task_job.py:273} INFO - 0 downstream tasks scheduled from follow-on schedule check
