[2024-10-09 10:43:47,244] {taskinstance.py:1159} INFO - Dependencies all met for <TaskInstance: get_crypto_dag.DOGE scheduled__2024-10-02T00:00:00+00:00 [queued]>
[2024-10-09 10:43:47,265] {taskinstance.py:1159} INFO - Dependencies all met for <TaskInstance: get_crypto_dag.DOGE scheduled__2024-10-02T00:00:00+00:00 [queued]>
[2024-10-09 10:43:47,265] {taskinstance.py:1356} INFO - 
--------------------------------------------------------------------------------
[2024-10-09 10:43:47,266] {taskinstance.py:1357} INFO - Starting attempt 1 of 1
[2024-10-09 10:43:47,266] {taskinstance.py:1358} INFO - 
--------------------------------------------------------------------------------
[2024-10-09 10:43:47,954] {taskinstance.py:1377} INFO - Executing <Task(_PythonDecoratedOperator): DOGE> on 2024-10-02 00:00:00+00:00
[2024-10-09 10:43:47,964] {standard_task_runner.py:52} INFO - Started process 72291 to run task
[2024-10-09 10:43:47,971] {standard_task_runner.py:79} INFO - Running: ['airflow', 'tasks', 'run', 'get_crypto_dag', 'DOGE', 'scheduled__2024-10-02T00:00:00+00:00', '--job-id', '465', '--raw', '--subdir', 'DAGS_FOLDER/get_crypto.py', '--cfg-path', '/tmp/tmpkv8g5pf6', '--error-file', '/tmp/tmp7aburfbr']
[2024-10-09 10:43:47,973] {standard_task_runner.py:80} INFO - Job 465: Subtask DOGE
[2024-10-09 10:43:48,488] {task_command.py:370} INFO - Running <TaskInstance: get_crypto_dag.DOGE scheduled__2024-10-02T00:00:00+00:00 [running]> on host ken
[2024-10-09 10:43:48,738] {taskinstance.py:1569} INFO - Exporting the following env vars:
AIRFLOW_CTX_DAG_OWNER=airflow
AIRFLOW_CTX_DAG_ID=get_crypto_dag
AIRFLOW_CTX_TASK_ID=DOGE
AIRFLOW_CTX_EXECUTION_DATE=2024-10-02T00:00:00+00:00
AIRFLOW_CTX_TRY_NUMBER=1
AIRFLOW_CTX_DAG_RUN_ID=scheduled__2024-10-02T00:00:00+00:00
[2024-10-09 10:43:52,027] {history.py:122} ERROR - $DOGE: possibly delisted; no timezone found
[2024-10-09 10:44:02,043] {python.py:173} INFO - Done. Returned value was: None
[2024-10-09 10:44:02,105] {taskinstance.py:1395} INFO - Marking task as SUCCESS. dag_id=get_crypto_dag, task_id=DOGE, execution_date=20241002T000000, start_date=20241009T134347, end_date=20241009T134402
[2024-10-09 10:44:02,559] {local_task_job.py:156} INFO - Task exited with return code 0
[2024-10-09 10:44:02,704] {local_task_job.py:273} INFO - 0 downstream tasks scheduled from follow-on schedule check
