[2024-10-09 10:44:36,415] {taskinstance.py:1159} INFO - Dependencies all met for <TaskInstance: get_crypto_dag.DOGE scheduled__2024-10-03T00:00:00+00:00 [queued]>
[2024-10-09 10:44:36,437] {taskinstance.py:1159} INFO - Dependencies all met for <TaskInstance: get_crypto_dag.DOGE scheduled__2024-10-03T00:00:00+00:00 [queued]>
[2024-10-09 10:44:36,437] {taskinstance.py:1356} INFO - 
--------------------------------------------------------------------------------
[2024-10-09 10:44:36,437] {taskinstance.py:1357} INFO - Starting attempt 1 of 1
[2024-10-09 10:44:36,437] {taskinstance.py:1358} INFO - 
--------------------------------------------------------------------------------
[2024-10-09 10:44:36,548] {taskinstance.py:1377} INFO - Executing <Task(_PythonDecoratedOperator): DOGE> on 2024-10-03 00:00:00+00:00
[2024-10-09 10:44:36,565] {standard_task_runner.py:52} INFO - Started process 73509 to run task
[2024-10-09 10:44:36,576] {standard_task_runner.py:79} INFO - Running: ['airflow', 'tasks', 'run', 'get_crypto_dag', 'DOGE', 'scheduled__2024-10-03T00:00:00+00:00', '--job-id', '471', '--raw', '--subdir', 'DAGS_FOLDER/get_crypto.py', '--cfg-path', '/tmp/tmpjdsrchx1', '--error-file', '/tmp/tmpsa26lecs']
[2024-10-09 10:44:36,578] {standard_task_runner.py:80} INFO - Job 471: Subtask DOGE
[2024-10-09 10:44:36,974] {task_command.py:370} INFO - Running <TaskInstance: get_crypto_dag.DOGE scheduled__2024-10-03T00:00:00+00:00 [running]> on host ken
[2024-10-09 10:44:37,850] {taskinstance.py:1569} INFO - Exporting the following env vars:
AIRFLOW_CTX_DAG_OWNER=airflow
AIRFLOW_CTX_DAG_ID=get_crypto_dag
AIRFLOW_CTX_TASK_ID=DOGE
AIRFLOW_CTX_EXECUTION_DATE=2024-10-03T00:00:00+00:00
AIRFLOW_CTX_TRY_NUMBER=1
AIRFLOW_CTX_DAG_RUN_ID=scheduled__2024-10-03T00:00:00+00:00
[2024-10-09 10:44:41,501] {history.py:122} ERROR - $DOGE: possibly delisted; no timezone found
[2024-10-09 10:44:51,521] {python.py:173} INFO - Done. Returned value was: None
[2024-10-09 10:44:51,585] {taskinstance.py:1395} INFO - Marking task as SUCCESS. dag_id=get_crypto_dag, task_id=DOGE, execution_date=20241003T000000, start_date=20241009T134436, end_date=20241009T134451
[2024-10-09 10:44:51,727] {local_task_job.py:156} INFO - Task exited with return code 0
[2024-10-09 10:44:52,295] {local_task_job.py:273} INFO - 0 downstream tasks scheduled from follow-on schedule check
