[2024-10-08 17:22:29,823] {taskinstance.py:1159} INFO - Dependencies all met for <TaskInstance: get_stocks_dag.AAPL scheduled__2024-10-03T00:00:00+00:00 [queued]>
[2024-10-08 17:22:29,829] {taskinstance.py:1159} INFO - Dependencies all met for <TaskInstance: get_stocks_dag.AAPL scheduled__2024-10-03T00:00:00+00:00 [queued]>
[2024-10-08 17:22:29,829] {taskinstance.py:1356} INFO - 
--------------------------------------------------------------------------------
[2024-10-08 17:22:29,829] {taskinstance.py:1357} INFO - Starting attempt 1 of 1
[2024-10-08 17:22:29,829] {taskinstance.py:1358} INFO - 
--------------------------------------------------------------------------------
[2024-10-08 17:22:29,920] {taskinstance.py:1377} INFO - Executing <Task(_PythonDecoratedOperator): AAPL> on 2024-10-03 00:00:00+00:00
[2024-10-08 17:22:29,931] {standard_task_runner.py:52} INFO - Started process 39844 to run task
[2024-10-08 17:22:29,938] {standard_task_runner.py:79} INFO - Running: ['airflow', 'tasks', 'run', 'get_stocks_dag', 'AAPL', 'scheduled__2024-10-03T00:00:00+00:00', '--job-id', '186', '--raw', '--subdir', 'DAGS_FOLDER/get_stocks.py', '--cfg-path', '/tmp/tmp62yw1761', '--error-file', '/tmp/tmpmpeghxra']
[2024-10-08 17:22:29,940] {standard_task_runner.py:80} INFO - Job 186: Subtask AAPL
[2024-10-08 17:22:30,096] {task_command.py:370} INFO - Running <TaskInstance: get_stocks_dag.AAPL scheduled__2024-10-03T00:00:00+00:00 [running]> on host ken
[2024-10-08 17:22:30,381] {taskinstance.py:1569} INFO - Exporting the following env vars:
AIRFLOW_CTX_DAG_OWNER=airflow
AIRFLOW_CTX_DAG_ID=get_stocks_dag
AIRFLOW_CTX_TASK_ID=AAPL
AIRFLOW_CTX_EXECUTION_DATE=2024-10-03T00:00:00+00:00
AIRFLOW_CTX_TRY_NUMBER=1
AIRFLOW_CTX_DAG_RUN_ID=scheduled__2024-10-03T00:00:00+00:00
[2024-10-08 17:22:31,124] {python.py:173} INFO - Done. Returned value was: None
[2024-10-08 17:22:31,129] {taskinstance.py:1395} INFO - Marking task as SUCCESS. dag_id=get_stocks_dag, task_id=AAPL, execution_date=20241003T000000, start_date=20241008T202229, end_date=20241008T202231
[2024-10-08 17:22:31,275] {local_task_job.py:156} INFO - Task exited with return code 0
[2024-10-08 17:22:31,310] {local_task_job.py:273} INFO - 0 downstream tasks scheduled from follow-on schedule check
[2024-10-08 23:21:57,547] {taskinstance.py:1159} INFO - Dependencies all met for <TaskInstance: get_stocks_dag.AAPL scheduled__2024-10-03T00:00:00+00:00 [queued]>
[2024-10-08 23:21:57,629] {taskinstance.py:1159} INFO - Dependencies all met for <TaskInstance: get_stocks_dag.AAPL scheduled__2024-10-03T00:00:00+00:00 [queued]>
[2024-10-08 23:21:57,629] {taskinstance.py:1356} INFO - 
--------------------------------------------------------------------------------
[2024-10-08 23:21:57,629] {taskinstance.py:1357} INFO - Starting attempt 1 of 1
[2024-10-08 23:21:57,629] {taskinstance.py:1358} INFO - 
--------------------------------------------------------------------------------
[2024-10-08 23:21:57,703] {taskinstance.py:1377} INFO - Executing <Task(_PythonDecoratedOperator): AAPL> on 2024-10-03 00:00:00+00:00
[2024-10-08 23:21:57,715] {standard_task_runner.py:52} INFO - Started process 23168 to run task
[2024-10-08 23:21:57,753] {standard_task_runner.py:79} INFO - Running: ['airflow', 'tasks', 'run', 'get_stocks_dag', 'AAPL', 'scheduled__2024-10-03T00:00:00+00:00', '--job-id', '51', '--raw', '--subdir', 'DAGS_FOLDER/get_stocks.py', '--cfg-path', '/tmp/tmp4cd3fcnb', '--error-file', '/tmp/tmpzu4jfukn']
[2024-10-08 23:21:57,762] {standard_task_runner.py:80} INFO - Job 51: Subtask AAPL
[2024-10-08 23:21:58,088] {task_command.py:370} INFO - Running <TaskInstance: get_stocks_dag.AAPL scheduled__2024-10-03T00:00:00+00:00 [running]> on host ken
[2024-10-08 23:21:58,494] {taskinstance.py:1569} INFO - Exporting the following env vars:
AIRFLOW_CTX_DAG_OWNER=airflow
AIRFLOW_CTX_DAG_ID=get_stocks_dag
AIRFLOW_CTX_TASK_ID=AAPL
AIRFLOW_CTX_EXECUTION_DATE=2024-10-03T00:00:00+00:00
AIRFLOW_CTX_TRY_NUMBER=1
AIRFLOW_CTX_DAG_RUN_ID=scheduled__2024-10-03T00:00:00+00:00
[2024-10-08 23:21:59,995] {python.py:173} INFO - Done. Returned value was: None
[2024-10-08 23:22:00,043] {taskinstance.py:1395} INFO - Marking task as SUCCESS. dag_id=get_stocks_dag, task_id=AAPL, execution_date=20241003T000000, start_date=20241009T022157, end_date=20241009T022200
[2024-10-08 23:22:00,161] {local_task_job.py:156} INFO - Task exited with return code 0
[2024-10-08 23:22:00,398] {local_task_job.py:273} INFO - 0 downstream tasks scheduled from follow-on schedule check
[2024-10-09 01:01:41,196] {taskinstance.py:1159} INFO - Dependencies all met for <TaskInstance: get_stocks_dag.AAPL scheduled__2024-10-03T00:00:00+00:00 [queued]>
[2024-10-09 01:01:41,335] {taskinstance.py:1159} INFO - Dependencies all met for <TaskInstance: get_stocks_dag.AAPL scheduled__2024-10-03T00:00:00+00:00 [queued]>
[2024-10-09 01:01:41,335] {taskinstance.py:1356} INFO - 
--------------------------------------------------------------------------------
[2024-10-09 01:01:41,335] {taskinstance.py:1357} INFO - Starting attempt 1 of 1
[2024-10-09 01:01:41,335] {taskinstance.py:1358} INFO - 
--------------------------------------------------------------------------------
[2024-10-09 01:01:41,508] {taskinstance.py:1377} INFO - Executing <Task(_PythonDecoratedOperator): AAPL> on 2024-10-03 00:00:00+00:00
[2024-10-09 01:01:41,522] {standard_task_runner.py:52} INFO - Started process 43348 to run task
[2024-10-09 01:01:41,531] {standard_task_runner.py:79} INFO - Running: ['airflow', 'tasks', 'run', 'get_stocks_dag', 'AAPL', 'scheduled__2024-10-03T00:00:00+00:00', '--job-id', '117', '--raw', '--subdir', 'DAGS_FOLDER/get_stocks.py', '--cfg-path', '/tmp/tmpff4ckvrq', '--error-file', '/tmp/tmpre7v0z3x']
[2024-10-09 01:01:41,532] {standard_task_runner.py:80} INFO - Job 117: Subtask AAPL
[2024-10-09 01:01:41,636] {task_command.py:370} INFO - Running <TaskInstance: get_stocks_dag.AAPL scheduled__2024-10-03T00:00:00+00:00 [running]> on host ken
[2024-10-09 01:01:41,811] {taskinstance.py:1569} INFO - Exporting the following env vars:
AIRFLOW_CTX_DAG_OWNER=airflow
AIRFLOW_CTX_DAG_ID=get_stocks_dag
AIRFLOW_CTX_TASK_ID=AAPL
AIRFLOW_CTX_EXECUTION_DATE=2024-10-03T00:00:00+00:00
AIRFLOW_CTX_TRY_NUMBER=1
AIRFLOW_CTX_DAG_RUN_ID=scheduled__2024-10-03T00:00:00+00:00
[2024-10-09 01:01:42,414] {python.py:173} INFO - Done. Returned value was: None
[2024-10-09 01:01:42,433] {taskinstance.py:1395} INFO - Marking task as SUCCESS. dag_id=get_stocks_dag, task_id=AAPL, execution_date=20241003T000000, start_date=20241009T040141, end_date=20241009T040142
[2024-10-09 01:01:42,746] {local_task_job.py:156} INFO - Task exited with return code 0
[2024-10-09 01:01:42,859] {local_task_job.py:273} INFO - 0 downstream tasks scheduled from follow-on schedule check
[2024-10-09 09:34:57,217] {taskinstance.py:1159} INFO - Dependencies all met for <TaskInstance: get_stocks_dag.AAPL scheduled__2024-10-03T00:00:00+00:00 [queued]>
[2024-10-09 09:34:57,226] {taskinstance.py:1159} INFO - Dependencies all met for <TaskInstance: get_stocks_dag.AAPL scheduled__2024-10-03T00:00:00+00:00 [queued]>
[2024-10-09 09:34:57,226] {taskinstance.py:1356} INFO - 
--------------------------------------------------------------------------------
[2024-10-09 09:34:57,226] {taskinstance.py:1357} INFO - Starting attempt 1 of 1
[2024-10-09 09:34:57,226] {taskinstance.py:1358} INFO - 
--------------------------------------------------------------------------------
[2024-10-09 09:34:57,259] {taskinstance.py:1377} INFO - Executing <Task(_PythonDecoratedOperator): AAPL> on 2024-10-03 00:00:00+00:00
[2024-10-09 09:34:57,268] {standard_task_runner.py:52} INFO - Started process 16373 to run task
[2024-10-09 09:34:57,272] {standard_task_runner.py:79} INFO - Running: ['airflow', 'tasks', 'run', 'get_stocks_dag', 'AAPL', 'scheduled__2024-10-03T00:00:00+00:00', '--job-id', '182', '--raw', '--subdir', 'DAGS_FOLDER/get_stocks.py', '--cfg-path', '/tmp/tmp91alo79w', '--error-file', '/tmp/tmpc9vdj4g3']
[2024-10-09 09:34:57,273] {standard_task_runner.py:80} INFO - Job 182: Subtask AAPL
[2024-10-09 09:34:57,594] {task_command.py:370} INFO - Running <TaskInstance: get_stocks_dag.AAPL scheduled__2024-10-03T00:00:00+00:00 [running]> on host ken
[2024-10-09 09:34:57,792] {taskinstance.py:1569} INFO - Exporting the following env vars:
AIRFLOW_CTX_DAG_OWNER=airflow
AIRFLOW_CTX_DAG_ID=get_stocks_dag
AIRFLOW_CTX_TASK_ID=AAPL
AIRFLOW_CTX_EXECUTION_DATE=2024-10-03T00:00:00+00:00
AIRFLOW_CTX_TRY_NUMBER=1
AIRFLOW_CTX_DAG_RUN_ID=scheduled__2024-10-03T00:00:00+00:00
[2024-10-09 09:34:58,191] {python.py:173} INFO - Done. Returned value was: None
[2024-10-09 09:34:58,221] {taskinstance.py:1395} INFO - Marking task as SUCCESS. dag_id=get_stocks_dag, task_id=AAPL, execution_date=20241003T000000, start_date=20241009T123457, end_date=20241009T123458
[2024-10-09 09:34:58,289] {local_task_job.py:156} INFO - Task exited with return code 0
[2024-10-09 09:34:58,367] {local_task_job.py:273} INFO - 0 downstream tasks scheduled from follow-on schedule check
[2024-10-09 09:44:31,219] {taskinstance.py:1159} INFO - Dependencies all met for <TaskInstance: get_stocks_dag.AAPL scheduled__2024-10-03T00:00:00+00:00 [queued]>
[2024-10-09 09:44:31,239] {taskinstance.py:1159} INFO - Dependencies all met for <TaskInstance: get_stocks_dag.AAPL scheduled__2024-10-03T00:00:00+00:00 [queued]>
[2024-10-09 09:44:31,240] {taskinstance.py:1356} INFO - 
--------------------------------------------------------------------------------
[2024-10-09 09:44:31,240] {taskinstance.py:1357} INFO - Starting attempt 1 of 1
[2024-10-09 09:44:31,240] {taskinstance.py:1358} INFO - 
--------------------------------------------------------------------------------
[2024-10-09 09:44:31,291] {taskinstance.py:1377} INFO - Executing <Task(_PythonDecoratedOperator): AAPL> on 2024-10-03 00:00:00+00:00
[2024-10-09 09:44:31,297] {standard_task_runner.py:52} INFO - Started process 24286 to run task
[2024-10-09 09:44:31,300] {standard_task_runner.py:79} INFO - Running: ['airflow', 'tasks', 'run', 'get_stocks_dag', 'AAPL', 'scheduled__2024-10-03T00:00:00+00:00', '--job-id', '246', '--raw', '--subdir', 'DAGS_FOLDER/get_stocks.py', '--cfg-path', '/tmp/tmphbycenrd', '--error-file', '/tmp/tmph6136e6o']
[2024-10-09 09:44:31,301] {standard_task_runner.py:80} INFO - Job 246: Subtask AAPL
[2024-10-09 09:44:31,905] {task_command.py:370} INFO - Running <TaskInstance: get_stocks_dag.AAPL scheduled__2024-10-03T00:00:00+00:00 [running]> on host ken
[2024-10-09 09:44:32,846] {taskinstance.py:1569} INFO - Exporting the following env vars:
AIRFLOW_CTX_DAG_OWNER=airflow
AIRFLOW_CTX_DAG_ID=get_stocks_dag
AIRFLOW_CTX_TASK_ID=AAPL
AIRFLOW_CTX_EXECUTION_DATE=2024-10-03T00:00:00+00:00
AIRFLOW_CTX_TRY_NUMBER=1
AIRFLOW_CTX_DAG_RUN_ID=scheduled__2024-10-03T00:00:00+00:00
[2024-10-09 09:44:36,291] {history.py:244} ERROR - $AAPL: possibly delisted; no price data found  (1h 2024-10-02 -> 2024-10-03)
[2024-10-09 09:44:36,298] {python.py:173} INFO - Done. Returned value was: None
[2024-10-09 09:44:36,385] {taskinstance.py:1395} INFO - Marking task as SUCCESS. dag_id=get_stocks_dag, task_id=AAPL, execution_date=20241003T000000, start_date=20241009T124431, end_date=20241009T124436
[2024-10-09 09:44:36,682] {local_task_job.py:156} INFO - Task exited with return code 0
[2024-10-09 09:44:37,503] {local_task_job.py:273} INFO - 0 downstream tasks scheduled from follow-on schedule check
[2024-10-09 09:48:37,816] {taskinstance.py:1159} INFO - Dependencies all met for <TaskInstance: get_stocks_dag.AAPL scheduled__2024-10-03T00:00:00+00:00 [queued]>
[2024-10-09 09:48:37,843] {taskinstance.py:1159} INFO - Dependencies all met for <TaskInstance: get_stocks_dag.AAPL scheduled__2024-10-03T00:00:00+00:00 [queued]>
[2024-10-09 09:48:37,843] {taskinstance.py:1356} INFO - 
--------------------------------------------------------------------------------
[2024-10-09 09:48:37,844] {taskinstance.py:1357} INFO - Starting attempt 1 of 1
[2024-10-09 09:48:37,844] {taskinstance.py:1358} INFO - 
--------------------------------------------------------------------------------
[2024-10-09 09:48:37,885] {taskinstance.py:1377} INFO - Executing <Task(_PythonDecoratedOperator): AAPL> on 2024-10-03 00:00:00+00:00
[2024-10-09 09:48:37,896] {standard_task_runner.py:52} INFO - Started process 30915 to run task
[2024-10-09 09:48:37,899] {standard_task_runner.py:79} INFO - Running: ['airflow', 'tasks', 'run', 'get_stocks_dag', 'AAPL', 'scheduled__2024-10-03T00:00:00+00:00', '--job-id', '310', '--raw', '--subdir', 'DAGS_FOLDER/get_stocks.py', '--cfg-path', '/tmp/tmpj287cbux', '--error-file', '/tmp/tmpwzy1se6c']
[2024-10-09 09:48:37,900] {standard_task_runner.py:80} INFO - Job 310: Subtask AAPL
[2024-10-09 09:48:38,267] {task_command.py:370} INFO - Running <TaskInstance: get_stocks_dag.AAPL scheduled__2024-10-03T00:00:00+00:00 [running]> on host ken
[2024-10-09 09:48:38,428] {taskinstance.py:1569} INFO - Exporting the following env vars:
AIRFLOW_CTX_DAG_OWNER=airflow
AIRFLOW_CTX_DAG_ID=get_stocks_dag
AIRFLOW_CTX_TASK_ID=AAPL
AIRFLOW_CTX_EXECUTION_DATE=2024-10-03T00:00:00+00:00
AIRFLOW_CTX_TRY_NUMBER=1
AIRFLOW_CTX_DAG_RUN_ID=scheduled__2024-10-03T00:00:00+00:00
[2024-10-09 09:48:39,236] {python.py:173} INFO - Done. Returned value was: None
[2024-10-09 09:48:39,272] {taskinstance.py:1395} INFO - Marking task as SUCCESS. dag_id=get_stocks_dag, task_id=AAPL, execution_date=20241003T000000, start_date=20241009T124837, end_date=20241009T124839
[2024-10-09 09:48:40,079] {local_task_job.py:156} INFO - Task exited with return code 0
[2024-10-09 09:48:40,988] {local_task_job.py:273} INFO - 0 downstream tasks scheduled from follow-on schedule check
[2024-10-09 10:44:05,547] {taskinstance.py:1159} INFO - Dependencies all met for <TaskInstance: get_stocks_dag.AAPL scheduled__2024-10-03T00:00:00+00:00 [queued]>
[2024-10-09 10:44:05,580] {taskinstance.py:1159} INFO - Dependencies all met for <TaskInstance: get_stocks_dag.AAPL scheduled__2024-10-03T00:00:00+00:00 [queued]>
[2024-10-09 10:44:05,581] {taskinstance.py:1356} INFO - 
--------------------------------------------------------------------------------
[2024-10-09 10:44:05,581] {taskinstance.py:1357} INFO - Starting attempt 1 of 1
[2024-10-09 10:44:05,581] {taskinstance.py:1358} INFO - 
--------------------------------------------------------------------------------
[2024-10-09 10:44:05,944] {taskinstance.py:1377} INFO - Executing <Task(_PythonDecoratedOperator): AAPL> on 2024-10-03 00:00:00+00:00
[2024-10-09 10:44:05,956] {standard_task_runner.py:52} INFO - Started process 72740 to run task
[2024-10-09 10:44:05,966] {standard_task_runner.py:79} INFO - Running: ['airflow', 'tasks', 'run', 'get_stocks_dag', 'AAPL', 'scheduled__2024-10-03T00:00:00+00:00', '--job-id', '467', '--raw', '--subdir', 'DAGS_FOLDER/get_stocks.py', '--cfg-path', '/tmp/tmpfhg0l6q1', '--error-file', '/tmp/tmp5wdtifza']
[2024-10-09 10:44:05,969] {standard_task_runner.py:80} INFO - Job 467: Subtask AAPL
[2024-10-09 10:44:07,029] {task_command.py:370} INFO - Running <TaskInstance: get_stocks_dag.AAPL scheduled__2024-10-03T00:00:00+00:00 [running]> on host ken
[2024-10-09 10:44:07,486] {taskinstance.py:1569} INFO - Exporting the following env vars:
AIRFLOW_CTX_DAG_OWNER=airflow
AIRFLOW_CTX_DAG_ID=get_stocks_dag
AIRFLOW_CTX_TASK_ID=AAPL
AIRFLOW_CTX_EXECUTION_DATE=2024-10-03T00:00:00+00:00
AIRFLOW_CTX_TRY_NUMBER=1
AIRFLOW_CTX_DAG_RUN_ID=scheduled__2024-10-03T00:00:00+00:00
[2024-10-09 10:44:18,259] {python.py:173} INFO - Done. Returned value was: None
[2024-10-09 10:44:18,310] {taskinstance.py:1395} INFO - Marking task as SUCCESS. dag_id=get_stocks_dag, task_id=AAPL, execution_date=20241003T000000, start_date=20241009T134405, end_date=20241009T134418
[2024-10-09 10:44:18,816] {local_task_job.py:156} INFO - Task exited with return code 0
[2024-10-09 10:44:19,166] {local_task_job.py:273} INFO - 0 downstream tasks scheduled from follow-on schedule check
