[2024-10-08 17:15:49,582] {taskinstance.py:1159} INFO - Dependencies all met for <TaskInstance: get_stocks_dag.GOOG scheduled__2024-09-18T00:00:00+00:00 [queued]>
[2024-10-08 17:15:49,597] {taskinstance.py:1159} INFO - Dependencies all met for <TaskInstance: get_stocks_dag.GOOG scheduled__2024-09-18T00:00:00+00:00 [queued]>
[2024-10-08 17:15:49,597] {taskinstance.py:1356} INFO - 
--------------------------------------------------------------------------------
[2024-10-08 17:15:49,597] {taskinstance.py:1357} INFO - Starting attempt 1 of 1
[2024-10-08 17:15:49,597] {taskinstance.py:1358} INFO - 
--------------------------------------------------------------------------------
[2024-10-08 17:15:49,804] {taskinstance.py:1377} INFO - Executing <Task(_PythonDecoratedOperator): GOOG> on 2024-09-18 00:00:00+00:00
[2024-10-08 17:15:49,815] {standard_task_runner.py:52} INFO - Started process 34955 to run task
[2024-10-08 17:15:49,825] {standard_task_runner.py:79} INFO - Running: ['airflow', 'tasks', 'run', 'get_stocks_dag', 'GOOG', 'scheduled__2024-09-18T00:00:00+00:00', '--job-id', '144', '--raw', '--subdir', 'DAGS_FOLDER/get_stocks.py', '--cfg-path', '/tmp/tmpdy0ufgbv', '--error-file', '/tmp/tmpm6r_4wzg']
[2024-10-08 17:15:49,827] {standard_task_runner.py:80} INFO - Job 144: Subtask GOOG
[2024-10-08 17:15:50,039] {task_command.py:370} INFO - Running <TaskInstance: get_stocks_dag.GOOG scheduled__2024-09-18T00:00:00+00:00 [running]> on host ken
[2024-10-08 17:15:51,875] {taskinstance.py:1569} INFO - Exporting the following env vars:
AIRFLOW_CTX_DAG_OWNER=airflow
AIRFLOW_CTX_DAG_ID=get_stocks_dag
AIRFLOW_CTX_TASK_ID=GOOG
AIRFLOW_CTX_EXECUTION_DATE=2024-09-18T00:00:00+00:00
AIRFLOW_CTX_TRY_NUMBER=1
AIRFLOW_CTX_DAG_RUN_ID=scheduled__2024-09-18T00:00:00+00:00
[2024-10-08 17:15:52,740] {python.py:173} INFO - Done. Returned value was: None
[2024-10-08 17:15:52,744] {taskinstance.py:1395} INFO - Marking task as SUCCESS. dag_id=get_stocks_dag, task_id=GOOG, execution_date=20240918T000000, start_date=20241008T201549, end_date=20241008T201552
[2024-10-08 17:15:53,973] {local_task_job.py:156} INFO - Task exited with return code 0
[2024-10-08 17:15:53,996] {local_task_job.py:273} INFO - 0 downstream tasks scheduled from follow-on schedule check
[2024-10-08 23:21:27,945] {taskinstance.py:1159} INFO - Dependencies all met for <TaskInstance: get_stocks_dag.GOOG scheduled__2024-09-18T00:00:00+00:00 [queued]>
[2024-10-08 23:21:28,007] {taskinstance.py:1159} INFO - Dependencies all met for <TaskInstance: get_stocks_dag.GOOG scheduled__2024-09-18T00:00:00+00:00 [queued]>
[2024-10-08 23:21:28,008] {taskinstance.py:1356} INFO - 
--------------------------------------------------------------------------------
[2024-10-08 23:21:28,009] {taskinstance.py:1357} INFO - Starting attempt 1 of 1
[2024-10-08 23:21:28,009] {taskinstance.py:1358} INFO - 
--------------------------------------------------------------------------------
[2024-10-08 23:21:28,119] {taskinstance.py:1377} INFO - Executing <Task(_PythonDecoratedOperator): GOOG> on 2024-09-18 00:00:00+00:00
[2024-10-08 23:21:28,152] {standard_task_runner.py:52} INFO - Started process 20932 to run task
[2024-10-08 23:21:28,173] {standard_task_runner.py:79} INFO - Running: ['airflow', 'tasks', 'run', 'get_stocks_dag', 'GOOG', 'scheduled__2024-09-18T00:00:00+00:00', '--job-id', '10', '--raw', '--subdir', 'DAGS_FOLDER/get_stocks.py', '--cfg-path', '/tmp/tmpchh30rwh', '--error-file', '/tmp/tmpb97ry369']
[2024-10-08 23:21:28,178] {standard_task_runner.py:80} INFO - Job 10: Subtask GOOG
[2024-10-08 23:21:28,553] {task_command.py:370} INFO - Running <TaskInstance: get_stocks_dag.GOOG scheduled__2024-09-18T00:00:00+00:00 [running]> on host ken
[2024-10-08 23:21:29,595] {taskinstance.py:1569} INFO - Exporting the following env vars:
AIRFLOW_CTX_DAG_OWNER=airflow
AIRFLOW_CTX_DAG_ID=get_stocks_dag
AIRFLOW_CTX_TASK_ID=GOOG
AIRFLOW_CTX_EXECUTION_DATE=2024-09-18T00:00:00+00:00
AIRFLOW_CTX_TRY_NUMBER=1
AIRFLOW_CTX_DAG_RUN_ID=scheduled__2024-09-18T00:00:00+00:00
[2024-10-08 23:21:31,404] {python.py:173} INFO - Done. Returned value was: None
[2024-10-08 23:21:31,458] {taskinstance.py:1395} INFO - Marking task as SUCCESS. dag_id=get_stocks_dag, task_id=GOOG, execution_date=20240918T000000, start_date=20241009T022127, end_date=20241009T022131
[2024-10-08 23:21:31,554] {local_task_job.py:156} INFO - Task exited with return code 0
[2024-10-08 23:21:31,738] {local_task_job.py:273} INFO - 0 downstream tasks scheduled from follow-on schedule check
[2024-10-09 00:58:37,604] {taskinstance.py:1159} INFO - Dependencies all met for <TaskInstance: get_stocks_dag.GOOG scheduled__2024-09-18T00:00:00+00:00 [queued]>
[2024-10-09 00:58:37,624] {taskinstance.py:1159} INFO - Dependencies all met for <TaskInstance: get_stocks_dag.GOOG scheduled__2024-09-18T00:00:00+00:00 [queued]>
[2024-10-09 00:58:37,625] {taskinstance.py:1356} INFO - 
--------------------------------------------------------------------------------
[2024-10-09 00:58:37,625] {taskinstance.py:1357} INFO - Starting attempt 1 of 1
[2024-10-09 00:58:37,625] {taskinstance.py:1358} INFO - 
--------------------------------------------------------------------------------
[2024-10-09 00:58:37,665] {taskinstance.py:1377} INFO - Executing <Task(_PythonDecoratedOperator): GOOG> on 2024-09-18 00:00:00+00:00
[2024-10-09 00:58:37,679] {standard_task_runner.py:52} INFO - Started process 35196 to run task
[2024-10-09 00:58:37,690] {standard_task_runner.py:79} INFO - Running: ['airflow', 'tasks', 'run', 'get_stocks_dag', 'GOOG', 'scheduled__2024-09-18T00:00:00+00:00', '--job-id', '74', '--raw', '--subdir', 'DAGS_FOLDER/get_stocks.py', '--cfg-path', '/tmp/tmp1esody5u', '--error-file', '/tmp/tmptr5_jc53']
[2024-10-09 00:58:37,692] {standard_task_runner.py:80} INFO - Job 74: Subtask GOOG
[2024-10-09 00:58:37,915] {task_command.py:370} INFO - Running <TaskInstance: get_stocks_dag.GOOG scheduled__2024-09-18T00:00:00+00:00 [running]> on host ken
[2024-10-09 00:58:38,100] {taskinstance.py:1569} INFO - Exporting the following env vars:
AIRFLOW_CTX_DAG_OWNER=airflow
AIRFLOW_CTX_DAG_ID=get_stocks_dag
AIRFLOW_CTX_TASK_ID=GOOG
AIRFLOW_CTX_EXECUTION_DATE=2024-09-18T00:00:00+00:00
AIRFLOW_CTX_TRY_NUMBER=1
AIRFLOW_CTX_DAG_RUN_ID=scheduled__2024-09-18T00:00:00+00:00
[2024-10-09 00:58:48,617] {history.py:244} ERROR - $GOOG: possibly delisted; no price data found  (1h 2024-09-17 -> 2024-09-18)
[2024-10-09 00:58:48,629] {python.py:173} INFO - Done. Returned value was: None
[2024-10-09 00:58:48,714] {taskinstance.py:1395} INFO - Marking task as SUCCESS. dag_id=get_stocks_dag, task_id=GOOG, execution_date=20240918T000000, start_date=20241009T035837, end_date=20241009T035848
[2024-10-09 00:58:49,114] {local_task_job.py:156} INFO - Task exited with return code 0
[2024-10-09 00:58:49,186] {local_task_job.py:273} INFO - 0 downstream tasks scheduled from follow-on schedule check
[2024-10-09 09:33:23,534] {taskinstance.py:1159} INFO - Dependencies all met for <TaskInstance: get_stocks_dag.GOOG scheduled__2024-09-18T00:00:00+00:00 [queued]>
[2024-10-09 09:33:24,976] {taskinstance.py:1159} INFO - Dependencies all met for <TaskInstance: get_stocks_dag.GOOG scheduled__2024-09-18T00:00:00+00:00 [queued]>
[2024-10-09 09:33:24,977] {taskinstance.py:1356} INFO - 
--------------------------------------------------------------------------------
[2024-10-09 09:33:24,978] {taskinstance.py:1357} INFO - Starting attempt 1 of 1
[2024-10-09 09:33:24,978] {taskinstance.py:1358} INFO - 
--------------------------------------------------------------------------------
[2024-10-09 09:33:25,433] {taskinstance.py:1377} INFO - Executing <Task(_PythonDecoratedOperator): GOOG> on 2024-09-18 00:00:00+00:00
[2024-10-09 09:33:25,456] {standard_task_runner.py:52} INFO - Started process 13124 to run task
[2024-10-09 09:33:25,470] {standard_task_runner.py:79} INFO - Running: ['airflow', 'tasks', 'run', 'get_stocks_dag', 'GOOG', 'scheduled__2024-09-18T00:00:00+00:00', '--job-id', '140', '--raw', '--subdir', 'DAGS_FOLDER/get_stocks.py', '--cfg-path', '/tmp/tmpt82s02q9', '--error-file', '/tmp/tmpc6d024ln']
[2024-10-09 09:33:25,475] {standard_task_runner.py:80} INFO - Job 140: Subtask GOOG
[2024-10-09 09:33:25,966] {task_command.py:370} INFO - Running <TaskInstance: get_stocks_dag.GOOG scheduled__2024-09-18T00:00:00+00:00 [running]> on host ken
[2024-10-09 09:33:26,540] {taskinstance.py:1569} INFO - Exporting the following env vars:
AIRFLOW_CTX_DAG_OWNER=airflow
AIRFLOW_CTX_DAG_ID=get_stocks_dag
AIRFLOW_CTX_TASK_ID=GOOG
AIRFLOW_CTX_EXECUTION_DATE=2024-09-18T00:00:00+00:00
AIRFLOW_CTX_TRY_NUMBER=1
AIRFLOW_CTX_DAG_RUN_ID=scheduled__2024-09-18T00:00:00+00:00
[2024-10-09 09:33:26,963] {python.py:173} INFO - Done. Returned value was: None
[2024-10-09 09:33:26,991] {taskinstance.py:1395} INFO - Marking task as SUCCESS. dag_id=get_stocks_dag, task_id=GOOG, execution_date=20240918T000000, start_date=20241009T123324, end_date=20241009T123326
[2024-10-09 09:33:27,054] {local_task_job.py:156} INFO - Task exited with return code 0
[2024-10-09 09:33:27,372] {local_task_job.py:273} INFO - 0 downstream tasks scheduled from follow-on schedule check
[2024-10-09 09:42:39,295] {taskinstance.py:1159} INFO - Dependencies all met for <TaskInstance: get_stocks_dag.GOOG scheduled__2024-09-18T00:00:00+00:00 [queued]>
[2024-10-09 09:42:39,313] {taskinstance.py:1159} INFO - Dependencies all met for <TaskInstance: get_stocks_dag.GOOG scheduled__2024-09-18T00:00:00+00:00 [queued]>
[2024-10-09 09:42:39,313] {taskinstance.py:1356} INFO - 
--------------------------------------------------------------------------------
[2024-10-09 09:42:39,313] {taskinstance.py:1357} INFO - Starting attempt 1 of 1
[2024-10-09 09:42:39,313] {taskinstance.py:1358} INFO - 
--------------------------------------------------------------------------------
[2024-10-09 09:42:39,342] {taskinstance.py:1377} INFO - Executing <Task(_PythonDecoratedOperator): GOOG> on 2024-09-18 00:00:00+00:00
[2024-10-09 09:42:39,348] {standard_task_runner.py:52} INFO - Started process 20411 to run task
[2024-10-09 09:42:39,354] {standard_task_runner.py:79} INFO - Running: ['airflow', 'tasks', 'run', 'get_stocks_dag', 'GOOG', 'scheduled__2024-09-18T00:00:00+00:00', '--job-id', '205', '--raw', '--subdir', 'DAGS_FOLDER/get_stocks.py', '--cfg-path', '/tmp/tmpnsq8t_d_', '--error-file', '/tmp/tmp5emjwj95']
[2024-10-09 09:42:39,356] {standard_task_runner.py:80} INFO - Job 205: Subtask GOOG
[2024-10-09 09:42:39,655] {task_command.py:370} INFO - Running <TaskInstance: get_stocks_dag.GOOG scheduled__2024-09-18T00:00:00+00:00 [running]> on host ken
[2024-10-09 09:42:40,294] {taskinstance.py:1569} INFO - Exporting the following env vars:
AIRFLOW_CTX_DAG_OWNER=airflow
AIRFLOW_CTX_DAG_ID=get_stocks_dag
AIRFLOW_CTX_TASK_ID=GOOG
AIRFLOW_CTX_EXECUTION_DATE=2024-09-18T00:00:00+00:00
AIRFLOW_CTX_TRY_NUMBER=1
AIRFLOW_CTX_DAG_RUN_ID=scheduled__2024-09-18T00:00:00+00:00
[2024-10-09 09:42:40,908] {python.py:173} INFO - Done. Returned value was: None
[2024-10-09 09:42:40,935] {taskinstance.py:1395} INFO - Marking task as SUCCESS. dag_id=get_stocks_dag, task_id=GOOG, execution_date=20240918T000000, start_date=20241009T124239, end_date=20241009T124240
[2024-10-09 09:42:41,012] {local_task_job.py:156} INFO - Task exited with return code 0
[2024-10-09 09:42:41,250] {local_task_job.py:273} INFO - 0 downstream tasks scheduled from follow-on schedule check
[2024-10-09 09:46:40,340] {taskinstance.py:1159} INFO - Dependencies all met for <TaskInstance: get_stocks_dag.GOOG scheduled__2024-09-18T00:00:00+00:00 [queued]>
[2024-10-09 09:46:40,380] {taskinstance.py:1159} INFO - Dependencies all met for <TaskInstance: get_stocks_dag.GOOG scheduled__2024-09-18T00:00:00+00:00 [queued]>
[2024-10-09 09:46:40,380] {taskinstance.py:1356} INFO - 
--------------------------------------------------------------------------------
[2024-10-09 09:46:40,381] {taskinstance.py:1357} INFO - Starting attempt 1 of 1
[2024-10-09 09:46:40,381] {taskinstance.py:1358} INFO - 
--------------------------------------------------------------------------------
[2024-10-09 09:46:40,443] {taskinstance.py:1377} INFO - Executing <Task(_PythonDecoratedOperator): GOOG> on 2024-09-18 00:00:00+00:00
[2024-10-09 09:46:40,450] {standard_task_runner.py:52} INFO - Started process 26584 to run task
[2024-10-09 09:46:40,453] {standard_task_runner.py:79} INFO - Running: ['airflow', 'tasks', 'run', 'get_stocks_dag', 'GOOG', 'scheduled__2024-09-18T00:00:00+00:00', '--job-id', '267', '--raw', '--subdir', 'DAGS_FOLDER/get_stocks.py', '--cfg-path', '/tmp/tmpjnyky98j', '--error-file', '/tmp/tmpzilsmjd6']
[2024-10-09 09:46:40,454] {standard_task_runner.py:80} INFO - Job 267: Subtask GOOG
[2024-10-09 09:46:41,046] {task_command.py:370} INFO - Running <TaskInstance: get_stocks_dag.GOOG scheduled__2024-09-18T00:00:00+00:00 [running]> on host ken
[2024-10-09 09:46:41,737] {taskinstance.py:1569} INFO - Exporting the following env vars:
AIRFLOW_CTX_DAG_OWNER=airflow
AIRFLOW_CTX_DAG_ID=get_stocks_dag
AIRFLOW_CTX_TASK_ID=GOOG
AIRFLOW_CTX_EXECUTION_DATE=2024-09-18T00:00:00+00:00
AIRFLOW_CTX_TRY_NUMBER=1
AIRFLOW_CTX_DAG_RUN_ID=scheduled__2024-09-18T00:00:00+00:00
[2024-10-09 09:46:42,767] {python.py:173} INFO - Done. Returned value was: None
[2024-10-09 09:46:42,788] {taskinstance.py:1395} INFO - Marking task as SUCCESS. dag_id=get_stocks_dag, task_id=GOOG, execution_date=20240918T000000, start_date=20241009T124640, end_date=20241009T124642
[2024-10-09 09:46:42,913] {local_task_job.py:156} INFO - Task exited with return code 0
[2024-10-09 09:46:43,175] {local_task_job.py:273} INFO - 0 downstream tasks scheduled from follow-on schedule check
[2024-10-09 10:08:38,064] {taskinstance.py:1159} INFO - Dependencies all met for <TaskInstance: get_stocks_dag.GOOG scheduled__2024-09-18T00:00:00+00:00 [queued]>
[2024-10-09 10:08:38,165] {taskinstance.py:1159} INFO - Dependencies all met for <TaskInstance: get_stocks_dag.GOOG scheduled__2024-09-18T00:00:00+00:00 [queued]>
[2024-10-09 10:08:38,165] {taskinstance.py:1356} INFO - 
--------------------------------------------------------------------------------
[2024-10-09 10:08:38,166] {taskinstance.py:1357} INFO - Starting attempt 1 of 1
[2024-10-09 10:08:38,166] {taskinstance.py:1358} INFO - 
--------------------------------------------------------------------------------
[2024-10-09 10:08:38,371] {taskinstance.py:1377} INFO - Executing <Task(_PythonDecoratedOperator): GOOG> on 2024-09-18 00:00:00+00:00
[2024-10-09 10:08:38,383] {standard_task_runner.py:52} INFO - Started process 43006 to run task
[2024-10-09 10:08:38,387] {standard_task_runner.py:79} INFO - Running: ['airflow', 'tasks', 'run', 'get_stocks_dag', 'GOOG', 'scheduled__2024-09-18T00:00:00+00:00', '--job-id', '336', '--raw', '--subdir', 'DAGS_FOLDER/get_stocks.py', '--cfg-path', '/tmp/tmpqhwnml98', '--error-file', '/tmp/tmpwr6xvkpu']
[2024-10-09 10:08:38,388] {standard_task_runner.py:80} INFO - Job 336: Subtask GOOG
[2024-10-09 10:08:38,720] {task_command.py:370} INFO - Running <TaskInstance: get_stocks_dag.GOOG scheduled__2024-09-18T00:00:00+00:00 [running]> on host ken
[2024-10-09 10:08:38,876] {taskinstance.py:1569} INFO - Exporting the following env vars:
AIRFLOW_CTX_DAG_OWNER=airflow
AIRFLOW_CTX_DAG_ID=get_stocks_dag
AIRFLOW_CTX_TASK_ID=GOOG
AIRFLOW_CTX_EXECUTION_DATE=2024-09-18T00:00:00+00:00
AIRFLOW_CTX_TRY_NUMBER=1
AIRFLOW_CTX_DAG_RUN_ID=scheduled__2024-09-18T00:00:00+00:00
[2024-10-09 10:08:49,304] {python.py:173} INFO - Done. Returned value was: None
[2024-10-09 10:08:49,346] {taskinstance.py:1395} INFO - Marking task as SUCCESS. dag_id=get_stocks_dag, task_id=GOOG, execution_date=20240918T000000, start_date=20241009T130838, end_date=20241009T130849
[2024-10-09 10:08:49,419] {local_task_job.py:156} INFO - Task exited with return code 0
[2024-10-09 10:08:49,472] {local_task_job.py:273} INFO - 0 downstream tasks scheduled from follow-on schedule check
[2024-10-09 10:31:18,086] {taskinstance.py:1159} INFO - Dependencies all met for <TaskInstance: get_stocks_dag.GOOG scheduled__2024-09-18T00:00:00+00:00 [queued]>
[2024-10-09 10:31:18,121] {taskinstance.py:1159} INFO - Dependencies all met for <TaskInstance: get_stocks_dag.GOOG scheduled__2024-09-18T00:00:00+00:00 [queued]>
[2024-10-09 10:31:18,121] {taskinstance.py:1356} INFO - 
--------------------------------------------------------------------------------
[2024-10-09 10:31:18,121] {taskinstance.py:1357} INFO - Starting attempt 1 of 1
[2024-10-09 10:31:18,121] {taskinstance.py:1358} INFO - 
--------------------------------------------------------------------------------
[2024-10-09 10:31:19,280] {taskinstance.py:1377} INFO - Executing <Task(_PythonDecoratedOperator): GOOG> on 2024-09-18 00:00:00+00:00
[2024-10-09 10:31:19,286] {standard_task_runner.py:52} INFO - Started process 54441 to run task
[2024-10-09 10:31:19,290] {standard_task_runner.py:79} INFO - Running: ['airflow', 'tasks', 'run', 'get_stocks_dag', 'GOOG', 'scheduled__2024-09-18T00:00:00+00:00', '--job-id', '366', '--raw', '--subdir', 'DAGS_FOLDER/get_stocks.py', '--cfg-path', '/tmp/tmp3h6r8_9n', '--error-file', '/tmp/tmplvxy3pb_']
[2024-10-09 10:31:19,291] {standard_task_runner.py:80} INFO - Job 366: Subtask GOOG
[2024-10-09 10:31:19,599] {task_command.py:370} INFO - Running <TaskInstance: get_stocks_dag.GOOG scheduled__2024-09-18T00:00:00+00:00 [running]> on host ken
[2024-10-09 10:31:19,755] {taskinstance.py:1569} INFO - Exporting the following env vars:
AIRFLOW_CTX_DAG_OWNER=airflow
AIRFLOW_CTX_DAG_ID=get_stocks_dag
AIRFLOW_CTX_TASK_ID=GOOG
AIRFLOW_CTX_EXECUTION_DATE=2024-09-18T00:00:00+00:00
AIRFLOW_CTX_TRY_NUMBER=1
AIRFLOW_CTX_DAG_RUN_ID=scheduled__2024-09-18T00:00:00+00:00
[2024-10-09 10:31:30,410] {python.py:173} INFO - Done. Returned value was: None
[2024-10-09 10:31:30,430] {taskinstance.py:1395} INFO - Marking task as SUCCESS. dag_id=get_stocks_dag, task_id=GOOG, execution_date=20240918T000000, start_date=20241009T133118, end_date=20241009T133130
[2024-10-09 10:31:30,493] {local_task_job.py:156} INFO - Task exited with return code 0
[2024-10-09 10:31:30,559] {local_task_job.py:273} INFO - 0 downstream tasks scheduled from follow-on schedule check
