[2024-10-09 10:06:41,352] {taskinstance.py:1159} INFO - Dependencies all met for <TaskInstance: get_crypto_dag.ETH scheduled__2024-09-15T00:00:00+00:00 [queued]>
[2024-10-09 10:06:41,379] {taskinstance.py:1159} INFO - Dependencies all met for <TaskInstance: get_crypto_dag.ETH scheduled__2024-09-15T00:00:00+00:00 [queued]>
[2024-10-09 10:06:41,379] {taskinstance.py:1356} INFO - 
--------------------------------------------------------------------------------
[2024-10-09 10:06:41,380] {taskinstance.py:1357} INFO - Starting attempt 1 of 1
[2024-10-09 10:06:41,380] {taskinstance.py:1358} INFO - 
--------------------------------------------------------------------------------
[2024-10-09 10:06:41,546] {taskinstance.py:1377} INFO - Executing <Task(_PythonDecoratedOperator): ETH> on 2024-09-15 00:00:00+00:00
[2024-10-09 10:06:41,566] {standard_task_runner.py:52} INFO - Started process 40730 to run task
[2024-10-09 10:06:41,578] {standard_task_runner.py:79} INFO - Running: ['airflow', 'tasks', 'run', 'get_crypto_dag', 'ETH', 'scheduled__2024-09-15T00:00:00+00:00', '--job-id', '329', '--raw', '--subdir', 'DAGS_FOLDER/get_crypto.py', '--cfg-path', '/tmp/tmp9kzchr9x', '--error-file', '/tmp/tmped69jfo1']
[2024-10-09 10:06:41,582] {standard_task_runner.py:80} INFO - Job 329: Subtask ETH
[2024-10-09 10:06:42,112] {task_command.py:370} INFO - Running <TaskInstance: get_crypto_dag.ETH scheduled__2024-09-15T00:00:00+00:00 [running]> on host ken
[2024-10-09 10:06:43,124] {taskinstance.py:1569} INFO - Exporting the following env vars:
AIRFLOW_CTX_DAG_OWNER=airflow
AIRFLOW_CTX_DAG_ID=get_crypto_dag
AIRFLOW_CTX_TASK_ID=ETH
AIRFLOW_CTX_EXECUTION_DATE=2024-09-15T00:00:00+00:00
AIRFLOW_CTX_TRY_NUMBER=1
AIRFLOW_CTX_DAG_RUN_ID=scheduled__2024-09-15T00:00:00+00:00
[2024-10-09 10:06:44,927] {history.py:244} ERROR - $ETH: possibly delisted; no price data found  (1h 2024-09-14 -> 2024-09-15)
[2024-10-09 10:06:54,940] {python.py:173} INFO - Done. Returned value was: None
[2024-10-09 10:06:54,979] {taskinstance.py:1395} INFO - Marking task as SUCCESS. dag_id=get_crypto_dag, task_id=ETH, execution_date=20240915T000000, start_date=20241009T130641, end_date=20241009T130654
[2024-10-09 10:06:55,048] {local_task_job.py:156} INFO - Task exited with return code 0
[2024-10-09 10:06:55,131] {local_task_job.py:273} INFO - 0 downstream tasks scheduled from follow-on schedule check
[2024-10-09 10:29:07,013] {taskinstance.py:1159} INFO - Dependencies all met for <TaskInstance: get_crypto_dag.ETH scheduled__2024-09-15T00:00:00+00:00 [queued]>
[2024-10-09 10:29:07,059] {taskinstance.py:1159} INFO - Dependencies all met for <TaskInstance: get_crypto_dag.ETH scheduled__2024-09-15T00:00:00+00:00 [queued]>
[2024-10-09 10:29:07,060] {taskinstance.py:1356} INFO - 
--------------------------------------------------------------------------------
[2024-10-09 10:29:07,060] {taskinstance.py:1357} INFO - Starting attempt 1 of 1
[2024-10-09 10:29:07,060] {taskinstance.py:1358} INFO - 
--------------------------------------------------------------------------------
[2024-10-09 10:29:07,131] {taskinstance.py:1377} INFO - Executing <Task(_PythonDecoratedOperator): ETH> on 2024-09-15 00:00:00+00:00
[2024-10-09 10:29:07,139] {standard_task_runner.py:52} INFO - Started process 51413 to run task
[2024-10-09 10:29:07,142] {standard_task_runner.py:79} INFO - Running: ['airflow', 'tasks', 'run', 'get_crypto_dag', 'ETH', 'scheduled__2024-09-15T00:00:00+00:00', '--job-id', '350', '--raw', '--subdir', 'DAGS_FOLDER/get_crypto.py', '--cfg-path', '/tmp/tmpn8rwtzf3', '--error-file', '/tmp/tmpavt3pq0u']
[2024-10-09 10:29:07,144] {standard_task_runner.py:80} INFO - Job 350: Subtask ETH
[2024-10-09 10:29:07,496] {task_command.py:370} INFO - Running <TaskInstance: get_crypto_dag.ETH scheduled__2024-09-15T00:00:00+00:00 [running]> on host ken
[2024-10-09 10:29:07,801] {taskinstance.py:1569} INFO - Exporting the following env vars:
AIRFLOW_CTX_DAG_OWNER=airflow
AIRFLOW_CTX_DAG_ID=get_crypto_dag
AIRFLOW_CTX_TASK_ID=ETH
AIRFLOW_CTX_EXECUTION_DATE=2024-09-15T00:00:00+00:00
AIRFLOW_CTX_TRY_NUMBER=1
AIRFLOW_CTX_DAG_RUN_ID=scheduled__2024-09-15T00:00:00+00:00
[2024-10-09 10:29:08,221] {history.py:244} ERROR - $ETH: possibly delisted; no price data found  (1h 2024-09-14 -> 2024-09-15)
[2024-10-09 10:29:18,237] {python.py:173} INFO - Done. Returned value was: None
[2024-10-09 10:29:18,567] {taskinstance.py:1395} INFO - Marking task as SUCCESS. dag_id=get_crypto_dag, task_id=ETH, execution_date=20240915T000000, start_date=20241009T132907, end_date=20241009T132918
[2024-10-09 10:29:18,675] {local_task_job.py:156} INFO - Task exited with return code 0
[2024-10-09 10:29:19,249] {local_task_job.py:273} INFO - 0 downstream tasks scheduled from follow-on schedule check
