[2024-10-08 16:59:06,791] {taskinstance.py:1159} INFO - Dependencies all met for <TaskInstance: get_stocks_dag.AAPL scheduled__2022-01-12T00:00:00+00:00 [queued]>
[2024-10-08 16:59:06,800] {taskinstance.py:1159} INFO - Dependencies all met for <TaskInstance: get_stocks_dag.AAPL scheduled__2022-01-12T00:00:00+00:00 [queued]>
[2024-10-08 16:59:06,801] {taskinstance.py:1356} INFO - 
--------------------------------------------------------------------------------
[2024-10-08 16:59:06,801] {taskinstance.py:1357} INFO - Starting attempt 1 of 1
[2024-10-08 16:59:06,801] {taskinstance.py:1358} INFO - 
--------------------------------------------------------------------------------
[2024-10-08 16:59:08,080] {taskinstance.py:1377} INFO - Executing <Task(_PythonDecoratedOperator): AAPL> on 2022-01-12 00:00:00+00:00
[2024-10-08 16:59:08,087] {standard_task_runner.py:52} INFO - Started process 23764 to run task
[2024-10-08 16:59:08,090] {standard_task_runner.py:79} INFO - Running: ['airflow', 'tasks', 'run', 'get_stocks_dag', 'AAPL', 'scheduled__2022-01-12T00:00:00+00:00', '--job-id', '51', '--raw', '--subdir', 'DAGS_FOLDER/get_stocks.py', '--cfg-path', '/tmp/tmpq9_ltjn7', '--error-file', '/tmp/tmpi13so4yt']
[2024-10-08 16:59:08,091] {standard_task_runner.py:80} INFO - Job 51: Subtask AAPL
[2024-10-08 16:59:09,325] {task_command.py:370} INFO - Running <TaskInstance: get_stocks_dag.AAPL scheduled__2022-01-12T00:00:00+00:00 [running]> on host ken
[2024-10-08 16:59:10,389] {taskinstance.py:1569} INFO - Exporting the following env vars:
AIRFLOW_CTX_DAG_OWNER=airflow
AIRFLOW_CTX_DAG_ID=get_stocks_dag
AIRFLOW_CTX_TASK_ID=AAPL
AIRFLOW_CTX_EXECUTION_DATE=2022-01-12T00:00:00+00:00
AIRFLOW_CTX_TRY_NUMBER=1
AIRFLOW_CTX_DAG_RUN_ID=scheduled__2022-01-12T00:00:00+00:00
[2024-10-08 16:59:14,320] {history.py:244} ERROR - $AAPL: possibly delisted; no price data found  (1h 2022-01-11 -> 2022-01-12) (Yahoo error = "1h data not available for startTime=1641877200 and endTime=1641963600. The requested range must be within the last 730 days.")
[2024-10-08 16:59:14,325] {python.py:173} INFO - Done. Returned value was: None
[2024-10-08 16:59:14,334] {taskinstance.py:1395} INFO - Marking task as SUCCESS. dag_id=get_stocks_dag, task_id=AAPL, execution_date=20220112T000000, start_date=20241008T195906, end_date=20241008T195914
[2024-10-08 16:59:14,720] {local_task_job.py:156} INFO - Task exited with return code 0
[2024-10-08 16:59:14,732] {local_task_job.py:273} INFO - 0 downstream tasks scheduled from follow-on schedule check
