[2024-10-08 17:12:49,293] {taskinstance.py:1159} INFO - Dependencies all met for <TaskInstance: get_stocks_dag.AAPL scheduled__2022-02-08T00:00:00+00:00 [queued]>
[2024-10-08 17:12:49,300] {taskinstance.py:1159} INFO - Dependencies all met for <TaskInstance: get_stocks_dag.AAPL scheduled__2022-02-08T00:00:00+00:00 [queued]>
[2024-10-08 17:12:49,300] {taskinstance.py:1356} INFO - 
--------------------------------------------------------------------------------
[2024-10-08 17:12:49,300] {taskinstance.py:1357} INFO - Starting attempt 1 of 1
[2024-10-08 17:12:49,300] {taskinstance.py:1358} INFO - 
--------------------------------------------------------------------------------
[2024-10-08 17:12:49,395] {taskinstance.py:1377} INFO - Executing <Task(_PythonDecoratedOperator): AAPL> on 2022-02-08 00:00:00+00:00
[2024-10-08 17:12:49,405] {standard_task_runner.py:52} INFO - Started process 33390 to run task
[2024-10-08 17:12:49,413] {standard_task_runner.py:79} INFO - Running: ['airflow', 'tasks', 'run', 'get_stocks_dag', 'AAPL', 'scheduled__2022-02-08T00:00:00+00:00', '--job-id', '127', '--raw', '--subdir', 'DAGS_FOLDER/get_stocks.py', '--cfg-path', '/tmp/tmp1tzgo64o', '--error-file', '/tmp/tmpa5lc516b']
[2024-10-08 17:12:49,415] {standard_task_runner.py:80} INFO - Job 127: Subtask AAPL
[2024-10-08 17:12:50,623] {task_command.py:370} INFO - Running <TaskInstance: get_stocks_dag.AAPL scheduled__2022-02-08T00:00:00+00:00 [running]> on host ken
[2024-10-08 17:12:50,993] {taskinstance.py:1569} INFO - Exporting the following env vars:
AIRFLOW_CTX_DAG_OWNER=airflow
AIRFLOW_CTX_DAG_ID=get_stocks_dag
AIRFLOW_CTX_TASK_ID=AAPL
AIRFLOW_CTX_EXECUTION_DATE=2022-02-08T00:00:00+00:00
AIRFLOW_CTX_TRY_NUMBER=1
AIRFLOW_CTX_DAG_RUN_ID=scheduled__2022-02-08T00:00:00+00:00
[2024-10-08 17:12:54,286] {history.py:244} ERROR - $AAPL: possibly delisted; no price data found  (1h 2022-02-07 -> 2022-02-08) (Yahoo error = "1h data not available for startTime=1644210000 and endTime=1644296400. The requested range must be within the last 730 days.")
[2024-10-08 17:12:54,294] {python.py:173} INFO - Done. Returned value was: None
[2024-10-08 17:12:54,306] {taskinstance.py:1395} INFO - Marking task as SUCCESS. dag_id=get_stocks_dag, task_id=AAPL, execution_date=20220208T000000, start_date=20241008T201249, end_date=20241008T201254
[2024-10-08 17:12:56,620] {local_task_job.py:156} INFO - Task exited with return code 0
[2024-10-08 17:12:56,635] {local_task_job.py:273} INFO - 0 downstream tasks scheduled from follow-on schedule check
