[2024-10-09 10:39:42,593] {taskinstance.py:1159} INFO - Dependencies all met for <TaskInstance: get_crypto_dag.DOGE scheduled__2024-09-27T00:00:00+00:00 [queued]>
[2024-10-09 10:39:42,609] {taskinstance.py:1159} INFO - Dependencies all met for <TaskInstance: get_crypto_dag.DOGE scheduled__2024-09-27T00:00:00+00:00 [queued]>
[2024-10-09 10:39:42,609] {taskinstance.py:1356} INFO - 
--------------------------------------------------------------------------------
[2024-10-09 10:39:42,609] {taskinstance.py:1357} INFO - Starting attempt 1 of 1
[2024-10-09 10:39:42,609] {taskinstance.py:1358} INFO - 
--------------------------------------------------------------------------------
[2024-10-09 10:39:42,661] {taskinstance.py:1377} INFO - Executing <Task(_PythonDecoratedOperator): DOGE> on 2024-09-27 00:00:00+00:00
[2024-10-09 10:39:42,674] {standard_task_runner.py:52} INFO - Started process 66166 to run task
[2024-10-09 10:39:42,678] {standard_task_runner.py:79} INFO - Running: ['airflow', 'tasks', 'run', 'get_crypto_dag', 'DOGE', 'scheduled__2024-09-27T00:00:00+00:00', '--job-id', '434', '--raw', '--subdir', 'DAGS_FOLDER/get_crypto.py', '--cfg-path', '/tmp/tmplvx6d_og', '--error-file', '/tmp/tmprnh3idh1']
[2024-10-09 10:39:42,681] {standard_task_runner.py:80} INFO - Job 434: Subtask DOGE
[2024-10-09 10:39:43,045] {task_command.py:370} INFO - Running <TaskInstance: get_crypto_dag.DOGE scheduled__2024-09-27T00:00:00+00:00 [running]> on host ken
[2024-10-09 10:39:43,657] {taskinstance.py:1569} INFO - Exporting the following env vars:
AIRFLOW_CTX_DAG_OWNER=airflow
AIRFLOW_CTX_DAG_ID=get_crypto_dag
AIRFLOW_CTX_TASK_ID=DOGE
AIRFLOW_CTX_EXECUTION_DATE=2024-09-27T00:00:00+00:00
AIRFLOW_CTX_TRY_NUMBER=1
AIRFLOW_CTX_DAG_RUN_ID=scheduled__2024-09-27T00:00:00+00:00
[2024-10-09 10:39:48,036] {history.py:122} ERROR - $DOGE: possibly delisted; no timezone found
[2024-10-09 10:39:58,051] {python.py:173} INFO - Done. Returned value was: None
[2024-10-09 10:39:58,104] {taskinstance.py:1395} INFO - Marking task as SUCCESS. dag_id=get_crypto_dag, task_id=DOGE, execution_date=20240927T000000, start_date=20241009T133942, end_date=20241009T133958
[2024-10-09 10:39:58,777] {local_task_job.py:156} INFO - Task exited with return code 0
[2024-10-09 10:39:59,710] {local_task_job.py:273} INFO - 0 downstream tasks scheduled from follow-on schedule check
