[2024-10-08 23:21:58,881] {taskinstance.py:1159} INFO - Dependencies all met for <TaskInstance: get_stocks_dag.AAPL scheduled__2024-10-04T00:00:00+00:00 [queued]>
[2024-10-08 23:21:58,943] {taskinstance.py:1159} INFO - Dependencies all met for <TaskInstance: get_stocks_dag.AAPL scheduled__2024-10-04T00:00:00+00:00 [queued]>
[2024-10-08 23:21:58,944] {taskinstance.py:1356} INFO - 
--------------------------------------------------------------------------------
[2024-10-08 23:21:58,944] {taskinstance.py:1357} INFO - Starting attempt 1 of 1
[2024-10-08 23:21:58,944] {taskinstance.py:1358} INFO - 
--------------------------------------------------------------------------------
[2024-10-08 23:21:59,022] {taskinstance.py:1377} INFO - Executing <Task(_PythonDecoratedOperator): AAPL> on 2024-10-04 00:00:00+00:00
[2024-10-08 23:21:59,061] {standard_task_runner.py:52} INFO - Started process 23342 to run task
[2024-10-08 23:21:59,072] {standard_task_runner.py:79} INFO - Running: ['airflow', 'tasks', 'run', 'get_stocks_dag', 'AAPL', 'scheduled__2024-10-04T00:00:00+00:00', '--job-id', '55', '--raw', '--subdir', 'DAGS_FOLDER/get_stocks.py', '--cfg-path', '/tmp/tmpon2a7q9k', '--error-file', '/tmp/tmp6empodv2']
[2024-10-08 23:21:59,077] {standard_task_runner.py:80} INFO - Job 55: Subtask AAPL
[2024-10-08 23:21:59,434] {task_command.py:370} INFO - Running <TaskInstance: get_stocks_dag.AAPL scheduled__2024-10-04T00:00:00+00:00 [running]> on host ken
[2024-10-08 23:22:00,180] {taskinstance.py:1569} INFO - Exporting the following env vars:
AIRFLOW_CTX_DAG_OWNER=airflow
AIRFLOW_CTX_DAG_ID=get_stocks_dag
AIRFLOW_CTX_TASK_ID=AAPL
AIRFLOW_CTX_EXECUTION_DATE=2024-10-04T00:00:00+00:00
AIRFLOW_CTX_TRY_NUMBER=1
AIRFLOW_CTX_DAG_RUN_ID=scheduled__2024-10-04T00:00:00+00:00
[2024-10-08 23:22:04,435] {python.py:173} INFO - Done. Returned value was: None
[2024-10-08 23:22:04,459] {taskinstance.py:1395} INFO - Marking task as SUCCESS. dag_id=get_stocks_dag, task_id=AAPL, execution_date=20241004T000000, start_date=20241009T022158, end_date=20241009T022204
[2024-10-08 23:22:04,507] {local_task_job.py:156} INFO - Task exited with return code 0
[2024-10-08 23:22:04,573] {local_task_job.py:273} INFO - 0 downstream tasks scheduled from follow-on schedule check
[2024-10-09 01:02:02,639] {taskinstance.py:1159} INFO - Dependencies all met for <TaskInstance: get_stocks_dag.AAPL scheduled__2024-10-04T00:00:00+00:00 [queued]>
[2024-10-09 01:02:02,646] {taskinstance.py:1159} INFO - Dependencies all met for <TaskInstance: get_stocks_dag.AAPL scheduled__2024-10-04T00:00:00+00:00 [queued]>
[2024-10-09 01:02:02,646] {taskinstance.py:1356} INFO - 
--------------------------------------------------------------------------------
[2024-10-09 01:02:02,646] {taskinstance.py:1357} INFO - Starting attempt 1 of 1
[2024-10-09 01:02:02,646] {taskinstance.py:1358} INFO - 
--------------------------------------------------------------------------------
[2024-10-09 01:02:02,673] {taskinstance.py:1377} INFO - Executing <Task(_PythonDecoratedOperator): AAPL> on 2024-10-04 00:00:00+00:00
[2024-10-09 01:02:02,678] {standard_task_runner.py:52} INFO - Started process 44391 to run task
[2024-10-09 01:02:02,682] {standard_task_runner.py:79} INFO - Running: ['airflow', 'tasks', 'run', 'get_stocks_dag', 'AAPL', 'scheduled__2024-10-04T00:00:00+00:00', '--job-id', '121', '--raw', '--subdir', 'DAGS_FOLDER/get_stocks.py', '--cfg-path', '/tmp/tmpyixm2x_z', '--error-file', '/tmp/tmpna3148l4']
[2024-10-09 01:02:02,683] {standard_task_runner.py:80} INFO - Job 121: Subtask AAPL
[2024-10-09 01:02:02,793] {task_command.py:370} INFO - Running <TaskInstance: get_stocks_dag.AAPL scheduled__2024-10-04T00:00:00+00:00 [running]> on host ken
[2024-10-09 01:02:02,935] {taskinstance.py:1569} INFO - Exporting the following env vars:
AIRFLOW_CTX_DAG_OWNER=airflow
AIRFLOW_CTX_DAG_ID=get_stocks_dag
AIRFLOW_CTX_TASK_ID=AAPL
AIRFLOW_CTX_EXECUTION_DATE=2024-10-04T00:00:00+00:00
AIRFLOW_CTX_TRY_NUMBER=1
AIRFLOW_CTX_DAG_RUN_ID=scheduled__2024-10-04T00:00:00+00:00
[2024-10-09 01:02:03,434] {python.py:173} INFO - Done. Returned value was: None
[2024-10-09 01:02:03,466] {taskinstance.py:1395} INFO - Marking task as SUCCESS. dag_id=get_stocks_dag, task_id=AAPL, execution_date=20241004T000000, start_date=20241009T040202, end_date=20241009T040203
[2024-10-09 01:02:04,100] {local_task_job.py:156} INFO - Task exited with return code 0
[2024-10-09 01:02:04,272] {local_task_job.py:273} INFO - 0 downstream tasks scheduled from follow-on schedule check
[2024-10-09 09:35:03,944] {taskinstance.py:1159} INFO - Dependencies all met for <TaskInstance: get_stocks_dag.AAPL scheduled__2024-10-04T00:00:00+00:00 [queued]>
[2024-10-09 09:35:03,987] {taskinstance.py:1159} INFO - Dependencies all met for <TaskInstance: get_stocks_dag.AAPL scheduled__2024-10-04T00:00:00+00:00 [queued]>
[2024-10-09 09:35:03,987] {taskinstance.py:1356} INFO - 
--------------------------------------------------------------------------------
[2024-10-09 09:35:03,987] {taskinstance.py:1357} INFO - Starting attempt 1 of 1
[2024-10-09 09:35:03,987] {taskinstance.py:1358} INFO - 
--------------------------------------------------------------------------------
[2024-10-09 09:35:04,170] {taskinstance.py:1377} INFO - Executing <Task(_PythonDecoratedOperator): AAPL> on 2024-10-04 00:00:00+00:00
[2024-10-09 09:35:04,185] {standard_task_runner.py:52} INFO - Started process 16658 to run task
[2024-10-09 09:35:04,190] {standard_task_runner.py:79} INFO - Running: ['airflow', 'tasks', 'run', 'get_stocks_dag', 'AAPL', 'scheduled__2024-10-04T00:00:00+00:00', '--job-id', '186', '--raw', '--subdir', 'DAGS_FOLDER/get_stocks.py', '--cfg-path', '/tmp/tmpmk87r19s', '--error-file', '/tmp/tmpqks8xfqp']
[2024-10-09 09:35:04,191] {standard_task_runner.py:80} INFO - Job 186: Subtask AAPL
[2024-10-09 09:35:04,865] {task_command.py:370} INFO - Running <TaskInstance: get_stocks_dag.AAPL scheduled__2024-10-04T00:00:00+00:00 [running]> on host ken
[2024-10-09 09:35:05,025] {taskinstance.py:1569} INFO - Exporting the following env vars:
AIRFLOW_CTX_DAG_OWNER=airflow
AIRFLOW_CTX_DAG_ID=get_stocks_dag
AIRFLOW_CTX_TASK_ID=AAPL
AIRFLOW_CTX_EXECUTION_DATE=2024-10-04T00:00:00+00:00
AIRFLOW_CTX_TRY_NUMBER=1
AIRFLOW_CTX_DAG_RUN_ID=scheduled__2024-10-04T00:00:00+00:00
[2024-10-09 09:35:05,520] {python.py:173} INFO - Done. Returned value was: None
[2024-10-09 09:35:05,735] {taskinstance.py:1395} INFO - Marking task as SUCCESS. dag_id=get_stocks_dag, task_id=AAPL, execution_date=20241004T000000, start_date=20241009T123503, end_date=20241009T123505
[2024-10-09 09:35:05,812] {local_task_job.py:156} INFO - Task exited with return code 0
[2024-10-09 09:35:05,929] {local_task_job.py:273} INFO - 0 downstream tasks scheduled from follow-on schedule check
[2024-10-09 09:44:42,193] {taskinstance.py:1159} INFO - Dependencies all met for <TaskInstance: get_stocks_dag.AAPL scheduled__2024-10-04T00:00:00+00:00 [queued]>
[2024-10-09 09:44:42,229] {taskinstance.py:1159} INFO - Dependencies all met for <TaskInstance: get_stocks_dag.AAPL scheduled__2024-10-04T00:00:00+00:00 [queued]>
[2024-10-09 09:44:42,229] {taskinstance.py:1356} INFO - 
--------------------------------------------------------------------------------
[2024-10-09 09:44:42,229] {taskinstance.py:1357} INFO - Starting attempt 1 of 1
[2024-10-09 09:44:42,230] {taskinstance.py:1358} INFO - 
--------------------------------------------------------------------------------
[2024-10-09 09:44:42,340] {taskinstance.py:1377} INFO - Executing <Task(_PythonDecoratedOperator): AAPL> on 2024-10-04 00:00:00+00:00
[2024-10-09 09:44:42,354] {standard_task_runner.py:52} INFO - Started process 24680 to run task
[2024-10-09 09:44:42,363] {standard_task_runner.py:79} INFO - Running: ['airflow', 'tasks', 'run', 'get_stocks_dag', 'AAPL', 'scheduled__2024-10-04T00:00:00+00:00', '--job-id', '250', '--raw', '--subdir', 'DAGS_FOLDER/get_stocks.py', '--cfg-path', '/tmp/tmp7tskc560', '--error-file', '/tmp/tmpevwsjq62']
[2024-10-09 09:44:42,365] {standard_task_runner.py:80} INFO - Job 250: Subtask AAPL
[2024-10-09 09:44:42,770] {task_command.py:370} INFO - Running <TaskInstance: get_stocks_dag.AAPL scheduled__2024-10-04T00:00:00+00:00 [running]> on host ken
[2024-10-09 09:44:42,932] {taskinstance.py:1569} INFO - Exporting the following env vars:
AIRFLOW_CTX_DAG_OWNER=airflow
AIRFLOW_CTX_DAG_ID=get_stocks_dag
AIRFLOW_CTX_TASK_ID=AAPL
AIRFLOW_CTX_EXECUTION_DATE=2024-10-04T00:00:00+00:00
AIRFLOW_CTX_TRY_NUMBER=1
AIRFLOW_CTX_DAG_RUN_ID=scheduled__2024-10-04T00:00:00+00:00
[2024-10-09 09:44:43,499] {python.py:173} INFO - Done. Returned value was: None
[2024-10-09 09:44:43,553] {taskinstance.py:1395} INFO - Marking task as SUCCESS. dag_id=get_stocks_dag, task_id=AAPL, execution_date=20241004T000000, start_date=20241009T124442, end_date=20241009T124443
[2024-10-09 09:44:43,618] {local_task_job.py:156} INFO - Task exited with return code 0
[2024-10-09 09:44:44,151] {local_task_job.py:273} INFO - 0 downstream tasks scheduled from follow-on schedule check
[2024-10-09 09:48:46,553] {taskinstance.py:1159} INFO - Dependencies all met for <TaskInstance: get_stocks_dag.AAPL scheduled__2024-10-04T00:00:00+00:00 [queued]>
[2024-10-09 09:48:46,606] {taskinstance.py:1159} INFO - Dependencies all met for <TaskInstance: get_stocks_dag.AAPL scheduled__2024-10-04T00:00:00+00:00 [queued]>
[2024-10-09 09:48:46,606] {taskinstance.py:1356} INFO - 
--------------------------------------------------------------------------------
[2024-10-09 09:48:46,607] {taskinstance.py:1357} INFO - Starting attempt 1 of 1
[2024-10-09 09:48:46,607] {taskinstance.py:1358} INFO - 
--------------------------------------------------------------------------------
[2024-10-09 09:48:46,679] {taskinstance.py:1377} INFO - Executing <Task(_PythonDecoratedOperator): AAPL> on 2024-10-04 00:00:00+00:00
[2024-10-09 09:48:46,686] {standard_task_runner.py:52} INFO - Started process 31253 to run task
[2024-10-09 09:48:46,691] {standard_task_runner.py:79} INFO - Running: ['airflow', 'tasks', 'run', 'get_stocks_dag', 'AAPL', 'scheduled__2024-10-04T00:00:00+00:00', '--job-id', '314', '--raw', '--subdir', 'DAGS_FOLDER/get_stocks.py', '--cfg-path', '/tmp/tmptaolb9me', '--error-file', '/tmp/tmp_3eqxh7a']
[2024-10-09 09:48:46,693] {standard_task_runner.py:80} INFO - Job 314: Subtask AAPL
[2024-10-09 09:48:46,998] {task_command.py:370} INFO - Running <TaskInstance: get_stocks_dag.AAPL scheduled__2024-10-04T00:00:00+00:00 [running]> on host ken
[2024-10-09 09:48:47,147] {taskinstance.py:1569} INFO - Exporting the following env vars:
AIRFLOW_CTX_DAG_OWNER=airflow
AIRFLOW_CTX_DAG_ID=get_stocks_dag
AIRFLOW_CTX_TASK_ID=AAPL
AIRFLOW_CTX_EXECUTION_DATE=2024-10-04T00:00:00+00:00
AIRFLOW_CTX_TRY_NUMBER=1
AIRFLOW_CTX_DAG_RUN_ID=scheduled__2024-10-04T00:00:00+00:00
[2024-10-09 09:48:47,590] {python.py:173} INFO - Done. Returned value was: None
[2024-10-09 09:48:47,626] {taskinstance.py:1395} INFO - Marking task as SUCCESS. dag_id=get_stocks_dag, task_id=AAPL, execution_date=20241004T000000, start_date=20241009T124846, end_date=20241009T124847
[2024-10-09 09:48:48,350] {local_task_job.py:156} INFO - Task exited with return code 0
[2024-10-09 09:48:48,743] {local_task_job.py:273} INFO - 0 downstream tasks scheduled from follow-on schedule check
[2024-10-09 10:46:03,758] {taskinstance.py:1159} INFO - Dependencies all met for <TaskInstance: get_stocks_dag.AAPL scheduled__2024-10-04T00:00:00+00:00 [queued]>
[2024-10-09 10:46:03,769] {taskinstance.py:1159} INFO - Dependencies all met for <TaskInstance: get_stocks_dag.AAPL scheduled__2024-10-04T00:00:00+00:00 [queued]>
[2024-10-09 10:46:03,770] {taskinstance.py:1356} INFO - 
--------------------------------------------------------------------------------
[2024-10-09 10:46:03,770] {taskinstance.py:1357} INFO - Starting attempt 1 of 1
[2024-10-09 10:46:03,770] {taskinstance.py:1358} INFO - 
--------------------------------------------------------------------------------
[2024-10-09 10:46:04,214] {taskinstance.py:1377} INFO - Executing <Task(_PythonDecoratedOperator): AAPL> on 2024-10-04 00:00:00+00:00
[2024-10-09 10:46:04,231] {standard_task_runner.py:52} INFO - Started process 75612 to run task
[2024-10-09 10:46:04,242] {standard_task_runner.py:79} INFO - Running: ['airflow', 'tasks', 'run', 'get_stocks_dag', 'AAPL', 'scheduled__2024-10-04T00:00:00+00:00', '--job-id', '482', '--raw', '--subdir', 'DAGS_FOLDER/get_stocks.py', '--cfg-path', '/tmp/tmpg5ld4q4b', '--error-file', '/tmp/tmp3lkyxey7']
[2024-10-09 10:46:04,245] {standard_task_runner.py:80} INFO - Job 482: Subtask AAPL
[2024-10-09 10:46:04,926] {task_command.py:370} INFO - Running <TaskInstance: get_stocks_dag.AAPL scheduled__2024-10-04T00:00:00+00:00 [running]> on host ken
[2024-10-09 10:46:05,310] {taskinstance.py:1569} INFO - Exporting the following env vars:
AIRFLOW_CTX_DAG_OWNER=airflow
AIRFLOW_CTX_DAG_ID=get_stocks_dag
AIRFLOW_CTX_TASK_ID=AAPL
AIRFLOW_CTX_EXECUTION_DATE=2024-10-04T00:00:00+00:00
AIRFLOW_CTX_TRY_NUMBER=1
AIRFLOW_CTX_DAG_RUN_ID=scheduled__2024-10-04T00:00:00+00:00
[2024-10-09 10:46:16,342] {python.py:173} INFO - Done. Returned value was: None
[2024-10-09 10:46:17,246] {taskinstance.py:1395} INFO - Marking task as SUCCESS. dag_id=get_stocks_dag, task_id=AAPL, execution_date=20241004T000000, start_date=20241009T134603, end_date=20241009T134617
[2024-10-09 10:46:17,500] {local_task_job.py:156} INFO - Task exited with return code 0
[2024-10-09 10:46:17,849] {local_task_job.py:273} INFO - 0 downstream tasks scheduled from follow-on schedule check
