[2024-10-08 17:20:29,335] {taskinstance.py:1159} INFO - Dependencies all met for <TaskInstance: get_stocks_dag.TSLA scheduled__2024-09-27T00:00:00+00:00 [queued]>
[2024-10-08 17:20:29,347] {taskinstance.py:1159} INFO - Dependencies all met for <TaskInstance: get_stocks_dag.TSLA scheduled__2024-09-27T00:00:00+00:00 [queued]>
[2024-10-08 17:20:29,347] {taskinstance.py:1356} INFO - 
--------------------------------------------------------------------------------
[2024-10-08 17:20:29,348] {taskinstance.py:1357} INFO - Starting attempt 1 of 1
[2024-10-08 17:20:29,348] {taskinstance.py:1358} INFO - 
--------------------------------------------------------------------------------
[2024-10-08 17:20:29,463] {taskinstance.py:1377} INFO - Executing <Task(_PythonDecoratedOperator): TSLA> on 2024-09-27 00:00:00+00:00
[2024-10-08 17:20:29,467] {standard_task_runner.py:52} INFO - Started process 38392 to run task
[2024-10-08 17:20:29,471] {standard_task_runner.py:79} INFO - Running: ['airflow', 'tasks', 'run', 'get_stocks_dag', 'TSLA', 'scheduled__2024-09-27T00:00:00+00:00', '--job-id', '173', '--raw', '--subdir', 'DAGS_FOLDER/get_stocks.py', '--cfg-path', '/tmp/tmpgdfmg22u', '--error-file', '/tmp/tmpawb1rigy']
[2024-10-08 17:20:29,472] {standard_task_runner.py:80} INFO - Job 173: Subtask TSLA
[2024-10-08 17:20:30,246] {task_command.py:370} INFO - Running <TaskInstance: get_stocks_dag.TSLA scheduled__2024-09-27T00:00:00+00:00 [running]> on host ken
[2024-10-08 17:20:31,088] {taskinstance.py:1569} INFO - Exporting the following env vars:
AIRFLOW_CTX_DAG_OWNER=airflow
AIRFLOW_CTX_DAG_ID=get_stocks_dag
AIRFLOW_CTX_TASK_ID=TSLA
AIRFLOW_CTX_EXECUTION_DATE=2024-09-27T00:00:00+00:00
AIRFLOW_CTX_TRY_NUMBER=1
AIRFLOW_CTX_DAG_RUN_ID=scheduled__2024-09-27T00:00:00+00:00
[2024-10-08 17:20:31,481] {python.py:173} INFO - Done. Returned value was: None
[2024-10-08 17:20:31,487] {taskinstance.py:1395} INFO - Marking task as SUCCESS. dag_id=get_stocks_dag, task_id=TSLA, execution_date=20240927T000000, start_date=20241008T202029, end_date=20241008T202031
[2024-10-08 17:20:33,496] {local_task_job.py:156} INFO - Task exited with return code 0
[2024-10-08 17:20:33,529] {local_task_job.py:273} INFO - 0 downstream tasks scheduled from follow-on schedule check
[2024-10-08 23:21:43,041] {taskinstance.py:1159} INFO - Dependencies all met for <TaskInstance: get_stocks_dag.TSLA scheduled__2024-09-27T00:00:00+00:00 [queued]>
[2024-10-08 23:21:43,121] {taskinstance.py:1159} INFO - Dependencies all met for <TaskInstance: get_stocks_dag.TSLA scheduled__2024-09-27T00:00:00+00:00 [queued]>
[2024-10-08 23:21:43,121] {taskinstance.py:1356} INFO - 
--------------------------------------------------------------------------------
[2024-10-08 23:21:43,121] {taskinstance.py:1357} INFO - Starting attempt 1 of 1
[2024-10-08 23:21:43,121] {taskinstance.py:1358} INFO - 
--------------------------------------------------------------------------------
[2024-10-08 23:21:43,391] {taskinstance.py:1377} INFO - Executing <Task(_PythonDecoratedOperator): TSLA> on 2024-09-27 00:00:00+00:00
[2024-10-08 23:21:43,444] {standard_task_runner.py:52} INFO - Started process 22178 to run task
[2024-10-08 23:21:43,464] {standard_task_runner.py:79} INFO - Running: ['airflow', 'tasks', 'run', 'get_stocks_dag', 'TSLA', 'scheduled__2024-09-27T00:00:00+00:00', '--job-id', '38', '--raw', '--subdir', 'DAGS_FOLDER/get_stocks.py', '--cfg-path', '/tmp/tmphc3_iegw', '--error-file', '/tmp/tmp4yvahm8p']
[2024-10-08 23:21:43,466] {standard_task_runner.py:80} INFO - Job 38: Subtask TSLA
[2024-10-08 23:21:43,871] {task_command.py:370} INFO - Running <TaskInstance: get_stocks_dag.TSLA scheduled__2024-09-27T00:00:00+00:00 [running]> on host ken
[2024-10-08 23:21:44,185] {taskinstance.py:1569} INFO - Exporting the following env vars:
AIRFLOW_CTX_DAG_OWNER=airflow
AIRFLOW_CTX_DAG_ID=get_stocks_dag
AIRFLOW_CTX_TASK_ID=TSLA
AIRFLOW_CTX_EXECUTION_DATE=2024-09-27T00:00:00+00:00
AIRFLOW_CTX_TRY_NUMBER=1
AIRFLOW_CTX_DAG_RUN_ID=scheduled__2024-09-27T00:00:00+00:00
[2024-10-08 23:21:48,112] {python.py:173} INFO - Done. Returned value was: None
[2024-10-08 23:21:48,151] {taskinstance.py:1395} INFO - Marking task as SUCCESS. dag_id=get_stocks_dag, task_id=TSLA, execution_date=20240927T000000, start_date=20241009T022143, end_date=20241009T022148
[2024-10-08 23:21:48,706] {local_task_job.py:156} INFO - Task exited with return code 0
[2024-10-08 23:21:48,824] {local_task_job.py:273} INFO - 0 downstream tasks scheduled from follow-on schedule check
[2024-10-09 01:00:52,502] {taskinstance.py:1159} INFO - Dependencies all met for <TaskInstance: get_stocks_dag.TSLA scheduled__2024-09-27T00:00:00+00:00 [queued]>
[2024-10-09 01:00:52,532] {taskinstance.py:1159} INFO - Dependencies all met for <TaskInstance: get_stocks_dag.TSLA scheduled__2024-09-27T00:00:00+00:00 [queued]>
[2024-10-09 01:00:52,532] {taskinstance.py:1356} INFO - 
--------------------------------------------------------------------------------
[2024-10-09 01:00:52,532] {taskinstance.py:1357} INFO - Starting attempt 1 of 1
[2024-10-09 01:00:52,532] {taskinstance.py:1358} INFO - 
--------------------------------------------------------------------------------
[2024-10-09 01:00:53,518] {taskinstance.py:1377} INFO - Executing <Task(_PythonDecoratedOperator): TSLA> on 2024-09-27 00:00:00+00:00
[2024-10-09 01:00:53,532] {standard_task_runner.py:52} INFO - Started process 41401 to run task
[2024-10-09 01:00:53,538] {standard_task_runner.py:79} INFO - Running: ['airflow', 'tasks', 'run', 'get_stocks_dag', 'TSLA', 'scheduled__2024-09-27T00:00:00+00:00', '--job-id', '105', '--raw', '--subdir', 'DAGS_FOLDER/get_stocks.py', '--cfg-path', '/tmp/tmpf96wzwpd', '--error-file', '/tmp/tmp7oyt801n']
[2024-10-09 01:00:53,539] {standard_task_runner.py:80} INFO - Job 105: Subtask TSLA
[2024-10-09 01:00:53,652] {task_command.py:370} INFO - Running <TaskInstance: get_stocks_dag.TSLA scheduled__2024-09-27T00:00:00+00:00 [running]> on host ken
[2024-10-09 01:00:53,776] {taskinstance.py:1569} INFO - Exporting the following env vars:
AIRFLOW_CTX_DAG_OWNER=airflow
AIRFLOW_CTX_DAG_ID=get_stocks_dag
AIRFLOW_CTX_TASK_ID=TSLA
AIRFLOW_CTX_EXECUTION_DATE=2024-09-27T00:00:00+00:00
AIRFLOW_CTX_TRY_NUMBER=1
AIRFLOW_CTX_DAG_RUN_ID=scheduled__2024-09-27T00:00:00+00:00
[2024-10-09 01:00:54,626] {python.py:173} INFO - Done. Returned value was: None
[2024-10-09 01:00:54,777] {taskinstance.py:1395} INFO - Marking task as SUCCESS. dag_id=get_stocks_dag, task_id=TSLA, execution_date=20240927T000000, start_date=20241009T040052, end_date=20241009T040054
[2024-10-09 01:00:54,874] {local_task_job.py:156} INFO - Task exited with return code 0
[2024-10-09 01:00:54,958] {local_task_job.py:273} INFO - 0 downstream tasks scheduled from follow-on schedule check
[2024-10-09 09:34:23,636] {taskinstance.py:1159} INFO - Dependencies all met for <TaskInstance: get_stocks_dag.TSLA scheduled__2024-09-27T00:00:00+00:00 [queued]>
[2024-10-09 09:34:23,677] {taskinstance.py:1159} INFO - Dependencies all met for <TaskInstance: get_stocks_dag.TSLA scheduled__2024-09-27T00:00:00+00:00 [queued]>
[2024-10-09 09:34:23,677] {taskinstance.py:1356} INFO - 
--------------------------------------------------------------------------------
[2024-10-09 09:34:23,677] {taskinstance.py:1357} INFO - Starting attempt 1 of 1
[2024-10-09 09:34:23,677] {taskinstance.py:1358} INFO - 
--------------------------------------------------------------------------------
[2024-10-09 09:34:23,737] {taskinstance.py:1377} INFO - Executing <Task(_PythonDecoratedOperator): TSLA> on 2024-09-27 00:00:00+00:00
[2024-10-09 09:34:23,750] {standard_task_runner.py:52} INFO - Started process 15189 to run task
[2024-10-09 09:34:23,760] {standard_task_runner.py:79} INFO - Running: ['airflow', 'tasks', 'run', 'get_stocks_dag', 'TSLA', 'scheduled__2024-09-27T00:00:00+00:00', '--job-id', '168', '--raw', '--subdir', 'DAGS_FOLDER/get_stocks.py', '--cfg-path', '/tmp/tmpq401qyai', '--error-file', '/tmp/tmpftkyk2q9']
[2024-10-09 09:34:23,763] {standard_task_runner.py:80} INFO - Job 168: Subtask TSLA
[2024-10-09 09:34:24,105] {task_command.py:370} INFO - Running <TaskInstance: get_stocks_dag.TSLA scheduled__2024-09-27T00:00:00+00:00 [running]> on host ken
[2024-10-09 09:34:24,993] {taskinstance.py:1569} INFO - Exporting the following env vars:
AIRFLOW_CTX_DAG_OWNER=airflow
AIRFLOW_CTX_DAG_ID=get_stocks_dag
AIRFLOW_CTX_TASK_ID=TSLA
AIRFLOW_CTX_EXECUTION_DATE=2024-09-27T00:00:00+00:00
AIRFLOW_CTX_TRY_NUMBER=1
AIRFLOW_CTX_DAG_RUN_ID=scheduled__2024-09-27T00:00:00+00:00
[2024-10-09 09:34:25,877] {python.py:173} INFO - Done. Returned value was: None
[2024-10-09 09:34:25,909] {taskinstance.py:1395} INFO - Marking task as SUCCESS. dag_id=get_stocks_dag, task_id=TSLA, execution_date=20240927T000000, start_date=20241009T123423, end_date=20241009T123425
[2024-10-09 09:34:26,106] {local_task_job.py:156} INFO - Task exited with return code 0
[2024-10-09 09:34:26,782] {local_task_job.py:273} INFO - 0 downstream tasks scheduled from follow-on schedule check
[2024-10-09 09:43:56,572] {taskinstance.py:1159} INFO - Dependencies all met for <TaskInstance: get_stocks_dag.TSLA scheduled__2024-09-27T00:00:00+00:00 [queued]>
[2024-10-09 09:43:56,592] {taskinstance.py:1159} INFO - Dependencies all met for <TaskInstance: get_stocks_dag.TSLA scheduled__2024-09-27T00:00:00+00:00 [queued]>
[2024-10-09 09:43:56,592] {taskinstance.py:1356} INFO - 
--------------------------------------------------------------------------------
[2024-10-09 09:43:56,592] {taskinstance.py:1357} INFO - Starting attempt 1 of 1
[2024-10-09 09:43:56,592] {taskinstance.py:1358} INFO - 
--------------------------------------------------------------------------------
[2024-10-09 09:43:57,991] {taskinstance.py:1377} INFO - Executing <Task(_PythonDecoratedOperator): TSLA> on 2024-09-27 00:00:00+00:00
[2024-10-09 09:43:58,014] {standard_task_runner.py:52} INFO - Started process 23176 to run task
[2024-10-09 09:43:58,026] {standard_task_runner.py:79} INFO - Running: ['airflow', 'tasks', 'run', 'get_stocks_dag', 'TSLA', 'scheduled__2024-09-27T00:00:00+00:00', '--job-id', '233', '--raw', '--subdir', 'DAGS_FOLDER/get_stocks.py', '--cfg-path', '/tmp/tmpiu45k5nw', '--error-file', '/tmp/tmp1ri18yxy']
[2024-10-09 09:43:58,030] {standard_task_runner.py:80} INFO - Job 233: Subtask TSLA
[2024-10-09 09:43:58,435] {task_command.py:370} INFO - Running <TaskInstance: get_stocks_dag.TSLA scheduled__2024-09-27T00:00:00+00:00 [running]> on host ken
[2024-10-09 09:43:58,580] {taskinstance.py:1569} INFO - Exporting the following env vars:
AIRFLOW_CTX_DAG_OWNER=airflow
AIRFLOW_CTX_DAG_ID=get_stocks_dag
AIRFLOW_CTX_TASK_ID=TSLA
AIRFLOW_CTX_EXECUTION_DATE=2024-09-27T00:00:00+00:00
AIRFLOW_CTX_TRY_NUMBER=1
AIRFLOW_CTX_DAG_RUN_ID=scheduled__2024-09-27T00:00:00+00:00
[2024-10-09 09:43:59,572] {python.py:173} INFO - Done. Returned value was: None
[2024-10-09 09:44:00,776] {taskinstance.py:1395} INFO - Marking task as SUCCESS. dag_id=get_stocks_dag, task_id=TSLA, execution_date=20240927T000000, start_date=20241009T124356, end_date=20241009T124400
[2024-10-09 09:44:01,616] {local_task_job.py:156} INFO - Task exited with return code 0
[2024-10-09 09:44:02,443] {local_task_job.py:273} INFO - 0 downstream tasks scheduled from follow-on schedule check
[2024-10-09 09:48:05,668] {taskinstance.py:1159} INFO - Dependencies all met for <TaskInstance: get_stocks_dag.TSLA scheduled__2024-09-27T00:00:00+00:00 [queued]>
[2024-10-09 09:48:05,807] {taskinstance.py:1159} INFO - Dependencies all met for <TaskInstance: get_stocks_dag.TSLA scheduled__2024-09-27T00:00:00+00:00 [queued]>
[2024-10-09 09:48:05,807] {taskinstance.py:1356} INFO - 
--------------------------------------------------------------------------------
[2024-10-09 09:48:05,807] {taskinstance.py:1357} INFO - Starting attempt 1 of 1
[2024-10-09 09:48:05,808] {taskinstance.py:1358} INFO - 
--------------------------------------------------------------------------------
[2024-10-09 09:48:05,974] {taskinstance.py:1377} INFO - Executing <Task(_PythonDecoratedOperator): TSLA> on 2024-09-27 00:00:00+00:00
[2024-10-09 09:48:05,996] {standard_task_runner.py:52} INFO - Started process 29724 to run task
[2024-10-09 09:48:06,010] {standard_task_runner.py:79} INFO - Running: ['airflow', 'tasks', 'run', 'get_stocks_dag', 'TSLA', 'scheduled__2024-09-27T00:00:00+00:00', '--job-id', '298', '--raw', '--subdir', 'DAGS_FOLDER/get_stocks.py', '--cfg-path', '/tmp/tmp5z4mkspc', '--error-file', '/tmp/tmpgqedyzux']
[2024-10-09 09:48:06,014] {standard_task_runner.py:80} INFO - Job 298: Subtask TSLA
[2024-10-09 09:48:06,522] {task_command.py:370} INFO - Running <TaskInstance: get_stocks_dag.TSLA scheduled__2024-09-27T00:00:00+00:00 [running]> on host ken
[2024-10-09 09:48:07,110] {taskinstance.py:1569} INFO - Exporting the following env vars:
AIRFLOW_CTX_DAG_OWNER=airflow
AIRFLOW_CTX_DAG_ID=get_stocks_dag
AIRFLOW_CTX_TASK_ID=TSLA
AIRFLOW_CTX_EXECUTION_DATE=2024-09-27T00:00:00+00:00
AIRFLOW_CTX_TRY_NUMBER=1
AIRFLOW_CTX_DAG_RUN_ID=scheduled__2024-09-27T00:00:00+00:00
[2024-10-09 09:48:07,511] {python.py:173} INFO - Done. Returned value was: None
[2024-10-09 09:48:07,545] {taskinstance.py:1395} INFO - Marking task as SUCCESS. dag_id=get_stocks_dag, task_id=TSLA, execution_date=20240927T000000, start_date=20241009T124805, end_date=20241009T124807
[2024-10-09 09:48:07,636] {local_task_job.py:156} INFO - Task exited with return code 0
[2024-10-09 09:48:07,977] {local_task_job.py:273} INFO - 0 downstream tasks scheduled from follow-on schedule check
[2024-10-09 10:39:25,098] {taskinstance.py:1159} INFO - Dependencies all met for <TaskInstance: get_stocks_dag.TSLA scheduled__2024-09-27T00:00:00+00:00 [queued]>
[2024-10-09 10:39:25,122] {taskinstance.py:1159} INFO - Dependencies all met for <TaskInstance: get_stocks_dag.TSLA scheduled__2024-09-27T00:00:00+00:00 [queued]>
[2024-10-09 10:39:25,123] {taskinstance.py:1356} INFO - 
--------------------------------------------------------------------------------
[2024-10-09 10:39:25,123] {taskinstance.py:1357} INFO - Starting attempt 1 of 1
[2024-10-09 10:39:25,123] {taskinstance.py:1358} INFO - 
--------------------------------------------------------------------------------
[2024-10-09 10:39:25,210] {taskinstance.py:1377} INFO - Executing <Task(_PythonDecoratedOperator): TSLA> on 2024-09-27 00:00:00+00:00
[2024-10-09 10:39:25,227] {standard_task_runner.py:52} INFO - Started process 65838 to run task
[2024-10-09 10:39:25,235] {standard_task_runner.py:79} INFO - Running: ['airflow', 'tasks', 'run', 'get_stocks_dag', 'TSLA', 'scheduled__2024-09-27T00:00:00+00:00', '--job-id', '431', '--raw', '--subdir', 'DAGS_FOLDER/get_stocks.py', '--cfg-path', '/tmp/tmpie52kr34', '--error-file', '/tmp/tmp18zag729']
[2024-10-09 10:39:25,238] {standard_task_runner.py:80} INFO - Job 431: Subtask TSLA
[2024-10-09 10:39:25,613] {task_command.py:370} INFO - Running <TaskInstance: get_stocks_dag.TSLA scheduled__2024-09-27T00:00:00+00:00 [running]> on host ken
[2024-10-09 10:39:25,859] {taskinstance.py:1569} INFO - Exporting the following env vars:
AIRFLOW_CTX_DAG_OWNER=airflow
AIRFLOW_CTX_DAG_ID=get_stocks_dag
AIRFLOW_CTX_TASK_ID=TSLA
AIRFLOW_CTX_EXECUTION_DATE=2024-09-27T00:00:00+00:00
AIRFLOW_CTX_TRY_NUMBER=1
AIRFLOW_CTX_DAG_RUN_ID=scheduled__2024-09-27T00:00:00+00:00
[2024-10-09 10:39:36,608] {python.py:173} INFO - Done. Returned value was: None
[2024-10-09 10:39:36,663] {taskinstance.py:1395} INFO - Marking task as SUCCESS. dag_id=get_stocks_dag, task_id=TSLA, execution_date=20240927T000000, start_date=20241009T133925, end_date=20241009T133936
[2024-10-09 10:39:36,974] {local_task_job.py:156} INFO - Task exited with return code 0
[2024-10-09 10:39:37,459] {local_task_job.py:273} INFO - 0 downstream tasks scheduled from follow-on schedule check
