[2024-10-08 17:04:45,197] {taskinstance.py:1159} INFO - Dependencies all met for <TaskInstance: get_stocks_dag.AAPL scheduled__2022-01-21T00:00:00+00:00 [queued]>
[2024-10-08 17:04:45,202] {taskinstance.py:1159} INFO - Dependencies all met for <TaskInstance: get_stocks_dag.AAPL scheduled__2022-01-21T00:00:00+00:00 [queued]>
[2024-10-08 17:04:45,203] {taskinstance.py:1356} INFO - 
--------------------------------------------------------------------------------
[2024-10-08 17:04:45,203] {taskinstance.py:1357} INFO - Starting attempt 1 of 1
[2024-10-08 17:04:45,203] {taskinstance.py:1358} INFO - 
--------------------------------------------------------------------------------
[2024-10-08 17:04:45,830] {taskinstance.py:1377} INFO - Executing <Task(_PythonDecoratedOperator): AAPL> on 2022-01-21 00:00:00+00:00
[2024-10-08 17:04:45,840] {standard_task_runner.py:52} INFO - Started process 27730 to run task
[2024-10-08 17:04:45,848] {standard_task_runner.py:79} INFO - Running: ['airflow', 'tasks', 'run', 'get_stocks_dag', 'AAPL', 'scheduled__2022-01-21T00:00:00+00:00', '--job-id', '79', '--raw', '--subdir', 'DAGS_FOLDER/get_stocks.py', '--cfg-path', '/tmp/tmpki1ctg3v', '--error-file', '/tmp/tmp0wgwg_rr']
[2024-10-08 17:04:45,849] {standard_task_runner.py:80} INFO - Job 79: Subtask AAPL
[2024-10-08 17:04:46,129] {task_command.py:370} INFO - Running <TaskInstance: get_stocks_dag.AAPL scheduled__2022-01-21T00:00:00+00:00 [running]> on host ken
[2024-10-08 17:04:46,405] {taskinstance.py:1569} INFO - Exporting the following env vars:
AIRFLOW_CTX_DAG_OWNER=airflow
AIRFLOW_CTX_DAG_ID=get_stocks_dag
AIRFLOW_CTX_TASK_ID=AAPL
AIRFLOW_CTX_EXECUTION_DATE=2022-01-21T00:00:00+00:00
AIRFLOW_CTX_TRY_NUMBER=1
AIRFLOW_CTX_DAG_RUN_ID=scheduled__2022-01-21T00:00:00+00:00
[2024-10-08 17:04:50,280] {history.py:244} ERROR - $AAPL: possibly delisted; no price data found  (1h 2022-01-20 -> 2022-01-21) (Yahoo error = "1h data not available for startTime=1642654800 and endTime=1642741200. The requested range must be within the last 730 days.")
[2024-10-08 17:04:50,284] {python.py:173} INFO - Done. Returned value was: None
[2024-10-08 17:04:50,295] {taskinstance.py:1395} INFO - Marking task as SUCCESS. dag_id=get_stocks_dag, task_id=AAPL, execution_date=20220121T000000, start_date=20241008T200445, end_date=20241008T200450
[2024-10-08 17:04:52,351] {local_task_job.py:156} INFO - Task exited with return code 0
[2024-10-08 17:04:52,367] {local_task_job.py:273} INFO - 0 downstream tasks scheduled from follow-on schedule check
