[2024-10-08 17:03:19,798] {taskinstance.py:1159} INFO - Dependencies all met for <TaskInstance: get_stocks_dag.GOOG scheduled__2022-01-19T00:00:00+00:00 [queued]>
[2024-10-08 17:03:19,804] {taskinstance.py:1159} INFO - Dependencies all met for <TaskInstance: get_stocks_dag.GOOG scheduled__2022-01-19T00:00:00+00:00 [queued]>
[2024-10-08 17:03:19,804] {taskinstance.py:1356} INFO - 
--------------------------------------------------------------------------------
[2024-10-08 17:03:19,804] {taskinstance.py:1357} INFO - Starting attempt 1 of 1
[2024-10-08 17:03:19,804] {taskinstance.py:1358} INFO - 
--------------------------------------------------------------------------------
[2024-10-08 17:03:20,415] {taskinstance.py:1377} INFO - Executing <Task(_PythonDecoratedOperator): GOOG> on 2022-01-19 00:00:00+00:00
[2024-10-08 17:03:20,425] {standard_task_runner.py:52} INFO - Started process 26656 to run task
[2024-10-08 17:03:20,432] {standard_task_runner.py:79} INFO - Running: ['airflow', 'tasks', 'run', 'get_stocks_dag', 'GOOG', 'scheduled__2022-01-19T00:00:00+00:00', '--job-id', '73', '--raw', '--subdir', 'DAGS_FOLDER/get_stocks.py', '--cfg-path', '/tmp/tmphl1l82es', '--error-file', '/tmp/tmp630p6fki']
[2024-10-08 17:03:20,434] {standard_task_runner.py:80} INFO - Job 73: Subtask GOOG
[2024-10-08 17:03:21,658] {task_command.py:370} INFO - Running <TaskInstance: get_stocks_dag.GOOG scheduled__2022-01-19T00:00:00+00:00 [running]> on host ken
[2024-10-08 17:03:22,008] {taskinstance.py:1569} INFO - Exporting the following env vars:
AIRFLOW_CTX_DAG_OWNER=airflow
AIRFLOW_CTX_DAG_ID=get_stocks_dag
AIRFLOW_CTX_TASK_ID=GOOG
AIRFLOW_CTX_EXECUTION_DATE=2022-01-19T00:00:00+00:00
AIRFLOW_CTX_TRY_NUMBER=1
AIRFLOW_CTX_DAG_RUN_ID=scheduled__2022-01-19T00:00:00+00:00
[2024-10-08 17:03:26,250] {history.py:244} ERROR - $GOOG: possibly delisted; no price data found  (1h 2022-01-18 -> 2022-01-19) (Yahoo error = "1h data not available for startTime=1642482000 and endTime=1642568400. The requested range must be within the last 730 days.")
[2024-10-08 17:03:26,257] {python.py:173} INFO - Done. Returned value was: None
[2024-10-08 17:03:26,273] {taskinstance.py:1395} INFO - Marking task as SUCCESS. dag_id=get_stocks_dag, task_id=GOOG, execution_date=20220119T000000, start_date=20241008T200319, end_date=20241008T200326
[2024-10-08 17:03:27,765] {local_task_job.py:156} INFO - Task exited with return code 0
[2024-10-08 17:03:27,776] {local_task_job.py:273} INFO - 0 downstream tasks scheduled from follow-on schedule check
