[2024-10-09 10:34:37,543] {taskinstance.py:1159} INFO - Dependencies all met for <TaskInstance: get_crypto_dag.ETH scheduled__2024-09-21T00:00:00+00:00 [queued]>
[2024-10-09 10:34:37,551] {taskinstance.py:1159} INFO - Dependencies all met for <TaskInstance: get_crypto_dag.ETH scheduled__2024-09-21T00:00:00+00:00 [queued]>
[2024-10-09 10:34:37,551] {taskinstance.py:1356} INFO - 
--------------------------------------------------------------------------------
[2024-10-09 10:34:37,551] {taskinstance.py:1357} INFO - Starting attempt 1 of 1
[2024-10-09 10:34:37,551] {taskinstance.py:1358} INFO - 
--------------------------------------------------------------------------------
[2024-10-09 10:34:37,586] {taskinstance.py:1377} INFO - Executing <Task(_PythonDecoratedOperator): ETH> on 2024-09-21 00:00:00+00:00
[2024-10-09 10:34:37,594] {standard_task_runner.py:52} INFO - Started process 59126 to run task
[2024-10-09 10:34:37,598] {standard_task_runner.py:79} INFO - Running: ['airflow', 'tasks', 'run', 'get_crypto_dag', 'ETH', 'scheduled__2024-09-21T00:00:00+00:00', '--job-id', '392', '--raw', '--subdir', 'DAGS_FOLDER/get_crypto.py', '--cfg-path', '/tmp/tmps3hgzrs5', '--error-file', '/tmp/tmpzzm5jel8']
[2024-10-09 10:34:37,599] {standard_task_runner.py:80} INFO - Job 392: Subtask ETH
[2024-10-09 10:34:38,260] {task_command.py:370} INFO - Running <TaskInstance: get_crypto_dag.ETH scheduled__2024-09-21T00:00:00+00:00 [running]> on host ken
[2024-10-09 10:34:38,438] {taskinstance.py:1569} INFO - Exporting the following env vars:
AIRFLOW_CTX_DAG_OWNER=airflow
AIRFLOW_CTX_DAG_ID=get_crypto_dag
AIRFLOW_CTX_TASK_ID=ETH
AIRFLOW_CTX_EXECUTION_DATE=2024-09-21T00:00:00+00:00
AIRFLOW_CTX_TRY_NUMBER=1
AIRFLOW_CTX_DAG_RUN_ID=scheduled__2024-09-21T00:00:00+00:00
[2024-10-09 10:34:49,325] {python.py:173} INFO - Done. Returned value was: None
[2024-10-09 10:34:49,370] {taskinstance.py:1395} INFO - Marking task as SUCCESS. dag_id=get_crypto_dag, task_id=ETH, execution_date=20240921T000000, start_date=20241009T133437, end_date=20241009T133449
[2024-10-09 10:34:49,457] {local_task_job.py:156} INFO - Task exited with return code 0
[2024-10-09 10:34:49,686] {local_task_job.py:273} INFO - 0 downstream tasks scheduled from follow-on schedule check
