[2024-10-08 23:22:01,776] {taskinstance.py:1159} INFO - Dependencies all met for <TaskInstance: get_stocks_dag.GOOG scheduled__2024-10-05T00:00:00+00:00 [queued]>
[2024-10-08 23:22:01,806] {taskinstance.py:1159} INFO - Dependencies all met for <TaskInstance: get_stocks_dag.GOOG scheduled__2024-10-05T00:00:00+00:00 [queued]>
[2024-10-08 23:22:01,807] {taskinstance.py:1356} INFO - 
--------------------------------------------------------------------------------
[2024-10-08 23:22:01,807] {taskinstance.py:1357} INFO - Starting attempt 1 of 1
[2024-10-08 23:22:01,807] {taskinstance.py:1358} INFO - 
--------------------------------------------------------------------------------
[2024-10-08 23:22:02,342] {taskinstance.py:1377} INFO - Executing <Task(_PythonDecoratedOperator): GOOG> on 2024-10-05 00:00:00+00:00
[2024-10-08 23:22:02,386] {standard_task_runner.py:52} INFO - Started process 23595 to run task
[2024-10-08 23:22:02,395] {standard_task_runner.py:79} INFO - Running: ['airflow', 'tasks', 'run', 'get_stocks_dag', 'GOOG', 'scheduled__2024-10-05T00:00:00+00:00', '--job-id', '61', '--raw', '--subdir', 'DAGS_FOLDER/get_stocks.py', '--cfg-path', '/tmp/tmpq4cl1749', '--error-file', '/tmp/tmpako58es6']
[2024-10-08 23:22:02,397] {standard_task_runner.py:80} INFO - Job 61: Subtask GOOG
[2024-10-08 23:22:02,776] {task_command.py:370} INFO - Running <TaskInstance: get_stocks_dag.GOOG scheduled__2024-10-05T00:00:00+00:00 [running]> on host ken
[2024-10-08 23:22:03,053] {taskinstance.py:1569} INFO - Exporting the following env vars:
AIRFLOW_CTX_DAG_OWNER=airflow
AIRFLOW_CTX_DAG_ID=get_stocks_dag
AIRFLOW_CTX_TASK_ID=GOOG
AIRFLOW_CTX_EXECUTION_DATE=2024-10-05T00:00:00+00:00
AIRFLOW_CTX_TRY_NUMBER=1
AIRFLOW_CTX_DAG_RUN_ID=scheduled__2024-10-05T00:00:00+00:00
[2024-10-08 23:22:04,414] {python.py:173} INFO - Done. Returned value was: None
[2024-10-08 23:22:04,445] {taskinstance.py:1395} INFO - Marking task as SUCCESS. dag_id=get_stocks_dag, task_id=GOOG, execution_date=20241005T000000, start_date=20241009T022201, end_date=20241009T022204
[2024-10-08 23:22:04,523] {local_task_job.py:156} INFO - Task exited with return code 0
[2024-10-08 23:22:04,602] {local_task_job.py:273} INFO - 0 downstream tasks scheduled from follow-on schedule check
[2024-10-09 01:02:33,105] {taskinstance.py:1159} INFO - Dependencies all met for <TaskInstance: get_stocks_dag.GOOG scheduled__2024-10-05T00:00:00+00:00 [queued]>
[2024-10-09 01:02:33,132] {taskinstance.py:1159} INFO - Dependencies all met for <TaskInstance: get_stocks_dag.GOOG scheduled__2024-10-05T00:00:00+00:00 [queued]>
[2024-10-09 01:02:33,132] {taskinstance.py:1356} INFO - 
--------------------------------------------------------------------------------
[2024-10-09 01:02:33,132] {taskinstance.py:1357} INFO - Starting attempt 1 of 1
[2024-10-09 01:02:33,132] {taskinstance.py:1358} INFO - 
--------------------------------------------------------------------------------
[2024-10-09 01:02:33,177] {taskinstance.py:1377} INFO - Executing <Task(_PythonDecoratedOperator): GOOG> on 2024-10-05 00:00:00+00:00
[2024-10-09 01:02:33,184] {standard_task_runner.py:52} INFO - Started process 45745 to run task
[2024-10-09 01:02:33,189] {standard_task_runner.py:79} INFO - Running: ['airflow', 'tasks', 'run', 'get_stocks_dag', 'GOOG', 'scheduled__2024-10-05T00:00:00+00:00', '--job-id', '127', '--raw', '--subdir', 'DAGS_FOLDER/get_stocks.py', '--cfg-path', '/tmp/tmppw5yh7u8', '--error-file', '/tmp/tmp9gajg9he']
[2024-10-09 01:02:33,190] {standard_task_runner.py:80} INFO - Job 127: Subtask GOOG
[2024-10-09 01:02:33,300] {task_command.py:370} INFO - Running <TaskInstance: get_stocks_dag.GOOG scheduled__2024-10-05T00:00:00+00:00 [running]> on host ken
[2024-10-09 01:02:33,434] {taskinstance.py:1569} INFO - Exporting the following env vars:
AIRFLOW_CTX_DAG_OWNER=airflow
AIRFLOW_CTX_DAG_ID=get_stocks_dag
AIRFLOW_CTX_TASK_ID=GOOG
AIRFLOW_CTX_EXECUTION_DATE=2024-10-05T00:00:00+00:00
AIRFLOW_CTX_TRY_NUMBER=1
AIRFLOW_CTX_DAG_RUN_ID=scheduled__2024-10-05T00:00:00+00:00
[2024-10-09 01:02:46,686] {history.py:244} ERROR - $GOOG: possibly delisted; no price data found  (1h 2024-10-04 -> 2024-10-05)
[2024-10-09 01:02:46,696] {python.py:173} INFO - Done. Returned value was: None
[2024-10-09 01:02:46,724] {taskinstance.py:1395} INFO - Marking task as SUCCESS. dag_id=get_stocks_dag, task_id=GOOG, execution_date=20241005T000000, start_date=20241009T040233, end_date=20241009T040246
[2024-10-09 01:02:46,781] {local_task_job.py:156} INFO - Task exited with return code 0
[2024-10-09 01:02:46,832] {local_task_job.py:273} INFO - 0 downstream tasks scheduled from follow-on schedule check
[2024-10-09 09:35:21,329] {taskinstance.py:1159} INFO - Dependencies all met for <TaskInstance: get_stocks_dag.GOOG scheduled__2024-10-05T00:00:00+00:00 [queued]>
[2024-10-09 09:35:21,373] {taskinstance.py:1159} INFO - Dependencies all met for <TaskInstance: get_stocks_dag.GOOG scheduled__2024-10-05T00:00:00+00:00 [queued]>
[2024-10-09 09:35:21,373] {taskinstance.py:1356} INFO - 
--------------------------------------------------------------------------------
[2024-10-09 09:35:21,373] {taskinstance.py:1357} INFO - Starting attempt 1 of 1
[2024-10-09 09:35:21,373] {taskinstance.py:1358} INFO - 
--------------------------------------------------------------------------------
[2024-10-09 09:35:21,541] {taskinstance.py:1377} INFO - Executing <Task(_PythonDecoratedOperator): GOOG> on 2024-10-05 00:00:00+00:00
[2024-10-09 09:35:21,554] {standard_task_runner.py:52} INFO - Started process 17197 to run task
[2024-10-09 09:35:21,561] {standard_task_runner.py:79} INFO - Running: ['airflow', 'tasks', 'run', 'get_stocks_dag', 'GOOG', 'scheduled__2024-10-05T00:00:00+00:00', '--job-id', '192', '--raw', '--subdir', 'DAGS_FOLDER/get_stocks.py', '--cfg-path', '/tmp/tmpe6y82q1p', '--error-file', '/tmp/tmptoeq9_nd']
[2024-10-09 09:35:21,562] {standard_task_runner.py:80} INFO - Job 192: Subtask GOOG
[2024-10-09 09:35:21,908] {task_command.py:370} INFO - Running <TaskInstance: get_stocks_dag.GOOG scheduled__2024-10-05T00:00:00+00:00 [running]> on host ken
[2024-10-09 09:35:23,538] {taskinstance.py:1569} INFO - Exporting the following env vars:
AIRFLOW_CTX_DAG_OWNER=airflow
AIRFLOW_CTX_DAG_ID=get_stocks_dag
AIRFLOW_CTX_TASK_ID=GOOG
AIRFLOW_CTX_EXECUTION_DATE=2024-10-05T00:00:00+00:00
AIRFLOW_CTX_TRY_NUMBER=1
AIRFLOW_CTX_DAG_RUN_ID=scheduled__2024-10-05T00:00:00+00:00
[2024-10-09 09:35:24,876] {python.py:173} INFO - Done. Returned value was: None
[2024-10-09 09:35:25,249] {taskinstance.py:1395} INFO - Marking task as SUCCESS. dag_id=get_stocks_dag, task_id=GOOG, execution_date=20241005T000000, start_date=20241009T123521, end_date=20241009T123525
[2024-10-09 09:35:25,360] {local_task_job.py:156} INFO - Task exited with return code 0
[2024-10-09 09:35:25,781] {local_task_job.py:273} INFO - 0 downstream tasks scheduled from follow-on schedule check
[2024-10-09 09:44:51,440] {taskinstance.py:1159} INFO - Dependencies all met for <TaskInstance: get_stocks_dag.GOOG scheduled__2024-10-05T00:00:00+00:00 [queued]>
[2024-10-09 09:44:51,466] {taskinstance.py:1159} INFO - Dependencies all met for <TaskInstance: get_stocks_dag.GOOG scheduled__2024-10-05T00:00:00+00:00 [queued]>
[2024-10-09 09:44:51,466] {taskinstance.py:1356} INFO - 
--------------------------------------------------------------------------------
[2024-10-09 09:44:51,466] {taskinstance.py:1357} INFO - Starting attempt 1 of 1
[2024-10-09 09:44:51,466] {taskinstance.py:1358} INFO - 
--------------------------------------------------------------------------------
[2024-10-09 09:44:51,501] {taskinstance.py:1377} INFO - Executing <Task(_PythonDecoratedOperator): GOOG> on 2024-10-05 00:00:00+00:00
[2024-10-09 09:44:51,512] {standard_task_runner.py:52} INFO - Started process 25009 to run task
[2024-10-09 09:44:51,517] {standard_task_runner.py:79} INFO - Running: ['airflow', 'tasks', 'run', 'get_stocks_dag', 'GOOG', 'scheduled__2024-10-05T00:00:00+00:00', '--job-id', '256', '--raw', '--subdir', 'DAGS_FOLDER/get_stocks.py', '--cfg-path', '/tmp/tmp4eajdv81', '--error-file', '/tmp/tmp14c7cqq1']
[2024-10-09 09:44:51,518] {standard_task_runner.py:80} INFO - Job 256: Subtask GOOG
[2024-10-09 09:44:51,785] {task_command.py:370} INFO - Running <TaskInstance: get_stocks_dag.GOOG scheduled__2024-10-05T00:00:00+00:00 [running]> on host ken
[2024-10-09 09:44:51,918] {taskinstance.py:1569} INFO - Exporting the following env vars:
AIRFLOW_CTX_DAG_OWNER=airflow
AIRFLOW_CTX_DAG_ID=get_stocks_dag
AIRFLOW_CTX_TASK_ID=GOOG
AIRFLOW_CTX_EXECUTION_DATE=2024-10-05T00:00:00+00:00
AIRFLOW_CTX_TRY_NUMBER=1
AIRFLOW_CTX_DAG_RUN_ID=scheduled__2024-10-05T00:00:00+00:00
[2024-10-09 09:44:52,567] {python.py:173} INFO - Done. Returned value was: None
[2024-10-09 09:44:53,777] {taskinstance.py:1395} INFO - Marking task as SUCCESS. dag_id=get_stocks_dag, task_id=GOOG, execution_date=20241005T000000, start_date=20241009T124451, end_date=20241009T124453
[2024-10-09 09:44:54,420] {local_task_job.py:156} INFO - Task exited with return code 0
[2024-10-09 09:44:55,815] {local_task_job.py:273} INFO - 0 downstream tasks scheduled from follow-on schedule check
[2024-10-09 09:48:59,290] {taskinstance.py:1159} INFO - Dependencies all met for <TaskInstance: get_stocks_dag.GOOG scheduled__2024-10-05T00:00:00+00:00 [queued]>
[2024-10-09 09:48:59,323] {taskinstance.py:1159} INFO - Dependencies all met for <TaskInstance: get_stocks_dag.GOOG scheduled__2024-10-05T00:00:00+00:00 [queued]>
[2024-10-09 09:48:59,323] {taskinstance.py:1356} INFO - 
--------------------------------------------------------------------------------
[2024-10-09 09:48:59,323] {taskinstance.py:1357} INFO - Starting attempt 1 of 1
[2024-10-09 09:48:59,323] {taskinstance.py:1358} INFO - 
--------------------------------------------------------------------------------
[2024-10-09 09:48:59,371] {taskinstance.py:1377} INFO - Executing <Task(_PythonDecoratedOperator): GOOG> on 2024-10-05 00:00:00+00:00
[2024-10-09 09:48:59,383] {standard_task_runner.py:52} INFO - Started process 31786 to run task
[2024-10-09 09:48:59,392] {standard_task_runner.py:79} INFO - Running: ['airflow', 'tasks', 'run', 'get_stocks_dag', 'GOOG', 'scheduled__2024-10-05T00:00:00+00:00', '--job-id', '319', '--raw', '--subdir', 'DAGS_FOLDER/get_stocks.py', '--cfg-path', '/tmp/tmphyr9uc60', '--error-file', '/tmp/tmpyvdvefub']
[2024-10-09 09:48:59,394] {standard_task_runner.py:80} INFO - Job 319: Subtask GOOG
[2024-10-09 09:48:59,840] {task_command.py:370} INFO - Running <TaskInstance: get_stocks_dag.GOOG scheduled__2024-10-05T00:00:00+00:00 [running]> on host ken
[2024-10-09 09:49:00,191] {taskinstance.py:1569} INFO - Exporting the following env vars:
AIRFLOW_CTX_DAG_OWNER=airflow
AIRFLOW_CTX_DAG_ID=get_stocks_dag
AIRFLOW_CTX_TASK_ID=GOOG
AIRFLOW_CTX_EXECUTION_DATE=2024-10-05T00:00:00+00:00
AIRFLOW_CTX_TRY_NUMBER=1
AIRFLOW_CTX_DAG_RUN_ID=scheduled__2024-10-05T00:00:00+00:00
[2024-10-09 09:49:00,674] {python.py:173} INFO - Done. Returned value was: None
[2024-10-09 09:49:00,810] {taskinstance.py:1395} INFO - Marking task as SUCCESS. dag_id=get_stocks_dag, task_id=GOOG, execution_date=20241005T000000, start_date=20241009T124859, end_date=20241009T124900
[2024-10-09 09:49:00,930] {local_task_job.py:156} INFO - Task exited with return code 0
[2024-10-09 09:49:01,437] {local_task_job.py:273} INFO - 0 downstream tasks scheduled from follow-on schedule check
[2024-10-09 10:46:33,471] {taskinstance.py:1159} INFO - Dependencies all met for <TaskInstance: get_stocks_dag.GOOG scheduled__2024-10-05T00:00:00+00:00 [queued]>
[2024-10-09 10:46:33,522] {taskinstance.py:1159} INFO - Dependencies all met for <TaskInstance: get_stocks_dag.GOOG scheduled__2024-10-05T00:00:00+00:00 [queued]>
[2024-10-09 10:46:33,523] {taskinstance.py:1356} INFO - 
--------------------------------------------------------------------------------
[2024-10-09 10:46:33,523] {taskinstance.py:1357} INFO - Starting attempt 1 of 1
[2024-10-09 10:46:33,523] {taskinstance.py:1358} INFO - 
--------------------------------------------------------------------------------
[2024-10-09 10:46:33,585] {taskinstance.py:1377} INFO - Executing <Task(_PythonDecoratedOperator): GOOG> on 2024-10-05 00:00:00+00:00
[2024-10-09 10:46:33,596] {standard_task_runner.py:52} INFO - Started process 76189 to run task
[2024-10-09 10:46:33,604] {standard_task_runner.py:79} INFO - Running: ['airflow', 'tasks', 'run', 'get_stocks_dag', 'GOOG', 'scheduled__2024-10-05T00:00:00+00:00', '--job-id', '485', '--raw', '--subdir', 'DAGS_FOLDER/get_stocks.py', '--cfg-path', '/tmp/tmpx18_c7qv', '--error-file', '/tmp/tmpjf0mn3xz']
[2024-10-09 10:46:33,605] {standard_task_runner.py:80} INFO - Job 485: Subtask GOOG
[2024-10-09 10:46:34,152] {task_command.py:370} INFO - Running <TaskInstance: get_stocks_dag.GOOG scheduled__2024-10-05T00:00:00+00:00 [running]> on host ken
[2024-10-09 10:46:34,412] {taskinstance.py:1569} INFO - Exporting the following env vars:
AIRFLOW_CTX_DAG_OWNER=airflow
AIRFLOW_CTX_DAG_ID=get_stocks_dag
AIRFLOW_CTX_TASK_ID=GOOG
AIRFLOW_CTX_EXECUTION_DATE=2024-10-05T00:00:00+00:00
AIRFLOW_CTX_TRY_NUMBER=1
AIRFLOW_CTX_DAG_RUN_ID=scheduled__2024-10-05T00:00:00+00:00
[2024-10-09 10:46:45,006] {python.py:173} INFO - Done. Returned value was: None
[2024-10-09 10:46:45,038] {taskinstance.py:1395} INFO - Marking task as SUCCESS. dag_id=get_stocks_dag, task_id=GOOG, execution_date=20241005T000000, start_date=20241009T134633, end_date=20241009T134645
[2024-10-09 10:46:45,675] {local_task_job.py:156} INFO - Task exited with return code 0
[2024-10-09 10:46:46,005] {local_task_job.py:273} INFO - 0 downstream tasks scheduled from follow-on schedule check
