[2024-10-09 10:41:05,756] {taskinstance.py:1159} INFO - Dependencies all met for <TaskInstance: get_crypto_dag.AVAX scheduled__2024-09-29T00:00:00+00:00 [queued]>
[2024-10-09 10:41:05,889] {taskinstance.py:1159} INFO - Dependencies all met for <TaskInstance: get_crypto_dag.AVAX scheduled__2024-09-29T00:00:00+00:00 [queued]>
[2024-10-09 10:41:05,890] {taskinstance.py:1356} INFO - 
--------------------------------------------------------------------------------
[2024-10-09 10:41:05,890] {taskinstance.py:1357} INFO - Starting attempt 1 of 1
[2024-10-09 10:41:05,890] {taskinstance.py:1358} INFO - 
--------------------------------------------------------------------------------
[2024-10-09 10:41:06,174] {taskinstance.py:1377} INFO - Executing <Task(_PythonDecoratedOperator): AVAX> on 2024-09-29 00:00:00+00:00
[2024-10-09 10:41:06,181] {standard_task_runner.py:52} INFO - Started process 68106 to run task
[2024-10-09 10:41:06,188] {standard_task_runner.py:79} INFO - Running: ['airflow', 'tasks', 'run', 'get_crypto_dag', 'AVAX', 'scheduled__2024-09-29T00:00:00+00:00', '--job-id', '443', '--raw', '--subdir', 'DAGS_FOLDER/get_crypto.py', '--cfg-path', '/tmp/tmphw4onj5l', '--error-file', '/tmp/tmphb88_ewd']
[2024-10-09 10:41:06,190] {standard_task_runner.py:80} INFO - Job 443: Subtask AVAX
[2024-10-09 10:41:06,799] {task_command.py:370} INFO - Running <TaskInstance: get_crypto_dag.AVAX scheduled__2024-09-29T00:00:00+00:00 [running]> on host ken
[2024-10-09 10:41:08,017] {taskinstance.py:1569} INFO - Exporting the following env vars:
AIRFLOW_CTX_DAG_OWNER=airflow
AIRFLOW_CTX_DAG_ID=get_crypto_dag
AIRFLOW_CTX_TASK_ID=AVAX
AIRFLOW_CTX_EXECUTION_DATE=2024-09-29T00:00:00+00:00
AIRFLOW_CTX_TRY_NUMBER=1
AIRFLOW_CTX_DAG_RUN_ID=scheduled__2024-09-29T00:00:00+00:00
[2024-10-09 10:41:12,075] {history.py:122} ERROR - $AVAX: possibly delisted; no timezone found
[2024-10-09 10:41:22,093] {python.py:173} INFO - Done. Returned value was: None
[2024-10-09 10:41:22,137] {taskinstance.py:1395} INFO - Marking task as SUCCESS. dag_id=get_crypto_dag, task_id=AVAX, execution_date=20240929T000000, start_date=20241009T134105, end_date=20241009T134122
[2024-10-09 10:41:22,290] {local_task_job.py:156} INFO - Task exited with return code 0
[2024-10-09 10:41:22,819] {local_task_job.py:273} INFO - 0 downstream tasks scheduled from follow-on schedule check
