[2024-10-08 17:21:22,617] {taskinstance.py:1159} INFO - Dependencies all met for <TaskInstance: get_stocks_dag.MSFT scheduled__2024-10-01T00:00:00+00:00 [queued]>
[2024-10-08 17:21:22,623] {taskinstance.py:1159} INFO - Dependencies all met for <TaskInstance: get_stocks_dag.MSFT scheduled__2024-10-01T00:00:00+00:00 [queued]>
[2024-10-08 17:21:22,623] {taskinstance.py:1356} INFO - 
--------------------------------------------------------------------------------
[2024-10-08 17:21:22,624] {taskinstance.py:1357} INFO - Starting attempt 1 of 1
[2024-10-08 17:21:22,624] {taskinstance.py:1358} INFO - 
--------------------------------------------------------------------------------
[2024-10-08 17:21:24,373] {taskinstance.py:1377} INFO - Executing <Task(_PythonDecoratedOperator): MSFT> on 2024-10-01 00:00:00+00:00
[2024-10-08 17:21:24,384] {standard_task_runner.py:52} INFO - Started process 39033 to run task
[2024-10-08 17:21:24,393] {standard_task_runner.py:79} INFO - Running: ['airflow', 'tasks', 'run', 'get_stocks_dag', 'MSFT', 'scheduled__2024-10-01T00:00:00+00:00', '--job-id', '179', '--raw', '--subdir', 'DAGS_FOLDER/get_stocks.py', '--cfg-path', '/tmp/tmp3jg6ri05', '--error-file', '/tmp/tmpiqeymq2c']
[2024-10-08 17:21:24,396] {standard_task_runner.py:80} INFO - Job 179: Subtask MSFT
[2024-10-08 17:21:25,722] {task_command.py:370} INFO - Running <TaskInstance: get_stocks_dag.MSFT scheduled__2024-10-01T00:00:00+00:00 [running]> on host ken
[2024-10-08 17:21:28,645] {taskinstance.py:1569} INFO - Exporting the following env vars:
AIRFLOW_CTX_DAG_OWNER=airflow
AIRFLOW_CTX_DAG_ID=get_stocks_dag
AIRFLOW_CTX_TASK_ID=MSFT
AIRFLOW_CTX_EXECUTION_DATE=2024-10-01T00:00:00+00:00
AIRFLOW_CTX_TRY_NUMBER=1
AIRFLOW_CTX_DAG_RUN_ID=scheduled__2024-10-01T00:00:00+00:00
[2024-10-08 17:21:29,662] {python.py:173} INFO - Done. Returned value was: None
[2024-10-08 17:21:29,667] {taskinstance.py:1395} INFO - Marking task as SUCCESS. dag_id=get_stocks_dag, task_id=MSFT, execution_date=20241001T000000, start_date=20241008T202122, end_date=20241008T202129
[2024-10-08 17:21:30,313] {local_task_job.py:156} INFO - Task exited with return code 0
[2024-10-08 17:21:30,323] {local_task_job.py:273} INFO - 0 downstream tasks scheduled from follow-on schedule check
[2024-10-08 23:21:44,768] {taskinstance.py:1159} INFO - Dependencies all met for <TaskInstance: get_stocks_dag.MSFT scheduled__2024-10-01T00:00:00+00:00 [queued]>
[2024-10-08 23:21:44,826] {taskinstance.py:1159} INFO - Dependencies all met for <TaskInstance: get_stocks_dag.MSFT scheduled__2024-10-01T00:00:00+00:00 [queued]>
[2024-10-08 23:21:44,827] {taskinstance.py:1356} INFO - 
--------------------------------------------------------------------------------
[2024-10-08 23:21:44,828] {taskinstance.py:1357} INFO - Starting attempt 1 of 1
[2024-10-08 23:21:44,829] {taskinstance.py:1358} INFO - 
--------------------------------------------------------------------------------
[2024-10-08 23:21:44,886] {taskinstance.py:1377} INFO - Executing <Task(_PythonDecoratedOperator): MSFT> on 2024-10-01 00:00:00+00:00
[2024-10-08 23:21:44,898] {standard_task_runner.py:52} INFO - Started process 22354 to run task
[2024-10-08 23:21:44,912] {standard_task_runner.py:79} INFO - Running: ['airflow', 'tasks', 'run', 'get_stocks_dag', 'MSFT', 'scheduled__2024-10-01T00:00:00+00:00', '--job-id', '42', '--raw', '--subdir', 'DAGS_FOLDER/get_stocks.py', '--cfg-path', '/tmp/tmpl7f3979p', '--error-file', '/tmp/tmpa35jjrgu']
[2024-10-08 23:21:44,913] {standard_task_runner.py:80} INFO - Job 42: Subtask MSFT
[2024-10-08 23:21:45,147] {task_command.py:370} INFO - Running <TaskInstance: get_stocks_dag.MSFT scheduled__2024-10-01T00:00:00+00:00 [running]> on host ken
[2024-10-08 23:21:45,411] {taskinstance.py:1569} INFO - Exporting the following env vars:
AIRFLOW_CTX_DAG_OWNER=airflow
AIRFLOW_CTX_DAG_ID=get_stocks_dag
AIRFLOW_CTX_TASK_ID=MSFT
AIRFLOW_CTX_EXECUTION_DATE=2024-10-01T00:00:00+00:00
AIRFLOW_CTX_TRY_NUMBER=1
AIRFLOW_CTX_DAG_RUN_ID=scheduled__2024-10-01T00:00:00+00:00
[2024-10-08 23:21:47,423] {python.py:173} INFO - Done. Returned value was: None
[2024-10-08 23:21:47,458] {taskinstance.py:1395} INFO - Marking task as SUCCESS. dag_id=get_stocks_dag, task_id=MSFT, execution_date=20241001T000000, start_date=20241009T022144, end_date=20241009T022147
[2024-10-08 23:21:48,715] {local_task_job.py:156} INFO - Task exited with return code 0
[2024-10-08 23:21:48,846] {local_task_job.py:273} INFO - 0 downstream tasks scheduled from follow-on schedule check
[2024-10-09 01:01:14,722] {taskinstance.py:1159} INFO - Dependencies all met for <TaskInstance: get_stocks_dag.MSFT scheduled__2024-10-01T00:00:00+00:00 [queued]>
[2024-10-09 01:01:14,863] {taskinstance.py:1159} INFO - Dependencies all met for <TaskInstance: get_stocks_dag.MSFT scheduled__2024-10-01T00:00:00+00:00 [queued]>
[2024-10-09 01:01:14,863] {taskinstance.py:1356} INFO - 
--------------------------------------------------------------------------------
[2024-10-09 01:01:14,864] {taskinstance.py:1357} INFO - Starting attempt 1 of 1
[2024-10-09 01:01:14,864] {taskinstance.py:1358} INFO - 
--------------------------------------------------------------------------------
[2024-10-09 01:01:15,029] {taskinstance.py:1377} INFO - Executing <Task(_PythonDecoratedOperator): MSFT> on 2024-10-01 00:00:00+00:00
[2024-10-09 01:01:15,044] {standard_task_runner.py:52} INFO - Started process 42202 to run task
[2024-10-09 01:01:15,055] {standard_task_runner.py:79} INFO - Running: ['airflow', 'tasks', 'run', 'get_stocks_dag', 'MSFT', 'scheduled__2024-10-01T00:00:00+00:00', '--job-id', '110', '--raw', '--subdir', 'DAGS_FOLDER/get_stocks.py', '--cfg-path', '/tmp/tmpup0n8o_8', '--error-file', '/tmp/tmpq02_e311']
[2024-10-09 01:01:15,056] {standard_task_runner.py:80} INFO - Job 110: Subtask MSFT
[2024-10-09 01:01:15,194] {task_command.py:370} INFO - Running <TaskInstance: get_stocks_dag.MSFT scheduled__2024-10-01T00:00:00+00:00 [running]> on host ken
[2024-10-09 01:01:15,387] {taskinstance.py:1569} INFO - Exporting the following env vars:
AIRFLOW_CTX_DAG_OWNER=airflow
AIRFLOW_CTX_DAG_ID=get_stocks_dag
AIRFLOW_CTX_TASK_ID=MSFT
AIRFLOW_CTX_EXECUTION_DATE=2024-10-01T00:00:00+00:00
AIRFLOW_CTX_TRY_NUMBER=1
AIRFLOW_CTX_DAG_RUN_ID=scheduled__2024-10-01T00:00:00+00:00
[2024-10-09 01:01:18,982] {history.py:244} ERROR - $MSFT: possibly delisted; no price data found  (1h 2024-09-30 -> 2024-10-01)
[2024-10-09 01:01:18,986] {python.py:173} INFO - Done. Returned value was: None
[2024-10-09 01:01:19,790] {taskinstance.py:1395} INFO - Marking task as SUCCESS. dag_id=get_stocks_dag, task_id=MSFT, execution_date=20241001T000000, start_date=20241009T040114, end_date=20241009T040119
[2024-10-09 01:01:19,882] {local_task_job.py:156} INFO - Task exited with return code 0
[2024-10-09 01:01:20,035] {local_task_job.py:273} INFO - 0 downstream tasks scheduled from follow-on schedule check
[2024-10-09 09:34:40,113] {taskinstance.py:1159} INFO - Dependencies all met for <TaskInstance: get_stocks_dag.MSFT scheduled__2024-10-01T00:00:00+00:00 [queued]>
[2024-10-09 09:34:40,137] {taskinstance.py:1159} INFO - Dependencies all met for <TaskInstance: get_stocks_dag.MSFT scheduled__2024-10-01T00:00:00+00:00 [queued]>
[2024-10-09 09:34:40,137] {taskinstance.py:1356} INFO - 
--------------------------------------------------------------------------------
[2024-10-09 09:34:40,137] {taskinstance.py:1357} INFO - Starting attempt 1 of 1
[2024-10-09 09:34:40,137] {taskinstance.py:1358} INFO - 
--------------------------------------------------------------------------------
[2024-10-09 09:34:41,045] {taskinstance.py:1377} INFO - Executing <Task(_PythonDecoratedOperator): MSFT> on 2024-10-01 00:00:00+00:00
[2024-10-09 09:34:41,058] {standard_task_runner.py:52} INFO - Started process 15898 to run task
[2024-10-09 09:34:41,068] {standard_task_runner.py:79} INFO - Running: ['airflow', 'tasks', 'run', 'get_stocks_dag', 'MSFT', 'scheduled__2024-10-01T00:00:00+00:00', '--job-id', '175', '--raw', '--subdir', 'DAGS_FOLDER/get_stocks.py', '--cfg-path', '/tmp/tmpa70hcqen', '--error-file', '/tmp/tmptvku5zry']
[2024-10-09 09:34:41,071] {standard_task_runner.py:80} INFO - Job 175: Subtask MSFT
[2024-10-09 09:34:41,341] {task_command.py:370} INFO - Running <TaskInstance: get_stocks_dag.MSFT scheduled__2024-10-01T00:00:00+00:00 [running]> on host ken
[2024-10-09 09:34:41,484] {taskinstance.py:1569} INFO - Exporting the following env vars:
AIRFLOW_CTX_DAG_OWNER=airflow
AIRFLOW_CTX_DAG_ID=get_stocks_dag
AIRFLOW_CTX_TASK_ID=MSFT
AIRFLOW_CTX_EXECUTION_DATE=2024-10-01T00:00:00+00:00
AIRFLOW_CTX_TRY_NUMBER=1
AIRFLOW_CTX_DAG_RUN_ID=scheduled__2024-10-01T00:00:00+00:00
[2024-10-09 09:34:41,890] {python.py:173} INFO - Done. Returned value was: None
[2024-10-09 09:34:41,910] {taskinstance.py:1395} INFO - Marking task as SUCCESS. dag_id=get_stocks_dag, task_id=MSFT, execution_date=20241001T000000, start_date=20241009T123440, end_date=20241009T123441
[2024-10-09 09:34:42,122] {local_task_job.py:156} INFO - Task exited with return code 0
[2024-10-09 09:34:42,356] {local_task_job.py:273} INFO - 0 downstream tasks scheduled from follow-on schedule check
[2024-10-09 09:44:17,183] {taskinstance.py:1159} INFO - Dependencies all met for <TaskInstance: get_stocks_dag.MSFT scheduled__2024-10-01T00:00:00+00:00 [queued]>
[2024-10-09 09:44:17,195] {taskinstance.py:1159} INFO - Dependencies all met for <TaskInstance: get_stocks_dag.MSFT scheduled__2024-10-01T00:00:00+00:00 [queued]>
[2024-10-09 09:44:17,195] {taskinstance.py:1356} INFO - 
--------------------------------------------------------------------------------
[2024-10-09 09:44:17,195] {taskinstance.py:1357} INFO - Starting attempt 1 of 1
[2024-10-09 09:44:17,195] {taskinstance.py:1358} INFO - 
--------------------------------------------------------------------------------
[2024-10-09 09:44:17,220] {taskinstance.py:1377} INFO - Executing <Task(_PythonDecoratedOperator): MSFT> on 2024-10-01 00:00:00+00:00
[2024-10-09 09:44:17,225] {standard_task_runner.py:52} INFO - Started process 23809 to run task
[2024-10-09 09:44:17,227] {standard_task_runner.py:79} INFO - Running: ['airflow', 'tasks', 'run', 'get_stocks_dag', 'MSFT', 'scheduled__2024-10-01T00:00:00+00:00', '--job-id', '239', '--raw', '--subdir', 'DAGS_FOLDER/get_stocks.py', '--cfg-path', '/tmp/tmptjicu9sc', '--error-file', '/tmp/tmpz0diyt5b']
[2024-10-09 09:44:17,228] {standard_task_runner.py:80} INFO - Job 239: Subtask MSFT
[2024-10-09 09:44:17,497] {task_command.py:370} INFO - Running <TaskInstance: get_stocks_dag.MSFT scheduled__2024-10-01T00:00:00+00:00 [running]> on host ken
[2024-10-09 09:44:17,654] {taskinstance.py:1569} INFO - Exporting the following env vars:
AIRFLOW_CTX_DAG_OWNER=airflow
AIRFLOW_CTX_DAG_ID=get_stocks_dag
AIRFLOW_CTX_TASK_ID=MSFT
AIRFLOW_CTX_EXECUTION_DATE=2024-10-01T00:00:00+00:00
AIRFLOW_CTX_TRY_NUMBER=1
AIRFLOW_CTX_DAG_RUN_ID=scheduled__2024-10-01T00:00:00+00:00
[2024-10-09 09:44:18,441] {python.py:173} INFO - Done. Returned value was: None
[2024-10-09 09:44:18,468] {taskinstance.py:1395} INFO - Marking task as SUCCESS. dag_id=get_stocks_dag, task_id=MSFT, execution_date=20241001T000000, start_date=20241009T124417, end_date=20241009T124418
[2024-10-09 09:44:18,523] {local_task_job.py:156} INFO - Task exited with return code 0
[2024-10-09 09:44:19,765] {local_task_job.py:273} INFO - 0 downstream tasks scheduled from follow-on schedule check
[2024-10-09 09:48:16,868] {taskinstance.py:1159} INFO - Dependencies all met for <TaskInstance: get_stocks_dag.MSFT scheduled__2024-10-01T00:00:00+00:00 [queued]>
[2024-10-09 09:48:16,881] {taskinstance.py:1159} INFO - Dependencies all met for <TaskInstance: get_stocks_dag.MSFT scheduled__2024-10-01T00:00:00+00:00 [queued]>
[2024-10-09 09:48:16,882] {taskinstance.py:1356} INFO - 
--------------------------------------------------------------------------------
[2024-10-09 09:48:16,882] {taskinstance.py:1357} INFO - Starting attempt 1 of 1
[2024-10-09 09:48:16,882] {taskinstance.py:1358} INFO - 
--------------------------------------------------------------------------------
[2024-10-09 09:48:16,925] {taskinstance.py:1377} INFO - Executing <Task(_PythonDecoratedOperator): MSFT> on 2024-10-01 00:00:00+00:00
[2024-10-09 09:48:16,936] {standard_task_runner.py:52} INFO - Started process 30139 to run task
[2024-10-09 09:48:16,940] {standard_task_runner.py:79} INFO - Running: ['airflow', 'tasks', 'run', 'get_stocks_dag', 'MSFT', 'scheduled__2024-10-01T00:00:00+00:00', '--job-id', '303', '--raw', '--subdir', 'DAGS_FOLDER/get_stocks.py', '--cfg-path', '/tmp/tmp4odveg42', '--error-file', '/tmp/tmpetle2acf']
[2024-10-09 09:48:16,941] {standard_task_runner.py:80} INFO - Job 303: Subtask MSFT
[2024-10-09 09:48:17,331] {task_command.py:370} INFO - Running <TaskInstance: get_stocks_dag.MSFT scheduled__2024-10-01T00:00:00+00:00 [running]> on host ken
[2024-10-09 09:48:17,490] {taskinstance.py:1569} INFO - Exporting the following env vars:
AIRFLOW_CTX_DAG_OWNER=airflow
AIRFLOW_CTX_DAG_ID=get_stocks_dag
AIRFLOW_CTX_TASK_ID=MSFT
AIRFLOW_CTX_EXECUTION_DATE=2024-10-01T00:00:00+00:00
AIRFLOW_CTX_TRY_NUMBER=1
AIRFLOW_CTX_DAG_RUN_ID=scheduled__2024-10-01T00:00:00+00:00
[2024-10-09 09:48:17,884] {python.py:173} INFO - Done. Returned value was: None
[2024-10-09 09:48:17,905] {taskinstance.py:1395} INFO - Marking task as SUCCESS. dag_id=get_stocks_dag, task_id=MSFT, execution_date=20241001T000000, start_date=20241009T124816, end_date=20241009T124817
[2024-10-09 09:48:18,438] {local_task_job.py:156} INFO - Task exited with return code 0
[2024-10-09 09:48:18,854] {local_task_job.py:273} INFO - 0 downstream tasks scheduled from follow-on schedule check
[2024-10-09 10:42:03,695] {taskinstance.py:1159} INFO - Dependencies all met for <TaskInstance: get_stocks_dag.MSFT scheduled__2024-10-01T00:00:00+00:00 [queued]>
[2024-10-09 10:42:03,726] {taskinstance.py:1159} INFO - Dependencies all met for <TaskInstance: get_stocks_dag.MSFT scheduled__2024-10-01T00:00:00+00:00 [queued]>
[2024-10-09 10:42:03,726] {taskinstance.py:1356} INFO - 
--------------------------------------------------------------------------------
[2024-10-09 10:42:03,726] {taskinstance.py:1357} INFO - Starting attempt 1 of 1
[2024-10-09 10:42:03,726] {taskinstance.py:1358} INFO - 
--------------------------------------------------------------------------------
[2024-10-09 10:42:04,792] {taskinstance.py:1377} INFO - Executing <Task(_PythonDecoratedOperator): MSFT> on 2024-10-01 00:00:00+00:00
[2024-10-09 10:42:04,808] {standard_task_runner.py:52} INFO - Started process 69600 to run task
[2024-10-09 10:42:04,821] {standard_task_runner.py:79} INFO - Running: ['airflow', 'tasks', 'run', 'get_stocks_dag', 'MSFT', 'scheduled__2024-10-01T00:00:00+00:00', '--job-id', '452', '--raw', '--subdir', 'DAGS_FOLDER/get_stocks.py', '--cfg-path', '/tmp/tmpxwjyd9og', '--error-file', '/tmp/tmpgjfcy0z0']
[2024-10-09 10:42:04,824] {standard_task_runner.py:80} INFO - Job 452: Subtask MSFT
[2024-10-09 10:42:05,222] {task_command.py:370} INFO - Running <TaskInstance: get_stocks_dag.MSFT scheduled__2024-10-01T00:00:00+00:00 [running]> on host ken
[2024-10-09 10:42:05,505] {taskinstance.py:1569} INFO - Exporting the following env vars:
AIRFLOW_CTX_DAG_OWNER=airflow
AIRFLOW_CTX_DAG_ID=get_stocks_dag
AIRFLOW_CTX_TASK_ID=MSFT
AIRFLOW_CTX_EXECUTION_DATE=2024-10-01T00:00:00+00:00
AIRFLOW_CTX_TRY_NUMBER=1
AIRFLOW_CTX_DAG_RUN_ID=scheduled__2024-10-01T00:00:00+00:00
[2024-10-09 10:42:16,119] {python.py:173} INFO - Done. Returned value was: None
[2024-10-09 10:42:16,957] {taskinstance.py:1395} INFO - Marking task as SUCCESS. dag_id=get_stocks_dag, task_id=MSFT, execution_date=20241001T000000, start_date=20241009T134203, end_date=20241009T134216
[2024-10-09 10:42:17,188] {local_task_job.py:156} INFO - Task exited with return code 0
[2024-10-09 10:42:17,353] {local_task_job.py:273} INFO - 0 downstream tasks scheduled from follow-on schedule check
