[2024-10-08 17:09:40,158] {taskinstance.py:1159} INFO - Dependencies all met for <TaskInstance: get_stocks_dag.GOOG scheduled__2022-02-01T00:00:00+00:00 [queued]>
[2024-10-08 17:09:40,166] {taskinstance.py:1159} INFO - Dependencies all met for <TaskInstance: get_stocks_dag.GOOG scheduled__2022-02-01T00:00:00+00:00 [queued]>
[2024-10-08 17:09:40,166] {taskinstance.py:1356} INFO - 
--------------------------------------------------------------------------------
[2024-10-08 17:09:40,166] {taskinstance.py:1357} INFO - Starting attempt 1 of 1
[2024-10-08 17:09:40,166] {taskinstance.py:1358} INFO - 
--------------------------------------------------------------------------------
[2024-10-08 17:09:40,323] {taskinstance.py:1377} INFO - Executing <Task(_PythonDecoratedOperator): GOOG> on 2022-02-01 00:00:00+00:00
[2024-10-08 17:09:40,333] {standard_task_runner.py:52} INFO - Started process 31222 to run task
[2024-10-08 17:09:40,340] {standard_task_runner.py:79} INFO - Running: ['airflow', 'tasks', 'run', 'get_stocks_dag', 'GOOG', 'scheduled__2022-02-01T00:00:00+00:00', '--job-id', '109', '--raw', '--subdir', 'DAGS_FOLDER/get_stocks.py', '--cfg-path', '/tmp/tmpacy_1w5j', '--error-file', '/tmp/tmpedvpqvgv']
[2024-10-08 17:09:40,341] {standard_task_runner.py:80} INFO - Job 109: Subtask GOOG
[2024-10-08 17:09:40,482] {task_command.py:370} INFO - Running <TaskInstance: get_stocks_dag.GOOG scheduled__2022-02-01T00:00:00+00:00 [running]> on host ken
[2024-10-08 17:09:40,965] {taskinstance.py:1569} INFO - Exporting the following env vars:
AIRFLOW_CTX_DAG_OWNER=airflow
AIRFLOW_CTX_DAG_ID=get_stocks_dag
AIRFLOW_CTX_TASK_ID=GOOG
AIRFLOW_CTX_EXECUTION_DATE=2022-02-01T00:00:00+00:00
AIRFLOW_CTX_TRY_NUMBER=1
AIRFLOW_CTX_DAG_RUN_ID=scheduled__2022-02-01T00:00:00+00:00
[2024-10-08 17:09:44,694] {history.py:244} ERROR - $GOOG: possibly delisted; no price data found  (1h 2022-01-31 -> 2022-02-01) (Yahoo error = "1h data not available for startTime=1643605200 and endTime=1643691600. The requested range must be within the last 730 days.")
[2024-10-08 17:09:44,701] {python.py:173} INFO - Done. Returned value was: None
[2024-10-08 17:09:44,716] {taskinstance.py:1395} INFO - Marking task as SUCCESS. dag_id=get_stocks_dag, task_id=GOOG, execution_date=20220201T000000, start_date=20241008T200940, end_date=20241008T200944
[2024-10-08 17:09:46,125] {local_task_job.py:156} INFO - Task exited with return code 0
[2024-10-08 17:09:46,135] {local_task_job.py:273} INFO - 0 downstream tasks scheduled from follow-on schedule check
