[2024-10-09 10:31:56,926] {taskinstance.py:1159} INFO - Dependencies all met for <TaskInstance: get_crypto_dag.BTC scheduled__2024-09-19T00:00:00+00:00 [queued]>
[2024-10-09 10:31:56,938] {taskinstance.py:1159} INFO - Dependencies all met for <TaskInstance: get_crypto_dag.BTC scheduled__2024-09-19T00:00:00+00:00 [queued]>
[2024-10-09 10:31:56,938] {taskinstance.py:1356} INFO - 
--------------------------------------------------------------------------------
[2024-10-09 10:31:56,938] {taskinstance.py:1357} INFO - Starting attempt 1 of 1
[2024-10-09 10:31:56,938] {taskinstance.py:1358} INFO - 
--------------------------------------------------------------------------------
[2024-10-09 10:31:56,990] {taskinstance.py:1377} INFO - Executing <Task(_PythonDecoratedOperator): BTC> on 2024-09-19 00:00:00+00:00
[2024-10-09 10:31:57,000] {standard_task_runner.py:52} INFO - Started process 55429 to run task
[2024-10-09 10:31:57,003] {standard_task_runner.py:79} INFO - Running: ['airflow', 'tasks', 'run', 'get_crypto_dag', 'BTC', 'scheduled__2024-09-19T00:00:00+00:00', '--job-id', '371', '--raw', '--subdir', 'DAGS_FOLDER/get_crypto.py', '--cfg-path', '/tmp/tmpbfriysvq', '--error-file', '/tmp/tmpjlr1_yac']
[2024-10-09 10:31:57,004] {standard_task_runner.py:80} INFO - Job 371: Subtask BTC
[2024-10-09 10:31:57,394] {task_command.py:370} INFO - Running <TaskInstance: get_crypto_dag.BTC scheduled__2024-09-19T00:00:00+00:00 [running]> on host ken
[2024-10-09 10:31:58,139] {taskinstance.py:1569} INFO - Exporting the following env vars:
AIRFLOW_CTX_DAG_OWNER=airflow
AIRFLOW_CTX_DAG_ID=get_crypto_dag
AIRFLOW_CTX_TASK_ID=BTC
AIRFLOW_CTX_EXECUTION_DATE=2024-09-19T00:00:00+00:00
AIRFLOW_CTX_TRY_NUMBER=1
AIRFLOW_CTX_DAG_RUN_ID=scheduled__2024-09-19T00:00:00+00:00
[2024-10-09 10:32:08,876] {python.py:173} INFO - Done. Returned value was: None
[2024-10-09 10:32:08,914] {taskinstance.py:1395} INFO - Marking task as SUCCESS. dag_id=get_crypto_dag, task_id=BTC, execution_date=20240919T000000, start_date=20241009T133156, end_date=20241009T133208
[2024-10-09 10:32:09,004] {local_task_job.py:156} INFO - Task exited with return code 0
[2024-10-09 10:32:09,408] {local_task_job.py:273} INFO - 0 downstream tasks scheduled from follow-on schedule check
