[2024-10-08 17:16:51,808] {taskinstance.py:1159} INFO - Dependencies all met for <TaskInstance: get_stocks_dag.MSFT scheduled__2024-09-20T00:00:00+00:00 [queued]>
[2024-10-08 17:16:51,815] {taskinstance.py:1159} INFO - Dependencies all met for <TaskInstance: get_stocks_dag.MSFT scheduled__2024-09-20T00:00:00+00:00 [queued]>
[2024-10-08 17:16:51,816] {taskinstance.py:1356} INFO - 
--------------------------------------------------------------------------------
[2024-10-08 17:16:51,816] {taskinstance.py:1357} INFO - Starting attempt 1 of 1
[2024-10-08 17:16:51,816] {taskinstance.py:1358} INFO - 
--------------------------------------------------------------------------------
[2024-10-08 17:16:52,749] {taskinstance.py:1377} INFO - Executing <Task(_PythonDecoratedOperator): MSFT> on 2024-09-20 00:00:00+00:00
[2024-10-08 17:16:52,758] {standard_task_runner.py:52} INFO - Started process 35759 to run task
[2024-10-08 17:16:52,768] {standard_task_runner.py:79} INFO - Running: ['airflow', 'tasks', 'run', 'get_stocks_dag', 'MSFT', 'scheduled__2024-09-20T00:00:00+00:00', '--job-id', '151', '--raw', '--subdir', 'DAGS_FOLDER/get_stocks.py', '--cfg-path', '/tmp/tmpy9q66heq', '--error-file', '/tmp/tmpedskfl36']
[2024-10-08 17:16:52,770] {standard_task_runner.py:80} INFO - Job 151: Subtask MSFT
[2024-10-08 17:16:53,767] {task_command.py:370} INFO - Running <TaskInstance: get_stocks_dag.MSFT scheduled__2024-09-20T00:00:00+00:00 [running]> on host ken
[2024-10-08 17:16:55,182] {taskinstance.py:1569} INFO - Exporting the following env vars:
AIRFLOW_CTX_DAG_OWNER=airflow
AIRFLOW_CTX_DAG_ID=get_stocks_dag
AIRFLOW_CTX_TASK_ID=MSFT
AIRFLOW_CTX_EXECUTION_DATE=2024-09-20T00:00:00+00:00
AIRFLOW_CTX_TRY_NUMBER=1
AIRFLOW_CTX_DAG_RUN_ID=scheduled__2024-09-20T00:00:00+00:00
[2024-10-08 17:16:55,822] {python.py:173} INFO - Done. Returned value was: None
[2024-10-08 17:16:55,830] {taskinstance.py:1395} INFO - Marking task as SUCCESS. dag_id=get_stocks_dag, task_id=MSFT, execution_date=20240920T000000, start_date=20241008T201651, end_date=20241008T201655
[2024-10-08 17:16:57,959] {local_task_job.py:156} INFO - Task exited with return code 0
[2024-10-08 17:16:57,972] {local_task_job.py:273} INFO - 0 downstream tasks scheduled from follow-on schedule check
[2024-10-08 23:21:29,364] {taskinstance.py:1159} INFO - Dependencies all met for <TaskInstance: get_stocks_dag.MSFT scheduled__2024-09-20T00:00:00+00:00 [queued]>
[2024-10-08 23:21:29,453] {taskinstance.py:1159} INFO - Dependencies all met for <TaskInstance: get_stocks_dag.MSFT scheduled__2024-09-20T00:00:00+00:00 [queued]>
[2024-10-08 23:21:29,453] {taskinstance.py:1356} INFO - 
--------------------------------------------------------------------------------
[2024-10-08 23:21:29,453] {taskinstance.py:1357} INFO - Starting attempt 1 of 1
[2024-10-08 23:21:29,453] {taskinstance.py:1358} INFO - 
--------------------------------------------------------------------------------
[2024-10-08 23:21:29,606] {taskinstance.py:1377} INFO - Executing <Task(_PythonDecoratedOperator): MSFT> on 2024-09-20 00:00:00+00:00
[2024-10-08 23:21:29,625] {standard_task_runner.py:52} INFO - Started process 21158 to run task
[2024-10-08 23:21:29,634] {standard_task_runner.py:79} INFO - Running: ['airflow', 'tasks', 'run', 'get_stocks_dag', 'MSFT', 'scheduled__2024-09-20T00:00:00+00:00', '--job-id', '18', '--raw', '--subdir', 'DAGS_FOLDER/get_stocks.py', '--cfg-path', '/tmp/tmpei1zgqrc', '--error-file', '/tmp/tmpvo98uqh6']
[2024-10-08 23:21:29,635] {standard_task_runner.py:80} INFO - Job 18: Subtask MSFT
[2024-10-08 23:21:29,886] {task_command.py:370} INFO - Running <TaskInstance: get_stocks_dag.MSFT scheduled__2024-09-20T00:00:00+00:00 [running]> on host ken
[2024-10-08 23:21:30,207] {taskinstance.py:1569} INFO - Exporting the following env vars:
AIRFLOW_CTX_DAG_OWNER=airflow
AIRFLOW_CTX_DAG_ID=get_stocks_dag
AIRFLOW_CTX_TASK_ID=MSFT
AIRFLOW_CTX_EXECUTION_DATE=2024-09-20T00:00:00+00:00
AIRFLOW_CTX_TRY_NUMBER=1
AIRFLOW_CTX_DAG_RUN_ID=scheduled__2024-09-20T00:00:00+00:00
[2024-10-08 23:21:33,718] {history.py:244} ERROR - $MSFT: possibly delisted; no price data found  (1h 2024-09-19 -> 2024-09-20)
[2024-10-08 23:21:33,736] {python.py:173} INFO - Done. Returned value was: None
[2024-10-08 23:21:33,805] {taskinstance.py:1395} INFO - Marking task as SUCCESS. dag_id=get_stocks_dag, task_id=MSFT, execution_date=20240920T000000, start_date=20241009T022129, end_date=20241009T022133
[2024-10-08 23:21:33,997] {local_task_job.py:156} INFO - Task exited with return code 0
[2024-10-08 23:21:34,203] {local_task_job.py:273} INFO - 0 downstream tasks scheduled from follow-on schedule check
[2024-10-09 00:59:44,547] {taskinstance.py:1159} INFO - Dependencies all met for <TaskInstance: get_stocks_dag.MSFT scheduled__2024-09-20T00:00:00+00:00 [queued]>
[2024-10-09 00:59:44,581] {taskinstance.py:1159} INFO - Dependencies all met for <TaskInstance: get_stocks_dag.MSFT scheduled__2024-09-20T00:00:00+00:00 [queued]>
[2024-10-09 00:59:44,581] {taskinstance.py:1356} INFO - 
--------------------------------------------------------------------------------
[2024-10-09 00:59:44,582] {taskinstance.py:1357} INFO - Starting attempt 1 of 1
[2024-10-09 00:59:44,582] {taskinstance.py:1358} INFO - 
--------------------------------------------------------------------------------
[2024-10-09 00:59:44,649] {taskinstance.py:1377} INFO - Executing <Task(_PythonDecoratedOperator): MSFT> on 2024-09-20 00:00:00+00:00
[2024-10-09 00:59:44,664] {standard_task_runner.py:52} INFO - Started process 38129 to run task
[2024-10-09 00:59:44,674] {standard_task_runner.py:79} INFO - Running: ['airflow', 'tasks', 'run', 'get_stocks_dag', 'MSFT', 'scheduled__2024-09-20T00:00:00+00:00', '--job-id', '84', '--raw', '--subdir', 'DAGS_FOLDER/get_stocks.py', '--cfg-path', '/tmp/tmppmbc40dz', '--error-file', '/tmp/tmpucux081z']
[2024-10-09 00:59:44,677] {standard_task_runner.py:80} INFO - Job 84: Subtask MSFT
[2024-10-09 00:59:44,823] {task_command.py:370} INFO - Running <TaskInstance: get_stocks_dag.MSFT scheduled__2024-09-20T00:00:00+00:00 [running]> on host ken
[2024-10-09 00:59:44,992] {taskinstance.py:1569} INFO - Exporting the following env vars:
AIRFLOW_CTX_DAG_OWNER=airflow
AIRFLOW_CTX_DAG_ID=get_stocks_dag
AIRFLOW_CTX_TASK_ID=MSFT
AIRFLOW_CTX_EXECUTION_DATE=2024-09-20T00:00:00+00:00
AIRFLOW_CTX_TRY_NUMBER=1
AIRFLOW_CTX_DAG_RUN_ID=scheduled__2024-09-20T00:00:00+00:00
[2024-10-09 00:59:55,214] {history.py:244} ERROR - $MSFT: possibly delisted; no price data found  (1h 2024-09-19 -> 2024-09-20)
[2024-10-09 00:59:55,223] {python.py:173} INFO - Done. Returned value was: None
[2024-10-09 00:59:55,258] {taskinstance.py:1395} INFO - Marking task as SUCCESS. dag_id=get_stocks_dag, task_id=MSFT, execution_date=20240920T000000, start_date=20241009T035944, end_date=20241009T035955
[2024-10-09 00:59:55,312] {local_task_job.py:156} INFO - Task exited with return code 0
[2024-10-09 00:59:55,364] {local_task_job.py:273} INFO - 0 downstream tasks scheduled from follow-on schedule check
[2024-10-09 09:33:40,933] {taskinstance.py:1159} INFO - Dependencies all met for <TaskInstance: get_stocks_dag.MSFT scheduled__2024-09-20T00:00:00+00:00 [queued]>
[2024-10-09 09:33:41,088] {taskinstance.py:1159} INFO - Dependencies all met for <TaskInstance: get_stocks_dag.MSFT scheduled__2024-09-20T00:00:00+00:00 [queued]>
[2024-10-09 09:33:41,088] {taskinstance.py:1356} INFO - 
--------------------------------------------------------------------------------
[2024-10-09 09:33:41,088] {taskinstance.py:1357} INFO - Starting attempt 1 of 1
[2024-10-09 09:33:41,089] {taskinstance.py:1358} INFO - 
--------------------------------------------------------------------------------
[2024-10-09 09:33:41,338] {taskinstance.py:1377} INFO - Executing <Task(_PythonDecoratedOperator): MSFT> on 2024-09-20 00:00:00+00:00
[2024-10-09 09:33:41,345] {standard_task_runner.py:52} INFO - Started process 13758 to run task
[2024-10-09 09:33:41,349] {standard_task_runner.py:79} INFO - Running: ['airflow', 'tasks', 'run', 'get_stocks_dag', 'MSFT', 'scheduled__2024-09-20T00:00:00+00:00', '--job-id', '147', '--raw', '--subdir', 'DAGS_FOLDER/get_stocks.py', '--cfg-path', '/tmp/tmph2a6019b', '--error-file', '/tmp/tmpx06fl0e5']
[2024-10-09 09:33:41,351] {standard_task_runner.py:80} INFO - Job 147: Subtask MSFT
[2024-10-09 09:33:41,661] {task_command.py:370} INFO - Running <TaskInstance: get_stocks_dag.MSFT scheduled__2024-09-20T00:00:00+00:00 [running]> on host ken
[2024-10-09 09:33:41,825] {taskinstance.py:1569} INFO - Exporting the following env vars:
AIRFLOW_CTX_DAG_OWNER=airflow
AIRFLOW_CTX_DAG_ID=get_stocks_dag
AIRFLOW_CTX_TASK_ID=MSFT
AIRFLOW_CTX_EXECUTION_DATE=2024-09-20T00:00:00+00:00
AIRFLOW_CTX_TRY_NUMBER=1
AIRFLOW_CTX_DAG_RUN_ID=scheduled__2024-09-20T00:00:00+00:00
[2024-10-09 09:33:42,253] {python.py:173} INFO - Done. Returned value was: None
[2024-10-09 09:33:42,473] {taskinstance.py:1395} INFO - Marking task as SUCCESS. dag_id=get_stocks_dag, task_id=MSFT, execution_date=20240920T000000, start_date=20241009T123341, end_date=20241009T123342
[2024-10-09 09:33:42,572] {local_task_job.py:156} INFO - Task exited with return code 0
[2024-10-09 09:33:44,513] {local_task_job.py:273} INFO - 0 downstream tasks scheduled from follow-on schedule check
[2024-10-09 09:42:57,680] {taskinstance.py:1159} INFO - Dependencies all met for <TaskInstance: get_stocks_dag.MSFT scheduled__2024-09-20T00:00:00+00:00 [queued]>
[2024-10-09 09:42:57,699] {taskinstance.py:1159} INFO - Dependencies all met for <TaskInstance: get_stocks_dag.MSFT scheduled__2024-09-20T00:00:00+00:00 [queued]>
[2024-10-09 09:42:57,699] {taskinstance.py:1356} INFO - 
--------------------------------------------------------------------------------
[2024-10-09 09:42:57,700] {taskinstance.py:1357} INFO - Starting attempt 1 of 1
[2024-10-09 09:42:57,700] {taskinstance.py:1358} INFO - 
--------------------------------------------------------------------------------
[2024-10-09 09:42:57,735] {taskinstance.py:1377} INFO - Executing <Task(_PythonDecoratedOperator): MSFT> on 2024-09-20 00:00:00+00:00
[2024-10-09 09:42:57,741] {standard_task_runner.py:52} INFO - Started process 21184 to run task
[2024-10-09 09:42:57,746] {standard_task_runner.py:79} INFO - Running: ['airflow', 'tasks', 'run', 'get_stocks_dag', 'MSFT', 'scheduled__2024-09-20T00:00:00+00:00', '--job-id', '213', '--raw', '--subdir', 'DAGS_FOLDER/get_stocks.py', '--cfg-path', '/tmp/tmpti6lninx', '--error-file', '/tmp/tmp0300b_09']
[2024-10-09 09:42:57,749] {standard_task_runner.py:80} INFO - Job 213: Subtask MSFT
[2024-10-09 09:42:58,085] {task_command.py:370} INFO - Running <TaskInstance: get_stocks_dag.MSFT scheduled__2024-09-20T00:00:00+00:00 [running]> on host ken
[2024-10-09 09:42:58,765] {taskinstance.py:1569} INFO - Exporting the following env vars:
AIRFLOW_CTX_DAG_OWNER=airflow
AIRFLOW_CTX_DAG_ID=get_stocks_dag
AIRFLOW_CTX_TASK_ID=MSFT
AIRFLOW_CTX_EXECUTION_DATE=2024-09-20T00:00:00+00:00
AIRFLOW_CTX_TRY_NUMBER=1
AIRFLOW_CTX_DAG_RUN_ID=scheduled__2024-09-20T00:00:00+00:00
[2024-10-09 09:43:00,490] {python.py:173} INFO - Done. Returned value was: None
[2024-10-09 09:43:01,039] {taskinstance.py:1395} INFO - Marking task as SUCCESS. dag_id=get_stocks_dag, task_id=MSFT, execution_date=20240920T000000, start_date=20241009T124257, end_date=20241009T124301
[2024-10-09 09:43:01,298] {local_task_job.py:156} INFO - Task exited with return code 0
[2024-10-09 09:43:01,598] {local_task_job.py:273} INFO - 0 downstream tasks scheduled from follow-on schedule check
[2024-10-09 09:47:07,202] {taskinstance.py:1159} INFO - Dependencies all met for <TaskInstance: get_stocks_dag.MSFT scheduled__2024-09-20T00:00:00+00:00 [queued]>
[2024-10-09 09:47:07,243] {taskinstance.py:1159} INFO - Dependencies all met for <TaskInstance: get_stocks_dag.MSFT scheduled__2024-09-20T00:00:00+00:00 [queued]>
[2024-10-09 09:47:07,243] {taskinstance.py:1356} INFO - 
--------------------------------------------------------------------------------
[2024-10-09 09:47:07,243] {taskinstance.py:1357} INFO - Starting attempt 1 of 1
[2024-10-09 09:47:07,243] {taskinstance.py:1358} INFO - 
--------------------------------------------------------------------------------
[2024-10-09 09:47:07,309] {taskinstance.py:1377} INFO - Executing <Task(_PythonDecoratedOperator): MSFT> on 2024-09-20 00:00:00+00:00
[2024-10-09 09:47:07,316] {standard_task_runner.py:52} INFO - Started process 27542 to run task
[2024-10-09 09:47:07,324] {standard_task_runner.py:79} INFO - Running: ['airflow', 'tasks', 'run', 'get_stocks_dag', 'MSFT', 'scheduled__2024-09-20T00:00:00+00:00', '--job-id', '276', '--raw', '--subdir', 'DAGS_FOLDER/get_stocks.py', '--cfg-path', '/tmp/tmpcsazomp8', '--error-file', '/tmp/tmp9xxhbni2']
[2024-10-09 09:47:07,325] {standard_task_runner.py:80} INFO - Job 276: Subtask MSFT
[2024-10-09 09:47:07,724] {task_command.py:370} INFO - Running <TaskInstance: get_stocks_dag.MSFT scheduled__2024-09-20T00:00:00+00:00 [running]> on host ken
[2024-10-09 09:47:09,729] {taskinstance.py:1569} INFO - Exporting the following env vars:
AIRFLOW_CTX_DAG_OWNER=airflow
AIRFLOW_CTX_DAG_ID=get_stocks_dag
AIRFLOW_CTX_TASK_ID=MSFT
AIRFLOW_CTX_EXECUTION_DATE=2024-09-20T00:00:00+00:00
AIRFLOW_CTX_TRY_NUMBER=1
AIRFLOW_CTX_DAG_RUN_ID=scheduled__2024-09-20T00:00:00+00:00
[2024-10-09 09:47:10,893] {python.py:173} INFO - Done. Returned value was: None
[2024-10-09 09:47:10,957] {taskinstance.py:1395} INFO - Marking task as SUCCESS. dag_id=get_stocks_dag, task_id=MSFT, execution_date=20240920T000000, start_date=20241009T124707, end_date=20241009T124710
[2024-10-09 09:47:11,075] {local_task_job.py:156} INFO - Task exited with return code 0
[2024-10-09 09:47:12,581] {local_task_job.py:273} INFO - 0 downstream tasks scheduled from follow-on schedule check
[2024-10-09 10:33:56,000] {taskinstance.py:1159} INFO - Dependencies all met for <TaskInstance: get_stocks_dag.MSFT scheduled__2024-09-20T00:00:00+00:00 [queued]>
[2024-10-09 10:33:56,143] {taskinstance.py:1159} INFO - Dependencies all met for <TaskInstance: get_stocks_dag.MSFT scheduled__2024-09-20T00:00:00+00:00 [queued]>
[2024-10-09 10:33:56,143] {taskinstance.py:1356} INFO - 
--------------------------------------------------------------------------------
[2024-10-09 10:33:56,143] {taskinstance.py:1357} INFO - Starting attempt 1 of 1
[2024-10-09 10:33:56,143] {taskinstance.py:1358} INFO - 
--------------------------------------------------------------------------------
[2024-10-09 10:33:56,195] {taskinstance.py:1377} INFO - Executing <Task(_PythonDecoratedOperator): MSFT> on 2024-09-20 00:00:00+00:00
[2024-10-09 10:33:56,206] {standard_task_runner.py:52} INFO - Started process 58200 to run task
[2024-10-09 10:33:56,210] {standard_task_runner.py:79} INFO - Running: ['airflow', 'tasks', 'run', 'get_stocks_dag', 'MSFT', 'scheduled__2024-09-20T00:00:00+00:00', '--job-id', '386', '--raw', '--subdir', 'DAGS_FOLDER/get_stocks.py', '--cfg-path', '/tmp/tmpf7nsc497', '--error-file', '/tmp/tmpr_zm4tsc']
[2024-10-09 10:33:56,211] {standard_task_runner.py:80} INFO - Job 386: Subtask MSFT
[2024-10-09 10:33:56,559] {task_command.py:370} INFO - Running <TaskInstance: get_stocks_dag.MSFT scheduled__2024-09-20T00:00:00+00:00 [running]> on host ken
[2024-10-09 10:33:56,714] {taskinstance.py:1569} INFO - Exporting the following env vars:
AIRFLOW_CTX_DAG_OWNER=airflow
AIRFLOW_CTX_DAG_ID=get_stocks_dag
AIRFLOW_CTX_TASK_ID=MSFT
AIRFLOW_CTX_EXECUTION_DATE=2024-09-20T00:00:00+00:00
AIRFLOW_CTX_TRY_NUMBER=1
AIRFLOW_CTX_DAG_RUN_ID=scheduled__2024-09-20T00:00:00+00:00
[2024-10-09 10:34:07,170] {python.py:173} INFO - Done. Returned value was: None
[2024-10-09 10:34:07,222] {taskinstance.py:1395} INFO - Marking task as SUCCESS. dag_id=get_stocks_dag, task_id=MSFT, execution_date=20240920T000000, start_date=20241009T133356, end_date=20241009T133407
[2024-10-09 10:34:07,630] {local_task_job.py:156} INFO - Task exited with return code 0
[2024-10-09 10:34:07,946] {local_task_job.py:273} INFO - 0 downstream tasks scheduled from follow-on schedule check
