[2024-10-08 23:21:59,338] {taskinstance.py:1159} INFO - Dependencies all met for <TaskInstance: get_stocks_dag.GOOG scheduled__2024-10-04T00:00:00+00:00 [queued]>
[2024-10-08 23:21:59,373] {taskinstance.py:1159} INFO - Dependencies all met for <TaskInstance: get_stocks_dag.GOOG scheduled__2024-10-04T00:00:00+00:00 [queued]>
[2024-10-08 23:21:59,373] {taskinstance.py:1356} INFO - 
--------------------------------------------------------------------------------
[2024-10-08 23:21:59,373] {taskinstance.py:1357} INFO - Starting attempt 1 of 1
[2024-10-08 23:21:59,373] {taskinstance.py:1358} INFO - 
--------------------------------------------------------------------------------
[2024-10-08 23:21:59,808] {taskinstance.py:1377} INFO - Executing <Task(_PythonDecoratedOperator): GOOG> on 2024-10-04 00:00:00+00:00
[2024-10-08 23:21:59,842] {standard_task_runner.py:52} INFO - Started process 23387 to run task
[2024-10-08 23:21:59,855] {standard_task_runner.py:79} INFO - Running: ['airflow', 'tasks', 'run', 'get_stocks_dag', 'GOOG', 'scheduled__2024-10-04T00:00:00+00:00', '--job-id', '56', '--raw', '--subdir', 'DAGS_FOLDER/get_stocks.py', '--cfg-path', '/tmp/tmpmvnvt25s', '--error-file', '/tmp/tmpph0i_hj6']
[2024-10-08 23:21:59,857] {standard_task_runner.py:80} INFO - Job 56: Subtask GOOG
[2024-10-08 23:22:00,441] {task_command.py:370} INFO - Running <TaskInstance: get_stocks_dag.GOOG scheduled__2024-10-04T00:00:00+00:00 [running]> on host ken
[2024-10-08 23:22:00,932] {taskinstance.py:1569} INFO - Exporting the following env vars:
AIRFLOW_CTX_DAG_OWNER=airflow
AIRFLOW_CTX_DAG_ID=get_stocks_dag
AIRFLOW_CTX_TASK_ID=GOOG
AIRFLOW_CTX_EXECUTION_DATE=2024-10-04T00:00:00+00:00
AIRFLOW_CTX_TRY_NUMBER=1
AIRFLOW_CTX_DAG_RUN_ID=scheduled__2024-10-04T00:00:00+00:00
[2024-10-08 23:22:05,453] {python.py:173} INFO - Done. Returned value was: None
[2024-10-08 23:22:05,474] {taskinstance.py:1395} INFO - Marking task as SUCCESS. dag_id=get_stocks_dag, task_id=GOOG, execution_date=20241004T000000, start_date=20241009T022159, end_date=20241009T022205
[2024-10-08 23:22:05,538] {local_task_job.py:156} INFO - Task exited with return code 0
[2024-10-08 23:22:05,604] {local_task_job.py:273} INFO - 0 downstream tasks scheduled from follow-on schedule check
[2024-10-09 01:02:10,294] {taskinstance.py:1159} INFO - Dependencies all met for <TaskInstance: get_stocks_dag.GOOG scheduled__2024-10-04T00:00:00+00:00 [queued]>
[2024-10-09 01:02:10,544] {taskinstance.py:1159} INFO - Dependencies all met for <TaskInstance: get_stocks_dag.GOOG scheduled__2024-10-04T00:00:00+00:00 [queued]>
[2024-10-09 01:02:10,544] {taskinstance.py:1356} INFO - 
--------------------------------------------------------------------------------
[2024-10-09 01:02:10,544] {taskinstance.py:1357} INFO - Starting attempt 1 of 1
[2024-10-09 01:02:10,544] {taskinstance.py:1358} INFO - 
--------------------------------------------------------------------------------
[2024-10-09 01:02:10,713] {taskinstance.py:1377} INFO - Executing <Task(_PythonDecoratedOperator): GOOG> on 2024-10-04 00:00:00+00:00
[2024-10-09 01:02:10,728] {standard_task_runner.py:52} INFO - Started process 44690 to run task
[2024-10-09 01:02:10,740] {standard_task_runner.py:79} INFO - Running: ['airflow', 'tasks', 'run', 'get_stocks_dag', 'GOOG', 'scheduled__2024-10-04T00:00:00+00:00', '--job-id', '123', '--raw', '--subdir', 'DAGS_FOLDER/get_stocks.py', '--cfg-path', '/tmp/tmphc6imlha', '--error-file', '/tmp/tmpe7se7nyx']
[2024-10-09 01:02:10,742] {standard_task_runner.py:80} INFO - Job 123: Subtask GOOG
[2024-10-09 01:02:11,007] {task_command.py:370} INFO - Running <TaskInstance: get_stocks_dag.GOOG scheduled__2024-10-04T00:00:00+00:00 [running]> on host ken
[2024-10-09 01:02:11,297] {taskinstance.py:1569} INFO - Exporting the following env vars:
AIRFLOW_CTX_DAG_OWNER=airflow
AIRFLOW_CTX_DAG_ID=get_stocks_dag
AIRFLOW_CTX_TASK_ID=GOOG
AIRFLOW_CTX_EXECUTION_DATE=2024-10-04T00:00:00+00:00
AIRFLOW_CTX_TRY_NUMBER=1
AIRFLOW_CTX_DAG_RUN_ID=scheduled__2024-10-04T00:00:00+00:00
[2024-10-09 01:02:23,302] {history.py:244} ERROR - $GOOG: possibly delisted; no price data found  (1h 2024-10-03 -> 2024-10-04)
[2024-10-09 01:02:23,306] {python.py:173} INFO - Done. Returned value was: None
[2024-10-09 01:02:23,336] {taskinstance.py:1395} INFO - Marking task as SUCCESS. dag_id=get_stocks_dag, task_id=GOOG, execution_date=20241004T000000, start_date=20241009T040210, end_date=20241009T040223
[2024-10-09 01:02:24,703] {local_task_job.py:156} INFO - Task exited with return code 0
[2024-10-09 01:02:24,773] {local_task_job.py:273} INFO - 0 downstream tasks scheduled from follow-on schedule check
[2024-10-09 09:35:07,030] {taskinstance.py:1159} INFO - Dependencies all met for <TaskInstance: get_stocks_dag.GOOG scheduled__2024-10-04T00:00:00+00:00 [queued]>
[2024-10-09 09:35:07,050] {taskinstance.py:1159} INFO - Dependencies all met for <TaskInstance: get_stocks_dag.GOOG scheduled__2024-10-04T00:00:00+00:00 [queued]>
[2024-10-09 09:35:07,050] {taskinstance.py:1356} INFO - 
--------------------------------------------------------------------------------
[2024-10-09 09:35:07,051] {taskinstance.py:1357} INFO - Starting attempt 1 of 1
[2024-10-09 09:35:07,051] {taskinstance.py:1358} INFO - 
--------------------------------------------------------------------------------
[2024-10-09 09:35:07,093] {taskinstance.py:1377} INFO - Executing <Task(_PythonDecoratedOperator): GOOG> on 2024-10-04 00:00:00+00:00
[2024-10-09 09:35:07,105] {standard_task_runner.py:52} INFO - Started process 16796 to run task
[2024-10-09 09:35:07,111] {standard_task_runner.py:79} INFO - Running: ['airflow', 'tasks', 'run', 'get_stocks_dag', 'GOOG', 'scheduled__2024-10-04T00:00:00+00:00', '--job-id', '188', '--raw', '--subdir', 'DAGS_FOLDER/get_stocks.py', '--cfg-path', '/tmp/tmptdpgoht8', '--error-file', '/tmp/tmpgy3rhkp9']
[2024-10-09 09:35:07,113] {standard_task_runner.py:80} INFO - Job 188: Subtask GOOG
[2024-10-09 09:35:07,885] {task_command.py:370} INFO - Running <TaskInstance: get_stocks_dag.GOOG scheduled__2024-10-04T00:00:00+00:00 [running]> on host ken
[2024-10-09 09:35:08,437] {taskinstance.py:1569} INFO - Exporting the following env vars:
AIRFLOW_CTX_DAG_OWNER=airflow
AIRFLOW_CTX_DAG_ID=get_stocks_dag
AIRFLOW_CTX_TASK_ID=GOOG
AIRFLOW_CTX_EXECUTION_DATE=2024-10-04T00:00:00+00:00
AIRFLOW_CTX_TRY_NUMBER=1
AIRFLOW_CTX_DAG_RUN_ID=scheduled__2024-10-04T00:00:00+00:00
[2024-10-09 09:35:09,199] {python.py:173} INFO - Done. Returned value was: None
[2024-10-09 09:35:09,468] {taskinstance.py:1395} INFO - Marking task as SUCCESS. dag_id=get_stocks_dag, task_id=GOOG, execution_date=20241004T000000, start_date=20241009T123507, end_date=20241009T123509
[2024-10-09 09:35:09,854] {local_task_job.py:156} INFO - Task exited with return code 0
[2024-10-09 09:35:10,685] {local_task_job.py:273} INFO - 0 downstream tasks scheduled from follow-on schedule check
[2024-10-09 09:44:45,223] {taskinstance.py:1159} INFO - Dependencies all met for <TaskInstance: get_stocks_dag.GOOG scheduled__2024-10-04T00:00:00+00:00 [queued]>
[2024-10-09 09:44:45,242] {taskinstance.py:1159} INFO - Dependencies all met for <TaskInstance: get_stocks_dag.GOOG scheduled__2024-10-04T00:00:00+00:00 [queued]>
[2024-10-09 09:44:45,242] {taskinstance.py:1356} INFO - 
--------------------------------------------------------------------------------
[2024-10-09 09:44:45,243] {taskinstance.py:1357} INFO - Starting attempt 1 of 1
[2024-10-09 09:44:45,243] {taskinstance.py:1358} INFO - 
--------------------------------------------------------------------------------
[2024-10-09 09:44:45,303] {taskinstance.py:1377} INFO - Executing <Task(_PythonDecoratedOperator): GOOG> on 2024-10-04 00:00:00+00:00
[2024-10-09 09:44:45,308] {standard_task_runner.py:52} INFO - Started process 24778 to run task
[2024-10-09 09:44:45,311] {standard_task_runner.py:79} INFO - Running: ['airflow', 'tasks', 'run', 'get_stocks_dag', 'GOOG', 'scheduled__2024-10-04T00:00:00+00:00', '--job-id', '253', '--raw', '--subdir', 'DAGS_FOLDER/get_stocks.py', '--cfg-path', '/tmp/tmpke7l8n57', '--error-file', '/tmp/tmpcdsltu3x']
[2024-10-09 09:44:45,312] {standard_task_runner.py:80} INFO - Job 253: Subtask GOOG
[2024-10-09 09:44:45,604] {task_command.py:370} INFO - Running <TaskInstance: get_stocks_dag.GOOG scheduled__2024-10-04T00:00:00+00:00 [running]> on host ken
[2024-10-09 09:44:45,830] {taskinstance.py:1569} INFO - Exporting the following env vars:
AIRFLOW_CTX_DAG_OWNER=airflow
AIRFLOW_CTX_DAG_ID=get_stocks_dag
AIRFLOW_CTX_TASK_ID=GOOG
AIRFLOW_CTX_EXECUTION_DATE=2024-10-04T00:00:00+00:00
AIRFLOW_CTX_TRY_NUMBER=1
AIRFLOW_CTX_DAG_RUN_ID=scheduled__2024-10-04T00:00:00+00:00
[2024-10-09 09:44:46,234] {python.py:173} INFO - Done. Returned value was: None
[2024-10-09 09:44:46,434] {taskinstance.py:1395} INFO - Marking task as SUCCESS. dag_id=get_stocks_dag, task_id=GOOG, execution_date=20241004T000000, start_date=20241009T124445, end_date=20241009T124446
[2024-10-09 09:44:46,527] {local_task_job.py:156} INFO - Task exited with return code 0
[2024-10-09 09:44:47,023] {local_task_job.py:273} INFO - 0 downstream tasks scheduled from follow-on schedule check
[2024-10-09 09:48:49,730] {taskinstance.py:1159} INFO - Dependencies all met for <TaskInstance: get_stocks_dag.GOOG scheduled__2024-10-04T00:00:00+00:00 [queued]>
[2024-10-09 09:48:49,763] {taskinstance.py:1159} INFO - Dependencies all met for <TaskInstance: get_stocks_dag.GOOG scheduled__2024-10-04T00:00:00+00:00 [queued]>
[2024-10-09 09:48:49,763] {taskinstance.py:1356} INFO - 
--------------------------------------------------------------------------------
[2024-10-09 09:48:49,763] {taskinstance.py:1357} INFO - Starting attempt 1 of 1
[2024-10-09 09:48:49,764] {taskinstance.py:1358} INFO - 
--------------------------------------------------------------------------------
[2024-10-09 09:48:49,826] {taskinstance.py:1377} INFO - Executing <Task(_PythonDecoratedOperator): GOOG> on 2024-10-04 00:00:00+00:00
[2024-10-09 09:48:49,838] {standard_task_runner.py:52} INFO - Started process 31393 to run task
[2024-10-09 09:48:49,844] {standard_task_runner.py:79} INFO - Running: ['airflow', 'tasks', 'run', 'get_stocks_dag', 'GOOG', 'scheduled__2024-10-04T00:00:00+00:00', '--job-id', '316', '--raw', '--subdir', 'DAGS_FOLDER/get_stocks.py', '--cfg-path', '/tmp/tmp7dhcqx4p', '--error-file', '/tmp/tmp5cpqtgnx']
[2024-10-09 09:48:49,845] {standard_task_runner.py:80} INFO - Job 316: Subtask GOOG
[2024-10-09 09:48:50,225] {task_command.py:370} INFO - Running <TaskInstance: get_stocks_dag.GOOG scheduled__2024-10-04T00:00:00+00:00 [running]> on host ken
[2024-10-09 09:48:50,377] {taskinstance.py:1569} INFO - Exporting the following env vars:
AIRFLOW_CTX_DAG_OWNER=airflow
AIRFLOW_CTX_DAG_ID=get_stocks_dag
AIRFLOW_CTX_TASK_ID=GOOG
AIRFLOW_CTX_EXECUTION_DATE=2024-10-04T00:00:00+00:00
AIRFLOW_CTX_TRY_NUMBER=1
AIRFLOW_CTX_DAG_RUN_ID=scheduled__2024-10-04T00:00:00+00:00
[2024-10-09 09:48:50,829] {python.py:173} INFO - Done. Returned value was: None
[2024-10-09 09:48:50,974] {taskinstance.py:1395} INFO - Marking task as SUCCESS. dag_id=get_stocks_dag, task_id=GOOG, execution_date=20241004T000000, start_date=20241009T124849, end_date=20241009T124850
[2024-10-09 09:48:51,066] {local_task_job.py:156} INFO - Task exited with return code 0
[2024-10-09 09:48:52,755] {local_task_job.py:273} INFO - 0 downstream tasks scheduled from follow-on schedule check
[2024-10-09 10:45:50,463] {taskinstance.py:1159} INFO - Dependencies all met for <TaskInstance: get_stocks_dag.GOOG scheduled__2024-10-04T00:00:00+00:00 [queued]>
[2024-10-09 10:45:50,503] {taskinstance.py:1159} INFO - Dependencies all met for <TaskInstance: get_stocks_dag.GOOG scheduled__2024-10-04T00:00:00+00:00 [queued]>
[2024-10-09 10:45:50,503] {taskinstance.py:1356} INFO - 
--------------------------------------------------------------------------------
[2024-10-09 10:45:50,503] {taskinstance.py:1357} INFO - Starting attempt 1 of 1
[2024-10-09 10:45:50,504] {taskinstance.py:1358} INFO - 
--------------------------------------------------------------------------------
[2024-10-09 10:45:50,662] {taskinstance.py:1377} INFO - Executing <Task(_PythonDecoratedOperator): GOOG> on 2024-10-04 00:00:00+00:00
[2024-10-09 10:45:50,673] {standard_task_runner.py:52} INFO - Started process 75244 to run task
[2024-10-09 10:45:50,682] {standard_task_runner.py:79} INFO - Running: ['airflow', 'tasks', 'run', 'get_stocks_dag', 'GOOG', 'scheduled__2024-10-04T00:00:00+00:00', '--job-id', '480', '--raw', '--subdir', 'DAGS_FOLDER/get_stocks.py', '--cfg-path', '/tmp/tmpz2056kcx', '--error-file', '/tmp/tmpovy_h9ni']
[2024-10-09 10:45:50,683] {standard_task_runner.py:80} INFO - Job 480: Subtask GOOG
[2024-10-09 10:45:50,988] {task_command.py:370} INFO - Running <TaskInstance: get_stocks_dag.GOOG scheduled__2024-10-04T00:00:00+00:00 [running]> on host ken
[2024-10-09 10:45:51,132] {taskinstance.py:1569} INFO - Exporting the following env vars:
AIRFLOW_CTX_DAG_OWNER=airflow
AIRFLOW_CTX_DAG_ID=get_stocks_dag
AIRFLOW_CTX_TASK_ID=GOOG
AIRFLOW_CTX_EXECUTION_DATE=2024-10-04T00:00:00+00:00
AIRFLOW_CTX_TRY_NUMBER=1
AIRFLOW_CTX_DAG_RUN_ID=scheduled__2024-10-04T00:00:00+00:00
[2024-10-09 10:46:01,821] {python.py:173} INFO - Done. Returned value was: None
[2024-10-09 10:46:01,848] {taskinstance.py:1395} INFO - Marking task as SUCCESS. dag_id=get_stocks_dag, task_id=GOOG, execution_date=20241004T000000, start_date=20241009T134550, end_date=20241009T134601
[2024-10-09 10:46:01,912] {local_task_job.py:156} INFO - Task exited with return code 0
[2024-10-09 10:46:02,497] {local_task_job.py:273} INFO - 0 downstream tasks scheduled from follow-on schedule check
