[2024-10-09 10:48:42,148] {taskinstance.py:1159} INFO - Dependencies all met for <TaskInstance: get_crypto_dag.BTC scheduled__2024-10-08T00:00:00+00:00 [queued]>
[2024-10-09 10:48:42,166] {taskinstance.py:1159} INFO - Dependencies all met for <TaskInstance: get_crypto_dag.BTC scheduled__2024-10-08T00:00:00+00:00 [queued]>
[2024-10-09 10:48:42,166] {taskinstance.py:1356} INFO - 
--------------------------------------------------------------------------------
[2024-10-09 10:48:42,166] {taskinstance.py:1357} INFO - Starting attempt 1 of 1
[2024-10-09 10:48:42,166] {taskinstance.py:1358} INFO - 
--------------------------------------------------------------------------------
[2024-10-09 10:48:42,206] {taskinstance.py:1377} INFO - Executing <Task(_PythonDecoratedOperator): BTC> on 2024-10-08 00:00:00+00:00
[2024-10-09 10:48:42,213] {standard_task_runner.py:52} INFO - Started process 79281 to run task
[2024-10-09 10:48:42,217] {standard_task_runner.py:79} INFO - Running: ['airflow', 'tasks', 'run', 'get_crypto_dag', 'BTC', 'scheduled__2024-10-08T00:00:00+00:00', '--job-id', '503', '--raw', '--subdir', 'DAGS_FOLDER/get_crypto.py', '--cfg-path', '/tmp/tmp3a0xhzuj', '--error-file', '/tmp/tmpjh2s_qsv']
[2024-10-09 10:48:42,218] {standard_task_runner.py:80} INFO - Job 503: Subtask BTC
[2024-10-09 10:48:42,569] {task_command.py:370} INFO - Running <TaskInstance: get_crypto_dag.BTC scheduled__2024-10-08T00:00:00+00:00 [running]> on host ken
[2024-10-09 10:48:42,747] {taskinstance.py:1569} INFO - Exporting the following env vars:
AIRFLOW_CTX_DAG_OWNER=airflow
AIRFLOW_CTX_DAG_ID=get_crypto_dag
AIRFLOW_CTX_TASK_ID=BTC
AIRFLOW_CTX_EXECUTION_DATE=2024-10-08T00:00:00+00:00
AIRFLOW_CTX_TRY_NUMBER=1
AIRFLOW_CTX_DAG_RUN_ID=scheduled__2024-10-08T00:00:00+00:00
[2024-10-09 10:48:53,361] {python.py:173} INFO - Done. Returned value was: None
[2024-10-09 10:48:53,825] {taskinstance.py:1395} INFO - Marking task as SUCCESS. dag_id=get_crypto_dag, task_id=BTC, execution_date=20241008T000000, start_date=20241009T134842, end_date=20241009T134853
[2024-10-09 10:48:53,902] {local_task_job.py:156} INFO - Task exited with return code 0
[2024-10-09 10:48:53,998] {local_task_job.py:273} INFO - 0 downstream tasks scheduled from follow-on schedule check
