[2024-10-08 13:22:03,706] {processor.py:153} INFO - Started process (PID=37179) to work on /home/kennedy/KR/Programação/00.Estudos/DataEng/Alura/airflow-executores/venv/lib/python3.9/site-packages/airflow/example_dags/plugins/workday.py
[2024-10-08 13:22:03,706] {processor.py:641} INFO - Processing file /home/kennedy/KR/Programação/00.Estudos/DataEng/Alura/airflow-executores/venv/lib/python3.9/site-packages/airflow/example_dags/plugins/workday.py for tasks to queue
[2024-10-08 13:22:03,707] {logging_mixin.py:115} INFO - [2024-10-08 13:22:03,707] {dagbag.py:507} INFO - Filling up the DagBag from /home/kennedy/KR/Programação/00.Estudos/DataEng/Alura/airflow-executores/venv/lib/python3.9/site-packages/airflow/example_dags/plugins/workday.py
[2024-10-08 13:22:03,708] {processor.py:653} WARNING - No viable dags retrieved from /home/kennedy/KR/Programação/00.Estudos/DataEng/Alura/airflow-executores/venv/lib/python3.9/site-packages/airflow/example_dags/plugins/workday.py
[2024-10-08 13:22:03,718] {processor.py:161} INFO - Processing /home/kennedy/KR/Programação/00.Estudos/DataEng/Alura/airflow-executores/venv/lib/python3.9/site-packages/airflow/example_dags/plugins/workday.py took 0.014 seconds
[2024-10-08 13:24:44,427] {processor.py:153} INFO - Started process (PID=37703) to work on /home/kennedy/KR/Programação/00.Estudos/DataEng/Alura/airflow-executores/venv/lib/python3.9/site-packages/airflow/example_dags/plugins/workday.py
[2024-10-08 13:24:44,457] {processor.py:641} INFO - Processing file /home/kennedy/KR/Programação/00.Estudos/DataEng/Alura/airflow-executores/venv/lib/python3.9/site-packages/airflow/example_dags/plugins/workday.py for tasks to queue
[2024-10-08 13:24:44,458] {logging_mixin.py:115} INFO - [2024-10-08 13:24:44,458] {dagbag.py:507} INFO - Filling up the DagBag from /home/kennedy/KR/Programação/00.Estudos/DataEng/Alura/airflow-executores/venv/lib/python3.9/site-packages/airflow/example_dags/plugins/workday.py
[2024-10-08 13:24:44,460] {processor.py:653} WARNING - No viable dags retrieved from /home/kennedy/KR/Programação/00.Estudos/DataEng/Alura/airflow-executores/venv/lib/python3.9/site-packages/airflow/example_dags/plugins/workday.py
[2024-10-08 13:24:44,472] {processor.py:161} INFO - Processing /home/kennedy/KR/Programação/00.Estudos/DataEng/Alura/airflow-executores/venv/lib/python3.9/site-packages/airflow/example_dags/plugins/workday.py took 0.051 seconds
[2024-10-08 13:25:40,550] {processor.py:153} INFO - Started process (PID=37776) to work on /home/kennedy/KR/Programação/00.Estudos/DataEng/Alura/airflow-executores/venv/lib/python3.9/site-packages/airflow/example_dags/plugins/workday.py
[2024-10-08 13:25:40,635] {processor.py:641} INFO - Processing file /home/kennedy/KR/Programação/00.Estudos/DataEng/Alura/airflow-executores/venv/lib/python3.9/site-packages/airflow/example_dags/plugins/workday.py for tasks to queue
[2024-10-08 13:25:40,636] {logging_mixin.py:115} INFO - [2024-10-08 13:25:40,635] {dagbag.py:507} INFO - Filling up the DagBag from /home/kennedy/KR/Programação/00.Estudos/DataEng/Alura/airflow-executores/venv/lib/python3.9/site-packages/airflow/example_dags/plugins/workday.py
[2024-10-08 13:25:40,639] {processor.py:653} WARNING - No viable dags retrieved from /home/kennedy/KR/Programação/00.Estudos/DataEng/Alura/airflow-executores/venv/lib/python3.9/site-packages/airflow/example_dags/plugins/workday.py
[2024-10-08 13:25:40,653] {processor.py:161} INFO - Processing /home/kennedy/KR/Programação/00.Estudos/DataEng/Alura/airflow-executores/venv/lib/python3.9/site-packages/airflow/example_dags/plugins/workday.py took 0.109 seconds
[2024-10-08 13:26:13,532] {processor.py:153} INFO - Started process (PID=37813) to work on /home/kennedy/KR/Programação/00.Estudos/DataEng/Alura/airflow-executores/venv/lib/python3.9/site-packages/airflow/example_dags/plugins/workday.py
[2024-10-08 13:26:13,533] {processor.py:641} INFO - Processing file /home/kennedy/KR/Programação/00.Estudos/DataEng/Alura/airflow-executores/venv/lib/python3.9/site-packages/airflow/example_dags/plugins/workday.py for tasks to queue
[2024-10-08 13:26:13,534] {logging_mixin.py:115} INFO - [2024-10-08 13:26:13,534] {dagbag.py:507} INFO - Filling up the DagBag from /home/kennedy/KR/Programação/00.Estudos/DataEng/Alura/airflow-executores/venv/lib/python3.9/site-packages/airflow/example_dags/plugins/workday.py
[2024-10-08 13:26:13,539] {processor.py:653} WARNING - No viable dags retrieved from /home/kennedy/KR/Programação/00.Estudos/DataEng/Alura/airflow-executores/venv/lib/python3.9/site-packages/airflow/example_dags/plugins/workday.py
[2024-10-08 13:26:13,558] {processor.py:161} INFO - Processing /home/kennedy/KR/Programação/00.Estudos/DataEng/Alura/airflow-executores/venv/lib/python3.9/site-packages/airflow/example_dags/plugins/workday.py took 0.032 seconds
[2024-10-08 13:27:30,656] {processor.py:153} INFO - Started process (PID=37966) to work on /home/kennedy/KR/Programação/00.Estudos/DataEng/Alura/airflow-executores/venv/lib/python3.9/site-packages/airflow/example_dags/plugins/workday.py
[2024-10-08 13:27:30,757] {processor.py:641} INFO - Processing file /home/kennedy/KR/Programação/00.Estudos/DataEng/Alura/airflow-executores/venv/lib/python3.9/site-packages/airflow/example_dags/plugins/workday.py for tasks to queue
[2024-10-08 13:27:30,758] {logging_mixin.py:115} INFO - [2024-10-08 13:27:30,758] {dagbag.py:507} INFO - Filling up the DagBag from /home/kennedy/KR/Programação/00.Estudos/DataEng/Alura/airflow-executores/venv/lib/python3.9/site-packages/airflow/example_dags/plugins/workday.py
[2024-10-08 13:27:30,763] {processor.py:653} WARNING - No viable dags retrieved from /home/kennedy/KR/Programação/00.Estudos/DataEng/Alura/airflow-executores/venv/lib/python3.9/site-packages/airflow/example_dags/plugins/workday.py
[2024-10-08 13:27:30,788] {processor.py:161} INFO - Processing /home/kennedy/KR/Programação/00.Estudos/DataEng/Alura/airflow-executores/venv/lib/python3.9/site-packages/airflow/example_dags/plugins/workday.py took 0.138 seconds
[2024-10-08 13:28:11,821] {processor.py:153} INFO - Started process (PID=38016) to work on /home/kennedy/KR/Programação/00.Estudos/DataEng/Alura/airflow-executores/venv/lib/python3.9/site-packages/airflow/example_dags/plugins/workday.py
[2024-10-08 13:28:11,837] {processor.py:641} INFO - Processing file /home/kennedy/KR/Programação/00.Estudos/DataEng/Alura/airflow-executores/venv/lib/python3.9/site-packages/airflow/example_dags/plugins/workday.py for tasks to queue
[2024-10-08 13:28:11,838] {logging_mixin.py:115} INFO - [2024-10-08 13:28:11,838] {dagbag.py:507} INFO - Filling up the DagBag from /home/kennedy/KR/Programação/00.Estudos/DataEng/Alura/airflow-executores/venv/lib/python3.9/site-packages/airflow/example_dags/plugins/workday.py
[2024-10-08 13:28:11,842] {processor.py:653} WARNING - No viable dags retrieved from /home/kennedy/KR/Programação/00.Estudos/DataEng/Alura/airflow-executores/venv/lib/python3.9/site-packages/airflow/example_dags/plugins/workday.py
[2024-10-08 13:28:11,863] {processor.py:161} INFO - Processing /home/kennedy/KR/Programação/00.Estudos/DataEng/Alura/airflow-executores/venv/lib/python3.9/site-packages/airflow/example_dags/plugins/workday.py took 0.049 seconds
[2024-10-08 13:28:46,271] {processor.py:153} INFO - Started process (PID=38116) to work on /home/kennedy/KR/Programação/00.Estudos/DataEng/Alura/airflow-executores/venv/lib/python3.9/site-packages/airflow/example_dags/plugins/workday.py
[2024-10-08 13:28:47,176] {processor.py:641} INFO - Processing file /home/kennedy/KR/Programação/00.Estudos/DataEng/Alura/airflow-executores/venv/lib/python3.9/site-packages/airflow/example_dags/plugins/workday.py for tasks to queue
[2024-10-08 13:28:47,178] {logging_mixin.py:115} INFO - [2024-10-08 13:28:47,177] {dagbag.py:507} INFO - Filling up the DagBag from /home/kennedy/KR/Programação/00.Estudos/DataEng/Alura/airflow-executores/venv/lib/python3.9/site-packages/airflow/example_dags/plugins/workday.py
[2024-10-08 13:28:47,182] {processor.py:653} WARNING - No viable dags retrieved from /home/kennedy/KR/Programação/00.Estudos/DataEng/Alura/airflow-executores/venv/lib/python3.9/site-packages/airflow/example_dags/plugins/workday.py
[2024-10-08 13:28:47,205] {processor.py:161} INFO - Processing /home/kennedy/KR/Programação/00.Estudos/DataEng/Alura/airflow-executores/venv/lib/python3.9/site-packages/airflow/example_dags/plugins/workday.py took 0.938 seconds
[2024-10-08 13:29:29,043] {processor.py:153} INFO - Started process (PID=38373) to work on /home/kennedy/KR/Programação/00.Estudos/DataEng/Alura/airflow-executores/venv/lib/python3.9/site-packages/airflow/example_dags/plugins/workday.py
[2024-10-08 13:29:29,056] {processor.py:641} INFO - Processing file /home/kennedy/KR/Programação/00.Estudos/DataEng/Alura/airflow-executores/venv/lib/python3.9/site-packages/airflow/example_dags/plugins/workday.py for tasks to queue
[2024-10-08 13:29:29,057] {logging_mixin.py:115} INFO - [2024-10-08 13:29:29,057] {dagbag.py:507} INFO - Filling up the DagBag from /home/kennedy/KR/Programação/00.Estudos/DataEng/Alura/airflow-executores/venv/lib/python3.9/site-packages/airflow/example_dags/plugins/workday.py
[2024-10-08 13:29:29,059] {processor.py:653} WARNING - No viable dags retrieved from /home/kennedy/KR/Programação/00.Estudos/DataEng/Alura/airflow-executores/venv/lib/python3.9/site-packages/airflow/example_dags/plugins/workday.py
[2024-10-08 13:29:29,074] {processor.py:161} INFO - Processing /home/kennedy/KR/Programação/00.Estudos/DataEng/Alura/airflow-executores/venv/lib/python3.9/site-packages/airflow/example_dags/plugins/workday.py took 0.034 seconds
[2024-10-08 13:30:02,058] {processor.py:153} INFO - Started process (PID=38530) to work on /home/kennedy/KR/Programação/00.Estudos/DataEng/Alura/airflow-executores/venv/lib/python3.9/site-packages/airflow/example_dags/plugins/workday.py
[2024-10-08 13:30:02,059] {processor.py:641} INFO - Processing file /home/kennedy/KR/Programação/00.Estudos/DataEng/Alura/airflow-executores/venv/lib/python3.9/site-packages/airflow/example_dags/plugins/workday.py for tasks to queue
[2024-10-08 13:30:02,059] {logging_mixin.py:115} INFO - [2024-10-08 13:30:02,059] {dagbag.py:507} INFO - Filling up the DagBag from /home/kennedy/KR/Programação/00.Estudos/DataEng/Alura/airflow-executores/venv/lib/python3.9/site-packages/airflow/example_dags/plugins/workday.py
[2024-10-08 13:30:02,061] {processor.py:653} WARNING - No viable dags retrieved from /home/kennedy/KR/Programação/00.Estudos/DataEng/Alura/airflow-executores/venv/lib/python3.9/site-packages/airflow/example_dags/plugins/workday.py
[2024-10-08 13:30:02,071] {processor.py:161} INFO - Processing /home/kennedy/KR/Programação/00.Estudos/DataEng/Alura/airflow-executores/venv/lib/python3.9/site-packages/airflow/example_dags/plugins/workday.py took 0.016 seconds
[2024-10-08 13:30:57,951] {processor.py:153} INFO - Started process (PID=38618) to work on /home/kennedy/KR/Programação/00.Estudos/DataEng/Alura/airflow-executores/venv/lib/python3.9/site-packages/airflow/example_dags/plugins/workday.py
[2024-10-08 13:30:57,963] {processor.py:641} INFO - Processing file /home/kennedy/KR/Programação/00.Estudos/DataEng/Alura/airflow-executores/venv/lib/python3.9/site-packages/airflow/example_dags/plugins/workday.py for tasks to queue
[2024-10-08 13:30:57,964] {logging_mixin.py:115} INFO - [2024-10-08 13:30:57,964] {dagbag.py:507} INFO - Filling up the DagBag from /home/kennedy/KR/Programação/00.Estudos/DataEng/Alura/airflow-executores/venv/lib/python3.9/site-packages/airflow/example_dags/plugins/workday.py
[2024-10-08 13:30:57,968] {processor.py:653} WARNING - No viable dags retrieved from /home/kennedy/KR/Programação/00.Estudos/DataEng/Alura/airflow-executores/venv/lib/python3.9/site-packages/airflow/example_dags/plugins/workday.py
[2024-10-08 13:30:57,990] {processor.py:161} INFO - Processing /home/kennedy/KR/Programação/00.Estudos/DataEng/Alura/airflow-executores/venv/lib/python3.9/site-packages/airflow/example_dags/plugins/workday.py took 0.047 seconds
[2024-10-08 13:32:01,087] {processor.py:153} INFO - Started process (PID=38786) to work on /home/kennedy/KR/Programação/00.Estudos/DataEng/Alura/airflow-executores/venv/lib/python3.9/site-packages/airflow/example_dags/plugins/workday.py
[2024-10-08 13:32:01,204] {processor.py:641} INFO - Processing file /home/kennedy/KR/Programação/00.Estudos/DataEng/Alura/airflow-executores/venv/lib/python3.9/site-packages/airflow/example_dags/plugins/workday.py for tasks to queue
[2024-10-08 13:32:01,205] {logging_mixin.py:115} INFO - [2024-10-08 13:32:01,205] {dagbag.py:507} INFO - Filling up the DagBag from /home/kennedy/KR/Programação/00.Estudos/DataEng/Alura/airflow-executores/venv/lib/python3.9/site-packages/airflow/example_dags/plugins/workday.py
[2024-10-08 13:32:01,210] {processor.py:653} WARNING - No viable dags retrieved from /home/kennedy/KR/Programação/00.Estudos/DataEng/Alura/airflow-executores/venv/lib/python3.9/site-packages/airflow/example_dags/plugins/workday.py
[2024-10-08 13:32:01,233] {processor.py:161} INFO - Processing /home/kennedy/KR/Programação/00.Estudos/DataEng/Alura/airflow-executores/venv/lib/python3.9/site-packages/airflow/example_dags/plugins/workday.py took 0.152 seconds
[2024-10-08 13:32:37,442] {processor.py:153} INFO - Started process (PID=38826) to work on /home/kennedy/KR/Programação/00.Estudos/DataEng/Alura/airflow-executores/venv/lib/python3.9/site-packages/airflow/example_dags/plugins/workday.py
[2024-10-08 13:32:37,470] {processor.py:641} INFO - Processing file /home/kennedy/KR/Programação/00.Estudos/DataEng/Alura/airflow-executores/venv/lib/python3.9/site-packages/airflow/example_dags/plugins/workday.py for tasks to queue
[2024-10-08 13:32:37,471] {logging_mixin.py:115} INFO - [2024-10-08 13:32:37,471] {dagbag.py:507} INFO - Filling up the DagBag from /home/kennedy/KR/Programação/00.Estudos/DataEng/Alura/airflow-executores/venv/lib/python3.9/site-packages/airflow/example_dags/plugins/workday.py
[2024-10-08 13:32:37,476] {processor.py:653} WARNING - No viable dags retrieved from /home/kennedy/KR/Programação/00.Estudos/DataEng/Alura/airflow-executores/venv/lib/python3.9/site-packages/airflow/example_dags/plugins/workday.py
[2024-10-08 13:32:37,509] {processor.py:161} INFO - Processing /home/kennedy/KR/Programação/00.Estudos/DataEng/Alura/airflow-executores/venv/lib/python3.9/site-packages/airflow/example_dags/plugins/workday.py took 0.075 seconds
[2024-10-08 13:33:20,189] {processor.py:153} INFO - Started process (PID=38900) to work on /home/kennedy/KR/Programação/00.Estudos/DataEng/Alura/airflow-executores/venv/lib/python3.9/site-packages/airflow/example_dags/plugins/workday.py
[2024-10-08 13:33:20,218] {processor.py:641} INFO - Processing file /home/kennedy/KR/Programação/00.Estudos/DataEng/Alura/airflow-executores/venv/lib/python3.9/site-packages/airflow/example_dags/plugins/workday.py for tasks to queue
[2024-10-08 13:33:20,218] {logging_mixin.py:115} INFO - [2024-10-08 13:33:20,218] {dagbag.py:507} INFO - Filling up the DagBag from /home/kennedy/KR/Programação/00.Estudos/DataEng/Alura/airflow-executores/venv/lib/python3.9/site-packages/airflow/example_dags/plugins/workday.py
[2024-10-08 13:33:20,220] {processor.py:653} WARNING - No viable dags retrieved from /home/kennedy/KR/Programação/00.Estudos/DataEng/Alura/airflow-executores/venv/lib/python3.9/site-packages/airflow/example_dags/plugins/workday.py
[2024-10-08 13:33:20,232] {processor.py:161} INFO - Processing /home/kennedy/KR/Programação/00.Estudos/DataEng/Alura/airflow-executores/venv/lib/python3.9/site-packages/airflow/example_dags/plugins/workday.py took 0.046 seconds
[2024-10-08 13:33:55,575] {processor.py:153} INFO - Started process (PID=38938) to work on /home/kennedy/KR/Programação/00.Estudos/DataEng/Alura/airflow-executores/venv/lib/python3.9/site-packages/airflow/example_dags/plugins/workday.py
[2024-10-08 13:33:55,590] {processor.py:641} INFO - Processing file /home/kennedy/KR/Programação/00.Estudos/DataEng/Alura/airflow-executores/venv/lib/python3.9/site-packages/airflow/example_dags/plugins/workday.py for tasks to queue
[2024-10-08 13:33:55,590] {logging_mixin.py:115} INFO - [2024-10-08 13:33:55,590] {dagbag.py:507} INFO - Filling up the DagBag from /home/kennedy/KR/Programação/00.Estudos/DataEng/Alura/airflow-executores/venv/lib/python3.9/site-packages/airflow/example_dags/plugins/workday.py
[2024-10-08 13:33:55,593] {processor.py:653} WARNING - No viable dags retrieved from /home/kennedy/KR/Programação/00.Estudos/DataEng/Alura/airflow-executores/venv/lib/python3.9/site-packages/airflow/example_dags/plugins/workday.py
[2024-10-08 13:33:55,606] {processor.py:161} INFO - Processing /home/kennedy/KR/Programação/00.Estudos/DataEng/Alura/airflow-executores/venv/lib/python3.9/site-packages/airflow/example_dags/plugins/workday.py took 0.033 seconds
[2024-10-08 13:34:57,218] {processor.py:153} INFO - Started process (PID=39039) to work on /home/kennedy/KR/Programação/00.Estudos/DataEng/Alura/airflow-executores/venv/lib/python3.9/site-packages/airflow/example_dags/plugins/workday.py
[2024-10-08 13:34:57,328] {processor.py:641} INFO - Processing file /home/kennedy/KR/Programação/00.Estudos/DataEng/Alura/airflow-executores/venv/lib/python3.9/site-packages/airflow/example_dags/plugins/workday.py for tasks to queue
[2024-10-08 13:34:57,329] {logging_mixin.py:115} INFO - [2024-10-08 13:34:57,329] {dagbag.py:507} INFO - Filling up the DagBag from /home/kennedy/KR/Programação/00.Estudos/DataEng/Alura/airflow-executores/venv/lib/python3.9/site-packages/airflow/example_dags/plugins/workday.py
[2024-10-08 13:34:57,334] {processor.py:653} WARNING - No viable dags retrieved from /home/kennedy/KR/Programação/00.Estudos/DataEng/Alura/airflow-executores/venv/lib/python3.9/site-packages/airflow/example_dags/plugins/workday.py
[2024-10-08 13:34:57,361] {processor.py:161} INFO - Processing /home/kennedy/KR/Programação/00.Estudos/DataEng/Alura/airflow-executores/venv/lib/python3.9/site-packages/airflow/example_dags/plugins/workday.py took 0.147 seconds
[2024-10-08 15:46:33,230] {processor.py:153} INFO - Started process (PID=11054) to work on /home/kennedy/.local/lib/python3.10/site-packages/airflow/example_dags/plugins/workday.py
[2024-10-08 15:46:33,270] {processor.py:641} INFO - Processing file /home/kennedy/.local/lib/python3.10/site-packages/airflow/example_dags/plugins/workday.py for tasks to queue
[2024-10-08 15:46:33,272] {logging_mixin.py:115} INFO - [2024-10-08 15:46:33,271] {dagbag.py:507} INFO - Filling up the DagBag from /home/kennedy/.local/lib/python3.10/site-packages/airflow/example_dags/plugins/workday.py
[2024-10-08 15:46:33,284] {processor.py:653} WARNING - No viable dags retrieved from /home/kennedy/.local/lib/python3.10/site-packages/airflow/example_dags/plugins/workday.py
[2024-10-08 15:46:33,318] {processor.py:161} INFO - Processing /home/kennedy/.local/lib/python3.10/site-packages/airflow/example_dags/plugins/workday.py took 0.098 seconds
[2024-10-08 16:36:13,593] {processor.py:153} INFO - Started process (PID=16310) to work on /home/kennedy/KR/Programação/00.Estudos/DataEng/Alura/airflow-executores/venv/lib/python3.9/site-packages/airflow/example_dags/plugins/workday.py
[2024-10-08 16:36:13,608] {processor.py:641} INFO - Processing file /home/kennedy/KR/Programação/00.Estudos/DataEng/Alura/airflow-executores/venv/lib/python3.9/site-packages/airflow/example_dags/plugins/workday.py for tasks to queue
[2024-10-08 16:36:13,609] {logging_mixin.py:115} INFO - [2024-10-08 16:36:13,609] {dagbag.py:507} INFO - Filling up the DagBag from /home/kennedy/KR/Programação/00.Estudos/DataEng/Alura/airflow-executores/venv/lib/python3.9/site-packages/airflow/example_dags/plugins/workday.py
[2024-10-08 16:36:13,614] {processor.py:653} WARNING - No viable dags retrieved from /home/kennedy/KR/Programação/00.Estudos/DataEng/Alura/airflow-executores/venv/lib/python3.9/site-packages/airflow/example_dags/plugins/workday.py
[2024-10-08 16:36:13,628] {processor.py:161} INFO - Processing /home/kennedy/KR/Programação/00.Estudos/DataEng/Alura/airflow-executores/venv/lib/python3.9/site-packages/airflow/example_dags/plugins/workday.py took 0.038 seconds
[2024-10-08 16:37:19,178] {processor.py:153} INFO - Started process (PID=16757) to work on /home/kennedy/KR/Programação/00.Estudos/DataEng/Alura/airflow-executores/venv/lib/python3.9/site-packages/airflow/example_dags/plugins/workday.py
[2024-10-08 16:37:19,187] {processor.py:641} INFO - Processing file /home/kennedy/KR/Programação/00.Estudos/DataEng/Alura/airflow-executores/venv/lib/python3.9/site-packages/airflow/example_dags/plugins/workday.py for tasks to queue
[2024-10-08 16:37:19,188] {logging_mixin.py:115} INFO - [2024-10-08 16:37:19,188] {dagbag.py:507} INFO - Filling up the DagBag from /home/kennedy/KR/Programação/00.Estudos/DataEng/Alura/airflow-executores/venv/lib/python3.9/site-packages/airflow/example_dags/plugins/workday.py
[2024-10-08 16:37:19,193] {processor.py:653} WARNING - No viable dags retrieved from /home/kennedy/KR/Programação/00.Estudos/DataEng/Alura/airflow-executores/venv/lib/python3.9/site-packages/airflow/example_dags/plugins/workday.py
[2024-10-08 16:37:19,211] {processor.py:161} INFO - Processing /home/kennedy/KR/Programação/00.Estudos/DataEng/Alura/airflow-executores/venv/lib/python3.9/site-packages/airflow/example_dags/plugins/workday.py took 0.040 seconds
[2024-10-08 16:38:05,386] {processor.py:153} INFO - Started process (PID=16829) to work on /home/kennedy/KR/Programação/00.Estudos/DataEng/Alura/airflow-executores/venv/lib/python3.9/site-packages/airflow/example_dags/plugins/workday.py
[2024-10-08 16:38:05,395] {processor.py:641} INFO - Processing file /home/kennedy/KR/Programação/00.Estudos/DataEng/Alura/airflow-executores/venv/lib/python3.9/site-packages/airflow/example_dags/plugins/workday.py for tasks to queue
[2024-10-08 16:38:05,397] {logging_mixin.py:115} INFO - [2024-10-08 16:38:05,396] {dagbag.py:507} INFO - Filling up the DagBag from /home/kennedy/KR/Programação/00.Estudos/DataEng/Alura/airflow-executores/venv/lib/python3.9/site-packages/airflow/example_dags/plugins/workday.py
[2024-10-08 16:38:05,401] {processor.py:653} WARNING - No viable dags retrieved from /home/kennedy/KR/Programação/00.Estudos/DataEng/Alura/airflow-executores/venv/lib/python3.9/site-packages/airflow/example_dags/plugins/workday.py
[2024-10-08 16:38:05,421] {processor.py:161} INFO - Processing /home/kennedy/KR/Programação/00.Estudos/DataEng/Alura/airflow-executores/venv/lib/python3.9/site-packages/airflow/example_dags/plugins/workday.py took 0.041 seconds
[2024-10-08 16:38:29,091] {processor.py:153} INFO - Started process (PID=17114) to work on /home/kennedy/KR/Programação/00.Estudos/DataEng/Alura/airflow-executores/venv/lib/python3.9/site-packages/airflow/example_dags/plugins/workday.py
[2024-10-08 16:38:29,098] {processor.py:641} INFO - Processing file /home/kennedy/KR/Programação/00.Estudos/DataEng/Alura/airflow-executores/venv/lib/python3.9/site-packages/airflow/example_dags/plugins/workday.py for tasks to queue
[2024-10-08 16:38:29,099] {logging_mixin.py:115} INFO - [2024-10-08 16:38:29,099] {dagbag.py:507} INFO - Filling up the DagBag from /home/kennedy/KR/Programação/00.Estudos/DataEng/Alura/airflow-executores/venv/lib/python3.9/site-packages/airflow/example_dags/plugins/workday.py
[2024-10-08 16:38:29,101] {processor.py:653} WARNING - No viable dags retrieved from /home/kennedy/KR/Programação/00.Estudos/DataEng/Alura/airflow-executores/venv/lib/python3.9/site-packages/airflow/example_dags/plugins/workday.py
[2024-10-08 16:38:29,341] {processor.py:161} INFO - Processing /home/kennedy/KR/Programação/00.Estudos/DataEng/Alura/airflow-executores/venv/lib/python3.9/site-packages/airflow/example_dags/plugins/workday.py took 0.253 seconds
[2024-10-08 16:39:54,908] {processor.py:153} INFO - Started process (PID=17528) to work on /home/kennedy/KR/Programação/00.Estudos/DataEng/Alura/airflow-executores/venv/lib/python3.9/site-packages/airflow/example_dags/plugins/workday.py
[2024-10-08 16:39:54,917] {processor.py:641} INFO - Processing file /home/kennedy/KR/Programação/00.Estudos/DataEng/Alura/airflow-executores/venv/lib/python3.9/site-packages/airflow/example_dags/plugins/workday.py for tasks to queue
[2024-10-08 16:39:54,918] {logging_mixin.py:115} INFO - [2024-10-08 16:39:54,918] {dagbag.py:507} INFO - Filling up the DagBag from /home/kennedy/KR/Programação/00.Estudos/DataEng/Alura/airflow-executores/venv/lib/python3.9/site-packages/airflow/example_dags/plugins/workday.py
[2024-10-08 16:39:54,923] {processor.py:653} WARNING - No viable dags retrieved from /home/kennedy/KR/Programação/00.Estudos/DataEng/Alura/airflow-executores/venv/lib/python3.9/site-packages/airflow/example_dags/plugins/workday.py
[2024-10-08 16:39:54,943] {processor.py:161} INFO - Processing /home/kennedy/KR/Programação/00.Estudos/DataEng/Alura/airflow-executores/venv/lib/python3.9/site-packages/airflow/example_dags/plugins/workday.py took 0.041 seconds
[2024-10-08 16:40:55,476] {processor.py:153} INFO - Started process (PID=17784) to work on /home/kennedy/KR/Programação/00.Estudos/DataEng/Alura/airflow-executores/venv/lib/python3.9/site-packages/airflow/example_dags/plugins/workday.py
[2024-10-08 16:40:55,478] {processor.py:641} INFO - Processing file /home/kennedy/KR/Programação/00.Estudos/DataEng/Alura/airflow-executores/venv/lib/python3.9/site-packages/airflow/example_dags/plugins/workday.py for tasks to queue
[2024-10-08 16:40:55,479] {logging_mixin.py:115} INFO - [2024-10-08 16:40:55,479] {dagbag.py:507} INFO - Filling up the DagBag from /home/kennedy/KR/Programação/00.Estudos/DataEng/Alura/airflow-executores/venv/lib/python3.9/site-packages/airflow/example_dags/plugins/workday.py
[2024-10-08 16:40:55,483] {processor.py:653} WARNING - No viable dags retrieved from /home/kennedy/KR/Programação/00.Estudos/DataEng/Alura/airflow-executores/venv/lib/python3.9/site-packages/airflow/example_dags/plugins/workday.py
[2024-10-08 16:40:55,503] {processor.py:161} INFO - Processing /home/kennedy/KR/Programação/00.Estudos/DataEng/Alura/airflow-executores/venv/lib/python3.9/site-packages/airflow/example_dags/plugins/workday.py took 0.032 seconds
[2024-10-08 16:42:12,303] {processor.py:153} INFO - Started process (PID=18156) to work on /home/kennedy/KR/Programação/00.Estudos/DataEng/Alura/airflow-executores/venv/lib/python3.9/site-packages/airflow/example_dags/plugins/workday.py
[2024-10-08 16:42:12,306] {processor.py:641} INFO - Processing file /home/kennedy/KR/Programação/00.Estudos/DataEng/Alura/airflow-executores/venv/lib/python3.9/site-packages/airflow/example_dags/plugins/workday.py for tasks to queue
[2024-10-08 16:42:12,308] {logging_mixin.py:115} INFO - [2024-10-08 16:42:12,307] {dagbag.py:507} INFO - Filling up the DagBag from /home/kennedy/KR/Programação/00.Estudos/DataEng/Alura/airflow-executores/venv/lib/python3.9/site-packages/airflow/example_dags/plugins/workday.py
[2024-10-08 16:42:12,318] {processor.py:653} WARNING - No viable dags retrieved from /home/kennedy/KR/Programação/00.Estudos/DataEng/Alura/airflow-executores/venv/lib/python3.9/site-packages/airflow/example_dags/plugins/workday.py
[2024-10-08 16:42:12,332] {processor.py:161} INFO - Processing /home/kennedy/KR/Programação/00.Estudos/DataEng/Alura/airflow-executores/venv/lib/python3.9/site-packages/airflow/example_dags/plugins/workday.py took 0.039 seconds
[2024-10-08 16:42:51,316] {processor.py:153} INFO - Started process (PID=18205) to work on /home/kennedy/KR/Programação/00.Estudos/DataEng/Alura/airflow-executores/venv/lib/python3.9/site-packages/airflow/example_dags/plugins/workday.py
[2024-10-08 16:42:51,458] {processor.py:641} INFO - Processing file /home/kennedy/KR/Programação/00.Estudos/DataEng/Alura/airflow-executores/venv/lib/python3.9/site-packages/airflow/example_dags/plugins/workday.py for tasks to queue
[2024-10-08 16:42:51,459] {logging_mixin.py:115} INFO - [2024-10-08 16:42:51,459] {dagbag.py:507} INFO - Filling up the DagBag from /home/kennedy/KR/Programação/00.Estudos/DataEng/Alura/airflow-executores/venv/lib/python3.9/site-packages/airflow/example_dags/plugins/workday.py
[2024-10-08 16:42:51,466] {processor.py:653} WARNING - No viable dags retrieved from /home/kennedy/KR/Programação/00.Estudos/DataEng/Alura/airflow-executores/venv/lib/python3.9/site-packages/airflow/example_dags/plugins/workday.py
[2024-10-08 16:42:51,497] {processor.py:161} INFO - Processing /home/kennedy/KR/Programação/00.Estudos/DataEng/Alura/airflow-executores/venv/lib/python3.9/site-packages/airflow/example_dags/plugins/workday.py took 0.186 seconds
[2024-10-08 16:43:39,721] {processor.py:153} INFO - Started process (PID=18243) to work on /home/kennedy/KR/Programação/00.Estudos/DataEng/Alura/airflow-executores/venv/lib/python3.9/site-packages/airflow/example_dags/plugins/workday.py
[2024-10-08 16:43:39,862] {processor.py:641} INFO - Processing file /home/kennedy/KR/Programação/00.Estudos/DataEng/Alura/airflow-executores/venv/lib/python3.9/site-packages/airflow/example_dags/plugins/workday.py for tasks to queue
[2024-10-08 16:43:39,864] {logging_mixin.py:115} INFO - [2024-10-08 16:43:39,863] {dagbag.py:507} INFO - Filling up the DagBag from /home/kennedy/KR/Programação/00.Estudos/DataEng/Alura/airflow-executores/venv/lib/python3.9/site-packages/airflow/example_dags/plugins/workday.py
[2024-10-08 16:43:39,868] {processor.py:653} WARNING - No viable dags retrieved from /home/kennedy/KR/Programação/00.Estudos/DataEng/Alura/airflow-executores/venv/lib/python3.9/site-packages/airflow/example_dags/plugins/workday.py
[2024-10-08 16:43:39,890] {processor.py:161} INFO - Processing /home/kennedy/KR/Programação/00.Estudos/DataEng/Alura/airflow-executores/venv/lib/python3.9/site-packages/airflow/example_dags/plugins/workday.py took 0.176 seconds
[2024-10-08 16:44:25,875] {processor.py:153} INFO - Started process (PID=18278) to work on /home/kennedy/KR/Programação/00.Estudos/DataEng/Alura/airflow-executores/venv/lib/python3.9/site-packages/airflow/example_dags/plugins/workday.py
[2024-10-08 16:44:26,153] {processor.py:641} INFO - Processing file /home/kennedy/KR/Programação/00.Estudos/DataEng/Alura/airflow-executores/venv/lib/python3.9/site-packages/airflow/example_dags/plugins/workday.py for tasks to queue
[2024-10-08 16:44:26,154] {logging_mixin.py:115} INFO - [2024-10-08 16:44:26,154] {dagbag.py:507} INFO - Filling up the DagBag from /home/kennedy/KR/Programação/00.Estudos/DataEng/Alura/airflow-executores/venv/lib/python3.9/site-packages/airflow/example_dags/plugins/workday.py
[2024-10-08 16:44:26,156] {processor.py:653} WARNING - No viable dags retrieved from /home/kennedy/KR/Programação/00.Estudos/DataEng/Alura/airflow-executores/venv/lib/python3.9/site-packages/airflow/example_dags/plugins/workday.py
[2024-10-08 16:44:26,172] {processor.py:161} INFO - Processing /home/kennedy/KR/Programação/00.Estudos/DataEng/Alura/airflow-executores/venv/lib/python3.9/site-packages/airflow/example_dags/plugins/workday.py took 0.303 seconds
[2024-10-08 16:45:13,291] {processor.py:153} INFO - Started process (PID=18328) to work on /home/kennedy/KR/Programação/00.Estudos/DataEng/Alura/airflow-executores/venv/lib/python3.9/site-packages/airflow/example_dags/plugins/workday.py
[2024-10-08 16:45:13,292] {processor.py:641} INFO - Processing file /home/kennedy/KR/Programação/00.Estudos/DataEng/Alura/airflow-executores/venv/lib/python3.9/site-packages/airflow/example_dags/plugins/workday.py for tasks to queue
[2024-10-08 16:45:13,293] {logging_mixin.py:115} INFO - [2024-10-08 16:45:13,293] {dagbag.py:507} INFO - Filling up the DagBag from /home/kennedy/KR/Programação/00.Estudos/DataEng/Alura/airflow-executores/venv/lib/python3.9/site-packages/airflow/example_dags/plugins/workday.py
[2024-10-08 16:45:13,298] {processor.py:653} WARNING - No viable dags retrieved from /home/kennedy/KR/Programação/00.Estudos/DataEng/Alura/airflow-executores/venv/lib/python3.9/site-packages/airflow/example_dags/plugins/workday.py
[2024-10-08 16:45:13,314] {processor.py:161} INFO - Processing /home/kennedy/KR/Programação/00.Estudos/DataEng/Alura/airflow-executores/venv/lib/python3.9/site-packages/airflow/example_dags/plugins/workday.py took 0.030 seconds
[2024-10-08 16:46:02,670] {processor.py:153} INFO - Started process (PID=18658) to work on /home/kennedy/KR/Programação/00.Estudos/DataEng/Alura/airflow-executores/venv/lib/python3.9/site-packages/airflow/example_dags/plugins/workday.py
[2024-10-08 16:46:02,672] {processor.py:641} INFO - Processing file /home/kennedy/KR/Programação/00.Estudos/DataEng/Alura/airflow-executores/venv/lib/python3.9/site-packages/airflow/example_dags/plugins/workday.py for tasks to queue
[2024-10-08 16:46:02,673] {logging_mixin.py:115} INFO - [2024-10-08 16:46:02,673] {dagbag.py:507} INFO - Filling up the DagBag from /home/kennedy/KR/Programação/00.Estudos/DataEng/Alura/airflow-executores/venv/lib/python3.9/site-packages/airflow/example_dags/plugins/workday.py
[2024-10-08 16:46:02,678] {processor.py:653} WARNING - No viable dags retrieved from /home/kennedy/KR/Programação/00.Estudos/DataEng/Alura/airflow-executores/venv/lib/python3.9/site-packages/airflow/example_dags/plugins/workday.py
[2024-10-08 16:46:02,701] {processor.py:161} INFO - Processing /home/kennedy/KR/Programação/00.Estudos/DataEng/Alura/airflow-executores/venv/lib/python3.9/site-packages/airflow/example_dags/plugins/workday.py took 0.037 seconds
[2024-10-08 16:47:24,885] {processor.py:153} INFO - Started process (PID=19076) to work on /home/kennedy/KR/Programação/00.Estudos/DataEng/Alura/airflow-executores/venv/lib/python3.9/site-packages/airflow/example_dags/plugins/workday.py
[2024-10-08 16:47:24,980] {processor.py:641} INFO - Processing file /home/kennedy/KR/Programação/00.Estudos/DataEng/Alura/airflow-executores/venv/lib/python3.9/site-packages/airflow/example_dags/plugins/workday.py for tasks to queue
[2024-10-08 16:47:24,982] {logging_mixin.py:115} INFO - [2024-10-08 16:47:24,981] {dagbag.py:507} INFO - Filling up the DagBag from /home/kennedy/KR/Programação/00.Estudos/DataEng/Alura/airflow-executores/venv/lib/python3.9/site-packages/airflow/example_dags/plugins/workday.py
[2024-10-08 16:47:24,986] {processor.py:653} WARNING - No viable dags retrieved from /home/kennedy/KR/Programação/00.Estudos/DataEng/Alura/airflow-executores/venv/lib/python3.9/site-packages/airflow/example_dags/plugins/workday.py
[2024-10-08 16:47:25,237] {processor.py:161} INFO - Processing /home/kennedy/KR/Programação/00.Estudos/DataEng/Alura/airflow-executores/venv/lib/python3.9/site-packages/airflow/example_dags/plugins/workday.py took 0.355 seconds
[2024-10-08 16:48:08,840] {processor.py:153} INFO - Started process (PID=19229) to work on /home/kennedy/KR/Programação/00.Estudos/DataEng/Alura/airflow-executores/venv/lib/python3.9/site-packages/airflow/example_dags/plugins/workday.py
[2024-10-08 16:48:09,067] {processor.py:641} INFO - Processing file /home/kennedy/KR/Programação/00.Estudos/DataEng/Alura/airflow-executores/venv/lib/python3.9/site-packages/airflow/example_dags/plugins/workday.py for tasks to queue
[2024-10-08 16:48:09,068] {logging_mixin.py:115} INFO - [2024-10-08 16:48:09,068] {dagbag.py:507} INFO - Filling up the DagBag from /home/kennedy/KR/Programação/00.Estudos/DataEng/Alura/airflow-executores/venv/lib/python3.9/site-packages/airflow/example_dags/plugins/workday.py
[2024-10-08 16:48:09,072] {processor.py:653} WARNING - No viable dags retrieved from /home/kennedy/KR/Programação/00.Estudos/DataEng/Alura/airflow-executores/venv/lib/python3.9/site-packages/airflow/example_dags/plugins/workday.py
[2024-10-08 16:48:09,094] {processor.py:161} INFO - Processing /home/kennedy/KR/Programação/00.Estudos/DataEng/Alura/airflow-executores/venv/lib/python3.9/site-packages/airflow/example_dags/plugins/workday.py took 0.259 seconds
[2024-10-08 16:49:15,137] {processor.py:153} INFO - Started process (PID=19304) to work on /home/kennedy/KR/Programação/00.Estudos/DataEng/Alura/airflow-executores/venv/lib/python3.9/site-packages/airflow/example_dags/plugins/workday.py
[2024-10-08 16:49:15,145] {processor.py:641} INFO - Processing file /home/kennedy/KR/Programação/00.Estudos/DataEng/Alura/airflow-executores/venv/lib/python3.9/site-packages/airflow/example_dags/plugins/workday.py for tasks to queue
[2024-10-08 16:49:15,146] {logging_mixin.py:115} INFO - [2024-10-08 16:49:15,146] {dagbag.py:507} INFO - Filling up the DagBag from /home/kennedy/KR/Programação/00.Estudos/DataEng/Alura/airflow-executores/venv/lib/python3.9/site-packages/airflow/example_dags/plugins/workday.py
[2024-10-08 16:49:15,151] {processor.py:653} WARNING - No viable dags retrieved from /home/kennedy/KR/Programação/00.Estudos/DataEng/Alura/airflow-executores/venv/lib/python3.9/site-packages/airflow/example_dags/plugins/workday.py
[2024-10-08 16:49:15,169] {processor.py:161} INFO - Processing /home/kennedy/KR/Programação/00.Estudos/DataEng/Alura/airflow-executores/venv/lib/python3.9/site-packages/airflow/example_dags/plugins/workday.py took 0.039 seconds
[2024-10-08 16:50:27,465] {processor.py:153} INFO - Started process (PID=19722) to work on /home/kennedy/KR/Programação/00.Estudos/DataEng/Alura/airflow-executores/venv/lib/python3.9/site-packages/airflow/example_dags/plugins/workday.py
[2024-10-08 16:50:27,519] {processor.py:641} INFO - Processing file /home/kennedy/KR/Programação/00.Estudos/DataEng/Alura/airflow-executores/venv/lib/python3.9/site-packages/airflow/example_dags/plugins/workday.py for tasks to queue
[2024-10-08 16:50:27,521] {logging_mixin.py:115} INFO - [2024-10-08 16:50:27,520] {dagbag.py:507} INFO - Filling up the DagBag from /home/kennedy/KR/Programação/00.Estudos/DataEng/Alura/airflow-executores/venv/lib/python3.9/site-packages/airflow/example_dags/plugins/workday.py
[2024-10-08 16:50:27,525] {processor.py:653} WARNING - No viable dags retrieved from /home/kennedy/KR/Programação/00.Estudos/DataEng/Alura/airflow-executores/venv/lib/python3.9/site-packages/airflow/example_dags/plugins/workday.py
[2024-10-08 16:50:27,672] {processor.py:161} INFO - Processing /home/kennedy/KR/Programação/00.Estudos/DataEng/Alura/airflow-executores/venv/lib/python3.9/site-packages/airflow/example_dags/plugins/workday.py took 0.212 seconds
[2024-10-08 17:00:21,976] {processor.py:153} INFO - Started process (PID=24542) to work on /home/kennedy/KR/Programação/00.Estudos/DataEng/Alura/airflow-executores/venv/lib/python3.9/site-packages/airflow/example_dags/plugins/workday.py
[2024-10-08 17:00:21,990] {processor.py:641} INFO - Processing file /home/kennedy/KR/Programação/00.Estudos/DataEng/Alura/airflow-executores/venv/lib/python3.9/site-packages/airflow/example_dags/plugins/workday.py for tasks to queue
[2024-10-08 17:00:21,991] {logging_mixin.py:115} INFO - [2024-10-08 17:00:21,991] {dagbag.py:507} INFO - Filling up the DagBag from /home/kennedy/KR/Programação/00.Estudos/DataEng/Alura/airflow-executores/venv/lib/python3.9/site-packages/airflow/example_dags/plugins/workday.py
[2024-10-08 17:00:21,995] {processor.py:653} WARNING - No viable dags retrieved from /home/kennedy/KR/Programação/00.Estudos/DataEng/Alura/airflow-executores/venv/lib/python3.9/site-packages/airflow/example_dags/plugins/workday.py
[2024-10-08 17:00:22,013] {processor.py:161} INFO - Processing /home/kennedy/KR/Programação/00.Estudos/DataEng/Alura/airflow-executores/venv/lib/python3.9/site-packages/airflow/example_dags/plugins/workday.py took 0.039 seconds
[2024-10-08 17:05:16,381] {processor.py:153} INFO - Started process (PID=28104) to work on /home/kennedy/KR/Programação/00.Estudos/DataEng/Alura/airflow-executores/venv/lib/python3.9/site-packages/airflow/example_dags/plugins/workday.py
[2024-10-08 17:05:16,394] {processor.py:641} INFO - Processing file /home/kennedy/KR/Programação/00.Estudos/DataEng/Alura/airflow-executores/venv/lib/python3.9/site-packages/airflow/example_dags/plugins/workday.py for tasks to queue
[2024-10-08 17:05:16,395] {logging_mixin.py:115} INFO - [2024-10-08 17:05:16,395] {dagbag.py:507} INFO - Filling up the DagBag from /home/kennedy/KR/Programação/00.Estudos/DataEng/Alura/airflow-executores/venv/lib/python3.9/site-packages/airflow/example_dags/plugins/workday.py
[2024-10-08 17:05:16,399] {processor.py:653} WARNING - No viable dags retrieved from /home/kennedy/KR/Programação/00.Estudos/DataEng/Alura/airflow-executores/venv/lib/python3.9/site-packages/airflow/example_dags/plugins/workday.py
[2024-10-08 17:05:16,417] {processor.py:161} INFO - Processing /home/kennedy/KR/Programação/00.Estudos/DataEng/Alura/airflow-executores/venv/lib/python3.9/site-packages/airflow/example_dags/plugins/workday.py took 0.042 seconds
[2024-10-08 17:16:33,782] {processor.py:153} INFO - Started process (PID=35486) to work on /home/kennedy/KR/Programação/00.Estudos/DataEng/Alura/airflow-executores/venv/lib/python3.9/site-packages/airflow/example_dags/plugins/workday.py
[2024-10-08 17:16:33,796] {processor.py:641} INFO - Processing file /home/kennedy/KR/Programação/00.Estudos/DataEng/Alura/airflow-executores/venv/lib/python3.9/site-packages/airflow/example_dags/plugins/workday.py for tasks to queue
[2024-10-08 17:16:33,797] {logging_mixin.py:115} INFO - [2024-10-08 17:16:33,797] {dagbag.py:507} INFO - Filling up the DagBag from /home/kennedy/KR/Programação/00.Estudos/DataEng/Alura/airflow-executores/venv/lib/python3.9/site-packages/airflow/example_dags/plugins/workday.py
[2024-10-08 17:16:33,802] {processor.py:653} WARNING - No viable dags retrieved from /home/kennedy/KR/Programação/00.Estudos/DataEng/Alura/airflow-executores/venv/lib/python3.9/site-packages/airflow/example_dags/plugins/workday.py
[2024-10-08 17:16:33,827] {processor.py:161} INFO - Processing /home/kennedy/KR/Programação/00.Estudos/DataEng/Alura/airflow-executores/venv/lib/python3.9/site-packages/airflow/example_dags/plugins/workday.py took 0.050 seconds
