[2024-10-09 10:41:14,634] {taskinstance.py:1159} INFO - Dependencies all met for <TaskInstance: get_crypto_dag.BTC scheduled__2024-09-29T00:00:00+00:00 [queued]>
[2024-10-09 10:41:14,664] {taskinstance.py:1159} INFO - Dependencies all met for <TaskInstance: get_crypto_dag.BTC scheduled__2024-09-29T00:00:00+00:00 [queued]>
[2024-10-09 10:41:14,665] {taskinstance.py:1356} INFO - 
--------------------------------------------------------------------------------
[2024-10-09 10:41:14,665] {taskinstance.py:1357} INFO - Starting attempt 1 of 1
[2024-10-09 10:41:14,665] {taskinstance.py:1358} INFO - 
--------------------------------------------------------------------------------
[2024-10-09 10:41:15,228] {taskinstance.py:1377} INFO - Executing <Task(_PythonDecoratedOperator): BTC> on 2024-09-29 00:00:00+00:00
[2024-10-09 10:41:15,243] {standard_task_runner.py:52} INFO - Started process 68307 to run task
[2024-10-09 10:41:15,250] {standard_task_runner.py:79} INFO - Running: ['airflow', 'tasks', 'run', 'get_crypto_dag', 'BTC', 'scheduled__2024-09-29T00:00:00+00:00', '--job-id', '444', '--raw', '--subdir', 'DAGS_FOLDER/get_crypto.py', '--cfg-path', '/tmp/tmpzmbsgtss', '--error-file', '/tmp/tmpr90a8lub']
[2024-10-09 10:41:15,253] {standard_task_runner.py:80} INFO - Job 444: Subtask BTC
[2024-10-09 10:41:15,738] {task_command.py:370} INFO - Running <TaskInstance: get_crypto_dag.BTC scheduled__2024-09-29T00:00:00+00:00 [running]> on host ken
[2024-10-09 10:41:15,964] {taskinstance.py:1569} INFO - Exporting the following env vars:
AIRFLOW_CTX_DAG_OWNER=airflow
AIRFLOW_CTX_DAG_ID=get_crypto_dag
AIRFLOW_CTX_TASK_ID=BTC
AIRFLOW_CTX_EXECUTION_DATE=2024-09-29T00:00:00+00:00
AIRFLOW_CTX_TRY_NUMBER=1
AIRFLOW_CTX_DAG_RUN_ID=scheduled__2024-09-29T00:00:00+00:00
[2024-10-09 10:41:16,927] {taskinstance.py:1889} ERROR - Task failed with exception
Traceback (most recent call last):
  File "/home/kennedy/KR/Programação/00.Estudos/DataEng/Alura/airflow-executores/venv/lib/python3.9/site-packages/airflow/decorators/base.py", line 179, in execute
    return_value = super().execute(context)
  File "/home/kennedy/KR/Programação/00.Estudos/DataEng/Alura/airflow-executores/venv/lib/python3.9/site-packages/airflow/operators/python.py", line 171, in execute
    return_value = self.execute_callable()
  File "/home/kennedy/KR/Programação/00.Estudos/DataEng/Alura/airflow-executores/venv/lib/python3.9/site-packages/airflow/operators/python.py", line 189, in execute_callable
    return self.python_callable(*self.op_args, **self.op_kwargs)
  File "/home/kennedy/KR/Programação/00.Estudos/DataEng/Alura/airflow-executores/airflow/dags/get_crypto.py", line 21, in get_history
    yfinance.Ticker(ticker).history(
  File "/home/kennedy/KR/Programação/00.Estudos/DataEng/Alura/airflow-executores/venv/lib/python3.9/site-packages/yfinance/utils.py", line 104, in wrapper
    result = func(*args, **kwargs)
  File "/home/kennedy/KR/Programação/00.Estudos/DataEng/Alura/airflow-executores/venv/lib/python3.9/site-packages/yfinance/base.py", line 80, in history
    return self._lazy_load_price_history().history(*args, **kwargs)
  File "/home/kennedy/KR/Programação/00.Estudos/DataEng/Alura/airflow-executores/venv/lib/python3.9/site-packages/yfinance/utils.py", line 104, in wrapper
    result = func(*args, **kwargs)
  File "/home/kennedy/KR/Programação/00.Estudos/DataEng/Alura/airflow-executores/venv/lib/python3.9/site-packages/yfinance/scrapers/history.py", line 256, in history
    logger.debug(f'{self.ticker}: yfinance received OHLC data: {quotes.index[0]} -> {quotes.index[-1]}')
  File "/home/kennedy/KR/Programação/00.Estudos/DataEng/Alura/airflow-executores/venv/lib/python3.9/site-packages/pandas/core/indexes/base.py", line 5389, in __getitem__
    return getitem(key)
  File "/home/kennedy/KR/Programação/00.Estudos/DataEng/Alura/airflow-executores/venv/lib/python3.9/site-packages/pandas/core/arrays/datetimelike.py", line 381, in __getitem__
    result = cast("Union[Self, DTScalarOrNaT]", super().__getitem__(key))
  File "/home/kennedy/KR/Programação/00.Estudos/DataEng/Alura/airflow-executores/venv/lib/python3.9/site-packages/pandas/core/arrays/_mixins.py", line 284, in __getitem__
    result = self._ndarray[key]
IndexError: index 0 is out of bounds for axis 0 with size 0
[2024-10-09 10:41:16,992] {taskinstance.py:1395} INFO - Marking task as FAILED. dag_id=get_crypto_dag, task_id=BTC, execution_date=20240929T000000, start_date=20241009T134114, end_date=20241009T134116
[2024-10-09 10:41:17,271] {standard_task_runner.py:92} ERROR - Failed to execute job 444 for task BTC (index 0 is out of bounds for axis 0 with size 0; 68307)
[2024-10-09 10:41:17,313] {local_task_job.py:156} INFO - Task exited with return code 1
[2024-10-09 10:41:17,739] {local_task_job.py:273} INFO - 0 downstream tasks scheduled from follow-on schedule check
