[2024-10-08 17:20:39,204] {taskinstance.py:1159} INFO - Dependencies all met for <TaskInstance: get_stocks_dag.AAPL scheduled__2024-09-28T00:00:00+00:00 [queued]>
[2024-10-08 17:20:39,210] {taskinstance.py:1159} INFO - Dependencies all met for <TaskInstance: get_stocks_dag.AAPL scheduled__2024-09-28T00:00:00+00:00 [queued]>
[2024-10-08 17:20:39,210] {taskinstance.py:1356} INFO - 
--------------------------------------------------------------------------------
[2024-10-08 17:20:39,210] {taskinstance.py:1357} INFO - Starting attempt 1 of 1
[2024-10-08 17:20:39,210] {taskinstance.py:1358} INFO - 
--------------------------------------------------------------------------------
[2024-10-08 17:20:40,036] {taskinstance.py:1377} INFO - Executing <Task(_PythonDecoratedOperator): AAPL> on 2024-09-28 00:00:00+00:00
[2024-10-08 17:20:40,044] {standard_task_runner.py:52} INFO - Started process 38525 to run task
[2024-10-08 17:20:40,050] {standard_task_runner.py:79} INFO - Running: ['airflow', 'tasks', 'run', 'get_stocks_dag', 'AAPL', 'scheduled__2024-09-28T00:00:00+00:00', '--job-id', '174', '--raw', '--subdir', 'DAGS_FOLDER/get_stocks.py', '--cfg-path', '/tmp/tmpgnlcnu7v', '--error-file', '/tmp/tmpke_0lhar']
[2024-10-08 17:20:40,051] {standard_task_runner.py:80} INFO - Job 174: Subtask AAPL
[2024-10-08 17:20:40,428] {task_command.py:370} INFO - Running <TaskInstance: get_stocks_dag.AAPL scheduled__2024-09-28T00:00:00+00:00 [running]> on host ken
[2024-10-08 17:20:41,476] {taskinstance.py:1569} INFO - Exporting the following env vars:
AIRFLOW_CTX_DAG_OWNER=airflow
AIRFLOW_CTX_DAG_ID=get_stocks_dag
AIRFLOW_CTX_TASK_ID=AAPL
AIRFLOW_CTX_EXECUTION_DATE=2024-09-28T00:00:00+00:00
AIRFLOW_CTX_TRY_NUMBER=1
AIRFLOW_CTX_DAG_RUN_ID=scheduled__2024-09-28T00:00:00+00:00
[2024-10-08 17:20:42,117] {python.py:173} INFO - Done. Returned value was: None
[2024-10-08 17:20:42,122] {taskinstance.py:1395} INFO - Marking task as SUCCESS. dag_id=get_stocks_dag, task_id=AAPL, execution_date=20240928T000000, start_date=20241008T202039, end_date=20241008T202042
[2024-10-08 17:20:42,272] {local_task_job.py:156} INFO - Task exited with return code 0
[2024-10-08 17:20:42,287] {local_task_job.py:273} INFO - 0 downstream tasks scheduled from follow-on schedule check
[2024-10-08 23:21:44,601] {taskinstance.py:1159} INFO - Dependencies all met for <TaskInstance: get_stocks_dag.AAPL scheduled__2024-09-28T00:00:00+00:00 [queued]>
[2024-10-08 23:21:44,623] {taskinstance.py:1159} INFO - Dependencies all met for <TaskInstance: get_stocks_dag.AAPL scheduled__2024-09-28T00:00:00+00:00 [queued]>
[2024-10-08 23:21:44,624] {taskinstance.py:1356} INFO - 
--------------------------------------------------------------------------------
[2024-10-08 23:21:44,624] {taskinstance.py:1357} INFO - Starting attempt 1 of 1
[2024-10-08 23:21:44,625] {taskinstance.py:1358} INFO - 
--------------------------------------------------------------------------------
[2024-10-08 23:21:44,674] {taskinstance.py:1377} INFO - Executing <Task(_PythonDecoratedOperator): AAPL> on 2024-09-28 00:00:00+00:00
[2024-10-08 23:21:44,686] {standard_task_runner.py:52} INFO - Started process 22343 to run task
[2024-10-08 23:21:44,699] {standard_task_runner.py:79} INFO - Running: ['airflow', 'tasks', 'run', 'get_stocks_dag', 'AAPL', 'scheduled__2024-09-28T00:00:00+00:00', '--job-id', '41', '--raw', '--subdir', 'DAGS_FOLDER/get_stocks.py', '--cfg-path', '/tmp/tmp7busy_w3', '--error-file', '/tmp/tmp1fx4yo9c']
[2024-10-08 23:21:44,701] {standard_task_runner.py:80} INFO - Job 41: Subtask AAPL
[2024-10-08 23:21:44,907] {task_command.py:370} INFO - Running <TaskInstance: get_stocks_dag.AAPL scheduled__2024-09-28T00:00:00+00:00 [running]> on host ken
[2024-10-08 23:21:45,181] {taskinstance.py:1569} INFO - Exporting the following env vars:
AIRFLOW_CTX_DAG_OWNER=airflow
AIRFLOW_CTX_DAG_ID=get_stocks_dag
AIRFLOW_CTX_TASK_ID=AAPL
AIRFLOW_CTX_EXECUTION_DATE=2024-09-28T00:00:00+00:00
AIRFLOW_CTX_TRY_NUMBER=1
AIRFLOW_CTX_DAG_RUN_ID=scheduled__2024-09-28T00:00:00+00:00
[2024-10-08 23:21:47,374] {python.py:173} INFO - Done. Returned value was: None
[2024-10-08 23:21:48,675] {taskinstance.py:1395} INFO - Marking task as SUCCESS. dag_id=get_stocks_dag, task_id=AAPL, execution_date=20240928T000000, start_date=20241009T022144, end_date=20241009T022148
[2024-10-08 23:21:48,785] {local_task_job.py:156} INFO - Task exited with return code 0
[2024-10-08 23:21:48,914] {local_task_job.py:273} INFO - 0 downstream tasks scheduled from follow-on schedule check
[2024-10-09 01:00:52,494] {taskinstance.py:1159} INFO - Dependencies all met for <TaskInstance: get_stocks_dag.AAPL scheduled__2024-09-28T00:00:00+00:00 [queued]>
[2024-10-09 01:00:52,516] {taskinstance.py:1159} INFO - Dependencies all met for <TaskInstance: get_stocks_dag.AAPL scheduled__2024-09-28T00:00:00+00:00 [queued]>
[2024-10-09 01:00:52,516] {taskinstance.py:1356} INFO - 
--------------------------------------------------------------------------------
[2024-10-09 01:00:52,517] {taskinstance.py:1357} INFO - Starting attempt 1 of 1
[2024-10-09 01:00:52,517] {taskinstance.py:1358} INFO - 
--------------------------------------------------------------------------------
[2024-10-09 01:00:53,502] {taskinstance.py:1377} INFO - Executing <Task(_PythonDecoratedOperator): AAPL> on 2024-09-28 00:00:00+00:00
[2024-10-09 01:00:53,515] {standard_task_runner.py:52} INFO - Started process 41400 to run task
[2024-10-09 01:00:53,527] {standard_task_runner.py:79} INFO - Running: ['airflow', 'tasks', 'run', 'get_stocks_dag', 'AAPL', 'scheduled__2024-09-28T00:00:00+00:00', '--job-id', '104', '--raw', '--subdir', 'DAGS_FOLDER/get_stocks.py', '--cfg-path', '/tmp/tmp_ldaydl7', '--error-file', '/tmp/tmp66vcmeo1']
[2024-10-09 01:00:53,529] {standard_task_runner.py:80} INFO - Job 104: Subtask AAPL
[2024-10-09 01:00:53,637] {task_command.py:370} INFO - Running <TaskInstance: get_stocks_dag.AAPL scheduled__2024-09-28T00:00:00+00:00 [running]> on host ken
[2024-10-09 01:00:53,758] {taskinstance.py:1569} INFO - Exporting the following env vars:
AIRFLOW_CTX_DAG_OWNER=airflow
AIRFLOW_CTX_DAG_ID=get_stocks_dag
AIRFLOW_CTX_TASK_ID=AAPL
AIRFLOW_CTX_EXECUTION_DATE=2024-09-28T00:00:00+00:00
AIRFLOW_CTX_TRY_NUMBER=1
AIRFLOW_CTX_DAG_RUN_ID=scheduled__2024-09-28T00:00:00+00:00
[2024-10-09 01:01:07,893] {history.py:244} ERROR - $AAPL: possibly delisted; no price data found  (1h 2024-09-27 -> 2024-09-28)
[2024-10-09 01:01:07,896] {python.py:173} INFO - Done. Returned value was: None
[2024-10-09 01:01:07,913] {taskinstance.py:1395} INFO - Marking task as SUCCESS. dag_id=get_stocks_dag, task_id=AAPL, execution_date=20240928T000000, start_date=20241009T040052, end_date=20241009T040107
[2024-10-09 01:01:08,559] {local_task_job.py:156} INFO - Task exited with return code 0
[2024-10-09 01:01:08,777] {local_task_job.py:273} INFO - 0 downstream tasks scheduled from follow-on schedule check
[2024-10-09 09:34:33,595] {taskinstance.py:1159} INFO - Dependencies all met for <TaskInstance: get_stocks_dag.AAPL scheduled__2024-09-28T00:00:00+00:00 [queued]>
[2024-10-09 09:34:33,619] {taskinstance.py:1159} INFO - Dependencies all met for <TaskInstance: get_stocks_dag.AAPL scheduled__2024-09-28T00:00:00+00:00 [queued]>
[2024-10-09 09:34:33,619] {taskinstance.py:1356} INFO - 
--------------------------------------------------------------------------------
[2024-10-09 09:34:33,620] {taskinstance.py:1357} INFO - Starting attempt 1 of 1
[2024-10-09 09:34:33,620] {taskinstance.py:1358} INFO - 
--------------------------------------------------------------------------------
[2024-10-09 09:34:33,672] {taskinstance.py:1377} INFO - Executing <Task(_PythonDecoratedOperator): AAPL> on 2024-09-28 00:00:00+00:00
[2024-10-09 09:34:33,678] {standard_task_runner.py:52} INFO - Started process 15585 to run task
[2024-10-09 09:34:33,682] {standard_task_runner.py:79} INFO - Running: ['airflow', 'tasks', 'run', 'get_stocks_dag', 'AAPL', 'scheduled__2024-09-28T00:00:00+00:00', '--job-id', '172', '--raw', '--subdir', 'DAGS_FOLDER/get_stocks.py', '--cfg-path', '/tmp/tmp_1xs7ku2', '--error-file', '/tmp/tmpxjxd2pqw']
[2024-10-09 09:34:33,683] {standard_task_runner.py:80} INFO - Job 172: Subtask AAPL
[2024-10-09 09:34:33,993] {task_command.py:370} INFO - Running <TaskInstance: get_stocks_dag.AAPL scheduled__2024-09-28T00:00:00+00:00 [running]> on host ken
[2024-10-09 09:34:34,156] {taskinstance.py:1569} INFO - Exporting the following env vars:
AIRFLOW_CTX_DAG_OWNER=airflow
AIRFLOW_CTX_DAG_ID=get_stocks_dag
AIRFLOW_CTX_TASK_ID=AAPL
AIRFLOW_CTX_EXECUTION_DATE=2024-09-28T00:00:00+00:00
AIRFLOW_CTX_TRY_NUMBER=1
AIRFLOW_CTX_DAG_RUN_ID=scheduled__2024-09-28T00:00:00+00:00
[2024-10-09 09:34:34,535] {python.py:173} INFO - Done. Returned value was: None
[2024-10-09 09:34:34,556] {taskinstance.py:1395} INFO - Marking task as SUCCESS. dag_id=get_stocks_dag, task_id=AAPL, execution_date=20240928T000000, start_date=20241009T123433, end_date=20241009T123434
[2024-10-09 09:34:34,617] {local_task_job.py:156} INFO - Task exited with return code 0
[2024-10-09 09:34:35,089] {local_task_job.py:273} INFO - 0 downstream tasks scheduled from follow-on schedule check
[2024-10-09 09:44:03,021] {taskinstance.py:1159} INFO - Dependencies all met for <TaskInstance: get_stocks_dag.AAPL scheduled__2024-09-28T00:00:00+00:00 [queued]>
[2024-10-09 09:44:03,040] {taskinstance.py:1159} INFO - Dependencies all met for <TaskInstance: get_stocks_dag.AAPL scheduled__2024-09-28T00:00:00+00:00 [queued]>
[2024-10-09 09:44:03,041] {taskinstance.py:1356} INFO - 
--------------------------------------------------------------------------------
[2024-10-09 09:44:03,041] {taskinstance.py:1357} INFO - Starting attempt 1 of 1
[2024-10-09 09:44:03,041] {taskinstance.py:1358} INFO - 
--------------------------------------------------------------------------------
[2024-10-09 09:44:03,071] {taskinstance.py:1377} INFO - Executing <Task(_PythonDecoratedOperator): AAPL> on 2024-09-28 00:00:00+00:00
[2024-10-09 09:44:03,083] {standard_task_runner.py:52} INFO - Started process 23342 to run task
[2024-10-09 09:44:03,086] {standard_task_runner.py:79} INFO - Running: ['airflow', 'tasks', 'run', 'get_stocks_dag', 'AAPL', 'scheduled__2024-09-28T00:00:00+00:00', '--job-id', '234', '--raw', '--subdir', 'DAGS_FOLDER/get_stocks.py', '--cfg-path', '/tmp/tmp5ehw0epa', '--error-file', '/tmp/tmpjiaq4go6']
[2024-10-09 09:44:03,087] {standard_task_runner.py:80} INFO - Job 234: Subtask AAPL
[2024-10-09 09:44:03,367] {task_command.py:370} INFO - Running <TaskInstance: get_stocks_dag.AAPL scheduled__2024-09-28T00:00:00+00:00 [running]> on host ken
[2024-10-09 09:44:03,504] {taskinstance.py:1569} INFO - Exporting the following env vars:
AIRFLOW_CTX_DAG_OWNER=airflow
AIRFLOW_CTX_DAG_ID=get_stocks_dag
AIRFLOW_CTX_TASK_ID=AAPL
AIRFLOW_CTX_EXECUTION_DATE=2024-09-28T00:00:00+00:00
AIRFLOW_CTX_TRY_NUMBER=1
AIRFLOW_CTX_DAG_RUN_ID=scheduled__2024-09-28T00:00:00+00:00
[2024-10-09 09:44:04,712] {python.py:173} INFO - Done. Returned value was: None
[2024-10-09 09:44:04,748] {taskinstance.py:1395} INFO - Marking task as SUCCESS. dag_id=get_stocks_dag, task_id=AAPL, execution_date=20240928T000000, start_date=20241009T124403, end_date=20241009T124404
[2024-10-09 09:44:06,192] {local_task_job.py:156} INFO - Task exited with return code 0
[2024-10-09 09:44:06,270] {local_task_job.py:273} INFO - 0 downstream tasks scheduled from follow-on schedule check
[2024-10-09 09:48:05,666] {taskinstance.py:1159} INFO - Dependencies all met for <TaskInstance: get_stocks_dag.AAPL scheduled__2024-09-28T00:00:00+00:00 [queued]>
[2024-10-09 09:48:05,801] {taskinstance.py:1159} INFO - Dependencies all met for <TaskInstance: get_stocks_dag.AAPL scheduled__2024-09-28T00:00:00+00:00 [queued]>
[2024-10-09 09:48:05,801] {taskinstance.py:1356} INFO - 
--------------------------------------------------------------------------------
[2024-10-09 09:48:05,802] {taskinstance.py:1357} INFO - Starting attempt 1 of 1
[2024-10-09 09:48:05,802] {taskinstance.py:1358} INFO - 
--------------------------------------------------------------------------------
[2024-10-09 09:48:05,957] {taskinstance.py:1377} INFO - Executing <Task(_PythonDecoratedOperator): AAPL> on 2024-09-28 00:00:00+00:00
[2024-10-09 09:48:05,973] {standard_task_runner.py:52} INFO - Started process 29723 to run task
[2024-10-09 09:48:05,985] {standard_task_runner.py:79} INFO - Running: ['airflow', 'tasks', 'run', 'get_stocks_dag', 'AAPL', 'scheduled__2024-09-28T00:00:00+00:00', '--job-id', '297', '--raw', '--subdir', 'DAGS_FOLDER/get_stocks.py', '--cfg-path', '/tmp/tmpe0v8pjya', '--error-file', '/tmp/tmpr6y1v3h9']
[2024-10-09 09:48:05,990] {standard_task_runner.py:80} INFO - Job 297: Subtask AAPL
[2024-10-09 09:48:06,493] {task_command.py:370} INFO - Running <TaskInstance: get_stocks_dag.AAPL scheduled__2024-09-28T00:00:00+00:00 [running]> on host ken
[2024-10-09 09:48:07,100] {taskinstance.py:1569} INFO - Exporting the following env vars:
AIRFLOW_CTX_DAG_OWNER=airflow
AIRFLOW_CTX_DAG_ID=get_stocks_dag
AIRFLOW_CTX_TASK_ID=AAPL
AIRFLOW_CTX_EXECUTION_DATE=2024-09-28T00:00:00+00:00
AIRFLOW_CTX_TRY_NUMBER=1
AIRFLOW_CTX_DAG_RUN_ID=scheduled__2024-09-28T00:00:00+00:00
[2024-10-09 09:48:08,672] {python.py:173} INFO - Done. Returned value was: None
[2024-10-09 09:48:08,692] {taskinstance.py:1395} INFO - Marking task as SUCCESS. dag_id=get_stocks_dag, task_id=AAPL, execution_date=20240928T000000, start_date=20241009T124805, end_date=20241009T124808
[2024-10-09 09:48:09,008] {local_task_job.py:156} INFO - Task exited with return code 0
[2024-10-09 09:48:09,262] {local_task_job.py:273} INFO - 0 downstream tasks scheduled from follow-on schedule check
[2024-10-09 10:40:01,480] {taskinstance.py:1159} INFO - Dependencies all met for <TaskInstance: get_stocks_dag.AAPL scheduled__2024-09-28T00:00:00+00:00 [queued]>
[2024-10-09 10:40:01,496] {taskinstance.py:1159} INFO - Dependencies all met for <TaskInstance: get_stocks_dag.AAPL scheduled__2024-09-28T00:00:00+00:00 [queued]>
[2024-10-09 10:40:01,496] {taskinstance.py:1356} INFO - 
--------------------------------------------------------------------------------
[2024-10-09 10:40:01,496] {taskinstance.py:1357} INFO - Starting attempt 1 of 1
[2024-10-09 10:40:01,497] {taskinstance.py:1358} INFO - 
--------------------------------------------------------------------------------
[2024-10-09 10:40:02,297] {taskinstance.py:1377} INFO - Executing <Task(_PythonDecoratedOperator): AAPL> on 2024-09-28 00:00:00+00:00
[2024-10-09 10:40:02,307] {standard_task_runner.py:52} INFO - Started process 66611 to run task
[2024-10-09 10:40:02,313] {standard_task_runner.py:79} INFO - Running: ['airflow', 'tasks', 'run', 'get_stocks_dag', 'AAPL', 'scheduled__2024-09-28T00:00:00+00:00', '--job-id', '436', '--raw', '--subdir', 'DAGS_FOLDER/get_stocks.py', '--cfg-path', '/tmp/tmpmqjro1it', '--error-file', '/tmp/tmp_i6vvub5']
[2024-10-09 10:40:02,315] {standard_task_runner.py:80} INFO - Job 436: Subtask AAPL
[2024-10-09 10:40:02,789] {task_command.py:370} INFO - Running <TaskInstance: get_stocks_dag.AAPL scheduled__2024-09-28T00:00:00+00:00 [running]> on host ken
[2024-10-09 10:40:04,092] {taskinstance.py:1569} INFO - Exporting the following env vars:
AIRFLOW_CTX_DAG_OWNER=airflow
AIRFLOW_CTX_DAG_ID=get_stocks_dag
AIRFLOW_CTX_TASK_ID=AAPL
AIRFLOW_CTX_EXECUTION_DATE=2024-09-28T00:00:00+00:00
AIRFLOW_CTX_TRY_NUMBER=1
AIRFLOW_CTX_DAG_RUN_ID=scheduled__2024-09-28T00:00:00+00:00
[2024-10-09 10:40:14,833] {python.py:173} INFO - Done. Returned value was: None
[2024-10-09 10:40:14,863] {taskinstance.py:1395} INFO - Marking task as SUCCESS. dag_id=get_stocks_dag, task_id=AAPL, execution_date=20240928T000000, start_date=20241009T134001, end_date=20241009T134014
[2024-10-09 10:40:15,113] {local_task_job.py:156} INFO - Task exited with return code 0
[2024-10-09 10:40:16,091] {local_task_job.py:273} INFO - 0 downstream tasks scheduled from follow-on schedule check
