[2024-10-08 17:22:14,949] {taskinstance.py:1159} INFO - Dependencies all met for <TaskInstance: get_stocks_dag.TSLA scheduled__2024-10-02T00:00:00+00:00 [queued]>
[2024-10-08 17:22:14,958] {taskinstance.py:1159} INFO - Dependencies all met for <TaskInstance: get_stocks_dag.TSLA scheduled__2024-10-02T00:00:00+00:00 [queued]>
[2024-10-08 17:22:14,959] {taskinstance.py:1356} INFO - 
--------------------------------------------------------------------------------
[2024-10-08 17:22:14,959] {taskinstance.py:1357} INFO - Starting attempt 1 of 1
[2024-10-08 17:22:14,959] {taskinstance.py:1358} INFO - 
--------------------------------------------------------------------------------
[2024-10-08 17:22:15,342] {taskinstance.py:1377} INFO - Executing <Task(_PythonDecoratedOperator): TSLA> on 2024-10-02 00:00:00+00:00
[2024-10-08 17:22:15,353] {standard_task_runner.py:52} INFO - Started process 39665 to run task
[2024-10-08 17:22:15,362] {standard_task_runner.py:79} INFO - Running: ['airflow', 'tasks', 'run', 'get_stocks_dag', 'TSLA', 'scheduled__2024-10-02T00:00:00+00:00', '--job-id', '185', '--raw', '--subdir', 'DAGS_FOLDER/get_stocks.py', '--cfg-path', '/tmp/tmpdi2zzmm_', '--error-file', '/tmp/tmpf425vv4d']
[2024-10-08 17:22:15,363] {standard_task_runner.py:80} INFO - Job 185: Subtask TSLA
[2024-10-08 17:22:15,497] {task_command.py:370} INFO - Running <TaskInstance: get_stocks_dag.TSLA scheduled__2024-10-02T00:00:00+00:00 [running]> on host ken
[2024-10-08 17:22:16,207] {taskinstance.py:1569} INFO - Exporting the following env vars:
AIRFLOW_CTX_DAG_OWNER=airflow
AIRFLOW_CTX_DAG_ID=get_stocks_dag
AIRFLOW_CTX_TASK_ID=TSLA
AIRFLOW_CTX_EXECUTION_DATE=2024-10-02T00:00:00+00:00
AIRFLOW_CTX_TRY_NUMBER=1
AIRFLOW_CTX_DAG_RUN_ID=scheduled__2024-10-02T00:00:00+00:00
[2024-10-08 17:22:16,871] {python.py:173} INFO - Done. Returned value was: None
[2024-10-08 17:22:16,879] {taskinstance.py:1395} INFO - Marking task as SUCCESS. dag_id=get_stocks_dag, task_id=TSLA, execution_date=20241002T000000, start_date=20241008T202214, end_date=20241008T202216
[2024-10-08 17:22:17,058] {local_task_job.py:156} INFO - Task exited with return code 0
[2024-10-08 17:22:17,077] {local_task_job.py:273} INFO - 0 downstream tasks scheduled from follow-on schedule check
[2024-10-08 23:21:55,200] {taskinstance.py:1159} INFO - Dependencies all met for <TaskInstance: get_stocks_dag.TSLA scheduled__2024-10-02T00:00:00+00:00 [queued]>
[2024-10-08 23:21:56,427] {taskinstance.py:1159} INFO - Dependencies all met for <TaskInstance: get_stocks_dag.TSLA scheduled__2024-10-02T00:00:00+00:00 [queued]>
[2024-10-08 23:21:56,429] {taskinstance.py:1356} INFO - 
--------------------------------------------------------------------------------
[2024-10-08 23:21:56,429] {taskinstance.py:1357} INFO - Starting attempt 1 of 1
[2024-10-08 23:21:56,430] {taskinstance.py:1358} INFO - 
--------------------------------------------------------------------------------
[2024-10-08 23:21:56,487] {taskinstance.py:1377} INFO - Executing <Task(_PythonDecoratedOperator): TSLA> on 2024-10-02 00:00:00+00:00
[2024-10-08 23:21:56,521] {standard_task_runner.py:52} INFO - Started process 23028 to run task
[2024-10-08 23:21:56,529] {standard_task_runner.py:79} INFO - Running: ['airflow', 'tasks', 'run', 'get_stocks_dag', 'TSLA', 'scheduled__2024-10-02T00:00:00+00:00', '--job-id', '47', '--raw', '--subdir', 'DAGS_FOLDER/get_stocks.py', '--cfg-path', '/tmp/tmpkaw9l5h0', '--error-file', '/tmp/tmpbcuymg_n']
[2024-10-08 23:21:56,539] {standard_task_runner.py:80} INFO - Job 47: Subtask TSLA
[2024-10-08 23:21:56,956] {task_command.py:370} INFO - Running <TaskInstance: get_stocks_dag.TSLA scheduled__2024-10-02T00:00:00+00:00 [running]> on host ken
[2024-10-08 23:21:57,596] {taskinstance.py:1569} INFO - Exporting the following env vars:
AIRFLOW_CTX_DAG_OWNER=airflow
AIRFLOW_CTX_DAG_ID=get_stocks_dag
AIRFLOW_CTX_TASK_ID=TSLA
AIRFLOW_CTX_EXECUTION_DATE=2024-10-02T00:00:00+00:00
AIRFLOW_CTX_TRY_NUMBER=1
AIRFLOW_CTX_DAG_RUN_ID=scheduled__2024-10-02T00:00:00+00:00
[2024-10-08 23:21:59,088] {python.py:173} INFO - Done. Returned value was: None
[2024-10-08 23:21:59,523] {taskinstance.py:1395} INFO - Marking task as SUCCESS. dag_id=get_stocks_dag, task_id=TSLA, execution_date=20241002T000000, start_date=20241009T022156, end_date=20241009T022159
[2024-10-08 23:22:00,125] {local_task_job.py:156} INFO - Task exited with return code 0
[2024-10-08 23:22:00,485] {local_task_job.py:273} INFO - 0 downstream tasks scheduled from follow-on schedule check
[2024-10-09 01:01:34,267] {taskinstance.py:1159} INFO - Dependencies all met for <TaskInstance: get_stocks_dag.TSLA scheduled__2024-10-02T00:00:00+00:00 [queued]>
[2024-10-09 01:01:34,407] {taskinstance.py:1159} INFO - Dependencies all met for <TaskInstance: get_stocks_dag.TSLA scheduled__2024-10-02T00:00:00+00:00 [queued]>
[2024-10-09 01:01:34,407] {taskinstance.py:1356} INFO - 
--------------------------------------------------------------------------------
[2024-10-09 01:01:34,408] {taskinstance.py:1357} INFO - Starting attempt 1 of 1
[2024-10-09 01:01:34,408] {taskinstance.py:1358} INFO - 
--------------------------------------------------------------------------------
[2024-10-09 01:01:34,569] {taskinstance.py:1377} INFO - Executing <Task(_PythonDecoratedOperator): TSLA> on 2024-10-02 00:00:00+00:00
[2024-10-09 01:01:34,580] {standard_task_runner.py:52} INFO - Started process 43164 to run task
[2024-10-09 01:01:34,588] {standard_task_runner.py:79} INFO - Running: ['airflow', 'tasks', 'run', 'get_stocks_dag', 'TSLA', 'scheduled__2024-10-02T00:00:00+00:00', '--job-id', '116', '--raw', '--subdir', 'DAGS_FOLDER/get_stocks.py', '--cfg-path', '/tmp/tmp8db02k5j', '--error-file', '/tmp/tmp9x0tqflx']
[2024-10-09 01:01:34,590] {standard_task_runner.py:80} INFO - Job 116: Subtask TSLA
[2024-10-09 01:01:34,706] {task_command.py:370} INFO - Running <TaskInstance: get_stocks_dag.TSLA scheduled__2024-10-02T00:00:00+00:00 [running]> on host ken
[2024-10-09 01:01:34,834] {taskinstance.py:1569} INFO - Exporting the following env vars:
AIRFLOW_CTX_DAG_OWNER=airflow
AIRFLOW_CTX_DAG_ID=get_stocks_dag
AIRFLOW_CTX_TASK_ID=TSLA
AIRFLOW_CTX_EXECUTION_DATE=2024-10-02T00:00:00+00:00
AIRFLOW_CTX_TRY_NUMBER=1
AIRFLOW_CTX_DAG_RUN_ID=scheduled__2024-10-02T00:00:00+00:00
[2024-10-09 01:01:38,706] {history.py:244} ERROR - $TSLA: possibly delisted; no price data found  (1h 2024-10-01 -> 2024-10-02)
[2024-10-09 01:01:38,714] {python.py:173} INFO - Done. Returned value was: None
[2024-10-09 01:01:38,749] {taskinstance.py:1395} INFO - Marking task as SUCCESS. dag_id=get_stocks_dag, task_id=TSLA, execution_date=20241002T000000, start_date=20241009T040134, end_date=20241009T040138
[2024-10-09 01:01:38,935] {local_task_job.py:156} INFO - Task exited with return code 0
[2024-10-09 01:01:39,043] {local_task_job.py:273} INFO - 0 downstream tasks scheduled from follow-on schedule check
[2024-10-09 09:34:54,007] {taskinstance.py:1159} INFO - Dependencies all met for <TaskInstance: get_stocks_dag.TSLA scheduled__2024-10-02T00:00:00+00:00 [queued]>
[2024-10-09 09:34:54,035] {taskinstance.py:1159} INFO - Dependencies all met for <TaskInstance: get_stocks_dag.TSLA scheduled__2024-10-02T00:00:00+00:00 [queued]>
[2024-10-09 09:34:54,036] {taskinstance.py:1356} INFO - 
--------------------------------------------------------------------------------
[2024-10-09 09:34:54,036] {taskinstance.py:1357} INFO - Starting attempt 1 of 1
[2024-10-09 09:34:54,036] {taskinstance.py:1358} INFO - 
--------------------------------------------------------------------------------
[2024-10-09 09:34:54,075] {taskinstance.py:1377} INFO - Executing <Task(_PythonDecoratedOperator): TSLA> on 2024-10-02 00:00:00+00:00
[2024-10-09 09:34:54,083] {standard_task_runner.py:52} INFO - Started process 16279 to run task
[2024-10-09 09:34:54,090] {standard_task_runner.py:79} INFO - Running: ['airflow', 'tasks', 'run', 'get_stocks_dag', 'TSLA', 'scheduled__2024-10-02T00:00:00+00:00', '--job-id', '181', '--raw', '--subdir', 'DAGS_FOLDER/get_stocks.py', '--cfg-path', '/tmp/tmpk9sm03ba', '--error-file', '/tmp/tmpie77i4d6']
[2024-10-09 09:34:54,091] {standard_task_runner.py:80} INFO - Job 181: Subtask TSLA
[2024-10-09 09:34:54,422] {task_command.py:370} INFO - Running <TaskInstance: get_stocks_dag.TSLA scheduled__2024-10-02T00:00:00+00:00 [running]> on host ken
[2024-10-09 09:34:54,611] {taskinstance.py:1569} INFO - Exporting the following env vars:
AIRFLOW_CTX_DAG_OWNER=airflow
AIRFLOW_CTX_DAG_ID=get_stocks_dag
AIRFLOW_CTX_TASK_ID=TSLA
AIRFLOW_CTX_EXECUTION_DATE=2024-10-02T00:00:00+00:00
AIRFLOW_CTX_TRY_NUMBER=1
AIRFLOW_CTX_DAG_RUN_ID=scheduled__2024-10-02T00:00:00+00:00
[2024-10-09 09:34:55,048] {python.py:173} INFO - Done. Returned value was: None
[2024-10-09 09:34:55,252] {taskinstance.py:1395} INFO - Marking task as SUCCESS. dag_id=get_stocks_dag, task_id=TSLA, execution_date=20241002T000000, start_date=20241009T123454, end_date=20241009T123455
[2024-10-09 09:34:55,587] {local_task_job.py:156} INFO - Task exited with return code 0
[2024-10-09 09:34:56,510] {local_task_job.py:273} INFO - 0 downstream tasks scheduled from follow-on schedule check
[2024-10-09 09:44:31,005] {taskinstance.py:1159} INFO - Dependencies all met for <TaskInstance: get_stocks_dag.TSLA scheduled__2024-10-02T00:00:00+00:00 [queued]>
[2024-10-09 09:44:31,021] {taskinstance.py:1159} INFO - Dependencies all met for <TaskInstance: get_stocks_dag.TSLA scheduled__2024-10-02T00:00:00+00:00 [queued]>
[2024-10-09 09:44:31,021] {taskinstance.py:1356} INFO - 
--------------------------------------------------------------------------------
[2024-10-09 09:44:31,021] {taskinstance.py:1357} INFO - Starting attempt 1 of 1
[2024-10-09 09:44:31,021] {taskinstance.py:1358} INFO - 
--------------------------------------------------------------------------------
[2024-10-09 09:44:31,053] {taskinstance.py:1377} INFO - Executing <Task(_PythonDecoratedOperator): TSLA> on 2024-10-02 00:00:00+00:00
[2024-10-09 09:44:31,060] {standard_task_runner.py:52} INFO - Started process 24272 to run task
[2024-10-09 09:44:31,063] {standard_task_runner.py:79} INFO - Running: ['airflow', 'tasks', 'run', 'get_stocks_dag', 'TSLA', 'scheduled__2024-10-02T00:00:00+00:00', '--job-id', '245', '--raw', '--subdir', 'DAGS_FOLDER/get_stocks.py', '--cfg-path', '/tmp/tmpu1op9i19', '--error-file', '/tmp/tmp1k00e85d']
[2024-10-09 09:44:31,064] {standard_task_runner.py:80} INFO - Job 245: Subtask TSLA
[2024-10-09 09:44:31,273] {task_command.py:370} INFO - Running <TaskInstance: get_stocks_dag.TSLA scheduled__2024-10-02T00:00:00+00:00 [running]> on host ken
[2024-10-09 09:44:31,929] {taskinstance.py:1569} INFO - Exporting the following env vars:
AIRFLOW_CTX_DAG_OWNER=airflow
AIRFLOW_CTX_DAG_ID=get_stocks_dag
AIRFLOW_CTX_TASK_ID=TSLA
AIRFLOW_CTX_EXECUTION_DATE=2024-10-02T00:00:00+00:00
AIRFLOW_CTX_TRY_NUMBER=1
AIRFLOW_CTX_DAG_RUN_ID=scheduled__2024-10-02T00:00:00+00:00
[2024-10-09 09:44:32,611] {python.py:173} INFO - Done. Returned value was: None
[2024-10-09 09:44:32,638] {taskinstance.py:1395} INFO - Marking task as SUCCESS. dag_id=get_stocks_dag, task_id=TSLA, execution_date=20241002T000000, start_date=20241009T124431, end_date=20241009T124432
[2024-10-09 09:44:33,042] {local_task_job.py:156} INFO - Task exited with return code 0
[2024-10-09 09:44:33,407] {local_task_job.py:273} INFO - 0 downstream tasks scheduled from follow-on schedule check
[2024-10-09 09:48:30,483] {taskinstance.py:1159} INFO - Dependencies all met for <TaskInstance: get_stocks_dag.TSLA scheduled__2024-10-02T00:00:00+00:00 [queued]>
[2024-10-09 09:48:30,516] {taskinstance.py:1159} INFO - Dependencies all met for <TaskInstance: get_stocks_dag.TSLA scheduled__2024-10-02T00:00:00+00:00 [queued]>
[2024-10-09 09:48:30,516] {taskinstance.py:1356} INFO - 
--------------------------------------------------------------------------------
[2024-10-09 09:48:30,516] {taskinstance.py:1357} INFO - Starting attempt 1 of 1
[2024-10-09 09:48:30,516] {taskinstance.py:1358} INFO - 
--------------------------------------------------------------------------------
[2024-10-09 09:48:30,572] {taskinstance.py:1377} INFO - Executing <Task(_PythonDecoratedOperator): TSLA> on 2024-10-02 00:00:00+00:00
[2024-10-09 09:48:30,584] {standard_task_runner.py:52} INFO - Started process 30681 to run task
[2024-10-09 09:48:30,587] {standard_task_runner.py:79} INFO - Running: ['airflow', 'tasks', 'run', 'get_stocks_dag', 'TSLA', 'scheduled__2024-10-02T00:00:00+00:00', '--job-id', '309', '--raw', '--subdir', 'DAGS_FOLDER/get_stocks.py', '--cfg-path', '/tmp/tmpkad93m_6', '--error-file', '/tmp/tmp54pnb0nu']
[2024-10-09 09:48:30,588] {standard_task_runner.py:80} INFO - Job 309: Subtask TSLA
[2024-10-09 09:48:30,919] {task_command.py:370} INFO - Running <TaskInstance: get_stocks_dag.TSLA scheduled__2024-10-02T00:00:00+00:00 [running]> on host ken
[2024-10-09 09:48:31,050] {taskinstance.py:1569} INFO - Exporting the following env vars:
AIRFLOW_CTX_DAG_OWNER=airflow
AIRFLOW_CTX_DAG_ID=get_stocks_dag
AIRFLOW_CTX_TASK_ID=TSLA
AIRFLOW_CTX_EXECUTION_DATE=2024-10-02T00:00:00+00:00
AIRFLOW_CTX_TRY_NUMBER=1
AIRFLOW_CTX_DAG_RUN_ID=scheduled__2024-10-02T00:00:00+00:00
[2024-10-09 09:48:32,977] {python.py:173} INFO - Done. Returned value was: None
[2024-10-09 09:48:33,053] {taskinstance.py:1395} INFO - Marking task as SUCCESS. dag_id=get_stocks_dag, task_id=TSLA, execution_date=20241002T000000, start_date=20241009T124830, end_date=20241009T124833
[2024-10-09 09:48:33,692] {local_task_job.py:156} INFO - Task exited with return code 0
[2024-10-09 09:48:34,692] {local_task_job.py:273} INFO - 0 downstream tasks scheduled from follow-on schedule check
[2024-10-09 10:43:37,855] {taskinstance.py:1159} INFO - Dependencies all met for <TaskInstance: get_stocks_dag.TSLA scheduled__2024-10-02T00:00:00+00:00 [queued]>
[2024-10-09 10:43:37,940] {taskinstance.py:1159} INFO - Dependencies all met for <TaskInstance: get_stocks_dag.TSLA scheduled__2024-10-02T00:00:00+00:00 [queued]>
[2024-10-09 10:43:37,941] {taskinstance.py:1356} INFO - 
--------------------------------------------------------------------------------
[2024-10-09 10:43:37,941] {taskinstance.py:1357} INFO - Starting attempt 1 of 1
[2024-10-09 10:43:37,941] {taskinstance.py:1358} INFO - 
--------------------------------------------------------------------------------
[2024-10-09 10:43:38,261] {taskinstance.py:1377} INFO - Executing <Task(_PythonDecoratedOperator): TSLA> on 2024-10-02 00:00:00+00:00
[2024-10-09 10:43:38,272] {standard_task_runner.py:52} INFO - Started process 72051 to run task
[2024-10-09 10:43:38,279] {standard_task_runner.py:79} INFO - Running: ['airflow', 'tasks', 'run', 'get_stocks_dag', 'TSLA', 'scheduled__2024-10-02T00:00:00+00:00', '--job-id', '464', '--raw', '--subdir', 'DAGS_FOLDER/get_stocks.py', '--cfg-path', '/tmp/tmpmxsplspm', '--error-file', '/tmp/tmpwc7om2de']
[2024-10-09 10:43:38,281] {standard_task_runner.py:80} INFO - Job 464: Subtask TSLA
[2024-10-09 10:43:38,660] {task_command.py:370} INFO - Running <TaskInstance: get_stocks_dag.TSLA scheduled__2024-10-02T00:00:00+00:00 [running]> on host ken
[2024-10-09 10:43:40,311] {taskinstance.py:1569} INFO - Exporting the following env vars:
AIRFLOW_CTX_DAG_OWNER=airflow
AIRFLOW_CTX_DAG_ID=get_stocks_dag
AIRFLOW_CTX_TASK_ID=TSLA
AIRFLOW_CTX_EXECUTION_DATE=2024-10-02T00:00:00+00:00
AIRFLOW_CTX_TRY_NUMBER=1
AIRFLOW_CTX_DAG_RUN_ID=scheduled__2024-10-02T00:00:00+00:00
[2024-10-09 10:43:50,897] {python.py:173} INFO - Done. Returned value was: None
[2024-10-09 10:43:50,931] {taskinstance.py:1395} INFO - Marking task as SUCCESS. dag_id=get_stocks_dag, task_id=TSLA, execution_date=20241002T000000, start_date=20241009T134337, end_date=20241009T134350
[2024-10-09 10:43:51,063] {local_task_job.py:156} INFO - Task exited with return code 0
[2024-10-09 10:43:51,350] {local_task_job.py:273} INFO - 0 downstream tasks scheduled from follow-on schedule check
