[2024-10-09 10:47:38,322] {taskinstance.py:1159} INFO - Dependencies all met for <TaskInstance: get_crypto_dag.DOGE scheduled__2024-10-06T00:00:00+00:00 [queued]>
[2024-10-09 10:47:38,334] {taskinstance.py:1159} INFO - Dependencies all met for <TaskInstance: get_crypto_dag.DOGE scheduled__2024-10-06T00:00:00+00:00 [queued]>
[2024-10-09 10:47:38,334] {taskinstance.py:1356} INFO - 
--------------------------------------------------------------------------------
[2024-10-09 10:47:38,334] {taskinstance.py:1357} INFO - Starting attempt 1 of 1
[2024-10-09 10:47:38,334] {taskinstance.py:1358} INFO - 
--------------------------------------------------------------------------------
[2024-10-09 10:47:38,370] {taskinstance.py:1377} INFO - Executing <Task(_PythonDecoratedOperator): DOGE> on 2024-10-06 00:00:00+00:00
[2024-10-09 10:47:38,381] {standard_task_runner.py:52} INFO - Started process 77746 to run task
[2024-10-09 10:47:38,384] {standard_task_runner.py:79} INFO - Running: ['airflow', 'tasks', 'run', 'get_crypto_dag', 'DOGE', 'scheduled__2024-10-06T00:00:00+00:00', '--job-id', '494', '--raw', '--subdir', 'DAGS_FOLDER/get_crypto.py', '--cfg-path', '/tmp/tmpztul79nz', '--error-file', '/tmp/tmpz97lhk4o']
[2024-10-09 10:47:38,385] {standard_task_runner.py:80} INFO - Job 494: Subtask DOGE
[2024-10-09 10:47:38,756] {task_command.py:370} INFO - Running <TaskInstance: get_crypto_dag.DOGE scheduled__2024-10-06T00:00:00+00:00 [running]> on host ken
[2024-10-09 10:47:39,150] {taskinstance.py:1569} INFO - Exporting the following env vars:
AIRFLOW_CTX_DAG_OWNER=airflow
AIRFLOW_CTX_DAG_ID=get_crypto_dag
AIRFLOW_CTX_TASK_ID=DOGE
AIRFLOW_CTX_EXECUTION_DATE=2024-10-06T00:00:00+00:00
AIRFLOW_CTX_TRY_NUMBER=1
AIRFLOW_CTX_DAG_RUN_ID=scheduled__2024-10-06T00:00:00+00:00
[2024-10-09 10:47:42,714] {history.py:122} ERROR - $DOGE: possibly delisted; no timezone found
[2024-10-09 10:47:52,727] {python.py:173} INFO - Done. Returned value was: None
[2024-10-09 10:47:52,781] {taskinstance.py:1395} INFO - Marking task as SUCCESS. dag_id=get_crypto_dag, task_id=DOGE, execution_date=20241006T000000, start_date=20241009T134738, end_date=20241009T134752
[2024-10-09 10:47:52,865] {local_task_job.py:156} INFO - Task exited with return code 0
[2024-10-09 10:47:53,583] {local_task_job.py:273} INFO - 0 downstream tasks scheduled from follow-on schedule check
