[2024-10-08 17:20:04,185] {taskinstance.py:1159} INFO - Dependencies all met for <TaskInstance: get_stocks_dag.AAPL scheduled__2024-09-27T00:00:00+00:00 [queued]>
[2024-10-08 17:20:04,191] {taskinstance.py:1159} INFO - Dependencies all met for <TaskInstance: get_stocks_dag.AAPL scheduled__2024-09-27T00:00:00+00:00 [queued]>
[2024-10-08 17:20:04,191] {taskinstance.py:1356} INFO - 
--------------------------------------------------------------------------------
[2024-10-08 17:20:04,191] {taskinstance.py:1357} INFO - Starting attempt 1 of 1
[2024-10-08 17:20:04,191] {taskinstance.py:1358} INFO - 
--------------------------------------------------------------------------------
[2024-10-08 17:20:05,149] {taskinstance.py:1377} INFO - Executing <Task(_PythonDecoratedOperator): AAPL> on 2024-09-27 00:00:00+00:00
[2024-10-08 17:20:05,160] {standard_task_runner.py:52} INFO - Started process 38088 to run task
[2024-10-08 17:20:05,171] {standard_task_runner.py:79} INFO - Running: ['airflow', 'tasks', 'run', 'get_stocks_dag', 'AAPL', 'scheduled__2024-09-27T00:00:00+00:00', '--job-id', '170', '--raw', '--subdir', 'DAGS_FOLDER/get_stocks.py', '--cfg-path', '/tmp/tmp7pxhfzix', '--error-file', '/tmp/tmp7_s_kays']
[2024-10-08 17:20:05,173] {standard_task_runner.py:80} INFO - Job 170: Subtask AAPL
[2024-10-08 17:20:06,010] {task_command.py:370} INFO - Running <TaskInstance: get_stocks_dag.AAPL scheduled__2024-09-27T00:00:00+00:00 [running]> on host ken
[2024-10-08 17:20:06,827] {taskinstance.py:1569} INFO - Exporting the following env vars:
AIRFLOW_CTX_DAG_OWNER=airflow
AIRFLOW_CTX_DAG_ID=get_stocks_dag
AIRFLOW_CTX_TASK_ID=AAPL
AIRFLOW_CTX_EXECUTION_DATE=2024-09-27T00:00:00+00:00
AIRFLOW_CTX_TRY_NUMBER=1
AIRFLOW_CTX_DAG_RUN_ID=scheduled__2024-09-27T00:00:00+00:00
[2024-10-08 17:20:07,535] {python.py:173} INFO - Done. Returned value was: None
[2024-10-08 17:20:07,544] {taskinstance.py:1395} INFO - Marking task as SUCCESS. dag_id=get_stocks_dag, task_id=AAPL, execution_date=20240927T000000, start_date=20241008T202004, end_date=20241008T202007
[2024-10-08 17:20:09,036] {local_task_job.py:156} INFO - Task exited with return code 0
[2024-10-08 17:20:09,072] {local_task_job.py:273} INFO - 0 downstream tasks scheduled from follow-on schedule check
[2024-10-08 23:21:41,087] {taskinstance.py:1159} INFO - Dependencies all met for <TaskInstance: get_stocks_dag.AAPL scheduled__2024-09-27T00:00:00+00:00 [queued]>
[2024-10-08 23:21:41,139] {taskinstance.py:1159} INFO - Dependencies all met for <TaskInstance: get_stocks_dag.AAPL scheduled__2024-09-27T00:00:00+00:00 [queued]>
[2024-10-08 23:21:41,140] {taskinstance.py:1356} INFO - 
--------------------------------------------------------------------------------
[2024-10-08 23:21:41,140] {taskinstance.py:1357} INFO - Starting attempt 1 of 1
[2024-10-08 23:21:41,140] {taskinstance.py:1358} INFO - 
--------------------------------------------------------------------------------
[2024-10-08 23:21:41,230] {taskinstance.py:1377} INFO - Executing <Task(_PythonDecoratedOperator): AAPL> on 2024-09-27 00:00:00+00:00
[2024-10-08 23:21:41,280] {standard_task_runner.py:52} INFO - Started process 22031 to run task
[2024-10-08 23:21:41,318] {standard_task_runner.py:79} INFO - Running: ['airflow', 'tasks', 'run', 'get_stocks_dag', 'AAPL', 'scheduled__2024-09-27T00:00:00+00:00', '--job-id', '35', '--raw', '--subdir', 'DAGS_FOLDER/get_stocks.py', '--cfg-path', '/tmp/tmp9vxlwng5', '--error-file', '/tmp/tmpjxjp6zom']
[2024-10-08 23:21:41,341] {standard_task_runner.py:80} INFO - Job 35: Subtask AAPL
[2024-10-08 23:21:42,052] {task_command.py:370} INFO - Running <TaskInstance: get_stocks_dag.AAPL scheduled__2024-09-27T00:00:00+00:00 [running]> on host ken
[2024-10-08 23:21:42,745] {taskinstance.py:1569} INFO - Exporting the following env vars:
AIRFLOW_CTX_DAG_OWNER=airflow
AIRFLOW_CTX_DAG_ID=get_stocks_dag
AIRFLOW_CTX_TASK_ID=AAPL
AIRFLOW_CTX_EXECUTION_DATE=2024-09-27T00:00:00+00:00
AIRFLOW_CTX_TRY_NUMBER=1
AIRFLOW_CTX_DAG_RUN_ID=scheduled__2024-09-27T00:00:00+00:00
[2024-10-08 23:21:46,614] {python.py:173} INFO - Done. Returned value was: None
[2024-10-08 23:21:46,648] {taskinstance.py:1395} INFO - Marking task as SUCCESS. dag_id=get_stocks_dag, task_id=AAPL, execution_date=20240927T000000, start_date=20241009T022141, end_date=20241009T022146
[2024-10-08 23:21:46,705] {local_task_job.py:156} INFO - Task exited with return code 0
[2024-10-08 23:21:46,831] {local_task_job.py:273} INFO - 0 downstream tasks scheduled from follow-on schedule check
[2024-10-09 01:00:42,456] {taskinstance.py:1159} INFO - Dependencies all met for <TaskInstance: get_stocks_dag.AAPL scheduled__2024-09-27T00:00:00+00:00 [queued]>
[2024-10-09 01:00:42,474] {taskinstance.py:1159} INFO - Dependencies all met for <TaskInstance: get_stocks_dag.AAPL scheduled__2024-09-27T00:00:00+00:00 [queued]>
[2024-10-09 01:00:42,474] {taskinstance.py:1356} INFO - 
--------------------------------------------------------------------------------
[2024-10-09 01:00:42,474] {taskinstance.py:1357} INFO - Starting attempt 1 of 1
[2024-10-09 01:00:42,474] {taskinstance.py:1358} INFO - 
--------------------------------------------------------------------------------
[2024-10-09 01:00:42,520] {taskinstance.py:1377} INFO - Executing <Task(_PythonDecoratedOperator): AAPL> on 2024-09-27 00:00:00+00:00
[2024-10-09 01:00:42,525] {standard_task_runner.py:52} INFO - Started process 40690 to run task
[2024-10-09 01:00:42,529] {standard_task_runner.py:79} INFO - Running: ['airflow', 'tasks', 'run', 'get_stocks_dag', 'AAPL', 'scheduled__2024-09-27T00:00:00+00:00', '--job-id', '101', '--raw', '--subdir', 'DAGS_FOLDER/get_stocks.py', '--cfg-path', '/tmp/tmp49ud9do9', '--error-file', '/tmp/tmp6if7p8_v']
[2024-10-09 01:00:42,530] {standard_task_runner.py:80} INFO - Job 101: Subtask AAPL
[2024-10-09 01:00:42,627] {task_command.py:370} INFO - Running <TaskInstance: get_stocks_dag.AAPL scheduled__2024-09-27T00:00:00+00:00 [running]> on host ken
[2024-10-09 01:00:42,772] {taskinstance.py:1569} INFO - Exporting the following env vars:
AIRFLOW_CTX_DAG_OWNER=airflow
AIRFLOW_CTX_DAG_ID=get_stocks_dag
AIRFLOW_CTX_TASK_ID=AAPL
AIRFLOW_CTX_EXECUTION_DATE=2024-09-27T00:00:00+00:00
AIRFLOW_CTX_TRY_NUMBER=1
AIRFLOW_CTX_DAG_RUN_ID=scheduled__2024-09-27T00:00:00+00:00
[2024-10-09 01:00:43,332] {python.py:173} INFO - Done. Returned value was: None
[2024-10-09 01:00:43,354] {taskinstance.py:1395} INFO - Marking task as SUCCESS. dag_id=get_stocks_dag, task_id=AAPL, execution_date=20240927T000000, start_date=20241009T040042, end_date=20241009T040043
[2024-10-09 01:00:44,469] {local_task_job.py:156} INFO - Task exited with return code 0
[2024-10-09 01:00:44,530] {local_task_job.py:273} INFO - 0 downstream tasks scheduled from follow-on schedule check
[2024-10-09 09:34:19,102] {taskinstance.py:1159} INFO - Dependencies all met for <TaskInstance: get_stocks_dag.AAPL scheduled__2024-09-27T00:00:00+00:00 [queued]>
[2024-10-09 09:34:19,307] {taskinstance.py:1159} INFO - Dependencies all met for <TaskInstance: get_stocks_dag.AAPL scheduled__2024-09-27T00:00:00+00:00 [queued]>
[2024-10-09 09:34:19,308] {taskinstance.py:1356} INFO - 
--------------------------------------------------------------------------------
[2024-10-09 09:34:19,308] {taskinstance.py:1357} INFO - Starting attempt 1 of 1
[2024-10-09 09:34:19,308] {taskinstance.py:1358} INFO - 
--------------------------------------------------------------------------------
[2024-10-09 09:34:19,421] {taskinstance.py:1377} INFO - Executing <Task(_PythonDecoratedOperator): AAPL> on 2024-09-27 00:00:00+00:00
[2024-10-09 09:34:19,433] {standard_task_runner.py:52} INFO - Started process 15077 to run task
[2024-10-09 09:34:19,442] {standard_task_runner.py:79} INFO - Running: ['airflow', 'tasks', 'run', 'get_stocks_dag', 'AAPL', 'scheduled__2024-09-27T00:00:00+00:00', '--job-id', '166', '--raw', '--subdir', 'DAGS_FOLDER/get_stocks.py', '--cfg-path', '/tmp/tmp0vh36_j5', '--error-file', '/tmp/tmpez69ge54']
[2024-10-09 09:34:19,445] {standard_task_runner.py:80} INFO - Job 166: Subtask AAPL
[2024-10-09 09:34:19,871] {task_command.py:370} INFO - Running <TaskInstance: get_stocks_dag.AAPL scheduled__2024-09-27T00:00:00+00:00 [running]> on host ken
[2024-10-09 09:34:21,298] {taskinstance.py:1569} INFO - Exporting the following env vars:
AIRFLOW_CTX_DAG_OWNER=airflow
AIRFLOW_CTX_DAG_ID=get_stocks_dag
AIRFLOW_CTX_TASK_ID=AAPL
AIRFLOW_CTX_EXECUTION_DATE=2024-09-27T00:00:00+00:00
AIRFLOW_CTX_TRY_NUMBER=1
AIRFLOW_CTX_DAG_RUN_ID=scheduled__2024-09-27T00:00:00+00:00
[2024-10-09 09:34:21,781] {python.py:173} INFO - Done. Returned value was: None
[2024-10-09 09:34:21,836] {taskinstance.py:1395} INFO - Marking task as SUCCESS. dag_id=get_stocks_dag, task_id=AAPL, execution_date=20240927T000000, start_date=20241009T123419, end_date=20241009T123421
[2024-10-09 09:34:21,904] {local_task_job.py:156} INFO - Task exited with return code 0
[2024-10-09 09:34:21,995] {local_task_job.py:273} INFO - 0 downstream tasks scheduled from follow-on schedule check
[2024-10-09 09:43:48,805] {taskinstance.py:1159} INFO - Dependencies all met for <TaskInstance: get_stocks_dag.AAPL scheduled__2024-09-27T00:00:00+00:00 [queued]>
[2024-10-09 09:43:48,837] {taskinstance.py:1159} INFO - Dependencies all met for <TaskInstance: get_stocks_dag.AAPL scheduled__2024-09-27T00:00:00+00:00 [queued]>
[2024-10-09 09:43:48,837] {taskinstance.py:1356} INFO - 
--------------------------------------------------------------------------------
[2024-10-09 09:43:48,837] {taskinstance.py:1357} INFO - Starting attempt 1 of 1
[2024-10-09 09:43:48,837] {taskinstance.py:1358} INFO - 
--------------------------------------------------------------------------------
[2024-10-09 09:43:49,825] {taskinstance.py:1377} INFO - Executing <Task(_PythonDecoratedOperator): AAPL> on 2024-09-27 00:00:00+00:00
[2024-10-09 09:43:49,841] {standard_task_runner.py:52} INFO - Started process 22845 to run task
[2024-10-09 09:43:49,848] {standard_task_runner.py:79} INFO - Running: ['airflow', 'tasks', 'run', 'get_stocks_dag', 'AAPL', 'scheduled__2024-09-27T00:00:00+00:00', '--job-id', '230', '--raw', '--subdir', 'DAGS_FOLDER/get_stocks.py', '--cfg-path', '/tmp/tmpl4y6e6m1', '--error-file', '/tmp/tmp6g_7apud']
[2024-10-09 09:43:49,850] {standard_task_runner.py:80} INFO - Job 230: Subtask AAPL
[2024-10-09 09:43:50,222] {task_command.py:370} INFO - Running <TaskInstance: get_stocks_dag.AAPL scheduled__2024-09-27T00:00:00+00:00 [running]> on host ken
[2024-10-09 09:43:50,384] {taskinstance.py:1569} INFO - Exporting the following env vars:
AIRFLOW_CTX_DAG_OWNER=airflow
AIRFLOW_CTX_DAG_ID=get_stocks_dag
AIRFLOW_CTX_TASK_ID=AAPL
AIRFLOW_CTX_EXECUTION_DATE=2024-09-27T00:00:00+00:00
AIRFLOW_CTX_TRY_NUMBER=1
AIRFLOW_CTX_DAG_RUN_ID=scheduled__2024-09-27T00:00:00+00:00
[2024-10-09 09:43:50,758] {python.py:173} INFO - Done. Returned value was: None
[2024-10-09 09:43:50,782] {taskinstance.py:1395} INFO - Marking task as SUCCESS. dag_id=get_stocks_dag, task_id=AAPL, execution_date=20240927T000000, start_date=20241009T124348, end_date=20241009T124350
[2024-10-09 09:43:50,825] {local_task_job.py:156} INFO - Task exited with return code 0
[2024-10-09 09:43:52,966] {local_task_job.py:273} INFO - 0 downstream tasks scheduled from follow-on schedule check
[2024-10-09 09:47:57,373] {taskinstance.py:1159} INFO - Dependencies all met for <TaskInstance: get_stocks_dag.AAPL scheduled__2024-09-27T00:00:00+00:00 [queued]>
[2024-10-09 09:47:57,399] {taskinstance.py:1159} INFO - Dependencies all met for <TaskInstance: get_stocks_dag.AAPL scheduled__2024-09-27T00:00:00+00:00 [queued]>
[2024-10-09 09:47:57,399] {taskinstance.py:1356} INFO - 
--------------------------------------------------------------------------------
[2024-10-09 09:47:57,400] {taskinstance.py:1357} INFO - Starting attempt 1 of 1
[2024-10-09 09:47:57,400] {taskinstance.py:1358} INFO - 
--------------------------------------------------------------------------------
[2024-10-09 09:47:57,439] {taskinstance.py:1377} INFO - Executing <Task(_PythonDecoratedOperator): AAPL> on 2024-09-27 00:00:00+00:00
[2024-10-09 09:47:57,445] {standard_task_runner.py:52} INFO - Started process 29365 to run task
[2024-10-09 09:47:57,451] {standard_task_runner.py:79} INFO - Running: ['airflow', 'tasks', 'run', 'get_stocks_dag', 'AAPL', 'scheduled__2024-09-27T00:00:00+00:00', '--job-id', '294', '--raw', '--subdir', 'DAGS_FOLDER/get_stocks.py', '--cfg-path', '/tmp/tmpmxk_bueo', '--error-file', '/tmp/tmp3z2f8vzw']
[2024-10-09 09:47:57,453] {standard_task_runner.py:80} INFO - Job 294: Subtask AAPL
[2024-10-09 09:47:57,758] {task_command.py:370} INFO - Running <TaskInstance: get_stocks_dag.AAPL scheduled__2024-09-27T00:00:00+00:00 [running]> on host ken
[2024-10-09 09:47:57,896] {taskinstance.py:1569} INFO - Exporting the following env vars:
AIRFLOW_CTX_DAG_OWNER=airflow
AIRFLOW_CTX_DAG_ID=get_stocks_dag
AIRFLOW_CTX_TASK_ID=AAPL
AIRFLOW_CTX_EXECUTION_DATE=2024-09-27T00:00:00+00:00
AIRFLOW_CTX_TRY_NUMBER=1
AIRFLOW_CTX_DAG_RUN_ID=scheduled__2024-09-27T00:00:00+00:00
[2024-10-09 09:47:58,392] {python.py:173} INFO - Done. Returned value was: None
[2024-10-09 09:47:58,415] {taskinstance.py:1395} INFO - Marking task as SUCCESS. dag_id=get_stocks_dag, task_id=AAPL, execution_date=20240927T000000, start_date=20241009T124757, end_date=20241009T124758
[2024-10-09 09:47:59,591] {local_task_job.py:156} INFO - Task exited with return code 0
[2024-10-09 09:48:00,115] {local_task_job.py:273} INFO - 0 downstream tasks scheduled from follow-on schedule check
[2024-10-09 10:39:27,114] {taskinstance.py:1159} INFO - Dependencies all met for <TaskInstance: get_stocks_dag.AAPL scheduled__2024-09-27T00:00:00+00:00 [queued]>
[2024-10-09 10:39:27,147] {taskinstance.py:1159} INFO - Dependencies all met for <TaskInstance: get_stocks_dag.AAPL scheduled__2024-09-27T00:00:00+00:00 [queued]>
[2024-10-09 10:39:27,148] {taskinstance.py:1356} INFO - 
--------------------------------------------------------------------------------
[2024-10-09 10:39:27,148] {taskinstance.py:1357} INFO - Starting attempt 1 of 1
[2024-10-09 10:39:27,148] {taskinstance.py:1358} INFO - 
--------------------------------------------------------------------------------
[2024-10-09 10:39:27,192] {taskinstance.py:1377} INFO - Executing <Task(_PythonDecoratedOperator): AAPL> on 2024-09-27 00:00:00+00:00
[2024-10-09 10:39:27,198] {standard_task_runner.py:52} INFO - Started process 65866 to run task
[2024-10-09 10:39:27,204] {standard_task_runner.py:79} INFO - Running: ['airflow', 'tasks', 'run', 'get_stocks_dag', 'AAPL', 'scheduled__2024-09-27T00:00:00+00:00', '--job-id', '432', '--raw', '--subdir', 'DAGS_FOLDER/get_stocks.py', '--cfg-path', '/tmp/tmppclqw6f2', '--error-file', '/tmp/tmpyid904rf']
[2024-10-09 10:39:27,207] {standard_task_runner.py:80} INFO - Job 432: Subtask AAPL
[2024-10-09 10:39:27,505] {task_command.py:370} INFO - Running <TaskInstance: get_stocks_dag.AAPL scheduled__2024-09-27T00:00:00+00:00 [running]> on host ken
[2024-10-09 10:39:27,719] {taskinstance.py:1569} INFO - Exporting the following env vars:
AIRFLOW_CTX_DAG_OWNER=airflow
AIRFLOW_CTX_DAG_ID=get_stocks_dag
AIRFLOW_CTX_TASK_ID=AAPL
AIRFLOW_CTX_EXECUTION_DATE=2024-09-27T00:00:00+00:00
AIRFLOW_CTX_TRY_NUMBER=1
AIRFLOW_CTX_DAG_RUN_ID=scheduled__2024-09-27T00:00:00+00:00
[2024-10-09 10:39:39,794] {python.py:173} INFO - Done. Returned value was: None
[2024-10-09 10:39:39,866] {taskinstance.py:1395} INFO - Marking task as SUCCESS. dag_id=get_stocks_dag, task_id=AAPL, execution_date=20240927T000000, start_date=20241009T133927, end_date=20241009T133939
[2024-10-09 10:39:40,697] {local_task_job.py:156} INFO - Task exited with return code 0
[2024-10-09 10:39:40,958] {local_task_job.py:273} INFO - 0 downstream tasks scheduled from follow-on schedule check
