[2024-09-11 16:06:09,993] {processor.py:153} INFO - Started process (PID=22922) to work on /home/kennedy/KR/Programação/00.Estudos/DataEng/Alura/airflow-extracao/airflow_pipeline/dags/twitter_dag.py
[2024-09-11 16:06:09,995] {processor.py:641} INFO - Processing file /home/kennedy/KR/Programação/00.Estudos/DataEng/Alura/airflow-extracao/airflow_pipeline/dags/twitter_dag.py for tasks to queue
[2024-09-11 16:06:09,996] {logging_mixin.py:115} INFO - [2024-09-11 16:06:09,996] {dagbag.py:507} INFO - Filling up the DagBag from /home/kennedy/KR/Programação/00.Estudos/DataEng/Alura/airflow-extracao/airflow_pipeline/dags/twitter_dag.py
[2024-09-11 16:06:10,025] {processor.py:651} INFO - DAG(s) dict_keys(['TwitterTest']) retrieved from /home/kennedy/KR/Programação/00.Estudos/DataEng/Alura/airflow-extracao/airflow_pipeline/dags/twitter_dag.py
[2024-09-11 16:06:12,969] {logging_mixin.py:115} INFO - [2024-09-11 16:06:12,969] {manager.py:508} INFO - Created Permission View: can edit on DAG:TwitterTest
[2024-09-11 16:06:13,916] {logging_mixin.py:115} INFO - [2024-09-11 16:06:13,915] {manager.py:508} INFO - Created Permission View: can read on DAG:TwitterTest
[2024-09-11 16:06:14,039] {logging_mixin.py:115} INFO - [2024-09-11 16:06:14,039] {manager.py:508} INFO - Created Permission View: can delete on DAG:TwitterTest
[2024-09-11 16:06:14,040] {logging_mixin.py:115} INFO - [2024-09-11 16:06:14,040] {dag.py:2379} INFO - Sync 1 DAGs
[2024-09-11 16:06:14,069] {logging_mixin.py:115} INFO - [2024-09-11 16:06:14,069] {dag.py:2398} INFO - Creating ORM DAG for TwitterTest
[2024-09-11 16:06:14,097] {logging_mixin.py:115} INFO - [2024-09-11 16:06:14,097] {dag.py:2927} INFO - Setting next_dagrun for TwitterTest to 2024-09-11T16:06:10.022664+00:00, run_after=2024-09-12T16:06:10.022664+00:00
[2024-09-11 16:06:14,336] {processor.py:161} INFO - Processing /home/kennedy/KR/Programação/00.Estudos/DataEng/Alura/airflow-extracao/airflow_pipeline/dags/twitter_dag.py took 4.350 seconds
[2024-09-11 16:06:44,700] {processor.py:153} INFO - Started process (PID=23067) to work on /home/kennedy/KR/Programação/00.Estudos/DataEng/Alura/airflow-extracao/airflow_pipeline/dags/twitter_dag.py
[2024-09-11 16:06:44,714] {processor.py:641} INFO - Processing file /home/kennedy/KR/Programação/00.Estudos/DataEng/Alura/airflow-extracao/airflow_pipeline/dags/twitter_dag.py for tasks to queue
[2024-09-11 16:06:44,715] {logging_mixin.py:115} INFO - [2024-09-11 16:06:44,715] {dagbag.py:507} INFO - Filling up the DagBag from /home/kennedy/KR/Programação/00.Estudos/DataEng/Alura/airflow-extracao/airflow_pipeline/dags/twitter_dag.py
[2024-09-11 16:06:44,727] {processor.py:651} INFO - DAG(s) dict_keys(['TwitterTest']) retrieved from /home/kennedy/KR/Programação/00.Estudos/DataEng/Alura/airflow-extracao/airflow_pipeline/dags/twitter_dag.py
[2024-09-11 16:06:44,778] {logging_mixin.py:115} INFO - [2024-09-11 16:06:44,778] {dag.py:2379} INFO - Sync 1 DAGs
[2024-09-11 16:06:44,797] {logging_mixin.py:115} INFO - [2024-09-11 16:06:44,797] {dag.py:2927} INFO - Setting next_dagrun for TwitterTest to 2024-09-11T16:06:44.726008+00:00, run_after=2024-09-12T16:06:44.726008+00:00
[2024-09-11 16:06:45,077] {processor.py:161} INFO - Processing /home/kennedy/KR/Programação/00.Estudos/DataEng/Alura/airflow-extracao/airflow_pipeline/dags/twitter_dag.py took 0.385 seconds
[2024-09-11 16:07:32,604] {processor.py:153} INFO - Started process (PID=23252) to work on /home/kennedy/KR/Programação/00.Estudos/DataEng/Alura/airflow-extracao/airflow_pipeline/dags/twitter_dag.py
[2024-09-11 16:07:32,619] {processor.py:641} INFO - Processing file /home/kennedy/KR/Programação/00.Estudos/DataEng/Alura/airflow-extracao/airflow_pipeline/dags/twitter_dag.py for tasks to queue
[2024-09-11 16:07:32,621] {logging_mixin.py:115} INFO - [2024-09-11 16:07:32,620] {dagbag.py:507} INFO - Filling up the DagBag from /home/kennedy/KR/Programação/00.Estudos/DataEng/Alura/airflow-extracao/airflow_pipeline/dags/twitter_dag.py
[2024-09-11 16:07:32,641] {processor.py:651} INFO - DAG(s) dict_keys(['TwitterTest']) retrieved from /home/kennedy/KR/Programação/00.Estudos/DataEng/Alura/airflow-extracao/airflow_pipeline/dags/twitter_dag.py
[2024-09-11 16:07:32,749] {logging_mixin.py:115} INFO - [2024-09-11 16:07:32,749] {dag.py:2379} INFO - Sync 1 DAGs
[2024-09-11 16:07:32,773] {logging_mixin.py:115} INFO - [2024-09-11 16:07:32,773] {dag.py:2927} INFO - Setting next_dagrun for TwitterTest to 2024-09-11T16:07:32.635582+00:00, run_after=2024-09-12T16:07:32.635582+00:00
[2024-09-11 16:07:32,881] {processor.py:161} INFO - Processing /home/kennedy/KR/Programação/00.Estudos/DataEng/Alura/airflow-extracao/airflow_pipeline/dags/twitter_dag.py took 0.286 seconds
[2024-09-11 16:08:37,567] {processor.py:153} INFO - Started process (PID=23812) to work on /home/kennedy/KR/Programação/00.Estudos/DataEng/Alura/airflow-extracao/airflow_pipeline/dags/twitter_dag.py
[2024-09-11 16:08:37,582] {processor.py:641} INFO - Processing file /home/kennedy/KR/Programação/00.Estudos/DataEng/Alura/airflow-extracao/airflow_pipeline/dags/twitter_dag.py for tasks to queue
[2024-09-11 16:08:37,584] {logging_mixin.py:115} INFO - [2024-09-11 16:08:37,584] {dagbag.py:507} INFO - Filling up the DagBag from /home/kennedy/KR/Programação/00.Estudos/DataEng/Alura/airflow-extracao/airflow_pipeline/dags/twitter_dag.py
[2024-09-11 16:08:37,607] {processor.py:651} INFO - DAG(s) dict_keys(['TwitterTest']) retrieved from /home/kennedy/KR/Programação/00.Estudos/DataEng/Alura/airflow-extracao/airflow_pipeline/dags/twitter_dag.py
[2024-09-11 16:08:37,707] {logging_mixin.py:115} INFO - [2024-09-11 16:08:37,706] {dag.py:2379} INFO - Sync 1 DAGs
[2024-09-11 16:08:37,743] {logging_mixin.py:115} INFO - [2024-09-11 16:08:37,742] {dag.py:2927} INFO - Setting next_dagrun for TwitterTest to 2024-09-11T16:08:37.603767+00:00, run_after=2024-09-12T16:08:37.603767+00:00
[2024-09-11 16:08:37,994] {processor.py:161} INFO - Processing /home/kennedy/KR/Programação/00.Estudos/DataEng/Alura/airflow-extracao/airflow_pipeline/dags/twitter_dag.py took 0.436 seconds
[2024-09-11 16:09:08,891] {processor.py:153} INFO - Started process (PID=24057) to work on /home/kennedy/KR/Programação/00.Estudos/DataEng/Alura/airflow-extracao/airflow_pipeline/dags/twitter_dag.py
[2024-09-11 16:09:08,908] {processor.py:641} INFO - Processing file /home/kennedy/KR/Programação/00.Estudos/DataEng/Alura/airflow-extracao/airflow_pipeline/dags/twitter_dag.py for tasks to queue
[2024-09-11 16:09:08,909] {logging_mixin.py:115} INFO - [2024-09-11 16:09:08,909] {dagbag.py:507} INFO - Filling up the DagBag from /home/kennedy/KR/Programação/00.Estudos/DataEng/Alura/airflow-extracao/airflow_pipeline/dags/twitter_dag.py
[2024-09-11 16:09:08,922] {processor.py:651} INFO - DAG(s) dict_keys(['TwitterTest']) retrieved from /home/kennedy/KR/Programação/00.Estudos/DataEng/Alura/airflow-extracao/airflow_pipeline/dags/twitter_dag.py
[2024-09-11 16:09:09,226] {logging_mixin.py:115} INFO - [2024-09-11 16:09:09,226] {dag.py:2379} INFO - Sync 1 DAGs
[2024-09-11 16:09:09,242] {logging_mixin.py:115} INFO - [2024-09-11 16:09:09,242] {dag.py:2927} INFO - Setting next_dagrun for TwitterTest to 2024-09-11T16:09:08.919042+00:00, run_after=2024-09-12T16:09:08.919042+00:00
[2024-09-11 16:09:09,445] {processor.py:161} INFO - Processing /home/kennedy/KR/Programação/00.Estudos/DataEng/Alura/airflow-extracao/airflow_pipeline/dags/twitter_dag.py took 0.560 seconds
[2024-09-11 16:09:40,282] {processor.py:153} INFO - Started process (PID=24225) to work on /home/kennedy/KR/Programação/00.Estudos/DataEng/Alura/airflow-extracao/airflow_pipeline/dags/twitter_dag.py
[2024-09-11 16:09:40,295] {processor.py:641} INFO - Processing file /home/kennedy/KR/Programação/00.Estudos/DataEng/Alura/airflow-extracao/airflow_pipeline/dags/twitter_dag.py for tasks to queue
[2024-09-11 16:09:40,296] {logging_mixin.py:115} INFO - [2024-09-11 16:09:40,296] {dagbag.py:507} INFO - Filling up the DagBag from /home/kennedy/KR/Programação/00.Estudos/DataEng/Alura/airflow-extracao/airflow_pipeline/dags/twitter_dag.py
[2024-09-11 16:09:40,310] {processor.py:651} INFO - DAG(s) dict_keys(['TwitterTest']) retrieved from /home/kennedy/KR/Programação/00.Estudos/DataEng/Alura/airflow-extracao/airflow_pipeline/dags/twitter_dag.py
[2024-09-11 16:09:40,394] {logging_mixin.py:115} INFO - [2024-09-11 16:09:40,393] {dag.py:2379} INFO - Sync 1 DAGs
[2024-09-11 16:09:40,418] {logging_mixin.py:115} INFO - [2024-09-11 16:09:40,418] {dag.py:2927} INFO - Setting next_dagrun for TwitterTest to 2024-09-11T16:09:40.305793+00:00, run_after=2024-09-12T16:09:40.305793+00:00
[2024-09-11 16:09:40,661] {processor.py:161} INFO - Processing /home/kennedy/KR/Programação/00.Estudos/DataEng/Alura/airflow-extracao/airflow_pipeline/dags/twitter_dag.py took 0.384 seconds
[2024-09-11 16:10:11,222] {processor.py:153} INFO - Started process (PID=24311) to work on /home/kennedy/KR/Programação/00.Estudos/DataEng/Alura/airflow-extracao/airflow_pipeline/dags/twitter_dag.py
[2024-09-11 16:10:11,227] {processor.py:641} INFO - Processing file /home/kennedy/KR/Programação/00.Estudos/DataEng/Alura/airflow-extracao/airflow_pipeline/dags/twitter_dag.py for tasks to queue
[2024-09-11 16:10:11,228] {logging_mixin.py:115} INFO - [2024-09-11 16:10:11,228] {dagbag.py:507} INFO - Filling up the DagBag from /home/kennedy/KR/Programação/00.Estudos/DataEng/Alura/airflow-extracao/airflow_pipeline/dags/twitter_dag.py
[2024-09-11 16:10:11,238] {processor.py:651} INFO - DAG(s) dict_keys(['TwitterTest']) retrieved from /home/kennedy/KR/Programação/00.Estudos/DataEng/Alura/airflow-extracao/airflow_pipeline/dags/twitter_dag.py
[2024-09-11 16:10:11,306] {logging_mixin.py:115} INFO - [2024-09-11 16:10:11,306] {dag.py:2379} INFO - Sync 1 DAGs
[2024-09-11 16:10:11,324] {logging_mixin.py:115} INFO - [2024-09-11 16:10:11,324] {dag.py:2927} INFO - Setting next_dagrun for TwitterTest to 2024-09-11T16:10:11.236917+00:00, run_after=2024-09-12T16:10:11.236917+00:00
[2024-09-11 16:10:11,443] {processor.py:161} INFO - Processing /home/kennedy/KR/Programação/00.Estudos/DataEng/Alura/airflow-extracao/airflow_pipeline/dags/twitter_dag.py took 0.225 seconds
[2024-09-11 16:10:41,548] {processor.py:153} INFO - Started process (PID=24330) to work on /home/kennedy/KR/Programação/00.Estudos/DataEng/Alura/airflow-extracao/airflow_pipeline/dags/twitter_dag.py
[2024-09-11 16:10:41,573] {processor.py:641} INFO - Processing file /home/kennedy/KR/Programação/00.Estudos/DataEng/Alura/airflow-extracao/airflow_pipeline/dags/twitter_dag.py for tasks to queue
[2024-09-11 16:10:41,574] {logging_mixin.py:115} INFO - [2024-09-11 16:10:41,574] {dagbag.py:507} INFO - Filling up the DagBag from /home/kennedy/KR/Programação/00.Estudos/DataEng/Alura/airflow-extracao/airflow_pipeline/dags/twitter_dag.py
[2024-09-11 16:10:41,581] {processor.py:651} INFO - DAG(s) dict_keys(['TwitterTest']) retrieved from /home/kennedy/KR/Programação/00.Estudos/DataEng/Alura/airflow-extracao/airflow_pipeline/dags/twitter_dag.py
[2024-09-11 16:10:41,879] {logging_mixin.py:115} INFO - [2024-09-11 16:10:41,879] {dag.py:2379} INFO - Sync 1 DAGs
[2024-09-11 16:10:41,902] {logging_mixin.py:115} INFO - [2024-09-11 16:10:41,902] {dag.py:2927} INFO - Setting next_dagrun for TwitterTest to 2024-09-11T16:10:41.579594+00:00, run_after=2024-09-12T16:10:41.579594+00:00
[2024-09-11 16:10:42,024] {processor.py:161} INFO - Processing /home/kennedy/KR/Programação/00.Estudos/DataEng/Alura/airflow-extracao/airflow_pipeline/dags/twitter_dag.py took 0.478 seconds
[2024-09-11 16:11:12,510] {processor.py:153} INFO - Started process (PID=24341) to work on /home/kennedy/KR/Programação/00.Estudos/DataEng/Alura/airflow-extracao/airflow_pipeline/dags/twitter_dag.py
[2024-09-11 16:11:12,546] {processor.py:641} INFO - Processing file /home/kennedy/KR/Programação/00.Estudos/DataEng/Alura/airflow-extracao/airflow_pipeline/dags/twitter_dag.py for tasks to queue
[2024-09-11 16:11:12,548] {logging_mixin.py:115} INFO - [2024-09-11 16:11:12,547] {dagbag.py:507} INFO - Filling up the DagBag from /home/kennedy/KR/Programação/00.Estudos/DataEng/Alura/airflow-extracao/airflow_pipeline/dags/twitter_dag.py
[2024-09-11 16:11:12,570] {processor.py:651} INFO - DAG(s) dict_keys(['TwitterTest']) retrieved from /home/kennedy/KR/Programação/00.Estudos/DataEng/Alura/airflow-extracao/airflow_pipeline/dags/twitter_dag.py
[2024-09-11 16:11:12,683] {logging_mixin.py:115} INFO - [2024-09-11 16:11:12,683] {dag.py:2379} INFO - Sync 1 DAGs
[2024-09-11 16:11:12,705] {logging_mixin.py:115} INFO - [2024-09-11 16:11:12,705] {dag.py:2927} INFO - Setting next_dagrun for TwitterTest to 2024-09-11T16:11:12.565333+00:00, run_after=2024-09-12T16:11:12.565333+00:00
[2024-09-11 16:11:13,015] {processor.py:161} INFO - Processing /home/kennedy/KR/Programação/00.Estudos/DataEng/Alura/airflow-extracao/airflow_pipeline/dags/twitter_dag.py took 0.513 seconds
[2024-09-11 16:11:44,081] {processor.py:153} INFO - Started process (PID=24357) to work on /home/kennedy/KR/Programação/00.Estudos/DataEng/Alura/airflow-extracao/airflow_pipeline/dags/twitter_dag.py
[2024-09-11 16:11:44,095] {processor.py:641} INFO - Processing file /home/kennedy/KR/Programação/00.Estudos/DataEng/Alura/airflow-extracao/airflow_pipeline/dags/twitter_dag.py for tasks to queue
[2024-09-11 16:11:44,097] {logging_mixin.py:115} INFO - [2024-09-11 16:11:44,097] {dagbag.py:507} INFO - Filling up the DagBag from /home/kennedy/KR/Programação/00.Estudos/DataEng/Alura/airflow-extracao/airflow_pipeline/dags/twitter_dag.py
[2024-09-11 16:11:44,123] {processor.py:651} INFO - DAG(s) dict_keys(['TwitterTest']) retrieved from /home/kennedy/KR/Programação/00.Estudos/DataEng/Alura/airflow-extracao/airflow_pipeline/dags/twitter_dag.py
[2024-09-11 16:11:44,223] {logging_mixin.py:115} INFO - [2024-09-11 16:11:44,223] {dag.py:2379} INFO - Sync 1 DAGs
[2024-09-11 16:11:44,241] {logging_mixin.py:115} INFO - [2024-09-11 16:11:44,241] {dag.py:2927} INFO - Setting next_dagrun for TwitterTest to 2024-09-11T16:11:44.117564+00:00, run_after=2024-09-12T16:11:44.117564+00:00
[2024-09-11 16:11:45,154] {processor.py:161} INFO - Processing /home/kennedy/KR/Programação/00.Estudos/DataEng/Alura/airflow-extracao/airflow_pipeline/dags/twitter_dag.py took 1.081 seconds
[2024-09-11 16:12:16,910] {processor.py:153} INFO - Started process (PID=24418) to work on /home/kennedy/KR/Programação/00.Estudos/DataEng/Alura/airflow-extracao/airflow_pipeline/dags/twitter_dag.py
[2024-09-11 16:12:16,912] {processor.py:641} INFO - Processing file /home/kennedy/KR/Programação/00.Estudos/DataEng/Alura/airflow-extracao/airflow_pipeline/dags/twitter_dag.py for tasks to queue
[2024-09-11 16:12:16,914] {logging_mixin.py:115} INFO - [2024-09-11 16:12:16,914] {dagbag.py:507} INFO - Filling up the DagBag from /home/kennedy/KR/Programação/00.Estudos/DataEng/Alura/airflow-extracao/airflow_pipeline/dags/twitter_dag.py
[2024-09-11 16:12:16,940] {processor.py:651} INFO - DAG(s) dict_keys(['TwitterDag']) retrieved from /home/kennedy/KR/Programação/00.Estudos/DataEng/Alura/airflow-extracao/airflow_pipeline/dags/twitter_dag.py
[2024-09-11 16:12:17,481] {logging_mixin.py:115} INFO - [2024-09-11 16:12:17,481] {manager.py:508} INFO - Created Permission View: can delete on DAG:TwitterDag
[2024-09-11 16:12:18,308] {logging_mixin.py:115} INFO - [2024-09-11 16:12:18,307] {manager.py:508} INFO - Created Permission View: can edit on DAG:TwitterDag
[2024-09-11 16:12:19,593] {logging_mixin.py:115} INFO - [2024-09-11 16:12:19,593] {manager.py:508} INFO - Created Permission View: can read on DAG:TwitterDag
[2024-09-11 16:12:19,594] {logging_mixin.py:115} INFO - [2024-09-11 16:12:19,594] {dag.py:2379} INFO - Sync 1 DAGs
[2024-09-11 16:12:19,618] {logging_mixin.py:115} INFO - [2024-09-11 16:12:19,618] {dag.py:2398} INFO - Creating ORM DAG for TwitterDag
[2024-09-11 16:12:19,649] {logging_mixin.py:115} INFO - [2024-09-11 16:12:19,649] {dag.py:2927} INFO - Setting next_dagrun for TwitterDag to 2024-09-11T16:12:16.934294+00:00, run_after=2024-09-12T16:12:16.934294+00:00
[2024-09-11 16:12:19,834] {processor.py:161} INFO - Processing /home/kennedy/KR/Programação/00.Estudos/DataEng/Alura/airflow-extracao/airflow_pipeline/dags/twitter_dag.py took 2.935 seconds
[2024-09-11 16:12:50,245] {processor.py:153} INFO - Started process (PID=24507) to work on /home/kennedy/KR/Programação/00.Estudos/DataEng/Alura/airflow-extracao/airflow_pipeline/dags/twitter_dag.py
[2024-09-11 16:12:50,247] {processor.py:641} INFO - Processing file /home/kennedy/KR/Programação/00.Estudos/DataEng/Alura/airflow-extracao/airflow_pipeline/dags/twitter_dag.py for tasks to queue
[2024-09-11 16:12:50,249] {logging_mixin.py:115} INFO - [2024-09-11 16:12:50,248] {dagbag.py:507} INFO - Filling up the DagBag from /home/kennedy/KR/Programação/00.Estudos/DataEng/Alura/airflow-extracao/airflow_pipeline/dags/twitter_dag.py
[2024-09-11 16:12:50,270] {processor.py:651} INFO - DAG(s) dict_keys(['TwitterDag']) retrieved from /home/kennedy/KR/Programação/00.Estudos/DataEng/Alura/airflow-extracao/airflow_pipeline/dags/twitter_dag.py
[2024-09-11 16:12:50,384] {logging_mixin.py:115} INFO - [2024-09-11 16:12:50,384] {dag.py:2379} INFO - Sync 1 DAGs
[2024-09-11 16:12:50,403] {logging_mixin.py:115} INFO - [2024-09-11 16:12:50,403] {dag.py:2927} INFO - Setting next_dagrun for TwitterDag to 2024-09-11T16:12:50.265849+00:00, run_after=2024-09-12T16:12:50.265849+00:00
[2024-09-11 16:12:50,641] {processor.py:161} INFO - Processing /home/kennedy/KR/Programação/00.Estudos/DataEng/Alura/airflow-extracao/airflow_pipeline/dags/twitter_dag.py took 0.406 seconds
[2024-09-11 16:13:21,088] {processor.py:153} INFO - Started process (PID=24519) to work on /home/kennedy/KR/Programação/00.Estudos/DataEng/Alura/airflow-extracao/airflow_pipeline/dags/twitter_dag.py
[2024-09-11 16:13:21,091] {processor.py:641} INFO - Processing file /home/kennedy/KR/Programação/00.Estudos/DataEng/Alura/airflow-extracao/airflow_pipeline/dags/twitter_dag.py for tasks to queue
[2024-09-11 16:13:21,092] {logging_mixin.py:115} INFO - [2024-09-11 16:13:21,092] {dagbag.py:507} INFO - Filling up the DagBag from /home/kennedy/KR/Programação/00.Estudos/DataEng/Alura/airflow-extracao/airflow_pipeline/dags/twitter_dag.py
[2024-09-11 16:13:21,115] {processor.py:651} INFO - DAG(s) dict_keys(['TwitterDag']) retrieved from /home/kennedy/KR/Programação/00.Estudos/DataEng/Alura/airflow-extracao/airflow_pipeline/dags/twitter_dag.py
[2024-09-11 16:13:21,191] {logging_mixin.py:115} INFO - [2024-09-11 16:13:21,191] {dag.py:2379} INFO - Sync 1 DAGs
[2024-09-11 16:13:21,211] {logging_mixin.py:115} INFO - [2024-09-11 16:13:21,211] {dag.py:2927} INFO - Setting next_dagrun for TwitterDag to 2024-09-11T16:13:21.110245+00:00, run_after=2024-09-12T16:13:21.110245+00:00
[2024-09-11 16:13:22,379] {processor.py:161} INFO - Processing /home/kennedy/KR/Programação/00.Estudos/DataEng/Alura/airflow-extracao/airflow_pipeline/dags/twitter_dag.py took 1.301 seconds
[2024-09-11 16:13:52,705] {processor.py:153} INFO - Started process (PID=24578) to work on /home/kennedy/KR/Programação/00.Estudos/DataEng/Alura/airflow-extracao/airflow_pipeline/dags/twitter_dag.py
[2024-09-11 16:13:52,713] {processor.py:641} INFO - Processing file /home/kennedy/KR/Programação/00.Estudos/DataEng/Alura/airflow-extracao/airflow_pipeline/dags/twitter_dag.py for tasks to queue
[2024-09-11 16:13:52,715] {logging_mixin.py:115} INFO - [2024-09-11 16:13:52,715] {dagbag.py:507} INFO - Filling up the DagBag from /home/kennedy/KR/Programação/00.Estudos/DataEng/Alura/airflow-extracao/airflow_pipeline/dags/twitter_dag.py
[2024-09-11 16:13:52,738] {processor.py:651} INFO - DAG(s) dict_keys(['TwitterDag']) retrieved from /home/kennedy/KR/Programação/00.Estudos/DataEng/Alura/airflow-extracao/airflow_pipeline/dags/twitter_dag.py
[2024-09-11 16:13:52,816] {logging_mixin.py:115} INFO - [2024-09-11 16:13:52,816] {dag.py:2379} INFO - Sync 1 DAGs
[2024-09-11 16:13:52,834] {logging_mixin.py:115} INFO - [2024-09-11 16:13:52,834] {dag.py:2927} INFO - Setting next_dagrun for TwitterDag to 2024-09-11T16:13:52.733450+00:00, run_after=2024-09-12T16:13:52.733450+00:00
[2024-09-11 16:13:52,963] {processor.py:161} INFO - Processing /home/kennedy/KR/Programação/00.Estudos/DataEng/Alura/airflow-extracao/airflow_pipeline/dags/twitter_dag.py took 0.268 seconds
[2024-09-11 16:14:23,246] {processor.py:153} INFO - Started process (PID=24583) to work on /home/kennedy/KR/Programação/00.Estudos/DataEng/Alura/airflow-extracao/airflow_pipeline/dags/twitter_dag.py
[2024-09-11 16:14:23,248] {processor.py:641} INFO - Processing file /home/kennedy/KR/Programação/00.Estudos/DataEng/Alura/airflow-extracao/airflow_pipeline/dags/twitter_dag.py for tasks to queue
[2024-09-11 16:14:23,250] {logging_mixin.py:115} INFO - [2024-09-11 16:14:23,249] {dagbag.py:507} INFO - Filling up the DagBag from /home/kennedy/KR/Programação/00.Estudos/DataEng/Alura/airflow-extracao/airflow_pipeline/dags/twitter_dag.py
[2024-09-11 16:14:23,273] {processor.py:651} INFO - DAG(s) dict_keys(['TwitterDag']) retrieved from /home/kennedy/KR/Programação/00.Estudos/DataEng/Alura/airflow-extracao/airflow_pipeline/dags/twitter_dag.py
[2024-09-11 16:14:23,367] {logging_mixin.py:115} INFO - [2024-09-11 16:14:23,367] {dag.py:2379} INFO - Sync 1 DAGs
[2024-09-11 16:14:23,385] {logging_mixin.py:115} INFO - [2024-09-11 16:14:23,385] {dag.py:2927} INFO - Setting next_dagrun for TwitterDag to 2024-09-11T16:14:23.269367+00:00, run_after=2024-09-12T16:14:23.269367+00:00
[2024-09-11 16:14:23,464] {processor.py:161} INFO - Processing /home/kennedy/KR/Programação/00.Estudos/DataEng/Alura/airflow-extracao/airflow_pipeline/dags/twitter_dag.py took 0.228 seconds
[2024-09-11 16:14:53,737] {processor.py:153} INFO - Started process (PID=24590) to work on /home/kennedy/KR/Programação/00.Estudos/DataEng/Alura/airflow-extracao/airflow_pipeline/dags/twitter_dag.py
[2024-09-11 16:14:53,787] {processor.py:641} INFO - Processing file /home/kennedy/KR/Programação/00.Estudos/DataEng/Alura/airflow-extracao/airflow_pipeline/dags/twitter_dag.py for tasks to queue
[2024-09-11 16:14:53,788] {logging_mixin.py:115} INFO - [2024-09-11 16:14:53,788] {dagbag.py:507} INFO - Filling up the DagBag from /home/kennedy/KR/Programação/00.Estudos/DataEng/Alura/airflow-extracao/airflow_pipeline/dags/twitter_dag.py
[2024-09-11 16:14:53,810] {processor.py:651} INFO - DAG(s) dict_keys(['TwitterDag']) retrieved from /home/kennedy/KR/Programação/00.Estudos/DataEng/Alura/airflow-extracao/airflow_pipeline/dags/twitter_dag.py
[2024-09-11 16:14:53,908] {logging_mixin.py:115} INFO - [2024-09-11 16:14:53,908] {dag.py:2379} INFO - Sync 1 DAGs
[2024-09-11 16:14:53,924] {logging_mixin.py:115} INFO - [2024-09-11 16:14:53,924] {dag.py:2927} INFO - Setting next_dagrun for TwitterDag to 2024-09-11T16:14:53.805687+00:00, run_after=2024-09-12T16:14:53.805687+00:00
[2024-09-11 16:14:54,359] {processor.py:161} INFO - Processing /home/kennedy/KR/Programação/00.Estudos/DataEng/Alura/airflow-extracao/airflow_pipeline/dags/twitter_dag.py took 0.631 seconds
[2024-09-11 16:15:24,560] {processor.py:153} INFO - Started process (PID=24613) to work on /home/kennedy/KR/Programação/00.Estudos/DataEng/Alura/airflow-extracao/airflow_pipeline/dags/twitter_dag.py
[2024-09-11 16:15:24,561] {processor.py:641} INFO - Processing file /home/kennedy/KR/Programação/00.Estudos/DataEng/Alura/airflow-extracao/airflow_pipeline/dags/twitter_dag.py for tasks to queue
[2024-09-11 16:15:24,563] {logging_mixin.py:115} INFO - [2024-09-11 16:15:24,563] {dagbag.py:507} INFO - Filling up the DagBag from /home/kennedy/KR/Programação/00.Estudos/DataEng/Alura/airflow-extracao/airflow_pipeline/dags/twitter_dag.py
[2024-09-11 16:15:24,578] {processor.py:651} INFO - DAG(s) dict_keys(['TwitterDag']) retrieved from /home/kennedy/KR/Programação/00.Estudos/DataEng/Alura/airflow-extracao/airflow_pipeline/dags/twitter_dag.py
[2024-09-11 16:15:24,684] {logging_mixin.py:115} INFO - [2024-09-11 16:15:24,684] {dag.py:2379} INFO - Sync 1 DAGs
[2024-09-11 16:15:24,718] {logging_mixin.py:115} INFO - [2024-09-11 16:15:24,718] {dag.py:2927} INFO - Setting next_dagrun for TwitterDag to 2024-09-11T16:15:24.574598+00:00, run_after=2024-09-12T16:15:24.574598+00:00
[2024-09-11 16:15:24,827] {processor.py:161} INFO - Processing /home/kennedy/KR/Programação/00.Estudos/DataEng/Alura/airflow-extracao/airflow_pipeline/dags/twitter_dag.py took 0.274 seconds
[2024-09-11 16:15:55,083] {processor.py:153} INFO - Started process (PID=24620) to work on /home/kennedy/KR/Programação/00.Estudos/DataEng/Alura/airflow-extracao/airflow_pipeline/dags/twitter_dag.py
[2024-09-11 16:15:55,092] {processor.py:641} INFO - Processing file /home/kennedy/KR/Programação/00.Estudos/DataEng/Alura/airflow-extracao/airflow_pipeline/dags/twitter_dag.py for tasks to queue
[2024-09-11 16:15:55,093] {logging_mixin.py:115} INFO - [2024-09-11 16:15:55,093] {dagbag.py:507} INFO - Filling up the DagBag from /home/kennedy/KR/Programação/00.Estudos/DataEng/Alura/airflow-extracao/airflow_pipeline/dags/twitter_dag.py
[2024-09-11 16:15:55,113] {processor.py:651} INFO - DAG(s) dict_keys(['TwitterDag']) retrieved from /home/kennedy/KR/Programação/00.Estudos/DataEng/Alura/airflow-extracao/airflow_pipeline/dags/twitter_dag.py
[2024-09-11 16:15:55,216] {logging_mixin.py:115} INFO - [2024-09-11 16:15:55,215] {dag.py:2379} INFO - Sync 1 DAGs
[2024-09-11 16:15:55,234] {logging_mixin.py:115} INFO - [2024-09-11 16:15:55,234] {dag.py:2927} INFO - Setting next_dagrun for TwitterDag to 2024-09-11T16:15:55.109081+00:00, run_after=2024-09-12T16:15:55.109081+00:00
[2024-09-11 16:15:56,023] {processor.py:161} INFO - Processing /home/kennedy/KR/Programação/00.Estudos/DataEng/Alura/airflow-extracao/airflow_pipeline/dags/twitter_dag.py took 0.949 seconds
[2024-09-11 16:16:28,735] {processor.py:153} INFO - Started process (PID=24623) to work on /home/kennedy/KR/Programação/00.Estudos/DataEng/Alura/airflow-extracao/airflow_pipeline/dags/twitter_dag.py
[2024-09-11 16:16:28,737] {processor.py:641} INFO - Processing file /home/kennedy/KR/Programação/00.Estudos/DataEng/Alura/airflow-extracao/airflow_pipeline/dags/twitter_dag.py for tasks to queue
[2024-09-11 16:16:28,738] {logging_mixin.py:115} INFO - [2024-09-11 16:16:28,738] {dagbag.py:507} INFO - Filling up the DagBag from /home/kennedy/KR/Programação/00.Estudos/DataEng/Alura/airflow-extracao/airflow_pipeline/dags/twitter_dag.py
[2024-09-11 16:16:28,761] {processor.py:651} INFO - DAG(s) dict_keys(['TwitterDag']) retrieved from /home/kennedy/KR/Programação/00.Estudos/DataEng/Alura/airflow-extracao/airflow_pipeline/dags/twitter_dag.py
[2024-09-11 16:16:28,828] {logging_mixin.py:115} INFO - [2024-09-11 16:16:28,827] {dag.py:2379} INFO - Sync 1 DAGs
[2024-09-11 16:16:28,847] {logging_mixin.py:115} INFO - [2024-09-11 16:16:28,847] {dag.py:2927} INFO - Setting next_dagrun for TwitterDag to 2024-09-11T16:16:28.757965+00:00, run_after=2024-09-12T16:16:28.757965+00:00
[2024-09-11 16:16:30,291] {processor.py:161} INFO - Processing /home/kennedy/KR/Programação/00.Estudos/DataEng/Alura/airflow-extracao/airflow_pipeline/dags/twitter_dag.py took 1.566 seconds
[2024-09-11 16:17:01,215] {processor.py:153} INFO - Started process (PID=24660) to work on /home/kennedy/KR/Programação/00.Estudos/DataEng/Alura/airflow-extracao/airflow_pipeline/dags/twitter_dag.py
[2024-09-11 16:17:01,216] {processor.py:641} INFO - Processing file /home/kennedy/KR/Programação/00.Estudos/DataEng/Alura/airflow-extracao/airflow_pipeline/dags/twitter_dag.py for tasks to queue
[2024-09-11 16:17:01,217] {logging_mixin.py:115} INFO - [2024-09-11 16:17:01,217] {dagbag.py:507} INFO - Filling up the DagBag from /home/kennedy/KR/Programação/00.Estudos/DataEng/Alura/airflow-extracao/airflow_pipeline/dags/twitter_dag.py
[2024-09-11 16:17:01,235] {processor.py:651} INFO - DAG(s) dict_keys(['TwitterDag']) retrieved from /home/kennedy/KR/Programação/00.Estudos/DataEng/Alura/airflow-extracao/airflow_pipeline/dags/twitter_dag.py
[2024-09-11 16:17:01,331] {logging_mixin.py:115} INFO - [2024-09-11 16:17:01,331] {dag.py:2379} INFO - Sync 1 DAGs
[2024-09-11 16:17:01,347] {logging_mixin.py:115} INFO - [2024-09-11 16:17:01,347] {dag.py:2927} INFO - Setting next_dagrun for TwitterDag to 2024-09-11T16:17:01.232349+00:00, run_after=2024-09-12T16:17:01.232349+00:00
[2024-09-11 16:17:02,152] {processor.py:161} INFO - Processing /home/kennedy/KR/Programação/00.Estudos/DataEng/Alura/airflow-extracao/airflow_pipeline/dags/twitter_dag.py took 0.944 seconds
[2024-09-11 16:17:33,326] {processor.py:153} INFO - Started process (PID=24665) to work on /home/kennedy/KR/Programação/00.Estudos/DataEng/Alura/airflow-extracao/airflow_pipeline/dags/twitter_dag.py
[2024-09-11 16:17:33,341] {processor.py:641} INFO - Processing file /home/kennedy/KR/Programação/00.Estudos/DataEng/Alura/airflow-extracao/airflow_pipeline/dags/twitter_dag.py for tasks to queue
[2024-09-11 16:17:33,342] {logging_mixin.py:115} INFO - [2024-09-11 16:17:33,342] {dagbag.py:507} INFO - Filling up the DagBag from /home/kennedy/KR/Programação/00.Estudos/DataEng/Alura/airflow-extracao/airflow_pipeline/dags/twitter_dag.py
[2024-09-11 16:17:33,367] {processor.py:651} INFO - DAG(s) dict_keys(['TwitterDag']) retrieved from /home/kennedy/KR/Programação/00.Estudos/DataEng/Alura/airflow-extracao/airflow_pipeline/dags/twitter_dag.py
[2024-09-11 16:17:33,455] {logging_mixin.py:115} INFO - [2024-09-11 16:17:33,455] {dag.py:2379} INFO - Sync 1 DAGs
[2024-09-11 16:17:33,478] {logging_mixin.py:115} INFO - [2024-09-11 16:17:33,478] {dag.py:2927} INFO - Setting next_dagrun for TwitterDag to 2024-09-11T16:17:33.361116+00:00, run_after=2024-09-12T16:17:33.361116+00:00
[2024-09-11 16:17:34,069] {processor.py:161} INFO - Processing /home/kennedy/KR/Programação/00.Estudos/DataEng/Alura/airflow-extracao/airflow_pipeline/dags/twitter_dag.py took 0.752 seconds
[2024-09-11 16:18:04,710] {processor.py:153} INFO - Started process (PID=24678) to work on /home/kennedy/KR/Programação/00.Estudos/DataEng/Alura/airflow-extracao/airflow_pipeline/dags/twitter_dag.py
[2024-09-11 16:18:04,711] {processor.py:641} INFO - Processing file /home/kennedy/KR/Programação/00.Estudos/DataEng/Alura/airflow-extracao/airflow_pipeline/dags/twitter_dag.py for tasks to queue
[2024-09-11 16:18:04,711] {logging_mixin.py:115} INFO - [2024-09-11 16:18:04,711] {dagbag.py:507} INFO - Filling up the DagBag from /home/kennedy/KR/Programação/00.Estudos/DataEng/Alura/airflow-extracao/airflow_pipeline/dags/twitter_dag.py
[2024-09-11 16:18:04,724] {processor.py:651} INFO - DAG(s) dict_keys(['TwitterDag']) retrieved from /home/kennedy/KR/Programação/00.Estudos/DataEng/Alura/airflow-extracao/airflow_pipeline/dags/twitter_dag.py
[2024-09-11 16:18:04,779] {logging_mixin.py:115} INFO - [2024-09-11 16:18:04,779] {dag.py:2379} INFO - Sync 1 DAGs
[2024-09-11 16:18:04,800] {logging_mixin.py:115} INFO - [2024-09-11 16:18:04,800] {dag.py:2927} INFO - Setting next_dagrun for TwitterDag to 2024-09-11T16:18:04.721455+00:00, run_after=2024-09-12T16:18:04.721455+00:00
[2024-09-11 16:18:04,973] {processor.py:161} INFO - Processing /home/kennedy/KR/Programação/00.Estudos/DataEng/Alura/airflow-extracao/airflow_pipeline/dags/twitter_dag.py took 0.268 seconds
[2024-09-11 16:18:36,958] {processor.py:153} INFO - Started process (PID=24758) to work on /home/kennedy/KR/Programação/00.Estudos/DataEng/Alura/airflow-extracao/airflow_pipeline/dags/twitter_dag.py
[2024-09-11 16:18:37,097] {processor.py:641} INFO - Processing file /home/kennedy/KR/Programação/00.Estudos/DataEng/Alura/airflow-extracao/airflow_pipeline/dags/twitter_dag.py for tasks to queue
[2024-09-11 16:18:37,099] {logging_mixin.py:115} INFO - [2024-09-11 16:18:37,099] {dagbag.py:507} INFO - Filling up the DagBag from /home/kennedy/KR/Programação/00.Estudos/DataEng/Alura/airflow-extracao/airflow_pipeline/dags/twitter_dag.py
[2024-09-11 16:18:37,114] {processor.py:651} INFO - DAG(s) dict_keys(['TwitterDag']) retrieved from /home/kennedy/KR/Programação/00.Estudos/DataEng/Alura/airflow-extracao/airflow_pipeline/dags/twitter_dag.py
[2024-09-11 16:18:38,220] {logging_mixin.py:115} INFO - [2024-09-11 16:18:38,220] {dag.py:2379} INFO - Sync 1 DAGs
[2024-09-11 16:18:38,292] {logging_mixin.py:115} INFO - [2024-09-11 16:18:38,291] {dag.py:2927} INFO - Setting next_dagrun for TwitterDag to 2024-09-09T00:00:00+00:00, run_after=2024-09-10T00:00:00+00:00
[2024-09-11 16:18:40,732] {processor.py:161} INFO - Processing /home/kennedy/KR/Programação/00.Estudos/DataEng/Alura/airflow-extracao/airflow_pipeline/dags/twitter_dag.py took 3.778 seconds
[2024-09-11 16:19:11,122] {processor.py:153} INFO - Started process (PID=25072) to work on /home/kennedy/KR/Programação/00.Estudos/DataEng/Alura/airflow-extracao/airflow_pipeline/dags/twitter_dag.py
[2024-09-11 16:19:11,211] {processor.py:641} INFO - Processing file /home/kennedy/KR/Programação/00.Estudos/DataEng/Alura/airflow-extracao/airflow_pipeline/dags/twitter_dag.py for tasks to queue
[2024-09-11 16:19:11,212] {logging_mixin.py:115} INFO - [2024-09-11 16:19:11,212] {dagbag.py:507} INFO - Filling up the DagBag from /home/kennedy/KR/Programação/00.Estudos/DataEng/Alura/airflow-extracao/airflow_pipeline/dags/twitter_dag.py
[2024-09-11 16:19:11,229] {processor.py:651} INFO - DAG(s) dict_keys(['TwitterDag']) retrieved from /home/kennedy/KR/Programação/00.Estudos/DataEng/Alura/airflow-extracao/airflow_pipeline/dags/twitter_dag.py
[2024-09-11 16:19:11,297] {logging_mixin.py:115} INFO - [2024-09-11 16:19:11,297] {dag.py:2379} INFO - Sync 1 DAGs
[2024-09-11 16:19:11,307] {logging_mixin.py:115} INFO - [2024-09-11 16:19:11,307] {dag.py:2398} INFO - Creating ORM DAG for TwitterDag
[2024-09-11 16:19:11,322] {logging_mixin.py:115} INFO - [2024-09-11 16:19:11,322] {dag.py:2927} INFO - Setting next_dagrun for TwitterDag to 2024-09-09T00:00:00+00:00, run_after=2024-09-10T00:00:00+00:00
[2024-09-11 16:19:12,141] {processor.py:161} INFO - Processing /home/kennedy/KR/Programação/00.Estudos/DataEng/Alura/airflow-extracao/airflow_pipeline/dags/twitter_dag.py took 1.028 seconds
[2024-09-11 16:19:44,944] {processor.py:153} INFO - Started process (PID=25388) to work on /home/kennedy/KR/Programação/00.Estudos/DataEng/Alura/airflow-extracao/airflow_pipeline/dags/twitter_dag.py
[2024-09-11 16:19:44,994] {processor.py:641} INFO - Processing file /home/kennedy/KR/Programação/00.Estudos/DataEng/Alura/airflow-extracao/airflow_pipeline/dags/twitter_dag.py for tasks to queue
[2024-09-11 16:19:44,995] {logging_mixin.py:115} INFO - [2024-09-11 16:19:44,995] {dagbag.py:507} INFO - Filling up the DagBag from /home/kennedy/KR/Programação/00.Estudos/DataEng/Alura/airflow-extracao/airflow_pipeline/dags/twitter_dag.py
[2024-09-11 16:19:45,012] {processor.py:651} INFO - DAG(s) dict_keys(['TwitterDag']) retrieved from /home/kennedy/KR/Programação/00.Estudos/DataEng/Alura/airflow-extracao/airflow_pipeline/dags/twitter_dag.py
[2024-09-11 16:19:45,041] {logging_mixin.py:115} INFO - [2024-09-11 16:19:45,041] {dag.py:2379} INFO - Sync 1 DAGs
[2024-09-11 16:19:45,064] {logging_mixin.py:115} INFO - [2024-09-11 16:19:45,064] {dag.py:2927} INFO - Setting next_dagrun for TwitterDag to 2024-09-09T00:00:00+00:00, run_after=2024-09-10T00:00:00+00:00
[2024-09-11 16:19:45,179] {processor.py:161} INFO - Processing /home/kennedy/KR/Programação/00.Estudos/DataEng/Alura/airflow-extracao/airflow_pipeline/dags/twitter_dag.py took 0.243 seconds
[2024-09-11 16:20:20,810] {processor.py:153} INFO - Started process (PID=25782) to work on /home/kennedy/KR/Programação/00.Estudos/DataEng/Alura/airflow-extracao/airflow_pipeline/dags/twitter_dag.py
[2024-09-11 16:20:20,853] {processor.py:641} INFO - Processing file /home/kennedy/KR/Programação/00.Estudos/DataEng/Alura/airflow-extracao/airflow_pipeline/dags/twitter_dag.py for tasks to queue
[2024-09-11 16:20:20,854] {logging_mixin.py:115} INFO - [2024-09-11 16:20:20,854] {dagbag.py:507} INFO - Filling up the DagBag from /home/kennedy/KR/Programação/00.Estudos/DataEng/Alura/airflow-extracao/airflow_pipeline/dags/twitter_dag.py
[2024-09-11 16:20:20,876] {processor.py:651} INFO - DAG(s) dict_keys(['TwitterDag']) retrieved from /home/kennedy/KR/Programação/00.Estudos/DataEng/Alura/airflow-extracao/airflow_pipeline/dags/twitter_dag.py
[2024-09-11 16:20:20,918] {logging_mixin.py:115} INFO - [2024-09-11 16:20:20,917] {dag.py:2379} INFO - Sync 1 DAGs
[2024-09-11 16:20:20,967] {logging_mixin.py:115} INFO - [2024-09-11 16:20:20,966] {dag.py:2927} INFO - Setting next_dagrun for TwitterDag to 2024-09-11T00:00:00+00:00, run_after=2024-09-12T00:00:00+00:00
[2024-09-11 16:20:21,104] {processor.py:161} INFO - Processing /home/kennedy/KR/Programação/00.Estudos/DataEng/Alura/airflow-extracao/airflow_pipeline/dags/twitter_dag.py took 0.300 seconds
[2024-09-11 16:20:52,017] {processor.py:153} INFO - Started process (PID=25944) to work on /home/kennedy/KR/Programação/00.Estudos/DataEng/Alura/airflow-extracao/airflow_pipeline/dags/twitter_dag.py
[2024-09-11 16:20:52,018] {processor.py:641} INFO - Processing file /home/kennedy/KR/Programação/00.Estudos/DataEng/Alura/airflow-extracao/airflow_pipeline/dags/twitter_dag.py for tasks to queue
[2024-09-11 16:20:52,020] {logging_mixin.py:115} INFO - [2024-09-11 16:20:52,020] {dagbag.py:507} INFO - Filling up the DagBag from /home/kennedy/KR/Programação/00.Estudos/DataEng/Alura/airflow-extracao/airflow_pipeline/dags/twitter_dag.py
[2024-09-11 16:20:52,048] {processor.py:651} INFO - DAG(s) dict_keys(['TwitterDag']) retrieved from /home/kennedy/KR/Programação/00.Estudos/DataEng/Alura/airflow-extracao/airflow_pipeline/dags/twitter_dag.py
[2024-09-11 16:20:52,091] {logging_mixin.py:115} INFO - [2024-09-11 16:20:52,090] {dag.py:2379} INFO - Sync 1 DAGs
[2024-09-11 16:20:52,119] {logging_mixin.py:115} INFO - [2024-09-11 16:20:52,119] {dag.py:2927} INFO - Setting next_dagrun for TwitterDag to 2024-09-11T00:00:00+00:00, run_after=2024-09-12T00:00:00+00:00
[2024-09-11 16:20:52,359] {processor.py:161} INFO - Processing /home/kennedy/KR/Programação/00.Estudos/DataEng/Alura/airflow-extracao/airflow_pipeline/dags/twitter_dag.py took 0.351 seconds
[2024-09-11 16:21:22,666] {processor.py:153} INFO - Started process (PID=26086) to work on /home/kennedy/KR/Programação/00.Estudos/DataEng/Alura/airflow-extracao/airflow_pipeline/dags/twitter_dag.py
[2024-09-11 16:21:22,668] {processor.py:641} INFO - Processing file /home/kennedy/KR/Programação/00.Estudos/DataEng/Alura/airflow-extracao/airflow_pipeline/dags/twitter_dag.py for tasks to queue
[2024-09-11 16:21:22,670] {logging_mixin.py:115} INFO - [2024-09-11 16:21:22,670] {dagbag.py:507} INFO - Filling up the DagBag from /home/kennedy/KR/Programação/00.Estudos/DataEng/Alura/airflow-extracao/airflow_pipeline/dags/twitter_dag.py
[2024-09-11 16:21:22,696] {processor.py:651} INFO - DAG(s) dict_keys(['TwitterDag']) retrieved from /home/kennedy/KR/Programação/00.Estudos/DataEng/Alura/airflow-extracao/airflow_pipeline/dags/twitter_dag.py
[2024-09-11 16:21:22,734] {logging_mixin.py:115} INFO - [2024-09-11 16:21:22,734] {dag.py:2379} INFO - Sync 1 DAGs
[2024-09-11 16:21:22,763] {logging_mixin.py:115} INFO - [2024-09-11 16:21:22,763] {dag.py:2927} INFO - Setting next_dagrun for TwitterDag to 2024-09-11T00:00:00+00:00, run_after=2024-09-12T00:00:00+00:00
[2024-09-11 16:21:24,170] {processor.py:161} INFO - Processing /home/kennedy/KR/Programação/00.Estudos/DataEng/Alura/airflow-extracao/airflow_pipeline/dags/twitter_dag.py took 1.512 seconds
[2024-09-11 16:21:55,054] {processor.py:153} INFO - Started process (PID=26114) to work on /home/kennedy/KR/Programação/00.Estudos/DataEng/Alura/airflow-extracao/airflow_pipeline/dags/twitter_dag.py
[2024-09-11 16:21:55,068] {processor.py:641} INFO - Processing file /home/kennedy/KR/Programação/00.Estudos/DataEng/Alura/airflow-extracao/airflow_pipeline/dags/twitter_dag.py for tasks to queue
[2024-09-11 16:21:55,069] {logging_mixin.py:115} INFO - [2024-09-11 16:21:55,069] {dagbag.py:507} INFO - Filling up the DagBag from /home/kennedy/KR/Programação/00.Estudos/DataEng/Alura/airflow-extracao/airflow_pipeline/dags/twitter_dag.py
[2024-09-11 16:21:55,086] {processor.py:651} INFO - DAG(s) dict_keys(['TwitterDag']) retrieved from /home/kennedy/KR/Programação/00.Estudos/DataEng/Alura/airflow-extracao/airflow_pipeline/dags/twitter_dag.py
[2024-09-11 16:21:55,110] {logging_mixin.py:115} INFO - [2024-09-11 16:21:55,109] {dag.py:2379} INFO - Sync 1 DAGs
[2024-09-11 16:21:55,141] {logging_mixin.py:115} INFO - [2024-09-11 16:21:55,141] {dag.py:2927} INFO - Setting next_dagrun for TwitterDag to 2024-09-11T00:00:00+00:00, run_after=2024-09-12T00:00:00+00:00
[2024-09-11 16:21:56,049] {processor.py:161} INFO - Processing /home/kennedy/KR/Programação/00.Estudos/DataEng/Alura/airflow-extracao/airflow_pipeline/dags/twitter_dag.py took 1.003 seconds
[2024-09-11 16:22:27,703] {processor.py:153} INFO - Started process (PID=26137) to work on /home/kennedy/KR/Programação/00.Estudos/DataEng/Alura/airflow-extracao/airflow_pipeline/dags/twitter_dag.py
[2024-09-11 16:22:27,981] {processor.py:641} INFO - Processing file /home/kennedy/KR/Programação/00.Estudos/DataEng/Alura/airflow-extracao/airflow_pipeline/dags/twitter_dag.py for tasks to queue
[2024-09-11 16:22:27,982] {logging_mixin.py:115} INFO - [2024-09-11 16:22:27,982] {dagbag.py:507} INFO - Filling up the DagBag from /home/kennedy/KR/Programação/00.Estudos/DataEng/Alura/airflow-extracao/airflow_pipeline/dags/twitter_dag.py
[2024-09-11 16:22:28,002] {processor.py:651} INFO - DAG(s) dict_keys(['TwitterDag']) retrieved from /home/kennedy/KR/Programação/00.Estudos/DataEng/Alura/airflow-extracao/airflow_pipeline/dags/twitter_dag.py
[2024-09-11 16:22:28,029] {logging_mixin.py:115} INFO - [2024-09-11 16:22:28,029] {dag.py:2379} INFO - Sync 1 DAGs
[2024-09-11 16:22:28,053] {logging_mixin.py:115} INFO - [2024-09-11 16:22:28,053] {dag.py:2927} INFO - Setting next_dagrun for TwitterDag to 2024-09-11T00:00:00+00:00, run_after=2024-09-12T00:00:00+00:00
[2024-09-11 16:22:28,920] {processor.py:161} INFO - Processing /home/kennedy/KR/Programação/00.Estudos/DataEng/Alura/airflow-extracao/airflow_pipeline/dags/twitter_dag.py took 1.224 seconds
[2024-09-11 16:22:59,594] {processor.py:153} INFO - Started process (PID=26149) to work on /home/kennedy/KR/Programação/00.Estudos/DataEng/Alura/airflow-extracao/airflow_pipeline/dags/twitter_dag.py
[2024-09-11 16:22:59,690] {processor.py:641} INFO - Processing file /home/kennedy/KR/Programação/00.Estudos/DataEng/Alura/airflow-extracao/airflow_pipeline/dags/twitter_dag.py for tasks to queue
[2024-09-11 16:22:59,692] {logging_mixin.py:115} INFO - [2024-09-11 16:22:59,691] {dagbag.py:507} INFO - Filling up the DagBag from /home/kennedy/KR/Programação/00.Estudos/DataEng/Alura/airflow-extracao/airflow_pipeline/dags/twitter_dag.py
[2024-09-11 16:22:59,712] {processor.py:651} INFO - DAG(s) dict_keys(['TwitterDag']) retrieved from /home/kennedy/KR/Programação/00.Estudos/DataEng/Alura/airflow-extracao/airflow_pipeline/dags/twitter_dag.py
[2024-09-11 16:22:59,730] {logging_mixin.py:115} INFO - [2024-09-11 16:22:59,730] {dag.py:2379} INFO - Sync 1 DAGs
[2024-09-11 16:22:59,749] {logging_mixin.py:115} INFO - [2024-09-11 16:22:59,749] {dag.py:2927} INFO - Setting next_dagrun for TwitterDag to 2024-09-11T00:00:00+00:00, run_after=2024-09-12T00:00:00+00:00
[2024-09-11 16:23:00,429] {processor.py:161} INFO - Processing /home/kennedy/KR/Programação/00.Estudos/DataEng/Alura/airflow-extracao/airflow_pipeline/dags/twitter_dag.py took 0.842 seconds
[2024-09-11 16:23:30,634] {processor.py:153} INFO - Started process (PID=26178) to work on /home/kennedy/KR/Programação/00.Estudos/DataEng/Alura/airflow-extracao/airflow_pipeline/dags/twitter_dag.py
[2024-09-11 16:23:30,634] {processor.py:641} INFO - Processing file /home/kennedy/KR/Programação/00.Estudos/DataEng/Alura/airflow-extracao/airflow_pipeline/dags/twitter_dag.py for tasks to queue
[2024-09-11 16:23:30,635] {logging_mixin.py:115} INFO - [2024-09-11 16:23:30,634] {dagbag.py:507} INFO - Filling up the DagBag from /home/kennedy/KR/Programação/00.Estudos/DataEng/Alura/airflow-extracao/airflow_pipeline/dags/twitter_dag.py
[2024-09-11 16:23:30,643] {processor.py:651} INFO - DAG(s) dict_keys(['TwitterDag']) retrieved from /home/kennedy/KR/Programação/00.Estudos/DataEng/Alura/airflow-extracao/airflow_pipeline/dags/twitter_dag.py
[2024-09-11 16:23:30,656] {logging_mixin.py:115} INFO - [2024-09-11 16:23:30,656] {dag.py:2379} INFO - Sync 1 DAGs
[2024-09-11 16:23:30,680] {logging_mixin.py:115} INFO - [2024-09-11 16:23:30,680] {dag.py:2927} INFO - Setting next_dagrun for TwitterDag to 2024-09-11T00:00:00+00:00, run_after=2024-09-12T00:00:00+00:00
[2024-09-11 16:23:30,750] {processor.py:161} INFO - Processing /home/kennedy/KR/Programação/00.Estudos/DataEng/Alura/airflow-extracao/airflow_pipeline/dags/twitter_dag.py took 0.119 seconds
[2024-09-11 16:24:00,855] {processor.py:153} INFO - Started process (PID=26245) to work on /home/kennedy/KR/Programação/00.Estudos/DataEng/Alura/airflow-extracao/airflow_pipeline/dags/twitter_dag.py
[2024-09-11 16:24:00,860] {processor.py:641} INFO - Processing file /home/kennedy/KR/Programação/00.Estudos/DataEng/Alura/airflow-extracao/airflow_pipeline/dags/twitter_dag.py for tasks to queue
[2024-09-11 16:24:00,860] {logging_mixin.py:115} INFO - [2024-09-11 16:24:00,860] {dagbag.py:507} INFO - Filling up the DagBag from /home/kennedy/KR/Programação/00.Estudos/DataEng/Alura/airflow-extracao/airflow_pipeline/dags/twitter_dag.py
[2024-09-11 16:24:00,878] {processor.py:651} INFO - DAG(s) dict_keys(['TwitterDag']) retrieved from /home/kennedy/KR/Programação/00.Estudos/DataEng/Alura/airflow-extracao/airflow_pipeline/dags/twitter_dag.py
[2024-09-11 16:24:00,906] {logging_mixin.py:115} INFO - [2024-09-11 16:24:00,906] {dag.py:2379} INFO - Sync 1 DAGs
[2024-09-11 16:24:00,946] {logging_mixin.py:115} INFO - [2024-09-11 16:24:00,946] {dag.py:2927} INFO - Setting next_dagrun for TwitterDag to 2024-09-11T00:00:00+00:00, run_after=2024-09-12T00:00:00+00:00
[2024-09-11 16:24:01,028] {processor.py:161} INFO - Processing /home/kennedy/KR/Programação/00.Estudos/DataEng/Alura/airflow-extracao/airflow_pipeline/dags/twitter_dag.py took 0.180 seconds
[2024-09-11 16:24:32,086] {processor.py:153} INFO - Started process (PID=26272) to work on /home/kennedy/KR/Programação/00.Estudos/DataEng/Alura/airflow-extracao/airflow_pipeline/dags/twitter_dag.py
[2024-09-11 16:24:32,088] {processor.py:641} INFO - Processing file /home/kennedy/KR/Programação/00.Estudos/DataEng/Alura/airflow-extracao/airflow_pipeline/dags/twitter_dag.py for tasks to queue
[2024-09-11 16:24:32,090] {logging_mixin.py:115} INFO - [2024-09-11 16:24:32,089] {dagbag.py:507} INFO - Filling up the DagBag from /home/kennedy/KR/Programação/00.Estudos/DataEng/Alura/airflow-extracao/airflow_pipeline/dags/twitter_dag.py
[2024-09-11 16:24:32,119] {processor.py:651} INFO - DAG(s) dict_keys(['TwitterDag']) retrieved from /home/kennedy/KR/Programação/00.Estudos/DataEng/Alura/airflow-extracao/airflow_pipeline/dags/twitter_dag.py
[2024-09-11 16:24:32,148] {logging_mixin.py:115} INFO - [2024-09-11 16:24:32,148] {dag.py:2379} INFO - Sync 1 DAGs
[2024-09-11 16:24:32,171] {logging_mixin.py:115} INFO - [2024-09-11 16:24:32,171] {dag.py:2927} INFO - Setting next_dagrun for TwitterDag to 2024-09-11T00:00:00+00:00, run_after=2024-09-12T00:00:00+00:00
[2024-09-11 16:24:32,263] {processor.py:161} INFO - Processing /home/kennedy/KR/Programação/00.Estudos/DataEng/Alura/airflow-extracao/airflow_pipeline/dags/twitter_dag.py took 0.186 seconds
[2024-09-11 16:25:02,881] {processor.py:153} INFO - Started process (PID=26284) to work on /home/kennedy/KR/Programação/00.Estudos/DataEng/Alura/airflow-extracao/airflow_pipeline/dags/twitter_dag.py
[2024-09-11 16:25:02,894] {processor.py:641} INFO - Processing file /home/kennedy/KR/Programação/00.Estudos/DataEng/Alura/airflow-extracao/airflow_pipeline/dags/twitter_dag.py for tasks to queue
[2024-09-11 16:25:02,895] {logging_mixin.py:115} INFO - [2024-09-11 16:25:02,895] {dagbag.py:507} INFO - Filling up the DagBag from /home/kennedy/KR/Programação/00.Estudos/DataEng/Alura/airflow-extracao/airflow_pipeline/dags/twitter_dag.py
[2024-09-11 16:25:02,924] {processor.py:651} INFO - DAG(s) dict_keys(['TwitterDag']) retrieved from /home/kennedy/KR/Programação/00.Estudos/DataEng/Alura/airflow-extracao/airflow_pipeline/dags/twitter_dag.py
[2024-09-11 16:25:02,964] {logging_mixin.py:115} INFO - [2024-09-11 16:25:02,964] {dag.py:2379} INFO - Sync 1 DAGs
[2024-09-11 16:25:02,992] {logging_mixin.py:115} INFO - [2024-09-11 16:25:02,991] {dag.py:2927} INFO - Setting next_dagrun for TwitterDag to 2024-09-11T00:00:00+00:00, run_after=2024-09-12T00:00:00+00:00
[2024-09-11 16:25:03,072] {processor.py:161} INFO - Processing /home/kennedy/KR/Programação/00.Estudos/DataEng/Alura/airflow-extracao/airflow_pipeline/dags/twitter_dag.py took 0.199 seconds
[2024-09-11 16:25:33,291] {processor.py:153} INFO - Started process (PID=26299) to work on /home/kennedy/KR/Programação/00.Estudos/DataEng/Alura/airflow-extracao/airflow_pipeline/dags/twitter_dag.py
[2024-09-11 16:25:33,292] {processor.py:641} INFO - Processing file /home/kennedy/KR/Programação/00.Estudos/DataEng/Alura/airflow-extracao/airflow_pipeline/dags/twitter_dag.py for tasks to queue
[2024-09-11 16:25:33,293] {logging_mixin.py:115} INFO - [2024-09-11 16:25:33,292] {dagbag.py:507} INFO - Filling up the DagBag from /home/kennedy/KR/Programação/00.Estudos/DataEng/Alura/airflow-extracao/airflow_pipeline/dags/twitter_dag.py
[2024-09-11 16:25:33,308] {processor.py:651} INFO - DAG(s) dict_keys(['TwitterDag']) retrieved from /home/kennedy/KR/Programação/00.Estudos/DataEng/Alura/airflow-extracao/airflow_pipeline/dags/twitter_dag.py
[2024-09-11 16:25:33,325] {logging_mixin.py:115} INFO - [2024-09-11 16:25:33,325] {dag.py:2379} INFO - Sync 1 DAGs
[2024-09-11 16:25:33,345] {logging_mixin.py:115} INFO - [2024-09-11 16:25:33,345] {dag.py:2927} INFO - Setting next_dagrun for TwitterDag to 2024-09-11T00:00:00+00:00, run_after=2024-09-12T00:00:00+00:00
[2024-09-11 16:25:33,419] {processor.py:161} INFO - Processing /home/kennedy/KR/Programação/00.Estudos/DataEng/Alura/airflow-extracao/airflow_pipeline/dags/twitter_dag.py took 0.136 seconds
[2024-09-11 16:26:04,326] {processor.py:153} INFO - Started process (PID=26311) to work on /home/kennedy/KR/Programação/00.Estudos/DataEng/Alura/airflow-extracao/airflow_pipeline/dags/twitter_dag.py
[2024-09-11 16:26:04,340] {processor.py:641} INFO - Processing file /home/kennedy/KR/Programação/00.Estudos/DataEng/Alura/airflow-extracao/airflow_pipeline/dags/twitter_dag.py for tasks to queue
[2024-09-11 16:26:04,342] {logging_mixin.py:115} INFO - [2024-09-11 16:26:04,341] {dagbag.py:507} INFO - Filling up the DagBag from /home/kennedy/KR/Programação/00.Estudos/DataEng/Alura/airflow-extracao/airflow_pipeline/dags/twitter_dag.py
[2024-09-11 16:26:04,364] {processor.py:651} INFO - DAG(s) dict_keys(['TwitterDag']) retrieved from /home/kennedy/KR/Programação/00.Estudos/DataEng/Alura/airflow-extracao/airflow_pipeline/dags/twitter_dag.py
[2024-09-11 16:26:04,386] {logging_mixin.py:115} INFO - [2024-09-11 16:26:04,386] {dag.py:2379} INFO - Sync 1 DAGs
[2024-09-11 16:26:04,405] {logging_mixin.py:115} INFO - [2024-09-11 16:26:04,405] {dag.py:2927} INFO - Setting next_dagrun for TwitterDag to 2024-09-11T00:00:00+00:00, run_after=2024-09-12T00:00:00+00:00
[2024-09-11 16:26:04,486] {processor.py:161} INFO - Processing /home/kennedy/KR/Programação/00.Estudos/DataEng/Alura/airflow-extracao/airflow_pipeline/dags/twitter_dag.py took 0.168 seconds
[2024-09-11 16:26:34,710] {processor.py:153} INFO - Started process (PID=26323) to work on /home/kennedy/KR/Programação/00.Estudos/DataEng/Alura/airflow-extracao/airflow_pipeline/dags/twitter_dag.py
[2024-09-11 16:26:34,711] {processor.py:641} INFO - Processing file /home/kennedy/KR/Programação/00.Estudos/DataEng/Alura/airflow-extracao/airflow_pipeline/dags/twitter_dag.py for tasks to queue
[2024-09-11 16:26:34,712] {logging_mixin.py:115} INFO - [2024-09-11 16:26:34,712] {dagbag.py:507} INFO - Filling up the DagBag from /home/kennedy/KR/Programação/00.Estudos/DataEng/Alura/airflow-extracao/airflow_pipeline/dags/twitter_dag.py
[2024-09-11 16:26:34,735] {processor.py:651} INFO - DAG(s) dict_keys(['TwitterDag']) retrieved from /home/kennedy/KR/Programação/00.Estudos/DataEng/Alura/airflow-extracao/airflow_pipeline/dags/twitter_dag.py
[2024-09-11 16:26:34,757] {logging_mixin.py:115} INFO - [2024-09-11 16:26:34,757] {dag.py:2379} INFO - Sync 1 DAGs
[2024-09-11 16:26:34,777] {logging_mixin.py:115} INFO - [2024-09-11 16:26:34,777] {dag.py:2927} INFO - Setting next_dagrun for TwitterDag to 2024-09-11T00:00:00+00:00, run_after=2024-09-12T00:00:00+00:00
[2024-09-11 16:26:35,280] {processor.py:161} INFO - Processing /home/kennedy/KR/Programação/00.Estudos/DataEng/Alura/airflow-extracao/airflow_pipeline/dags/twitter_dag.py took 0.577 seconds
[2024-09-11 16:27:05,448] {processor.py:153} INFO - Started process (PID=26363) to work on /home/kennedy/KR/Programação/00.Estudos/DataEng/Alura/airflow-extracao/airflow_pipeline/dags/twitter_dag.py
[2024-09-11 16:27:05,465] {processor.py:641} INFO - Processing file /home/kennedy/KR/Programação/00.Estudos/DataEng/Alura/airflow-extracao/airflow_pipeline/dags/twitter_dag.py for tasks to queue
[2024-09-11 16:27:05,465] {logging_mixin.py:115} INFO - [2024-09-11 16:27:05,465] {dagbag.py:507} INFO - Filling up the DagBag from /home/kennedy/KR/Programação/00.Estudos/DataEng/Alura/airflow-extracao/airflow_pipeline/dags/twitter_dag.py
[2024-09-11 16:27:05,476] {processor.py:651} INFO - DAG(s) dict_keys(['TwitterDag']) retrieved from /home/kennedy/KR/Programação/00.Estudos/DataEng/Alura/airflow-extracao/airflow_pipeline/dags/twitter_dag.py
[2024-09-11 16:27:05,492] {logging_mixin.py:115} INFO - [2024-09-11 16:27:05,492] {dag.py:2379} INFO - Sync 1 DAGs
[2024-09-11 16:27:05,517] {logging_mixin.py:115} INFO - [2024-09-11 16:27:05,517] {dag.py:2927} INFO - Setting next_dagrun for TwitterDag to 2024-09-11T00:00:00+00:00, run_after=2024-09-12T00:00:00+00:00
[2024-09-11 16:27:05,703] {processor.py:161} INFO - Processing /home/kennedy/KR/Programação/00.Estudos/DataEng/Alura/airflow-extracao/airflow_pipeline/dags/twitter_dag.py took 0.258 seconds
[2024-09-11 16:27:37,058] {processor.py:153} INFO - Started process (PID=26382) to work on /home/kennedy/KR/Programação/00.Estudos/DataEng/Alura/airflow-extracao/airflow_pipeline/dags/twitter_dag.py
[2024-09-11 16:27:37,059] {processor.py:641} INFO - Processing file /home/kennedy/KR/Programação/00.Estudos/DataEng/Alura/airflow-extracao/airflow_pipeline/dags/twitter_dag.py for tasks to queue
[2024-09-11 16:27:37,060] {logging_mixin.py:115} INFO - [2024-09-11 16:27:37,060] {dagbag.py:507} INFO - Filling up the DagBag from /home/kennedy/KR/Programação/00.Estudos/DataEng/Alura/airflow-extracao/airflow_pipeline/dags/twitter_dag.py
[2024-09-11 16:27:37,077] {processor.py:651} INFO - DAG(s) dict_keys(['TwitterDag']) retrieved from /home/kennedy/KR/Programação/00.Estudos/DataEng/Alura/airflow-extracao/airflow_pipeline/dags/twitter_dag.py
[2024-09-11 16:27:37,092] {logging_mixin.py:115} INFO - [2024-09-11 16:27:37,092] {dag.py:2379} INFO - Sync 1 DAGs
[2024-09-11 16:27:37,108] {logging_mixin.py:115} INFO - [2024-09-11 16:27:37,108] {dag.py:2927} INFO - Setting next_dagrun for TwitterDag to 2024-09-11T00:00:00+00:00, run_after=2024-09-12T00:00:00+00:00
[2024-09-11 16:27:37,609] {processor.py:161} INFO - Processing /home/kennedy/KR/Programação/00.Estudos/DataEng/Alura/airflow-extracao/airflow_pipeline/dags/twitter_dag.py took 0.560 seconds
[2024-09-11 16:28:08,242] {processor.py:153} INFO - Started process (PID=26401) to work on /home/kennedy/KR/Programação/00.Estudos/DataEng/Alura/airflow-extracao/airflow_pipeline/dags/twitter_dag.py
[2024-09-11 16:28:08,263] {processor.py:641} INFO - Processing file /home/kennedy/KR/Programação/00.Estudos/DataEng/Alura/airflow-extracao/airflow_pipeline/dags/twitter_dag.py for tasks to queue
[2024-09-11 16:28:08,264] {logging_mixin.py:115} INFO - [2024-09-11 16:28:08,264] {dagbag.py:507} INFO - Filling up the DagBag from /home/kennedy/KR/Programação/00.Estudos/DataEng/Alura/airflow-extracao/airflow_pipeline/dags/twitter_dag.py
[2024-09-11 16:28:08,274] {processor.py:651} INFO - DAG(s) dict_keys(['TwitterDag']) retrieved from /home/kennedy/KR/Programação/00.Estudos/DataEng/Alura/airflow-extracao/airflow_pipeline/dags/twitter_dag.py
[2024-09-11 16:28:08,289] {logging_mixin.py:115} INFO - [2024-09-11 16:28:08,289] {dag.py:2379} INFO - Sync 1 DAGs
[2024-09-11 16:28:08,311] {logging_mixin.py:115} INFO - [2024-09-11 16:28:08,310] {dag.py:2927} INFO - Setting next_dagrun for TwitterDag to 2024-09-11T00:00:00+00:00, run_after=2024-09-12T00:00:00+00:00
[2024-09-11 16:28:10,339] {processor.py:161} INFO - Processing /home/kennedy/KR/Programação/00.Estudos/DataEng/Alura/airflow-extracao/airflow_pipeline/dags/twitter_dag.py took 2.100 seconds
[2024-09-11 16:28:40,497] {processor.py:153} INFO - Started process (PID=26470) to work on /home/kennedy/KR/Programação/00.Estudos/DataEng/Alura/airflow-extracao/airflow_pipeline/dags/twitter_dag.py
[2024-09-11 16:28:40,497] {processor.py:641} INFO - Processing file /home/kennedy/KR/Programação/00.Estudos/DataEng/Alura/airflow-extracao/airflow_pipeline/dags/twitter_dag.py for tasks to queue
[2024-09-11 16:28:40,498] {logging_mixin.py:115} INFO - [2024-09-11 16:28:40,498] {dagbag.py:507} INFO - Filling up the DagBag from /home/kennedy/KR/Programação/00.Estudos/DataEng/Alura/airflow-extracao/airflow_pipeline/dags/twitter_dag.py
[2024-09-11 16:28:40,505] {processor.py:651} INFO - DAG(s) dict_keys(['TwitterDag']) retrieved from /home/kennedy/KR/Programação/00.Estudos/DataEng/Alura/airflow-extracao/airflow_pipeline/dags/twitter_dag.py
[2024-09-11 16:28:40,521] {logging_mixin.py:115} INFO - [2024-09-11 16:28:40,521] {dag.py:2379} INFO - Sync 1 DAGs
[2024-09-11 16:28:40,542] {logging_mixin.py:115} INFO - [2024-09-11 16:28:40,542] {dag.py:2927} INFO - Setting next_dagrun for TwitterDag to 2024-09-11T00:00:00+00:00, run_after=2024-09-12T00:00:00+00:00
[2024-09-11 16:28:42,046] {processor.py:161} INFO - Processing /home/kennedy/KR/Programação/00.Estudos/DataEng/Alura/airflow-extracao/airflow_pipeline/dags/twitter_dag.py took 1.552 seconds
[2024-09-11 16:29:12,899] {processor.py:153} INFO - Started process (PID=26478) to work on /home/kennedy/KR/Programação/00.Estudos/DataEng/Alura/airflow-extracao/airflow_pipeline/dags/twitter_dag.py
[2024-09-11 16:29:12,969] {processor.py:641} INFO - Processing file /home/kennedy/KR/Programação/00.Estudos/DataEng/Alura/airflow-extracao/airflow_pipeline/dags/twitter_dag.py for tasks to queue
[2024-09-11 16:29:12,969] {logging_mixin.py:115} INFO - [2024-09-11 16:29:12,969] {dagbag.py:507} INFO - Filling up the DagBag from /home/kennedy/KR/Programação/00.Estudos/DataEng/Alura/airflow-extracao/airflow_pipeline/dags/twitter_dag.py
[2024-09-11 16:29:12,976] {processor.py:651} INFO - DAG(s) dict_keys(['TwitterDag']) retrieved from /home/kennedy/KR/Programação/00.Estudos/DataEng/Alura/airflow-extracao/airflow_pipeline/dags/twitter_dag.py
[2024-09-11 16:29:12,989] {logging_mixin.py:115} INFO - [2024-09-11 16:29:12,989] {dag.py:2379} INFO - Sync 1 DAGs
[2024-09-11 16:29:13,005] {logging_mixin.py:115} INFO - [2024-09-11 16:29:13,004] {dag.py:2927} INFO - Setting next_dagrun for TwitterDag to 2024-09-11T00:00:00+00:00, run_after=2024-09-12T00:00:00+00:00
[2024-09-11 16:29:15,504] {processor.py:161} INFO - Processing /home/kennedy/KR/Programação/00.Estudos/DataEng/Alura/airflow-extracao/airflow_pipeline/dags/twitter_dag.py took 2.612 seconds
[2024-09-11 16:29:46,042] {processor.py:153} INFO - Started process (PID=26480) to work on /home/kennedy/KR/Programação/00.Estudos/DataEng/Alura/airflow-extracao/airflow_pipeline/dags/twitter_dag.py
[2024-09-11 16:29:46,042] {processor.py:641} INFO - Processing file /home/kennedy/KR/Programação/00.Estudos/DataEng/Alura/airflow-extracao/airflow_pipeline/dags/twitter_dag.py for tasks to queue
[2024-09-11 16:29:46,043] {logging_mixin.py:115} INFO - [2024-09-11 16:29:46,042] {dagbag.py:507} INFO - Filling up the DagBag from /home/kennedy/KR/Programação/00.Estudos/DataEng/Alura/airflow-extracao/airflow_pipeline/dags/twitter_dag.py
[2024-09-11 16:29:46,050] {processor.py:651} INFO - DAG(s) dict_keys(['TwitterDag']) retrieved from /home/kennedy/KR/Programação/00.Estudos/DataEng/Alura/airflow-extracao/airflow_pipeline/dags/twitter_dag.py
[2024-09-11 16:29:46,063] {logging_mixin.py:115} INFO - [2024-09-11 16:29:46,063] {dag.py:2379} INFO - Sync 1 DAGs
[2024-09-11 16:29:46,078] {logging_mixin.py:115} INFO - [2024-09-11 16:29:46,078] {dag.py:2927} INFO - Setting next_dagrun for TwitterDag to 2024-09-11T00:00:00+00:00, run_after=2024-09-12T00:00:00+00:00
[2024-09-11 16:29:47,540] {processor.py:161} INFO - Processing /home/kennedy/KR/Programação/00.Estudos/DataEng/Alura/airflow-extracao/airflow_pipeline/dags/twitter_dag.py took 1.501 seconds
[2024-09-11 16:30:17,706] {processor.py:153} INFO - Started process (PID=26488) to work on /home/kennedy/KR/Programação/00.Estudos/DataEng/Alura/airflow-extracao/airflow_pipeline/dags/twitter_dag.py
[2024-09-11 16:30:17,707] {processor.py:641} INFO - Processing file /home/kennedy/KR/Programação/00.Estudos/DataEng/Alura/airflow-extracao/airflow_pipeline/dags/twitter_dag.py for tasks to queue
[2024-09-11 16:30:17,708] {logging_mixin.py:115} INFO - [2024-09-11 16:30:17,708] {dagbag.py:507} INFO - Filling up the DagBag from /home/kennedy/KR/Programação/00.Estudos/DataEng/Alura/airflow-extracao/airflow_pipeline/dags/twitter_dag.py
[2024-09-11 16:30:17,722] {processor.py:651} INFO - DAG(s) dict_keys(['TwitterDag']) retrieved from /home/kennedy/KR/Programação/00.Estudos/DataEng/Alura/airflow-extracao/airflow_pipeline/dags/twitter_dag.py
[2024-09-11 16:30:17,738] {logging_mixin.py:115} INFO - [2024-09-11 16:30:17,738] {dag.py:2379} INFO - Sync 1 DAGs
[2024-09-11 16:30:17,753] {logging_mixin.py:115} INFO - [2024-09-11 16:30:17,753] {dag.py:2927} INFO - Setting next_dagrun for TwitterDag to 2024-09-11T00:00:00+00:00, run_after=2024-09-12T00:00:00+00:00
[2024-09-11 16:30:19,164] {processor.py:161} INFO - Processing /home/kennedy/KR/Programação/00.Estudos/DataEng/Alura/airflow-extracao/airflow_pipeline/dags/twitter_dag.py took 1.463 seconds
[2024-09-11 16:30:49,319] {processor.py:153} INFO - Started process (PID=26522) to work on /home/kennedy/KR/Programação/00.Estudos/DataEng/Alura/airflow-extracao/airflow_pipeline/dags/twitter_dag.py
[2024-09-11 16:30:49,355] {processor.py:641} INFO - Processing file /home/kennedy/KR/Programação/00.Estudos/DataEng/Alura/airflow-extracao/airflow_pipeline/dags/twitter_dag.py for tasks to queue
[2024-09-11 16:30:49,356] {logging_mixin.py:115} INFO - [2024-09-11 16:30:49,356] {dagbag.py:507} INFO - Filling up the DagBag from /home/kennedy/KR/Programação/00.Estudos/DataEng/Alura/airflow-extracao/airflow_pipeline/dags/twitter_dag.py
[2024-09-11 16:30:49,366] {processor.py:651} INFO - DAG(s) dict_keys(['TwitterDag']) retrieved from /home/kennedy/KR/Programação/00.Estudos/DataEng/Alura/airflow-extracao/airflow_pipeline/dags/twitter_dag.py
[2024-09-11 16:30:49,379] {logging_mixin.py:115} INFO - [2024-09-11 16:30:49,379] {dag.py:2379} INFO - Sync 1 DAGs
[2024-09-11 16:30:49,399] {logging_mixin.py:115} INFO - [2024-09-11 16:30:49,399] {dag.py:2927} INFO - Setting next_dagrun for TwitterDag to 2024-09-11T00:00:00+00:00, run_after=2024-09-12T00:00:00+00:00
[2024-09-11 16:30:49,525] {processor.py:161} INFO - Processing /home/kennedy/KR/Programação/00.Estudos/DataEng/Alura/airflow-extracao/airflow_pipeline/dags/twitter_dag.py took 0.213 seconds
[2024-09-11 16:31:19,721] {processor.py:153} INFO - Started process (PID=26527) to work on /home/kennedy/KR/Programação/00.Estudos/DataEng/Alura/airflow-extracao/airflow_pipeline/dags/twitter_dag.py
[2024-09-11 16:31:19,722] {processor.py:641} INFO - Processing file /home/kennedy/KR/Programação/00.Estudos/DataEng/Alura/airflow-extracao/airflow_pipeline/dags/twitter_dag.py for tasks to queue
[2024-09-11 16:31:19,723] {logging_mixin.py:115} INFO - [2024-09-11 16:31:19,723] {dagbag.py:507} INFO - Filling up the DagBag from /home/kennedy/KR/Programação/00.Estudos/DataEng/Alura/airflow-extracao/airflow_pipeline/dags/twitter_dag.py
[2024-09-11 16:31:19,743] {processor.py:651} INFO - DAG(s) dict_keys(['TwitterDag']) retrieved from /home/kennedy/KR/Programação/00.Estudos/DataEng/Alura/airflow-extracao/airflow_pipeline/dags/twitter_dag.py
[2024-09-11 16:31:19,759] {logging_mixin.py:115} INFO - [2024-09-11 16:31:19,759] {dag.py:2379} INFO - Sync 1 DAGs
[2024-09-11 16:31:19,776] {logging_mixin.py:115} INFO - [2024-09-11 16:31:19,776] {dag.py:2927} INFO - Setting next_dagrun for TwitterDag to 2024-09-11T00:00:00+00:00, run_after=2024-09-12T00:00:00+00:00
[2024-09-11 16:31:20,461] {processor.py:161} INFO - Processing /home/kennedy/KR/Programação/00.Estudos/DataEng/Alura/airflow-extracao/airflow_pipeline/dags/twitter_dag.py took 0.747 seconds
[2024-09-11 16:31:50,620] {processor.py:153} INFO - Started process (PID=26536) to work on /home/kennedy/KR/Programação/00.Estudos/DataEng/Alura/airflow-extracao/airflow_pipeline/dags/twitter_dag.py
[2024-09-11 16:31:50,722] {processor.py:641} INFO - Processing file /home/kennedy/KR/Programação/00.Estudos/DataEng/Alura/airflow-extracao/airflow_pipeline/dags/twitter_dag.py for tasks to queue
[2024-09-11 16:31:50,723] {logging_mixin.py:115} INFO - [2024-09-11 16:31:50,723] {dagbag.py:507} INFO - Filling up the DagBag from /home/kennedy/KR/Programação/00.Estudos/DataEng/Alura/airflow-extracao/airflow_pipeline/dags/twitter_dag.py
[2024-09-11 16:31:50,745] {processor.py:651} INFO - DAG(s) dict_keys(['TwitterDag']) retrieved from /home/kennedy/KR/Programação/00.Estudos/DataEng/Alura/airflow-extracao/airflow_pipeline/dags/twitter_dag.py
[2024-09-11 16:31:50,769] {logging_mixin.py:115} INFO - [2024-09-11 16:31:50,769] {dag.py:2379} INFO - Sync 1 DAGs
[2024-09-11 16:31:50,787] {logging_mixin.py:115} INFO - [2024-09-11 16:31:50,786] {dag.py:2927} INFO - Setting next_dagrun for TwitterDag to 2024-09-11T00:00:00+00:00, run_after=2024-09-12T00:00:00+00:00
[2024-09-11 16:31:52,100] {processor.py:161} INFO - Processing /home/kennedy/KR/Programação/00.Estudos/DataEng/Alura/airflow-extracao/airflow_pipeline/dags/twitter_dag.py took 1.482 seconds
[2024-09-11 16:32:22,273] {processor.py:153} INFO - Started process (PID=26586) to work on /home/kennedy/KR/Programação/00.Estudos/DataEng/Alura/airflow-extracao/airflow_pipeline/dags/twitter_dag.py
[2024-09-11 16:32:22,274] {processor.py:641} INFO - Processing file /home/kennedy/KR/Programação/00.Estudos/DataEng/Alura/airflow-extracao/airflow_pipeline/dags/twitter_dag.py for tasks to queue
[2024-09-11 16:32:22,275] {logging_mixin.py:115} INFO - [2024-09-11 16:32:22,275] {dagbag.py:507} INFO - Filling up the DagBag from /home/kennedy/KR/Programação/00.Estudos/DataEng/Alura/airflow-extracao/airflow_pipeline/dags/twitter_dag.py
[2024-09-11 16:32:22,292] {processor.py:651} INFO - DAG(s) dict_keys(['TwitterDag']) retrieved from /home/kennedy/KR/Programação/00.Estudos/DataEng/Alura/airflow-extracao/airflow_pipeline/dags/twitter_dag.py
[2024-09-11 16:32:22,307] {logging_mixin.py:115} INFO - [2024-09-11 16:32:22,307] {dag.py:2379} INFO - Sync 1 DAGs
[2024-09-11 16:32:22,323] {logging_mixin.py:115} INFO - [2024-09-11 16:32:22,323] {dag.py:2927} INFO - Setting next_dagrun for TwitterDag to 2024-09-11T00:00:00+00:00, run_after=2024-09-12T00:00:00+00:00
[2024-09-11 16:32:23,735] {processor.py:161} INFO - Processing /home/kennedy/KR/Programação/00.Estudos/DataEng/Alura/airflow-extracao/airflow_pipeline/dags/twitter_dag.py took 1.470 seconds
[2024-09-11 16:32:53,884] {processor.py:153} INFO - Started process (PID=26601) to work on /home/kennedy/KR/Programação/00.Estudos/DataEng/Alura/airflow-extracao/airflow_pipeline/dags/twitter_dag.py
[2024-09-11 16:32:54,225] {processor.py:641} INFO - Processing file /home/kennedy/KR/Programação/00.Estudos/DataEng/Alura/airflow-extracao/airflow_pipeline/dags/twitter_dag.py for tasks to queue
[2024-09-11 16:32:54,226] {logging_mixin.py:115} INFO - [2024-09-11 16:32:54,226] {dagbag.py:507} INFO - Filling up the DagBag from /home/kennedy/KR/Programação/00.Estudos/DataEng/Alura/airflow-extracao/airflow_pipeline/dags/twitter_dag.py
[2024-09-11 16:32:54,248] {processor.py:651} INFO - DAG(s) dict_keys(['TwitterDag']) retrieved from /home/kennedy/KR/Programação/00.Estudos/DataEng/Alura/airflow-extracao/airflow_pipeline/dags/twitter_dag.py
[2024-09-11 16:32:54,271] {logging_mixin.py:115} INFO - [2024-09-11 16:32:54,271] {dag.py:2379} INFO - Sync 1 DAGs
[2024-09-11 16:32:54,289] {logging_mixin.py:115} INFO - [2024-09-11 16:32:54,289] {dag.py:2927} INFO - Setting next_dagrun for TwitterDag to 2024-09-11T00:00:00+00:00, run_after=2024-09-12T00:00:00+00:00
[2024-09-11 16:32:55,545] {processor.py:161} INFO - Processing /home/kennedy/KR/Programação/00.Estudos/DataEng/Alura/airflow-extracao/airflow_pipeline/dags/twitter_dag.py took 1.668 seconds
[2024-09-11 16:33:25,614] {processor.py:153} INFO - Started process (PID=26628) to work on /home/kennedy/KR/Programação/00.Estudos/DataEng/Alura/airflow-extracao/airflow_pipeline/dags/twitter_dag.py
[2024-09-11 16:33:25,819] {processor.py:641} INFO - Processing file /home/kennedy/KR/Programação/00.Estudos/DataEng/Alura/airflow-extracao/airflow_pipeline/dags/twitter_dag.py for tasks to queue
[2024-09-11 16:33:25,821] {logging_mixin.py:115} INFO - [2024-09-11 16:33:25,821] {dagbag.py:507} INFO - Filling up the DagBag from /home/kennedy/KR/Programação/00.Estudos/DataEng/Alura/airflow-extracao/airflow_pipeline/dags/twitter_dag.py
[2024-09-11 16:33:25,842] {processor.py:651} INFO - DAG(s) dict_keys(['TwitterDag']) retrieved from /home/kennedy/KR/Programação/00.Estudos/DataEng/Alura/airflow-extracao/airflow_pipeline/dags/twitter_dag.py
[2024-09-11 16:33:25,861] {logging_mixin.py:115} INFO - [2024-09-11 16:33:25,861] {dag.py:2379} INFO - Sync 1 DAGs
[2024-09-11 16:33:25,879] {logging_mixin.py:115} INFO - [2024-09-11 16:33:25,879] {dag.py:2927} INFO - Setting next_dagrun for TwitterDag to 2024-09-11T00:00:00+00:00, run_after=2024-09-12T00:00:00+00:00
[2024-09-11 16:33:27,532] {processor.py:161} INFO - Processing /home/kennedy/KR/Programação/00.Estudos/DataEng/Alura/airflow-extracao/airflow_pipeline/dags/twitter_dag.py took 1.924 seconds
[2024-09-11 16:33:58,208] {processor.py:153} INFO - Started process (PID=26708) to work on /home/kennedy/KR/Programação/00.Estudos/DataEng/Alura/airflow-extracao/airflow_pipeline/dags/twitter_dag.py
[2024-09-11 16:33:58,209] {processor.py:641} INFO - Processing file /home/kennedy/KR/Programação/00.Estudos/DataEng/Alura/airflow-extracao/airflow_pipeline/dags/twitter_dag.py for tasks to queue
[2024-09-11 16:33:58,210] {logging_mixin.py:115} INFO - [2024-09-11 16:33:58,210] {dagbag.py:507} INFO - Filling up the DagBag from /home/kennedy/KR/Programação/00.Estudos/DataEng/Alura/airflow-extracao/airflow_pipeline/dags/twitter_dag.py
[2024-09-11 16:33:58,220] {processor.py:651} INFO - DAG(s) dict_keys(['TwitterDag']) retrieved from /home/kennedy/KR/Programação/00.Estudos/DataEng/Alura/airflow-extracao/airflow_pipeline/dags/twitter_dag.py
[2024-09-11 16:33:58,237] {logging_mixin.py:115} INFO - [2024-09-11 16:33:58,237] {dag.py:2379} INFO - Sync 1 DAGs
[2024-09-11 16:33:58,258] {logging_mixin.py:115} INFO - [2024-09-11 16:33:58,257] {dag.py:2927} INFO - Setting next_dagrun for TwitterDag to 2024-09-11T00:00:00+00:00, run_after=2024-09-12T00:00:00+00:00
[2024-09-11 16:33:59,700] {processor.py:161} INFO - Processing /home/kennedy/KR/Programação/00.Estudos/DataEng/Alura/airflow-extracao/airflow_pipeline/dags/twitter_dag.py took 1.498 seconds
[2024-09-11 16:34:30,359] {processor.py:153} INFO - Started process (PID=26712) to work on /home/kennedy/KR/Programação/00.Estudos/DataEng/Alura/airflow-extracao/airflow_pipeline/dags/twitter_dag.py
[2024-09-11 16:34:30,382] {processor.py:641} INFO - Processing file /home/kennedy/KR/Programação/00.Estudos/DataEng/Alura/airflow-extracao/airflow_pipeline/dags/twitter_dag.py for tasks to queue
[2024-09-11 16:34:30,384] {logging_mixin.py:115} INFO - [2024-09-11 16:34:30,383] {dagbag.py:507} INFO - Filling up the DagBag from /home/kennedy/KR/Programação/00.Estudos/DataEng/Alura/airflow-extracao/airflow_pipeline/dags/twitter_dag.py
[2024-09-11 16:34:30,403] {processor.py:651} INFO - DAG(s) dict_keys(['TwitterDag']) retrieved from /home/kennedy/KR/Programação/00.Estudos/DataEng/Alura/airflow-extracao/airflow_pipeline/dags/twitter_dag.py
[2024-09-11 16:34:30,421] {logging_mixin.py:115} INFO - [2024-09-11 16:34:30,421] {dag.py:2379} INFO - Sync 1 DAGs
[2024-09-11 16:34:30,436] {logging_mixin.py:115} INFO - [2024-09-11 16:34:30,436] {dag.py:2927} INFO - Setting next_dagrun for TwitterDag to 2024-09-11T00:00:00+00:00, run_after=2024-09-12T00:00:00+00:00
[2024-09-11 16:34:30,507] {processor.py:161} INFO - Processing /home/kennedy/KR/Programação/00.Estudos/DataEng/Alura/airflow-extracao/airflow_pipeline/dags/twitter_dag.py took 0.155 seconds
[2024-09-11 16:35:01,004] {processor.py:153} INFO - Started process (PID=26837) to work on /home/kennedy/KR/Programação/00.Estudos/DataEng/Alura/airflow-extracao/airflow_pipeline/dags/twitter_dag.py
[2024-09-11 16:35:01,004] {processor.py:641} INFO - Processing file /home/kennedy/KR/Programação/00.Estudos/DataEng/Alura/airflow-extracao/airflow_pipeline/dags/twitter_dag.py for tasks to queue
[2024-09-11 16:35:01,004] {logging_mixin.py:115} INFO - [2024-09-11 16:35:01,004] {dagbag.py:507} INFO - Filling up the DagBag from /home/kennedy/KR/Programação/00.Estudos/DataEng/Alura/airflow-extracao/airflow_pipeline/dags/twitter_dag.py
[2024-09-11 16:35:01,011] {processor.py:651} INFO - DAG(s) dict_keys(['TwitterDag']) retrieved from /home/kennedy/KR/Programação/00.Estudos/DataEng/Alura/airflow-extracao/airflow_pipeline/dags/twitter_dag.py
[2024-09-11 16:35:01,023] {logging_mixin.py:115} INFO - [2024-09-11 16:35:01,023] {dag.py:2379} INFO - Sync 1 DAGs
[2024-09-11 16:35:01,041] {logging_mixin.py:115} INFO - [2024-09-11 16:35:01,041] {dag.py:2927} INFO - Setting next_dagrun for TwitterDag to 2024-09-11T00:00:00+00:00, run_after=2024-09-12T00:00:00+00:00
[2024-09-11 16:35:01,881] {processor.py:161} INFO - Processing /home/kennedy/KR/Programação/00.Estudos/DataEng/Alura/airflow-extracao/airflow_pipeline/dags/twitter_dag.py took 0.880 seconds
[2024-09-11 16:35:32,025] {processor.py:153} INFO - Started process (PID=26898) to work on /home/kennedy/KR/Programação/00.Estudos/DataEng/Alura/airflow-extracao/airflow_pipeline/dags/twitter_dag.py
[2024-09-11 16:35:32,203] {processor.py:641} INFO - Processing file /home/kennedy/KR/Programação/00.Estudos/DataEng/Alura/airflow-extracao/airflow_pipeline/dags/twitter_dag.py for tasks to queue
[2024-09-11 16:35:32,205] {logging_mixin.py:115} INFO - [2024-09-11 16:35:32,205] {dagbag.py:507} INFO - Filling up the DagBag from /home/kennedy/KR/Programação/00.Estudos/DataEng/Alura/airflow-extracao/airflow_pipeline/dags/twitter_dag.py
[2024-09-11 16:35:32,226] {processor.py:651} INFO - DAG(s) dict_keys(['TwitterDag']) retrieved from /home/kennedy/KR/Programação/00.Estudos/DataEng/Alura/airflow-extracao/airflow_pipeline/dags/twitter_dag.py
[2024-09-11 16:35:32,247] {logging_mixin.py:115} INFO - [2024-09-11 16:35:32,247] {dag.py:2379} INFO - Sync 1 DAGs
[2024-09-11 16:35:32,269] {logging_mixin.py:115} INFO - [2024-09-11 16:35:32,269] {dag.py:2927} INFO - Setting next_dagrun for TwitterDag to 2024-09-11T00:00:00+00:00, run_after=2024-09-12T00:00:00+00:00
[2024-09-11 16:35:32,544] {processor.py:161} INFO - Processing /home/kennedy/KR/Programação/00.Estudos/DataEng/Alura/airflow-extracao/airflow_pipeline/dags/twitter_dag.py took 0.526 seconds
[2024-09-11 16:36:02,700] {processor.py:153} INFO - Started process (PID=26915) to work on /home/kennedy/KR/Programação/00.Estudos/DataEng/Alura/airflow-extracao/airflow_pipeline/dags/twitter_dag.py
[2024-09-11 16:36:02,701] {processor.py:641} INFO - Processing file /home/kennedy/KR/Programação/00.Estudos/DataEng/Alura/airflow-extracao/airflow_pipeline/dags/twitter_dag.py for tasks to queue
[2024-09-11 16:36:02,702] {logging_mixin.py:115} INFO - [2024-09-11 16:36:02,702] {dagbag.py:507} INFO - Filling up the DagBag from /home/kennedy/KR/Programação/00.Estudos/DataEng/Alura/airflow-extracao/airflow_pipeline/dags/twitter_dag.py
[2024-09-11 16:36:02,709] {processor.py:651} INFO - DAG(s) dict_keys(['TwitterDag']) retrieved from /home/kennedy/KR/Programação/00.Estudos/DataEng/Alura/airflow-extracao/airflow_pipeline/dags/twitter_dag.py
[2024-09-11 16:36:02,726] {logging_mixin.py:115} INFO - [2024-09-11 16:36:02,726] {dag.py:2379} INFO - Sync 1 DAGs
[2024-09-11 16:36:02,754] {logging_mixin.py:115} INFO - [2024-09-11 16:36:02,754] {dag.py:2927} INFO - Setting next_dagrun for TwitterDag to 2024-09-11T00:00:00+00:00, run_after=2024-09-12T00:00:00+00:00
[2024-09-11 16:36:02,870] {processor.py:161} INFO - Processing /home/kennedy/KR/Programação/00.Estudos/DataEng/Alura/airflow-extracao/airflow_pipeline/dags/twitter_dag.py took 0.175 seconds
[2024-09-11 16:36:32,996] {processor.py:153} INFO - Started process (PID=26957) to work on /home/kennedy/KR/Programação/00.Estudos/DataEng/Alura/airflow-extracao/airflow_pipeline/dags/twitter_dag.py
[2024-09-11 16:36:33,001] {processor.py:641} INFO - Processing file /home/kennedy/KR/Programação/00.Estudos/DataEng/Alura/airflow-extracao/airflow_pipeline/dags/twitter_dag.py for tasks to queue
[2024-09-11 16:36:33,002] {logging_mixin.py:115} INFO - [2024-09-11 16:36:33,002] {dagbag.py:507} INFO - Filling up the DagBag from /home/kennedy/KR/Programação/00.Estudos/DataEng/Alura/airflow-extracao/airflow_pipeline/dags/twitter_dag.py
[2024-09-11 16:36:33,022] {processor.py:651} INFO - DAG(s) dict_keys(['TwitterDag']) retrieved from /home/kennedy/KR/Programação/00.Estudos/DataEng/Alura/airflow-extracao/airflow_pipeline/dags/twitter_dag.py
[2024-09-11 16:36:33,059] {logging_mixin.py:115} INFO - [2024-09-11 16:36:33,058] {dag.py:2379} INFO - Sync 1 DAGs
[2024-09-11 16:36:33,116] {logging_mixin.py:115} INFO - [2024-09-11 16:36:33,116] {dag.py:2927} INFO - Setting next_dagrun for TwitterDag to 2024-09-11T00:00:00+00:00, run_after=2024-09-12T00:00:00+00:00
[2024-09-11 16:36:33,433] {processor.py:161} INFO - Processing /home/kennedy/KR/Programação/00.Estudos/DataEng/Alura/airflow-extracao/airflow_pipeline/dags/twitter_dag.py took 0.442 seconds
