[2024-10-09 10:45:14,250] {taskinstance.py:1159} INFO - Dependencies all met for <TaskInstance: get_crypto_dag.AVAX scheduled__2024-10-04T00:00:00+00:00 [queued]>
[2024-10-09 10:45:14,280] {taskinstance.py:1159} INFO - Dependencies all met for <TaskInstance: get_crypto_dag.AVAX scheduled__2024-10-04T00:00:00+00:00 [queued]>
[2024-10-09 10:45:14,280] {taskinstance.py:1356} INFO - 
--------------------------------------------------------------------------------
[2024-10-09 10:45:14,280] {taskinstance.py:1357} INFO - Starting attempt 1 of 1
[2024-10-09 10:45:14,281] {taskinstance.py:1358} INFO - 
--------------------------------------------------------------------------------
[2024-10-09 10:45:15,259] {taskinstance.py:1377} INFO - Executing <Task(_PythonDecoratedOperator): AVAX> on 2024-10-04 00:00:00+00:00
[2024-10-09 10:45:15,274] {standard_task_runner.py:52} INFO - Started process 74471 to run task
[2024-10-09 10:45:15,282] {standard_task_runner.py:79} INFO - Running: ['airflow', 'tasks', 'run', 'get_crypto_dag', 'AVAX', 'scheduled__2024-10-04T00:00:00+00:00', '--job-id', '475', '--raw', '--subdir', 'DAGS_FOLDER/get_crypto.py', '--cfg-path', '/tmp/tmp2vrf780l', '--error-file', '/tmp/tmpiinh_c0v']
[2024-10-09 10:45:15,284] {standard_task_runner.py:80} INFO - Job 475: Subtask AVAX
[2024-10-09 10:45:15,721] {task_command.py:370} INFO - Running <TaskInstance: get_crypto_dag.AVAX scheduled__2024-10-04T00:00:00+00:00 [running]> on host ken
[2024-10-09 10:45:15,975] {taskinstance.py:1569} INFO - Exporting the following env vars:
AIRFLOW_CTX_DAG_OWNER=airflow
AIRFLOW_CTX_DAG_ID=get_crypto_dag
AIRFLOW_CTX_TASK_ID=AVAX
AIRFLOW_CTX_EXECUTION_DATE=2024-10-04T00:00:00+00:00
AIRFLOW_CTX_TRY_NUMBER=1
AIRFLOW_CTX_DAG_RUN_ID=scheduled__2024-10-04T00:00:00+00:00
[2024-10-09 10:45:19,739] {history.py:122} ERROR - $AVAX: possibly delisted; no timezone found
[2024-10-09 10:45:29,753] {python.py:173} INFO - Done. Returned value was: None
[2024-10-09 10:45:29,820] {taskinstance.py:1395} INFO - Marking task as SUCCESS. dag_id=get_crypto_dag, task_id=AVAX, execution_date=20241004T000000, start_date=20241009T134514, end_date=20241009T134529
[2024-10-09 10:45:30,060] {local_task_job.py:156} INFO - Task exited with return code 0
[2024-10-09 10:45:30,525] {local_task_job.py:273} INFO - 0 downstream tasks scheduled from follow-on schedule check
