[2024-10-04 23:31:57,285] {processor.py:153} INFO - Started process (PID=96125) to work on /home/kennedy/.local/lib/python3.10/site-packages/airflow/example_dags/subdags/subdag.py
[2024-10-04 23:31:57,286] {processor.py:641} INFO - Processing file /home/kennedy/.local/lib/python3.10/site-packages/airflow/example_dags/subdags/subdag.py for tasks to queue
[2024-10-04 23:31:57,287] {logging_mixin.py:115} INFO - [2024-10-04 23:31:57,287] {dagbag.py:507} INFO - Filling up the DagBag from /home/kennedy/.local/lib/python3.10/site-packages/airflow/example_dags/subdags/subdag.py
[2024-10-04 23:31:57,290] {processor.py:653} WARNING - No viable dags retrieved from /home/kennedy/.local/lib/python3.10/site-packages/airflow/example_dags/subdags/subdag.py
[2024-10-04 23:31:57,311] {processor.py:161} INFO - Processing /home/kennedy/.local/lib/python3.10/site-packages/airflow/example_dags/subdags/subdag.py took 0.033 seconds
[2024-10-04 23:33:55,441] {processor.py:153} INFO - Started process (PID=97054) to work on /home/kennedy/.local/lib/python3.10/site-packages/airflow/example_dags/subdags/subdag.py
[2024-10-04 23:33:55,450] {processor.py:641} INFO - Processing file /home/kennedy/.local/lib/python3.10/site-packages/airflow/example_dags/subdags/subdag.py for tasks to queue
[2024-10-04 23:33:55,451] {logging_mixin.py:115} INFO - [2024-10-04 23:33:55,451] {dagbag.py:507} INFO - Filling up the DagBag from /home/kennedy/.local/lib/python3.10/site-packages/airflow/example_dags/subdags/subdag.py
[2024-10-04 23:33:55,454] {processor.py:653} WARNING - No viable dags retrieved from /home/kennedy/.local/lib/python3.10/site-packages/airflow/example_dags/subdags/subdag.py
[2024-10-04 23:33:55,477] {processor.py:161} INFO - Processing /home/kennedy/.local/lib/python3.10/site-packages/airflow/example_dags/subdags/subdag.py took 0.044 seconds
[2024-10-04 23:34:27,786] {processor.py:153} INFO - Started process (PID=97085) to work on /home/kennedy/.local/lib/python3.10/site-packages/airflow/example_dags/subdags/subdag.py
[2024-10-04 23:34:27,806] {processor.py:641} INFO - Processing file /home/kennedy/.local/lib/python3.10/site-packages/airflow/example_dags/subdags/subdag.py for tasks to queue
[2024-10-04 23:34:27,807] {logging_mixin.py:115} INFO - [2024-10-04 23:34:27,807] {dagbag.py:507} INFO - Filling up the DagBag from /home/kennedy/.local/lib/python3.10/site-packages/airflow/example_dags/subdags/subdag.py
[2024-10-04 23:34:27,810] {processor.py:653} WARNING - No viable dags retrieved from /home/kennedy/.local/lib/python3.10/site-packages/airflow/example_dags/subdags/subdag.py
[2024-10-04 23:34:27,834] {processor.py:161} INFO - Processing /home/kennedy/.local/lib/python3.10/site-packages/airflow/example_dags/subdags/subdag.py took 0.055 seconds
[2024-10-04 23:35:09,656] {processor.py:153} INFO - Started process (PID=97116) to work on /home/kennedy/.local/lib/python3.10/site-packages/airflow/example_dags/subdags/subdag.py
[2024-10-04 23:35:09,760] {processor.py:641} INFO - Processing file /home/kennedy/.local/lib/python3.10/site-packages/airflow/example_dags/subdags/subdag.py for tasks to queue
[2024-10-04 23:35:09,761] {logging_mixin.py:115} INFO - [2024-10-04 23:35:09,761] {dagbag.py:507} INFO - Filling up the DagBag from /home/kennedy/.local/lib/python3.10/site-packages/airflow/example_dags/subdags/subdag.py
[2024-10-04 23:35:09,764] {processor.py:653} WARNING - No viable dags retrieved from /home/kennedy/.local/lib/python3.10/site-packages/airflow/example_dags/subdags/subdag.py
[2024-10-04 23:35:09,787] {processor.py:161} INFO - Processing /home/kennedy/.local/lib/python3.10/site-packages/airflow/example_dags/subdags/subdag.py took 0.139 seconds
[2024-10-04 23:36:19,589] {processor.py:153} INFO - Started process (PID=98193) to work on /home/kennedy/.local/lib/python3.10/site-packages/airflow/example_dags/subdags/subdag.py
[2024-10-04 23:36:19,603] {processor.py:641} INFO - Processing file /home/kennedy/.local/lib/python3.10/site-packages/airflow/example_dags/subdags/subdag.py for tasks to queue
[2024-10-04 23:36:19,604] {logging_mixin.py:115} INFO - [2024-10-04 23:36:19,604] {dagbag.py:507} INFO - Filling up the DagBag from /home/kennedy/.local/lib/python3.10/site-packages/airflow/example_dags/subdags/subdag.py
[2024-10-04 23:36:19,608] {processor.py:653} WARNING - No viable dags retrieved from /home/kennedy/.local/lib/python3.10/site-packages/airflow/example_dags/subdags/subdag.py
[2024-10-04 23:36:19,631] {processor.py:161} INFO - Processing /home/kennedy/.local/lib/python3.10/site-packages/airflow/example_dags/subdags/subdag.py took 0.048 seconds
[2024-10-04 23:37:21,928] {processor.py:153} INFO - Started process (PID=98326) to work on /home/kennedy/.local/lib/python3.10/site-packages/airflow/example_dags/subdags/subdag.py
[2024-10-04 23:37:21,941] {processor.py:641} INFO - Processing file /home/kennedy/.local/lib/python3.10/site-packages/airflow/example_dags/subdags/subdag.py for tasks to queue
[2024-10-04 23:37:21,942] {logging_mixin.py:115} INFO - [2024-10-04 23:37:21,942] {dagbag.py:507} INFO - Filling up the DagBag from /home/kennedy/.local/lib/python3.10/site-packages/airflow/example_dags/subdags/subdag.py
[2024-10-04 23:37:21,946] {processor.py:653} WARNING - No viable dags retrieved from /home/kennedy/.local/lib/python3.10/site-packages/airflow/example_dags/subdags/subdag.py
[2024-10-04 23:37:21,968] {processor.py:161} INFO - Processing /home/kennedy/.local/lib/python3.10/site-packages/airflow/example_dags/subdags/subdag.py took 0.047 seconds
[2024-10-04 23:38:13,736] {processor.py:153} INFO - Started process (PID=98421) to work on /home/kennedy/.local/lib/python3.10/site-packages/airflow/example_dags/subdags/subdag.py
[2024-10-04 23:38:13,748] {processor.py:641} INFO - Processing file /home/kennedy/.local/lib/python3.10/site-packages/airflow/example_dags/subdags/subdag.py for tasks to queue
[2024-10-04 23:38:13,748] {logging_mixin.py:115} INFO - [2024-10-04 23:38:13,748] {dagbag.py:507} INFO - Filling up the DagBag from /home/kennedy/.local/lib/python3.10/site-packages/airflow/example_dags/subdags/subdag.py
[2024-10-04 23:38:13,749] {processor.py:653} WARNING - No viable dags retrieved from /home/kennedy/.local/lib/python3.10/site-packages/airflow/example_dags/subdags/subdag.py
[2024-10-04 23:38:13,757] {processor.py:161} INFO - Processing /home/kennedy/.local/lib/python3.10/site-packages/airflow/example_dags/subdags/subdag.py took 0.023 seconds
[2024-10-04 23:38:50,657] {processor.py:153} INFO - Started process (PID=99164) to work on /home/kennedy/KR/Programação/01.Exercícios/DE/Movies/venv/lib/python3.10/site-packages/airflow/example_dags/subdags/subdag.py
[2024-10-04 23:38:51,309] {processor.py:641} INFO - Processing file /home/kennedy/KR/Programação/01.Exercícios/DE/Movies/venv/lib/python3.10/site-packages/airflow/example_dags/subdags/subdag.py for tasks to queue
[2024-10-04 23:38:51,310] {logging_mixin.py:115} INFO - [2024-10-04 23:38:51,310] {dagbag.py:507} INFO - Filling up the DagBag from /home/kennedy/KR/Programação/01.Exercícios/DE/Movies/venv/lib/python3.10/site-packages/airflow/example_dags/subdags/subdag.py
[2024-10-04 23:38:51,311] {processor.py:653} WARNING - No viable dags retrieved from /home/kennedy/KR/Programação/01.Exercícios/DE/Movies/venv/lib/python3.10/site-packages/airflow/example_dags/subdags/subdag.py
[2024-10-04 23:38:51,321] {processor.py:161} INFO - Processing /home/kennedy/KR/Programação/01.Exercícios/DE/Movies/venv/lib/python3.10/site-packages/airflow/example_dags/subdags/subdag.py took 0.671 seconds
[2024-10-04 23:39:17,207] {processor.py:153} INFO - Started process (PID=99185) to work on /home/kennedy/.local/lib/python3.10/site-packages/airflow/example_dags/subdags/subdag.py
[2024-10-04 23:39:17,235] {processor.py:641} INFO - Processing file /home/kennedy/.local/lib/python3.10/site-packages/airflow/example_dags/subdags/subdag.py for tasks to queue
[2024-10-04 23:39:17,236] {logging_mixin.py:115} INFO - [2024-10-04 23:39:17,236] {dagbag.py:507} INFO - Filling up the DagBag from /home/kennedy/.local/lib/python3.10/site-packages/airflow/example_dags/subdags/subdag.py
[2024-10-04 23:39:17,239] {processor.py:653} WARNING - No viable dags retrieved from /home/kennedy/.local/lib/python3.10/site-packages/airflow/example_dags/subdags/subdag.py
[2024-10-04 23:39:17,794] {processor.py:161} INFO - Processing /home/kennedy/.local/lib/python3.10/site-packages/airflow/example_dags/subdags/subdag.py took 0.594 seconds
[2024-10-04 23:40:19,401] {processor.py:153} INFO - Started process (PID=99276) to work on /home/kennedy/.local/lib/python3.10/site-packages/airflow/example_dags/subdags/subdag.py
[2024-10-04 23:40:19,405] {processor.py:641} INFO - Processing file /home/kennedy/.local/lib/python3.10/site-packages/airflow/example_dags/subdags/subdag.py for tasks to queue
[2024-10-04 23:40:19,406] {logging_mixin.py:115} INFO - [2024-10-04 23:40:19,406] {dagbag.py:507} INFO - Filling up the DagBag from /home/kennedy/.local/lib/python3.10/site-packages/airflow/example_dags/subdags/subdag.py
[2024-10-04 23:40:19,408] {processor.py:653} WARNING - No viable dags retrieved from /home/kennedy/.local/lib/python3.10/site-packages/airflow/example_dags/subdags/subdag.py
[2024-10-04 23:40:19,422] {processor.py:161} INFO - Processing /home/kennedy/.local/lib/python3.10/site-packages/airflow/example_dags/subdags/subdag.py took 0.025 seconds
[2024-10-04 23:41:03,582] {processor.py:153} INFO - Started process (PID=99431) to work on /home/kennedy/.local/lib/python3.10/site-packages/airflow/example_dags/subdags/subdag.py
[2024-10-04 23:41:03,589] {processor.py:641} INFO - Processing file /home/kennedy/.local/lib/python3.10/site-packages/airflow/example_dags/subdags/subdag.py for tasks to queue
[2024-10-04 23:41:03,590] {logging_mixin.py:115} INFO - [2024-10-04 23:41:03,590] {dagbag.py:507} INFO - Filling up the DagBag from /home/kennedy/.local/lib/python3.10/site-packages/airflow/example_dags/subdags/subdag.py
[2024-10-04 23:41:03,593] {processor.py:653} WARNING - No viable dags retrieved from /home/kennedy/.local/lib/python3.10/site-packages/airflow/example_dags/subdags/subdag.py
[2024-10-04 23:41:03,618] {processor.py:161} INFO - Processing /home/kennedy/.local/lib/python3.10/site-packages/airflow/example_dags/subdags/subdag.py took 0.044 seconds
[2024-10-04 23:41:42,443] {processor.py:153} INFO - Started process (PID=99503) to work on /home/kennedy/.local/lib/python3.10/site-packages/airflow/example_dags/subdags/subdag.py
[2024-10-04 23:41:42,529] {processor.py:641} INFO - Processing file /home/kennedy/.local/lib/python3.10/site-packages/airflow/example_dags/subdags/subdag.py for tasks to queue
[2024-10-04 23:41:42,530] {logging_mixin.py:115} INFO - [2024-10-04 23:41:42,530] {dagbag.py:507} INFO - Filling up the DagBag from /home/kennedy/.local/lib/python3.10/site-packages/airflow/example_dags/subdags/subdag.py
[2024-10-04 23:41:42,534] {processor.py:653} WARNING - No viable dags retrieved from /home/kennedy/.local/lib/python3.10/site-packages/airflow/example_dags/subdags/subdag.py
[2024-10-04 23:41:42,556] {processor.py:161} INFO - Processing /home/kennedy/.local/lib/python3.10/site-packages/airflow/example_dags/subdags/subdag.py took 0.119 seconds
[2024-10-04 23:42:14,113] {processor.py:153} INFO - Started process (PID=99696) to work on /home/kennedy/.local/lib/python3.10/site-packages/airflow/example_dags/subdags/subdag.py
[2024-10-04 23:42:14,118] {processor.py:641} INFO - Processing file /home/kennedy/.local/lib/python3.10/site-packages/airflow/example_dags/subdags/subdag.py for tasks to queue
[2024-10-04 23:42:14,120] {logging_mixin.py:115} INFO - [2024-10-04 23:42:14,120] {dagbag.py:507} INFO - Filling up the DagBag from /home/kennedy/.local/lib/python3.10/site-packages/airflow/example_dags/subdags/subdag.py
[2024-10-04 23:42:14,124] {processor.py:653} WARNING - No viable dags retrieved from /home/kennedy/.local/lib/python3.10/site-packages/airflow/example_dags/subdags/subdag.py
[2024-10-04 23:42:14,149] {processor.py:161} INFO - Processing /home/kennedy/.local/lib/python3.10/site-packages/airflow/example_dags/subdags/subdag.py took 0.043 seconds
[2024-10-04 23:42:39,482] {processor.py:153} INFO - Started process (PID=99758) to work on /home/kennedy/.local/lib/python3.10/site-packages/airflow/example_dags/subdags/subdag.py
[2024-10-04 23:42:39,493] {processor.py:641} INFO - Processing file /home/kennedy/.local/lib/python3.10/site-packages/airflow/example_dags/subdags/subdag.py for tasks to queue
[2024-10-04 23:42:39,494] {logging_mixin.py:115} INFO - [2024-10-04 23:42:39,494] {dagbag.py:507} INFO - Filling up the DagBag from /home/kennedy/.local/lib/python3.10/site-packages/airflow/example_dags/subdags/subdag.py
[2024-10-04 23:42:39,497] {processor.py:653} WARNING - No viable dags retrieved from /home/kennedy/.local/lib/python3.10/site-packages/airflow/example_dags/subdags/subdag.py
[2024-10-04 23:42:39,656] {processor.py:161} INFO - Processing /home/kennedy/.local/lib/python3.10/site-packages/airflow/example_dags/subdags/subdag.py took 0.180 seconds
[2024-10-04 23:43:29,656] {processor.py:153} INFO - Started process (PID=99817) to work on /home/kennedy/.local/lib/python3.10/site-packages/airflow/example_dags/subdags/subdag.py
[2024-10-04 23:43:29,948] {processor.py:641} INFO - Processing file /home/kennedy/.local/lib/python3.10/site-packages/airflow/example_dags/subdags/subdag.py for tasks to queue
[2024-10-04 23:43:29,949] {logging_mixin.py:115} INFO - [2024-10-04 23:43:29,949] {dagbag.py:507} INFO - Filling up the DagBag from /home/kennedy/.local/lib/python3.10/site-packages/airflow/example_dags/subdags/subdag.py
[2024-10-04 23:43:29,953] {processor.py:653} WARNING - No viable dags retrieved from /home/kennedy/.local/lib/python3.10/site-packages/airflow/example_dags/subdags/subdag.py
[2024-10-04 23:43:29,976] {processor.py:161} INFO - Processing /home/kennedy/.local/lib/python3.10/site-packages/airflow/example_dags/subdags/subdag.py took 0.329 seconds
[2024-10-04 23:43:42,558] {processor.py:153} INFO - Started process (PID=99830) to work on /home/kennedy/.local/lib/python3.10/site-packages/airflow/example_dags/subdags/subdag.py
[2024-10-04 23:43:43,480] {processor.py:641} INFO - Processing file /home/kennedy/.local/lib/python3.10/site-packages/airflow/example_dags/subdags/subdag.py for tasks to queue
[2024-10-04 23:43:43,482] {logging_mixin.py:115} INFO - [2024-10-04 23:43:43,481] {dagbag.py:507} INFO - Filling up the DagBag from /home/kennedy/.local/lib/python3.10/site-packages/airflow/example_dags/subdags/subdag.py
[2024-10-04 23:43:43,485] {processor.py:653} WARNING - No viable dags retrieved from /home/kennedy/.local/lib/python3.10/site-packages/airflow/example_dags/subdags/subdag.py
[2024-10-04 23:43:43,742] {processor.py:161} INFO - Processing /home/kennedy/.local/lib/python3.10/site-packages/airflow/example_dags/subdags/subdag.py took 1.191 seconds
[2024-10-04 23:44:20,537] {processor.py:153} INFO - Started process (PID=99878) to work on /home/kennedy/.local/lib/python3.10/site-packages/airflow/example_dags/subdags/subdag.py
[2024-10-04 23:44:21,042] {processor.py:641} INFO - Processing file /home/kennedy/.local/lib/python3.10/site-packages/airflow/example_dags/subdags/subdag.py for tasks to queue
[2024-10-04 23:44:21,044] {logging_mixin.py:115} INFO - [2024-10-04 23:44:21,043] {dagbag.py:507} INFO - Filling up the DagBag from /home/kennedy/.local/lib/python3.10/site-packages/airflow/example_dags/subdags/subdag.py
[2024-10-04 23:44:21,046] {processor.py:653} WARNING - No viable dags retrieved from /home/kennedy/.local/lib/python3.10/site-packages/airflow/example_dags/subdags/subdag.py
[2024-10-04 23:44:21,303] {processor.py:161} INFO - Processing /home/kennedy/.local/lib/python3.10/site-packages/airflow/example_dags/subdags/subdag.py took 0.773 seconds
[2024-10-04 23:44:22,549] {processor.py:153} INFO - Started process (PID=99883) to work on /home/kennedy/.local/lib/python3.10/site-packages/airflow/example_dags/subdags/subdag.py
[2024-10-04 23:44:22,550] {processor.py:641} INFO - Processing file /home/kennedy/.local/lib/python3.10/site-packages/airflow/example_dags/subdags/subdag.py for tasks to queue
[2024-10-04 23:44:22,552] {logging_mixin.py:115} INFO - [2024-10-04 23:44:22,551] {dagbag.py:507} INFO - Filling up the DagBag from /home/kennedy/.local/lib/python3.10/site-packages/airflow/example_dags/subdags/subdag.py
[2024-10-04 23:44:22,555] {processor.py:653} WARNING - No viable dags retrieved from /home/kennedy/.local/lib/python3.10/site-packages/airflow/example_dags/subdags/subdag.py
[2024-10-04 23:44:22,575] {processor.py:161} INFO - Processing /home/kennedy/.local/lib/python3.10/site-packages/airflow/example_dags/subdags/subdag.py took 0.033 seconds
[2024-10-04 23:44:44,279] {processor.py:153} INFO - Started process (PID=99992) to work on /home/kennedy/.local/lib/python3.10/site-packages/airflow/example_dags/subdags/subdag.py
[2024-10-04 23:44:44,289] {processor.py:641} INFO - Processing file /home/kennedy/.local/lib/python3.10/site-packages/airflow/example_dags/subdags/subdag.py for tasks to queue
[2024-10-04 23:44:44,291] {logging_mixin.py:115} INFO - [2024-10-04 23:44:44,290] {dagbag.py:507} INFO - Filling up the DagBag from /home/kennedy/.local/lib/python3.10/site-packages/airflow/example_dags/subdags/subdag.py
[2024-10-04 23:44:44,295] {processor.py:653} WARNING - No viable dags retrieved from /home/kennedy/.local/lib/python3.10/site-packages/airflow/example_dags/subdags/subdag.py
[2024-10-04 23:44:44,320] {processor.py:161} INFO - Processing /home/kennedy/.local/lib/python3.10/site-packages/airflow/example_dags/subdags/subdag.py took 0.049 seconds
[2024-10-04 23:45:12,836] {processor.py:153} INFO - Started process (PID=100125) to work on /home/kennedy/.local/lib/python3.10/site-packages/airflow/example_dags/subdags/subdag.py
[2024-10-04 23:45:12,873] {processor.py:641} INFO - Processing file /home/kennedy/.local/lib/python3.10/site-packages/airflow/example_dags/subdags/subdag.py for tasks to queue
[2024-10-04 23:45:12,873] {logging_mixin.py:115} INFO - [2024-10-04 23:45:12,873] {dagbag.py:507} INFO - Filling up the DagBag from /home/kennedy/.local/lib/python3.10/site-packages/airflow/example_dags/subdags/subdag.py
[2024-10-04 23:45:12,875] {processor.py:653} WARNING - No viable dags retrieved from /home/kennedy/.local/lib/python3.10/site-packages/airflow/example_dags/subdags/subdag.py
[2024-10-04 23:45:12,963] {processor.py:161} INFO - Processing /home/kennedy/.local/lib/python3.10/site-packages/airflow/example_dags/subdags/subdag.py took 0.130 seconds
[2024-10-04 23:46:21,456] {processor.py:153} INFO - Started process (PID=101029) to work on /home/kennedy/.local/lib/python3.10/site-packages/airflow/example_dags/subdags/subdag.py
[2024-10-04 23:46:21,462] {processor.py:641} INFO - Processing file /home/kennedy/.local/lib/python3.10/site-packages/airflow/example_dags/subdags/subdag.py for tasks to queue
[2024-10-04 23:46:21,462] {logging_mixin.py:115} INFO - [2024-10-04 23:46:21,462] {dagbag.py:507} INFO - Filling up the DagBag from /home/kennedy/.local/lib/python3.10/site-packages/airflow/example_dags/subdags/subdag.py
[2024-10-04 23:46:21,463] {processor.py:653} WARNING - No viable dags retrieved from /home/kennedy/.local/lib/python3.10/site-packages/airflow/example_dags/subdags/subdag.py
[2024-10-04 23:46:21,473] {processor.py:161} INFO - Processing /home/kennedy/.local/lib/python3.10/site-packages/airflow/example_dags/subdags/subdag.py took 0.019 seconds
[2024-10-04 23:47:21,997] {processor.py:153} INFO - Started process (PID=101289) to work on /home/kennedy/.local/lib/python3.10/site-packages/airflow/example_dags/subdags/subdag.py
[2024-10-04 23:47:22,365] {processor.py:641} INFO - Processing file /home/kennedy/.local/lib/python3.10/site-packages/airflow/example_dags/subdags/subdag.py for tasks to queue
[2024-10-04 23:47:22,366] {logging_mixin.py:115} INFO - [2024-10-04 23:47:22,366] {dagbag.py:507} INFO - Filling up the DagBag from /home/kennedy/.local/lib/python3.10/site-packages/airflow/example_dags/subdags/subdag.py
[2024-10-04 23:47:22,368] {processor.py:653} WARNING - No viable dags retrieved from /home/kennedy/.local/lib/python3.10/site-packages/airflow/example_dags/subdags/subdag.py
[2024-10-04 23:47:22,380] {processor.py:161} INFO - Processing /home/kennedy/.local/lib/python3.10/site-packages/airflow/example_dags/subdags/subdag.py took 0.385 seconds
[2024-10-04 23:48:24,767] {processor.py:153} INFO - Started process (PID=101623) to work on /home/kennedy/.local/lib/python3.10/site-packages/airflow/example_dags/subdags/subdag.py
[2024-10-04 23:48:24,774] {processor.py:641} INFO - Processing file /home/kennedy/.local/lib/python3.10/site-packages/airflow/example_dags/subdags/subdag.py for tasks to queue
[2024-10-04 23:48:24,775] {logging_mixin.py:115} INFO - [2024-10-04 23:48:24,775] {dagbag.py:507} INFO - Filling up the DagBag from /home/kennedy/.local/lib/python3.10/site-packages/airflow/example_dags/subdags/subdag.py
[2024-10-04 23:48:24,779] {processor.py:653} WARNING - No viable dags retrieved from /home/kennedy/.local/lib/python3.10/site-packages/airflow/example_dags/subdags/subdag.py
[2024-10-04 23:48:24,812] {processor.py:161} INFO - Processing /home/kennedy/.local/lib/python3.10/site-packages/airflow/example_dags/subdags/subdag.py took 0.054 seconds
[2024-10-04 23:49:32,852] {processor.py:153} INFO - Started process (PID=102341) to work on /home/kennedy/.local/lib/python3.10/site-packages/airflow/example_dags/subdags/subdag.py
[2024-10-04 23:49:32,932] {processor.py:641} INFO - Processing file /home/kennedy/.local/lib/python3.10/site-packages/airflow/example_dags/subdags/subdag.py for tasks to queue
[2024-10-04 23:49:32,933] {logging_mixin.py:115} INFO - [2024-10-04 23:49:32,933] {dagbag.py:507} INFO - Filling up the DagBag from /home/kennedy/.local/lib/python3.10/site-packages/airflow/example_dags/subdags/subdag.py
[2024-10-04 23:49:32,936] {processor.py:653} WARNING - No viable dags retrieved from /home/kennedy/.local/lib/python3.10/site-packages/airflow/example_dags/subdags/subdag.py
[2024-10-04 23:49:32,958] {processor.py:161} INFO - Processing /home/kennedy/.local/lib/python3.10/site-packages/airflow/example_dags/subdags/subdag.py took 0.112 seconds
[2024-10-04 23:50:35,260] {processor.py:153} INFO - Started process (PID=102422) to work on /home/kennedy/.local/lib/python3.10/site-packages/airflow/example_dags/subdags/subdag.py
[2024-10-04 23:50:35,660] {processor.py:641} INFO - Processing file /home/kennedy/.local/lib/python3.10/site-packages/airflow/example_dags/subdags/subdag.py for tasks to queue
[2024-10-04 23:50:35,662] {logging_mixin.py:115} INFO - [2024-10-04 23:50:35,662] {dagbag.py:507} INFO - Filling up the DagBag from /home/kennedy/.local/lib/python3.10/site-packages/airflow/example_dags/subdags/subdag.py
[2024-10-04 23:50:35,665] {processor.py:653} WARNING - No viable dags retrieved from /home/kennedy/.local/lib/python3.10/site-packages/airflow/example_dags/subdags/subdag.py
[2024-10-04 23:50:35,819] {processor.py:161} INFO - Processing /home/kennedy/.local/lib/python3.10/site-packages/airflow/example_dags/subdags/subdag.py took 0.566 seconds
[2024-10-04 23:51:34,220] {processor.py:153} INFO - Started process (PID=102684) to work on /home/kennedy/.local/lib/python3.10/site-packages/airflow/example_dags/subdags/subdag.py
[2024-10-04 23:51:34,227] {processor.py:641} INFO - Processing file /home/kennedy/.local/lib/python3.10/site-packages/airflow/example_dags/subdags/subdag.py for tasks to queue
[2024-10-04 23:51:34,228] {logging_mixin.py:115} INFO - [2024-10-04 23:51:34,228] {dagbag.py:507} INFO - Filling up the DagBag from /home/kennedy/.local/lib/python3.10/site-packages/airflow/example_dags/subdags/subdag.py
[2024-10-04 23:51:34,232] {processor.py:653} WARNING - No viable dags retrieved from /home/kennedy/.local/lib/python3.10/site-packages/airflow/example_dags/subdags/subdag.py
[2024-10-04 23:51:34,258] {processor.py:161} INFO - Processing /home/kennedy/.local/lib/python3.10/site-packages/airflow/example_dags/subdags/subdag.py took 0.047 seconds
[2024-10-04 23:52:22,706] {processor.py:153} INFO - Started process (PID=102833) to work on /home/kennedy/.local/lib/python3.10/site-packages/airflow/example_dags/subdags/subdag.py
[2024-10-04 23:52:22,734] {processor.py:641} INFO - Processing file /home/kennedy/.local/lib/python3.10/site-packages/airflow/example_dags/subdags/subdag.py for tasks to queue
[2024-10-04 23:52:22,735] {logging_mixin.py:115} INFO - [2024-10-04 23:52:22,735] {dagbag.py:507} INFO - Filling up the DagBag from /home/kennedy/.local/lib/python3.10/site-packages/airflow/example_dags/subdags/subdag.py
[2024-10-04 23:52:22,739] {processor.py:653} WARNING - No viable dags retrieved from /home/kennedy/.local/lib/python3.10/site-packages/airflow/example_dags/subdags/subdag.py
[2024-10-04 23:52:22,762] {processor.py:161} INFO - Processing /home/kennedy/.local/lib/python3.10/site-packages/airflow/example_dags/subdags/subdag.py took 0.063 seconds
[2024-10-04 23:53:03,010] {processor.py:153} INFO - Started process (PID=102873) to work on /home/kennedy/.local/lib/python3.10/site-packages/airflow/example_dags/subdags/subdag.py
[2024-10-04 23:53:03,133] {processor.py:641} INFO - Processing file /home/kennedy/.local/lib/python3.10/site-packages/airflow/example_dags/subdags/subdag.py for tasks to queue
[2024-10-04 23:53:03,135] {logging_mixin.py:115} INFO - [2024-10-04 23:53:03,134] {dagbag.py:507} INFO - Filling up the DagBag from /home/kennedy/.local/lib/python3.10/site-packages/airflow/example_dags/subdags/subdag.py
[2024-10-04 23:53:03,138] {processor.py:653} WARNING - No viable dags retrieved from /home/kennedy/.local/lib/python3.10/site-packages/airflow/example_dags/subdags/subdag.py
[2024-10-04 23:53:03,161] {processor.py:161} INFO - Processing /home/kennedy/.local/lib/python3.10/site-packages/airflow/example_dags/subdags/subdag.py took 0.158 seconds
[2024-10-04 23:53:48,323] {processor.py:153} INFO - Started process (PID=103712) to work on /home/kennedy/.local/lib/python3.10/site-packages/airflow/example_dags/subdags/subdag.py
[2024-10-04 23:53:49,155] {processor.py:641} INFO - Processing file /home/kennedy/.local/lib/python3.10/site-packages/airflow/example_dags/subdags/subdag.py for tasks to queue
[2024-10-04 23:53:49,156] {logging_mixin.py:115} INFO - [2024-10-04 23:53:49,156] {dagbag.py:507} INFO - Filling up the DagBag from /home/kennedy/.local/lib/python3.10/site-packages/airflow/example_dags/subdags/subdag.py
[2024-10-04 23:53:49,157] {processor.py:653} WARNING - No viable dags retrieved from /home/kennedy/.local/lib/python3.10/site-packages/airflow/example_dags/subdags/subdag.py
[2024-10-04 23:53:49,168] {processor.py:161} INFO - Processing /home/kennedy/.local/lib/python3.10/site-packages/airflow/example_dags/subdags/subdag.py took 0.849 seconds
[2024-10-04 23:54:48,480] {processor.py:153} INFO - Started process (PID=103896) to work on /home/kennedy/.local/lib/python3.10/site-packages/airflow/example_dags/subdags/subdag.py
[2024-10-04 23:54:48,509] {processor.py:641} INFO - Processing file /home/kennedy/.local/lib/python3.10/site-packages/airflow/example_dags/subdags/subdag.py for tasks to queue
[2024-10-04 23:54:48,510] {logging_mixin.py:115} INFO - [2024-10-04 23:54:48,510] {dagbag.py:507} INFO - Filling up the DagBag from /home/kennedy/.local/lib/python3.10/site-packages/airflow/example_dags/subdags/subdag.py
[2024-10-04 23:54:48,514] {processor.py:653} WARNING - No viable dags retrieved from /home/kennedy/.local/lib/python3.10/site-packages/airflow/example_dags/subdags/subdag.py
[2024-10-04 23:54:48,539] {processor.py:161} INFO - Processing /home/kennedy/.local/lib/python3.10/site-packages/airflow/example_dags/subdags/subdag.py took 0.067 seconds
[2024-10-04 23:55:37,512] {processor.py:153} INFO - Started process (PID=103972) to work on /home/kennedy/.local/lib/python3.10/site-packages/airflow/example_dags/subdags/subdag.py
[2024-10-04 23:55:37,944] {processor.py:641} INFO - Processing file /home/kennedy/.local/lib/python3.10/site-packages/airflow/example_dags/subdags/subdag.py for tasks to queue
[2024-10-04 23:55:37,946] {logging_mixin.py:115} INFO - [2024-10-04 23:55:37,945] {dagbag.py:507} INFO - Filling up the DagBag from /home/kennedy/.local/lib/python3.10/site-packages/airflow/example_dags/subdags/subdag.py
[2024-10-04 23:55:37,950] {processor.py:653} WARNING - No viable dags retrieved from /home/kennedy/.local/lib/python3.10/site-packages/airflow/example_dags/subdags/subdag.py
[2024-10-04 23:55:37,981] {processor.py:161} INFO - Processing /home/kennedy/.local/lib/python3.10/site-packages/airflow/example_dags/subdags/subdag.py took 0.478 seconds
[2024-10-04 23:56:43,406] {processor.py:153} INFO - Started process (PID=104988) to work on /home/kennedy/.local/lib/python3.10/site-packages/airflow/example_dags/subdags/subdag.py
[2024-10-04 23:56:43,708] {processor.py:641} INFO - Processing file /home/kennedy/.local/lib/python3.10/site-packages/airflow/example_dags/subdags/subdag.py for tasks to queue
[2024-10-04 23:56:43,709] {logging_mixin.py:115} INFO - [2024-10-04 23:56:43,709] {dagbag.py:507} INFO - Filling up the DagBag from /home/kennedy/.local/lib/python3.10/site-packages/airflow/example_dags/subdags/subdag.py
[2024-10-04 23:56:43,713] {processor.py:653} WARNING - No viable dags retrieved from /home/kennedy/.local/lib/python3.10/site-packages/airflow/example_dags/subdags/subdag.py
[2024-10-04 23:56:43,737] {processor.py:161} INFO - Processing /home/kennedy/.local/lib/python3.10/site-packages/airflow/example_dags/subdags/subdag.py took 0.339 seconds
[2024-10-04 23:57:46,024] {processor.py:153} INFO - Started process (PID=105213) to work on /home/kennedy/.local/lib/python3.10/site-packages/airflow/example_dags/subdags/subdag.py
[2024-10-04 23:57:46,030] {processor.py:641} INFO - Processing file /home/kennedy/.local/lib/python3.10/site-packages/airflow/example_dags/subdags/subdag.py for tasks to queue
[2024-10-04 23:57:46,032] {logging_mixin.py:115} INFO - [2024-10-04 23:57:46,032] {dagbag.py:507} INFO - Filling up the DagBag from /home/kennedy/.local/lib/python3.10/site-packages/airflow/example_dags/subdags/subdag.py
[2024-10-04 23:57:46,035] {processor.py:653} WARNING - No viable dags retrieved from /home/kennedy/.local/lib/python3.10/site-packages/airflow/example_dags/subdags/subdag.py
[2024-10-04 23:57:46,070] {processor.py:161} INFO - Processing /home/kennedy/.local/lib/python3.10/site-packages/airflow/example_dags/subdags/subdag.py took 0.054 seconds
[2024-10-04 23:58:45,621] {processor.py:153} INFO - Started process (PID=105303) to work on /home/kennedy/.local/lib/python3.10/site-packages/airflow/example_dags/subdags/subdag.py
[2024-10-04 23:58:45,821] {processor.py:641} INFO - Processing file /home/kennedy/.local/lib/python3.10/site-packages/airflow/example_dags/subdags/subdag.py for tasks to queue
[2024-10-04 23:58:45,822] {logging_mixin.py:115} INFO - [2024-10-04 23:58:45,822] {dagbag.py:507} INFO - Filling up the DagBag from /home/kennedy/.local/lib/python3.10/site-packages/airflow/example_dags/subdags/subdag.py
[2024-10-04 23:58:45,825] {processor.py:653} WARNING - No viable dags retrieved from /home/kennedy/.local/lib/python3.10/site-packages/airflow/example_dags/subdags/subdag.py
[2024-10-04 23:58:45,856] {processor.py:161} INFO - Processing /home/kennedy/.local/lib/python3.10/site-packages/airflow/example_dags/subdags/subdag.py took 0.242 seconds
[2024-10-04 23:59:41,213] {processor.py:153} INFO - Started process (PID=105446) to work on /home/kennedy/.local/lib/python3.10/site-packages/airflow/example_dags/subdags/subdag.py
[2024-10-04 23:59:41,382] {processor.py:641} INFO - Processing file /home/kennedy/.local/lib/python3.10/site-packages/airflow/example_dags/subdags/subdag.py for tasks to queue
[2024-10-04 23:59:41,383] {logging_mixin.py:115} INFO - [2024-10-04 23:59:41,383] {dagbag.py:507} INFO - Filling up the DagBag from /home/kennedy/.local/lib/python3.10/site-packages/airflow/example_dags/subdags/subdag.py
[2024-10-04 23:59:41,386] {processor.py:653} WARNING - No viable dags retrieved from /home/kennedy/.local/lib/python3.10/site-packages/airflow/example_dags/subdags/subdag.py
[2024-10-04 23:59:41,417] {processor.py:161} INFO - Processing /home/kennedy/.local/lib/python3.10/site-packages/airflow/example_dags/subdags/subdag.py took 0.211 seconds
[2024-10-05 00:00:36,771] {processor.py:153} INFO - Started process (PID=105614) to work on /home/kennedy/.local/lib/python3.10/site-packages/airflow/example_dags/subdags/subdag.py
[2024-10-05 00:00:36,782] {processor.py:641} INFO - Processing file /home/kennedy/.local/lib/python3.10/site-packages/airflow/example_dags/subdags/subdag.py for tasks to queue
[2024-10-05 00:00:36,783] {logging_mixin.py:115} INFO - [2024-10-05 00:00:36,783] {dagbag.py:507} INFO - Filling up the DagBag from /home/kennedy/.local/lib/python3.10/site-packages/airflow/example_dags/subdags/subdag.py
[2024-10-05 00:00:36,786] {processor.py:653} WARNING - No viable dags retrieved from /home/kennedy/.local/lib/python3.10/site-packages/airflow/example_dags/subdags/subdag.py
[2024-10-05 00:00:36,812] {processor.py:161} INFO - Processing /home/kennedy/.local/lib/python3.10/site-packages/airflow/example_dags/subdags/subdag.py took 0.048 seconds
[2024-10-05 00:01:22,395] {processor.py:153} INFO - Started process (PID=105766) to work on /home/kennedy/.local/lib/python3.10/site-packages/airflow/example_dags/subdags/subdag.py
[2024-10-05 00:01:22,402] {processor.py:641} INFO - Processing file /home/kennedy/.local/lib/python3.10/site-packages/airflow/example_dags/subdags/subdag.py for tasks to queue
[2024-10-05 00:01:22,403] {logging_mixin.py:115} INFO - [2024-10-05 00:01:22,403] {dagbag.py:507} INFO - Filling up the DagBag from /home/kennedy/.local/lib/python3.10/site-packages/airflow/example_dags/subdags/subdag.py
[2024-10-05 00:01:22,406] {processor.py:653} WARNING - No viable dags retrieved from /home/kennedy/.local/lib/python3.10/site-packages/airflow/example_dags/subdags/subdag.py
[2024-10-05 00:01:22,438] {processor.py:161} INFO - Processing /home/kennedy/.local/lib/python3.10/site-packages/airflow/example_dags/subdags/subdag.py took 0.050 seconds
[2024-10-05 00:02:03,581] {processor.py:153} INFO - Started process (PID=105917) to work on /home/kennedy/.local/lib/python3.10/site-packages/airflow/example_dags/subdags/subdag.py
[2024-10-05 00:02:03,723] {processor.py:641} INFO - Processing file /home/kennedy/.local/lib/python3.10/site-packages/airflow/example_dags/subdags/subdag.py for tasks to queue
[2024-10-05 00:02:03,724] {logging_mixin.py:115} INFO - [2024-10-05 00:02:03,724] {dagbag.py:507} INFO - Filling up the DagBag from /home/kennedy/.local/lib/python3.10/site-packages/airflow/example_dags/subdags/subdag.py
[2024-10-05 00:02:03,727] {processor.py:653} WARNING - No viable dags retrieved from /home/kennedy/.local/lib/python3.10/site-packages/airflow/example_dags/subdags/subdag.py
[2024-10-05 00:02:03,757] {processor.py:161} INFO - Processing /home/kennedy/.local/lib/python3.10/site-packages/airflow/example_dags/subdags/subdag.py took 0.184 seconds
