[2024-10-08 23:22:02,424] {taskinstance.py:1159} INFO - Dependencies all met for <TaskInstance: get_stocks_dag.AAPL scheduled__2024-10-05T00:00:00+00:00 [queued]>
[2024-10-08 23:22:02,541] {taskinstance.py:1159} INFO - Dependencies all met for <TaskInstance: get_stocks_dag.AAPL scheduled__2024-10-05T00:00:00+00:00 [queued]>
[2024-10-08 23:22:02,542] {taskinstance.py:1356} INFO - 
--------------------------------------------------------------------------------
[2024-10-08 23:22:02,542] {taskinstance.py:1357} INFO - Starting attempt 1 of 1
[2024-10-08 23:22:02,542] {taskinstance.py:1358} INFO - 
--------------------------------------------------------------------------------
[2024-10-08 23:22:02,632] {taskinstance.py:1377} INFO - Executing <Task(_PythonDecoratedOperator): AAPL> on 2024-10-05 00:00:00+00:00
[2024-10-08 23:22:02,656] {standard_task_runner.py:52} INFO - Started process 23616 to run task
[2024-10-08 23:22:02,667] {standard_task_runner.py:79} INFO - Running: ['airflow', 'tasks', 'run', 'get_stocks_dag', 'AAPL', 'scheduled__2024-10-05T00:00:00+00:00', '--job-id', '62', '--raw', '--subdir', 'DAGS_FOLDER/get_stocks.py', '--cfg-path', '/tmp/tmpn8o84hqu', '--error-file', '/tmp/tmpz9psiclv']
[2024-10-08 23:22:02,669] {standard_task_runner.py:80} INFO - Job 62: Subtask AAPL
[2024-10-08 23:22:02,908] {task_command.py:370} INFO - Running <TaskInstance: get_stocks_dag.AAPL scheduled__2024-10-05T00:00:00+00:00 [running]> on host ken
[2024-10-08 23:22:03,259] {taskinstance.py:1569} INFO - Exporting the following env vars:
AIRFLOW_CTX_DAG_OWNER=airflow
AIRFLOW_CTX_DAG_ID=get_stocks_dag
AIRFLOW_CTX_TASK_ID=AAPL
AIRFLOW_CTX_EXECUTION_DATE=2024-10-05T00:00:00+00:00
AIRFLOW_CTX_TRY_NUMBER=1
AIRFLOW_CTX_DAG_RUN_ID=scheduled__2024-10-05T00:00:00+00:00
[2024-10-08 23:22:05,313] {python.py:173} INFO - Done. Returned value was: None
[2024-10-08 23:22:05,390] {taskinstance.py:1395} INFO - Marking task as SUCCESS. dag_id=get_stocks_dag, task_id=AAPL, execution_date=20241005T000000, start_date=20241009T022202, end_date=20241009T022205
[2024-10-08 23:22:05,481] {local_task_job.py:156} INFO - Task exited with return code 0
[2024-10-08 23:22:05,576] {local_task_job.py:273} INFO - 0 downstream tasks scheduled from follow-on schedule check
[2024-10-09 01:02:25,880] {taskinstance.py:1159} INFO - Dependencies all met for <TaskInstance: get_stocks_dag.AAPL scheduled__2024-10-05T00:00:00+00:00 [queued]>
[2024-10-09 01:02:25,913] {taskinstance.py:1159} INFO - Dependencies all met for <TaskInstance: get_stocks_dag.AAPL scheduled__2024-10-05T00:00:00+00:00 [queued]>
[2024-10-09 01:02:25,914] {taskinstance.py:1356} INFO - 
--------------------------------------------------------------------------------
[2024-10-09 01:02:25,914] {taskinstance.py:1357} INFO - Starting attempt 1 of 1
[2024-10-09 01:02:25,914] {taskinstance.py:1358} INFO - 
--------------------------------------------------------------------------------
[2024-10-09 01:02:26,103] {taskinstance.py:1377} INFO - Executing <Task(_PythonDecoratedOperator): AAPL> on 2024-10-05 00:00:00+00:00
[2024-10-09 01:02:26,114] {standard_task_runner.py:52} INFO - Started process 45400 to run task
[2024-10-09 01:02:26,123] {standard_task_runner.py:79} INFO - Running: ['airflow', 'tasks', 'run', 'get_stocks_dag', 'AAPL', 'scheduled__2024-10-05T00:00:00+00:00', '--job-id', '125', '--raw', '--subdir', 'DAGS_FOLDER/get_stocks.py', '--cfg-path', '/tmp/tmpiykq3dvy', '--error-file', '/tmp/tmpjf5mw2np']
[2024-10-09 01:02:26,125] {standard_task_runner.py:80} INFO - Job 125: Subtask AAPL
[2024-10-09 01:02:26,257] {task_command.py:370} INFO - Running <TaskInstance: get_stocks_dag.AAPL scheduled__2024-10-05T00:00:00+00:00 [running]> on host ken
[2024-10-09 01:02:26,400] {taskinstance.py:1569} INFO - Exporting the following env vars:
AIRFLOW_CTX_DAG_OWNER=airflow
AIRFLOW_CTX_DAG_ID=get_stocks_dag
AIRFLOW_CTX_TASK_ID=AAPL
AIRFLOW_CTX_EXECUTION_DATE=2024-10-05T00:00:00+00:00
AIRFLOW_CTX_TRY_NUMBER=1
AIRFLOW_CTX_DAG_RUN_ID=scheduled__2024-10-05T00:00:00+00:00
[2024-10-09 01:02:29,610] {history.py:244} ERROR - $AAPL: possibly delisted; no price data found  (1h 2024-10-04 -> 2024-10-05)
[2024-10-09 01:02:29,617] {python.py:173} INFO - Done. Returned value was: None
[2024-10-09 01:02:29,870] {taskinstance.py:1395} INFO - Marking task as SUCCESS. dag_id=get_stocks_dag, task_id=AAPL, execution_date=20241005T000000, start_date=20241009T040225, end_date=20241009T040229
[2024-10-09 01:02:29,949] {local_task_job.py:156} INFO - Task exited with return code 0
[2024-10-09 01:02:30,090] {local_task_job.py:273} INFO - 0 downstream tasks scheduled from follow-on schedule check
[2024-10-09 09:35:15,330] {taskinstance.py:1159} INFO - Dependencies all met for <TaskInstance: get_stocks_dag.AAPL scheduled__2024-10-05T00:00:00+00:00 [queued]>
[2024-10-09 09:35:15,533] {taskinstance.py:1159} INFO - Dependencies all met for <TaskInstance: get_stocks_dag.AAPL scheduled__2024-10-05T00:00:00+00:00 [queued]>
[2024-10-09 09:35:15,534] {taskinstance.py:1356} INFO - 
--------------------------------------------------------------------------------
[2024-10-09 09:35:15,534] {taskinstance.py:1357} INFO - Starting attempt 1 of 1
[2024-10-09 09:35:15,534] {taskinstance.py:1358} INFO - 
--------------------------------------------------------------------------------
[2024-10-09 09:35:15,811] {taskinstance.py:1377} INFO - Executing <Task(_PythonDecoratedOperator): AAPL> on 2024-10-05 00:00:00+00:00
[2024-10-09 09:35:15,822] {standard_task_runner.py:52} INFO - Started process 17044 to run task
[2024-10-09 09:35:15,830] {standard_task_runner.py:79} INFO - Running: ['airflow', 'tasks', 'run', 'get_stocks_dag', 'AAPL', 'scheduled__2024-10-05T00:00:00+00:00', '--job-id', '190', '--raw', '--subdir', 'DAGS_FOLDER/get_stocks.py', '--cfg-path', '/tmp/tmpoo37mmyn', '--error-file', '/tmp/tmprbfk8stb']
[2024-10-09 09:35:15,834] {standard_task_runner.py:80} INFO - Job 190: Subtask AAPL
[2024-10-09 09:35:16,408] {task_command.py:370} INFO - Running <TaskInstance: get_stocks_dag.AAPL scheduled__2024-10-05T00:00:00+00:00 [running]> on host ken
[2024-10-09 09:35:16,546] {taskinstance.py:1569} INFO - Exporting the following env vars:
AIRFLOW_CTX_DAG_OWNER=airflow
AIRFLOW_CTX_DAG_ID=get_stocks_dag
AIRFLOW_CTX_TASK_ID=AAPL
AIRFLOW_CTX_EXECUTION_DATE=2024-10-05T00:00:00+00:00
AIRFLOW_CTX_TRY_NUMBER=1
AIRFLOW_CTX_DAG_RUN_ID=scheduled__2024-10-05T00:00:00+00:00
[2024-10-09 09:35:17,972] {python.py:173} INFO - Done. Returned value was: None
[2024-10-09 09:35:18,769] {taskinstance.py:1395} INFO - Marking task as SUCCESS. dag_id=get_stocks_dag, task_id=AAPL, execution_date=20241005T000000, start_date=20241009T123515, end_date=20241009T123518
[2024-10-09 09:35:19,214] {local_task_job.py:156} INFO - Task exited with return code 0
[2024-10-09 09:35:19,789] {local_task_job.py:273} INFO - 0 downstream tasks scheduled from follow-on schedule check
[2024-10-09 09:44:47,610] {taskinstance.py:1159} INFO - Dependencies all met for <TaskInstance: get_stocks_dag.AAPL scheduled__2024-10-05T00:00:00+00:00 [queued]>
[2024-10-09 09:44:47,629] {taskinstance.py:1159} INFO - Dependencies all met for <TaskInstance: get_stocks_dag.AAPL scheduled__2024-10-05T00:00:00+00:00 [queued]>
[2024-10-09 09:44:47,630] {taskinstance.py:1356} INFO - 
--------------------------------------------------------------------------------
[2024-10-09 09:44:47,630] {taskinstance.py:1357} INFO - Starting attempt 1 of 1
[2024-10-09 09:44:47,630] {taskinstance.py:1358} INFO - 
--------------------------------------------------------------------------------
[2024-10-09 09:44:47,659] {taskinstance.py:1377} INFO - Executing <Task(_PythonDecoratedOperator): AAPL> on 2024-10-05 00:00:00+00:00
[2024-10-09 09:44:47,665] {standard_task_runner.py:52} INFO - Started process 24919 to run task
[2024-10-09 09:44:47,668] {standard_task_runner.py:79} INFO - Running: ['airflow', 'tasks', 'run', 'get_stocks_dag', 'AAPL', 'scheduled__2024-10-05T00:00:00+00:00', '--job-id', '254', '--raw', '--subdir', 'DAGS_FOLDER/get_stocks.py', '--cfg-path', '/tmp/tmpxsqumwf8', '--error-file', '/tmp/tmpnizbaiz5']
[2024-10-09 09:44:47,669] {standard_task_runner.py:80} INFO - Job 254: Subtask AAPL
[2024-10-09 09:44:47,909] {task_command.py:370} INFO - Running <TaskInstance: get_stocks_dag.AAPL scheduled__2024-10-05T00:00:00+00:00 [running]> on host ken
[2024-10-09 09:44:48,125] {taskinstance.py:1569} INFO - Exporting the following env vars:
AIRFLOW_CTX_DAG_OWNER=airflow
AIRFLOW_CTX_DAG_ID=get_stocks_dag
AIRFLOW_CTX_TASK_ID=AAPL
AIRFLOW_CTX_EXECUTION_DATE=2024-10-05T00:00:00+00:00
AIRFLOW_CTX_TRY_NUMBER=1
AIRFLOW_CTX_DAG_RUN_ID=scheduled__2024-10-05T00:00:00+00:00
[2024-10-09 09:44:48,528] {python.py:173} INFO - Done. Returned value was: None
[2024-10-09 09:44:48,554] {taskinstance.py:1395} INFO - Marking task as SUCCESS. dag_id=get_stocks_dag, task_id=AAPL, execution_date=20241005T000000, start_date=20241009T124447, end_date=20241009T124448
[2024-10-09 09:44:48,643] {local_task_job.py:156} INFO - Task exited with return code 0
[2024-10-09 09:44:48,928] {local_task_job.py:273} INFO - 0 downstream tasks scheduled from follow-on schedule check
[2024-10-09 09:48:53,310] {taskinstance.py:1159} INFO - Dependencies all met for <TaskInstance: get_stocks_dag.AAPL scheduled__2024-10-05T00:00:00+00:00 [queued]>
[2024-10-09 09:48:53,480] {taskinstance.py:1159} INFO - Dependencies all met for <TaskInstance: get_stocks_dag.AAPL scheduled__2024-10-05T00:00:00+00:00 [queued]>
[2024-10-09 09:48:53,480] {taskinstance.py:1356} INFO - 
--------------------------------------------------------------------------------
[2024-10-09 09:48:53,480] {taskinstance.py:1357} INFO - Starting attempt 1 of 1
[2024-10-09 09:48:53,480] {taskinstance.py:1358} INFO - 
--------------------------------------------------------------------------------
[2024-10-09 09:48:53,812] {taskinstance.py:1377} INFO - Executing <Task(_PythonDecoratedOperator): AAPL> on 2024-10-05 00:00:00+00:00
[2024-10-09 09:48:53,833] {standard_task_runner.py:52} INFO - Started process 31547 to run task
[2024-10-09 09:48:53,848] {standard_task_runner.py:79} INFO - Running: ['airflow', 'tasks', 'run', 'get_stocks_dag', 'AAPL', 'scheduled__2024-10-05T00:00:00+00:00', '--job-id', '317', '--raw', '--subdir', 'DAGS_FOLDER/get_stocks.py', '--cfg-path', '/tmp/tmpn3qmzgcw', '--error-file', '/tmp/tmpuhc_0437']
[2024-10-09 09:48:53,853] {standard_task_runner.py:80} INFO - Job 317: Subtask AAPL
[2024-10-09 09:48:54,190] {task_command.py:370} INFO - Running <TaskInstance: get_stocks_dag.AAPL scheduled__2024-10-05T00:00:00+00:00 [running]> on host ken
[2024-10-09 09:48:54,326] {taskinstance.py:1569} INFO - Exporting the following env vars:
AIRFLOW_CTX_DAG_OWNER=airflow
AIRFLOW_CTX_DAG_ID=get_stocks_dag
AIRFLOW_CTX_TASK_ID=AAPL
AIRFLOW_CTX_EXECUTION_DATE=2024-10-05T00:00:00+00:00
AIRFLOW_CTX_TRY_NUMBER=1
AIRFLOW_CTX_DAG_RUN_ID=scheduled__2024-10-05T00:00:00+00:00
[2024-10-09 09:48:55,859] {python.py:173} INFO - Done. Returned value was: None
[2024-10-09 09:48:55,881] {taskinstance.py:1395} INFO - Marking task as SUCCESS. dag_id=get_stocks_dag, task_id=AAPL, execution_date=20241005T000000, start_date=20241009T124853, end_date=20241009T124855
[2024-10-09 09:48:55,947] {local_task_job.py:156} INFO - Task exited with return code 0
[2024-10-09 09:48:56,365] {local_task_job.py:273} INFO - 0 downstream tasks scheduled from follow-on schedule check
[2024-10-09 10:46:19,196] {taskinstance.py:1159} INFO - Dependencies all met for <TaskInstance: get_stocks_dag.AAPL scheduled__2024-10-05T00:00:00+00:00 [queued]>
[2024-10-09 10:46:19,237] {taskinstance.py:1159} INFO - Dependencies all met for <TaskInstance: get_stocks_dag.AAPL scheduled__2024-10-05T00:00:00+00:00 [queued]>
[2024-10-09 10:46:19,237] {taskinstance.py:1356} INFO - 
--------------------------------------------------------------------------------
[2024-10-09 10:46:19,237] {taskinstance.py:1357} INFO - Starting attempt 1 of 1
[2024-10-09 10:46:19,237] {taskinstance.py:1358} INFO - 
--------------------------------------------------------------------------------
[2024-10-09 10:46:19,284] {taskinstance.py:1377} INFO - Executing <Task(_PythonDecoratedOperator): AAPL> on 2024-10-05 00:00:00+00:00
[2024-10-09 10:46:19,292] {standard_task_runner.py:52} INFO - Started process 75922 to run task
[2024-10-09 10:46:19,297] {standard_task_runner.py:79} INFO - Running: ['airflow', 'tasks', 'run', 'get_stocks_dag', 'AAPL', 'scheduled__2024-10-05T00:00:00+00:00', '--job-id', '483', '--raw', '--subdir', 'DAGS_FOLDER/get_stocks.py', '--cfg-path', '/tmp/tmp17wm0mcn', '--error-file', '/tmp/tmpx8cwigbz']
[2024-10-09 10:46:19,299] {standard_task_runner.py:80} INFO - Job 483: Subtask AAPL
[2024-10-09 10:46:19,654] {task_command.py:370} INFO - Running <TaskInstance: get_stocks_dag.AAPL scheduled__2024-10-05T00:00:00+00:00 [running]> on host ken
[2024-10-09 10:46:20,921] {taskinstance.py:1569} INFO - Exporting the following env vars:
AIRFLOW_CTX_DAG_OWNER=airflow
AIRFLOW_CTX_DAG_ID=get_stocks_dag
AIRFLOW_CTX_TASK_ID=AAPL
AIRFLOW_CTX_EXECUTION_DATE=2024-10-05T00:00:00+00:00
AIRFLOW_CTX_TRY_NUMBER=1
AIRFLOW_CTX_DAG_RUN_ID=scheduled__2024-10-05T00:00:00+00:00
[2024-10-09 10:46:31,939] {python.py:173} INFO - Done. Returned value was: None
[2024-10-09 10:46:32,003] {taskinstance.py:1395} INFO - Marking task as SUCCESS. dag_id=get_stocks_dag, task_id=AAPL, execution_date=20241005T000000, start_date=20241009T134619, end_date=20241009T134632
[2024-10-09 10:46:32,124] {local_task_job.py:156} INFO - Task exited with return code 0
[2024-10-09 10:46:32,281] {local_task_job.py:273} INFO - 0 downstream tasks scheduled from follow-on schedule check
