[2024-10-09 10:08:50,860] {taskinstance.py:1159} INFO - Dependencies all met for <TaskInstance: get_crypto_dag.DOGE scheduled__2024-09-16T00:00:00+00:00 [queued]>
[2024-10-09 10:08:50,867] {taskinstance.py:1159} INFO - Dependencies all met for <TaskInstance: get_crypto_dag.DOGE scheduled__2024-09-16T00:00:00+00:00 [queued]>
[2024-10-09 10:08:50,867] {taskinstance.py:1356} INFO - 
--------------------------------------------------------------------------------
[2024-10-09 10:08:50,867] {taskinstance.py:1357} INFO - Starting attempt 1 of 1
[2024-10-09 10:08:50,867] {taskinstance.py:1358} INFO - 
--------------------------------------------------------------------------------
[2024-10-09 10:08:50,901] {taskinstance.py:1377} INFO - Executing <Task(_PythonDecoratedOperator): DOGE> on 2024-09-16 00:00:00+00:00
[2024-10-09 10:08:50,914] {standard_task_runner.py:52} INFO - Started process 43251 to run task
[2024-10-09 10:08:50,920] {standard_task_runner.py:79} INFO - Running: ['airflow', 'tasks', 'run', 'get_crypto_dag', 'DOGE', 'scheduled__2024-09-16T00:00:00+00:00', '--job-id', '337', '--raw', '--subdir', 'DAGS_FOLDER/get_crypto.py', '--cfg-path', '/tmp/tmp9s_1acr7', '--error-file', '/tmp/tmp9a6cckw4']
[2024-10-09 10:08:50,921] {standard_task_runner.py:80} INFO - Job 337: Subtask DOGE
[2024-10-09 10:08:51,161] {task_command.py:370} INFO - Running <TaskInstance: get_crypto_dag.DOGE scheduled__2024-09-16T00:00:00+00:00 [running]> on host ken
[2024-10-09 10:08:52,131] {taskinstance.py:1569} INFO - Exporting the following env vars:
AIRFLOW_CTX_DAG_OWNER=airflow
AIRFLOW_CTX_DAG_ID=get_crypto_dag
AIRFLOW_CTX_TASK_ID=DOGE
AIRFLOW_CTX_EXECUTION_DATE=2024-09-16T00:00:00+00:00
AIRFLOW_CTX_TRY_NUMBER=1
AIRFLOW_CTX_DAG_RUN_ID=scheduled__2024-09-16T00:00:00+00:00
[2024-10-09 10:08:55,953] {history.py:122} ERROR - $DOGE: possibly delisted; no timezone found
[2024-10-09 10:09:05,963] {python.py:173} INFO - Done. Returned value was: None
[2024-10-09 10:09:06,016] {taskinstance.py:1395} INFO - Marking task as SUCCESS. dag_id=get_crypto_dag, task_id=DOGE, execution_date=20240916T000000, start_date=20241009T130850, end_date=20241009T130906
[2024-10-09 10:09:06,303] {local_task_job.py:156} INFO - Task exited with return code 0
[2024-10-09 10:09:06,550] {local_task_job.py:273} INFO - 0 downstream tasks scheduled from follow-on schedule check
[2024-10-09 10:29:35,913] {taskinstance.py:1159} INFO - Dependencies all met for <TaskInstance: get_crypto_dag.DOGE scheduled__2024-09-16T00:00:00+00:00 [queued]>
[2024-10-09 10:29:35,946] {taskinstance.py:1159} INFO - Dependencies all met for <TaskInstance: get_crypto_dag.DOGE scheduled__2024-09-16T00:00:00+00:00 [queued]>
[2024-10-09 10:29:35,946] {taskinstance.py:1356} INFO - 
--------------------------------------------------------------------------------
[2024-10-09 10:29:35,946] {taskinstance.py:1357} INFO - Starting attempt 1 of 1
[2024-10-09 10:29:35,946] {taskinstance.py:1358} INFO - 
--------------------------------------------------------------------------------
[2024-10-09 10:29:37,057] {taskinstance.py:1377} INFO - Executing <Task(_PythonDecoratedOperator): DOGE> on 2024-09-16 00:00:00+00:00
[2024-10-09 10:29:37,078] {standard_task_runner.py:52} INFO - Started process 52057 to run task
[2024-10-09 10:29:37,090] {standard_task_runner.py:79} INFO - Running: ['airflow', 'tasks', 'run', 'get_crypto_dag', 'DOGE', 'scheduled__2024-09-16T00:00:00+00:00', '--job-id', '354', '--raw', '--subdir', 'DAGS_FOLDER/get_crypto.py', '--cfg-path', '/tmp/tmp_7q0nvqu', '--error-file', '/tmp/tmpicofnhe4']
[2024-10-09 10:29:37,575] {standard_task_runner.py:80} INFO - Job 354: Subtask DOGE
[2024-10-09 10:29:38,363] {task_command.py:370} INFO - Running <TaskInstance: get_crypto_dag.DOGE scheduled__2024-09-16T00:00:00+00:00 [running]> on host ken
[2024-10-09 10:29:38,511] {taskinstance.py:1569} INFO - Exporting the following env vars:
AIRFLOW_CTX_DAG_OWNER=airflow
AIRFLOW_CTX_DAG_ID=get_crypto_dag
AIRFLOW_CTX_TASK_ID=DOGE
AIRFLOW_CTX_EXECUTION_DATE=2024-09-16T00:00:00+00:00
AIRFLOW_CTX_TRY_NUMBER=1
AIRFLOW_CTX_DAG_RUN_ID=scheduled__2024-09-16T00:00:00+00:00
[2024-10-09 10:29:42,057] {history.py:122} ERROR - $DOGE: possibly delisted; no timezone found
[2024-10-09 10:29:52,073] {python.py:173} INFO - Done. Returned value was: None
[2024-10-09 10:29:52,123] {taskinstance.py:1395} INFO - Marking task as SUCCESS. dag_id=get_crypto_dag, task_id=DOGE, execution_date=20240916T000000, start_date=20241009T132935, end_date=20241009T132952
[2024-10-09 10:29:52,213] {local_task_job.py:156} INFO - Task exited with return code 0
[2024-10-09 10:29:52,724] {local_task_job.py:273} INFO - 0 downstream tasks scheduled from follow-on schedule check
