[2024-10-08 17:21:01,585] {taskinstance.py:1159} INFO - Dependencies all met for <TaskInstance: get_stocks_dag.TSLA scheduled__2024-09-28T00:00:00+00:00 [queued]>
[2024-10-08 17:21:01,591] {taskinstance.py:1159} INFO - Dependencies all met for <TaskInstance: get_stocks_dag.TSLA scheduled__2024-09-28T00:00:00+00:00 [queued]>
[2024-10-08 17:21:01,591] {taskinstance.py:1356} INFO - 
--------------------------------------------------------------------------------
[2024-10-08 17:21:01,591] {taskinstance.py:1357} INFO - Starting attempt 1 of 1
[2024-10-08 17:21:01,591] {taskinstance.py:1358} INFO - 
--------------------------------------------------------------------------------
[2024-10-08 17:21:02,034] {taskinstance.py:1377} INFO - Executing <Task(_PythonDecoratedOperator): TSLA> on 2024-09-28 00:00:00+00:00
[2024-10-08 17:21:02,039] {standard_task_runner.py:52} INFO - Started process 38768 to run task
[2024-10-08 17:21:02,043] {standard_task_runner.py:79} INFO - Running: ['airflow', 'tasks', 'run', 'get_stocks_dag', 'TSLA', 'scheduled__2024-09-28T00:00:00+00:00', '--job-id', '177', '--raw', '--subdir', 'DAGS_FOLDER/get_stocks.py', '--cfg-path', '/tmp/tmp442g_kx3', '--error-file', '/tmp/tmp_s3mr0kz']
[2024-10-08 17:21:02,043] {standard_task_runner.py:80} INFO - Job 177: Subtask TSLA
[2024-10-08 17:21:02,266] {task_command.py:370} INFO - Running <TaskInstance: get_stocks_dag.TSLA scheduled__2024-09-28T00:00:00+00:00 [running]> on host ken
[2024-10-08 17:21:02,716] {taskinstance.py:1569} INFO - Exporting the following env vars:
AIRFLOW_CTX_DAG_OWNER=airflow
AIRFLOW_CTX_DAG_ID=get_stocks_dag
AIRFLOW_CTX_TASK_ID=TSLA
AIRFLOW_CTX_EXECUTION_DATE=2024-09-28T00:00:00+00:00
AIRFLOW_CTX_TRY_NUMBER=1
AIRFLOW_CTX_DAG_RUN_ID=scheduled__2024-09-28T00:00:00+00:00
[2024-10-08 17:21:03,441] {python.py:173} INFO - Done. Returned value was: None
[2024-10-08 17:21:03,447] {taskinstance.py:1395} INFO - Marking task as SUCCESS. dag_id=get_stocks_dag, task_id=TSLA, execution_date=20240928T000000, start_date=20241008T202101, end_date=20241008T202103
[2024-10-08 17:21:05,389] {local_task_job.py:156} INFO - Task exited with return code 0
[2024-10-08 17:21:06,754] {local_task_job.py:273} INFO - 0 downstream tasks scheduled from follow-on schedule check
[2024-10-08 23:21:42,616] {taskinstance.py:1159} INFO - Dependencies all met for <TaskInstance: get_stocks_dag.TSLA scheduled__2024-09-28T00:00:00+00:00 [queued]>
[2024-10-08 23:21:42,692] {taskinstance.py:1159} INFO - Dependencies all met for <TaskInstance: get_stocks_dag.TSLA scheduled__2024-09-28T00:00:00+00:00 [queued]>
[2024-10-08 23:21:42,692] {taskinstance.py:1356} INFO - 
--------------------------------------------------------------------------------
[2024-10-08 23:21:42,692] {taskinstance.py:1357} INFO - Starting attempt 1 of 1
[2024-10-08 23:21:42,692] {taskinstance.py:1358} INFO - 
--------------------------------------------------------------------------------
[2024-10-08 23:21:42,821] {taskinstance.py:1377} INFO - Executing <Task(_PythonDecoratedOperator): TSLA> on 2024-09-28 00:00:00+00:00
[2024-10-08 23:21:42,906] {standard_task_runner.py:52} INFO - Started process 22165 to run task
[2024-10-08 23:21:42,926] {standard_task_runner.py:79} INFO - Running: ['airflow', 'tasks', 'run', 'get_stocks_dag', 'TSLA', 'scheduled__2024-09-28T00:00:00+00:00', '--job-id', '36', '--raw', '--subdir', 'DAGS_FOLDER/get_stocks.py', '--cfg-path', '/tmp/tmpe_czgjs4', '--error-file', '/tmp/tmp7coogk3v']
[2024-10-08 23:21:42,950] {standard_task_runner.py:80} INFO - Job 36: Subtask TSLA
[2024-10-08 23:21:43,286] {task_command.py:370} INFO - Running <TaskInstance: get_stocks_dag.TSLA scheduled__2024-09-28T00:00:00+00:00 [running]> on host ken
[2024-10-08 23:21:43,710] {taskinstance.py:1569} INFO - Exporting the following env vars:
AIRFLOW_CTX_DAG_OWNER=airflow
AIRFLOW_CTX_DAG_ID=get_stocks_dag
AIRFLOW_CTX_TASK_ID=TSLA
AIRFLOW_CTX_EXECUTION_DATE=2024-09-28T00:00:00+00:00
AIRFLOW_CTX_TRY_NUMBER=1
AIRFLOW_CTX_DAG_RUN_ID=scheduled__2024-09-28T00:00:00+00:00
[2024-10-08 23:21:45,633] {python.py:173} INFO - Done. Returned value was: None
[2024-10-08 23:21:45,665] {taskinstance.py:1395} INFO - Marking task as SUCCESS. dag_id=get_stocks_dag, task_id=TSLA, execution_date=20240928T000000, start_date=20241009T022142, end_date=20241009T022145
[2024-10-08 23:21:45,723] {local_task_job.py:156} INFO - Task exited with return code 0
[2024-10-08 23:21:45,799] {local_task_job.py:273} INFO - 0 downstream tasks scheduled from follow-on schedule check
[2024-10-09 01:01:09,874] {taskinstance.py:1159} INFO - Dependencies all met for <TaskInstance: get_stocks_dag.TSLA scheduled__2024-09-28T00:00:00+00:00 [queued]>
[2024-10-09 01:01:09,883] {taskinstance.py:1159} INFO - Dependencies all met for <TaskInstance: get_stocks_dag.TSLA scheduled__2024-09-28T00:00:00+00:00 [queued]>
[2024-10-09 01:01:09,883] {taskinstance.py:1356} INFO - 
--------------------------------------------------------------------------------
[2024-10-09 01:01:09,883] {taskinstance.py:1357} INFO - Starting attempt 1 of 1
[2024-10-09 01:01:09,883] {taskinstance.py:1358} INFO - 
--------------------------------------------------------------------------------
[2024-10-09 01:01:09,916] {taskinstance.py:1377} INFO - Executing <Task(_PythonDecoratedOperator): TSLA> on 2024-09-28 00:00:00+00:00
[2024-10-09 01:01:09,922] {standard_task_runner.py:52} INFO - Started process 41957 to run task
[2024-10-09 01:01:09,925] {standard_task_runner.py:79} INFO - Running: ['airflow', 'tasks', 'run', 'get_stocks_dag', 'TSLA', 'scheduled__2024-09-28T00:00:00+00:00', '--job-id', '108', '--raw', '--subdir', 'DAGS_FOLDER/get_stocks.py', '--cfg-path', '/tmp/tmp6eldhw1d', '--error-file', '/tmp/tmpo_enirds']
[2024-10-09 01:01:09,926] {standard_task_runner.py:80} INFO - Job 108: Subtask TSLA
[2024-10-09 01:01:10,033] {task_command.py:370} INFO - Running <TaskInstance: get_stocks_dag.TSLA scheduled__2024-09-28T00:00:00+00:00 [running]> on host ken
[2024-10-09 01:01:10,191] {taskinstance.py:1569} INFO - Exporting the following env vars:
AIRFLOW_CTX_DAG_OWNER=airflow
AIRFLOW_CTX_DAG_ID=get_stocks_dag
AIRFLOW_CTX_TASK_ID=TSLA
AIRFLOW_CTX_EXECUTION_DATE=2024-09-28T00:00:00+00:00
AIRFLOW_CTX_TRY_NUMBER=1
AIRFLOW_CTX_DAG_RUN_ID=scheduled__2024-09-28T00:00:00+00:00
[2024-10-09 01:01:13,410] {history.py:244} ERROR - $TSLA: possibly delisted; no price data found  (1h 2024-09-27 -> 2024-09-28)
[2024-10-09 01:01:13,418] {python.py:173} INFO - Done. Returned value was: None
[2024-10-09 01:01:13,454] {taskinstance.py:1395} INFO - Marking task as SUCCESS. dag_id=get_stocks_dag, task_id=TSLA, execution_date=20240928T000000, start_date=20241009T040109, end_date=20241009T040113
[2024-10-09 01:01:13,514] {local_task_job.py:156} INFO - Task exited with return code 0
[2024-10-09 01:01:13,584] {local_task_job.py:273} INFO - 0 downstream tasks scheduled from follow-on schedule check
[2024-10-09 09:34:28,094] {taskinstance.py:1159} INFO - Dependencies all met for <TaskInstance: get_stocks_dag.TSLA scheduled__2024-09-28T00:00:00+00:00 [queued]>
[2024-10-09 09:34:28,113] {taskinstance.py:1159} INFO - Dependencies all met for <TaskInstance: get_stocks_dag.TSLA scheduled__2024-09-28T00:00:00+00:00 [queued]>
[2024-10-09 09:34:28,114] {taskinstance.py:1356} INFO - 
--------------------------------------------------------------------------------
[2024-10-09 09:34:28,114] {taskinstance.py:1357} INFO - Starting attempt 1 of 1
[2024-10-09 09:34:28,114] {taskinstance.py:1358} INFO - 
--------------------------------------------------------------------------------
[2024-10-09 09:34:28,149] {taskinstance.py:1377} INFO - Executing <Task(_PythonDecoratedOperator): TSLA> on 2024-09-28 00:00:00+00:00
[2024-10-09 09:34:28,160] {standard_task_runner.py:52} INFO - Started process 15373 to run task
[2024-10-09 09:34:28,164] {standard_task_runner.py:79} INFO - Running: ['airflow', 'tasks', 'run', 'get_stocks_dag', 'TSLA', 'scheduled__2024-09-28T00:00:00+00:00', '--job-id', '169', '--raw', '--subdir', 'DAGS_FOLDER/get_stocks.py', '--cfg-path', '/tmp/tmppa3q8qi5', '--error-file', '/tmp/tmphtzr1u4f']
[2024-10-09 09:34:28,165] {standard_task_runner.py:80} INFO - Job 169: Subtask TSLA
[2024-10-09 09:34:28,496] {task_command.py:370} INFO - Running <TaskInstance: get_stocks_dag.TSLA scheduled__2024-09-28T00:00:00+00:00 [running]> on host ken
[2024-10-09 09:34:28,641] {taskinstance.py:1569} INFO - Exporting the following env vars:
AIRFLOW_CTX_DAG_OWNER=airflow
AIRFLOW_CTX_DAG_ID=get_stocks_dag
AIRFLOW_CTX_TASK_ID=TSLA
AIRFLOW_CTX_EXECUTION_DATE=2024-09-28T00:00:00+00:00
AIRFLOW_CTX_TRY_NUMBER=1
AIRFLOW_CTX_DAG_RUN_ID=scheduled__2024-09-28T00:00:00+00:00
[2024-10-09 09:34:29,032] {python.py:173} INFO - Done. Returned value was: None
[2024-10-09 09:34:29,054] {taskinstance.py:1395} INFO - Marking task as SUCCESS. dag_id=get_stocks_dag, task_id=TSLA, execution_date=20240928T000000, start_date=20241009T123428, end_date=20241009T123429
[2024-10-09 09:34:29,143] {local_task_job.py:156} INFO - Task exited with return code 0
[2024-10-09 09:34:30,631] {local_task_job.py:273} INFO - 0 downstream tasks scheduled from follow-on schedule check
[2024-10-09 09:44:09,028] {taskinstance.py:1159} INFO - Dependencies all met for <TaskInstance: get_stocks_dag.TSLA scheduled__2024-09-28T00:00:00+00:00 [queued]>
[2024-10-09 09:44:09,055] {taskinstance.py:1159} INFO - Dependencies all met for <TaskInstance: get_stocks_dag.TSLA scheduled__2024-09-28T00:00:00+00:00 [queued]>
[2024-10-09 09:44:09,056] {taskinstance.py:1356} INFO - 
--------------------------------------------------------------------------------
[2024-10-09 09:44:09,056] {taskinstance.py:1357} INFO - Starting attempt 1 of 1
[2024-10-09 09:44:09,056] {taskinstance.py:1358} INFO - 
--------------------------------------------------------------------------------
[2024-10-09 09:44:09,128] {taskinstance.py:1377} INFO - Executing <Task(_PythonDecoratedOperator): TSLA> on 2024-09-28 00:00:00+00:00
[2024-10-09 09:44:09,140] {standard_task_runner.py:52} INFO - Started process 23529 to run task
[2024-10-09 09:44:09,150] {standard_task_runner.py:79} INFO - Running: ['airflow', 'tasks', 'run', 'get_stocks_dag', 'TSLA', 'scheduled__2024-09-28T00:00:00+00:00', '--job-id', '236', '--raw', '--subdir', 'DAGS_FOLDER/get_stocks.py', '--cfg-path', '/tmp/tmpu4g3jxqw', '--error-file', '/tmp/tmps5iubh3i']
[2024-10-09 09:44:09,152] {standard_task_runner.py:80} INFO - Job 236: Subtask TSLA
[2024-10-09 09:44:09,544] {task_command.py:370} INFO - Running <TaskInstance: get_stocks_dag.TSLA scheduled__2024-09-28T00:00:00+00:00 [running]> on host ken
[2024-10-09 09:44:09,717] {taskinstance.py:1569} INFO - Exporting the following env vars:
AIRFLOW_CTX_DAG_OWNER=airflow
AIRFLOW_CTX_DAG_ID=get_stocks_dag
AIRFLOW_CTX_TASK_ID=TSLA
AIRFLOW_CTX_EXECUTION_DATE=2024-09-28T00:00:00+00:00
AIRFLOW_CTX_TRY_NUMBER=1
AIRFLOW_CTX_DAG_RUN_ID=scheduled__2024-09-28T00:00:00+00:00
[2024-10-09 09:44:16,401] {python.py:173} INFO - Done. Returned value was: None
[2024-10-09 09:44:16,423] {taskinstance.py:1395} INFO - Marking task as SUCCESS. dag_id=get_stocks_dag, task_id=TSLA, execution_date=20240928T000000, start_date=20241009T124409, end_date=20241009T124416
[2024-10-09 09:44:16,497] {local_task_job.py:156} INFO - Task exited with return code 0
[2024-10-09 09:44:16,721] {local_task_job.py:273} INFO - 0 downstream tasks scheduled from follow-on schedule check
[2024-10-09 09:48:12,159] {taskinstance.py:1159} INFO - Dependencies all met for <TaskInstance: get_stocks_dag.TSLA scheduled__2024-09-28T00:00:00+00:00 [queued]>
[2024-10-09 09:48:12,186] {taskinstance.py:1159} INFO - Dependencies all met for <TaskInstance: get_stocks_dag.TSLA scheduled__2024-09-28T00:00:00+00:00 [queued]>
[2024-10-09 09:48:12,187] {taskinstance.py:1356} INFO - 
--------------------------------------------------------------------------------
[2024-10-09 09:48:12,187] {taskinstance.py:1357} INFO - Starting attempt 1 of 1
[2024-10-09 09:48:12,187] {taskinstance.py:1358} INFO - 
--------------------------------------------------------------------------------
[2024-10-09 09:48:12,225] {taskinstance.py:1377} INFO - Executing <Task(_PythonDecoratedOperator): TSLA> on 2024-09-28 00:00:00+00:00
[2024-10-09 09:48:12,235] {standard_task_runner.py:52} INFO - Started process 29986 to run task
[2024-10-09 09:48:12,238] {standard_task_runner.py:79} INFO - Running: ['airflow', 'tasks', 'run', 'get_stocks_dag', 'TSLA', 'scheduled__2024-09-28T00:00:00+00:00', '--job-id', '301', '--raw', '--subdir', 'DAGS_FOLDER/get_stocks.py', '--cfg-path', '/tmp/tmpqsc5a_4h', '--error-file', '/tmp/tmpaepu4ru4']
[2024-10-09 09:48:12,239] {standard_task_runner.py:80} INFO - Job 301: Subtask TSLA
[2024-10-09 09:48:12,636] {task_command.py:370} INFO - Running <TaskInstance: get_stocks_dag.TSLA scheduled__2024-09-28T00:00:00+00:00 [running]> on host ken
[2024-10-09 09:48:13,142] {taskinstance.py:1569} INFO - Exporting the following env vars:
AIRFLOW_CTX_DAG_OWNER=airflow
AIRFLOW_CTX_DAG_ID=get_stocks_dag
AIRFLOW_CTX_TASK_ID=TSLA
AIRFLOW_CTX_EXECUTION_DATE=2024-09-28T00:00:00+00:00
AIRFLOW_CTX_TRY_NUMBER=1
AIRFLOW_CTX_DAG_RUN_ID=scheduled__2024-09-28T00:00:00+00:00
[2024-10-09 09:48:13,715] {python.py:173} INFO - Done. Returned value was: None
[2024-10-09 09:48:13,744] {taskinstance.py:1395} INFO - Marking task as SUCCESS. dag_id=get_stocks_dag, task_id=TSLA, execution_date=20240928T000000, start_date=20241009T124812, end_date=20241009T124813
[2024-10-09 09:48:14,298] {local_task_job.py:156} INFO - Task exited with return code 0
[2024-10-09 09:48:14,565] {local_task_job.py:273} INFO - 0 downstream tasks scheduled from follow-on schedule check
[2024-10-09 10:40:33,135] {taskinstance.py:1159} INFO - Dependencies all met for <TaskInstance: get_stocks_dag.TSLA scheduled__2024-09-28T00:00:00+00:00 [queued]>
[2024-10-09 10:40:33,332] {taskinstance.py:1159} INFO - Dependencies all met for <TaskInstance: get_stocks_dag.TSLA scheduled__2024-09-28T00:00:00+00:00 [queued]>
[2024-10-09 10:40:33,333] {taskinstance.py:1356} INFO - 
--------------------------------------------------------------------------------
[2024-10-09 10:40:33,333] {taskinstance.py:1357} INFO - Starting attempt 1 of 1
[2024-10-09 10:40:33,333] {taskinstance.py:1358} INFO - 
--------------------------------------------------------------------------------
[2024-10-09 10:40:33,405] {taskinstance.py:1377} INFO - Executing <Task(_PythonDecoratedOperator): TSLA> on 2024-09-28 00:00:00+00:00
[2024-10-09 10:40:33,421] {standard_task_runner.py:52} INFO - Started process 67349 to run task
[2024-10-09 10:40:33,429] {standard_task_runner.py:79} INFO - Running: ['airflow', 'tasks', 'run', 'get_stocks_dag', 'TSLA', 'scheduled__2024-09-28T00:00:00+00:00', '--job-id', '439', '--raw', '--subdir', 'DAGS_FOLDER/get_stocks.py', '--cfg-path', '/tmp/tmp5unyegez', '--error-file', '/tmp/tmpna__ow57']
[2024-10-09 10:40:33,431] {standard_task_runner.py:80} INFO - Job 439: Subtask TSLA
[2024-10-09 10:40:33,987] {task_command.py:370} INFO - Running <TaskInstance: get_stocks_dag.TSLA scheduled__2024-09-28T00:00:00+00:00 [running]> on host ken
[2024-10-09 10:40:34,877] {taskinstance.py:1569} INFO - Exporting the following env vars:
AIRFLOW_CTX_DAG_OWNER=airflow
AIRFLOW_CTX_DAG_ID=get_stocks_dag
AIRFLOW_CTX_TASK_ID=TSLA
AIRFLOW_CTX_EXECUTION_DATE=2024-09-28T00:00:00+00:00
AIRFLOW_CTX_TRY_NUMBER=1
AIRFLOW_CTX_DAG_RUN_ID=scheduled__2024-09-28T00:00:00+00:00
[2024-10-09 10:40:45,686] {python.py:173} INFO - Done. Returned value was: None
[2024-10-09 10:40:46,751] {taskinstance.py:1395} INFO - Marking task as SUCCESS. dag_id=get_stocks_dag, task_id=TSLA, execution_date=20240928T000000, start_date=20241009T134033, end_date=20241009T134046
[2024-10-09 10:40:47,011] {local_task_job.py:156} INFO - Task exited with return code 0
[2024-10-09 10:40:47,133] {local_task_job.py:273} INFO - 0 downstream tasks scheduled from follow-on schedule check
