[2024-10-09 10:32:55,458] {taskinstance.py:1159} INFO - Dependencies all met for <TaskInstance: get_crypto_dag.AVAX scheduled__2024-09-20T00:00:00+00:00 [queued]>
[2024-10-09 10:32:55,469] {taskinstance.py:1159} INFO - Dependencies all met for <TaskInstance: get_crypto_dag.AVAX scheduled__2024-09-20T00:00:00+00:00 [queued]>
[2024-10-09 10:32:55,469] {taskinstance.py:1356} INFO - 
--------------------------------------------------------------------------------
[2024-10-09 10:32:55,469] {taskinstance.py:1357} INFO - Starting attempt 1 of 1
[2024-10-09 10:32:55,470] {taskinstance.py:1358} INFO - 
--------------------------------------------------------------------------------
[2024-10-09 10:32:55,503] {taskinstance.py:1377} INFO - Executing <Task(_PythonDecoratedOperator): AVAX> on 2024-09-20 00:00:00+00:00
[2024-10-09 10:32:55,515] {standard_task_runner.py:52} INFO - Started process 56891 to run task
[2024-10-09 10:32:55,522] {standard_task_runner.py:79} INFO - Running: ['airflow', 'tasks', 'run', 'get_crypto_dag', 'AVAX', 'scheduled__2024-09-20T00:00:00+00:00', '--job-id', '379', '--raw', '--subdir', 'DAGS_FOLDER/get_crypto.py', '--cfg-path', '/tmp/tmp1_s7fx4h', '--error-file', '/tmp/tmphad1dqjl']
[2024-10-09 10:32:55,525] {standard_task_runner.py:80} INFO - Job 379: Subtask AVAX
[2024-10-09 10:32:56,085] {task_command.py:370} INFO - Running <TaskInstance: get_crypto_dag.AVAX scheduled__2024-09-20T00:00:00+00:00 [running]> on host ken
[2024-10-09 10:32:56,237] {taskinstance.py:1569} INFO - Exporting the following env vars:
AIRFLOW_CTX_DAG_OWNER=airflow
AIRFLOW_CTX_DAG_ID=get_crypto_dag
AIRFLOW_CTX_TASK_ID=AVAX
AIRFLOW_CTX_EXECUTION_DATE=2024-09-20T00:00:00+00:00
AIRFLOW_CTX_TRY_NUMBER=1
AIRFLOW_CTX_DAG_RUN_ID=scheduled__2024-09-20T00:00:00+00:00
[2024-10-09 10:33:00,278] {history.py:122} ERROR - $AVAX: possibly delisted; no timezone found
[2024-10-09 10:33:10,280] {python.py:173} INFO - Done. Returned value was: None
[2024-10-09 10:33:10,330] {taskinstance.py:1395} INFO - Marking task as SUCCESS. dag_id=get_crypto_dag, task_id=AVAX, execution_date=20240920T000000, start_date=20241009T133255, end_date=20241009T133310
[2024-10-09 10:33:10,777] {local_task_job.py:156} INFO - Task exited with return code 0
[2024-10-09 10:33:11,128] {local_task_job.py:273} INFO - 0 downstream tasks scheduled from follow-on schedule check
