[2024-10-08 17:12:20,095] {taskinstance.py:1159} INFO - Dependencies all met for <TaskInstance: get_stocks_dag.MSFT scheduled__2022-02-05T00:00:00+00:00 [queued]>
[2024-10-08 17:12:20,102] {taskinstance.py:1159} INFO - Dependencies all met for <TaskInstance: get_stocks_dag.MSFT scheduled__2022-02-05T00:00:00+00:00 [queued]>
[2024-10-08 17:12:20,102] {taskinstance.py:1356} INFO - 
--------------------------------------------------------------------------------
[2024-10-08 17:12:20,102] {taskinstance.py:1357} INFO - Starting attempt 1 of 1
[2024-10-08 17:12:20,102] {taskinstance.py:1358} INFO - 
--------------------------------------------------------------------------------
[2024-10-08 17:12:20,738] {taskinstance.py:1377} INFO - Executing <Task(_PythonDecoratedOperator): MSFT> on 2022-02-05 00:00:00+00:00
[2024-10-08 17:12:20,743] {standard_task_runner.py:52} INFO - Started process 33026 to run task
[2024-10-08 17:12:20,746] {standard_task_runner.py:79} INFO - Running: ['airflow', 'tasks', 'run', 'get_stocks_dag', 'MSFT', 'scheduled__2022-02-05T00:00:00+00:00', '--job-id', '124', '--raw', '--subdir', 'DAGS_FOLDER/get_stocks.py', '--cfg-path', '/tmp/tmpkm0rv_qy', '--error-file', '/tmp/tmp5f2vmkxu']
[2024-10-08 17:12:20,746] {standard_task_runner.py:80} INFO - Job 124: Subtask MSFT
[2024-10-08 17:12:21,369] {task_command.py:370} INFO - Running <TaskInstance: get_stocks_dag.MSFT scheduled__2022-02-05T00:00:00+00:00 [running]> on host ken
[2024-10-08 17:12:22,177] {taskinstance.py:1569} INFO - Exporting the following env vars:
AIRFLOW_CTX_DAG_OWNER=airflow
AIRFLOW_CTX_DAG_ID=get_stocks_dag
AIRFLOW_CTX_TASK_ID=MSFT
AIRFLOW_CTX_EXECUTION_DATE=2022-02-05T00:00:00+00:00
AIRFLOW_CTX_TRY_NUMBER=1
AIRFLOW_CTX_DAG_RUN_ID=scheduled__2022-02-05T00:00:00+00:00
[2024-10-08 17:12:26,013] {history.py:244} ERROR - $MSFT: possibly delisted; no price data found  (1h 2022-02-04 -> 2022-02-05) (Yahoo error = "1h data not available for startTime=1643950800 and endTime=1644037200. The requested range must be within the last 730 days.")
[2024-10-08 17:12:26,020] {python.py:173} INFO - Done. Returned value was: None
[2024-10-08 17:12:26,034] {taskinstance.py:1395} INFO - Marking task as SUCCESS. dag_id=get_stocks_dag, task_id=MSFT, execution_date=20220205T000000, start_date=20241008T201220, end_date=20241008T201226
[2024-10-08 17:12:26,746] {local_task_job.py:156} INFO - Task exited with return code 0
[2024-10-08 17:12:26,774] {local_task_job.py:273} INFO - 0 downstream tasks scheduled from follow-on schedule check
