[2024-10-09 10:06:57,959] {taskinstance.py:1159} INFO - Dependencies all met for <TaskInstance: get_crypto_dag.BTC scheduled__2024-09-15T00:00:00+00:00 [queued]>
[2024-10-09 10:06:57,981] {taskinstance.py:1159} INFO - Dependencies all met for <TaskInstance: get_crypto_dag.BTC scheduled__2024-09-15T00:00:00+00:00 [queued]>
[2024-10-09 10:06:57,981] {taskinstance.py:1356} INFO - 
--------------------------------------------------------------------------------
[2024-10-09 10:06:57,981] {taskinstance.py:1357} INFO - Starting attempt 1 of 1
[2024-10-09 10:06:57,981] {taskinstance.py:1358} INFO - 
--------------------------------------------------------------------------------
[2024-10-09 10:06:59,059] {taskinstance.py:1377} INFO - Executing <Task(_PythonDecoratedOperator): BTC> on 2024-09-15 00:00:00+00:00
[2024-10-09 10:06:59,069] {standard_task_runner.py:52} INFO - Started process 41092 to run task
[2024-10-09 10:06:59,075] {standard_task_runner.py:79} INFO - Running: ['airflow', 'tasks', 'run', 'get_crypto_dag', 'BTC', 'scheduled__2024-09-15T00:00:00+00:00', '--job-id', '330', '--raw', '--subdir', 'DAGS_FOLDER/get_crypto.py', '--cfg-path', '/tmp/tmp2dx3q2bu', '--error-file', '/tmp/tmp_mo_idxb']
[2024-10-09 10:06:59,080] {standard_task_runner.py:80} INFO - Job 330: Subtask BTC
[2024-10-09 10:06:59,436] {task_command.py:370} INFO - Running <TaskInstance: get_crypto_dag.BTC scheduled__2024-09-15T00:00:00+00:00 [running]> on host ken
[2024-10-09 10:06:59,679] {taskinstance.py:1569} INFO - Exporting the following env vars:
AIRFLOW_CTX_DAG_OWNER=airflow
AIRFLOW_CTX_DAG_ID=get_crypto_dag
AIRFLOW_CTX_TASK_ID=BTC
AIRFLOW_CTX_EXECUTION_DATE=2024-09-15T00:00:00+00:00
AIRFLOW_CTX_TRY_NUMBER=1
AIRFLOW_CTX_DAG_RUN_ID=scheduled__2024-09-15T00:00:00+00:00
[2024-10-09 10:07:00,614] {history.py:244} ERROR - $BTC: possibly delisted; no price data found  (1h 2024-09-14 -> 2024-09-15)
[2024-10-09 10:07:10,631] {python.py:173} INFO - Done. Returned value was: None
[2024-10-09 10:07:10,689] {taskinstance.py:1395} INFO - Marking task as SUCCESS. dag_id=get_crypto_dag, task_id=BTC, execution_date=20240915T000000, start_date=20241009T130657, end_date=20241009T130710
[2024-10-09 10:07:10,790] {local_task_job.py:156} INFO - Task exited with return code 0
[2024-10-09 10:07:10,895] {local_task_job.py:273} INFO - 0 downstream tasks scheduled from follow-on schedule check
[2024-10-09 10:29:05,873] {taskinstance.py:1159} INFO - Dependencies all met for <TaskInstance: get_crypto_dag.BTC scheduled__2024-09-15T00:00:00+00:00 [queued]>
[2024-10-09 10:29:05,910] {taskinstance.py:1159} INFO - Dependencies all met for <TaskInstance: get_crypto_dag.BTC scheduled__2024-09-15T00:00:00+00:00 [queued]>
[2024-10-09 10:29:05,910] {taskinstance.py:1356} INFO - 
--------------------------------------------------------------------------------
[2024-10-09 10:29:05,910] {taskinstance.py:1357} INFO - Starting attempt 1 of 1
[2024-10-09 10:29:05,910] {taskinstance.py:1358} INFO - 
--------------------------------------------------------------------------------
[2024-10-09 10:29:06,863] {taskinstance.py:1377} INFO - Executing <Task(_PythonDecoratedOperator): BTC> on 2024-09-15 00:00:00+00:00
[2024-10-09 10:29:06,910] {standard_task_runner.py:52} INFO - Started process 51394 to run task
[2024-10-09 10:29:06,929] {standard_task_runner.py:79} INFO - Running: ['airflow', 'tasks', 'run', 'get_crypto_dag', 'BTC', 'scheduled__2024-09-15T00:00:00+00:00', '--job-id', '349', '--raw', '--subdir', 'DAGS_FOLDER/get_crypto.py', '--cfg-path', '/tmp/tmpcgopndrl', '--error-file', '/tmp/tmpaefif9wo']
[2024-10-09 10:29:06,933] {standard_task_runner.py:80} INFO - Job 349: Subtask BTC
[2024-10-09 10:29:07,327] {task_command.py:370} INFO - Running <TaskInstance: get_crypto_dag.BTC scheduled__2024-09-15T00:00:00+00:00 [running]> on host ken
[2024-10-09 10:29:07,507] {taskinstance.py:1569} INFO - Exporting the following env vars:
AIRFLOW_CTX_DAG_OWNER=airflow
AIRFLOW_CTX_DAG_ID=get_crypto_dag
AIRFLOW_CTX_TASK_ID=BTC
AIRFLOW_CTX_EXECUTION_DATE=2024-09-15T00:00:00+00:00
AIRFLOW_CTX_TRY_NUMBER=1
AIRFLOW_CTX_DAG_RUN_ID=scheduled__2024-09-15T00:00:00+00:00
[2024-10-09 10:29:08,038] {history.py:244} ERROR - $BTC: possibly delisted; no price data found  (1h 2024-09-14 -> 2024-09-15)
[2024-10-09 10:29:18,057] {python.py:173} INFO - Done. Returned value was: None
[2024-10-09 10:29:18,096] {taskinstance.py:1395} INFO - Marking task as SUCCESS. dag_id=get_crypto_dag, task_id=BTC, execution_date=20240915T000000, start_date=20241009T132905, end_date=20241009T132918
[2024-10-09 10:29:18,175] {local_task_job.py:156} INFO - Task exited with return code 0
[2024-10-09 10:29:18,565] {local_task_job.py:273} INFO - 0 downstream tasks scheduled from follow-on schedule check
