[2024-10-08 13:23:47,272] {processor.py:153} INFO - Started process (PID=37558) to work on /home/kennedy/KR/Programação/00.Estudos/DataEng/Alura/airflow-executores/venv/lib/python3.9/site-packages/airflow/example_dags/example_dag_decorator.py
[2024-10-08 13:23:47,273] {processor.py:641} INFO - Processing file /home/kennedy/KR/Programação/00.Estudos/DataEng/Alura/airflow-executores/venv/lib/python3.9/site-packages/airflow/example_dags/example_dag_decorator.py for tasks to queue
[2024-10-08 13:23:47,274] {logging_mixin.py:115} INFO - [2024-10-08 13:23:47,274] {dagbag.py:507} INFO - Filling up the DagBag from /home/kennedy/KR/Programação/00.Estudos/DataEng/Alura/airflow-executores/venv/lib/python3.9/site-packages/airflow/example_dags/example_dag_decorator.py
[2024-10-08 13:23:47,306] {processor.py:651} INFO - DAG(s) dict_keys(['example_dag_decorator']) retrieved from /home/kennedy/KR/Programação/00.Estudos/DataEng/Alura/airflow-executores/venv/lib/python3.9/site-packages/airflow/example_dags/example_dag_decorator.py
[2024-10-08 13:23:48,515] {logging_mixin.py:115} INFO - [2024-10-08 13:23:48,515] {manager.py:508} INFO - Created Permission View: can delete on DAG:example_dag_decorator
[2024-10-08 13:23:48,701] {logging_mixin.py:115} INFO - [2024-10-08 13:23:48,701] {manager.py:508} INFO - Created Permission View: can read on DAG:example_dag_decorator
[2024-10-08 13:23:48,803] {logging_mixin.py:115} INFO - [2024-10-08 13:23:48,802] {manager.py:508} INFO - Created Permission View: can edit on DAG:example_dag_decorator
[2024-10-08 13:23:48,803] {logging_mixin.py:115} INFO - [2024-10-08 13:23:48,803] {dag.py:2379} INFO - Sync 1 DAGs
[2024-10-08 13:23:48,819] {logging_mixin.py:115} INFO - [2024-10-08 13:23:48,819] {dag.py:2398} INFO - Creating ORM DAG for example_dag_decorator
[2024-10-08 13:23:48,835] {logging_mixin.py:115} INFO - [2024-10-08 13:23:48,835] {dag.py:2927} INFO - Setting next_dagrun for example_dag_decorator to None, run_after=None
[2024-10-08 13:23:50,751] {processor.py:161} INFO - Processing /home/kennedy/KR/Programação/00.Estudos/DataEng/Alura/airflow-executores/venv/lib/python3.9/site-packages/airflow/example_dags/example_dag_decorator.py took 3.488 seconds
[2024-10-08 13:25:24,092] {processor.py:153} INFO - Started process (PID=37741) to work on /home/kennedy/KR/Programação/00.Estudos/DataEng/Alura/airflow-executores/venv/lib/python3.9/site-packages/airflow/example_dags/example_dag_decorator.py
[2024-10-08 13:25:24,095] {processor.py:641} INFO - Processing file /home/kennedy/KR/Programação/00.Estudos/DataEng/Alura/airflow-executores/venv/lib/python3.9/site-packages/airflow/example_dags/example_dag_decorator.py for tasks to queue
[2024-10-08 13:25:24,096] {logging_mixin.py:115} INFO - [2024-10-08 13:25:24,096] {dagbag.py:507} INFO - Filling up the DagBag from /home/kennedy/KR/Programação/00.Estudos/DataEng/Alura/airflow-executores/venv/lib/python3.9/site-packages/airflow/example_dags/example_dag_decorator.py
[2024-10-08 13:25:24,127] {processor.py:651} INFO - DAG(s) dict_keys(['example_dag_decorator']) retrieved from /home/kennedy/KR/Programação/00.Estudos/DataEng/Alura/airflow-executores/venv/lib/python3.9/site-packages/airflow/example_dags/example_dag_decorator.py
[2024-10-08 13:25:24,162] {logging_mixin.py:115} INFO - [2024-10-08 13:25:24,162] {dag.py:2379} INFO - Sync 1 DAGs
[2024-10-08 13:25:24,173] {logging_mixin.py:115} INFO - [2024-10-08 13:25:24,173] {dag.py:2927} INFO - Setting next_dagrun for example_dag_decorator to None, run_after=None
[2024-10-08 13:25:25,545] {processor.py:161} INFO - Processing /home/kennedy/KR/Programação/00.Estudos/DataEng/Alura/airflow-executores/venv/lib/python3.9/site-packages/airflow/example_dags/example_dag_decorator.py took 1.463 seconds
[2024-10-08 13:26:34,334] {processor.py:153} INFO - Started process (PID=37825) to work on /home/kennedy/KR/Programação/00.Estudos/DataEng/Alura/airflow-executores/venv/lib/python3.9/site-packages/airflow/example_dags/example_dag_decorator.py
[2024-10-08 13:26:34,393] {processor.py:641} INFO - Processing file /home/kennedy/KR/Programação/00.Estudos/DataEng/Alura/airflow-executores/venv/lib/python3.9/site-packages/airflow/example_dags/example_dag_decorator.py for tasks to queue
[2024-10-08 13:26:34,394] {logging_mixin.py:115} INFO - [2024-10-08 13:26:34,394] {dagbag.py:507} INFO - Filling up the DagBag from /home/kennedy/KR/Programação/00.Estudos/DataEng/Alura/airflow-executores/venv/lib/python3.9/site-packages/airflow/example_dags/example_dag_decorator.py
[2024-10-08 13:26:34,425] {processor.py:651} INFO - DAG(s) dict_keys(['example_dag_decorator']) retrieved from /home/kennedy/KR/Programação/00.Estudos/DataEng/Alura/airflow-executores/venv/lib/python3.9/site-packages/airflow/example_dags/example_dag_decorator.py
[2024-10-08 13:26:34,461] {logging_mixin.py:115} INFO - [2024-10-08 13:26:34,461] {dag.py:2379} INFO - Sync 1 DAGs
[2024-10-08 13:26:34,473] {logging_mixin.py:115} INFO - [2024-10-08 13:26:34,473] {dag.py:2927} INFO - Setting next_dagrun for example_dag_decorator to None, run_after=None
[2024-10-08 13:26:34,668] {processor.py:161} INFO - Processing /home/kennedy/KR/Programação/00.Estudos/DataEng/Alura/airflow-executores/venv/lib/python3.9/site-packages/airflow/example_dags/example_dag_decorator.py took 0.342 seconds
[2024-10-08 13:27:57,697] {processor.py:153} INFO - Started process (PID=38010) to work on /home/kennedy/KR/Programação/00.Estudos/DataEng/Alura/airflow-executores/venv/lib/python3.9/site-packages/airflow/example_dags/example_dag_decorator.py
[2024-10-08 13:27:57,711] {processor.py:641} INFO - Processing file /home/kennedy/KR/Programação/00.Estudos/DataEng/Alura/airflow-executores/venv/lib/python3.9/site-packages/airflow/example_dags/example_dag_decorator.py for tasks to queue
[2024-10-08 13:27:57,713] {logging_mixin.py:115} INFO - [2024-10-08 13:27:57,712] {dagbag.py:507} INFO - Filling up the DagBag from /home/kennedy/KR/Programação/00.Estudos/DataEng/Alura/airflow-executores/venv/lib/python3.9/site-packages/airflow/example_dags/example_dag_decorator.py
[2024-10-08 13:27:57,750] {processor.py:651} INFO - DAG(s) dict_keys(['example_dag_decorator']) retrieved from /home/kennedy/KR/Programação/00.Estudos/DataEng/Alura/airflow-executores/venv/lib/python3.9/site-packages/airflow/example_dags/example_dag_decorator.py
[2024-10-08 13:27:57,784] {logging_mixin.py:115} INFO - [2024-10-08 13:27:57,784] {dag.py:2379} INFO - Sync 1 DAGs
[2024-10-08 13:27:57,796] {logging_mixin.py:115} INFO - [2024-10-08 13:27:57,796] {dag.py:2927} INFO - Setting next_dagrun for example_dag_decorator to None, run_after=None
[2024-10-08 13:27:59,185] {processor.py:161} INFO - Processing /home/kennedy/KR/Programação/00.Estudos/DataEng/Alura/airflow-executores/venv/lib/python3.9/site-packages/airflow/example_dags/example_dag_decorator.py took 1.494 seconds
[2024-10-08 13:29:14,991] {processor.py:153} INFO - Started process (PID=38146) to work on /home/kennedy/KR/Programação/00.Estudos/DataEng/Alura/airflow-executores/venv/lib/python3.9/site-packages/airflow/example_dags/example_dag_decorator.py
[2024-10-08 13:29:14,997] {processor.py:641} INFO - Processing file /home/kennedy/KR/Programação/00.Estudos/DataEng/Alura/airflow-executores/venv/lib/python3.9/site-packages/airflow/example_dags/example_dag_decorator.py for tasks to queue
[2024-10-08 13:29:14,997] {logging_mixin.py:115} INFO - [2024-10-08 13:29:14,997] {dagbag.py:507} INFO - Filling up the DagBag from /home/kennedy/KR/Programação/00.Estudos/DataEng/Alura/airflow-executores/venv/lib/python3.9/site-packages/airflow/example_dags/example_dag_decorator.py
[2024-10-08 13:29:15,015] {processor.py:651} INFO - DAG(s) dict_keys(['example_dag_decorator']) retrieved from /home/kennedy/KR/Programação/00.Estudos/DataEng/Alura/airflow-executores/venv/lib/python3.9/site-packages/airflow/example_dags/example_dag_decorator.py
[2024-10-08 13:29:15,055] {logging_mixin.py:115} INFO - [2024-10-08 13:29:15,055] {dag.py:2379} INFO - Sync 1 DAGs
[2024-10-08 13:29:15,066] {logging_mixin.py:115} INFO - [2024-10-08 13:29:15,066] {dag.py:2927} INFO - Setting next_dagrun for example_dag_decorator to None, run_after=None
[2024-10-08 13:29:16,753] {processor.py:161} INFO - Processing /home/kennedy/KR/Programação/00.Estudos/DataEng/Alura/airflow-executores/venv/lib/python3.9/site-packages/airflow/example_dags/example_dag_decorator.py took 1.764 seconds
[2024-10-08 13:30:14,280] {processor.py:153} INFO - Started process (PID=38540) to work on /home/kennedy/KR/Programação/00.Estudos/DataEng/Alura/airflow-executores/venv/lib/python3.9/site-packages/airflow/example_dags/example_dag_decorator.py
[2024-10-08 13:30:14,366] {processor.py:641} INFO - Processing file /home/kennedy/KR/Programação/00.Estudos/DataEng/Alura/airflow-executores/venv/lib/python3.9/site-packages/airflow/example_dags/example_dag_decorator.py for tasks to queue
[2024-10-08 13:30:14,366] {logging_mixin.py:115} INFO - [2024-10-08 13:30:14,366] {dagbag.py:507} INFO - Filling up the DagBag from /home/kennedy/KR/Programação/00.Estudos/DataEng/Alura/airflow-executores/venv/lib/python3.9/site-packages/airflow/example_dags/example_dag_decorator.py
[2024-10-08 13:30:14,385] {processor.py:651} INFO - DAG(s) dict_keys(['example_dag_decorator']) retrieved from /home/kennedy/KR/Programação/00.Estudos/DataEng/Alura/airflow-executores/venv/lib/python3.9/site-packages/airflow/example_dags/example_dag_decorator.py
[2024-10-08 13:30:14,423] {logging_mixin.py:115} INFO - [2024-10-08 13:30:14,423] {dag.py:2379} INFO - Sync 1 DAGs
[2024-10-08 13:30:14,440] {logging_mixin.py:115} INFO - [2024-10-08 13:30:14,440] {dag.py:2927} INFO - Setting next_dagrun for example_dag_decorator to None, run_after=None
[2024-10-08 13:30:16,094] {processor.py:161} INFO - Processing /home/kennedy/KR/Programação/00.Estudos/DataEng/Alura/airflow-executores/venv/lib/python3.9/site-packages/airflow/example_dags/example_dag_decorator.py took 1.817 seconds
[2024-10-08 13:31:13,107] {processor.py:153} INFO - Started process (PID=38627) to work on /home/kennedy/KR/Programação/00.Estudos/DataEng/Alura/airflow-executores/venv/lib/python3.9/site-packages/airflow/example_dags/example_dag_decorator.py
[2024-10-08 13:31:13,176] {processor.py:641} INFO - Processing file /home/kennedy/KR/Programação/00.Estudos/DataEng/Alura/airflow-executores/venv/lib/python3.9/site-packages/airflow/example_dags/example_dag_decorator.py for tasks to queue
[2024-10-08 13:31:13,178] {logging_mixin.py:115} INFO - [2024-10-08 13:31:13,178] {dagbag.py:507} INFO - Filling up the DagBag from /home/kennedy/KR/Programação/00.Estudos/DataEng/Alura/airflow-executores/venv/lib/python3.9/site-packages/airflow/example_dags/example_dag_decorator.py
[2024-10-08 13:31:13,233] {processor.py:651} INFO - DAG(s) dict_keys(['example_dag_decorator']) retrieved from /home/kennedy/KR/Programação/00.Estudos/DataEng/Alura/airflow-executores/venv/lib/python3.9/site-packages/airflow/example_dags/example_dag_decorator.py
[2024-10-08 13:31:13,255] {logging_mixin.py:115} INFO - [2024-10-08 13:31:13,255] {dag.py:2379} INFO - Sync 1 DAGs
[2024-10-08 13:31:13,270] {logging_mixin.py:115} INFO - [2024-10-08 13:31:13,270] {dag.py:2927} INFO - Setting next_dagrun for example_dag_decorator to None, run_after=None
[2024-10-08 13:31:14,076] {processor.py:161} INFO - Processing /home/kennedy/KR/Programação/00.Estudos/DataEng/Alura/airflow-executores/venv/lib/python3.9/site-packages/airflow/example_dags/example_dag_decorator.py took 0.976 seconds
[2024-10-08 13:32:21,033] {processor.py:153} INFO - Started process (PID=38812) to work on /home/kennedy/KR/Programação/00.Estudos/DataEng/Alura/airflow-executores/venv/lib/python3.9/site-packages/airflow/example_dags/example_dag_decorator.py
[2024-10-08 13:32:21,083] {processor.py:641} INFO - Processing file /home/kennedy/KR/Programação/00.Estudos/DataEng/Alura/airflow-executores/venv/lib/python3.9/site-packages/airflow/example_dags/example_dag_decorator.py for tasks to queue
[2024-10-08 13:32:21,084] {logging_mixin.py:115} INFO - [2024-10-08 13:32:21,084] {dagbag.py:507} INFO - Filling up the DagBag from /home/kennedy/KR/Programação/00.Estudos/DataEng/Alura/airflow-executores/venv/lib/python3.9/site-packages/airflow/example_dags/example_dag_decorator.py
[2024-10-08 13:32:21,135] {processor.py:651} INFO - DAG(s) dict_keys(['example_dag_decorator']) retrieved from /home/kennedy/KR/Programação/00.Estudos/DataEng/Alura/airflow-executores/venv/lib/python3.9/site-packages/airflow/example_dags/example_dag_decorator.py
[2024-10-08 13:32:21,188] {logging_mixin.py:115} INFO - [2024-10-08 13:32:21,188] {dag.py:2379} INFO - Sync 1 DAGs
[2024-10-08 13:32:21,203] {logging_mixin.py:115} INFO - [2024-10-08 13:32:21,202] {dag.py:2927} INFO - Setting next_dagrun for example_dag_decorator to None, run_after=None
[2024-10-08 13:32:22,699] {processor.py:161} INFO - Processing /home/kennedy/KR/Programação/00.Estudos/DataEng/Alura/airflow-executores/venv/lib/python3.9/site-packages/airflow/example_dags/example_dag_decorator.py took 1.673 seconds
[2024-10-08 13:33:39,980] {processor.py:153} INFO - Started process (PID=38912) to work on /home/kennedy/KR/Programação/00.Estudos/DataEng/Alura/airflow-executores/venv/lib/python3.9/site-packages/airflow/example_dags/example_dag_decorator.py
[2024-10-08 13:33:39,982] {processor.py:641} INFO - Processing file /home/kennedy/KR/Programação/00.Estudos/DataEng/Alura/airflow-executores/venv/lib/python3.9/site-packages/airflow/example_dags/example_dag_decorator.py for tasks to queue
[2024-10-08 13:33:39,983] {logging_mixin.py:115} INFO - [2024-10-08 13:33:39,983] {dagbag.py:507} INFO - Filling up the DagBag from /home/kennedy/KR/Programação/00.Estudos/DataEng/Alura/airflow-executores/venv/lib/python3.9/site-packages/airflow/example_dags/example_dag_decorator.py
[2024-10-08 13:33:40,059] {processor.py:651} INFO - DAG(s) dict_keys(['example_dag_decorator']) retrieved from /home/kennedy/KR/Programação/00.Estudos/DataEng/Alura/airflow-executores/venv/lib/python3.9/site-packages/airflow/example_dags/example_dag_decorator.py
[2024-10-08 13:33:40,093] {logging_mixin.py:115} INFO - [2024-10-08 13:33:40,092] {dag.py:2379} INFO - Sync 1 DAGs
[2024-10-08 13:33:40,117] {logging_mixin.py:115} INFO - [2024-10-08 13:33:40,117] {dag.py:2927} INFO - Setting next_dagrun for example_dag_decorator to None, run_after=None
[2024-10-08 13:33:40,877] {processor.py:161} INFO - Processing /home/kennedy/KR/Programação/00.Estudos/DataEng/Alura/airflow-executores/venv/lib/python3.9/site-packages/airflow/example_dags/example_dag_decorator.py took 0.904 seconds
[2024-10-08 13:34:41,958] {processor.py:153} INFO - Started process (PID=39008) to work on /home/kennedy/KR/Programação/00.Estudos/DataEng/Alura/airflow-executores/venv/lib/python3.9/site-packages/airflow/example_dags/example_dag_decorator.py
[2024-10-08 13:34:41,968] {processor.py:641} INFO - Processing file /home/kennedy/KR/Programação/00.Estudos/DataEng/Alura/airflow-executores/venv/lib/python3.9/site-packages/airflow/example_dags/example_dag_decorator.py for tasks to queue
[2024-10-08 13:34:41,969] {logging_mixin.py:115} INFO - [2024-10-08 13:34:41,969] {dagbag.py:507} INFO - Filling up the DagBag from /home/kennedy/KR/Programação/00.Estudos/DataEng/Alura/airflow-executores/venv/lib/python3.9/site-packages/airflow/example_dags/example_dag_decorator.py
[2024-10-08 13:34:42,006] {processor.py:651} INFO - DAG(s) dict_keys(['example_dag_decorator']) retrieved from /home/kennedy/KR/Programação/00.Estudos/DataEng/Alura/airflow-executores/venv/lib/python3.9/site-packages/airflow/example_dags/example_dag_decorator.py
[2024-10-08 13:34:42,018] {logging_mixin.py:115} INFO - [2024-10-08 13:34:42,018] {dag.py:2379} INFO - Sync 1 DAGs
[2024-10-08 13:34:42,031] {logging_mixin.py:115} INFO - [2024-10-08 13:34:42,031] {dag.py:2927} INFO - Setting next_dagrun for example_dag_decorator to None, run_after=None
[2024-10-08 13:34:42,227] {processor.py:161} INFO - Processing /home/kennedy/KR/Programação/00.Estudos/DataEng/Alura/airflow-executores/venv/lib/python3.9/site-packages/airflow/example_dags/example_dag_decorator.py took 0.276 seconds
[2024-10-08 16:36:59,913] {processor.py:153} INFO - Started process (PID=16713) to work on /home/kennedy/KR/Programação/00.Estudos/DataEng/Alura/airflow-executores/venv/lib/python3.9/site-packages/airflow/example_dags/example_dag_decorator.py
[2024-10-08 16:36:59,930] {processor.py:641} INFO - Processing file /home/kennedy/KR/Programação/00.Estudos/DataEng/Alura/airflow-executores/venv/lib/python3.9/site-packages/airflow/example_dags/example_dag_decorator.py for tasks to queue
[2024-10-08 16:36:59,931] {logging_mixin.py:115} INFO - [2024-10-08 16:36:59,930] {dagbag.py:507} INFO - Filling up the DagBag from /home/kennedy/KR/Programação/00.Estudos/DataEng/Alura/airflow-executores/venv/lib/python3.9/site-packages/airflow/example_dags/example_dag_decorator.py
[2024-10-08 16:37:00,106] {processor.py:651} INFO - DAG(s) dict_keys(['example_dag_decorator']) retrieved from /home/kennedy/KR/Programação/00.Estudos/DataEng/Alura/airflow-executores/venv/lib/python3.9/site-packages/airflow/example_dags/example_dag_decorator.py
[2024-10-08 16:37:00,150] {logging_mixin.py:115} INFO - [2024-10-08 16:37:00,150] {dag.py:2379} INFO - Sync 1 DAGs
[2024-10-08 16:37:00,162] {logging_mixin.py:115} INFO - [2024-10-08 16:37:00,162] {dag.py:2927} INFO - Setting next_dagrun for example_dag_decorator to None, run_after=None
[2024-10-08 16:37:00,290] {processor.py:161} INFO - Processing /home/kennedy/KR/Programação/00.Estudos/DataEng/Alura/airflow-executores/venv/lib/python3.9/site-packages/airflow/example_dags/example_dag_decorator.py took 0.379 seconds
[2024-10-08 16:37:44,275] {processor.py:153} INFO - Started process (PID=16803) to work on /home/kennedy/KR/Programação/00.Estudos/DataEng/Alura/airflow-executores/venv/lib/python3.9/site-packages/airflow/example_dags/example_dag_decorator.py
[2024-10-08 16:37:44,289] {processor.py:641} INFO - Processing file /home/kennedy/KR/Programação/00.Estudos/DataEng/Alura/airflow-executores/venv/lib/python3.9/site-packages/airflow/example_dags/example_dag_decorator.py for tasks to queue
[2024-10-08 16:37:44,290] {logging_mixin.py:115} INFO - [2024-10-08 16:37:44,290] {dagbag.py:507} INFO - Filling up the DagBag from /home/kennedy/KR/Programação/00.Estudos/DataEng/Alura/airflow-executores/venv/lib/python3.9/site-packages/airflow/example_dags/example_dag_decorator.py
[2024-10-08 16:37:44,325] {processor.py:651} INFO - DAG(s) dict_keys(['example_dag_decorator']) retrieved from /home/kennedy/KR/Programação/00.Estudos/DataEng/Alura/airflow-executores/venv/lib/python3.9/site-packages/airflow/example_dags/example_dag_decorator.py
[2024-10-08 16:37:44,368] {logging_mixin.py:115} INFO - [2024-10-08 16:37:44,367] {dag.py:2379} INFO - Sync 1 DAGs
[2024-10-08 16:37:44,383] {logging_mixin.py:115} INFO - [2024-10-08 16:37:44,383] {dag.py:2927} INFO - Setting next_dagrun for example_dag_decorator to None, run_after=None
[2024-10-08 16:37:44,469] {processor.py:161} INFO - Processing /home/kennedy/KR/Programação/00.Estudos/DataEng/Alura/airflow-executores/venv/lib/python3.9/site-packages/airflow/example_dags/example_dag_decorator.py took 0.201 seconds
[2024-10-08 16:39:15,618] {processor.py:153} INFO - Started process (PID=17477) to work on /home/kennedy/KR/Programação/00.Estudos/DataEng/Alura/airflow-executores/venv/lib/python3.9/site-packages/airflow/example_dags/example_dag_decorator.py
[2024-10-08 16:39:15,642] {processor.py:641} INFO - Processing file /home/kennedy/KR/Programação/00.Estudos/DataEng/Alura/airflow-executores/venv/lib/python3.9/site-packages/airflow/example_dags/example_dag_decorator.py for tasks to queue
[2024-10-08 16:39:15,646] {logging_mixin.py:115} INFO - [2024-10-08 16:39:15,646] {dagbag.py:507} INFO - Filling up the DagBag from /home/kennedy/KR/Programação/00.Estudos/DataEng/Alura/airflow-executores/venv/lib/python3.9/site-packages/airflow/example_dags/example_dag_decorator.py
[2024-10-08 16:39:15,668] {processor.py:651} INFO - DAG(s) dict_keys(['example_dag_decorator']) retrieved from /home/kennedy/KR/Programação/00.Estudos/DataEng/Alura/airflow-executores/venv/lib/python3.9/site-packages/airflow/example_dags/example_dag_decorator.py
[2024-10-08 16:39:17,167] {logging_mixin.py:115} INFO - [2024-10-08 16:39:17,167] {dag.py:2379} INFO - Sync 1 DAGs
[2024-10-08 16:39:17,183] {logging_mixin.py:115} INFO - [2024-10-08 16:39:17,183] {dag.py:2927} INFO - Setting next_dagrun for example_dag_decorator to None, run_after=None
[2024-10-08 16:39:17,265] {processor.py:161} INFO - Processing /home/kennedy/KR/Programação/00.Estudos/DataEng/Alura/airflow-executores/venv/lib/python3.9/site-packages/airflow/example_dags/example_dag_decorator.py took 1.657 seconds
[2024-10-08 16:41:44,633] {processor.py:153} INFO - Started process (PID=18053) to work on /home/kennedy/KR/Programação/00.Estudos/DataEng/Alura/airflow-executores/venv/lib/python3.9/site-packages/airflow/example_dags/example_dag_decorator.py
[2024-10-08 16:41:44,691] {processor.py:641} INFO - Processing file /home/kennedy/KR/Programação/00.Estudos/DataEng/Alura/airflow-executores/venv/lib/python3.9/site-packages/airflow/example_dags/example_dag_decorator.py for tasks to queue
[2024-10-08 16:41:44,692] {logging_mixin.py:115} INFO - [2024-10-08 16:41:44,692] {dagbag.py:507} INFO - Filling up the DagBag from /home/kennedy/KR/Programação/00.Estudos/DataEng/Alura/airflow-executores/venv/lib/python3.9/site-packages/airflow/example_dags/example_dag_decorator.py
[2024-10-08 16:41:44,729] {processor.py:651} INFO - DAG(s) dict_keys(['example_dag_decorator']) retrieved from /home/kennedy/KR/Programação/00.Estudos/DataEng/Alura/airflow-executores/venv/lib/python3.9/site-packages/airflow/example_dags/example_dag_decorator.py
[2024-10-08 16:41:44,764] {logging_mixin.py:115} INFO - [2024-10-08 16:41:44,764] {dag.py:2379} INFO - Sync 1 DAGs
[2024-10-08 16:41:44,777] {logging_mixin.py:115} INFO - [2024-10-08 16:41:44,777] {dag.py:2927} INFO - Setting next_dagrun for example_dag_decorator to None, run_after=None
[2024-10-08 16:41:45,065] {processor.py:161} INFO - Processing /home/kennedy/KR/Programação/00.Estudos/DataEng/Alura/airflow-executores/venv/lib/python3.9/site-packages/airflow/example_dags/example_dag_decorator.py took 0.436 seconds
[2024-10-08 16:43:03,952] {processor.py:153} INFO - Started process (PID=18217) to work on /home/kennedy/KR/Programação/00.Estudos/DataEng/Alura/airflow-executores/venv/lib/python3.9/site-packages/airflow/example_dags/example_dag_decorator.py
[2024-10-08 16:43:03,954] {processor.py:641} INFO - Processing file /home/kennedy/KR/Programação/00.Estudos/DataEng/Alura/airflow-executores/venv/lib/python3.9/site-packages/airflow/example_dags/example_dag_decorator.py for tasks to queue
[2024-10-08 16:43:03,956] {logging_mixin.py:115} INFO - [2024-10-08 16:43:03,956] {dagbag.py:507} INFO - Filling up the DagBag from /home/kennedy/KR/Programação/00.Estudos/DataEng/Alura/airflow-executores/venv/lib/python3.9/site-packages/airflow/example_dags/example_dag_decorator.py
[2024-10-08 16:43:03,991] {processor.py:651} INFO - DAG(s) dict_keys(['example_dag_decorator']) retrieved from /home/kennedy/KR/Programação/00.Estudos/DataEng/Alura/airflow-executores/venv/lib/python3.9/site-packages/airflow/example_dags/example_dag_decorator.py
[2024-10-08 16:43:04,023] {logging_mixin.py:115} INFO - [2024-10-08 16:43:04,023] {dag.py:2379} INFO - Sync 1 DAGs
[2024-10-08 16:43:04,035] {logging_mixin.py:115} INFO - [2024-10-08 16:43:04,035] {dag.py:2927} INFO - Setting next_dagrun for example_dag_decorator to None, run_after=None
[2024-10-08 16:43:05,602] {processor.py:161} INFO - Processing /home/kennedy/KR/Programação/00.Estudos/DataEng/Alura/airflow-executores/venv/lib/python3.9/site-packages/airflow/example_dags/example_dag_decorator.py took 1.656 seconds
[2024-10-08 16:44:18,552] {processor.py:153} INFO - Started process (PID=18269) to work on /home/kennedy/KR/Programação/00.Estudos/DataEng/Alura/airflow-executores/venv/lib/python3.9/site-packages/airflow/example_dags/example_dag_decorator.py
[2024-10-08 16:44:18,565] {processor.py:641} INFO - Processing file /home/kennedy/KR/Programação/00.Estudos/DataEng/Alura/airflow-executores/venv/lib/python3.9/site-packages/airflow/example_dags/example_dag_decorator.py for tasks to queue
[2024-10-08 16:44:18,567] {logging_mixin.py:115} INFO - [2024-10-08 16:44:18,566] {dagbag.py:507} INFO - Filling up the DagBag from /home/kennedy/KR/Programação/00.Estudos/DataEng/Alura/airflow-executores/venv/lib/python3.9/site-packages/airflow/example_dags/example_dag_decorator.py
[2024-10-08 16:44:18,607] {processor.py:651} INFO - DAG(s) dict_keys(['example_dag_decorator']) retrieved from /home/kennedy/KR/Programação/00.Estudos/DataEng/Alura/airflow-executores/venv/lib/python3.9/site-packages/airflow/example_dags/example_dag_decorator.py
[2024-10-08 16:44:18,646] {logging_mixin.py:115} INFO - [2024-10-08 16:44:18,645] {dag.py:2379} INFO - Sync 1 DAGs
[2024-10-08 16:44:18,657] {logging_mixin.py:115} INFO - [2024-10-08 16:44:18,657] {dag.py:2927} INFO - Setting next_dagrun for example_dag_decorator to None, run_after=None
[2024-10-08 16:44:19,087] {processor.py:161} INFO - Processing /home/kennedy/KR/Programação/00.Estudos/DataEng/Alura/airflow-executores/venv/lib/python3.9/site-packages/airflow/example_dags/example_dag_decorator.py took 0.541 seconds
[2024-10-08 16:46:56,067] {processor.py:153} INFO - Started process (PID=19032) to work on /home/kennedy/KR/Programação/00.Estudos/DataEng/Alura/airflow-executores/venv/lib/python3.9/site-packages/airflow/example_dags/example_dag_decorator.py
[2024-10-08 16:46:56,069] {processor.py:641} INFO - Processing file /home/kennedy/KR/Programação/00.Estudos/DataEng/Alura/airflow-executores/venv/lib/python3.9/site-packages/airflow/example_dags/example_dag_decorator.py for tasks to queue
[2024-10-08 16:46:56,070] {logging_mixin.py:115} INFO - [2024-10-08 16:46:56,070] {dagbag.py:507} INFO - Filling up the DagBag from /home/kennedy/KR/Programação/00.Estudos/DataEng/Alura/airflow-executores/venv/lib/python3.9/site-packages/airflow/example_dags/example_dag_decorator.py
[2024-10-08 16:46:56,092] {processor.py:651} INFO - DAG(s) dict_keys(['example_dag_decorator']) retrieved from /home/kennedy/KR/Programação/00.Estudos/DataEng/Alura/airflow-executores/venv/lib/python3.9/site-packages/airflow/example_dags/example_dag_decorator.py
[2024-10-08 16:46:56,130] {logging_mixin.py:115} INFO - [2024-10-08 16:46:56,130] {dag.py:2379} INFO - Sync 1 DAGs
[2024-10-08 16:46:56,142] {logging_mixin.py:115} INFO - [2024-10-08 16:46:56,142] {dag.py:2927} INFO - Setting next_dagrun for example_dag_decorator to None, run_after=None
[2024-10-08 16:46:56,221] {processor.py:161} INFO - Processing /home/kennedy/KR/Programação/00.Estudos/DataEng/Alura/airflow-executores/venv/lib/python3.9/site-packages/airflow/example_dags/example_dag_decorator.py took 0.157 seconds
[2024-10-08 16:48:19,861] {processor.py:153} INFO - Started process (PID=19235) to work on /home/kennedy/KR/Programação/00.Estudos/DataEng/Alura/airflow-executores/venv/lib/python3.9/site-packages/airflow/example_dags/example_dag_decorator.py
[2024-10-08 16:48:19,909] {processor.py:641} INFO - Processing file /home/kennedy/KR/Programação/00.Estudos/DataEng/Alura/airflow-executores/venv/lib/python3.9/site-packages/airflow/example_dags/example_dag_decorator.py for tasks to queue
[2024-10-08 16:48:19,909] {logging_mixin.py:115} INFO - [2024-10-08 16:48:19,909] {dagbag.py:507} INFO - Filling up the DagBag from /home/kennedy/KR/Programação/00.Estudos/DataEng/Alura/airflow-executores/venv/lib/python3.9/site-packages/airflow/example_dags/example_dag_decorator.py
[2024-10-08 16:48:19,928] {processor.py:651} INFO - DAG(s) dict_keys(['example_dag_decorator']) retrieved from /home/kennedy/KR/Programação/00.Estudos/DataEng/Alura/airflow-executores/venv/lib/python3.9/site-packages/airflow/example_dags/example_dag_decorator.py
[2024-10-08 16:48:19,960] {logging_mixin.py:115} INFO - [2024-10-08 16:48:19,960] {dag.py:2379} INFO - Sync 1 DAGs
[2024-10-08 16:48:19,971] {logging_mixin.py:115} INFO - [2024-10-08 16:48:19,971] {dag.py:2927} INFO - Setting next_dagrun for example_dag_decorator to None, run_after=None
[2024-10-08 16:48:20,046] {processor.py:161} INFO - Processing /home/kennedy/KR/Programação/00.Estudos/DataEng/Alura/airflow-executores/venv/lib/python3.9/site-packages/airflow/example_dags/example_dag_decorator.py took 0.187 seconds
[2024-10-08 16:49:28,360] {processor.py:153} INFO - Started process (PID=19318) to work on /home/kennedy/KR/Programação/00.Estudos/DataEng/Alura/airflow-executores/venv/lib/python3.9/site-packages/airflow/example_dags/example_dag_decorator.py
[2024-10-08 16:49:28,945] {processor.py:641} INFO - Processing file /home/kennedy/KR/Programação/00.Estudos/DataEng/Alura/airflow-executores/venv/lib/python3.9/site-packages/airflow/example_dags/example_dag_decorator.py for tasks to queue
[2024-10-08 16:49:28,946] {logging_mixin.py:115} INFO - [2024-10-08 16:49:28,946] {dagbag.py:507} INFO - Filling up the DagBag from /home/kennedy/KR/Programação/00.Estudos/DataEng/Alura/airflow-executores/venv/lib/python3.9/site-packages/airflow/example_dags/example_dag_decorator.py
[2024-10-08 16:49:28,990] {processor.py:651} INFO - DAG(s) dict_keys(['example_dag_decorator']) retrieved from /home/kennedy/KR/Programação/00.Estudos/DataEng/Alura/airflow-executores/venv/lib/python3.9/site-packages/airflow/example_dags/example_dag_decorator.py
[2024-10-08 16:49:29,026] {logging_mixin.py:115} INFO - [2024-10-08 16:49:29,025] {dag.py:2379} INFO - Sync 1 DAGs
[2024-10-08 16:49:29,037] {logging_mixin.py:115} INFO - [2024-10-08 16:49:29,037] {dag.py:2927} INFO - Setting next_dagrun for example_dag_decorator to None, run_after=None
[2024-10-08 16:49:29,513] {processor.py:161} INFO - Processing /home/kennedy/KR/Programação/00.Estudos/DataEng/Alura/airflow-executores/venv/lib/python3.9/site-packages/airflow/example_dags/example_dag_decorator.py took 1.158 seconds
[2024-10-08 17:22:52,075] {processor.py:153} INFO - Started process (PID=40120) to work on /home/kennedy/KR/Programação/00.Estudos/DataEng/Alura/airflow-executores/venv/lib/python3.9/site-packages/airflow/example_dags/example_dag_decorator.py
[2024-10-08 17:22:52,111] {processor.py:641} INFO - Processing file /home/kennedy/KR/Programação/00.Estudos/DataEng/Alura/airflow-executores/venv/lib/python3.9/site-packages/airflow/example_dags/example_dag_decorator.py for tasks to queue
[2024-10-08 17:22:52,111] {logging_mixin.py:115} INFO - [2024-10-08 17:22:52,111] {dagbag.py:507} INFO - Filling up the DagBag from /home/kennedy/KR/Programação/00.Estudos/DataEng/Alura/airflow-executores/venv/lib/python3.9/site-packages/airflow/example_dags/example_dag_decorator.py
[2024-10-08 17:22:52,134] {processor.py:651} INFO - DAG(s) dict_keys(['example_dag_decorator']) retrieved from /home/kennedy/KR/Programação/00.Estudos/DataEng/Alura/airflow-executores/venv/lib/python3.9/site-packages/airflow/example_dags/example_dag_decorator.py
[2024-10-08 17:22:52,170] {logging_mixin.py:115} INFO - [2024-10-08 17:22:52,170] {dag.py:2379} INFO - Sync 1 DAGs
[2024-10-08 17:22:52,179] {logging_mixin.py:115} INFO - [2024-10-08 17:22:52,179] {dag.py:2927} INFO - Setting next_dagrun for example_dag_decorator to None, run_after=None
[2024-10-08 17:22:54,039] {processor.py:161} INFO - Processing /home/kennedy/KR/Programação/00.Estudos/DataEng/Alura/airflow-executores/venv/lib/python3.9/site-packages/airflow/example_dags/example_dag_decorator.py took 1.970 seconds
