[2024-10-08 13:23:13,501] {processor.py:153} INFO - Started process (PID=37544) to work on /home/kennedy/KR/Programação/00.Estudos/DataEng/Alura/airflow-executores/venv/lib/python3.9/site-packages/airflow/example_dags/example_task_group_decorator.py
[2024-10-08 13:23:13,501] {processor.py:641} INFO - Processing file /home/kennedy/KR/Programação/00.Estudos/DataEng/Alura/airflow-executores/venv/lib/python3.9/site-packages/airflow/example_dags/example_task_group_decorator.py for tasks to queue
[2024-10-08 13:23:13,502] {logging_mixin.py:115} INFO - [2024-10-08 13:23:13,502] {dagbag.py:507} INFO - Filling up the DagBag from /home/kennedy/KR/Programação/00.Estudos/DataEng/Alura/airflow-executores/venv/lib/python3.9/site-packages/airflow/example_dags/example_task_group_decorator.py
[2024-10-08 13:23:13,534] {processor.py:651} INFO - DAG(s) dict_keys(['example_task_group_decorator']) retrieved from /home/kennedy/KR/Programação/00.Estudos/DataEng/Alura/airflow-executores/venv/lib/python3.9/site-packages/airflow/example_dags/example_task_group_decorator.py
[2024-10-08 13:23:16,001] {logging_mixin.py:115} INFO - [2024-10-08 13:23:16,001] {manager.py:508} INFO - Created Permission View: can delete on DAG:example_task_group_decorator
[2024-10-08 13:23:18,035] {logging_mixin.py:115} INFO - [2024-10-08 13:23:18,034] {manager.py:508} INFO - Created Permission View: can read on DAG:example_task_group_decorator
[2024-10-08 13:23:19,063] {logging_mixin.py:115} INFO - [2024-10-08 13:23:19,063] {manager.py:508} INFO - Created Permission View: can edit on DAG:example_task_group_decorator
[2024-10-08 13:23:19,063] {logging_mixin.py:115} INFO - [2024-10-08 13:23:19,063] {dag.py:2379} INFO - Sync 1 DAGs
[2024-10-08 13:23:19,083] {logging_mixin.py:115} INFO - [2024-10-08 13:23:19,083] {dag.py:2398} INFO - Creating ORM DAG for example_task_group_decorator
[2024-10-08 13:23:19,102] {logging_mixin.py:115} INFO - [2024-10-08 13:23:19,102] {dag.py:2927} INFO - Setting next_dagrun for example_task_group_decorator to 2024-10-07T16:23:19.101897+00:00, run_after=2024-10-08T16:23:19.101897+00:00
[2024-10-08 13:23:20,646] {processor.py:161} INFO - Processing /home/kennedy/KR/Programação/00.Estudos/DataEng/Alura/airflow-executores/venv/lib/python3.9/site-packages/airflow/example_dags/example_task_group_decorator.py took 7.148 seconds
[2024-10-08 13:25:10,625] {processor.py:153} INFO - Started process (PID=37733) to work on /home/kennedy/KR/Programação/00.Estudos/DataEng/Alura/airflow-executores/venv/lib/python3.9/site-packages/airflow/example_dags/example_task_group_decorator.py
[2024-10-08 13:25:10,638] {processor.py:641} INFO - Processing file /home/kennedy/KR/Programação/00.Estudos/DataEng/Alura/airflow-executores/venv/lib/python3.9/site-packages/airflow/example_dags/example_task_group_decorator.py for tasks to queue
[2024-10-08 13:25:10,639] {logging_mixin.py:115} INFO - [2024-10-08 13:25:10,639] {dagbag.py:507} INFO - Filling up the DagBag from /home/kennedy/KR/Programação/00.Estudos/DataEng/Alura/airflow-executores/venv/lib/python3.9/site-packages/airflow/example_dags/example_task_group_decorator.py
[2024-10-08 13:25:10,675] {processor.py:651} INFO - DAG(s) dict_keys(['example_task_group_decorator']) retrieved from /home/kennedy/KR/Programação/00.Estudos/DataEng/Alura/airflow-executores/venv/lib/python3.9/site-packages/airflow/example_dags/example_task_group_decorator.py
[2024-10-08 13:25:10,718] {logging_mixin.py:115} INFO - [2024-10-08 13:25:10,717] {dag.py:2379} INFO - Sync 1 DAGs
[2024-10-08 13:25:10,731] {logging_mixin.py:115} INFO - [2024-10-08 13:25:10,730] {dag.py:2927} INFO - Setting next_dagrun for example_task_group_decorator to 2024-10-07T16:25:10.730729+00:00, run_after=2024-10-08T16:25:10.730729+00:00
[2024-10-08 13:25:12,212] {processor.py:161} INFO - Processing /home/kennedy/KR/Programação/00.Estudos/DataEng/Alura/airflow-executores/venv/lib/python3.9/site-packages/airflow/example_dags/example_task_group_decorator.py took 1.593 seconds
[2024-10-08 13:26:17,530] {processor.py:153} INFO - Started process (PID=37816) to work on /home/kennedy/KR/Programação/00.Estudos/DataEng/Alura/airflow-executores/venv/lib/python3.9/site-packages/airflow/example_dags/example_task_group_decorator.py
[2024-10-08 13:26:17,544] {processor.py:641} INFO - Processing file /home/kennedy/KR/Programação/00.Estudos/DataEng/Alura/airflow-executores/venv/lib/python3.9/site-packages/airflow/example_dags/example_task_group_decorator.py for tasks to queue
[2024-10-08 13:26:17,545] {logging_mixin.py:115} INFO - [2024-10-08 13:26:17,545] {dagbag.py:507} INFO - Filling up the DagBag from /home/kennedy/KR/Programação/00.Estudos/DataEng/Alura/airflow-executores/venv/lib/python3.9/site-packages/airflow/example_dags/example_task_group_decorator.py
[2024-10-08 13:26:17,582] {processor.py:651} INFO - DAG(s) dict_keys(['example_task_group_decorator']) retrieved from /home/kennedy/KR/Programação/00.Estudos/DataEng/Alura/airflow-executores/venv/lib/python3.9/site-packages/airflow/example_dags/example_task_group_decorator.py
[2024-10-08 13:26:17,625] {logging_mixin.py:115} INFO - [2024-10-08 13:26:17,625] {dag.py:2379} INFO - Sync 1 DAGs
[2024-10-08 13:26:17,638] {logging_mixin.py:115} INFO - [2024-10-08 13:26:17,638] {dag.py:2927} INFO - Setting next_dagrun for example_task_group_decorator to 2024-10-07T16:26:17.637837+00:00, run_after=2024-10-08T16:26:17.637837+00:00
[2024-10-08 13:26:18,977] {processor.py:161} INFO - Processing /home/kennedy/KR/Programação/00.Estudos/DataEng/Alura/airflow-executores/venv/lib/python3.9/site-packages/airflow/example_dags/example_task_group_decorator.py took 1.454 seconds
[2024-10-08 13:27:44,651] {processor.py:153} INFO - Started process (PID=37980) to work on /home/kennedy/KR/Programação/00.Estudos/DataEng/Alura/airflow-executores/venv/lib/python3.9/site-packages/airflow/example_dags/example_task_group_decorator.py
[2024-10-08 13:27:44,652] {processor.py:641} INFO - Processing file /home/kennedy/KR/Programação/00.Estudos/DataEng/Alura/airflow-executores/venv/lib/python3.9/site-packages/airflow/example_dags/example_task_group_decorator.py for tasks to queue
[2024-10-08 13:27:44,653] {logging_mixin.py:115} INFO - [2024-10-08 13:27:44,653] {dagbag.py:507} INFO - Filling up the DagBag from /home/kennedy/KR/Programação/00.Estudos/DataEng/Alura/airflow-executores/venv/lib/python3.9/site-packages/airflow/example_dags/example_task_group_decorator.py
[2024-10-08 13:27:44,679] {processor.py:651} INFO - DAG(s) dict_keys(['example_task_group_decorator']) retrieved from /home/kennedy/KR/Programação/00.Estudos/DataEng/Alura/airflow-executores/venv/lib/python3.9/site-packages/airflow/example_dags/example_task_group_decorator.py
[2024-10-08 13:27:44,715] {logging_mixin.py:115} INFO - [2024-10-08 13:27:44,715] {dag.py:2379} INFO - Sync 1 DAGs
[2024-10-08 13:27:44,727] {logging_mixin.py:115} INFO - [2024-10-08 13:27:44,727] {dag.py:2927} INFO - Setting next_dagrun for example_task_group_decorator to 2024-10-07T16:27:44.727573+00:00, run_after=2024-10-08T16:27:44.727573+00:00
[2024-10-08 13:27:45,121] {processor.py:161} INFO - Processing /home/kennedy/KR/Programação/00.Estudos/DataEng/Alura/airflow-executores/venv/lib/python3.9/site-packages/airflow/example_dags/example_task_group_decorator.py took 0.474 seconds
[2024-10-08 13:28:58,817] {processor.py:153} INFO - Started process (PID=38130) to work on /home/kennedy/KR/Programação/00.Estudos/DataEng/Alura/airflow-executores/venv/lib/python3.9/site-packages/airflow/example_dags/example_task_group_decorator.py
[2024-10-08 13:28:58,818] {processor.py:641} INFO - Processing file /home/kennedy/KR/Programação/00.Estudos/DataEng/Alura/airflow-executores/venv/lib/python3.9/site-packages/airflow/example_dags/example_task_group_decorator.py for tasks to queue
[2024-10-08 13:28:58,818] {logging_mixin.py:115} INFO - [2024-10-08 13:28:58,818] {dagbag.py:507} INFO - Filling up the DagBag from /home/kennedy/KR/Programação/00.Estudos/DataEng/Alura/airflow-executores/venv/lib/python3.9/site-packages/airflow/example_dags/example_task_group_decorator.py
[2024-10-08 13:28:58,839] {processor.py:651} INFO - DAG(s) dict_keys(['example_task_group_decorator']) retrieved from /home/kennedy/KR/Programação/00.Estudos/DataEng/Alura/airflow-executores/venv/lib/python3.9/site-packages/airflow/example_dags/example_task_group_decorator.py
[2024-10-08 13:28:58,875] {logging_mixin.py:115} INFO - [2024-10-08 13:28:58,874] {dag.py:2379} INFO - Sync 1 DAGs
[2024-10-08 13:28:58,886] {logging_mixin.py:115} INFO - [2024-10-08 13:28:58,886] {dag.py:2927} INFO - Setting next_dagrun for example_task_group_decorator to 2024-10-07T16:28:58.886221+00:00, run_after=2024-10-08T16:28:58.886221+00:00
[2024-10-08 13:28:59,207] {processor.py:161} INFO - Processing /home/kennedy/KR/Programação/00.Estudos/DataEng/Alura/airflow-executores/venv/lib/python3.9/site-packages/airflow/example_dags/example_task_group_decorator.py took 0.393 seconds
[2024-10-08 13:30:03,227] {processor.py:153} INFO - Started process (PID=38531) to work on /home/kennedy/KR/Programação/00.Estudos/DataEng/Alura/airflow-executores/venv/lib/python3.9/site-packages/airflow/example_dags/example_task_group_decorator.py
[2024-10-08 13:30:03,308] {processor.py:641} INFO - Processing file /home/kennedy/KR/Programação/00.Estudos/DataEng/Alura/airflow-executores/venv/lib/python3.9/site-packages/airflow/example_dags/example_task_group_decorator.py for tasks to queue
[2024-10-08 13:30:03,308] {logging_mixin.py:115} INFO - [2024-10-08 13:30:03,308] {dagbag.py:507} INFO - Filling up the DagBag from /home/kennedy/KR/Programação/00.Estudos/DataEng/Alura/airflow-executores/venv/lib/python3.9/site-packages/airflow/example_dags/example_task_group_decorator.py
[2024-10-08 13:30:03,335] {processor.py:651} INFO - DAG(s) dict_keys(['example_task_group_decorator']) retrieved from /home/kennedy/KR/Programação/00.Estudos/DataEng/Alura/airflow-executores/venv/lib/python3.9/site-packages/airflow/example_dags/example_task_group_decorator.py
[2024-10-08 13:30:03,381] {logging_mixin.py:115} INFO - [2024-10-08 13:30:03,381] {dag.py:2379} INFO - Sync 1 DAGs
[2024-10-08 13:30:03,394] {logging_mixin.py:115} INFO - [2024-10-08 13:30:03,394] {dag.py:2927} INFO - Setting next_dagrun for example_task_group_decorator to 2024-10-07T16:30:03.393720+00:00, run_after=2024-10-08T16:30:03.393720+00:00
[2024-10-08 13:30:04,296] {processor.py:161} INFO - Processing /home/kennedy/KR/Programação/00.Estudos/DataEng/Alura/airflow-executores/venv/lib/python3.9/site-packages/airflow/example_dags/example_task_group_decorator.py took 1.076 seconds
[2024-10-08 13:30:59,107] {processor.py:153} INFO - Started process (PID=38619) to work on /home/kennedy/KR/Programação/00.Estudos/DataEng/Alura/airflow-executores/venv/lib/python3.9/site-packages/airflow/example_dags/example_task_group_decorator.py
[2024-10-08 13:30:59,158] {processor.py:641} INFO - Processing file /home/kennedy/KR/Programação/00.Estudos/DataEng/Alura/airflow-executores/venv/lib/python3.9/site-packages/airflow/example_dags/example_task_group_decorator.py for tasks to queue
[2024-10-08 13:30:59,159] {logging_mixin.py:115} INFO - [2024-10-08 13:30:59,159] {dagbag.py:507} INFO - Filling up the DagBag from /home/kennedy/KR/Programação/00.Estudos/DataEng/Alura/airflow-executores/venv/lib/python3.9/site-packages/airflow/example_dags/example_task_group_decorator.py
[2024-10-08 13:30:59,191] {processor.py:651} INFO - DAG(s) dict_keys(['example_task_group_decorator']) retrieved from /home/kennedy/KR/Programação/00.Estudos/DataEng/Alura/airflow-executores/venv/lib/python3.9/site-packages/airflow/example_dags/example_task_group_decorator.py
[2024-10-08 13:30:59,228] {logging_mixin.py:115} INFO - [2024-10-08 13:30:59,228] {dag.py:2379} INFO - Sync 1 DAGs
[2024-10-08 13:30:59,242] {logging_mixin.py:115} INFO - [2024-10-08 13:30:59,242] {dag.py:2927} INFO - Setting next_dagrun for example_task_group_decorator to 2024-10-07T16:30:59.242165+00:00, run_after=2024-10-08T16:30:59.242165+00:00
[2024-10-08 13:30:59,936] {processor.py:161} INFO - Processing /home/kennedy/KR/Programação/00.Estudos/DataEng/Alura/airflow-executores/venv/lib/python3.9/site-packages/airflow/example_dags/example_task_group_decorator.py took 0.835 seconds
[2024-10-08 13:32:03,169] {processor.py:153} INFO - Started process (PID=38788) to work on /home/kennedy/KR/Programação/00.Estudos/DataEng/Alura/airflow-executores/venv/lib/python3.9/site-packages/airflow/example_dags/example_task_group_decorator.py
[2024-10-08 13:32:03,184] {processor.py:641} INFO - Processing file /home/kennedy/KR/Programação/00.Estudos/DataEng/Alura/airflow-executores/venv/lib/python3.9/site-packages/airflow/example_dags/example_task_group_decorator.py for tasks to queue
[2024-10-08 13:32:03,185] {logging_mixin.py:115} INFO - [2024-10-08 13:32:03,185] {dagbag.py:507} INFO - Filling up the DagBag from /home/kennedy/KR/Programação/00.Estudos/DataEng/Alura/airflow-executores/venv/lib/python3.9/site-packages/airflow/example_dags/example_task_group_decorator.py
[2024-10-08 13:32:03,250] {processor.py:651} INFO - DAG(s) dict_keys(['example_task_group_decorator']) retrieved from /home/kennedy/KR/Programação/00.Estudos/DataEng/Alura/airflow-executores/venv/lib/python3.9/site-packages/airflow/example_dags/example_task_group_decorator.py
[2024-10-08 13:32:03,294] {logging_mixin.py:115} INFO - [2024-10-08 13:32:03,294] {dag.py:2379} INFO - Sync 1 DAGs
[2024-10-08 13:32:03,306] {logging_mixin.py:115} INFO - [2024-10-08 13:32:03,306] {dag.py:2927} INFO - Setting next_dagrun for example_task_group_decorator to 2024-10-07T16:32:03.306482+00:00, run_after=2024-10-08T16:32:03.306482+00:00
[2024-10-08 13:32:04,727] {processor.py:161} INFO - Processing /home/kennedy/KR/Programação/00.Estudos/DataEng/Alura/airflow-executores/venv/lib/python3.9/site-packages/airflow/example_dags/example_task_group_decorator.py took 1.564 seconds
[2024-10-08 13:33:27,208] {processor.py:153} INFO - Started process (PID=38904) to work on /home/kennedy/KR/Programação/00.Estudos/DataEng/Alura/airflow-executores/venv/lib/python3.9/site-packages/airflow/example_dags/example_task_group_decorator.py
[2024-10-08 13:33:27,442] {processor.py:641} INFO - Processing file /home/kennedy/KR/Programação/00.Estudos/DataEng/Alura/airflow-executores/venv/lib/python3.9/site-packages/airflow/example_dags/example_task_group_decorator.py for tasks to queue
[2024-10-08 13:33:27,443] {logging_mixin.py:115} INFO - [2024-10-08 13:33:27,443] {dagbag.py:507} INFO - Filling up the DagBag from /home/kennedy/KR/Programação/00.Estudos/DataEng/Alura/airflow-executores/venv/lib/python3.9/site-packages/airflow/example_dags/example_task_group_decorator.py
[2024-10-08 13:33:27,495] {processor.py:651} INFO - DAG(s) dict_keys(['example_task_group_decorator']) retrieved from /home/kennedy/KR/Programação/00.Estudos/DataEng/Alura/airflow-executores/venv/lib/python3.9/site-packages/airflow/example_dags/example_task_group_decorator.py
[2024-10-08 13:33:27,534] {logging_mixin.py:115} INFO - [2024-10-08 13:33:27,534] {dag.py:2379} INFO - Sync 1 DAGs
[2024-10-08 13:33:27,546] {logging_mixin.py:115} INFO - [2024-10-08 13:33:27,546] {dag.py:2927} INFO - Setting next_dagrun for example_task_group_decorator to 2024-10-07T16:33:27.546152+00:00, run_after=2024-10-08T16:33:27.546152+00:00
[2024-10-08 13:33:28,178] {processor.py:161} INFO - Processing /home/kennedy/KR/Programação/00.Estudos/DataEng/Alura/airflow-executores/venv/lib/python3.9/site-packages/airflow/example_dags/example_task_group_decorator.py took 0.976 seconds
[2024-10-08 13:34:27,161] {processor.py:153} INFO - Started process (PID=38978) to work on /home/kennedy/KR/Programação/00.Estudos/DataEng/Alura/airflow-executores/venv/lib/python3.9/site-packages/airflow/example_dags/example_task_group_decorator.py
[2024-10-08 13:34:27,177] {processor.py:641} INFO - Processing file /home/kennedy/KR/Programação/00.Estudos/DataEng/Alura/airflow-executores/venv/lib/python3.9/site-packages/airflow/example_dags/example_task_group_decorator.py for tasks to queue
[2024-10-08 13:34:27,178] {logging_mixin.py:115} INFO - [2024-10-08 13:34:27,178] {dagbag.py:507} INFO - Filling up the DagBag from /home/kennedy/KR/Programação/00.Estudos/DataEng/Alura/airflow-executores/venv/lib/python3.9/site-packages/airflow/example_dags/example_task_group_decorator.py
[2024-10-08 13:34:27,221] {processor.py:651} INFO - DAG(s) dict_keys(['example_task_group_decorator']) retrieved from /home/kennedy/KR/Programação/00.Estudos/DataEng/Alura/airflow-executores/venv/lib/python3.9/site-packages/airflow/example_dags/example_task_group_decorator.py
[2024-10-08 13:34:27,235] {logging_mixin.py:115} INFO - [2024-10-08 13:34:27,235] {dag.py:2379} INFO - Sync 1 DAGs
[2024-10-08 13:34:27,256] {logging_mixin.py:115} INFO - [2024-10-08 13:34:27,256] {dag.py:2927} INFO - Setting next_dagrun for example_task_group_decorator to 2024-10-07T16:34:27.255985+00:00, run_after=2024-10-08T16:34:27.255985+00:00
[2024-10-08 13:34:28,789] {processor.py:161} INFO - Processing /home/kennedy/KR/Programação/00.Estudos/DataEng/Alura/airflow-executores/venv/lib/python3.9/site-packages/airflow/example_dags/example_task_group_decorator.py took 1.634 seconds
[2024-10-08 15:47:12,231] {processor.py:153} INFO - Started process (PID=11508) to work on /home/kennedy/.local/lib/python3.10/site-packages/airflow/example_dags/example_task_group_decorator.py
[2024-10-08 15:47:12,233] {processor.py:641} INFO - Processing file /home/kennedy/.local/lib/python3.10/site-packages/airflow/example_dags/example_task_group_decorator.py for tasks to queue
[2024-10-08 15:47:12,234] {logging_mixin.py:115} INFO - [2024-10-08 15:47:12,234] {dagbag.py:507} INFO - Filling up the DagBag from /home/kennedy/.local/lib/python3.10/site-packages/airflow/example_dags/example_task_group_decorator.py
[2024-10-08 15:47:12,265] {processor.py:651} INFO - DAG(s) dict_keys(['example_task_group_decorator']) retrieved from /home/kennedy/.local/lib/python3.10/site-packages/airflow/example_dags/example_task_group_decorator.py
[2024-10-08 15:47:12,306] {logging_mixin.py:115} INFO - [2024-10-08 15:47:12,306] {dag.py:2379} INFO - Sync 1 DAGs
[2024-10-08 15:47:12,319] {logging_mixin.py:115} INFO - [2024-10-08 15:47:12,319] {dag.py:2927} INFO - Setting next_dagrun for example_task_group_decorator to 2024-10-07T18:47:12.319324+00:00, run_after=2024-10-08T18:47:12.319324+00:00
[2024-10-08 15:47:13,760] {processor.py:161} INFO - Processing /home/kennedy/.local/lib/python3.10/site-packages/airflow/example_dags/example_task_group_decorator.py took 1.536 seconds
[2024-10-08 16:36:46,346] {processor.py:153} INFO - Started process (PID=16657) to work on /home/kennedy/KR/Programação/00.Estudos/DataEng/Alura/airflow-executores/venv/lib/python3.9/site-packages/airflow/example_dags/example_task_group_decorator.py
[2024-10-08 16:36:46,348] {processor.py:641} INFO - Processing file /home/kennedy/KR/Programação/00.Estudos/DataEng/Alura/airflow-executores/venv/lib/python3.9/site-packages/airflow/example_dags/example_task_group_decorator.py for tasks to queue
[2024-10-08 16:36:46,350] {logging_mixin.py:115} INFO - [2024-10-08 16:36:46,349] {dagbag.py:507} INFO - Filling up the DagBag from /home/kennedy/KR/Programação/00.Estudos/DataEng/Alura/airflow-executores/venv/lib/python3.9/site-packages/airflow/example_dags/example_task_group_decorator.py
[2024-10-08 16:36:46,384] {processor.py:651} INFO - DAG(s) dict_keys(['example_task_group_decorator']) retrieved from /home/kennedy/KR/Programação/00.Estudos/DataEng/Alura/airflow-executores/venv/lib/python3.9/site-packages/airflow/example_dags/example_task_group_decorator.py
[2024-10-08 16:36:46,419] {logging_mixin.py:115} INFO - [2024-10-08 16:36:46,419] {dag.py:2379} INFO - Sync 1 DAGs
[2024-10-08 16:36:46,432] {logging_mixin.py:115} INFO - [2024-10-08 16:36:46,432] {dag.py:2927} INFO - Setting next_dagrun for example_task_group_decorator to 2024-10-07T19:36:46.432341+00:00, run_after=2024-10-08T19:36:46.432341+00:00
[2024-10-08 16:36:47,209] {processor.py:161} INFO - Processing /home/kennedy/KR/Programação/00.Estudos/DataEng/Alura/airflow-executores/venv/lib/python3.9/site-packages/airflow/example_dags/example_task_group_decorator.py took 0.869 seconds
[2024-10-08 16:37:33,746] {processor.py:153} INFO - Started process (PID=16777) to work on /home/kennedy/KR/Programação/00.Estudos/DataEng/Alura/airflow-executores/venv/lib/python3.9/site-packages/airflow/example_dags/example_task_group_decorator.py
[2024-10-08 16:37:33,768] {processor.py:641} INFO - Processing file /home/kennedy/KR/Programação/00.Estudos/DataEng/Alura/airflow-executores/venv/lib/python3.9/site-packages/airflow/example_dags/example_task_group_decorator.py for tasks to queue
[2024-10-08 16:37:33,770] {logging_mixin.py:115} INFO - [2024-10-08 16:37:33,769] {dagbag.py:507} INFO - Filling up the DagBag from /home/kennedy/KR/Programação/00.Estudos/DataEng/Alura/airflow-executores/venv/lib/python3.9/site-packages/airflow/example_dags/example_task_group_decorator.py
[2024-10-08 16:37:33,809] {processor.py:651} INFO - DAG(s) dict_keys(['example_task_group_decorator']) retrieved from /home/kennedy/KR/Programação/00.Estudos/DataEng/Alura/airflow-executores/venv/lib/python3.9/site-packages/airflow/example_dags/example_task_group_decorator.py
[2024-10-08 16:37:33,840] {logging_mixin.py:115} INFO - [2024-10-08 16:37:33,840] {dag.py:2379} INFO - Sync 1 DAGs
[2024-10-08 16:37:33,852] {logging_mixin.py:115} INFO - [2024-10-08 16:37:33,852] {dag.py:2927} INFO - Setting next_dagrun for example_task_group_decorator to 2024-10-07T19:37:33.852295+00:00, run_after=2024-10-08T19:37:33.852295+00:00
[2024-10-08 16:37:33,934] {processor.py:161} INFO - Processing /home/kennedy/KR/Programação/00.Estudos/DataEng/Alura/airflow-executores/venv/lib/python3.9/site-packages/airflow/example_dags/example_task_group_decorator.py took 0.195 seconds
[2024-10-08 16:39:03,558] {processor.py:153} INFO - Started process (PID=17469) to work on /home/kennedy/KR/Programação/00.Estudos/DataEng/Alura/airflow-executores/venv/lib/python3.9/site-packages/airflow/example_dags/example_task_group_decorator.py
[2024-10-08 16:39:03,559] {processor.py:641} INFO - Processing file /home/kennedy/KR/Programação/00.Estudos/DataEng/Alura/airflow-executores/venv/lib/python3.9/site-packages/airflow/example_dags/example_task_group_decorator.py for tasks to queue
[2024-10-08 16:39:03,560] {logging_mixin.py:115} INFO - [2024-10-08 16:39:03,560] {dagbag.py:507} INFO - Filling up the DagBag from /home/kennedy/KR/Programação/00.Estudos/DataEng/Alura/airflow-executores/venv/lib/python3.9/site-packages/airflow/example_dags/example_task_group_decorator.py
[2024-10-08 16:39:03,622] {processor.py:651} INFO - DAG(s) dict_keys(['example_task_group_decorator']) retrieved from /home/kennedy/KR/Programação/00.Estudos/DataEng/Alura/airflow-executores/venv/lib/python3.9/site-packages/airflow/example_dags/example_task_group_decorator.py
[2024-10-08 16:39:03,667] {logging_mixin.py:115} INFO - [2024-10-08 16:39:03,667] {dag.py:2379} INFO - Sync 1 DAGs
[2024-10-08 16:39:03,681] {logging_mixin.py:115} INFO - [2024-10-08 16:39:03,681] {dag.py:2927} INFO - Setting next_dagrun for example_task_group_decorator to 2024-10-07T19:39:03.681157+00:00, run_after=2024-10-08T19:39:03.681157+00:00
[2024-10-08 16:39:03,857] {processor.py:161} INFO - Processing /home/kennedy/KR/Programação/00.Estudos/DataEng/Alura/airflow-executores/venv/lib/python3.9/site-packages/airflow/example_dags/example_task_group_decorator.py took 0.307 seconds
[2024-10-08 16:41:28,660] {processor.py:153} INFO - Started process (PID=18025) to work on /home/kennedy/KR/Programação/00.Estudos/DataEng/Alura/airflow-executores/venv/lib/python3.9/site-packages/airflow/example_dags/example_task_group_decorator.py
[2024-10-08 16:41:28,662] {processor.py:641} INFO - Processing file /home/kennedy/KR/Programação/00.Estudos/DataEng/Alura/airflow-executores/venv/lib/python3.9/site-packages/airflow/example_dags/example_task_group_decorator.py for tasks to queue
[2024-10-08 16:41:28,663] {logging_mixin.py:115} INFO - [2024-10-08 16:41:28,663] {dagbag.py:507} INFO - Filling up the DagBag from /home/kennedy/KR/Programação/00.Estudos/DataEng/Alura/airflow-executores/venv/lib/python3.9/site-packages/airflow/example_dags/example_task_group_decorator.py
[2024-10-08 16:41:28,693] {processor.py:651} INFO - DAG(s) dict_keys(['example_task_group_decorator']) retrieved from /home/kennedy/KR/Programação/00.Estudos/DataEng/Alura/airflow-executores/venv/lib/python3.9/site-packages/airflow/example_dags/example_task_group_decorator.py
[2024-10-08 16:41:28,732] {logging_mixin.py:115} INFO - [2024-10-08 16:41:28,732] {dag.py:2379} INFO - Sync 1 DAGs
[2024-10-08 16:41:28,746] {logging_mixin.py:115} INFO - [2024-10-08 16:41:28,746] {dag.py:2927} INFO - Setting next_dagrun for example_task_group_decorator to 2024-10-07T19:41:28.746573+00:00, run_after=2024-10-08T19:41:28.746573+00:00
[2024-10-08 16:41:28,886] {processor.py:161} INFO - Processing /home/kennedy/KR/Programação/00.Estudos/DataEng/Alura/airflow-executores/venv/lib/python3.9/site-packages/airflow/example_dags/example_task_group_decorator.py took 0.233 seconds
[2024-10-08 16:42:35,315] {processor.py:153} INFO - Started process (PID=18183) to work on /home/kennedy/KR/Programação/00.Estudos/DataEng/Alura/airflow-executores/venv/lib/python3.9/site-packages/airflow/example_dags/example_task_group_decorator.py
[2024-10-08 16:42:35,382] {processor.py:641} INFO - Processing file /home/kennedy/KR/Programação/00.Estudos/DataEng/Alura/airflow-executores/venv/lib/python3.9/site-packages/airflow/example_dags/example_task_group_decorator.py for tasks to queue
[2024-10-08 16:42:35,382] {logging_mixin.py:115} INFO - [2024-10-08 16:42:35,382] {dagbag.py:507} INFO - Filling up the DagBag from /home/kennedy/KR/Programação/00.Estudos/DataEng/Alura/airflow-executores/venv/lib/python3.9/site-packages/airflow/example_dags/example_task_group_decorator.py
[2024-10-08 16:42:35,414] {processor.py:651} INFO - DAG(s) dict_keys(['example_task_group_decorator']) retrieved from /home/kennedy/KR/Programação/00.Estudos/DataEng/Alura/airflow-executores/venv/lib/python3.9/site-packages/airflow/example_dags/example_task_group_decorator.py
[2024-10-08 16:42:35,590] {logging_mixin.py:115} INFO - [2024-10-08 16:42:35,590] {dag.py:2379} INFO - Sync 1 DAGs
[2024-10-08 16:42:35,627] {logging_mixin.py:115} INFO - [2024-10-08 16:42:35,627] {dag.py:2927} INFO - Setting next_dagrun for example_task_group_decorator to 2024-10-07T19:42:35.627338+00:00, run_after=2024-10-08T19:42:35.627338+00:00
[2024-10-08 16:42:35,812] {processor.py:161} INFO - Processing /home/kennedy/KR/Programação/00.Estudos/DataEng/Alura/airflow-executores/venv/lib/python3.9/site-packages/airflow/example_dags/example_task_group_decorator.py took 0.500 seconds
[2024-10-08 16:44:03,588] {processor.py:153} INFO - Started process (PID=18257) to work on /home/kennedy/KR/Programação/00.Estudos/DataEng/Alura/airflow-executores/venv/lib/python3.9/site-packages/airflow/example_dags/example_task_group_decorator.py
[2024-10-08 16:44:03,659] {processor.py:641} INFO - Processing file /home/kennedy/KR/Programação/00.Estudos/DataEng/Alura/airflow-executores/venv/lib/python3.9/site-packages/airflow/example_dags/example_task_group_decorator.py for tasks to queue
[2024-10-08 16:44:03,661] {logging_mixin.py:115} INFO - [2024-10-08 16:44:03,660] {dagbag.py:507} INFO - Filling up the DagBag from /home/kennedy/KR/Programação/00.Estudos/DataEng/Alura/airflow-executores/venv/lib/python3.9/site-packages/airflow/example_dags/example_task_group_decorator.py
[2024-10-08 16:44:03,701] {processor.py:651} INFO - DAG(s) dict_keys(['example_task_group_decorator']) retrieved from /home/kennedy/KR/Programação/00.Estudos/DataEng/Alura/airflow-executores/venv/lib/python3.9/site-packages/airflow/example_dags/example_task_group_decorator.py
[2024-10-08 16:44:03,734] {logging_mixin.py:115} INFO - [2024-10-08 16:44:03,734] {dag.py:2379} INFO - Sync 1 DAGs
[2024-10-08 16:44:03,747] {logging_mixin.py:115} INFO - [2024-10-08 16:44:03,746] {dag.py:2927} INFO - Setting next_dagrun for example_task_group_decorator to 2024-10-07T19:44:03.746738+00:00, run_after=2024-10-08T19:44:03.746738+00:00
[2024-10-08 16:44:03,911] {processor.py:161} INFO - Processing /home/kennedy/KR/Programação/00.Estudos/DataEng/Alura/airflow-executores/venv/lib/python3.9/site-packages/airflow/example_dags/example_task_group_decorator.py took 0.325 seconds
[2024-10-08 16:46:34,960] {processor.py:153} INFO - Started process (PID=18936) to work on /home/kennedy/KR/Programação/00.Estudos/DataEng/Alura/airflow-executores/venv/lib/python3.9/site-packages/airflow/example_dags/example_task_group_decorator.py
[2024-10-08 16:46:34,961] {processor.py:641} INFO - Processing file /home/kennedy/KR/Programação/00.Estudos/DataEng/Alura/airflow-executores/venv/lib/python3.9/site-packages/airflow/example_dags/example_task_group_decorator.py for tasks to queue
[2024-10-08 16:46:34,961] {logging_mixin.py:115} INFO - [2024-10-08 16:46:34,961] {dagbag.py:507} INFO - Filling up the DagBag from /home/kennedy/KR/Programação/00.Estudos/DataEng/Alura/airflow-executores/venv/lib/python3.9/site-packages/airflow/example_dags/example_task_group_decorator.py
[2024-10-08 16:46:34,980] {processor.py:651} INFO - DAG(s) dict_keys(['example_task_group_decorator']) retrieved from /home/kennedy/KR/Programação/00.Estudos/DataEng/Alura/airflow-executores/venv/lib/python3.9/site-packages/airflow/example_dags/example_task_group_decorator.py
[2024-10-08 16:46:35,010] {logging_mixin.py:115} INFO - [2024-10-08 16:46:35,010] {dag.py:2379} INFO - Sync 1 DAGs
[2024-10-08 16:46:35,022] {logging_mixin.py:115} INFO - [2024-10-08 16:46:35,022] {dag.py:2927} INFO - Setting next_dagrun for example_task_group_decorator to 2024-10-07T19:46:35.021974+00:00, run_after=2024-10-08T19:46:35.021974+00:00
[2024-10-08 16:46:36,698] {processor.py:161} INFO - Processing /home/kennedy/KR/Programação/00.Estudos/DataEng/Alura/airflow-executores/venv/lib/python3.9/site-packages/airflow/example_dags/example_task_group_decorator.py took 1.740 seconds
[2024-10-08 16:47:54,972] {processor.py:153} INFO - Started process (PID=19221) to work on /home/kennedy/KR/Programação/00.Estudos/DataEng/Alura/airflow-executores/venv/lib/python3.9/site-packages/airflow/example_dags/example_task_group_decorator.py
[2024-10-08 16:47:54,981] {processor.py:641} INFO - Processing file /home/kennedy/KR/Programação/00.Estudos/DataEng/Alura/airflow-executores/venv/lib/python3.9/site-packages/airflow/example_dags/example_task_group_decorator.py for tasks to queue
[2024-10-08 16:47:54,981] {logging_mixin.py:115} INFO - [2024-10-08 16:47:54,981] {dagbag.py:507} INFO - Filling up the DagBag from /home/kennedy/KR/Programação/00.Estudos/DataEng/Alura/airflow-executores/venv/lib/python3.9/site-packages/airflow/example_dags/example_task_group_decorator.py
[2024-10-08 16:47:55,006] {processor.py:651} INFO - DAG(s) dict_keys(['example_task_group_decorator']) retrieved from /home/kennedy/KR/Programação/00.Estudos/DataEng/Alura/airflow-executores/venv/lib/python3.9/site-packages/airflow/example_dags/example_task_group_decorator.py
[2024-10-08 16:47:55,043] {logging_mixin.py:115} INFO - [2024-10-08 16:47:55,043] {dag.py:2379} INFO - Sync 1 DAGs
[2024-10-08 16:47:55,058] {logging_mixin.py:115} INFO - [2024-10-08 16:47:55,058] {dag.py:2927} INFO - Setting next_dagrun for example_task_group_decorator to 2024-10-07T19:47:55.058163+00:00, run_after=2024-10-08T19:47:55.058163+00:00
[2024-10-08 16:47:55,457] {processor.py:161} INFO - Processing /home/kennedy/KR/Programação/00.Estudos/DataEng/Alura/airflow-executores/venv/lib/python3.9/site-packages/airflow/example_dags/example_task_group_decorator.py took 0.490 seconds
[2024-10-08 16:48:55,725] {processor.py:153} INFO - Started process (PID=19274) to work on /home/kennedy/KR/Programação/00.Estudos/DataEng/Alura/airflow-executores/venv/lib/python3.9/site-packages/airflow/example_dags/example_task_group_decorator.py
[2024-10-08 16:48:55,730] {processor.py:641} INFO - Processing file /home/kennedy/KR/Programação/00.Estudos/DataEng/Alura/airflow-executores/venv/lib/python3.9/site-packages/airflow/example_dags/example_task_group_decorator.py for tasks to queue
[2024-10-08 16:48:55,734] {logging_mixin.py:115} INFO - [2024-10-08 16:48:55,733] {dagbag.py:507} INFO - Filling up the DagBag from /home/kennedy/KR/Programação/00.Estudos/DataEng/Alura/airflow-executores/venv/lib/python3.9/site-packages/airflow/example_dags/example_task_group_decorator.py
[2024-10-08 16:48:55,774] {processor.py:651} INFO - DAG(s) dict_keys(['example_task_group_decorator']) retrieved from /home/kennedy/KR/Programação/00.Estudos/DataEng/Alura/airflow-executores/venv/lib/python3.9/site-packages/airflow/example_dags/example_task_group_decorator.py
[2024-10-08 16:48:56,352] {logging_mixin.py:115} INFO - [2024-10-08 16:48:56,352] {dag.py:2379} INFO - Sync 1 DAGs
[2024-10-08 16:48:56,365] {logging_mixin.py:115} INFO - [2024-10-08 16:48:56,365] {dag.py:2927} INFO - Setting next_dagrun for example_task_group_decorator to 2024-10-07T19:48:56.365020+00:00, run_after=2024-10-08T19:48:56.365020+00:00
[2024-10-08 16:48:57,658] {processor.py:161} INFO - Processing /home/kennedy/KR/Programação/00.Estudos/DataEng/Alura/airflow-executores/venv/lib/python3.9/site-packages/airflow/example_dags/example_task_group_decorator.py took 1.938 seconds
[2024-10-08 16:50:50,267] {processor.py:153} INFO - Started process (PID=19952) to work on /home/kennedy/KR/Programação/00.Estudos/DataEng/Alura/airflow-executores/venv/lib/python3.9/site-packages/airflow/example_dags/example_task_group_decorator.py
[2024-10-08 16:50:50,283] {processor.py:641} INFO - Processing file /home/kennedy/KR/Programação/00.Estudos/DataEng/Alura/airflow-executores/venv/lib/python3.9/site-packages/airflow/example_dags/example_task_group_decorator.py for tasks to queue
[2024-10-08 16:50:50,285] {logging_mixin.py:115} INFO - [2024-10-08 16:50:50,284] {dagbag.py:507} INFO - Filling up the DagBag from /home/kennedy/KR/Programação/00.Estudos/DataEng/Alura/airflow-executores/venv/lib/python3.9/site-packages/airflow/example_dags/example_task_group_decorator.py
[2024-10-08 16:50:50,316] {processor.py:651} INFO - DAG(s) dict_keys(['example_task_group_decorator']) retrieved from /home/kennedy/KR/Programação/00.Estudos/DataEng/Alura/airflow-executores/venv/lib/python3.9/site-packages/airflow/example_dags/example_task_group_decorator.py
[2024-10-08 16:50:50,363] {logging_mixin.py:115} INFO - [2024-10-08 16:50:50,363] {dag.py:2379} INFO - Sync 1 DAGs
[2024-10-08 16:50:50,381] {logging_mixin.py:115} INFO - [2024-10-08 16:50:50,381] {dag.py:2927} INFO - Setting next_dagrun for example_task_group_decorator to 2024-10-07T19:50:50.381520+00:00, run_after=2024-10-08T19:50:50.381520+00:00
[2024-10-08 16:50:50,469] {processor.py:161} INFO - Processing /home/kennedy/KR/Programação/00.Estudos/DataEng/Alura/airflow-executores/venv/lib/python3.9/site-packages/airflow/example_dags/example_task_group_decorator.py took 0.209 seconds
[2024-10-08 17:10:41,806] {processor.py:153} INFO - Started process (PID=31898) to work on /home/kennedy/KR/Programação/00.Estudos/DataEng/Alura/airflow-executores/venv/lib/python3.9/site-packages/airflow/example_dags/example_task_group_decorator.py
[2024-10-08 17:10:41,832] {processor.py:641} INFO - Processing file /home/kennedy/KR/Programação/00.Estudos/DataEng/Alura/airflow-executores/venv/lib/python3.9/site-packages/airflow/example_dags/example_task_group_decorator.py for tasks to queue
[2024-10-08 17:10:41,832] {logging_mixin.py:115} INFO - [2024-10-08 17:10:41,832] {dagbag.py:507} INFO - Filling up the DagBag from /home/kennedy/KR/Programação/00.Estudos/DataEng/Alura/airflow-executores/venv/lib/python3.9/site-packages/airflow/example_dags/example_task_group_decorator.py
[2024-10-08 17:10:41,859] {processor.py:651} INFO - DAG(s) dict_keys(['example_task_group_decorator']) retrieved from /home/kennedy/KR/Programação/00.Estudos/DataEng/Alura/airflow-executores/venv/lib/python3.9/site-packages/airflow/example_dags/example_task_group_decorator.py
[2024-10-08 17:10:41,900] {logging_mixin.py:115} INFO - [2024-10-08 17:10:41,900] {dag.py:2379} INFO - Sync 1 DAGs
[2024-10-08 17:10:41,911] {logging_mixin.py:115} INFO - [2024-10-08 17:10:41,911] {dag.py:2927} INFO - Setting next_dagrun for example_task_group_decorator to 2024-10-07T20:10:41.911048+00:00, run_after=2024-10-08T20:10:41.911048+00:00
[2024-10-08 17:10:42,007] {processor.py:161} INFO - Processing /home/kennedy/KR/Programação/00.Estudos/DataEng/Alura/airflow-executores/venv/lib/python3.9/site-packages/airflow/example_dags/example_task_group_decorator.py took 0.204 seconds
[2024-10-08 17:21:45,456] {processor.py:153} INFO - Started process (PID=39260) to work on /home/kennedy/KR/Programação/00.Estudos/DataEng/Alura/airflow-executores/venv/lib/python3.9/site-packages/airflow/example_dags/example_task_group_decorator.py
[2024-10-08 17:21:45,815] {processor.py:641} INFO - Processing file /home/kennedy/KR/Programação/00.Estudos/DataEng/Alura/airflow-executores/venv/lib/python3.9/site-packages/airflow/example_dags/example_task_group_decorator.py for tasks to queue
[2024-10-08 17:21:45,815] {logging_mixin.py:115} INFO - [2024-10-08 17:21:45,815] {dagbag.py:507} INFO - Filling up the DagBag from /home/kennedy/KR/Programação/00.Estudos/DataEng/Alura/airflow-executores/venv/lib/python3.9/site-packages/airflow/example_dags/example_task_group_decorator.py
[2024-10-08 17:21:45,859] {processor.py:651} INFO - DAG(s) dict_keys(['example_task_group_decorator']) retrieved from /home/kennedy/KR/Programação/00.Estudos/DataEng/Alura/airflow-executores/venv/lib/python3.9/site-packages/airflow/example_dags/example_task_group_decorator.py
[2024-10-08 17:21:45,926] {logging_mixin.py:115} INFO - [2024-10-08 17:21:45,926] {dag.py:2379} INFO - Sync 1 DAGs
[2024-10-08 17:21:45,941] {logging_mixin.py:115} INFO - [2024-10-08 17:21:45,941] {dag.py:2927} INFO - Setting next_dagrun for example_task_group_decorator to 2024-10-07T20:21:45.940238+00:00, run_after=2024-10-08T20:21:45.940238+00:00
[2024-10-08 17:21:46,215] {processor.py:161} INFO - Processing /home/kennedy/KR/Programação/00.Estudos/DataEng/Alura/airflow-executores/venv/lib/python3.9/site-packages/airflow/example_dags/example_task_group_decorator.py took 0.764 seconds
