[2024-10-08 13:23:09,445] {processor.py:153} INFO - Started process (PID=37543) to work on /home/kennedy/KR/Programação/00.Estudos/DataEng/Alura/airflow-executores/venv/lib/python3.9/site-packages/airflow/example_dags/example_time_delta_sensor_async.py
[2024-10-08 13:23:09,445] {processor.py:641} INFO - Processing file /home/kennedy/KR/Programação/00.Estudos/DataEng/Alura/airflow-executores/venv/lib/python3.9/site-packages/airflow/example_dags/example_time_delta_sensor_async.py for tasks to queue
[2024-10-08 13:23:09,446] {logging_mixin.py:115} INFO - [2024-10-08 13:23:09,446] {dagbag.py:507} INFO - Filling up the DagBag from /home/kennedy/KR/Programação/00.Estudos/DataEng/Alura/airflow-executores/venv/lib/python3.9/site-packages/airflow/example_dags/example_time_delta_sensor_async.py
[2024-10-08 13:23:09,452] {processor.py:651} INFO - DAG(s) dict_keys(['example_time_delta_sensor_async']) retrieved from /home/kennedy/KR/Programação/00.Estudos/DataEng/Alura/airflow-executores/venv/lib/python3.9/site-packages/airflow/example_dags/example_time_delta_sensor_async.py
[2024-10-08 13:23:11,909] {logging_mixin.py:115} INFO - [2024-10-08 13:23:11,909] {manager.py:508} INFO - Created Permission View: can delete on DAG:example_time_delta_sensor_async
[2024-10-08 13:23:12,004] {logging_mixin.py:115} INFO - [2024-10-08 13:23:12,004] {manager.py:508} INFO - Created Permission View: can read on DAG:example_time_delta_sensor_async
[2024-10-08 13:23:12,127] {logging_mixin.py:115} INFO - [2024-10-08 13:23:12,127] {manager.py:508} INFO - Created Permission View: can edit on DAG:example_time_delta_sensor_async
[2024-10-08 13:23:12,128] {logging_mixin.py:115} INFO - [2024-10-08 13:23:12,128] {dag.py:2379} INFO - Sync 1 DAGs
[2024-10-08 13:23:12,145] {logging_mixin.py:115} INFO - [2024-10-08 13:23:12,144] {dag.py:2398} INFO - Creating ORM DAG for example_time_delta_sensor_async
[2024-10-08 13:23:12,167] {logging_mixin.py:115} INFO - [2024-10-08 13:23:12,167] {dag.py:2927} INFO - Setting next_dagrun for example_time_delta_sensor_async to None, run_after=None
[2024-10-08 13:23:12,274] {processor.py:161} INFO - Processing /home/kennedy/KR/Programação/00.Estudos/DataEng/Alura/airflow-executores/venv/lib/python3.9/site-packages/airflow/example_dags/example_time_delta_sensor_async.py took 2.833 seconds
[2024-10-08 13:25:08,977] {processor.py:153} INFO - Started process (PID=37731) to work on /home/kennedy/KR/Programação/00.Estudos/DataEng/Alura/airflow-executores/venv/lib/python3.9/site-packages/airflow/example_dags/example_time_delta_sensor_async.py
[2024-10-08 13:25:09,173] {processor.py:641} INFO - Processing file /home/kennedy/KR/Programação/00.Estudos/DataEng/Alura/airflow-executores/venv/lib/python3.9/site-packages/airflow/example_dags/example_time_delta_sensor_async.py for tasks to queue
[2024-10-08 13:25:09,173] {logging_mixin.py:115} INFO - [2024-10-08 13:25:09,173] {dagbag.py:507} INFO - Filling up the DagBag from /home/kennedy/KR/Programação/00.Estudos/DataEng/Alura/airflow-executores/venv/lib/python3.9/site-packages/airflow/example_dags/example_time_delta_sensor_async.py
[2024-10-08 13:25:09,178] {processor.py:651} INFO - DAG(s) dict_keys(['example_time_delta_sensor_async']) retrieved from /home/kennedy/KR/Programação/00.Estudos/DataEng/Alura/airflow-executores/venv/lib/python3.9/site-packages/airflow/example_dags/example_time_delta_sensor_async.py
[2024-10-08 13:25:09,196] {logging_mixin.py:115} INFO - [2024-10-08 13:25:09,196] {dag.py:2379} INFO - Sync 1 DAGs
[2024-10-08 13:25:09,210] {logging_mixin.py:115} INFO - [2024-10-08 13:25:09,210] {dag.py:2927} INFO - Setting next_dagrun for example_time_delta_sensor_async to None, run_after=None
[2024-10-08 13:25:09,788] {processor.py:161} INFO - Processing /home/kennedy/KR/Programação/00.Estudos/DataEng/Alura/airflow-executores/venv/lib/python3.9/site-packages/airflow/example_dags/example_time_delta_sensor_async.py took 0.817 seconds
[2024-10-08 13:26:16,355] {processor.py:153} INFO - Started process (PID=37815) to work on /home/kennedy/KR/Programação/00.Estudos/DataEng/Alura/airflow-executores/venv/lib/python3.9/site-packages/airflow/example_dags/example_time_delta_sensor_async.py
[2024-10-08 13:26:16,434] {processor.py:641} INFO - Processing file /home/kennedy/KR/Programação/00.Estudos/DataEng/Alura/airflow-executores/venv/lib/python3.9/site-packages/airflow/example_dags/example_time_delta_sensor_async.py for tasks to queue
[2024-10-08 13:26:16,435] {logging_mixin.py:115} INFO - [2024-10-08 13:26:16,435] {dagbag.py:507} INFO - Filling up the DagBag from /home/kennedy/KR/Programação/00.Estudos/DataEng/Alura/airflow-executores/venv/lib/python3.9/site-packages/airflow/example_dags/example_time_delta_sensor_async.py
[2024-10-08 13:26:16,447] {processor.py:651} INFO - DAG(s) dict_keys(['example_time_delta_sensor_async']) retrieved from /home/kennedy/KR/Programação/00.Estudos/DataEng/Alura/airflow-executores/venv/lib/python3.9/site-packages/airflow/example_dags/example_time_delta_sensor_async.py
[2024-10-08 13:26:16,480] {logging_mixin.py:115} INFO - [2024-10-08 13:26:16,480] {dag.py:2379} INFO - Sync 1 DAGs
[2024-10-08 13:26:16,493] {logging_mixin.py:115} INFO - [2024-10-08 13:26:16,493] {dag.py:2927} INFO - Setting next_dagrun for example_time_delta_sensor_async to None, run_after=None
[2024-10-08 13:26:16,782] {processor.py:161} INFO - Processing /home/kennedy/KR/Programação/00.Estudos/DataEng/Alura/airflow-executores/venv/lib/python3.9/site-packages/airflow/example_dags/example_time_delta_sensor_async.py took 0.433 seconds
[2024-10-08 13:27:43,183] {processor.py:153} INFO - Started process (PID=37978) to work on /home/kennedy/KR/Programação/00.Estudos/DataEng/Alura/airflow-executores/venv/lib/python3.9/site-packages/airflow/example_dags/example_time_delta_sensor_async.py
[2024-10-08 13:27:43,231] {processor.py:641} INFO - Processing file /home/kennedy/KR/Programação/00.Estudos/DataEng/Alura/airflow-executores/venv/lib/python3.9/site-packages/airflow/example_dags/example_time_delta_sensor_async.py for tasks to queue
[2024-10-08 13:27:43,233] {logging_mixin.py:115} INFO - [2024-10-08 13:27:43,233] {dagbag.py:507} INFO - Filling up the DagBag from /home/kennedy/KR/Programação/00.Estudos/DataEng/Alura/airflow-executores/venv/lib/python3.9/site-packages/airflow/example_dags/example_time_delta_sensor_async.py
[2024-10-08 13:27:43,245] {processor.py:651} INFO - DAG(s) dict_keys(['example_time_delta_sensor_async']) retrieved from /home/kennedy/KR/Programação/00.Estudos/DataEng/Alura/airflow-executores/venv/lib/python3.9/site-packages/airflow/example_dags/example_time_delta_sensor_async.py
[2024-10-08 13:27:43,279] {logging_mixin.py:115} INFO - [2024-10-08 13:27:43,278] {dag.py:2379} INFO - Sync 1 DAGs
[2024-10-08 13:27:43,291] {logging_mixin.py:115} INFO - [2024-10-08 13:27:43,291] {dag.py:2927} INFO - Setting next_dagrun for example_time_delta_sensor_async to None, run_after=None
[2024-10-08 13:27:43,575] {processor.py:161} INFO - Processing /home/kennedy/KR/Programação/00.Estudos/DataEng/Alura/airflow-executores/venv/lib/python3.9/site-packages/airflow/example_dags/example_time_delta_sensor_async.py took 0.399 seconds
[2024-10-08 13:28:54,356] {processor.py:153} INFO - Started process (PID=38128) to work on /home/kennedy/KR/Programação/00.Estudos/DataEng/Alura/airflow-executores/venv/lib/python3.9/site-packages/airflow/example_dags/example_time_delta_sensor_async.py
[2024-10-08 13:28:54,368] {processor.py:641} INFO - Processing file /home/kennedy/KR/Programação/00.Estudos/DataEng/Alura/airflow-executores/venv/lib/python3.9/site-packages/airflow/example_dags/example_time_delta_sensor_async.py for tasks to queue
[2024-10-08 13:28:54,369] {logging_mixin.py:115} INFO - [2024-10-08 13:28:54,369] {dagbag.py:507} INFO - Filling up the DagBag from /home/kennedy/KR/Programação/00.Estudos/DataEng/Alura/airflow-executores/venv/lib/python3.9/site-packages/airflow/example_dags/example_time_delta_sensor_async.py
[2024-10-08 13:28:54,380] {processor.py:651} INFO - DAG(s) dict_keys(['example_time_delta_sensor_async']) retrieved from /home/kennedy/KR/Programação/00.Estudos/DataEng/Alura/airflow-executores/venv/lib/python3.9/site-packages/airflow/example_dags/example_time_delta_sensor_async.py
[2024-10-08 13:28:54,409] {logging_mixin.py:115} INFO - [2024-10-08 13:28:54,408] {dag.py:2379} INFO - Sync 1 DAGs
[2024-10-08 13:28:54,422] {logging_mixin.py:115} INFO - [2024-10-08 13:28:54,422] {dag.py:2927} INFO - Setting next_dagrun for example_time_delta_sensor_async to None, run_after=None
[2024-10-08 13:28:56,413] {processor.py:161} INFO - Processing /home/kennedy/KR/Programação/00.Estudos/DataEng/Alura/airflow-executores/venv/lib/python3.9/site-packages/airflow/example_dags/example_time_delta_sensor_async.py took 2.064 seconds
[2024-10-08 13:29:44,526] {processor.py:153} INFO - Started process (PID=38490) to work on /home/kennedy/KR/Programação/00.Estudos/DataEng/Alura/airflow-executores/venv/lib/python3.9/site-packages/airflow/example_dags/example_time_delta_sensor_async.py
[2024-10-08 13:29:44,645] {processor.py:641} INFO - Processing file /home/kennedy/KR/Programação/00.Estudos/DataEng/Alura/airflow-executores/venv/lib/python3.9/site-packages/airflow/example_dags/example_time_delta_sensor_async.py for tasks to queue
[2024-10-08 13:29:44,646] {logging_mixin.py:115} INFO - [2024-10-08 13:29:44,646] {dagbag.py:507} INFO - Filling up the DagBag from /home/kennedy/KR/Programação/00.Estudos/DataEng/Alura/airflow-executores/venv/lib/python3.9/site-packages/airflow/example_dags/example_time_delta_sensor_async.py
[2024-10-08 13:29:44,661] {processor.py:651} INFO - DAG(s) dict_keys(['example_time_delta_sensor_async']) retrieved from /home/kennedy/KR/Programação/00.Estudos/DataEng/Alura/airflow-executores/venv/lib/python3.9/site-packages/airflow/example_dags/example_time_delta_sensor_async.py
[2024-10-08 13:29:44,695] {logging_mixin.py:115} INFO - [2024-10-08 13:29:44,695] {dag.py:2379} INFO - Sync 1 DAGs
[2024-10-08 13:29:44,710] {logging_mixin.py:115} INFO - [2024-10-08 13:29:44,710] {dag.py:2927} INFO - Setting next_dagrun for example_time_delta_sensor_async to None, run_after=None
[2024-10-08 13:29:45,148] {processor.py:161} INFO - Processing /home/kennedy/KR/Programação/00.Estudos/DataEng/Alura/airflow-executores/venv/lib/python3.9/site-packages/airflow/example_dags/example_time_delta_sensor_async.py took 0.625 seconds
[2024-10-08 13:30:42,581] {processor.py:153} INFO - Started process (PID=38586) to work on /home/kennedy/KR/Programação/00.Estudos/DataEng/Alura/airflow-executores/venv/lib/python3.9/site-packages/airflow/example_dags/example_time_delta_sensor_async.py
[2024-10-08 13:30:42,583] {processor.py:641} INFO - Processing file /home/kennedy/KR/Programação/00.Estudos/DataEng/Alura/airflow-executores/venv/lib/python3.9/site-packages/airflow/example_dags/example_time_delta_sensor_async.py for tasks to queue
[2024-10-08 13:30:42,584] {logging_mixin.py:115} INFO - [2024-10-08 13:30:42,584] {dagbag.py:507} INFO - Filling up the DagBag from /home/kennedy/KR/Programação/00.Estudos/DataEng/Alura/airflow-executores/venv/lib/python3.9/site-packages/airflow/example_dags/example_time_delta_sensor_async.py
[2024-10-08 13:30:42,591] {processor.py:651} INFO - DAG(s) dict_keys(['example_time_delta_sensor_async']) retrieved from /home/kennedy/KR/Programação/00.Estudos/DataEng/Alura/airflow-executores/venv/lib/python3.9/site-packages/airflow/example_dags/example_time_delta_sensor_async.py
[2024-10-08 13:30:42,613] {logging_mixin.py:115} INFO - [2024-10-08 13:30:42,613] {dag.py:2379} INFO - Sync 1 DAGs
[2024-10-08 13:30:42,627] {logging_mixin.py:115} INFO - [2024-10-08 13:30:42,627] {dag.py:2927} INFO - Setting next_dagrun for example_time_delta_sensor_async to None, run_after=None
[2024-10-08 13:30:42,780] {processor.py:161} INFO - Processing /home/kennedy/KR/Programação/00.Estudos/DataEng/Alura/airflow-executores/venv/lib/python3.9/site-packages/airflow/example_dags/example_time_delta_sensor_async.py took 0.205 seconds
[2024-10-08 13:31:47,792] {processor.py:153} INFO - Started process (PID=38701) to work on /home/kennedy/KR/Programação/00.Estudos/DataEng/Alura/airflow-executores/venv/lib/python3.9/site-packages/airflow/example_dags/example_time_delta_sensor_async.py
[2024-10-08 13:31:48,243] {processor.py:641} INFO - Processing file /home/kennedy/KR/Programação/00.Estudos/DataEng/Alura/airflow-executores/venv/lib/python3.9/site-packages/airflow/example_dags/example_time_delta_sensor_async.py for tasks to queue
[2024-10-08 13:31:48,244] {logging_mixin.py:115} INFO - [2024-10-08 13:31:48,244] {dagbag.py:507} INFO - Filling up the DagBag from /home/kennedy/KR/Programação/00.Estudos/DataEng/Alura/airflow-executores/venv/lib/python3.9/site-packages/airflow/example_dags/example_time_delta_sensor_async.py
[2024-10-08 13:31:48,253] {processor.py:651} INFO - DAG(s) dict_keys(['example_time_delta_sensor_async']) retrieved from /home/kennedy/KR/Programação/00.Estudos/DataEng/Alura/airflow-executores/venv/lib/python3.9/site-packages/airflow/example_dags/example_time_delta_sensor_async.py
[2024-10-08 13:31:48,288] {logging_mixin.py:115} INFO - [2024-10-08 13:31:48,288] {dag.py:2379} INFO - Sync 1 DAGs
[2024-10-08 13:31:48,311] {logging_mixin.py:115} INFO - [2024-10-08 13:31:48,311] {dag.py:2927} INFO - Setting next_dagrun for example_time_delta_sensor_async to None, run_after=None
[2024-10-08 13:31:50,057] {processor.py:161} INFO - Processing /home/kennedy/KR/Programação/00.Estudos/DataEng/Alura/airflow-executores/venv/lib/python3.9/site-packages/airflow/example_dags/example_time_delta_sensor_async.py took 2.267 seconds
[2024-10-08 13:33:03,086] {processor.py:153} INFO - Started process (PID=38871) to work on /home/kennedy/KR/Programação/00.Estudos/DataEng/Alura/airflow-executores/venv/lib/python3.9/site-packages/airflow/example_dags/example_time_delta_sensor_async.py
[2024-10-08 13:33:03,387] {processor.py:641} INFO - Processing file /home/kennedy/KR/Programação/00.Estudos/DataEng/Alura/airflow-executores/venv/lib/python3.9/site-packages/airflow/example_dags/example_time_delta_sensor_async.py for tasks to queue
[2024-10-08 13:33:03,388] {logging_mixin.py:115} INFO - [2024-10-08 13:33:03,388] {dagbag.py:507} INFO - Filling up the DagBag from /home/kennedy/KR/Programação/00.Estudos/DataEng/Alura/airflow-executores/venv/lib/python3.9/site-packages/airflow/example_dags/example_time_delta_sensor_async.py
[2024-10-08 13:33:03,399] {processor.py:651} INFO - DAG(s) dict_keys(['example_time_delta_sensor_async']) retrieved from /home/kennedy/KR/Programação/00.Estudos/DataEng/Alura/airflow-executores/venv/lib/python3.9/site-packages/airflow/example_dags/example_time_delta_sensor_async.py
[2024-10-08 13:33:03,447] {logging_mixin.py:115} INFO - [2024-10-08 13:33:03,447] {dag.py:2379} INFO - Sync 1 DAGs
[2024-10-08 13:33:03,465] {logging_mixin.py:115} INFO - [2024-10-08 13:33:03,465] {dag.py:2927} INFO - Setting next_dagrun for example_time_delta_sensor_async to None, run_after=None
[2024-10-08 13:33:04,025] {processor.py:161} INFO - Processing /home/kennedy/KR/Programação/00.Estudos/DataEng/Alura/airflow-executores/venv/lib/python3.9/site-packages/airflow/example_dags/example_time_delta_sensor_async.py took 0.947 seconds
[2024-10-08 13:34:10,965] {processor.py:153} INFO - Started process (PID=38948) to work on /home/kennedy/KR/Programação/00.Estudos/DataEng/Alura/airflow-executores/venv/lib/python3.9/site-packages/airflow/example_dags/example_time_delta_sensor_async.py
[2024-10-08 13:34:11,015] {processor.py:641} INFO - Processing file /home/kennedy/KR/Programação/00.Estudos/DataEng/Alura/airflow-executores/venv/lib/python3.9/site-packages/airflow/example_dags/example_time_delta_sensor_async.py for tasks to queue
[2024-10-08 13:34:11,016] {logging_mixin.py:115} INFO - [2024-10-08 13:34:11,016] {dagbag.py:507} INFO - Filling up the DagBag from /home/kennedy/KR/Programação/00.Estudos/DataEng/Alura/airflow-executores/venv/lib/python3.9/site-packages/airflow/example_dags/example_time_delta_sensor_async.py
[2024-10-08 13:34:11,031] {processor.py:651} INFO - DAG(s) dict_keys(['example_time_delta_sensor_async']) retrieved from /home/kennedy/KR/Programação/00.Estudos/DataEng/Alura/airflow-executores/venv/lib/python3.9/site-packages/airflow/example_dags/example_time_delta_sensor_async.py
[2024-10-08 13:34:11,085] {logging_mixin.py:115} INFO - [2024-10-08 13:34:11,085] {dag.py:2379} INFO - Sync 1 DAGs
[2024-10-08 13:34:11,104] {logging_mixin.py:115} INFO - [2024-10-08 13:34:11,104] {dag.py:2927} INFO - Setting next_dagrun for example_time_delta_sensor_async to None, run_after=None
[2024-10-08 13:34:11,198] {processor.py:161} INFO - Processing /home/kennedy/KR/Programação/00.Estudos/DataEng/Alura/airflow-executores/venv/lib/python3.9/site-packages/airflow/example_dags/example_time_delta_sensor_async.py took 0.240 seconds
[2024-10-08 15:46:47,981] {processor.py:153} INFO - Started process (PID=11175) to work on /home/kennedy/.local/lib/python3.10/site-packages/airflow/example_dags/example_time_delta_sensor_async.py
[2024-10-08 15:46:48,101] {processor.py:641} INFO - Processing file /home/kennedy/.local/lib/python3.10/site-packages/airflow/example_dags/example_time_delta_sensor_async.py for tasks to queue
[2024-10-08 15:46:48,102] {logging_mixin.py:115} INFO - [2024-10-08 15:46:48,102] {dagbag.py:507} INFO - Filling up the DagBag from /home/kennedy/.local/lib/python3.10/site-packages/airflow/example_dags/example_time_delta_sensor_async.py
[2024-10-08 15:46:48,385] {processor.py:651} INFO - DAG(s) dict_keys(['example_time_delta_sensor_async']) retrieved from /home/kennedy/.local/lib/python3.10/site-packages/airflow/example_dags/example_time_delta_sensor_async.py
[2024-10-08 15:46:48,601] {logging_mixin.py:115} INFO - [2024-10-08 15:46:48,601] {dag.py:2379} INFO - Sync 1 DAGs
[2024-10-08 15:46:48,620] {logging_mixin.py:115} INFO - [2024-10-08 15:46:48,620] {dag.py:2927} INFO - Setting next_dagrun for example_time_delta_sensor_async to None, run_after=None
[2024-10-08 15:46:49,809] {processor.py:161} INFO - Processing /home/kennedy/.local/lib/python3.10/site-packages/airflow/example_dags/example_time_delta_sensor_async.py took 1.834 seconds
[2024-10-08 16:36:44,250] {processor.py:153} INFO - Started process (PID=16655) to work on /home/kennedy/KR/Programação/00.Estudos/DataEng/Alura/airflow-executores/venv/lib/python3.9/site-packages/airflow/example_dags/example_time_delta_sensor_async.py
[2024-10-08 16:36:44,252] {processor.py:641} INFO - Processing file /home/kennedy/KR/Programação/00.Estudos/DataEng/Alura/airflow-executores/venv/lib/python3.9/site-packages/airflow/example_dags/example_time_delta_sensor_async.py for tasks to queue
[2024-10-08 16:36:44,252] {logging_mixin.py:115} INFO - [2024-10-08 16:36:44,252] {dagbag.py:507} INFO - Filling up the DagBag from /home/kennedy/KR/Programação/00.Estudos/DataEng/Alura/airflow-executores/venv/lib/python3.9/site-packages/airflow/example_dags/example_time_delta_sensor_async.py
[2024-10-08 16:36:44,261] {processor.py:651} INFO - DAG(s) dict_keys(['example_time_delta_sensor_async']) retrieved from /home/kennedy/KR/Programação/00.Estudos/DataEng/Alura/airflow-executores/venv/lib/python3.9/site-packages/airflow/example_dags/example_time_delta_sensor_async.py
[2024-10-08 16:36:44,313] {logging_mixin.py:115} INFO - [2024-10-08 16:36:44,312] {dag.py:2379} INFO - Sync 1 DAGs
[2024-10-08 16:36:44,328] {logging_mixin.py:115} INFO - [2024-10-08 16:36:44,328] {dag.py:2927} INFO - Setting next_dagrun for example_time_delta_sensor_async to None, run_after=None
[2024-10-08 16:36:45,104] {processor.py:161} INFO - Processing /home/kennedy/KR/Programação/00.Estudos/DataEng/Alura/airflow-executores/venv/lib/python3.9/site-packages/airflow/example_dags/example_time_delta_sensor_async.py took 0.859 seconds
[2024-10-08 16:37:32,484] {processor.py:153} INFO - Started process (PID=16776) to work on /home/kennedy/KR/Programação/00.Estudos/DataEng/Alura/airflow-executores/venv/lib/python3.9/site-packages/airflow/example_dags/example_time_delta_sensor_async.py
[2024-10-08 16:37:32,514] {processor.py:641} INFO - Processing file /home/kennedy/KR/Programação/00.Estudos/DataEng/Alura/airflow-executores/venv/lib/python3.9/site-packages/airflow/example_dags/example_time_delta_sensor_async.py for tasks to queue
[2024-10-08 16:37:32,515] {logging_mixin.py:115} INFO - [2024-10-08 16:37:32,515] {dagbag.py:507} INFO - Filling up the DagBag from /home/kennedy/KR/Programação/00.Estudos/DataEng/Alura/airflow-executores/venv/lib/python3.9/site-packages/airflow/example_dags/example_time_delta_sensor_async.py
[2024-10-08 16:37:32,519] {processor.py:651} INFO - DAG(s) dict_keys(['example_time_delta_sensor_async']) retrieved from /home/kennedy/KR/Programação/00.Estudos/DataEng/Alura/airflow-executores/venv/lib/python3.9/site-packages/airflow/example_dags/example_time_delta_sensor_async.py
[2024-10-08 16:37:32,539] {logging_mixin.py:115} INFO - [2024-10-08 16:37:32,539] {dag.py:2379} INFO - Sync 1 DAGs
[2024-10-08 16:37:32,553] {logging_mixin.py:115} INFO - [2024-10-08 16:37:32,553] {dag.py:2927} INFO - Setting next_dagrun for example_time_delta_sensor_async to None, run_after=None
[2024-10-08 16:37:32,639] {processor.py:161} INFO - Processing /home/kennedy/KR/Programação/00.Estudos/DataEng/Alura/airflow-executores/venv/lib/python3.9/site-packages/airflow/example_dags/example_time_delta_sensor_async.py took 0.157 seconds
[2024-10-08 16:39:01,496] {processor.py:153} INFO - Started process (PID=17468) to work on /home/kennedy/KR/Programação/00.Estudos/DataEng/Alura/airflow-executores/venv/lib/python3.9/site-packages/airflow/example_dags/example_time_delta_sensor_async.py
[2024-10-08 16:39:01,497] {processor.py:641} INFO - Processing file /home/kennedy/KR/Programação/00.Estudos/DataEng/Alura/airflow-executores/venv/lib/python3.9/site-packages/airflow/example_dags/example_time_delta_sensor_async.py for tasks to queue
[2024-10-08 16:39:01,498] {logging_mixin.py:115} INFO - [2024-10-08 16:39:01,498] {dagbag.py:507} INFO - Filling up the DagBag from /home/kennedy/KR/Programação/00.Estudos/DataEng/Alura/airflow-executores/venv/lib/python3.9/site-packages/airflow/example_dags/example_time_delta_sensor_async.py
[2024-10-08 16:39:01,506] {processor.py:651} INFO - DAG(s) dict_keys(['example_time_delta_sensor_async']) retrieved from /home/kennedy/KR/Programação/00.Estudos/DataEng/Alura/airflow-executores/venv/lib/python3.9/site-packages/airflow/example_dags/example_time_delta_sensor_async.py
[2024-10-08 16:39:01,526] {logging_mixin.py:115} INFO - [2024-10-08 16:39:01,526] {dag.py:2379} INFO - Sync 1 DAGs
[2024-10-08 16:39:01,543] {logging_mixin.py:115} INFO - [2024-10-08 16:39:01,543] {dag.py:2927} INFO - Setting next_dagrun for example_time_delta_sensor_async to None, run_after=None
[2024-10-08 16:39:02,481] {processor.py:161} INFO - Processing /home/kennedy/KR/Programação/00.Estudos/DataEng/Alura/airflow-executores/venv/lib/python3.9/site-packages/airflow/example_dags/example_time_delta_sensor_async.py took 0.991 seconds
[2024-10-08 16:41:27,189] {processor.py:153} INFO - Started process (PID=18024) to work on /home/kennedy/KR/Programação/00.Estudos/DataEng/Alura/airflow-executores/venv/lib/python3.9/site-packages/airflow/example_dags/example_time_delta_sensor_async.py
[2024-10-08 16:41:27,356] {processor.py:641} INFO - Processing file /home/kennedy/KR/Programação/00.Estudos/DataEng/Alura/airflow-executores/venv/lib/python3.9/site-packages/airflow/example_dags/example_time_delta_sensor_async.py for tasks to queue
[2024-10-08 16:41:27,357] {logging_mixin.py:115} INFO - [2024-10-08 16:41:27,357] {dagbag.py:507} INFO - Filling up the DagBag from /home/kennedy/KR/Programação/00.Estudos/DataEng/Alura/airflow-executores/venv/lib/python3.9/site-packages/airflow/example_dags/example_time_delta_sensor_async.py
[2024-10-08 16:41:27,371] {processor.py:651} INFO - DAG(s) dict_keys(['example_time_delta_sensor_async']) retrieved from /home/kennedy/KR/Programação/00.Estudos/DataEng/Alura/airflow-executores/venv/lib/python3.9/site-packages/airflow/example_dags/example_time_delta_sensor_async.py
[2024-10-08 16:41:28,153] {logging_mixin.py:115} INFO - [2024-10-08 16:41:28,153] {dag.py:2379} INFO - Sync 1 DAGs
[2024-10-08 16:41:28,171] {logging_mixin.py:115} INFO - [2024-10-08 16:41:28,171] {dag.py:2927} INFO - Setting next_dagrun for example_time_delta_sensor_async to None, run_after=None
[2024-10-08 16:41:28,242] {processor.py:161} INFO - Processing /home/kennedy/KR/Programação/00.Estudos/DataEng/Alura/airflow-executores/venv/lib/python3.9/site-packages/airflow/example_dags/example_time_delta_sensor_async.py took 1.056 seconds
[2024-10-08 16:42:31,655] {processor.py:153} INFO - Started process (PID=18182) to work on /home/kennedy/KR/Programação/00.Estudos/DataEng/Alura/airflow-executores/venv/lib/python3.9/site-packages/airflow/example_dags/example_time_delta_sensor_async.py
[2024-10-08 16:42:31,666] {processor.py:641} INFO - Processing file /home/kennedy/KR/Programação/00.Estudos/DataEng/Alura/airflow-executores/venv/lib/python3.9/site-packages/airflow/example_dags/example_time_delta_sensor_async.py for tasks to queue
[2024-10-08 16:42:31,666] {logging_mixin.py:115} INFO - [2024-10-08 16:42:31,666] {dagbag.py:507} INFO - Filling up the DagBag from /home/kennedy/KR/Programação/00.Estudos/DataEng/Alura/airflow-executores/venv/lib/python3.9/site-packages/airflow/example_dags/example_time_delta_sensor_async.py
[2024-10-08 16:42:31,673] {processor.py:651} INFO - DAG(s) dict_keys(['example_time_delta_sensor_async']) retrieved from /home/kennedy/KR/Programação/00.Estudos/DataEng/Alura/airflow-executores/venv/lib/python3.9/site-packages/airflow/example_dags/example_time_delta_sensor_async.py
[2024-10-08 16:42:31,694] {logging_mixin.py:115} INFO - [2024-10-08 16:42:31,694] {dag.py:2379} INFO - Sync 1 DAGs
[2024-10-08 16:42:31,712] {logging_mixin.py:115} INFO - [2024-10-08 16:42:31,712] {dag.py:2927} INFO - Setting next_dagrun for example_time_delta_sensor_async to None, run_after=None
[2024-10-08 16:42:34,164] {processor.py:161} INFO - Processing /home/kennedy/KR/Programação/00.Estudos/DataEng/Alura/airflow-executores/venv/lib/python3.9/site-packages/airflow/example_dags/example_time_delta_sensor_async.py took 2.514 seconds
[2024-10-08 16:44:01,534] {processor.py:153} INFO - Started process (PID=18255) to work on /home/kennedy/KR/Programação/00.Estudos/DataEng/Alura/airflow-executores/venv/lib/python3.9/site-packages/airflow/example_dags/example_time_delta_sensor_async.py
[2024-10-08 16:44:01,549] {processor.py:641} INFO - Processing file /home/kennedy/KR/Programação/00.Estudos/DataEng/Alura/airflow-executores/venv/lib/python3.9/site-packages/airflow/example_dags/example_time_delta_sensor_async.py for tasks to queue
[2024-10-08 16:44:01,550] {logging_mixin.py:115} INFO - [2024-10-08 16:44:01,550] {dagbag.py:507} INFO - Filling up the DagBag from /home/kennedy/KR/Programação/00.Estudos/DataEng/Alura/airflow-executores/venv/lib/python3.9/site-packages/airflow/example_dags/example_time_delta_sensor_async.py
[2024-10-08 16:44:01,562] {processor.py:651} INFO - DAG(s) dict_keys(['example_time_delta_sensor_async']) retrieved from /home/kennedy/KR/Programação/00.Estudos/DataEng/Alura/airflow-executores/venv/lib/python3.9/site-packages/airflow/example_dags/example_time_delta_sensor_async.py
[2024-10-08 16:44:01,595] {logging_mixin.py:115} INFO - [2024-10-08 16:44:01,595] {dag.py:2379} INFO - Sync 1 DAGs
[2024-10-08 16:44:01,608] {logging_mixin.py:115} INFO - [2024-10-08 16:44:01,608] {dag.py:2927} INFO - Setting next_dagrun for example_time_delta_sensor_async to None, run_after=None
[2024-10-08 16:44:02,471] {processor.py:161} INFO - Processing /home/kennedy/KR/Programação/00.Estudos/DataEng/Alura/airflow-executores/venv/lib/python3.9/site-packages/airflow/example_dags/example_time_delta_sensor_async.py took 0.941 seconds
[2024-10-08 16:46:34,231] {processor.py:153} INFO - Started process (PID=18935) to work on /home/kennedy/KR/Programação/00.Estudos/DataEng/Alura/airflow-executores/venv/lib/python3.9/site-packages/airflow/example_dags/example_time_delta_sensor_async.py
[2024-10-08 16:46:34,253] {processor.py:641} INFO - Processing file /home/kennedy/KR/Programação/00.Estudos/DataEng/Alura/airflow-executores/venv/lib/python3.9/site-packages/airflow/example_dags/example_time_delta_sensor_async.py for tasks to queue
[2024-10-08 16:46:34,254] {logging_mixin.py:115} INFO - [2024-10-08 16:46:34,254] {dagbag.py:507} INFO - Filling up the DagBag from /home/kennedy/KR/Programação/00.Estudos/DataEng/Alura/airflow-executores/venv/lib/python3.9/site-packages/airflow/example_dags/example_time_delta_sensor_async.py
[2024-10-08 16:46:34,266] {processor.py:651} INFO - DAG(s) dict_keys(['example_time_delta_sensor_async']) retrieved from /home/kennedy/KR/Programação/00.Estudos/DataEng/Alura/airflow-executores/venv/lib/python3.9/site-packages/airflow/example_dags/example_time_delta_sensor_async.py
[2024-10-08 16:46:34,292] {logging_mixin.py:115} INFO - [2024-10-08 16:46:34,292] {dag.py:2379} INFO - Sync 1 DAGs
[2024-10-08 16:46:34,306] {logging_mixin.py:115} INFO - [2024-10-08 16:46:34,306] {dag.py:2927} INFO - Setting next_dagrun for example_time_delta_sensor_async to None, run_after=None
[2024-10-08 16:46:34,472] {processor.py:161} INFO - Processing /home/kennedy/KR/Programação/00.Estudos/DataEng/Alura/airflow-executores/venv/lib/python3.9/site-packages/airflow/example_dags/example_time_delta_sensor_async.py took 0.247 seconds
[2024-10-08 16:47:53,525] {processor.py:153} INFO - Started process (PID=19220) to work on /home/kennedy/KR/Programação/00.Estudos/DataEng/Alura/airflow-executores/venv/lib/python3.9/site-packages/airflow/example_dags/example_time_delta_sensor_async.py
[2024-10-08 16:47:53,597] {processor.py:641} INFO - Processing file /home/kennedy/KR/Programação/00.Estudos/DataEng/Alura/airflow-executores/venv/lib/python3.9/site-packages/airflow/example_dags/example_time_delta_sensor_async.py for tasks to queue
[2024-10-08 16:47:53,598] {logging_mixin.py:115} INFO - [2024-10-08 16:47:53,598] {dagbag.py:507} INFO - Filling up the DagBag from /home/kennedy/KR/Programação/00.Estudos/DataEng/Alura/airflow-executores/venv/lib/python3.9/site-packages/airflow/example_dags/example_time_delta_sensor_async.py
[2024-10-08 16:47:53,611] {processor.py:651} INFO - DAG(s) dict_keys(['example_time_delta_sensor_async']) retrieved from /home/kennedy/KR/Programação/00.Estudos/DataEng/Alura/airflow-executores/venv/lib/python3.9/site-packages/airflow/example_dags/example_time_delta_sensor_async.py
[2024-10-08 16:47:53,644] {logging_mixin.py:115} INFO - [2024-10-08 16:47:53,644] {dag.py:2379} INFO - Sync 1 DAGs
[2024-10-08 16:47:53,657] {logging_mixin.py:115} INFO - [2024-10-08 16:47:53,657] {dag.py:2927} INFO - Setting next_dagrun for example_time_delta_sensor_async to None, run_after=None
[2024-10-08 16:47:53,781] {processor.py:161} INFO - Processing /home/kennedy/KR/Programação/00.Estudos/DataEng/Alura/airflow-executores/venv/lib/python3.9/site-packages/airflow/example_dags/example_time_delta_sensor_async.py took 0.262 seconds
[2024-10-08 16:48:53,726] {processor.py:153} INFO - Started process (PID=19270) to work on /home/kennedy/KR/Programação/00.Estudos/DataEng/Alura/airflow-executores/venv/lib/python3.9/site-packages/airflow/example_dags/example_time_delta_sensor_async.py
[2024-10-08 16:48:53,740] {processor.py:641} INFO - Processing file /home/kennedy/KR/Programação/00.Estudos/DataEng/Alura/airflow-executores/venv/lib/python3.9/site-packages/airflow/example_dags/example_time_delta_sensor_async.py for tasks to queue
[2024-10-08 16:48:53,742] {logging_mixin.py:115} INFO - [2024-10-08 16:48:53,741] {dagbag.py:507} INFO - Filling up the DagBag from /home/kennedy/KR/Programação/00.Estudos/DataEng/Alura/airflow-executores/venv/lib/python3.9/site-packages/airflow/example_dags/example_time_delta_sensor_async.py
[2024-10-08 16:48:53,753] {processor.py:651} INFO - DAG(s) dict_keys(['example_time_delta_sensor_async']) retrieved from /home/kennedy/KR/Programação/00.Estudos/DataEng/Alura/airflow-executores/venv/lib/python3.9/site-packages/airflow/example_dags/example_time_delta_sensor_async.py
[2024-10-08 16:48:53,782] {logging_mixin.py:115} INFO - [2024-10-08 16:48:53,782] {dag.py:2379} INFO - Sync 1 DAGs
[2024-10-08 16:48:53,796] {logging_mixin.py:115} INFO - [2024-10-08 16:48:53,796] {dag.py:2927} INFO - Setting next_dagrun for example_time_delta_sensor_async to None, run_after=None
[2024-10-08 16:48:54,645] {processor.py:161} INFO - Processing /home/kennedy/KR/Programação/00.Estudos/DataEng/Alura/airflow-executores/venv/lib/python3.9/site-packages/airflow/example_dags/example_time_delta_sensor_async.py took 0.925 seconds
[2024-10-08 16:50:48,750] {processor.py:153} INFO - Started process (PID=19908) to work on /home/kennedy/KR/Programação/00.Estudos/DataEng/Alura/airflow-executores/venv/lib/python3.9/site-packages/airflow/example_dags/example_time_delta_sensor_async.py
[2024-10-08 16:50:48,754] {processor.py:641} INFO - Processing file /home/kennedy/KR/Programação/00.Estudos/DataEng/Alura/airflow-executores/venv/lib/python3.9/site-packages/airflow/example_dags/example_time_delta_sensor_async.py for tasks to queue
[2024-10-08 16:50:48,754] {logging_mixin.py:115} INFO - [2024-10-08 16:50:48,754] {dagbag.py:507} INFO - Filling up the DagBag from /home/kennedy/KR/Programação/00.Estudos/DataEng/Alura/airflow-executores/venv/lib/python3.9/site-packages/airflow/example_dags/example_time_delta_sensor_async.py
[2024-10-08 16:50:48,763] {processor.py:651} INFO - DAG(s) dict_keys(['example_time_delta_sensor_async']) retrieved from /home/kennedy/KR/Programação/00.Estudos/DataEng/Alura/airflow-executores/venv/lib/python3.9/site-packages/airflow/example_dags/example_time_delta_sensor_async.py
[2024-10-08 16:50:48,784] {logging_mixin.py:115} INFO - [2024-10-08 16:50:48,784] {dag.py:2379} INFO - Sync 1 DAGs
[2024-10-08 16:50:48,804] {logging_mixin.py:115} INFO - [2024-10-08 16:50:48,804] {dag.py:2927} INFO - Setting next_dagrun for example_time_delta_sensor_async to None, run_after=None
[2024-10-08 16:50:49,909] {processor.py:161} INFO - Processing /home/kennedy/KR/Programação/00.Estudos/DataEng/Alura/airflow-executores/venv/lib/python3.9/site-packages/airflow/example_dags/example_time_delta_sensor_async.py took 1.162 seconds
[2024-10-08 17:10:04,598] {processor.py:153} INFO - Started process (PID=31457) to work on /home/kennedy/KR/Programação/00.Estudos/DataEng/Alura/airflow-executores/venv/lib/python3.9/site-packages/airflow/example_dags/example_time_delta_sensor_async.py
[2024-10-08 17:10:04,600] {processor.py:641} INFO - Processing file /home/kennedy/KR/Programação/00.Estudos/DataEng/Alura/airflow-executores/venv/lib/python3.9/site-packages/airflow/example_dags/example_time_delta_sensor_async.py for tasks to queue
[2024-10-08 17:10:04,601] {logging_mixin.py:115} INFO - [2024-10-08 17:10:04,601] {dagbag.py:507} INFO - Filling up the DagBag from /home/kennedy/KR/Programação/00.Estudos/DataEng/Alura/airflow-executores/venv/lib/python3.9/site-packages/airflow/example_dags/example_time_delta_sensor_async.py
[2024-10-08 17:10:04,613] {processor.py:651} INFO - DAG(s) dict_keys(['example_time_delta_sensor_async']) retrieved from /home/kennedy/KR/Programação/00.Estudos/DataEng/Alura/airflow-executores/venv/lib/python3.9/site-packages/airflow/example_dags/example_time_delta_sensor_async.py
[2024-10-08 17:10:04,638] {logging_mixin.py:115} INFO - [2024-10-08 17:10:04,638] {dag.py:2379} INFO - Sync 1 DAGs
[2024-10-08 17:10:04,648] {logging_mixin.py:115} INFO - [2024-10-08 17:10:04,648] {dag.py:2927} INFO - Setting next_dagrun for example_time_delta_sensor_async to None, run_after=None
[2024-10-08 17:10:04,723] {processor.py:161} INFO - Processing /home/kennedy/KR/Programação/00.Estudos/DataEng/Alura/airflow-executores/venv/lib/python3.9/site-packages/airflow/example_dags/example_time_delta_sensor_async.py took 0.131 seconds
[2024-10-08 17:21:09,736] {processor.py:153} INFO - Started process (PID=38849) to work on /home/kennedy/KR/Programação/00.Estudos/DataEng/Alura/airflow-executores/venv/lib/python3.9/site-packages/airflow/example_dags/example_time_delta_sensor_async.py
[2024-10-08 17:21:09,757] {processor.py:641} INFO - Processing file /home/kennedy/KR/Programação/00.Estudos/DataEng/Alura/airflow-executores/venv/lib/python3.9/site-packages/airflow/example_dags/example_time_delta_sensor_async.py for tasks to queue
[2024-10-08 17:21:09,757] {logging_mixin.py:115} INFO - [2024-10-08 17:21:09,757] {dagbag.py:507} INFO - Filling up the DagBag from /home/kennedy/KR/Programação/00.Estudos/DataEng/Alura/airflow-executores/venv/lib/python3.9/site-packages/airflow/example_dags/example_time_delta_sensor_async.py
[2024-10-08 17:21:09,763] {processor.py:651} INFO - DAG(s) dict_keys(['example_time_delta_sensor_async']) retrieved from /home/kennedy/KR/Programação/00.Estudos/DataEng/Alura/airflow-executores/venv/lib/python3.9/site-packages/airflow/example_dags/example_time_delta_sensor_async.py
[2024-10-08 17:21:09,788] {logging_mixin.py:115} INFO - [2024-10-08 17:21:09,788] {dag.py:2379} INFO - Sync 1 DAGs
[2024-10-08 17:21:09,808] {logging_mixin.py:115} INFO - [2024-10-08 17:21:09,808] {dag.py:2927} INFO - Setting next_dagrun for example_time_delta_sensor_async to None, run_after=None
[2024-10-08 17:21:10,798] {processor.py:161} INFO - Processing /home/kennedy/KR/Programação/00.Estudos/DataEng/Alura/airflow-executores/venv/lib/python3.9/site-packages/airflow/example_dags/example_time_delta_sensor_async.py took 1.066 seconds
