[2024-10-08 13:23:30,979] {processor.py:153} INFO - Started process (PID=37546) to work on /home/kennedy/KR/Programação/00.Estudos/DataEng/Alura/airflow-executores/venv/lib/python3.9/site-packages/airflow/example_dags/example_short_circuit_operator.py
[2024-10-08 13:23:30,980] {processor.py:641} INFO - Processing file /home/kennedy/KR/Programação/00.Estudos/DataEng/Alura/airflow-executores/venv/lib/python3.9/site-packages/airflow/example_dags/example_short_circuit_operator.py for tasks to queue
[2024-10-08 13:23:30,981] {logging_mixin.py:115} INFO - [2024-10-08 13:23:30,981] {dagbag.py:507} INFO - Filling up the DagBag from /home/kennedy/KR/Programação/00.Estudos/DataEng/Alura/airflow-executores/venv/lib/python3.9/site-packages/airflow/example_dags/example_short_circuit_operator.py
[2024-10-08 13:23:30,998] {processor.py:651} INFO - DAG(s) dict_keys(['example_short_circuit_operator']) retrieved from /home/kennedy/KR/Programação/00.Estudos/DataEng/Alura/airflow-executores/venv/lib/python3.9/site-packages/airflow/example_dags/example_short_circuit_operator.py
[2024-10-08 13:23:33,013] {logging_mixin.py:115} INFO - [2024-10-08 13:23:33,013] {manager.py:508} INFO - Created Permission View: can delete on DAG:example_short_circuit_operator
[2024-10-08 13:23:33,102] {logging_mixin.py:115} INFO - [2024-10-08 13:23:33,102] {manager.py:508} INFO - Created Permission View: can read on DAG:example_short_circuit_operator
[2024-10-08 13:23:33,191] {logging_mixin.py:115} INFO - [2024-10-08 13:23:33,191] {manager.py:508} INFO - Created Permission View: can edit on DAG:example_short_circuit_operator
[2024-10-08 13:23:33,192] {logging_mixin.py:115} INFO - [2024-10-08 13:23:33,191] {dag.py:2379} INFO - Sync 1 DAGs
[2024-10-08 13:23:33,216] {logging_mixin.py:115} INFO - [2024-10-08 13:23:33,216] {dag.py:2398} INFO - Creating ORM DAG for example_short_circuit_operator
[2024-10-08 13:23:33,247] {logging_mixin.py:115} INFO - [2024-10-08 13:23:33,247] {dag.py:2927} INFO - Setting next_dagrun for example_short_circuit_operator to 2024-10-07T16:23:33.246814+00:00, run_after=2024-10-08T16:23:33.246814+00:00
[2024-10-08 13:23:33,359] {processor.py:161} INFO - Processing /home/kennedy/KR/Programação/00.Estudos/DataEng/Alura/airflow-executores/venv/lib/python3.9/site-packages/airflow/example_dags/example_short_circuit_operator.py took 2.388 seconds
[2024-10-08 13:25:15,620] {processor.py:153} INFO - Started process (PID=37735) to work on /home/kennedy/KR/Programação/00.Estudos/DataEng/Alura/airflow-executores/venv/lib/python3.9/site-packages/airflow/example_dags/example_short_circuit_operator.py
[2024-10-08 13:25:15,642] {processor.py:641} INFO - Processing file /home/kennedy/KR/Programação/00.Estudos/DataEng/Alura/airflow-executores/venv/lib/python3.9/site-packages/airflow/example_dags/example_short_circuit_operator.py for tasks to queue
[2024-10-08 13:25:15,643] {logging_mixin.py:115} INFO - [2024-10-08 13:25:15,643] {dagbag.py:507} INFO - Filling up the DagBag from /home/kennedy/KR/Programação/00.Estudos/DataEng/Alura/airflow-executores/venv/lib/python3.9/site-packages/airflow/example_dags/example_short_circuit_operator.py
[2024-10-08 13:25:15,664] {processor.py:651} INFO - DAG(s) dict_keys(['example_short_circuit_operator']) retrieved from /home/kennedy/KR/Programação/00.Estudos/DataEng/Alura/airflow-executores/venv/lib/python3.9/site-packages/airflow/example_dags/example_short_circuit_operator.py
[2024-10-08 13:25:15,685] {logging_mixin.py:115} INFO - [2024-10-08 13:25:15,685] {dag.py:2379} INFO - Sync 1 DAGs
[2024-10-08 13:25:15,699] {logging_mixin.py:115} INFO - [2024-10-08 13:25:15,699] {dag.py:2927} INFO - Setting next_dagrun for example_short_circuit_operator to 2024-10-07T16:25:15.699090+00:00, run_after=2024-10-08T16:25:15.699090+00:00
[2024-10-08 13:25:16,452] {processor.py:161} INFO - Processing /home/kennedy/KR/Programação/00.Estudos/DataEng/Alura/airflow-executores/venv/lib/python3.9/site-packages/airflow/example_dags/example_short_circuit_operator.py took 0.839 seconds
[2024-10-08 13:26:21,622] {processor.py:153} INFO - Started process (PID=37819) to work on /home/kennedy/KR/Programação/00.Estudos/DataEng/Alura/airflow-executores/venv/lib/python3.9/site-packages/airflow/example_dags/example_short_circuit_operator.py
[2024-10-08 13:26:21,655] {processor.py:641} INFO - Processing file /home/kennedy/KR/Programação/00.Estudos/DataEng/Alura/airflow-executores/venv/lib/python3.9/site-packages/airflow/example_dags/example_short_circuit_operator.py for tasks to queue
[2024-10-08 13:26:21,657] {logging_mixin.py:115} INFO - [2024-10-08 13:26:21,656] {dagbag.py:507} INFO - Filling up the DagBag from /home/kennedy/KR/Programação/00.Estudos/DataEng/Alura/airflow-executores/venv/lib/python3.9/site-packages/airflow/example_dags/example_short_circuit_operator.py
[2024-10-08 13:26:21,677] {processor.py:651} INFO - DAG(s) dict_keys(['example_short_circuit_operator']) retrieved from /home/kennedy/KR/Programação/00.Estudos/DataEng/Alura/airflow-executores/venv/lib/python3.9/site-packages/airflow/example_dags/example_short_circuit_operator.py
[2024-10-08 13:26:21,696] {logging_mixin.py:115} INFO - [2024-10-08 13:26:21,696] {dag.py:2379} INFO - Sync 1 DAGs
[2024-10-08 13:26:21,709] {logging_mixin.py:115} INFO - [2024-10-08 13:26:21,709] {dag.py:2927} INFO - Setting next_dagrun for example_short_circuit_operator to 2024-10-07T16:26:21.709560+00:00, run_after=2024-10-08T16:26:21.709560+00:00
[2024-10-08 13:26:22,700] {processor.py:161} INFO - Processing /home/kennedy/KR/Programação/00.Estudos/DataEng/Alura/airflow-executores/venv/lib/python3.9/site-packages/airflow/example_dags/example_short_circuit_operator.py took 1.084 seconds
[2024-10-08 13:27:46,708] {processor.py:153} INFO - Started process (PID=37982) to work on /home/kennedy/KR/Programação/00.Estudos/DataEng/Alura/airflow-executores/venv/lib/python3.9/site-packages/airflow/example_dags/example_short_circuit_operator.py
[2024-10-08 13:27:46,853] {processor.py:641} INFO - Processing file /home/kennedy/KR/Programação/00.Estudos/DataEng/Alura/airflow-executores/venv/lib/python3.9/site-packages/airflow/example_dags/example_short_circuit_operator.py for tasks to queue
[2024-10-08 13:27:46,855] {logging_mixin.py:115} INFO - [2024-10-08 13:27:46,854] {dagbag.py:507} INFO - Filling up the DagBag from /home/kennedy/KR/Programação/00.Estudos/DataEng/Alura/airflow-executores/venv/lib/python3.9/site-packages/airflow/example_dags/example_short_circuit_operator.py
[2024-10-08 13:27:46,895] {processor.py:651} INFO - DAG(s) dict_keys(['example_short_circuit_operator']) retrieved from /home/kennedy/KR/Programação/00.Estudos/DataEng/Alura/airflow-executores/venv/lib/python3.9/site-packages/airflow/example_dags/example_short_circuit_operator.py
[2024-10-08 13:27:46,971] {logging_mixin.py:115} INFO - [2024-10-08 13:27:46,971] {dag.py:2379} INFO - Sync 1 DAGs
[2024-10-08 13:27:47,032] {logging_mixin.py:115} INFO - [2024-10-08 13:27:47,032] {dag.py:2927} INFO - Setting next_dagrun for example_short_circuit_operator to 2024-10-07T16:27:47.031164+00:00, run_after=2024-10-08T16:27:47.031164+00:00
[2024-10-08 13:27:47,217] {processor.py:161} INFO - Processing /home/kennedy/KR/Programação/00.Estudos/DataEng/Alura/airflow-executores/venv/lib/python3.9/site-packages/airflow/example_dags/example_short_circuit_operator.py took 0.517 seconds
[2024-10-08 13:29:01,802] {processor.py:153} INFO - Started process (PID=38132) to work on /home/kennedy/KR/Programação/00.Estudos/DataEng/Alura/airflow-executores/venv/lib/python3.9/site-packages/airflow/example_dags/example_short_circuit_operator.py
[2024-10-08 13:29:01,868] {processor.py:641} INFO - Processing file /home/kennedy/KR/Programação/00.Estudos/DataEng/Alura/airflow-executores/venv/lib/python3.9/site-packages/airflow/example_dags/example_short_circuit_operator.py for tasks to queue
[2024-10-08 13:29:01,869] {logging_mixin.py:115} INFO - [2024-10-08 13:29:01,869] {dagbag.py:507} INFO - Filling up the DagBag from /home/kennedy/KR/Programação/00.Estudos/DataEng/Alura/airflow-executores/venv/lib/python3.9/site-packages/airflow/example_dags/example_short_circuit_operator.py
[2024-10-08 13:29:01,890] {processor.py:651} INFO - DAG(s) dict_keys(['example_short_circuit_operator']) retrieved from /home/kennedy/KR/Programação/00.Estudos/DataEng/Alura/airflow-executores/venv/lib/python3.9/site-packages/airflow/example_dags/example_short_circuit_operator.py
[2024-10-08 13:29:01,911] {logging_mixin.py:115} INFO - [2024-10-08 13:29:01,911] {dag.py:2379} INFO - Sync 1 DAGs
[2024-10-08 13:29:01,925] {logging_mixin.py:115} INFO - [2024-10-08 13:29:01,925] {dag.py:2927} INFO - Setting next_dagrun for example_short_circuit_operator to 2024-10-07T16:29:01.925046+00:00, run_after=2024-10-08T16:29:01.925046+00:00
[2024-10-08 13:29:02,193] {processor.py:161} INFO - Processing /home/kennedy/KR/Programação/00.Estudos/DataEng/Alura/airflow-executores/venv/lib/python3.9/site-packages/airflow/example_dags/example_short_circuit_operator.py took 0.399 seconds
[2024-10-08 13:30:07,549] {processor.py:153} INFO - Started process (PID=38533) to work on /home/kennedy/KR/Programação/00.Estudos/DataEng/Alura/airflow-executores/venv/lib/python3.9/site-packages/airflow/example_dags/example_short_circuit_operator.py
[2024-10-08 13:30:07,563] {processor.py:641} INFO - Processing file /home/kennedy/KR/Programação/00.Estudos/DataEng/Alura/airflow-executores/venv/lib/python3.9/site-packages/airflow/example_dags/example_short_circuit_operator.py for tasks to queue
[2024-10-08 13:30:07,564] {logging_mixin.py:115} INFO - [2024-10-08 13:30:07,564] {dagbag.py:507} INFO - Filling up the DagBag from /home/kennedy/KR/Programação/00.Estudos/DataEng/Alura/airflow-executores/venv/lib/python3.9/site-packages/airflow/example_dags/example_short_circuit_operator.py
[2024-10-08 13:30:07,584] {processor.py:651} INFO - DAG(s) dict_keys(['example_short_circuit_operator']) retrieved from /home/kennedy/KR/Programação/00.Estudos/DataEng/Alura/airflow-executores/venv/lib/python3.9/site-packages/airflow/example_dags/example_short_circuit_operator.py
[2024-10-08 13:30:07,623] {logging_mixin.py:115} INFO - [2024-10-08 13:30:07,623] {dag.py:2379} INFO - Sync 1 DAGs
[2024-10-08 13:30:07,643] {logging_mixin.py:115} INFO - [2024-10-08 13:30:07,643] {dag.py:2927} INFO - Setting next_dagrun for example_short_circuit_operator to 2024-10-07T16:30:07.643449+00:00, run_after=2024-10-08T16:30:07.643449+00:00
[2024-10-08 13:30:07,729] {processor.py:161} INFO - Processing /home/kennedy/KR/Programação/00.Estudos/DataEng/Alura/airflow-executores/venv/lib/python3.9/site-packages/airflow/example_dags/example_short_circuit_operator.py took 0.189 seconds
[2024-10-08 13:31:03,732] {processor.py:153} INFO - Started process (PID=38621) to work on /home/kennedy/KR/Programação/00.Estudos/DataEng/Alura/airflow-executores/venv/lib/python3.9/site-packages/airflow/example_dags/example_short_circuit_operator.py
[2024-10-08 13:31:03,766] {processor.py:641} INFO - Processing file /home/kennedy/KR/Programação/00.Estudos/DataEng/Alura/airflow-executores/venv/lib/python3.9/site-packages/airflow/example_dags/example_short_circuit_operator.py for tasks to queue
[2024-10-08 13:31:03,767] {logging_mixin.py:115} INFO - [2024-10-08 13:31:03,767] {dagbag.py:507} INFO - Filling up the DagBag from /home/kennedy/KR/Programação/00.Estudos/DataEng/Alura/airflow-executores/venv/lib/python3.9/site-packages/airflow/example_dags/example_short_circuit_operator.py
[2024-10-08 13:31:03,786] {processor.py:651} INFO - DAG(s) dict_keys(['example_short_circuit_operator']) retrieved from /home/kennedy/KR/Programação/00.Estudos/DataEng/Alura/airflow-executores/venv/lib/python3.9/site-packages/airflow/example_dags/example_short_circuit_operator.py
[2024-10-08 13:31:03,812] {logging_mixin.py:115} INFO - [2024-10-08 13:31:03,812] {dag.py:2379} INFO - Sync 1 DAGs
[2024-10-08 13:31:03,828] {logging_mixin.py:115} INFO - [2024-10-08 13:31:03,828] {dag.py:2927} INFO - Setting next_dagrun for example_short_circuit_operator to 2024-10-07T16:31:03.827909+00:00, run_after=2024-10-08T16:31:03.827909+00:00
[2024-10-08 13:31:05,476] {processor.py:161} INFO - Processing /home/kennedy/KR/Programação/00.Estudos/DataEng/Alura/airflow-executores/venv/lib/python3.9/site-packages/airflow/example_dags/example_short_circuit_operator.py took 1.750 seconds
[2024-10-08 13:32:08,259] {processor.py:153} INFO - Started process (PID=38790) to work on /home/kennedy/KR/Programação/00.Estudos/DataEng/Alura/airflow-executores/venv/lib/python3.9/site-packages/airflow/example_dags/example_short_circuit_operator.py
[2024-10-08 13:32:08,450] {processor.py:641} INFO - Processing file /home/kennedy/KR/Programação/00.Estudos/DataEng/Alura/airflow-executores/venv/lib/python3.9/site-packages/airflow/example_dags/example_short_circuit_operator.py for tasks to queue
[2024-10-08 13:32:08,452] {logging_mixin.py:115} INFO - [2024-10-08 13:32:08,452] {dagbag.py:507} INFO - Filling up the DagBag from /home/kennedy/KR/Programação/00.Estudos/DataEng/Alura/airflow-executores/venv/lib/python3.9/site-packages/airflow/example_dags/example_short_circuit_operator.py
[2024-10-08 13:32:08,471] {processor.py:651} INFO - DAG(s) dict_keys(['example_short_circuit_operator']) retrieved from /home/kennedy/KR/Programação/00.Estudos/DataEng/Alura/airflow-executores/venv/lib/python3.9/site-packages/airflow/example_dags/example_short_circuit_operator.py
[2024-10-08 13:32:08,508] {logging_mixin.py:115} INFO - [2024-10-08 13:32:08,507] {dag.py:2379} INFO - Sync 1 DAGs
[2024-10-08 13:32:08,525] {logging_mixin.py:115} INFO - [2024-10-08 13:32:08,525] {dag.py:2927} INFO - Setting next_dagrun for example_short_circuit_operator to 2024-10-07T16:32:08.525682+00:00, run_after=2024-10-08T16:32:08.525682+00:00
[2024-10-08 13:32:09,251] {processor.py:161} INFO - Processing /home/kennedy/KR/Programação/00.Estudos/DataEng/Alura/airflow-executores/venv/lib/python3.9/site-packages/airflow/example_dags/example_short_circuit_operator.py took 1.000 seconds
[2024-10-08 13:33:30,922] {processor.py:153} INFO - Started process (PID=38906) to work on /home/kennedy/KR/Programação/00.Estudos/DataEng/Alura/airflow-executores/venv/lib/python3.9/site-packages/airflow/example_dags/example_short_circuit_operator.py
[2024-10-08 13:33:30,938] {processor.py:641} INFO - Processing file /home/kennedy/KR/Programação/00.Estudos/DataEng/Alura/airflow-executores/venv/lib/python3.9/site-packages/airflow/example_dags/example_short_circuit_operator.py for tasks to queue
[2024-10-08 13:33:30,940] {logging_mixin.py:115} INFO - [2024-10-08 13:33:30,939] {dagbag.py:507} INFO - Filling up the DagBag from /home/kennedy/KR/Programação/00.Estudos/DataEng/Alura/airflow-executores/venv/lib/python3.9/site-packages/airflow/example_dags/example_short_circuit_operator.py
[2024-10-08 13:33:30,961] {processor.py:651} INFO - DAG(s) dict_keys(['example_short_circuit_operator']) retrieved from /home/kennedy/KR/Programação/00.Estudos/DataEng/Alura/airflow-executores/venv/lib/python3.9/site-packages/airflow/example_dags/example_short_circuit_operator.py
[2024-10-08 13:33:30,988] {logging_mixin.py:115} INFO - [2024-10-08 13:33:30,988] {dag.py:2379} INFO - Sync 1 DAGs
[2024-10-08 13:33:31,011] {logging_mixin.py:115} INFO - [2024-10-08 13:33:31,011] {dag.py:2927} INFO - Setting next_dagrun for example_short_circuit_operator to 2024-10-07T16:33:31.011299+00:00, run_after=2024-10-08T16:33:31.011299+00:00
[2024-10-08 13:33:32,420] {processor.py:161} INFO - Processing /home/kennedy/KR/Programação/00.Estudos/DataEng/Alura/airflow-executores/venv/lib/python3.9/site-packages/airflow/example_dags/example_short_circuit_operator.py took 1.504 seconds
[2024-10-08 13:34:31,506] {processor.py:153} INFO - Started process (PID=38984) to work on /home/kennedy/KR/Programação/00.Estudos/DataEng/Alura/airflow-executores/venv/lib/python3.9/site-packages/airflow/example_dags/example_short_circuit_operator.py
[2024-10-08 13:34:31,527] {processor.py:641} INFO - Processing file /home/kennedy/KR/Programação/00.Estudos/DataEng/Alura/airflow-executores/venv/lib/python3.9/site-packages/airflow/example_dags/example_short_circuit_operator.py for tasks to queue
[2024-10-08 13:34:31,528] {logging_mixin.py:115} INFO - [2024-10-08 13:34:31,528] {dagbag.py:507} INFO - Filling up the DagBag from /home/kennedy/KR/Programação/00.Estudos/DataEng/Alura/airflow-executores/venv/lib/python3.9/site-packages/airflow/example_dags/example_short_circuit_operator.py
[2024-10-08 13:34:31,549] {processor.py:651} INFO - DAG(s) dict_keys(['example_short_circuit_operator']) retrieved from /home/kennedy/KR/Programação/00.Estudos/DataEng/Alura/airflow-executores/venv/lib/python3.9/site-packages/airflow/example_dags/example_short_circuit_operator.py
[2024-10-08 13:34:31,571] {logging_mixin.py:115} INFO - [2024-10-08 13:34:31,571] {dag.py:2379} INFO - Sync 1 DAGs
[2024-10-08 13:34:31,584] {logging_mixin.py:115} INFO - [2024-10-08 13:34:31,584] {dag.py:2927} INFO - Setting next_dagrun for example_short_circuit_operator to 2024-10-07T16:34:31.584687+00:00, run_after=2024-10-08T16:34:31.584687+00:00
[2024-10-08 13:34:31,669] {processor.py:161} INFO - Processing /home/kennedy/KR/Programação/00.Estudos/DataEng/Alura/airflow-executores/venv/lib/python3.9/site-packages/airflow/example_dags/example_short_circuit_operator.py took 0.169 seconds
[2024-10-08 15:47:22,222] {processor.py:153} INFO - Started process (PID=11616) to work on /home/kennedy/.local/lib/python3.10/site-packages/airflow/example_dags/example_short_circuit_operator.py
[2024-10-08 15:47:22,227] {processor.py:641} INFO - Processing file /home/kennedy/.local/lib/python3.10/site-packages/airflow/example_dags/example_short_circuit_operator.py for tasks to queue
[2024-10-08 15:47:22,227] {logging_mixin.py:115} INFO - [2024-10-08 15:47:22,227] {dagbag.py:507} INFO - Filling up the DagBag from /home/kennedy/.local/lib/python3.10/site-packages/airflow/example_dags/example_short_circuit_operator.py
[2024-10-08 15:47:22,238] {processor.py:651} INFO - DAG(s) dict_keys(['example_short_circuit_operator']) retrieved from /home/kennedy/.local/lib/python3.10/site-packages/airflow/example_dags/example_short_circuit_operator.py
[2024-10-08 15:47:22,305] {logging_mixin.py:115} INFO - [2024-10-08 15:47:22,305] {dag.py:2379} INFO - Sync 1 DAGs
[2024-10-08 15:47:22,321] {logging_mixin.py:115} INFO - [2024-10-08 15:47:22,321] {dag.py:2927} INFO - Setting next_dagrun for example_short_circuit_operator to 2024-10-07T18:47:22.321312+00:00, run_after=2024-10-08T18:47:22.321312+00:00
[2024-10-08 15:47:22,807] {processor.py:161} INFO - Processing /home/kennedy/.local/lib/python3.10/site-packages/airflow/example_dags/example_short_circuit_operator.py took 0.587 seconds
[2024-10-08 16:36:53,216] {processor.py:153} INFO - Started process (PID=16671) to work on /home/kennedy/KR/Programação/00.Estudos/DataEng/Alura/airflow-executores/venv/lib/python3.9/site-packages/airflow/example_dags/example_short_circuit_operator.py
[2024-10-08 16:36:53,260] {processor.py:641} INFO - Processing file /home/kennedy/KR/Programação/00.Estudos/DataEng/Alura/airflow-executores/venv/lib/python3.9/site-packages/airflow/example_dags/example_short_circuit_operator.py for tasks to queue
[2024-10-08 16:36:53,261] {logging_mixin.py:115} INFO - [2024-10-08 16:36:53,260] {dagbag.py:507} INFO - Filling up the DagBag from /home/kennedy/KR/Programação/00.Estudos/DataEng/Alura/airflow-executores/venv/lib/python3.9/site-packages/airflow/example_dags/example_short_circuit_operator.py
[2024-10-08 16:36:53,282] {processor.py:651} INFO - DAG(s) dict_keys(['example_short_circuit_operator']) retrieved from /home/kennedy/KR/Programação/00.Estudos/DataEng/Alura/airflow-executores/venv/lib/python3.9/site-packages/airflow/example_dags/example_short_circuit_operator.py
[2024-10-08 16:36:53,326] {logging_mixin.py:115} INFO - [2024-10-08 16:36:53,326] {dag.py:2379} INFO - Sync 1 DAGs
[2024-10-08 16:36:53,339] {logging_mixin.py:115} INFO - [2024-10-08 16:36:53,338] {dag.py:2927} INFO - Setting next_dagrun for example_short_circuit_operator to 2024-10-07T19:36:53.338745+00:00, run_after=2024-10-08T19:36:53.338745+00:00
[2024-10-08 16:36:53,528] {processor.py:161} INFO - Processing /home/kennedy/KR/Programação/00.Estudos/DataEng/Alura/airflow-executores/venv/lib/python3.9/site-packages/airflow/example_dags/example_short_circuit_operator.py took 0.319 seconds
[2024-10-08 16:37:36,398] {processor.py:153} INFO - Started process (PID=16779) to work on /home/kennedy/KR/Programação/00.Estudos/DataEng/Alura/airflow-executores/venv/lib/python3.9/site-packages/airflow/example_dags/example_short_circuit_operator.py
[2024-10-08 16:37:36,399] {processor.py:641} INFO - Processing file /home/kennedy/KR/Programação/00.Estudos/DataEng/Alura/airflow-executores/venv/lib/python3.9/site-packages/airflow/example_dags/example_short_circuit_operator.py for tasks to queue
[2024-10-08 16:37:36,399] {logging_mixin.py:115} INFO - [2024-10-08 16:37:36,399] {dagbag.py:507} INFO - Filling up the DagBag from /home/kennedy/KR/Programação/00.Estudos/DataEng/Alura/airflow-executores/venv/lib/python3.9/site-packages/airflow/example_dags/example_short_circuit_operator.py
[2024-10-08 16:37:36,406] {processor.py:651} INFO - DAG(s) dict_keys(['example_short_circuit_operator']) retrieved from /home/kennedy/KR/Programação/00.Estudos/DataEng/Alura/airflow-executores/venv/lib/python3.9/site-packages/airflow/example_dags/example_short_circuit_operator.py
[2024-10-08 16:37:36,419] {logging_mixin.py:115} INFO - [2024-10-08 16:37:36,419] {dag.py:2379} INFO - Sync 1 DAGs
[2024-10-08 16:37:36,431] {logging_mixin.py:115} INFO - [2024-10-08 16:37:36,431] {dag.py:2927} INFO - Setting next_dagrun for example_short_circuit_operator to 2024-10-07T19:37:36.431157+00:00, run_after=2024-10-08T19:37:36.431157+00:00
[2024-10-08 16:37:36,546] {processor.py:161} INFO - Processing /home/kennedy/KR/Programação/00.Estudos/DataEng/Alura/airflow-executores/venv/lib/python3.9/site-packages/airflow/example_dags/example_short_circuit_operator.py took 0.150 seconds
[2024-10-08 16:39:06,621] {processor.py:153} INFO - Started process (PID=17471) to work on /home/kennedy/KR/Programação/00.Estudos/DataEng/Alura/airflow-executores/venv/lib/python3.9/site-packages/airflow/example_dags/example_short_circuit_operator.py
[2024-10-08 16:39:06,623] {processor.py:641} INFO - Processing file /home/kennedy/KR/Programação/00.Estudos/DataEng/Alura/airflow-executores/venv/lib/python3.9/site-packages/airflow/example_dags/example_short_circuit_operator.py for tasks to queue
[2024-10-08 16:39:06,624] {logging_mixin.py:115} INFO - [2024-10-08 16:39:06,624] {dagbag.py:507} INFO - Filling up the DagBag from /home/kennedy/KR/Programação/00.Estudos/DataEng/Alura/airflow-executores/venv/lib/python3.9/site-packages/airflow/example_dags/example_short_circuit_operator.py
[2024-10-08 16:39:06,639] {processor.py:651} INFO - DAG(s) dict_keys(['example_short_circuit_operator']) retrieved from /home/kennedy/KR/Programação/00.Estudos/DataEng/Alura/airflow-executores/venv/lib/python3.9/site-packages/airflow/example_dags/example_short_circuit_operator.py
[2024-10-08 16:39:06,656] {logging_mixin.py:115} INFO - [2024-10-08 16:39:06,656] {dag.py:2379} INFO - Sync 1 DAGs
[2024-10-08 16:39:06,672] {logging_mixin.py:115} INFO - [2024-10-08 16:39:06,672] {dag.py:2927} INFO - Setting next_dagrun for example_short_circuit_operator to 2024-10-07T19:39:06.672190+00:00, run_after=2024-10-08T19:39:06.672190+00:00
[2024-10-08 16:39:07,145] {processor.py:161} INFO - Processing /home/kennedy/KR/Programação/00.Estudos/DataEng/Alura/airflow-executores/venv/lib/python3.9/site-packages/airflow/example_dags/example_short_circuit_operator.py took 0.531 seconds
[2024-10-08 16:41:32,421] {processor.py:153} INFO - Started process (PID=18033) to work on /home/kennedy/KR/Programação/00.Estudos/DataEng/Alura/airflow-executores/venv/lib/python3.9/site-packages/airflow/example_dags/example_short_circuit_operator.py
[2024-10-08 16:41:32,422] {processor.py:641} INFO - Processing file /home/kennedy/KR/Programação/00.Estudos/DataEng/Alura/airflow-executores/venv/lib/python3.9/site-packages/airflow/example_dags/example_short_circuit_operator.py for tasks to queue
[2024-10-08 16:41:32,424] {logging_mixin.py:115} INFO - [2024-10-08 16:41:32,424] {dagbag.py:507} INFO - Filling up the DagBag from /home/kennedy/KR/Programação/00.Estudos/DataEng/Alura/airflow-executores/venv/lib/python3.9/site-packages/airflow/example_dags/example_short_circuit_operator.py
[2024-10-08 16:41:32,447] {processor.py:651} INFO - DAG(s) dict_keys(['example_short_circuit_operator']) retrieved from /home/kennedy/KR/Programação/00.Estudos/DataEng/Alura/airflow-executores/venv/lib/python3.9/site-packages/airflow/example_dags/example_short_circuit_operator.py
[2024-10-08 16:41:32,466] {logging_mixin.py:115} INFO - [2024-10-08 16:41:32,466] {dag.py:2379} INFO - Sync 1 DAGs
[2024-10-08 16:41:32,483] {logging_mixin.py:115} INFO - [2024-10-08 16:41:32,483] {dag.py:2927} INFO - Setting next_dagrun for example_short_circuit_operator to 2024-10-07T19:41:32.483674+00:00, run_after=2024-10-08T19:41:32.483674+00:00
[2024-10-08 16:41:33,578] {processor.py:161} INFO - Processing /home/kennedy/KR/Programação/00.Estudos/DataEng/Alura/airflow-executores/venv/lib/python3.9/site-packages/airflow/example_dags/example_short_circuit_operator.py took 1.165 seconds
[2024-10-08 16:42:39,838] {processor.py:153} INFO - Started process (PID=18195) to work on /home/kennedy/KR/Programação/00.Estudos/DataEng/Alura/airflow-executores/venv/lib/python3.9/site-packages/airflow/example_dags/example_short_circuit_operator.py
[2024-10-08 16:42:39,978] {processor.py:641} INFO - Processing file /home/kennedy/KR/Programação/00.Estudos/DataEng/Alura/airflow-executores/venv/lib/python3.9/site-packages/airflow/example_dags/example_short_circuit_operator.py for tasks to queue
[2024-10-08 16:42:39,980] {logging_mixin.py:115} INFO - [2024-10-08 16:42:39,979] {dagbag.py:507} INFO - Filling up the DagBag from /home/kennedy/KR/Programação/00.Estudos/DataEng/Alura/airflow-executores/venv/lib/python3.9/site-packages/airflow/example_dags/example_short_circuit_operator.py
[2024-10-08 16:42:40,009] {processor.py:651} INFO - DAG(s) dict_keys(['example_short_circuit_operator']) retrieved from /home/kennedy/KR/Programação/00.Estudos/DataEng/Alura/airflow-executores/venv/lib/python3.9/site-packages/airflow/example_dags/example_short_circuit_operator.py
[2024-10-08 16:42:40,036] {logging_mixin.py:115} INFO - [2024-10-08 16:42:40,036] {dag.py:2379} INFO - Sync 1 DAGs
[2024-10-08 16:42:40,056] {logging_mixin.py:115} INFO - [2024-10-08 16:42:40,056] {dag.py:2927} INFO - Setting next_dagrun for example_short_circuit_operator to 2024-10-07T19:42:40.056187+00:00, run_after=2024-10-08T19:42:40.056187+00:00
[2024-10-08 16:42:40,724] {processor.py:161} INFO - Processing /home/kennedy/KR/Programação/00.Estudos/DataEng/Alura/airflow-executores/venv/lib/python3.9/site-packages/airflow/example_dags/example_short_circuit_operator.py took 0.893 seconds
[2024-10-08 16:44:08,065] {processor.py:153} INFO - Started process (PID=18259) to work on /home/kennedy/KR/Programação/00.Estudos/DataEng/Alura/airflow-executores/venv/lib/python3.9/site-packages/airflow/example_dags/example_short_circuit_operator.py
[2024-10-08 16:44:08,067] {processor.py:641} INFO - Processing file /home/kennedy/KR/Programação/00.Estudos/DataEng/Alura/airflow-executores/venv/lib/python3.9/site-packages/airflow/example_dags/example_short_circuit_operator.py for tasks to queue
[2024-10-08 16:44:08,069] {logging_mixin.py:115} INFO - [2024-10-08 16:44:08,069] {dagbag.py:507} INFO - Filling up the DagBag from /home/kennedy/KR/Programação/00.Estudos/DataEng/Alura/airflow-executores/venv/lib/python3.9/site-packages/airflow/example_dags/example_short_circuit_operator.py
[2024-10-08 16:44:08,089] {processor.py:651} INFO - DAG(s) dict_keys(['example_short_circuit_operator']) retrieved from /home/kennedy/KR/Programação/00.Estudos/DataEng/Alura/airflow-executores/venv/lib/python3.9/site-packages/airflow/example_dags/example_short_circuit_operator.py
[2024-10-08 16:44:08,105] {logging_mixin.py:115} INFO - [2024-10-08 16:44:08,105] {dag.py:2379} INFO - Sync 1 DAGs
[2024-10-08 16:44:08,124] {logging_mixin.py:115} INFO - [2024-10-08 16:44:08,124] {dag.py:2927} INFO - Setting next_dagrun for example_short_circuit_operator to 2024-10-07T19:44:08.124148+00:00, run_after=2024-10-08T19:44:08.124148+00:00
[2024-10-08 16:44:08,579] {processor.py:161} INFO - Processing /home/kennedy/KR/Programação/00.Estudos/DataEng/Alura/airflow-executores/venv/lib/python3.9/site-packages/airflow/example_dags/example_short_circuit_operator.py took 0.522 seconds
[2024-10-08 16:46:39,963] {processor.py:153} INFO - Started process (PID=18943) to work on /home/kennedy/KR/Programação/00.Estudos/DataEng/Alura/airflow-executores/venv/lib/python3.9/site-packages/airflow/example_dags/example_short_circuit_operator.py
[2024-10-08 16:46:39,964] {processor.py:641} INFO - Processing file /home/kennedy/KR/Programação/00.Estudos/DataEng/Alura/airflow-executores/venv/lib/python3.9/site-packages/airflow/example_dags/example_short_circuit_operator.py for tasks to queue
[2024-10-08 16:46:39,965] {logging_mixin.py:115} INFO - [2024-10-08 16:46:39,965] {dagbag.py:507} INFO - Filling up the DagBag from /home/kennedy/KR/Programação/00.Estudos/DataEng/Alura/airflow-executores/venv/lib/python3.9/site-packages/airflow/example_dags/example_short_circuit_operator.py
[2024-10-08 16:46:39,972] {processor.py:651} INFO - DAG(s) dict_keys(['example_short_circuit_operator']) retrieved from /home/kennedy/KR/Programação/00.Estudos/DataEng/Alura/airflow-executores/venv/lib/python3.9/site-packages/airflow/example_dags/example_short_circuit_operator.py
[2024-10-08 16:46:39,985] {logging_mixin.py:115} INFO - [2024-10-08 16:46:39,985] {dag.py:2379} INFO - Sync 1 DAGs
[2024-10-08 16:46:39,997] {logging_mixin.py:115} INFO - [2024-10-08 16:46:39,997] {dag.py:2927} INFO - Setting next_dagrun for example_short_circuit_operator to 2024-10-07T19:46:39.997312+00:00, run_after=2024-10-08T19:46:39.997312+00:00
[2024-10-08 16:46:40,309] {processor.py:161} INFO - Processing /home/kennedy/KR/Programação/00.Estudos/DataEng/Alura/airflow-executores/venv/lib/python3.9/site-packages/airflow/example_dags/example_short_circuit_operator.py took 0.349 seconds
[2024-10-08 16:47:58,134] {processor.py:153} INFO - Started process (PID=19223) to work on /home/kennedy/KR/Programação/00.Estudos/DataEng/Alura/airflow-executores/venv/lib/python3.9/site-packages/airflow/example_dags/example_short_circuit_operator.py
[2024-10-08 16:47:58,148] {processor.py:641} INFO - Processing file /home/kennedy/KR/Programação/00.Estudos/DataEng/Alura/airflow-executores/venv/lib/python3.9/site-packages/airflow/example_dags/example_short_circuit_operator.py for tasks to queue
[2024-10-08 16:47:58,149] {logging_mixin.py:115} INFO - [2024-10-08 16:47:58,149] {dagbag.py:507} INFO - Filling up the DagBag from /home/kennedy/KR/Programação/00.Estudos/DataEng/Alura/airflow-executores/venv/lib/python3.9/site-packages/airflow/example_dags/example_short_circuit_operator.py
[2024-10-08 16:47:58,170] {processor.py:651} INFO - DAG(s) dict_keys(['example_short_circuit_operator']) retrieved from /home/kennedy/KR/Programação/00.Estudos/DataEng/Alura/airflow-executores/venv/lib/python3.9/site-packages/airflow/example_dags/example_short_circuit_operator.py
[2024-10-08 16:47:58,192] {logging_mixin.py:115} INFO - [2024-10-08 16:47:58,192] {dag.py:2379} INFO - Sync 1 DAGs
[2024-10-08 16:47:58,206] {logging_mixin.py:115} INFO - [2024-10-08 16:47:58,206] {dag.py:2927} INFO - Setting next_dagrun for example_short_circuit_operator to 2024-10-07T19:47:58.205865+00:00, run_after=2024-10-08T19:47:58.205865+00:00
[2024-10-08 16:47:58,990] {processor.py:161} INFO - Processing /home/kennedy/KR/Programação/00.Estudos/DataEng/Alura/airflow-executores/venv/lib/python3.9/site-packages/airflow/example_dags/example_short_circuit_operator.py took 0.858 seconds
[2024-10-08 16:49:03,332] {processor.py:153} INFO - Started process (PID=19279) to work on /home/kennedy/KR/Programação/00.Estudos/DataEng/Alura/airflow-executores/venv/lib/python3.9/site-packages/airflow/example_dags/example_short_circuit_operator.py
[2024-10-08 16:49:03,339] {processor.py:641} INFO - Processing file /home/kennedy/KR/Programação/00.Estudos/DataEng/Alura/airflow-executores/venv/lib/python3.9/site-packages/airflow/example_dags/example_short_circuit_operator.py for tasks to queue
[2024-10-08 16:49:03,341] {logging_mixin.py:115} INFO - [2024-10-08 16:49:03,341] {dagbag.py:507} INFO - Filling up the DagBag from /home/kennedy/KR/Programação/00.Estudos/DataEng/Alura/airflow-executores/venv/lib/python3.9/site-packages/airflow/example_dags/example_short_circuit_operator.py
[2024-10-08 16:49:03,359] {processor.py:651} INFO - DAG(s) dict_keys(['example_short_circuit_operator']) retrieved from /home/kennedy/KR/Programação/00.Estudos/DataEng/Alura/airflow-executores/venv/lib/python3.9/site-packages/airflow/example_dags/example_short_circuit_operator.py
[2024-10-08 16:49:03,378] {logging_mixin.py:115} INFO - [2024-10-08 16:49:03,377] {dag.py:2379} INFO - Sync 1 DAGs
[2024-10-08 16:49:03,390] {logging_mixin.py:115} INFO - [2024-10-08 16:49:03,390] {dag.py:2927} INFO - Setting next_dagrun for example_short_circuit_operator to 2024-10-07T19:49:03.390596+00:00, run_after=2024-10-08T19:49:03.390596+00:00
[2024-10-08 16:49:04,194] {processor.py:161} INFO - Processing /home/kennedy/KR/Programação/00.Estudos/DataEng/Alura/airflow-executores/venv/lib/python3.9/site-packages/airflow/example_dags/example_short_circuit_operator.py took 0.868 seconds
[2024-10-08 16:51:27,404] {processor.py:153} INFO - Started process (PID=20304) to work on /home/kennedy/KR/Programação/00.Estudos/DataEng/Alura/airflow-executores/venv/lib/python3.9/site-packages/airflow/example_dags/example_short_circuit_operator.py
[2024-10-08 16:51:27,411] {processor.py:641} INFO - Processing file /home/kennedy/KR/Programação/00.Estudos/DataEng/Alura/airflow-executores/venv/lib/python3.9/site-packages/airflow/example_dags/example_short_circuit_operator.py for tasks to queue
[2024-10-08 16:51:27,412] {logging_mixin.py:115} INFO - [2024-10-08 16:51:27,412] {dagbag.py:507} INFO - Filling up the DagBag from /home/kennedy/KR/Programação/00.Estudos/DataEng/Alura/airflow-executores/venv/lib/python3.9/site-packages/airflow/example_dags/example_short_circuit_operator.py
[2024-10-08 16:51:27,425] {processor.py:651} INFO - DAG(s) dict_keys(['example_short_circuit_operator']) retrieved from /home/kennedy/KR/Programação/00.Estudos/DataEng/Alura/airflow-executores/venv/lib/python3.9/site-packages/airflow/example_dags/example_short_circuit_operator.py
[2024-10-08 16:51:27,455] {logging_mixin.py:115} INFO - [2024-10-08 16:51:27,455] {dag.py:2379} INFO - Sync 1 DAGs
[2024-10-08 16:51:27,475] {logging_mixin.py:115} INFO - [2024-10-08 16:51:27,475] {dag.py:2927} INFO - Setting next_dagrun for example_short_circuit_operator to 2024-10-07T19:51:27.474942+00:00, run_after=2024-10-08T19:51:27.474942+00:00
[2024-10-08 16:51:27,820] {processor.py:161} INFO - Processing /home/kennedy/KR/Programação/00.Estudos/DataEng/Alura/airflow-executores/venv/lib/python3.9/site-packages/airflow/example_dags/example_short_circuit_operator.py took 0.419 seconds
[2024-10-08 17:11:22,951] {processor.py:153} INFO - Started process (PID=32325) to work on /home/kennedy/KR/Programação/00.Estudos/DataEng/Alura/airflow-executores/venv/lib/python3.9/site-packages/airflow/example_dags/example_short_circuit_operator.py
[2024-10-08 17:11:23,001] {processor.py:641} INFO - Processing file /home/kennedy/KR/Programação/00.Estudos/DataEng/Alura/airflow-executores/venv/lib/python3.9/site-packages/airflow/example_dags/example_short_circuit_operator.py for tasks to queue
[2024-10-08 17:11:23,002] {logging_mixin.py:115} INFO - [2024-10-08 17:11:23,002] {dagbag.py:507} INFO - Filling up the DagBag from /home/kennedy/KR/Programação/00.Estudos/DataEng/Alura/airflow-executores/venv/lib/python3.9/site-packages/airflow/example_dags/example_short_circuit_operator.py
[2024-10-08 17:11:23,022] {processor.py:651} INFO - DAG(s) dict_keys(['example_short_circuit_operator']) retrieved from /home/kennedy/KR/Programação/00.Estudos/DataEng/Alura/airflow-executores/venv/lib/python3.9/site-packages/airflow/example_dags/example_short_circuit_operator.py
[2024-10-08 17:11:23,046] {logging_mixin.py:115} INFO - [2024-10-08 17:11:23,046] {dag.py:2379} INFO - Sync 1 DAGs
[2024-10-08 17:11:23,059] {logging_mixin.py:115} INFO - [2024-10-08 17:11:23,059] {dag.py:2927} INFO - Setting next_dagrun for example_short_circuit_operator to 2024-10-07T20:11:23.059178+00:00, run_after=2024-10-08T20:11:23.059178+00:00
[2024-10-08 17:11:23,287] {processor.py:161} INFO - Processing /home/kennedy/KR/Programação/00.Estudos/DataEng/Alura/airflow-executores/venv/lib/python3.9/site-packages/airflow/example_dags/example_short_circuit_operator.py took 0.343 seconds
[2024-10-08 17:22:21,446] {processor.py:153} INFO - Started process (PID=39723) to work on /home/kennedy/KR/Programação/00.Estudos/DataEng/Alura/airflow-executores/venv/lib/python3.9/site-packages/airflow/example_dags/example_short_circuit_operator.py
[2024-10-08 17:22:21,494] {processor.py:641} INFO - Processing file /home/kennedy/KR/Programação/00.Estudos/DataEng/Alura/airflow-executores/venv/lib/python3.9/site-packages/airflow/example_dags/example_short_circuit_operator.py for tasks to queue
[2024-10-08 17:22:21,495] {logging_mixin.py:115} INFO - [2024-10-08 17:22:21,495] {dagbag.py:507} INFO - Filling up the DagBag from /home/kennedy/KR/Programação/00.Estudos/DataEng/Alura/airflow-executores/venv/lib/python3.9/site-packages/airflow/example_dags/example_short_circuit_operator.py
[2024-10-08 17:22:21,512] {processor.py:651} INFO - DAG(s) dict_keys(['example_short_circuit_operator']) retrieved from /home/kennedy/KR/Programação/00.Estudos/DataEng/Alura/airflow-executores/venv/lib/python3.9/site-packages/airflow/example_dags/example_short_circuit_operator.py
[2024-10-08 17:22:21,532] {logging_mixin.py:115} INFO - [2024-10-08 17:22:21,532] {dag.py:2379} INFO - Sync 1 DAGs
[2024-10-08 17:22:21,549] {logging_mixin.py:115} INFO - [2024-10-08 17:22:21,549] {dag.py:2927} INFO - Setting next_dagrun for example_short_circuit_operator to 2024-10-07T20:22:21.549263+00:00, run_after=2024-10-08T20:22:21.549263+00:00
[2024-10-08 17:22:22,587] {processor.py:161} INFO - Processing /home/kennedy/KR/Programação/00.Estudos/DataEng/Alura/airflow-executores/venv/lib/python3.9/site-packages/airflow/example_dags/example_short_circuit_operator.py took 1.147 seconds
