[2024-10-08 13:23:06,891] {processor.py:153} INFO - Started process (PID=37542) to work on /home/kennedy/KR/Programação/00.Estudos/DataEng/Alura/airflow-executores/venv/lib/python3.9/site-packages/airflow/example_dags/example_skip_dag.py
[2024-10-08 13:23:06,892] {processor.py:641} INFO - Processing file /home/kennedy/KR/Programação/00.Estudos/DataEng/Alura/airflow-executores/venv/lib/python3.9/site-packages/airflow/example_dags/example_skip_dag.py for tasks to queue
[2024-10-08 13:23:06,893] {logging_mixin.py:115} INFO - [2024-10-08 13:23:06,893] {dagbag.py:507} INFO - Filling up the DagBag from /home/kennedy/KR/Programação/00.Estudos/DataEng/Alura/airflow-executores/venv/lib/python3.9/site-packages/airflow/example_dags/example_skip_dag.py
[2024-10-08 13:23:06,903] {processor.py:651} INFO - DAG(s) dict_keys(['example_skip_dag']) retrieved from /home/kennedy/KR/Programação/00.Estudos/DataEng/Alura/airflow-executores/venv/lib/python3.9/site-packages/airflow/example_dags/example_skip_dag.py
[2024-10-08 13:23:07,762] {logging_mixin.py:115} INFO - [2024-10-08 13:23:07,762] {manager.py:508} INFO - Created Permission View: can delete on DAG:example_skip_dag
[2024-10-08 13:23:07,871] {logging_mixin.py:115} INFO - [2024-10-08 13:23:07,870] {manager.py:508} INFO - Created Permission View: can read on DAG:example_skip_dag
[2024-10-08 13:23:07,999] {logging_mixin.py:115} INFO - [2024-10-08 13:23:07,999] {manager.py:508} INFO - Created Permission View: can edit on DAG:example_skip_dag
[2024-10-08 13:23:08,000] {logging_mixin.py:115} INFO - [2024-10-08 13:23:08,000] {dag.py:2379} INFO - Sync 1 DAGs
[2024-10-08 13:23:08,018] {logging_mixin.py:115} INFO - [2024-10-08 13:23:08,018] {dag.py:2398} INFO - Creating ORM DAG for example_skip_dag
[2024-10-08 13:23:08,031] {logging_mixin.py:115} INFO - [2024-10-08 13:23:08,031] {dag.py:2927} INFO - Setting next_dagrun for example_skip_dag to 2024-10-07T16:23:08.030765+00:00, run_after=2024-10-08T16:23:08.030765+00:00
[2024-10-08 13:23:08,307] {processor.py:161} INFO - Processing /home/kennedy/KR/Programação/00.Estudos/DataEng/Alura/airflow-executores/venv/lib/python3.9/site-packages/airflow/example_dags/example_skip_dag.py took 1.421 seconds
[2024-10-08 13:25:06,639] {processor.py:153} INFO - Started process (PID=37730) to work on /home/kennedy/KR/Programação/00.Estudos/DataEng/Alura/airflow-executores/venv/lib/python3.9/site-packages/airflow/example_dags/example_skip_dag.py
[2024-10-08 13:25:06,782] {processor.py:641} INFO - Processing file /home/kennedy/KR/Programação/00.Estudos/DataEng/Alura/airflow-executores/venv/lib/python3.9/site-packages/airflow/example_dags/example_skip_dag.py for tasks to queue
[2024-10-08 13:25:06,783] {logging_mixin.py:115} INFO - [2024-10-08 13:25:06,783] {dagbag.py:507} INFO - Filling up the DagBag from /home/kennedy/KR/Programação/00.Estudos/DataEng/Alura/airflow-executores/venv/lib/python3.9/site-packages/airflow/example_dags/example_skip_dag.py
[2024-10-08 13:25:06,796] {processor.py:651} INFO - DAG(s) dict_keys(['example_skip_dag']) retrieved from /home/kennedy/KR/Programação/00.Estudos/DataEng/Alura/airflow-executores/venv/lib/python3.9/site-packages/airflow/example_dags/example_skip_dag.py
[2024-10-08 13:25:06,822] {logging_mixin.py:115} INFO - [2024-10-08 13:25:06,822] {dag.py:2379} INFO - Sync 1 DAGs
[2024-10-08 13:25:06,837] {logging_mixin.py:115} INFO - [2024-10-08 13:25:06,837] {dag.py:2927} INFO - Setting next_dagrun for example_skip_dag to 2024-10-07T16:25:06.837455+00:00, run_after=2024-10-08T16:25:06.837455+00:00
[2024-10-08 13:25:07,843] {processor.py:161} INFO - Processing /home/kennedy/KR/Programação/00.Estudos/DataEng/Alura/airflow-executores/venv/lib/python3.9/site-packages/airflow/example_dags/example_skip_dag.py took 1.211 seconds
[2024-10-08 13:26:14,700] {processor.py:153} INFO - Started process (PID=37814) to work on /home/kennedy/KR/Programação/00.Estudos/DataEng/Alura/airflow-executores/venv/lib/python3.9/site-packages/airflow/example_dags/example_skip_dag.py
[2024-10-08 13:26:14,719] {processor.py:641} INFO - Processing file /home/kennedy/KR/Programação/00.Estudos/DataEng/Alura/airflow-executores/venv/lib/python3.9/site-packages/airflow/example_dags/example_skip_dag.py for tasks to queue
[2024-10-08 13:26:14,720] {logging_mixin.py:115} INFO - [2024-10-08 13:26:14,719] {dagbag.py:507} INFO - Filling up the DagBag from /home/kennedy/KR/Programação/00.Estudos/DataEng/Alura/airflow-executores/venv/lib/python3.9/site-packages/airflow/example_dags/example_skip_dag.py
[2024-10-08 13:26:14,733] {processor.py:651} INFO - DAG(s) dict_keys(['example_skip_dag']) retrieved from /home/kennedy/KR/Programação/00.Estudos/DataEng/Alura/airflow-executores/venv/lib/python3.9/site-packages/airflow/example_dags/example_skip_dag.py
[2024-10-08 13:26:14,758] {logging_mixin.py:115} INFO - [2024-10-08 13:26:14,758] {dag.py:2379} INFO - Sync 1 DAGs
[2024-10-08 13:26:14,772] {logging_mixin.py:115} INFO - [2024-10-08 13:26:14,772] {dag.py:2927} INFO - Setting next_dagrun for example_skip_dag to 2024-10-07T16:26:14.772512+00:00, run_after=2024-10-08T16:26:14.772512+00:00
[2024-10-08 13:26:15,198] {processor.py:161} INFO - Processing /home/kennedy/KR/Programação/00.Estudos/DataEng/Alura/airflow-executores/venv/lib/python3.9/site-packages/airflow/example_dags/example_skip_dag.py took 0.505 seconds
[2024-10-08 13:27:41,318] {processor.py:153} INFO - Started process (PID=37977) to work on /home/kennedy/KR/Programação/00.Estudos/DataEng/Alura/airflow-executores/venv/lib/python3.9/site-packages/airflow/example_dags/example_skip_dag.py
[2024-10-08 13:27:41,901] {processor.py:641} INFO - Processing file /home/kennedy/KR/Programação/00.Estudos/DataEng/Alura/airflow-executores/venv/lib/python3.9/site-packages/airflow/example_dags/example_skip_dag.py for tasks to queue
[2024-10-08 13:27:41,902] {logging_mixin.py:115} INFO - [2024-10-08 13:27:41,902] {dagbag.py:507} INFO - Filling up the DagBag from /home/kennedy/KR/Programação/00.Estudos/DataEng/Alura/airflow-executores/venv/lib/python3.9/site-packages/airflow/example_dags/example_skip_dag.py
[2024-10-08 13:27:41,915] {processor.py:651} INFO - DAG(s) dict_keys(['example_skip_dag']) retrieved from /home/kennedy/KR/Programação/00.Estudos/DataEng/Alura/airflow-executores/venv/lib/python3.9/site-packages/airflow/example_dags/example_skip_dag.py
[2024-10-08 13:27:41,944] {logging_mixin.py:115} INFO - [2024-10-08 13:27:41,944] {dag.py:2379} INFO - Sync 1 DAGs
[2024-10-08 13:27:41,958] {logging_mixin.py:115} INFO - [2024-10-08 13:27:41,958] {dag.py:2927} INFO - Setting next_dagrun for example_skip_dag to 2024-10-07T16:27:41.958459+00:00, run_after=2024-10-08T16:27:41.958459+00:00
[2024-10-08 13:27:42,094] {processor.py:161} INFO - Processing /home/kennedy/KR/Programação/00.Estudos/DataEng/Alura/airflow-executores/venv/lib/python3.9/site-packages/airflow/example_dags/example_skip_dag.py took 0.778 seconds
[2024-10-08 13:28:52,701] {processor.py:153} INFO - Started process (PID=38127) to work on /home/kennedy/KR/Programação/00.Estudos/DataEng/Alura/airflow-executores/venv/lib/python3.9/site-packages/airflow/example_dags/example_skip_dag.py
[2024-10-08 13:28:52,806] {processor.py:641} INFO - Processing file /home/kennedy/KR/Programação/00.Estudos/DataEng/Alura/airflow-executores/venv/lib/python3.9/site-packages/airflow/example_dags/example_skip_dag.py for tasks to queue
[2024-10-08 13:28:52,807] {logging_mixin.py:115} INFO - [2024-10-08 13:28:52,807] {dagbag.py:507} INFO - Filling up the DagBag from /home/kennedy/KR/Programação/00.Estudos/DataEng/Alura/airflow-executores/venv/lib/python3.9/site-packages/airflow/example_dags/example_skip_dag.py
[2024-10-08 13:28:52,819] {processor.py:651} INFO - DAG(s) dict_keys(['example_skip_dag']) retrieved from /home/kennedy/KR/Programação/00.Estudos/DataEng/Alura/airflow-executores/venv/lib/python3.9/site-packages/airflow/example_dags/example_skip_dag.py
[2024-10-08 13:28:52,848] {logging_mixin.py:115} INFO - [2024-10-08 13:28:52,848] {dag.py:2379} INFO - Sync 1 DAGs
[2024-10-08 13:28:52,863] {logging_mixin.py:115} INFO - [2024-10-08 13:28:52,863] {dag.py:2927} INFO - Setting next_dagrun for example_skip_dag to 2024-10-07T16:28:52.863569+00:00, run_after=2024-10-08T16:28:52.863569+00:00
[2024-10-08 13:28:53,212] {processor.py:161} INFO - Processing /home/kennedy/KR/Programação/00.Estudos/DataEng/Alura/airflow-executores/venv/lib/python3.9/site-packages/airflow/example_dags/example_skip_dag.py took 0.517 seconds
[2024-10-08 13:29:43,166] {processor.py:153} INFO - Started process (PID=38489) to work on /home/kennedy/KR/Programação/00.Estudos/DataEng/Alura/airflow-executores/venv/lib/python3.9/site-packages/airflow/example_dags/example_skip_dag.py
[2024-10-08 13:29:43,174] {processor.py:641} INFO - Processing file /home/kennedy/KR/Programação/00.Estudos/DataEng/Alura/airflow-executores/venv/lib/python3.9/site-packages/airflow/example_dags/example_skip_dag.py for tasks to queue
[2024-10-08 13:29:43,175] {logging_mixin.py:115} INFO - [2024-10-08 13:29:43,175] {dagbag.py:507} INFO - Filling up the DagBag from /home/kennedy/KR/Programação/00.Estudos/DataEng/Alura/airflow-executores/venv/lib/python3.9/site-packages/airflow/example_dags/example_skip_dag.py
[2024-10-08 13:29:43,188] {processor.py:651} INFO - DAG(s) dict_keys(['example_skip_dag']) retrieved from /home/kennedy/KR/Programação/00.Estudos/DataEng/Alura/airflow-executores/venv/lib/python3.9/site-packages/airflow/example_dags/example_skip_dag.py
[2024-10-08 13:29:43,211] {logging_mixin.py:115} INFO - [2024-10-08 13:29:43,211] {dag.py:2379} INFO - Sync 1 DAGs
[2024-10-08 13:29:43,226] {logging_mixin.py:115} INFO - [2024-10-08 13:29:43,226] {dag.py:2927} INFO - Setting next_dagrun for example_skip_dag to 2024-10-07T16:29:43.226009+00:00, run_after=2024-10-08T16:29:43.226009+00:00
[2024-10-08 13:29:43,366] {processor.py:161} INFO - Processing /home/kennedy/KR/Programação/00.Estudos/DataEng/Alura/airflow-executores/venv/lib/python3.9/site-packages/airflow/example_dags/example_skip_dag.py took 0.206 seconds
[2024-10-08 13:30:41,438] {processor.py:153} INFO - Started process (PID=38585) to work on /home/kennedy/KR/Programação/00.Estudos/DataEng/Alura/airflow-executores/venv/lib/python3.9/site-packages/airflow/example_dags/example_skip_dag.py
[2024-10-08 13:30:41,457] {processor.py:641} INFO - Processing file /home/kennedy/KR/Programação/00.Estudos/DataEng/Alura/airflow-executores/venv/lib/python3.9/site-packages/airflow/example_dags/example_skip_dag.py for tasks to queue
[2024-10-08 13:30:41,458] {logging_mixin.py:115} INFO - [2024-10-08 13:30:41,458] {dagbag.py:507} INFO - Filling up the DagBag from /home/kennedy/KR/Programação/00.Estudos/DataEng/Alura/airflow-executores/venv/lib/python3.9/site-packages/airflow/example_dags/example_skip_dag.py
[2024-10-08 13:30:41,468] {processor.py:651} INFO - DAG(s) dict_keys(['example_skip_dag']) retrieved from /home/kennedy/KR/Programação/00.Estudos/DataEng/Alura/airflow-executores/venv/lib/python3.9/site-packages/airflow/example_dags/example_skip_dag.py
[2024-10-08 13:30:41,510] {logging_mixin.py:115} INFO - [2024-10-08 13:30:41,509] {dag.py:2379} INFO - Sync 1 DAGs
[2024-10-08 13:30:41,532] {logging_mixin.py:115} INFO - [2024-10-08 13:30:41,532] {dag.py:2927} INFO - Setting next_dagrun for example_skip_dag to 2024-10-07T16:30:41.532242+00:00, run_after=2024-10-08T16:30:41.532242+00:00
[2024-10-08 13:30:41,733] {processor.py:161} INFO - Processing /home/kennedy/KR/Programação/00.Estudos/DataEng/Alura/airflow-executores/venv/lib/python3.9/site-packages/airflow/example_dags/example_skip_dag.py took 0.305 seconds
[2024-10-08 13:31:44,502] {processor.py:153} INFO - Started process (PID=38675) to work on /home/kennedy/KR/Programação/00.Estudos/DataEng/Alura/airflow-executores/venv/lib/python3.9/site-packages/airflow/example_dags/example_skip_dag.py
[2024-10-08 13:31:44,520] {processor.py:641} INFO - Processing file /home/kennedy/KR/Programação/00.Estudos/DataEng/Alura/airflow-executores/venv/lib/python3.9/site-packages/airflow/example_dags/example_skip_dag.py for tasks to queue
[2024-10-08 13:31:44,520] {logging_mixin.py:115} INFO - [2024-10-08 13:31:44,520] {dagbag.py:507} INFO - Filling up the DagBag from /home/kennedy/KR/Programação/00.Estudos/DataEng/Alura/airflow-executores/venv/lib/python3.9/site-packages/airflow/example_dags/example_skip_dag.py
[2024-10-08 13:31:44,527] {processor.py:651} INFO - DAG(s) dict_keys(['example_skip_dag']) retrieved from /home/kennedy/KR/Programação/00.Estudos/DataEng/Alura/airflow-executores/venv/lib/python3.9/site-packages/airflow/example_dags/example_skip_dag.py
[2024-10-08 13:31:44,543] {logging_mixin.py:115} INFO - [2024-10-08 13:31:44,543] {dag.py:2379} INFO - Sync 1 DAGs
[2024-10-08 13:31:44,559] {logging_mixin.py:115} INFO - [2024-10-08 13:31:44,558] {dag.py:2927} INFO - Setting next_dagrun for example_skip_dag to 2024-10-07T16:31:44.558775+00:00, run_after=2024-10-08T16:31:44.558775+00:00
[2024-10-08 13:31:45,644] {processor.py:161} INFO - Processing /home/kennedy/KR/Programação/00.Estudos/DataEng/Alura/airflow-executores/venv/lib/python3.9/site-packages/airflow/example_dags/example_skip_dag.py took 1.146 seconds
[2024-10-08 13:33:00,395] {processor.py:153} INFO - Started process (PID=38870) to work on /home/kennedy/KR/Programação/00.Estudos/DataEng/Alura/airflow-executores/venv/lib/python3.9/site-packages/airflow/example_dags/example_skip_dag.py
[2024-10-08 13:33:00,661] {processor.py:641} INFO - Processing file /home/kennedy/KR/Programação/00.Estudos/DataEng/Alura/airflow-executores/venv/lib/python3.9/site-packages/airflow/example_dags/example_skip_dag.py for tasks to queue
[2024-10-08 13:33:00,662] {logging_mixin.py:115} INFO - [2024-10-08 13:33:00,662] {dagbag.py:507} INFO - Filling up the DagBag from /home/kennedy/KR/Programação/00.Estudos/DataEng/Alura/airflow-executores/venv/lib/python3.9/site-packages/airflow/example_dags/example_skip_dag.py
[2024-10-08 13:33:00,674] {processor.py:651} INFO - DAG(s) dict_keys(['example_skip_dag']) retrieved from /home/kennedy/KR/Programação/00.Estudos/DataEng/Alura/airflow-executores/venv/lib/python3.9/site-packages/airflow/example_dags/example_skip_dag.py
[2024-10-08 13:33:00,710] {logging_mixin.py:115} INFO - [2024-10-08 13:33:00,710] {dag.py:2379} INFO - Sync 1 DAGs
[2024-10-08 13:33:00,729] {logging_mixin.py:115} INFO - [2024-10-08 13:33:00,729] {dag.py:2927} INFO - Setting next_dagrun for example_skip_dag to 2024-10-07T16:33:00.728843+00:00, run_after=2024-10-08T16:33:00.728843+00:00
[2024-10-08 13:33:01,818] {processor.py:161} INFO - Processing /home/kennedy/KR/Programação/00.Estudos/DataEng/Alura/airflow-executores/venv/lib/python3.9/site-packages/airflow/example_dags/example_skip_dag.py took 1.429 seconds
[2024-10-08 13:34:09,311] {processor.py:153} INFO - Started process (PID=38947) to work on /home/kennedy/KR/Programação/00.Estudos/DataEng/Alura/airflow-executores/venv/lib/python3.9/site-packages/airflow/example_dags/example_skip_dag.py
[2024-10-08 13:34:09,575] {processor.py:641} INFO - Processing file /home/kennedy/KR/Programação/00.Estudos/DataEng/Alura/airflow-executores/venv/lib/python3.9/site-packages/airflow/example_dags/example_skip_dag.py for tasks to queue
[2024-10-08 13:34:09,576] {logging_mixin.py:115} INFO - [2024-10-08 13:34:09,576] {dagbag.py:507} INFO - Filling up the DagBag from /home/kennedy/KR/Programação/00.Estudos/DataEng/Alura/airflow-executores/venv/lib/python3.9/site-packages/airflow/example_dags/example_skip_dag.py
[2024-10-08 13:34:09,592] {processor.py:651} INFO - DAG(s) dict_keys(['example_skip_dag']) retrieved from /home/kennedy/KR/Programação/00.Estudos/DataEng/Alura/airflow-executores/venv/lib/python3.9/site-packages/airflow/example_dags/example_skip_dag.py
[2024-10-08 13:34:09,628] {logging_mixin.py:115} INFO - [2024-10-08 13:34:09,628] {dag.py:2379} INFO - Sync 1 DAGs
[2024-10-08 13:34:09,655] {logging_mixin.py:115} INFO - [2024-10-08 13:34:09,654] {dag.py:2927} INFO - Setting next_dagrun for example_skip_dag to 2024-10-07T16:34:09.654644+00:00, run_after=2024-10-08T16:34:09.654644+00:00
[2024-10-08 13:34:09,742] {processor.py:161} INFO - Processing /home/kennedy/KR/Programação/00.Estudos/DataEng/Alura/airflow-executores/venv/lib/python3.9/site-packages/airflow/example_dags/example_skip_dag.py took 0.436 seconds
[2024-10-08 15:47:10,878] {processor.py:153} INFO - Started process (PID=11484) to work on /home/kennedy/.local/lib/python3.10/site-packages/airflow/example_dags/example_skip_dag.py
[2024-10-08 15:47:10,880] {processor.py:641} INFO - Processing file /home/kennedy/.local/lib/python3.10/site-packages/airflow/example_dags/example_skip_dag.py for tasks to queue
[2024-10-08 15:47:10,882] {logging_mixin.py:115} INFO - [2024-10-08 15:47:10,881] {dagbag.py:507} INFO - Filling up the DagBag from /home/kennedy/.local/lib/python3.10/site-packages/airflow/example_dags/example_skip_dag.py
[2024-10-08 15:47:10,892] {processor.py:651} INFO - DAG(s) dict_keys(['example_skip_dag']) retrieved from /home/kennedy/.local/lib/python3.10/site-packages/airflow/example_dags/example_skip_dag.py
[2024-10-08 15:47:10,937] {logging_mixin.py:115} INFO - [2024-10-08 15:47:10,937] {dag.py:2379} INFO - Sync 1 DAGs
[2024-10-08 15:47:10,949] {logging_mixin.py:115} INFO - [2024-10-08 15:47:10,949] {dag.py:2927} INFO - Setting next_dagrun for example_skip_dag to 2024-10-07T18:47:10.949278+00:00, run_after=2024-10-08T18:47:10.949278+00:00
[2024-10-08 15:47:11,589] {processor.py:161} INFO - Processing /home/kennedy/.local/lib/python3.10/site-packages/airflow/example_dags/example_skip_dag.py took 0.719 seconds
[2024-10-08 16:36:42,119] {processor.py:153} INFO - Started process (PID=16651) to work on /home/kennedy/KR/Programação/00.Estudos/DataEng/Alura/airflow-executores/venv/lib/python3.9/site-packages/airflow/example_dags/example_skip_dag.py
[2024-10-08 16:36:42,121] {processor.py:641} INFO - Processing file /home/kennedy/KR/Programação/00.Estudos/DataEng/Alura/airflow-executores/venv/lib/python3.9/site-packages/airflow/example_dags/example_skip_dag.py for tasks to queue
[2024-10-08 16:36:42,122] {logging_mixin.py:115} INFO - [2024-10-08 16:36:42,122] {dagbag.py:507} INFO - Filling up the DagBag from /home/kennedy/KR/Programação/00.Estudos/DataEng/Alura/airflow-executores/venv/lib/python3.9/site-packages/airflow/example_dags/example_skip_dag.py
[2024-10-08 16:36:42,129] {processor.py:651} INFO - DAG(s) dict_keys(['example_skip_dag']) retrieved from /home/kennedy/KR/Programação/00.Estudos/DataEng/Alura/airflow-executores/venv/lib/python3.9/site-packages/airflow/example_dags/example_skip_dag.py
[2024-10-08 16:36:42,170] {logging_mixin.py:115} INFO - [2024-10-08 16:36:42,170] {dag.py:2379} INFO - Sync 1 DAGs
[2024-10-08 16:36:42,186] {logging_mixin.py:115} INFO - [2024-10-08 16:36:42,186] {dag.py:2927} INFO - Setting next_dagrun for example_skip_dag to 2024-10-07T19:36:42.186093+00:00, run_after=2024-10-08T19:36:42.186093+00:00
[2024-10-08 16:36:43,103] {processor.py:161} INFO - Processing /home/kennedy/KR/Programação/00.Estudos/DataEng/Alura/airflow-executores/venv/lib/python3.9/site-packages/airflow/example_dags/example_skip_dag.py took 0.987 seconds
[2024-10-08 16:37:31,228] {processor.py:153} INFO - Started process (PID=16775) to work on /home/kennedy/KR/Programação/00.Estudos/DataEng/Alura/airflow-executores/venv/lib/python3.9/site-packages/airflow/example_dags/example_skip_dag.py
[2024-10-08 16:37:31,246] {processor.py:641} INFO - Processing file /home/kennedy/KR/Programação/00.Estudos/DataEng/Alura/airflow-executores/venv/lib/python3.9/site-packages/airflow/example_dags/example_skip_dag.py for tasks to queue
[2024-10-08 16:37:31,246] {logging_mixin.py:115} INFO - [2024-10-08 16:37:31,246] {dagbag.py:507} INFO - Filling up the DagBag from /home/kennedy/KR/Programação/00.Estudos/DataEng/Alura/airflow-executores/venv/lib/python3.9/site-packages/airflow/example_dags/example_skip_dag.py
[2024-10-08 16:37:31,250] {processor.py:651} INFO - DAG(s) dict_keys(['example_skip_dag']) retrieved from /home/kennedy/KR/Programação/00.Estudos/DataEng/Alura/airflow-executores/venv/lib/python3.9/site-packages/airflow/example_dags/example_skip_dag.py
[2024-10-08 16:37:31,262] {logging_mixin.py:115} INFO - [2024-10-08 16:37:31,262] {dag.py:2379} INFO - Sync 1 DAGs
[2024-10-08 16:37:31,274] {logging_mixin.py:115} INFO - [2024-10-08 16:37:31,274] {dag.py:2927} INFO - Setting next_dagrun for example_skip_dag to 2024-10-07T19:37:31.274508+00:00, run_after=2024-10-08T19:37:31.274508+00:00
[2024-10-08 16:37:31,384] {processor.py:161} INFO - Processing /home/kennedy/KR/Programação/00.Estudos/DataEng/Alura/airflow-executores/venv/lib/python3.9/site-packages/airflow/example_dags/example_skip_dag.py took 0.157 seconds
[2024-10-08 16:38:59,699] {processor.py:153} INFO - Started process (PID=17467) to work on /home/kennedy/KR/Programação/00.Estudos/DataEng/Alura/airflow-executores/venv/lib/python3.9/site-packages/airflow/example_dags/example_skip_dag.py
[2024-10-08 16:38:59,700] {processor.py:641} INFO - Processing file /home/kennedy/KR/Programação/00.Estudos/DataEng/Alura/airflow-executores/venv/lib/python3.9/site-packages/airflow/example_dags/example_skip_dag.py for tasks to queue
[2024-10-08 16:38:59,702] {logging_mixin.py:115} INFO - [2024-10-08 16:38:59,702] {dagbag.py:507} INFO - Filling up the DagBag from /home/kennedy/KR/Programação/00.Estudos/DataEng/Alura/airflow-executores/venv/lib/python3.9/site-packages/airflow/example_dags/example_skip_dag.py
[2024-10-08 16:38:59,715] {processor.py:651} INFO - DAG(s) dict_keys(['example_skip_dag']) retrieved from /home/kennedy/KR/Programação/00.Estudos/DataEng/Alura/airflow-executores/venv/lib/python3.9/site-packages/airflow/example_dags/example_skip_dag.py
[2024-10-08 16:38:59,759] {logging_mixin.py:115} INFO - [2024-10-08 16:38:59,758] {dag.py:2379} INFO - Sync 1 DAGs
[2024-10-08 16:38:59,784] {logging_mixin.py:115} INFO - [2024-10-08 16:38:59,783] {dag.py:2927} INFO - Setting next_dagrun for example_skip_dag to 2024-10-07T19:38:59.782927+00:00, run_after=2024-10-08T19:38:59.782927+00:00
[2024-10-08 16:39:00,157] {processor.py:161} INFO - Processing /home/kennedy/KR/Programação/00.Estudos/DataEng/Alura/airflow-executores/venv/lib/python3.9/site-packages/airflow/example_dags/example_skip_dag.py took 0.465 seconds
[2024-10-08 16:40:19,221] {processor.py:153} INFO - Started process (PID=17550) to work on /home/kennedy/KR/Programação/00.Estudos/DataEng/Alura/airflow-executores/venv/lib/python3.9/site-packages/airflow/example_dags/example_skip_dag.py
[2024-10-08 16:40:19,222] {processor.py:641} INFO - Processing file /home/kennedy/KR/Programação/00.Estudos/DataEng/Alura/airflow-executores/venv/lib/python3.9/site-packages/airflow/example_dags/example_skip_dag.py for tasks to queue
[2024-10-08 16:40:19,223] {logging_mixin.py:115} INFO - [2024-10-08 16:40:19,223] {dagbag.py:507} INFO - Filling up the DagBag from /home/kennedy/KR/Programação/00.Estudos/DataEng/Alura/airflow-executores/venv/lib/python3.9/site-packages/airflow/example_dags/example_skip_dag.py
[2024-10-08 16:40:19,226] {processor.py:651} INFO - DAG(s) dict_keys(['example_skip_dag']) retrieved from /home/kennedy/KR/Programação/00.Estudos/DataEng/Alura/airflow-executores/venv/lib/python3.9/site-packages/airflow/example_dags/example_skip_dag.py
[2024-10-08 16:40:19,241] {logging_mixin.py:115} INFO - [2024-10-08 16:40:19,241] {dag.py:2379} INFO - Sync 1 DAGs
[2024-10-08 16:40:19,255] {logging_mixin.py:115} INFO - [2024-10-08 16:40:19,255] {dag.py:2927} INFO - Setting next_dagrun for example_skip_dag to 2024-10-07T19:40:19.254935+00:00, run_after=2024-10-08T19:40:19.254935+00:00
[2024-10-08 16:40:19,615] {processor.py:161} INFO - Processing /home/kennedy/KR/Programação/00.Estudos/DataEng/Alura/airflow-executores/venv/lib/python3.9/site-packages/airflow/example_dags/example_skip_dag.py took 0.395 seconds
[2024-10-08 16:41:24,665] {processor.py:153} INFO - Started process (PID=18023) to work on /home/kennedy/KR/Programação/00.Estudos/DataEng/Alura/airflow-executores/venv/lib/python3.9/site-packages/airflow/example_dags/example_skip_dag.py
[2024-10-08 16:41:24,700] {processor.py:641} INFO - Processing file /home/kennedy/KR/Programação/00.Estudos/DataEng/Alura/airflow-executores/venv/lib/python3.9/site-packages/airflow/example_dags/example_skip_dag.py for tasks to queue
[2024-10-08 16:41:24,700] {logging_mixin.py:115} INFO - [2024-10-08 16:41:24,700] {dagbag.py:507} INFO - Filling up the DagBag from /home/kennedy/KR/Programação/00.Estudos/DataEng/Alura/airflow-executores/venv/lib/python3.9/site-packages/airflow/example_dags/example_skip_dag.py
[2024-10-08 16:41:24,706] {processor.py:651} INFO - DAG(s) dict_keys(['example_skip_dag']) retrieved from /home/kennedy/KR/Programação/00.Estudos/DataEng/Alura/airflow-executores/venv/lib/python3.9/site-packages/airflow/example_dags/example_skip_dag.py
[2024-10-08 16:41:24,719] {logging_mixin.py:115} INFO - [2024-10-08 16:41:24,719] {dag.py:2379} INFO - Sync 1 DAGs
[2024-10-08 16:41:24,733] {logging_mixin.py:115} INFO - [2024-10-08 16:41:24,733] {dag.py:2927} INFO - Setting next_dagrun for example_skip_dag to 2024-10-07T19:41:24.733184+00:00, run_after=2024-10-08T19:41:24.733184+00:00
[2024-10-08 16:41:26,068] {processor.py:161} INFO - Processing /home/kennedy/KR/Programação/00.Estudos/DataEng/Alura/airflow-executores/venv/lib/python3.9/site-packages/airflow/example_dags/example_skip_dag.py took 1.407 seconds
[2024-10-08 16:42:29,282] {processor.py:153} INFO - Started process (PID=18180) to work on /home/kennedy/KR/Programação/00.Estudos/DataEng/Alura/airflow-executores/venv/lib/python3.9/site-packages/airflow/example_dags/example_skip_dag.py
[2024-10-08 16:42:30,125] {processor.py:641} INFO - Processing file /home/kennedy/KR/Programação/00.Estudos/DataEng/Alura/airflow-executores/venv/lib/python3.9/site-packages/airflow/example_dags/example_skip_dag.py for tasks to queue
[2024-10-08 16:42:30,127] {logging_mixin.py:115} INFO - [2024-10-08 16:42:30,126] {dagbag.py:507} INFO - Filling up the DagBag from /home/kennedy/KR/Programação/00.Estudos/DataEng/Alura/airflow-executores/venv/lib/python3.9/site-packages/airflow/example_dags/example_skip_dag.py
[2024-10-08 16:42:30,141] {processor.py:651} INFO - DAG(s) dict_keys(['example_skip_dag']) retrieved from /home/kennedy/KR/Programação/00.Estudos/DataEng/Alura/airflow-executores/venv/lib/python3.9/site-packages/airflow/example_dags/example_skip_dag.py
[2024-10-08 16:42:30,214] {logging_mixin.py:115} INFO - [2024-10-08 16:42:30,214] {dag.py:2379} INFO - Sync 1 DAGs
[2024-10-08 16:42:30,230] {logging_mixin.py:115} INFO - [2024-10-08 16:42:30,230] {dag.py:2927} INFO - Setting next_dagrun for example_skip_dag to 2024-10-07T19:42:30.230495+00:00, run_after=2024-10-08T19:42:30.230495+00:00
[2024-10-08 16:42:30,309] {processor.py:161} INFO - Processing /home/kennedy/KR/Programação/00.Estudos/DataEng/Alura/airflow-executores/venv/lib/python3.9/site-packages/airflow/example_dags/example_skip_dag.py took 1.029 seconds
[2024-10-08 16:43:56,485] {processor.py:153} INFO - Started process (PID=18254) to work on /home/kennedy/KR/Programação/00.Estudos/DataEng/Alura/airflow-executores/venv/lib/python3.9/site-packages/airflow/example_dags/example_skip_dag.py
[2024-10-08 16:43:56,488] {processor.py:641} INFO - Processing file /home/kennedy/KR/Programação/00.Estudos/DataEng/Alura/airflow-executores/venv/lib/python3.9/site-packages/airflow/example_dags/example_skip_dag.py for tasks to queue
[2024-10-08 16:43:56,490] {logging_mixin.py:115} INFO - [2024-10-08 16:43:56,490] {dagbag.py:507} INFO - Filling up the DagBag from /home/kennedy/KR/Programação/00.Estudos/DataEng/Alura/airflow-executores/venv/lib/python3.9/site-packages/airflow/example_dags/example_skip_dag.py
[2024-10-08 16:43:56,497] {processor.py:651} INFO - DAG(s) dict_keys(['example_skip_dag']) retrieved from /home/kennedy/KR/Programação/00.Estudos/DataEng/Alura/airflow-executores/venv/lib/python3.9/site-packages/airflow/example_dags/example_skip_dag.py
[2024-10-08 16:43:56,516] {logging_mixin.py:115} INFO - [2024-10-08 16:43:56,516] {dag.py:2379} INFO - Sync 1 DAGs
[2024-10-08 16:43:56,536] {logging_mixin.py:115} INFO - [2024-10-08 16:43:56,535] {dag.py:2927} INFO - Setting next_dagrun for example_skip_dag to 2024-10-07T19:43:56.535577+00:00, run_after=2024-10-08T19:43:56.535577+00:00
[2024-10-08 16:43:57,460] {processor.py:161} INFO - Processing /home/kennedy/KR/Programação/00.Estudos/DataEng/Alura/airflow-executores/venv/lib/python3.9/site-packages/airflow/example_dags/example_skip_dag.py took 0.979 seconds
[2024-10-08 16:45:29,090] {processor.py:153} INFO - Started process (PID=18344) to work on /home/kennedy/KR/Programação/00.Estudos/DataEng/Alura/airflow-executores/venv/lib/python3.9/site-packages/airflow/example_dags/example_skip_dag.py
[2024-10-08 16:45:30,248] {processor.py:641} INFO - Processing file /home/kennedy/KR/Programação/00.Estudos/DataEng/Alura/airflow-executores/venv/lib/python3.9/site-packages/airflow/example_dags/example_skip_dag.py for tasks to queue
[2024-10-08 16:45:30,249] {logging_mixin.py:115} INFO - [2024-10-08 16:45:30,249] {dagbag.py:507} INFO - Filling up the DagBag from /home/kennedy/KR/Programação/00.Estudos/DataEng/Alura/airflow-executores/venv/lib/python3.9/site-packages/airflow/example_dags/example_skip_dag.py
[2024-10-08 16:45:30,261] {processor.py:651} INFO - DAG(s) dict_keys(['example_skip_dag']) retrieved from /home/kennedy/KR/Programação/00.Estudos/DataEng/Alura/airflow-executores/venv/lib/python3.9/site-packages/airflow/example_dags/example_skip_dag.py
[2024-10-08 16:45:30,426] {logging_mixin.py:115} INFO - [2024-10-08 16:45:30,426] {dag.py:2379} INFO - Sync 1 DAGs
[2024-10-08 16:45:30,450] {logging_mixin.py:115} INFO - [2024-10-08 16:45:30,450] {dag.py:2927} INFO - Setting next_dagrun for example_skip_dag to 2024-10-07T19:45:30.450168+00:00, run_after=2024-10-08T19:45:30.450168+00:00
[2024-10-08 16:45:30,550] {processor.py:161} INFO - Processing /home/kennedy/KR/Programação/00.Estudos/DataEng/Alura/airflow-executores/venv/lib/python3.9/site-packages/airflow/example_dags/example_skip_dag.py took 1.467 seconds
[2024-10-08 16:46:30,979] {processor.py:153} INFO - Started process (PID=18934) to work on /home/kennedy/KR/Programação/00.Estudos/DataEng/Alura/airflow-executores/venv/lib/python3.9/site-packages/airflow/example_dags/example_skip_dag.py
[2024-10-08 16:46:31,629] {processor.py:641} INFO - Processing file /home/kennedy/KR/Programação/00.Estudos/DataEng/Alura/airflow-executores/venv/lib/python3.9/site-packages/airflow/example_dags/example_skip_dag.py for tasks to queue
[2024-10-08 16:46:31,630] {logging_mixin.py:115} INFO - [2024-10-08 16:46:31,630] {dagbag.py:507} INFO - Filling up the DagBag from /home/kennedy/KR/Programação/00.Estudos/DataEng/Alura/airflow-executores/venv/lib/python3.9/site-packages/airflow/example_dags/example_skip_dag.py
[2024-10-08 16:46:31,643] {processor.py:651} INFO - DAG(s) dict_keys(['example_skip_dag']) retrieved from /home/kennedy/KR/Programação/00.Estudos/DataEng/Alura/airflow-executores/venv/lib/python3.9/site-packages/airflow/example_dags/example_skip_dag.py
[2024-10-08 16:46:31,662] {logging_mixin.py:115} INFO - [2024-10-08 16:46:31,662] {dag.py:2379} INFO - Sync 1 DAGs
[2024-10-08 16:46:31,677] {logging_mixin.py:115} INFO - [2024-10-08 16:46:31,677] {dag.py:2927} INFO - Setting next_dagrun for example_skip_dag to 2024-10-07T19:46:31.677316+00:00, run_after=2024-10-08T19:46:31.677316+00:00
[2024-10-08 16:46:33,087] {processor.py:161} INFO - Processing /home/kennedy/KR/Programação/00.Estudos/DataEng/Alura/airflow-executores/venv/lib/python3.9/site-packages/airflow/example_dags/example_skip_dag.py took 2.115 seconds
[2024-10-08 16:47:51,377] {processor.py:153} INFO - Started process (PID=19219) to work on /home/kennedy/KR/Programação/00.Estudos/DataEng/Alura/airflow-executores/venv/lib/python3.9/site-packages/airflow/example_dags/example_skip_dag.py
[2024-10-08 16:47:51,403] {processor.py:641} INFO - Processing file /home/kennedy/KR/Programação/00.Estudos/DataEng/Alura/airflow-executores/venv/lib/python3.9/site-packages/airflow/example_dags/example_skip_dag.py for tasks to queue
[2024-10-08 16:47:51,404] {logging_mixin.py:115} INFO - [2024-10-08 16:47:51,404] {dagbag.py:507} INFO - Filling up the DagBag from /home/kennedy/KR/Programação/00.Estudos/DataEng/Alura/airflow-executores/venv/lib/python3.9/site-packages/airflow/example_dags/example_skip_dag.py
[2024-10-08 16:47:51,412] {processor.py:651} INFO - DAG(s) dict_keys(['example_skip_dag']) retrieved from /home/kennedy/KR/Programação/00.Estudos/DataEng/Alura/airflow-executores/venv/lib/python3.9/site-packages/airflow/example_dags/example_skip_dag.py
[2024-10-08 16:47:51,431] {logging_mixin.py:115} INFO - [2024-10-08 16:47:51,431] {dag.py:2379} INFO - Sync 1 DAGs
[2024-10-08 16:47:51,447] {logging_mixin.py:115} INFO - [2024-10-08 16:47:51,447] {dag.py:2927} INFO - Setting next_dagrun for example_skip_dag to 2024-10-07T19:47:51.446797+00:00, run_after=2024-10-08T19:47:51.446797+00:00
[2024-10-08 16:47:52,801] {processor.py:161} INFO - Processing /home/kennedy/KR/Programação/00.Estudos/DataEng/Alura/airflow-executores/venv/lib/python3.9/site-packages/airflow/example_dags/example_skip_dag.py took 1.432 seconds
[2024-10-08 16:48:51,269] {processor.py:153} INFO - Started process (PID=19269) to work on /home/kennedy/KR/Programação/00.Estudos/DataEng/Alura/airflow-executores/venv/lib/python3.9/site-packages/airflow/example_dags/example_skip_dag.py
[2024-10-08 16:48:51,271] {processor.py:641} INFO - Processing file /home/kennedy/KR/Programação/00.Estudos/DataEng/Alura/airflow-executores/venv/lib/python3.9/site-packages/airflow/example_dags/example_skip_dag.py for tasks to queue
[2024-10-08 16:48:51,272] {logging_mixin.py:115} INFO - [2024-10-08 16:48:51,272] {dagbag.py:507} INFO - Filling up the DagBag from /home/kennedy/KR/Programação/00.Estudos/DataEng/Alura/airflow-executores/venv/lib/python3.9/site-packages/airflow/example_dags/example_skip_dag.py
[2024-10-08 16:48:51,282] {processor.py:651} INFO - DAG(s) dict_keys(['example_skip_dag']) retrieved from /home/kennedy/KR/Programação/00.Estudos/DataEng/Alura/airflow-executores/venv/lib/python3.9/site-packages/airflow/example_dags/example_skip_dag.py
[2024-10-08 16:48:51,298] {logging_mixin.py:115} INFO - [2024-10-08 16:48:51,298] {dag.py:2379} INFO - Sync 1 DAGs
[2024-10-08 16:48:51,313] {logging_mixin.py:115} INFO - [2024-10-08 16:48:51,313] {dag.py:2927} INFO - Setting next_dagrun for example_skip_dag to 2024-10-07T19:48:51.312913+00:00, run_after=2024-10-08T19:48:51.312913+00:00
[2024-10-08 16:48:52,577] {processor.py:161} INFO - Processing /home/kennedy/KR/Programação/00.Estudos/DataEng/Alura/airflow-executores/venv/lib/python3.9/site-packages/airflow/example_dags/example_skip_dag.py took 1.316 seconds
[2024-10-08 16:50:47,414] {processor.py:153} INFO - Started process (PID=19899) to work on /home/kennedy/KR/Programação/00.Estudos/DataEng/Alura/airflow-executores/venv/lib/python3.9/site-packages/airflow/example_dags/example_skip_dag.py
[2024-10-08 16:50:48,056] {processor.py:641} INFO - Processing file /home/kennedy/KR/Programação/00.Estudos/DataEng/Alura/airflow-executores/venv/lib/python3.9/site-packages/airflow/example_dags/example_skip_dag.py for tasks to queue
[2024-10-08 16:50:48,058] {logging_mixin.py:115} INFO - [2024-10-08 16:50:48,058] {dagbag.py:507} INFO - Filling up the DagBag from /home/kennedy/KR/Programação/00.Estudos/DataEng/Alura/airflow-executores/venv/lib/python3.9/site-packages/airflow/example_dags/example_skip_dag.py
[2024-10-08 16:50:48,073] {processor.py:651} INFO - DAG(s) dict_keys(['example_skip_dag']) retrieved from /home/kennedy/KR/Programação/00.Estudos/DataEng/Alura/airflow-executores/venv/lib/python3.9/site-packages/airflow/example_dags/example_skip_dag.py
[2024-10-08 16:50:48,097] {logging_mixin.py:115} INFO - [2024-10-08 16:50:48,097] {dag.py:2379} INFO - Sync 1 DAGs
[2024-10-08 16:50:48,115] {logging_mixin.py:115} INFO - [2024-10-08 16:50:48,115] {dag.py:2927} INFO - Setting next_dagrun for example_skip_dag to 2024-10-07T19:50:48.115104+00:00, run_after=2024-10-08T19:50:48.115104+00:00
[2024-10-08 16:50:48,204] {processor.py:161} INFO - Processing /home/kennedy/KR/Programação/00.Estudos/DataEng/Alura/airflow-executores/venv/lib/python3.9/site-packages/airflow/example_dags/example_skip_dag.py took 0.799 seconds
[2024-10-08 17:10:02,445] {processor.py:153} INFO - Started process (PID=31405) to work on /home/kennedy/KR/Programação/00.Estudos/DataEng/Alura/airflow-executores/venv/lib/python3.9/site-packages/airflow/example_dags/example_skip_dag.py
[2024-10-08 17:10:02,446] {processor.py:641} INFO - Processing file /home/kennedy/KR/Programação/00.Estudos/DataEng/Alura/airflow-executores/venv/lib/python3.9/site-packages/airflow/example_dags/example_skip_dag.py for tasks to queue
[2024-10-08 17:10:02,448] {logging_mixin.py:115} INFO - [2024-10-08 17:10:02,447] {dagbag.py:507} INFO - Filling up the DagBag from /home/kennedy/KR/Programação/00.Estudos/DataEng/Alura/airflow-executores/venv/lib/python3.9/site-packages/airflow/example_dags/example_skip_dag.py
[2024-10-08 17:10:02,459] {processor.py:651} INFO - DAG(s) dict_keys(['example_skip_dag']) retrieved from /home/kennedy/KR/Programação/00.Estudos/DataEng/Alura/airflow-executores/venv/lib/python3.9/site-packages/airflow/example_dags/example_skip_dag.py
[2024-10-08 17:10:02,477] {logging_mixin.py:115} INFO - [2024-10-08 17:10:02,477] {dag.py:2379} INFO - Sync 1 DAGs
[2024-10-08 17:10:02,489] {logging_mixin.py:115} INFO - [2024-10-08 17:10:02,489] {dag.py:2927} INFO - Setting next_dagrun for example_skip_dag to 2024-10-07T20:10:02.489286+00:00, run_after=2024-10-08T20:10:02.489286+00:00
[2024-10-08 17:10:02,605] {processor.py:161} INFO - Processing /home/kennedy/KR/Programação/00.Estudos/DataEng/Alura/airflow-executores/venv/lib/python3.9/site-packages/airflow/example_dags/example_skip_dag.py took 0.167 seconds
[2024-10-08 17:21:08,231] {processor.py:153} INFO - Started process (PID=38826) to work on /home/kennedy/KR/Programação/00.Estudos/DataEng/Alura/airflow-executores/venv/lib/python3.9/site-packages/airflow/example_dags/example_skip_dag.py
[2024-10-08 17:21:08,240] {processor.py:641} INFO - Processing file /home/kennedy/KR/Programação/00.Estudos/DataEng/Alura/airflow-executores/venv/lib/python3.9/site-packages/airflow/example_dags/example_skip_dag.py for tasks to queue
[2024-10-08 17:21:08,241] {logging_mixin.py:115} INFO - [2024-10-08 17:21:08,241] {dagbag.py:507} INFO - Filling up the DagBag from /home/kennedy/KR/Programação/00.Estudos/DataEng/Alura/airflow-executores/venv/lib/python3.9/site-packages/airflow/example_dags/example_skip_dag.py
[2024-10-08 17:21:08,246] {processor.py:651} INFO - DAG(s) dict_keys(['example_skip_dag']) retrieved from /home/kennedy/KR/Programação/00.Estudos/DataEng/Alura/airflow-executores/venv/lib/python3.9/site-packages/airflow/example_dags/example_skip_dag.py
[2024-10-08 17:21:08,260] {logging_mixin.py:115} INFO - [2024-10-08 17:21:08,260] {dag.py:2379} INFO - Sync 1 DAGs
[2024-10-08 17:21:08,273] {logging_mixin.py:115} INFO - [2024-10-08 17:21:08,273] {dag.py:2927} INFO - Setting next_dagrun for example_skip_dag to 2024-10-07T20:21:08.272833+00:00, run_after=2024-10-08T20:21:08.272833+00:00
[2024-10-08 17:21:08,353] {processor.py:161} INFO - Processing /home/kennedy/KR/Programação/00.Estudos/DataEng/Alura/airflow-executores/venv/lib/python3.9/site-packages/airflow/example_dags/example_skip_dag.py took 0.126 seconds
