[2024-10-08 13:22:04,875] {processor.py:153} INFO - Started process (PID=37180) to work on /home/kennedy/KR/Programação/00.Estudos/DataEng/Alura/airflow-executores/venv/lib/python3.9/site-packages/airflow/example_dags/example_trigger_controller_dag.py
[2024-10-08 13:22:04,877] {processor.py:641} INFO - Processing file /home/kennedy/KR/Programação/00.Estudos/DataEng/Alura/airflow-executores/venv/lib/python3.9/site-packages/airflow/example_dags/example_trigger_controller_dag.py for tasks to queue
[2024-10-08 13:22:04,879] {logging_mixin.py:115} INFO - [2024-10-08 13:22:04,878] {dagbag.py:507} INFO - Filling up the DagBag from /home/kennedy/KR/Programação/00.Estudos/DataEng/Alura/airflow-executores/venv/lib/python3.9/site-packages/airflow/example_dags/example_trigger_controller_dag.py
[2024-10-08 13:22:04,892] {processor.py:651} INFO - DAG(s) dict_keys(['example_trigger_controller_dag']) retrieved from /home/kennedy/KR/Programação/00.Estudos/DataEng/Alura/airflow-executores/venv/lib/python3.9/site-packages/airflow/example_dags/example_trigger_controller_dag.py
[2024-10-08 13:22:05,959] {logging_mixin.py:115} INFO - [2024-10-08 13:22:05,959] {manager.py:508} INFO - Created Permission View: can delete on DAG:example_trigger_controller_dag
[2024-10-08 13:22:06,436] {logging_mixin.py:115} INFO - [2024-10-08 13:22:06,435] {manager.py:508} INFO - Created Permission View: can read on DAG:example_trigger_controller_dag
[2024-10-08 13:22:06,613] {logging_mixin.py:115} INFO - [2024-10-08 13:22:06,613] {manager.py:508} INFO - Created Permission View: can edit on DAG:example_trigger_controller_dag
[2024-10-08 13:22:06,614] {logging_mixin.py:115} INFO - [2024-10-08 13:22:06,614] {dag.py:2379} INFO - Sync 1 DAGs
[2024-10-08 13:22:06,783] {logging_mixin.py:115} INFO - [2024-10-08 13:22:06,783] {dag.py:2398} INFO - Creating ORM DAG for example_trigger_controller_dag
[2024-10-08 13:22:06,859] {logging_mixin.py:115} INFO - [2024-10-08 13:22:06,854] {dag.py:2927} INFO - Setting next_dagrun for example_trigger_controller_dag to 2021-01-01T00:00:00+00:00, run_after=2021-01-01T00:00:00+00:00
[2024-10-08 13:22:10,095] {processor.py:161} INFO - Processing /home/kennedy/KR/Programação/00.Estudos/DataEng/Alura/airflow-executores/venv/lib/python3.9/site-packages/airflow/example_dags/example_trigger_controller_dag.py took 5.232 seconds
[2024-10-08 13:24:45,545] {processor.py:153} INFO - Started process (PID=37708) to work on /home/kennedy/KR/Programação/00.Estudos/DataEng/Alura/airflow-executores/venv/lib/python3.9/site-packages/airflow/example_dags/example_trigger_controller_dag.py
[2024-10-08 13:24:45,558] {processor.py:641} INFO - Processing file /home/kennedy/KR/Programação/00.Estudos/DataEng/Alura/airflow-executores/venv/lib/python3.9/site-packages/airflow/example_dags/example_trigger_controller_dag.py for tasks to queue
[2024-10-08 13:24:45,560] {logging_mixin.py:115} INFO - [2024-10-08 13:24:45,559] {dagbag.py:507} INFO - Filling up the DagBag from /home/kennedy/KR/Programação/00.Estudos/DataEng/Alura/airflow-executores/venv/lib/python3.9/site-packages/airflow/example_dags/example_trigger_controller_dag.py
[2024-10-08 13:24:45,566] {processor.py:651} INFO - DAG(s) dict_keys(['example_trigger_controller_dag']) retrieved from /home/kennedy/KR/Programação/00.Estudos/DataEng/Alura/airflow-executores/venv/lib/python3.9/site-packages/airflow/example_dags/example_trigger_controller_dag.py
[2024-10-08 13:24:45,589] {logging_mixin.py:115} INFO - [2024-10-08 13:24:45,589] {dag.py:2379} INFO - Sync 1 DAGs
[2024-10-08 13:24:45,609] {logging_mixin.py:115} INFO - [2024-10-08 13:24:45,608] {dag.py:2927} INFO - Setting next_dagrun for example_trigger_controller_dag to 2021-01-01T00:00:00+00:00, run_after=2021-01-01T00:00:00+00:00
[2024-10-08 13:24:46,281] {processor.py:161} INFO - Processing /home/kennedy/KR/Programação/00.Estudos/DataEng/Alura/airflow-executores/venv/lib/python3.9/site-packages/airflow/example_dags/example_trigger_controller_dag.py took 0.737 seconds
[2024-10-08 13:25:41,799] {processor.py:153} INFO - Started process (PID=37782) to work on /home/kennedy/KR/Programação/00.Estudos/DataEng/Alura/airflow-executores/venv/lib/python3.9/site-packages/airflow/example_dags/example_trigger_controller_dag.py
[2024-10-08 13:25:41,978] {processor.py:641} INFO - Processing file /home/kennedy/KR/Programação/00.Estudos/DataEng/Alura/airflow-executores/venv/lib/python3.9/site-packages/airflow/example_dags/example_trigger_controller_dag.py for tasks to queue
[2024-10-08 13:25:41,980] {logging_mixin.py:115} INFO - [2024-10-08 13:25:41,979] {dagbag.py:507} INFO - Filling up the DagBag from /home/kennedy/KR/Programação/00.Estudos/DataEng/Alura/airflow-executores/venv/lib/python3.9/site-packages/airflow/example_dags/example_trigger_controller_dag.py
[2024-10-08 13:25:41,987] {processor.py:651} INFO - DAG(s) dict_keys(['example_trigger_controller_dag']) retrieved from /home/kennedy/KR/Programação/00.Estudos/DataEng/Alura/airflow-executores/venv/lib/python3.9/site-packages/airflow/example_dags/example_trigger_controller_dag.py
[2024-10-08 13:25:42,018] {logging_mixin.py:115} INFO - [2024-10-08 13:25:42,018] {dag.py:2379} INFO - Sync 1 DAGs
[2024-10-08 13:25:42,035] {logging_mixin.py:115} INFO - [2024-10-08 13:25:42,035] {dag.py:2927} INFO - Setting next_dagrun for example_trigger_controller_dag to 2021-01-01T00:00:00+00:00, run_after=2021-01-01T00:00:00+00:00
[2024-10-08 13:25:42,336] {processor.py:161} INFO - Processing /home/kennedy/KR/Programação/00.Estudos/DataEng/Alura/airflow-executores/venv/lib/python3.9/site-packages/airflow/example_dags/example_trigger_controller_dag.py took 0.539 seconds
[2024-10-08 13:26:40,712] {processor.py:153} INFO - Started process (PID=37832) to work on /home/kennedy/KR/Programação/00.Estudos/DataEng/Alura/airflow-executores/venv/lib/python3.9/site-packages/airflow/example_dags/example_trigger_controller_dag.py
[2024-10-08 13:26:40,887] {processor.py:641} INFO - Processing file /home/kennedy/KR/Programação/00.Estudos/DataEng/Alura/airflow-executores/venv/lib/python3.9/site-packages/airflow/example_dags/example_trigger_controller_dag.py for tasks to queue
[2024-10-08 13:26:40,887] {logging_mixin.py:115} INFO - [2024-10-08 13:26:40,887] {dagbag.py:507} INFO - Filling up the DagBag from /home/kennedy/KR/Programação/00.Estudos/DataEng/Alura/airflow-executores/venv/lib/python3.9/site-packages/airflow/example_dags/example_trigger_controller_dag.py
[2024-10-08 13:26:40,890] {processor.py:651} INFO - DAG(s) dict_keys(['example_trigger_controller_dag']) retrieved from /home/kennedy/KR/Programação/00.Estudos/DataEng/Alura/airflow-executores/venv/lib/python3.9/site-packages/airflow/example_dags/example_trigger_controller_dag.py
[2024-10-08 13:26:40,904] {logging_mixin.py:115} INFO - [2024-10-08 13:26:40,904] {dag.py:2379} INFO - Sync 1 DAGs
[2024-10-08 13:26:40,918] {logging_mixin.py:115} INFO - [2024-10-08 13:26:40,918] {dag.py:2927} INFO - Setting next_dagrun for example_trigger_controller_dag to 2021-01-01T00:00:00+00:00, run_after=2021-01-01T00:00:00+00:00
[2024-10-08 13:26:41,802] {processor.py:161} INFO - Processing /home/kennedy/KR/Programação/00.Estudos/DataEng/Alura/airflow-executores/venv/lib/python3.9/site-packages/airflow/example_dags/example_trigger_controller_dag.py took 1.096 seconds
[2024-10-08 13:27:31,893] {processor.py:153} INFO - Started process (PID=37967) to work on /home/kennedy/KR/Programação/00.Estudos/DataEng/Alura/airflow-executores/venv/lib/python3.9/site-packages/airflow/example_dags/example_trigger_controller_dag.py
[2024-10-08 13:27:31,952] {processor.py:641} INFO - Processing file /home/kennedy/KR/Programação/00.Estudos/DataEng/Alura/airflow-executores/venv/lib/python3.9/site-packages/airflow/example_dags/example_trigger_controller_dag.py for tasks to queue
[2024-10-08 13:27:31,952] {logging_mixin.py:115} INFO - [2024-10-08 13:27:31,952] {dagbag.py:507} INFO - Filling up the DagBag from /home/kennedy/KR/Programação/00.Estudos/DataEng/Alura/airflow-executores/venv/lib/python3.9/site-packages/airflow/example_dags/example_trigger_controller_dag.py
[2024-10-08 13:27:31,956] {processor.py:651} INFO - DAG(s) dict_keys(['example_trigger_controller_dag']) retrieved from /home/kennedy/KR/Programação/00.Estudos/DataEng/Alura/airflow-executores/venv/lib/python3.9/site-packages/airflow/example_dags/example_trigger_controller_dag.py
[2024-10-08 13:27:31,976] {logging_mixin.py:115} INFO - [2024-10-08 13:27:31,976] {dag.py:2379} INFO - Sync 1 DAGs
[2024-10-08 13:27:31,994] {logging_mixin.py:115} INFO - [2024-10-08 13:27:31,994] {dag.py:2927} INFO - Setting next_dagrun for example_trigger_controller_dag to 2021-01-01T00:00:00+00:00, run_after=2021-01-01T00:00:00+00:00
[2024-10-08 13:27:32,108] {processor.py:161} INFO - Processing /home/kennedy/KR/Programação/00.Estudos/DataEng/Alura/airflow-executores/venv/lib/python3.9/site-packages/airflow/example_dags/example_trigger_controller_dag.py took 0.222 seconds
[2024-10-08 13:28:11,961] {processor.py:153} INFO - Started process (PID=38017) to work on /home/kennedy/KR/Programação/00.Estudos/DataEng/Alura/airflow-executores/venv/lib/python3.9/site-packages/airflow/example_dags/example_trigger_controller_dag.py
[2024-10-08 13:28:12,046] {processor.py:641} INFO - Processing file /home/kennedy/KR/Programação/00.Estudos/DataEng/Alura/airflow-executores/venv/lib/python3.9/site-packages/airflow/example_dags/example_trigger_controller_dag.py for tasks to queue
[2024-10-08 13:28:12,047] {logging_mixin.py:115} INFO - [2024-10-08 13:28:12,047] {dagbag.py:507} INFO - Filling up the DagBag from /home/kennedy/KR/Programação/00.Estudos/DataEng/Alura/airflow-executores/venv/lib/python3.9/site-packages/airflow/example_dags/example_trigger_controller_dag.py
[2024-10-08 13:28:12,054] {processor.py:651} INFO - DAG(s) dict_keys(['example_trigger_controller_dag']) retrieved from /home/kennedy/KR/Programação/00.Estudos/DataEng/Alura/airflow-executores/venv/lib/python3.9/site-packages/airflow/example_dags/example_trigger_controller_dag.py
[2024-10-08 13:28:12,084] {logging_mixin.py:115} INFO - [2024-10-08 13:28:12,084] {dag.py:2379} INFO - Sync 1 DAGs
[2024-10-08 13:28:12,100] {logging_mixin.py:115} INFO - [2024-10-08 13:28:12,100] {dag.py:2927} INFO - Setting next_dagrun for example_trigger_controller_dag to 2021-01-01T00:00:00+00:00, run_after=2021-01-01T00:00:00+00:00
[2024-10-08 13:28:13,262] {processor.py:161} INFO - Processing /home/kennedy/KR/Programação/00.Estudos/DataEng/Alura/airflow-executores/venv/lib/python3.9/site-packages/airflow/example_dags/example_trigger_controller_dag.py took 1.306 seconds
[2024-10-08 13:29:29,917] {processor.py:153} INFO - Started process (PID=38382) to work on /home/kennedy/KR/Programação/00.Estudos/DataEng/Alura/airflow-executores/venv/lib/python3.9/site-packages/airflow/example_dags/example_trigger_controller_dag.py
[2024-10-08 13:29:29,935] {processor.py:641} INFO - Processing file /home/kennedy/KR/Programação/00.Estudos/DataEng/Alura/airflow-executores/venv/lib/python3.9/site-packages/airflow/example_dags/example_trigger_controller_dag.py for tasks to queue
[2024-10-08 13:29:29,935] {logging_mixin.py:115} INFO - [2024-10-08 13:29:29,935] {dagbag.py:507} INFO - Filling up the DagBag from /home/kennedy/KR/Programação/00.Estudos/DataEng/Alura/airflow-executores/venv/lib/python3.9/site-packages/airflow/example_dags/example_trigger_controller_dag.py
[2024-10-08 13:29:29,939] {processor.py:651} INFO - DAG(s) dict_keys(['example_trigger_controller_dag']) retrieved from /home/kennedy/KR/Programação/00.Estudos/DataEng/Alura/airflow-executores/venv/lib/python3.9/site-packages/airflow/example_dags/example_trigger_controller_dag.py
[2024-10-08 13:29:29,955] {logging_mixin.py:115} INFO - [2024-10-08 13:29:29,955] {dag.py:2379} INFO - Sync 1 DAGs
[2024-10-08 13:29:29,968] {logging_mixin.py:115} INFO - [2024-10-08 13:29:29,968] {dag.py:2927} INFO - Setting next_dagrun for example_trigger_controller_dag to 2021-01-01T00:00:00+00:00, run_after=2021-01-01T00:00:00+00:00
[2024-10-08 13:29:30,405] {processor.py:161} INFO - Processing /home/kennedy/KR/Programação/00.Estudos/DataEng/Alura/airflow-executores/venv/lib/python3.9/site-packages/airflow/example_dags/example_trigger_controller_dag.py took 0.491 seconds
[2024-10-08 13:30:24,857] {processor.py:153} INFO - Started process (PID=38565) to work on /home/kennedy/KR/Programação/00.Estudos/DataEng/Alura/airflow-executores/venv/lib/python3.9/site-packages/airflow/example_dags/example_trigger_controller_dag.py
[2024-10-08 13:30:24,887] {processor.py:641} INFO - Processing file /home/kennedy/KR/Programação/00.Estudos/DataEng/Alura/airflow-executores/venv/lib/python3.9/site-packages/airflow/example_dags/example_trigger_controller_dag.py for tasks to queue
[2024-10-08 13:30:24,888] {logging_mixin.py:115} INFO - [2024-10-08 13:30:24,888] {dagbag.py:507} INFO - Filling up the DagBag from /home/kennedy/KR/Programação/00.Estudos/DataEng/Alura/airflow-executores/venv/lib/python3.9/site-packages/airflow/example_dags/example_trigger_controller_dag.py
[2024-10-08 13:30:24,895] {processor.py:651} INFO - DAG(s) dict_keys(['example_trigger_controller_dag']) retrieved from /home/kennedy/KR/Programação/00.Estudos/DataEng/Alura/airflow-executores/venv/lib/python3.9/site-packages/airflow/example_dags/example_trigger_controller_dag.py
[2024-10-08 13:30:24,926] {logging_mixin.py:115} INFO - [2024-10-08 13:30:24,926] {dag.py:2379} INFO - Sync 1 DAGs
[2024-10-08 13:30:24,943] {logging_mixin.py:115} INFO - [2024-10-08 13:30:24,943] {dag.py:2927} INFO - Setting next_dagrun for example_trigger_controller_dag to 2021-01-01T00:00:00+00:00, run_after=2021-01-01T00:00:00+00:00
[2024-10-08 13:30:25,156] {processor.py:161} INFO - Processing /home/kennedy/KR/Programação/00.Estudos/DataEng/Alura/airflow-executores/venv/lib/python3.9/site-packages/airflow/example_dags/example_trigger_controller_dag.py took 0.305 seconds
[2024-10-08 13:31:26,871] {processor.py:153} INFO - Started process (PID=38660) to work on /home/kennedy/KR/Programação/00.Estudos/DataEng/Alura/airflow-executores/venv/lib/python3.9/site-packages/airflow/example_dags/example_trigger_controller_dag.py
[2024-10-08 13:31:26,888] {processor.py:641} INFO - Processing file /home/kennedy/KR/Programação/00.Estudos/DataEng/Alura/airflow-executores/venv/lib/python3.9/site-packages/airflow/example_dags/example_trigger_controller_dag.py for tasks to queue
[2024-10-08 13:31:26,889] {logging_mixin.py:115} INFO - [2024-10-08 13:31:26,889] {dagbag.py:507} INFO - Filling up the DagBag from /home/kennedy/KR/Programação/00.Estudos/DataEng/Alura/airflow-executores/venv/lib/python3.9/site-packages/airflow/example_dags/example_trigger_controller_dag.py
[2024-10-08 13:31:26,896] {processor.py:651} INFO - DAG(s) dict_keys(['example_trigger_controller_dag']) retrieved from /home/kennedy/KR/Programação/00.Estudos/DataEng/Alura/airflow-executores/venv/lib/python3.9/site-packages/airflow/example_dags/example_trigger_controller_dag.py
[2024-10-08 13:31:26,926] {logging_mixin.py:115} INFO - [2024-10-08 13:31:26,926] {dag.py:2379} INFO - Sync 1 DAGs
[2024-10-08 13:31:26,945] {logging_mixin.py:115} INFO - [2024-10-08 13:31:26,945] {dag.py:2927} INFO - Setting next_dagrun for example_trigger_controller_dag to 2021-01-01T00:00:00+00:00, run_after=2021-01-01T00:00:00+00:00
[2024-10-08 13:31:27,297] {processor.py:161} INFO - Processing /home/kennedy/KR/Programação/00.Estudos/DataEng/Alura/airflow-executores/venv/lib/python3.9/site-packages/airflow/example_dags/example_trigger_controller_dag.py took 0.432 seconds
[2024-10-08 13:32:01,783] {processor.py:153} INFO - Started process (PID=38787) to work on /home/kennedy/KR/Programação/00.Estudos/DataEng/Alura/airflow-executores/venv/lib/python3.9/site-packages/airflow/example_dags/example_trigger_controller_dag.py
[2024-10-08 13:32:01,784] {processor.py:641} INFO - Processing file /home/kennedy/KR/Programação/00.Estudos/DataEng/Alura/airflow-executores/venv/lib/python3.9/site-packages/airflow/example_dags/example_trigger_controller_dag.py for tasks to queue
[2024-10-08 13:32:01,785] {logging_mixin.py:115} INFO - [2024-10-08 13:32:01,785] {dagbag.py:507} INFO - Filling up the DagBag from /home/kennedy/KR/Programação/00.Estudos/DataEng/Alura/airflow-executores/venv/lib/python3.9/site-packages/airflow/example_dags/example_trigger_controller_dag.py
[2024-10-08 13:32:01,787] {processor.py:651} INFO - DAG(s) dict_keys(['example_trigger_controller_dag']) retrieved from /home/kennedy/KR/Programação/00.Estudos/DataEng/Alura/airflow-executores/venv/lib/python3.9/site-packages/airflow/example_dags/example_trigger_controller_dag.py
[2024-10-08 13:32:01,800] {logging_mixin.py:115} INFO - [2024-10-08 13:32:01,800] {dag.py:2379} INFO - Sync 1 DAGs
[2024-10-08 13:32:01,814] {logging_mixin.py:115} INFO - [2024-10-08 13:32:01,814] {dag.py:2927} INFO - Setting next_dagrun for example_trigger_controller_dag to 2021-01-01T00:00:00+00:00, run_after=2021-01-01T00:00:00+00:00
[2024-10-08 13:32:02,706] {processor.py:161} INFO - Processing /home/kennedy/KR/Programação/00.Estudos/DataEng/Alura/airflow-executores/venv/lib/python3.9/site-packages/airflow/example_dags/example_trigger_controller_dag.py took 0.925 seconds
[2024-10-08 13:32:38,312] {processor.py:153} INFO - Started process (PID=38827) to work on /home/kennedy/KR/Programação/00.Estudos/DataEng/Alura/airflow-executores/venv/lib/python3.9/site-packages/airflow/example_dags/example_trigger_controller_dag.py
[2024-10-08 13:32:38,314] {processor.py:641} INFO - Processing file /home/kennedy/KR/Programação/00.Estudos/DataEng/Alura/airflow-executores/venv/lib/python3.9/site-packages/airflow/example_dags/example_trigger_controller_dag.py for tasks to queue
[2024-10-08 13:32:38,316] {logging_mixin.py:115} INFO - [2024-10-08 13:32:38,316] {dagbag.py:507} INFO - Filling up the DagBag from /home/kennedy/KR/Programação/00.Estudos/DataEng/Alura/airflow-executores/venv/lib/python3.9/site-packages/airflow/example_dags/example_trigger_controller_dag.py
[2024-10-08 13:32:38,324] {processor.py:651} INFO - DAG(s) dict_keys(['example_trigger_controller_dag']) retrieved from /home/kennedy/KR/Programação/00.Estudos/DataEng/Alura/airflow-executores/venv/lib/python3.9/site-packages/airflow/example_dags/example_trigger_controller_dag.py
[2024-10-08 13:32:38,366] {logging_mixin.py:115} INFO - [2024-10-08 13:32:38,365] {dag.py:2379} INFO - Sync 1 DAGs
[2024-10-08 13:32:38,391] {logging_mixin.py:115} INFO - [2024-10-08 13:32:38,391] {dag.py:2927} INFO - Setting next_dagrun for example_trigger_controller_dag to 2021-01-01T00:00:00+00:00, run_after=2021-01-01T00:00:00+00:00
[2024-10-08 13:32:38,577] {processor.py:161} INFO - Processing /home/kennedy/KR/Programação/00.Estudos/DataEng/Alura/airflow-executores/venv/lib/python3.9/site-packages/airflow/example_dags/example_trigger_controller_dag.py took 0.271 seconds
[2024-10-08 13:33:20,893] {processor.py:153} INFO - Started process (PID=38901) to work on /home/kennedy/KR/Programação/00.Estudos/DataEng/Alura/airflow-executores/venv/lib/python3.9/site-packages/airflow/example_dags/example_trigger_controller_dag.py
[2024-10-08 13:33:20,894] {processor.py:641} INFO - Processing file /home/kennedy/KR/Programação/00.Estudos/DataEng/Alura/airflow-executores/venv/lib/python3.9/site-packages/airflow/example_dags/example_trigger_controller_dag.py for tasks to queue
[2024-10-08 13:33:20,895] {logging_mixin.py:115} INFO - [2024-10-08 13:33:20,895] {dagbag.py:507} INFO - Filling up the DagBag from /home/kennedy/KR/Programação/00.Estudos/DataEng/Alura/airflow-executores/venv/lib/python3.9/site-packages/airflow/example_dags/example_trigger_controller_dag.py
[2024-10-08 13:33:20,899] {processor.py:651} INFO - DAG(s) dict_keys(['example_trigger_controller_dag']) retrieved from /home/kennedy/KR/Programação/00.Estudos/DataEng/Alura/airflow-executores/venv/lib/python3.9/site-packages/airflow/example_dags/example_trigger_controller_dag.py
[2024-10-08 13:33:20,914] {logging_mixin.py:115} INFO - [2024-10-08 13:33:20,914] {dag.py:2379} INFO - Sync 1 DAGs
[2024-10-08 13:33:20,930] {logging_mixin.py:115} INFO - [2024-10-08 13:33:20,930] {dag.py:2927} INFO - Setting next_dagrun for example_trigger_controller_dag to 2021-01-01T00:00:00+00:00, run_after=2021-01-01T00:00:00+00:00
[2024-10-08 13:33:22,165] {processor.py:161} INFO - Processing /home/kennedy/KR/Programação/00.Estudos/DataEng/Alura/airflow-executores/venv/lib/python3.9/site-packages/airflow/example_dags/example_trigger_controller_dag.py took 1.275 seconds
[2024-10-08 13:33:56,745] {processor.py:153} INFO - Started process (PID=38939) to work on /home/kennedy/KR/Programação/00.Estudos/DataEng/Alura/airflow-executores/venv/lib/python3.9/site-packages/airflow/example_dags/example_trigger_controller_dag.py
[2024-10-08 13:33:57,358] {processor.py:641} INFO - Processing file /home/kennedy/KR/Programação/00.Estudos/DataEng/Alura/airflow-executores/venv/lib/python3.9/site-packages/airflow/example_dags/example_trigger_controller_dag.py for tasks to queue
[2024-10-08 13:33:57,359] {logging_mixin.py:115} INFO - [2024-10-08 13:33:57,359] {dagbag.py:507} INFO - Filling up the DagBag from /home/kennedy/KR/Programação/00.Estudos/DataEng/Alura/airflow-executores/venv/lib/python3.9/site-packages/airflow/example_dags/example_trigger_controller_dag.py
[2024-10-08 13:33:57,368] {processor.py:651} INFO - DAG(s) dict_keys(['example_trigger_controller_dag']) retrieved from /home/kennedy/KR/Programação/00.Estudos/DataEng/Alura/airflow-executores/venv/lib/python3.9/site-packages/airflow/example_dags/example_trigger_controller_dag.py
[2024-10-08 13:33:57,417] {logging_mixin.py:115} INFO - [2024-10-08 13:33:57,417] {dag.py:2379} INFO - Sync 1 DAGs
[2024-10-08 13:33:57,454] {logging_mixin.py:115} INFO - [2024-10-08 13:33:57,454] {dag.py:2927} INFO - Setting next_dagrun for example_trigger_controller_dag to 2021-01-01T00:00:00+00:00, run_after=2021-01-01T00:00:00+00:00
[2024-10-08 13:33:57,576] {processor.py:161} INFO - Processing /home/kennedy/KR/Programação/00.Estudos/DataEng/Alura/airflow-executores/venv/lib/python3.9/site-packages/airflow/example_dags/example_trigger_controller_dag.py took 0.838 seconds
[2024-10-08 15:46:44,749] {processor.py:153} INFO - Started process (PID=11174) to work on /home/kennedy/.local/lib/python3.10/site-packages/airflow/example_dags/example_trigger_controller_dag.py
[2024-10-08 15:46:45,054] {processor.py:641} INFO - Processing file /home/kennedy/.local/lib/python3.10/site-packages/airflow/example_dags/example_trigger_controller_dag.py for tasks to queue
[2024-10-08 15:46:45,055] {logging_mixin.py:115} INFO - [2024-10-08 15:46:45,055] {dagbag.py:507} INFO - Filling up the DagBag from /home/kennedy/.local/lib/python3.10/site-packages/airflow/example_dags/example_trigger_controller_dag.py
[2024-10-08 15:46:45,065] {processor.py:651} INFO - DAG(s) dict_keys(['example_trigger_controller_dag']) retrieved from /home/kennedy/.local/lib/python3.10/site-packages/airflow/example_dags/example_trigger_controller_dag.py
[2024-10-08 15:46:45,116] {logging_mixin.py:115} INFO - [2024-10-08 15:46:45,116] {dag.py:2379} INFO - Sync 1 DAGs
[2024-10-08 15:46:45,133] {logging_mixin.py:115} INFO - [2024-10-08 15:46:45,133] {dag.py:2927} INFO - Setting next_dagrun for example_trigger_controller_dag to 2021-01-01T00:00:00+00:00, run_after=2021-01-01T00:00:00+00:00
[2024-10-08 15:46:45,511] {processor.py:161} INFO - Processing /home/kennedy/.local/lib/python3.10/site-packages/airflow/example_dags/example_trigger_controller_dag.py took 0.771 seconds
[2024-10-08 16:36:17,789] {processor.py:153} INFO - Started process (PID=16362) to work on /home/kennedy/KR/Programação/00.Estudos/DataEng/Alura/airflow-executores/venv/lib/python3.9/site-packages/airflow/example_dags/example_trigger_controller_dag.py
[2024-10-08 16:36:17,839] {processor.py:641} INFO - Processing file /home/kennedy/KR/Programação/00.Estudos/DataEng/Alura/airflow-executores/venv/lib/python3.9/site-packages/airflow/example_dags/example_trigger_controller_dag.py for tasks to queue
[2024-10-08 16:36:17,840] {logging_mixin.py:115} INFO - [2024-10-08 16:36:17,840] {dagbag.py:507} INFO - Filling up the DagBag from /home/kennedy/KR/Programação/00.Estudos/DataEng/Alura/airflow-executores/venv/lib/python3.9/site-packages/airflow/example_dags/example_trigger_controller_dag.py
[2024-10-08 16:36:17,849] {processor.py:651} INFO - DAG(s) dict_keys(['example_trigger_controller_dag']) retrieved from /home/kennedy/KR/Programação/00.Estudos/DataEng/Alura/airflow-executores/venv/lib/python3.9/site-packages/airflow/example_dags/example_trigger_controller_dag.py
[2024-10-08 16:36:18,109] {logging_mixin.py:115} INFO - [2024-10-08 16:36:18,109] {dag.py:2379} INFO - Sync 1 DAGs
[2024-10-08 16:36:18,137] {logging_mixin.py:115} INFO - [2024-10-08 16:36:18,137] {dag.py:2927} INFO - Setting next_dagrun for example_trigger_controller_dag to 2021-01-01T00:00:00+00:00, run_after=2021-01-01T00:00:00+00:00
[2024-10-08 16:36:18,293] {processor.py:161} INFO - Processing /home/kennedy/KR/Programação/00.Estudos/DataEng/Alura/airflow-executores/venv/lib/python3.9/site-packages/airflow/example_dags/example_trigger_controller_dag.py took 0.511 seconds
[2024-10-08 16:37:20,431] {processor.py:153} INFO - Started process (PID=16761) to work on /home/kennedy/KR/Programação/00.Estudos/DataEng/Alura/airflow-executores/venv/lib/python3.9/site-packages/airflow/example_dags/example_trigger_controller_dag.py
[2024-10-08 16:37:20,656] {processor.py:641} INFO - Processing file /home/kennedy/KR/Programação/00.Estudos/DataEng/Alura/airflow-executores/venv/lib/python3.9/site-packages/airflow/example_dags/example_trigger_controller_dag.py for tasks to queue
[2024-10-08 16:37:20,658] {logging_mixin.py:115} INFO - [2024-10-08 16:37:20,657] {dagbag.py:507} INFO - Filling up the DagBag from /home/kennedy/KR/Programação/00.Estudos/DataEng/Alura/airflow-executores/venv/lib/python3.9/site-packages/airflow/example_dags/example_trigger_controller_dag.py
[2024-10-08 16:37:20,663] {processor.py:651} INFO - DAG(s) dict_keys(['example_trigger_controller_dag']) retrieved from /home/kennedy/KR/Programação/00.Estudos/DataEng/Alura/airflow-executores/venv/lib/python3.9/site-packages/airflow/example_dags/example_trigger_controller_dag.py
[2024-10-08 16:37:20,682] {logging_mixin.py:115} INFO - [2024-10-08 16:37:20,682] {dag.py:2379} INFO - Sync 1 DAGs
[2024-10-08 16:37:20,696] {logging_mixin.py:115} INFO - [2024-10-08 16:37:20,696] {dag.py:2927} INFO - Setting next_dagrun for example_trigger_controller_dag to 2021-01-01T00:00:00+00:00, run_after=2021-01-01T00:00:00+00:00
[2024-10-08 16:37:21,044] {processor.py:161} INFO - Processing /home/kennedy/KR/Programação/00.Estudos/DataEng/Alura/airflow-executores/venv/lib/python3.9/site-packages/airflow/example_dags/example_trigger_controller_dag.py took 0.620 seconds
[2024-10-08 16:38:06,534] {processor.py:153} INFO - Started process (PID=16830) to work on /home/kennedy/KR/Programação/00.Estudos/DataEng/Alura/airflow-executores/venv/lib/python3.9/site-packages/airflow/example_dags/example_trigger_controller_dag.py
[2024-10-08 16:38:06,543] {processor.py:641} INFO - Processing file /home/kennedy/KR/Programação/00.Estudos/DataEng/Alura/airflow-executores/venv/lib/python3.9/site-packages/airflow/example_dags/example_trigger_controller_dag.py for tasks to queue
[2024-10-08 16:38:06,544] {logging_mixin.py:115} INFO - [2024-10-08 16:38:06,544] {dagbag.py:507} INFO - Filling up the DagBag from /home/kennedy/KR/Programação/00.Estudos/DataEng/Alura/airflow-executores/venv/lib/python3.9/site-packages/airflow/example_dags/example_trigger_controller_dag.py
[2024-10-08 16:38:06,552] {processor.py:651} INFO - DAG(s) dict_keys(['example_trigger_controller_dag']) retrieved from /home/kennedy/KR/Programação/00.Estudos/DataEng/Alura/airflow-executores/venv/lib/python3.9/site-packages/airflow/example_dags/example_trigger_controller_dag.py
[2024-10-08 16:38:06,577] {logging_mixin.py:115} INFO - [2024-10-08 16:38:06,577] {dag.py:2379} INFO - Sync 1 DAGs
[2024-10-08 16:38:06,591] {logging_mixin.py:115} INFO - [2024-10-08 16:38:06,591] {dag.py:2927} INFO - Setting next_dagrun for example_trigger_controller_dag to 2021-01-01T00:00:00+00:00, run_after=2021-01-01T00:00:00+00:00
[2024-10-08 16:38:06,669] {processor.py:161} INFO - Processing /home/kennedy/KR/Programação/00.Estudos/DataEng/Alura/airflow-executores/venv/lib/python3.9/site-packages/airflow/example_dags/example_trigger_controller_dag.py took 0.141 seconds
[2024-10-08 16:38:30,451] {processor.py:153} INFO - Started process (PID=17115) to work on /home/kennedy/KR/Programação/00.Estudos/DataEng/Alura/airflow-executores/venv/lib/python3.9/site-packages/airflow/example_dags/example_trigger_controller_dag.py
[2024-10-08 16:38:30,453] {processor.py:641} INFO - Processing file /home/kennedy/KR/Programação/00.Estudos/DataEng/Alura/airflow-executores/venv/lib/python3.9/site-packages/airflow/example_dags/example_trigger_controller_dag.py for tasks to queue
[2024-10-08 16:38:30,454] {logging_mixin.py:115} INFO - [2024-10-08 16:38:30,454] {dagbag.py:507} INFO - Filling up the DagBag from /home/kennedy/KR/Programação/00.Estudos/DataEng/Alura/airflow-executores/venv/lib/python3.9/site-packages/airflow/example_dags/example_trigger_controller_dag.py
[2024-10-08 16:38:30,458] {processor.py:651} INFO - DAG(s) dict_keys(['example_trigger_controller_dag']) retrieved from /home/kennedy/KR/Programação/00.Estudos/DataEng/Alura/airflow-executores/venv/lib/python3.9/site-packages/airflow/example_dags/example_trigger_controller_dag.py
[2024-10-08 16:38:30,485] {logging_mixin.py:115} INFO - [2024-10-08 16:38:30,485] {dag.py:2379} INFO - Sync 1 DAGs
[2024-10-08 16:38:30,515] {logging_mixin.py:115} INFO - [2024-10-08 16:38:30,515] {dag.py:2927} INFO - Setting next_dagrun for example_trigger_controller_dag to 2021-01-01T00:00:00+00:00, run_after=2021-01-01T00:00:00+00:00
[2024-10-08 16:38:30,596] {processor.py:161} INFO - Processing /home/kennedy/KR/Programação/00.Estudos/DataEng/Alura/airflow-executores/venv/lib/python3.9/site-packages/airflow/example_dags/example_trigger_controller_dag.py took 0.149 seconds
[2024-10-08 16:39:56,042] {processor.py:153} INFO - Started process (PID=17529) to work on /home/kennedy/KR/Programação/00.Estudos/DataEng/Alura/airflow-executores/venv/lib/python3.9/site-packages/airflow/example_dags/example_trigger_controller_dag.py
[2024-10-08 16:39:56,100] {processor.py:641} INFO - Processing file /home/kennedy/KR/Programação/00.Estudos/DataEng/Alura/airflow-executores/venv/lib/python3.9/site-packages/airflow/example_dags/example_trigger_controller_dag.py for tasks to queue
[2024-10-08 16:39:56,101] {logging_mixin.py:115} INFO - [2024-10-08 16:39:56,101] {dagbag.py:507} INFO - Filling up the DagBag from /home/kennedy/KR/Programação/00.Estudos/DataEng/Alura/airflow-executores/venv/lib/python3.9/site-packages/airflow/example_dags/example_trigger_controller_dag.py
[2024-10-08 16:39:56,107] {processor.py:651} INFO - DAG(s) dict_keys(['example_trigger_controller_dag']) retrieved from /home/kennedy/KR/Programação/00.Estudos/DataEng/Alura/airflow-executores/venv/lib/python3.9/site-packages/airflow/example_dags/example_trigger_controller_dag.py
[2024-10-08 16:39:56,126] {logging_mixin.py:115} INFO - [2024-10-08 16:39:56,126] {dag.py:2379} INFO - Sync 1 DAGs
[2024-10-08 16:39:56,139] {logging_mixin.py:115} INFO - [2024-10-08 16:39:56,139] {dag.py:2927} INFO - Setting next_dagrun for example_trigger_controller_dag to 2021-01-01T00:00:00+00:00, run_after=2021-01-01T00:00:00+00:00
[2024-10-08 16:39:56,637] {processor.py:161} INFO - Processing /home/kennedy/KR/Programação/00.Estudos/DataEng/Alura/airflow-executores/venv/lib/python3.9/site-packages/airflow/example_dags/example_trigger_controller_dag.py took 0.597 seconds
[2024-10-08 16:40:56,627] {processor.py:153} INFO - Started process (PID=17785) to work on /home/kennedy/KR/Programação/00.Estudos/DataEng/Alura/airflow-executores/venv/lib/python3.9/site-packages/airflow/example_dags/example_trigger_controller_dag.py
[2024-10-08 16:40:56,628] {processor.py:641} INFO - Processing file /home/kennedy/KR/Programação/00.Estudos/DataEng/Alura/airflow-executores/venv/lib/python3.9/site-packages/airflow/example_dags/example_trigger_controller_dag.py for tasks to queue
[2024-10-08 16:40:56,629] {logging_mixin.py:115} INFO - [2024-10-08 16:40:56,628] {dagbag.py:507} INFO - Filling up the DagBag from /home/kennedy/KR/Programação/00.Estudos/DataEng/Alura/airflow-executores/venv/lib/python3.9/site-packages/airflow/example_dags/example_trigger_controller_dag.py
[2024-10-08 16:40:56,631] {processor.py:651} INFO - DAG(s) dict_keys(['example_trigger_controller_dag']) retrieved from /home/kennedy/KR/Programação/00.Estudos/DataEng/Alura/airflow-executores/venv/lib/python3.9/site-packages/airflow/example_dags/example_trigger_controller_dag.py
[2024-10-08 16:40:56,645] {logging_mixin.py:115} INFO - [2024-10-08 16:40:56,645] {dag.py:2379} INFO - Sync 1 DAGs
[2024-10-08 16:40:56,660] {logging_mixin.py:115} INFO - [2024-10-08 16:40:56,660] {dag.py:2927} INFO - Setting next_dagrun for example_trigger_controller_dag to 2021-01-01T00:00:00+00:00, run_after=2021-01-01T00:00:00+00:00
[2024-10-08 16:40:57,965] {processor.py:161} INFO - Processing /home/kennedy/KR/Programação/00.Estudos/DataEng/Alura/airflow-executores/venv/lib/python3.9/site-packages/airflow/example_dags/example_trigger_controller_dag.py took 1.340 seconds
[2024-10-08 16:42:12,925] {processor.py:153} INFO - Started process (PID=18157) to work on /home/kennedy/KR/Programação/00.Estudos/DataEng/Alura/airflow-executores/venv/lib/python3.9/site-packages/airflow/example_dags/example_trigger_controller_dag.py
[2024-10-08 16:42:12,973] {processor.py:641} INFO - Processing file /home/kennedy/KR/Programação/00.Estudos/DataEng/Alura/airflow-executores/venv/lib/python3.9/site-packages/airflow/example_dags/example_trigger_controller_dag.py for tasks to queue
[2024-10-08 16:42:12,975] {logging_mixin.py:115} INFO - [2024-10-08 16:42:12,974] {dagbag.py:507} INFO - Filling up the DagBag from /home/kennedy/KR/Programação/00.Estudos/DataEng/Alura/airflow-executores/venv/lib/python3.9/site-packages/airflow/example_dags/example_trigger_controller_dag.py
[2024-10-08 16:42:12,982] {processor.py:651} INFO - DAG(s) dict_keys(['example_trigger_controller_dag']) retrieved from /home/kennedy/KR/Programação/00.Estudos/DataEng/Alura/airflow-executores/venv/lib/python3.9/site-packages/airflow/example_dags/example_trigger_controller_dag.py
[2024-10-08 16:42:13,009] {logging_mixin.py:115} INFO - [2024-10-08 16:42:13,009] {dag.py:2379} INFO - Sync 1 DAGs
[2024-10-08 16:42:13,023] {logging_mixin.py:115} INFO - [2024-10-08 16:42:13,023] {dag.py:2927} INFO - Setting next_dagrun for example_trigger_controller_dag to 2021-01-01T00:00:00+00:00, run_after=2021-01-01T00:00:00+00:00
[2024-10-08 16:42:13,389] {processor.py:161} INFO - Processing /home/kennedy/KR/Programação/00.Estudos/DataEng/Alura/airflow-executores/venv/lib/python3.9/site-packages/airflow/example_dags/example_trigger_controller_dag.py took 0.471 seconds
[2024-10-08 16:42:52,576] {processor.py:153} INFO - Started process (PID=18206) to work on /home/kennedy/KR/Programação/00.Estudos/DataEng/Alura/airflow-executores/venv/lib/python3.9/site-packages/airflow/example_dags/example_trigger_controller_dag.py
[2024-10-08 16:42:52,748] {processor.py:641} INFO - Processing file /home/kennedy/KR/Programação/00.Estudos/DataEng/Alura/airflow-executores/venv/lib/python3.9/site-packages/airflow/example_dags/example_trigger_controller_dag.py for tasks to queue
[2024-10-08 16:42:52,749] {logging_mixin.py:115} INFO - [2024-10-08 16:42:52,749] {dagbag.py:507} INFO - Filling up the DagBag from /home/kennedy/KR/Programação/00.Estudos/DataEng/Alura/airflow-executores/venv/lib/python3.9/site-packages/airflow/example_dags/example_trigger_controller_dag.py
[2024-10-08 16:42:52,754] {processor.py:651} INFO - DAG(s) dict_keys(['example_trigger_controller_dag']) retrieved from /home/kennedy/KR/Programação/00.Estudos/DataEng/Alura/airflow-executores/venv/lib/python3.9/site-packages/airflow/example_dags/example_trigger_controller_dag.py
[2024-10-08 16:42:52,770] {logging_mixin.py:115} INFO - [2024-10-08 16:42:52,770] {dag.py:2379} INFO - Sync 1 DAGs
[2024-10-08 16:42:52,783] {logging_mixin.py:115} INFO - [2024-10-08 16:42:52,783] {dag.py:2927} INFO - Setting next_dagrun for example_trigger_controller_dag to 2021-01-01T00:00:00+00:00, run_after=2021-01-01T00:00:00+00:00
[2024-10-08 16:42:53,477] {processor.py:161} INFO - Processing /home/kennedy/KR/Programação/00.Estudos/DataEng/Alura/airflow-executores/venv/lib/python3.9/site-packages/airflow/example_dags/example_trigger_controller_dag.py took 0.906 seconds
[2024-10-08 16:43:41,182] {processor.py:153} INFO - Started process (PID=18244) to work on /home/kennedy/KR/Programação/00.Estudos/DataEng/Alura/airflow-executores/venv/lib/python3.9/site-packages/airflow/example_dags/example_trigger_controller_dag.py
[2024-10-08 16:43:41,311] {processor.py:641} INFO - Processing file /home/kennedy/KR/Programação/00.Estudos/DataEng/Alura/airflow-executores/venv/lib/python3.9/site-packages/airflow/example_dags/example_trigger_controller_dag.py for tasks to queue
[2024-10-08 16:43:41,312] {logging_mixin.py:115} INFO - [2024-10-08 16:43:41,312] {dagbag.py:507} INFO - Filling up the DagBag from /home/kennedy/KR/Programação/00.Estudos/DataEng/Alura/airflow-executores/venv/lib/python3.9/site-packages/airflow/example_dags/example_trigger_controller_dag.py
[2024-10-08 16:43:41,319] {processor.py:651} INFO - DAG(s) dict_keys(['example_trigger_controller_dag']) retrieved from /home/kennedy/KR/Programação/00.Estudos/DataEng/Alura/airflow-executores/venv/lib/python3.9/site-packages/airflow/example_dags/example_trigger_controller_dag.py
[2024-10-08 16:43:41,348] {logging_mixin.py:115} INFO - [2024-10-08 16:43:41,348] {dag.py:2379} INFO - Sync 1 DAGs
[2024-10-08 16:43:41,363] {logging_mixin.py:115} INFO - [2024-10-08 16:43:41,363] {dag.py:2927} INFO - Setting next_dagrun for example_trigger_controller_dag to 2021-01-01T00:00:00+00:00, run_after=2021-01-01T00:00:00+00:00
[2024-10-08 16:43:41,607] {processor.py:161} INFO - Processing /home/kennedy/KR/Programação/00.Estudos/DataEng/Alura/airflow-executores/venv/lib/python3.9/site-packages/airflow/example_dags/example_trigger_controller_dag.py took 0.428 seconds
[2024-10-08 16:44:27,327] {processor.py:153} INFO - Started process (PID=18279) to work on /home/kennedy/KR/Programação/00.Estudos/DataEng/Alura/airflow-executores/venv/lib/python3.9/site-packages/airflow/example_dags/example_trigger_controller_dag.py
[2024-10-08 16:44:27,333] {processor.py:641} INFO - Processing file /home/kennedy/KR/Programação/00.Estudos/DataEng/Alura/airflow-executores/venv/lib/python3.9/site-packages/airflow/example_dags/example_trigger_controller_dag.py for tasks to queue
[2024-10-08 16:44:27,335] {logging_mixin.py:115} INFO - [2024-10-08 16:44:27,334] {dagbag.py:507} INFO - Filling up the DagBag from /home/kennedy/KR/Programação/00.Estudos/DataEng/Alura/airflow-executores/venv/lib/python3.9/site-packages/airflow/example_dags/example_trigger_controller_dag.py
[2024-10-08 16:44:27,342] {processor.py:651} INFO - DAG(s) dict_keys(['example_trigger_controller_dag']) retrieved from /home/kennedy/KR/Programação/00.Estudos/DataEng/Alura/airflow-executores/venv/lib/python3.9/site-packages/airflow/example_dags/example_trigger_controller_dag.py
[2024-10-08 16:44:27,366] {logging_mixin.py:115} INFO - [2024-10-08 16:44:27,366] {dag.py:2379} INFO - Sync 1 DAGs
[2024-10-08 16:44:27,380] {logging_mixin.py:115} INFO - [2024-10-08 16:44:27,380] {dag.py:2927} INFO - Setting next_dagrun for example_trigger_controller_dag to 2021-01-01T00:00:00+00:00, run_after=2021-01-01T00:00:00+00:00
[2024-10-08 16:44:27,648] {processor.py:161} INFO - Processing /home/kennedy/KR/Programação/00.Estudos/DataEng/Alura/airflow-executores/venv/lib/python3.9/site-packages/airflow/example_dags/example_trigger_controller_dag.py took 0.328 seconds
[2024-10-08 16:45:14,432] {processor.py:153} INFO - Started process (PID=18329) to work on /home/kennedy/KR/Programação/00.Estudos/DataEng/Alura/airflow-executores/venv/lib/python3.9/site-packages/airflow/example_dags/example_trigger_controller_dag.py
[2024-10-08 16:45:14,437] {processor.py:641} INFO - Processing file /home/kennedy/KR/Programação/00.Estudos/DataEng/Alura/airflow-executores/venv/lib/python3.9/site-packages/airflow/example_dags/example_trigger_controller_dag.py for tasks to queue
[2024-10-08 16:45:14,438] {logging_mixin.py:115} INFO - [2024-10-08 16:45:14,438] {dagbag.py:507} INFO - Filling up the DagBag from /home/kennedy/KR/Programação/00.Estudos/DataEng/Alura/airflow-executores/venv/lib/python3.9/site-packages/airflow/example_dags/example_trigger_controller_dag.py
[2024-10-08 16:45:14,442] {processor.py:651} INFO - DAG(s) dict_keys(['example_trigger_controller_dag']) retrieved from /home/kennedy/KR/Programação/00.Estudos/DataEng/Alura/airflow-executores/venv/lib/python3.9/site-packages/airflow/example_dags/example_trigger_controller_dag.py
[2024-10-08 16:45:14,457] {logging_mixin.py:115} INFO - [2024-10-08 16:45:14,457] {dag.py:2379} INFO - Sync 1 DAGs
[2024-10-08 16:45:14,471] {logging_mixin.py:115} INFO - [2024-10-08 16:45:14,471] {dag.py:2927} INFO - Setting next_dagrun for example_trigger_controller_dag to 2021-01-01T00:00:00+00:00, run_after=2021-01-01T00:00:00+00:00
[2024-10-08 16:45:15,014] {processor.py:161} INFO - Processing /home/kennedy/KR/Programação/00.Estudos/DataEng/Alura/airflow-executores/venv/lib/python3.9/site-packages/airflow/example_dags/example_trigger_controller_dag.py took 0.587 seconds
[2024-10-08 16:46:05,153] {processor.py:153} INFO - Started process (PID=18689) to work on /home/kennedy/KR/Programação/00.Estudos/DataEng/Alura/airflow-executores/venv/lib/python3.9/site-packages/airflow/example_dags/example_trigger_controller_dag.py
[2024-10-08 16:46:05,170] {processor.py:641} INFO - Processing file /home/kennedy/KR/Programação/00.Estudos/DataEng/Alura/airflow-executores/venv/lib/python3.9/site-packages/airflow/example_dags/example_trigger_controller_dag.py for tasks to queue
[2024-10-08 16:46:05,171] {logging_mixin.py:115} INFO - [2024-10-08 16:46:05,171] {dagbag.py:507} INFO - Filling up the DagBag from /home/kennedy/KR/Programação/00.Estudos/DataEng/Alura/airflow-executores/venv/lib/python3.9/site-packages/airflow/example_dags/example_trigger_controller_dag.py
[2024-10-08 16:46:05,179] {processor.py:651} INFO - DAG(s) dict_keys(['example_trigger_controller_dag']) retrieved from /home/kennedy/KR/Programação/00.Estudos/DataEng/Alura/airflow-executores/venv/lib/python3.9/site-packages/airflow/example_dags/example_trigger_controller_dag.py
[2024-10-08 16:46:05,207] {logging_mixin.py:115} INFO - [2024-10-08 16:46:05,207] {dag.py:2379} INFO - Sync 1 DAGs
[2024-10-08 16:46:05,223] {logging_mixin.py:115} INFO - [2024-10-08 16:46:05,223] {dag.py:2927} INFO - Setting next_dagrun for example_trigger_controller_dag to 2021-01-01T00:00:00+00:00, run_after=2021-01-01T00:00:00+00:00
[2024-10-08 16:46:05,793] {processor.py:161} INFO - Processing /home/kennedy/KR/Programação/00.Estudos/DataEng/Alura/airflow-executores/venv/lib/python3.9/site-packages/airflow/example_dags/example_trigger_controller_dag.py took 0.646 seconds
[2024-10-08 16:47:26,435] {processor.py:153} INFO - Started process (PID=19082) to work on /home/kennedy/KR/Programação/00.Estudos/DataEng/Alura/airflow-executores/venv/lib/python3.9/site-packages/airflow/example_dags/example_trigger_controller_dag.py
[2024-10-08 16:47:26,443] {processor.py:641} INFO - Processing file /home/kennedy/KR/Programação/00.Estudos/DataEng/Alura/airflow-executores/venv/lib/python3.9/site-packages/airflow/example_dags/example_trigger_controller_dag.py for tasks to queue
[2024-10-08 16:47:26,445] {logging_mixin.py:115} INFO - [2024-10-08 16:47:26,444] {dagbag.py:507} INFO - Filling up the DagBag from /home/kennedy/KR/Programação/00.Estudos/DataEng/Alura/airflow-executores/venv/lib/python3.9/site-packages/airflow/example_dags/example_trigger_controller_dag.py
[2024-10-08 16:47:26,452] {processor.py:651} INFO - DAG(s) dict_keys(['example_trigger_controller_dag']) retrieved from /home/kennedy/KR/Programação/00.Estudos/DataEng/Alura/airflow-executores/venv/lib/python3.9/site-packages/airflow/example_dags/example_trigger_controller_dag.py
[2024-10-08 16:47:26,472] {logging_mixin.py:115} INFO - [2024-10-08 16:47:26,472] {dag.py:2379} INFO - Sync 1 DAGs
[2024-10-08 16:47:26,488] {logging_mixin.py:115} INFO - [2024-10-08 16:47:26,488] {dag.py:2927} INFO - Setting next_dagrun for example_trigger_controller_dag to 2021-01-01T00:00:00+00:00, run_after=2021-01-01T00:00:00+00:00
[2024-10-08 16:47:27,591] {processor.py:161} INFO - Processing /home/kennedy/KR/Programação/00.Estudos/DataEng/Alura/airflow-executores/venv/lib/python3.9/site-packages/airflow/example_dags/example_trigger_controller_dag.py took 1.164 seconds
[2024-10-08 16:48:10,183] {processor.py:153} INFO - Started process (PID=19230) to work on /home/kennedy/KR/Programação/00.Estudos/DataEng/Alura/airflow-executores/venv/lib/python3.9/site-packages/airflow/example_dags/example_trigger_controller_dag.py
[2024-10-08 16:48:10,338] {processor.py:641} INFO - Processing file /home/kennedy/KR/Programação/00.Estudos/DataEng/Alura/airflow-executores/venv/lib/python3.9/site-packages/airflow/example_dags/example_trigger_controller_dag.py for tasks to queue
[2024-10-08 16:48:10,339] {logging_mixin.py:115} INFO - [2024-10-08 16:48:10,339] {dagbag.py:507} INFO - Filling up the DagBag from /home/kennedy/KR/Programação/00.Estudos/DataEng/Alura/airflow-executores/venv/lib/python3.9/site-packages/airflow/example_dags/example_trigger_controller_dag.py
[2024-10-08 16:48:10,346] {processor.py:651} INFO - DAG(s) dict_keys(['example_trigger_controller_dag']) retrieved from /home/kennedy/KR/Programação/00.Estudos/DataEng/Alura/airflow-executores/venv/lib/python3.9/site-packages/airflow/example_dags/example_trigger_controller_dag.py
[2024-10-08 16:48:10,712] {logging_mixin.py:115} INFO - [2024-10-08 16:48:10,712] {dag.py:2379} INFO - Sync 1 DAGs
[2024-10-08 16:48:10,733] {logging_mixin.py:115} INFO - [2024-10-08 16:48:10,733] {dag.py:2927} INFO - Setting next_dagrun for example_trigger_controller_dag to 2021-01-01T00:00:00+00:00, run_after=2021-01-01T00:00:00+00:00
[2024-10-08 16:48:10,807] {processor.py:161} INFO - Processing /home/kennedy/KR/Programação/00.Estudos/DataEng/Alura/airflow-executores/venv/lib/python3.9/site-packages/airflow/example_dags/example_trigger_controller_dag.py took 0.626 seconds
[2024-10-08 16:49:16,291] {processor.py:153} INFO - Started process (PID=19305) to work on /home/kennedy/KR/Programação/00.Estudos/DataEng/Alura/airflow-executores/venv/lib/python3.9/site-packages/airflow/example_dags/example_trigger_controller_dag.py
[2024-10-08 16:49:16,419] {processor.py:641} INFO - Processing file /home/kennedy/KR/Programação/00.Estudos/DataEng/Alura/airflow-executores/venv/lib/python3.9/site-packages/airflow/example_dags/example_trigger_controller_dag.py for tasks to queue
[2024-10-08 16:49:16,420] {logging_mixin.py:115} INFO - [2024-10-08 16:49:16,420] {dagbag.py:507} INFO - Filling up the DagBag from /home/kennedy/KR/Programação/00.Estudos/DataEng/Alura/airflow-executores/venv/lib/python3.9/site-packages/airflow/example_dags/example_trigger_controller_dag.py
[2024-10-08 16:49:16,422] {processor.py:651} INFO - DAG(s) dict_keys(['example_trigger_controller_dag']) retrieved from /home/kennedy/KR/Programação/00.Estudos/DataEng/Alura/airflow-executores/venv/lib/python3.9/site-packages/airflow/example_dags/example_trigger_controller_dag.py
[2024-10-08 16:49:16,435] {logging_mixin.py:115} INFO - [2024-10-08 16:49:16,435] {dag.py:2379} INFO - Sync 1 DAGs
[2024-10-08 16:49:16,449] {logging_mixin.py:115} INFO - [2024-10-08 16:49:16,449] {dag.py:2927} INFO - Setting next_dagrun for example_trigger_controller_dag to 2021-01-01T00:00:00+00:00, run_after=2021-01-01T00:00:00+00:00
[2024-10-08 16:49:17,699] {processor.py:161} INFO - Processing /home/kennedy/KR/Programação/00.Estudos/DataEng/Alura/airflow-executores/venv/lib/python3.9/site-packages/airflow/example_dags/example_trigger_controller_dag.py took 1.414 seconds
[2024-10-08 16:50:28,473] {processor.py:153} INFO - Started process (PID=19724) to work on /home/kennedy/KR/Programação/00.Estudos/DataEng/Alura/airflow-executores/venv/lib/python3.9/site-packages/airflow/example_dags/example_trigger_controller_dag.py
[2024-10-08 16:50:28,525] {processor.py:641} INFO - Processing file /home/kennedy/KR/Programação/00.Estudos/DataEng/Alura/airflow-executores/venv/lib/python3.9/site-packages/airflow/example_dags/example_trigger_controller_dag.py for tasks to queue
[2024-10-08 16:50:28,526] {logging_mixin.py:115} INFO - [2024-10-08 16:50:28,526] {dagbag.py:507} INFO - Filling up the DagBag from /home/kennedy/KR/Programação/00.Estudos/DataEng/Alura/airflow-executores/venv/lib/python3.9/site-packages/airflow/example_dags/example_trigger_controller_dag.py
[2024-10-08 16:50:28,531] {processor.py:651} INFO - DAG(s) dict_keys(['example_trigger_controller_dag']) retrieved from /home/kennedy/KR/Programação/00.Estudos/DataEng/Alura/airflow-executores/venv/lib/python3.9/site-packages/airflow/example_dags/example_trigger_controller_dag.py
[2024-10-08 16:50:28,663] {logging_mixin.py:115} INFO - [2024-10-08 16:50:28,662] {dag.py:2379} INFO - Sync 1 DAGs
[2024-10-08 16:50:28,697] {logging_mixin.py:115} INFO - [2024-10-08 16:50:28,697] {dag.py:2927} INFO - Setting next_dagrun for example_trigger_controller_dag to 2021-01-01T00:00:00+00:00, run_after=2021-01-01T00:00:00+00:00
[2024-10-08 16:50:28,939] {processor.py:161} INFO - Processing /home/kennedy/KR/Programação/00.Estudos/DataEng/Alura/airflow-executores/venv/lib/python3.9/site-packages/airflow/example_dags/example_trigger_controller_dag.py took 0.471 seconds
[2024-10-08 17:01:04,969] {processor.py:153} INFO - Started process (PID=25000) to work on /home/kennedy/KR/Programação/00.Estudos/DataEng/Alura/airflow-executores/venv/lib/python3.9/site-packages/airflow/example_dags/example_trigger_controller_dag.py
[2024-10-08 17:01:04,975] {processor.py:641} INFO - Processing file /home/kennedy/KR/Programação/00.Estudos/DataEng/Alura/airflow-executores/venv/lib/python3.9/site-packages/airflow/example_dags/example_trigger_controller_dag.py for tasks to queue
[2024-10-08 17:01:04,976] {logging_mixin.py:115} INFO - [2024-10-08 17:01:04,975] {dagbag.py:507} INFO - Filling up the DagBag from /home/kennedy/KR/Programação/00.Estudos/DataEng/Alura/airflow-executores/venv/lib/python3.9/site-packages/airflow/example_dags/example_trigger_controller_dag.py
[2024-10-08 17:01:04,978] {processor.py:651} INFO - DAG(s) dict_keys(['example_trigger_controller_dag']) retrieved from /home/kennedy/KR/Programação/00.Estudos/DataEng/Alura/airflow-executores/venv/lib/python3.9/site-packages/airflow/example_dags/example_trigger_controller_dag.py
[2024-10-08 17:01:04,990] {logging_mixin.py:115} INFO - [2024-10-08 17:01:04,990] {dag.py:2379} INFO - Sync 1 DAGs
[2024-10-08 17:01:05,002] {logging_mixin.py:115} INFO - [2024-10-08 17:01:05,002] {dag.py:2927} INFO - Setting next_dagrun for example_trigger_controller_dag to 2021-01-01T00:00:00+00:00, run_after=2021-01-01T00:00:00+00:00
[2024-10-08 17:01:05,091] {processor.py:161} INFO - Processing /home/kennedy/KR/Programação/00.Estudos/DataEng/Alura/airflow-executores/venv/lib/python3.9/site-packages/airflow/example_dags/example_trigger_controller_dag.py took 0.125 seconds
[2024-10-08 17:06:02,972] {processor.py:153} INFO - Started process (PID=28612) to work on /home/kennedy/KR/Programação/00.Estudos/DataEng/Alura/airflow-executores/venv/lib/python3.9/site-packages/airflow/example_dags/example_trigger_controller_dag.py
[2024-10-08 17:06:02,980] {processor.py:641} INFO - Processing file /home/kennedy/KR/Programação/00.Estudos/DataEng/Alura/airflow-executores/venv/lib/python3.9/site-packages/airflow/example_dags/example_trigger_controller_dag.py for tasks to queue
[2024-10-08 17:06:02,981] {logging_mixin.py:115} INFO - [2024-10-08 17:06:02,981] {dagbag.py:507} INFO - Filling up the DagBag from /home/kennedy/KR/Programação/00.Estudos/DataEng/Alura/airflow-executores/venv/lib/python3.9/site-packages/airflow/example_dags/example_trigger_controller_dag.py
[2024-10-08 17:06:02,983] {processor.py:651} INFO - DAG(s) dict_keys(['example_trigger_controller_dag']) retrieved from /home/kennedy/KR/Programação/00.Estudos/DataEng/Alura/airflow-executores/venv/lib/python3.9/site-packages/airflow/example_dags/example_trigger_controller_dag.py
[2024-10-08 17:06:02,995] {logging_mixin.py:115} INFO - [2024-10-08 17:06:02,995] {dag.py:2379} INFO - Sync 1 DAGs
[2024-10-08 17:06:03,005] {logging_mixin.py:115} INFO - [2024-10-08 17:06:03,005] {dag.py:2927} INFO - Setting next_dagrun for example_trigger_controller_dag to 2021-01-01T00:00:00+00:00, run_after=2021-01-01T00:00:00+00:00
[2024-10-08 17:06:03,198] {processor.py:161} INFO - Processing /home/kennedy/KR/Programação/00.Estudos/DataEng/Alura/airflow-executores/venv/lib/python3.9/site-packages/airflow/example_dags/example_trigger_controller_dag.py took 0.227 seconds
[2024-10-08 17:17:16,905] {processor.py:153} INFO - Started process (PID=36088) to work on /home/kennedy/KR/Programação/00.Estudos/DataEng/Alura/airflow-executores/venv/lib/python3.9/site-packages/airflow/example_dags/example_trigger_controller_dag.py
[2024-10-08 17:17:16,909] {processor.py:641} INFO - Processing file /home/kennedy/KR/Programação/00.Estudos/DataEng/Alura/airflow-executores/venv/lib/python3.9/site-packages/airflow/example_dags/example_trigger_controller_dag.py for tasks to queue
[2024-10-08 17:17:16,910] {logging_mixin.py:115} INFO - [2024-10-08 17:17:16,910] {dagbag.py:507} INFO - Filling up the DagBag from /home/kennedy/KR/Programação/00.Estudos/DataEng/Alura/airflow-executores/venv/lib/python3.9/site-packages/airflow/example_dags/example_trigger_controller_dag.py
[2024-10-08 17:17:16,914] {processor.py:651} INFO - DAG(s) dict_keys(['example_trigger_controller_dag']) retrieved from /home/kennedy/KR/Programação/00.Estudos/DataEng/Alura/airflow-executores/venv/lib/python3.9/site-packages/airflow/example_dags/example_trigger_controller_dag.py
[2024-10-08 17:17:16,932] {logging_mixin.py:115} INFO - [2024-10-08 17:17:16,931] {dag.py:2379} INFO - Sync 1 DAGs
[2024-10-08 17:17:16,948] {logging_mixin.py:115} INFO - [2024-10-08 17:17:16,948] {dag.py:2927} INFO - Setting next_dagrun for example_trigger_controller_dag to 2021-01-01T00:00:00+00:00, run_after=2021-01-01T00:00:00+00:00
[2024-10-08 17:17:17,034] {processor.py:161} INFO - Processing /home/kennedy/KR/Programação/00.Estudos/DataEng/Alura/airflow-executores/venv/lib/python3.9/site-packages/airflow/example_dags/example_trigger_controller_dag.py took 0.134 seconds
