[2024-10-08 13:24:13,583] {processor.py:153} INFO - Started process (PID=37573) to work on /home/kennedy/KR/Programação/00.Estudos/DataEng/Alura/airflow-executores/venv/lib/python3.9/site-packages/airflow/example_dags/example_latest_only.py
[2024-10-08 13:24:13,584] {processor.py:641} INFO - Processing file /home/kennedy/KR/Programação/00.Estudos/DataEng/Alura/airflow-executores/venv/lib/python3.9/site-packages/airflow/example_dags/example_latest_only.py for tasks to queue
[2024-10-08 13:24:13,585] {logging_mixin.py:115} INFO - [2024-10-08 13:24:13,585] {dagbag.py:507} INFO - Filling up the DagBag from /home/kennedy/KR/Programação/00.Estudos/DataEng/Alura/airflow-executores/venv/lib/python3.9/site-packages/airflow/example_dags/example_latest_only.py
[2024-10-08 13:24:13,592] {processor.py:651} INFO - DAG(s) dict_keys(['latest_only']) retrieved from /home/kennedy/KR/Programação/00.Estudos/DataEng/Alura/airflow-executores/venv/lib/python3.9/site-packages/airflow/example_dags/example_latest_only.py
[2024-10-08 13:24:15,392] {logging_mixin.py:115} INFO - [2024-10-08 13:24:15,392] {manager.py:508} INFO - Created Permission View: can delete on DAG:latest_only
[2024-10-08 13:24:15,471] {logging_mixin.py:115} INFO - [2024-10-08 13:24:15,470] {manager.py:508} INFO - Created Permission View: can read on DAG:latest_only
[2024-10-08 13:24:15,548] {logging_mixin.py:115} INFO - [2024-10-08 13:24:15,547] {manager.py:508} INFO - Created Permission View: can edit on DAG:latest_only
[2024-10-08 13:24:15,548] {logging_mixin.py:115} INFO - [2024-10-08 13:24:15,548] {dag.py:2379} INFO - Sync 1 DAGs
[2024-10-08 13:24:15,568] {logging_mixin.py:115} INFO - [2024-10-08 13:24:15,567] {dag.py:2398} INFO - Creating ORM DAG for latest_only
[2024-10-08 13:24:15,583] {logging_mixin.py:115} INFO - [2024-10-08 13:24:15,583] {dag.py:2927} INFO - Setting next_dagrun for latest_only to 2024-10-08T12:24:15.582785+00:00, run_after=2024-10-08T16:24:15.582785+00:00
[2024-10-08 13:24:15,691] {processor.py:161} INFO - Processing /home/kennedy/KR/Programação/00.Estudos/DataEng/Alura/airflow-executores/venv/lib/python3.9/site-packages/airflow/example_dags/example_latest_only.py took 2.115 seconds
[2024-10-08 13:26:00,298] {processor.py:153} INFO - Started process (PID=37796) to work on /home/kennedy/KR/Programação/00.Estudos/DataEng/Alura/airflow-executores/venv/lib/python3.9/site-packages/airflow/example_dags/example_latest_only.py
[2024-10-08 13:26:00,422] {processor.py:641} INFO - Processing file /home/kennedy/KR/Programação/00.Estudos/DataEng/Alura/airflow-executores/venv/lib/python3.9/site-packages/airflow/example_dags/example_latest_only.py for tasks to queue
[2024-10-08 13:26:00,423] {logging_mixin.py:115} INFO - [2024-10-08 13:26:00,423] {dagbag.py:507} INFO - Filling up the DagBag from /home/kennedy/KR/Programação/00.Estudos/DataEng/Alura/airflow-executores/venv/lib/python3.9/site-packages/airflow/example_dags/example_latest_only.py
[2024-10-08 13:26:00,440] {processor.py:651} INFO - DAG(s) dict_keys(['latest_only']) retrieved from /home/kennedy/KR/Programação/00.Estudos/DataEng/Alura/airflow-executores/venv/lib/python3.9/site-packages/airflow/example_dags/example_latest_only.py
[2024-10-08 13:26:00,464] {logging_mixin.py:115} INFO - [2024-10-08 13:26:00,464] {dag.py:2379} INFO - Sync 1 DAGs
[2024-10-08 13:26:00,478] {logging_mixin.py:115} INFO - [2024-10-08 13:26:00,478] {dag.py:2927} INFO - Setting next_dagrun for latest_only to 2024-10-08T12:26:00.477955+00:00, run_after=2024-10-08T16:26:00.477955+00:00
[2024-10-08 13:26:01,647] {processor.py:161} INFO - Processing /home/kennedy/KR/Programação/00.Estudos/DataEng/Alura/airflow-executores/venv/lib/python3.9/site-packages/airflow/example_dags/example_latest_only.py took 1.353 seconds
[2024-10-08 13:27:06,240] {processor.py:153} INFO - Started process (PID=37942) to work on /home/kennedy/KR/Programação/00.Estudos/DataEng/Alura/airflow-executores/venv/lib/python3.9/site-packages/airflow/example_dags/example_latest_only.py
[2024-10-08 13:27:06,246] {processor.py:641} INFO - Processing file /home/kennedy/KR/Programação/00.Estudos/DataEng/Alura/airflow-executores/venv/lib/python3.9/site-packages/airflow/example_dags/example_latest_only.py for tasks to queue
[2024-10-08 13:27:06,247] {logging_mixin.py:115} INFO - [2024-10-08 13:27:06,247] {dagbag.py:507} INFO - Filling up the DagBag from /home/kennedy/KR/Programação/00.Estudos/DataEng/Alura/airflow-executores/venv/lib/python3.9/site-packages/airflow/example_dags/example_latest_only.py
[2024-10-08 13:27:06,259] {processor.py:651} INFO - DAG(s) dict_keys(['latest_only']) retrieved from /home/kennedy/KR/Programação/00.Estudos/DataEng/Alura/airflow-executores/venv/lib/python3.9/site-packages/airflow/example_dags/example_latest_only.py
[2024-10-08 13:27:06,279] {logging_mixin.py:115} INFO - [2024-10-08 13:27:06,279] {dag.py:2379} INFO - Sync 1 DAGs
[2024-10-08 13:27:06,293] {logging_mixin.py:115} INFO - [2024-10-08 13:27:06,292] {dag.py:2927} INFO - Setting next_dagrun for latest_only to 2024-10-08T12:27:06.292739+00:00, run_after=2024-10-08T16:27:06.292739+00:00
[2024-10-08 13:27:07,592] {processor.py:161} INFO - Processing /home/kennedy/KR/Programação/00.Estudos/DataEng/Alura/airflow-executores/venv/lib/python3.9/site-packages/airflow/example_dags/example_latest_only.py took 1.359 seconds
[2024-10-08 13:28:30,600] {processor.py:153} INFO - Started process (PID=38081) to work on /home/kennedy/KR/Programação/00.Estudos/DataEng/Alura/airflow-executores/venv/lib/python3.9/site-packages/airflow/example_dags/example_latest_only.py
[2024-10-08 13:28:30,753] {processor.py:641} INFO - Processing file /home/kennedy/KR/Programação/00.Estudos/DataEng/Alura/airflow-executores/venv/lib/python3.9/site-packages/airflow/example_dags/example_latest_only.py for tasks to queue
[2024-10-08 13:28:30,755] {logging_mixin.py:115} INFO - [2024-10-08 13:28:30,754] {dagbag.py:507} INFO - Filling up the DagBag from /home/kennedy/KR/Programação/00.Estudos/DataEng/Alura/airflow-executores/venv/lib/python3.9/site-packages/airflow/example_dags/example_latest_only.py
[2024-10-08 13:28:30,767] {processor.py:651} INFO - DAG(s) dict_keys(['latest_only']) retrieved from /home/kennedy/KR/Programação/00.Estudos/DataEng/Alura/airflow-executores/venv/lib/python3.9/site-packages/airflow/example_dags/example_latest_only.py
[2024-10-08 13:28:30,796] {logging_mixin.py:115} INFO - [2024-10-08 13:28:30,796] {dag.py:2379} INFO - Sync 1 DAGs
[2024-10-08 13:28:30,811] {logging_mixin.py:115} INFO - [2024-10-08 13:28:30,811] {dag.py:2927} INFO - Setting next_dagrun for latest_only to 2024-10-08T12:28:30.811170+00:00, run_after=2024-10-08T16:28:30.811170+00:00
[2024-10-08 13:28:31,978] {processor.py:161} INFO - Processing /home/kennedy/KR/Programação/00.Estudos/DataEng/Alura/airflow-executores/venv/lib/python3.9/site-packages/airflow/example_dags/example_latest_only.py took 1.385 seconds
[2024-10-08 13:29:47,156] {processor.py:153} INFO - Started process (PID=38518) to work on /home/kennedy/KR/Programação/00.Estudos/DataEng/Alura/airflow-executores/venv/lib/python3.9/site-packages/airflow/example_dags/example_latest_only.py
[2024-10-08 13:29:47,320] {processor.py:641} INFO - Processing file /home/kennedy/KR/Programação/00.Estudos/DataEng/Alura/airflow-executores/venv/lib/python3.9/site-packages/airflow/example_dags/example_latest_only.py for tasks to queue
[2024-10-08 13:29:47,320] {logging_mixin.py:115} INFO - [2024-10-08 13:29:47,320] {dagbag.py:507} INFO - Filling up the DagBag from /home/kennedy/KR/Programação/00.Estudos/DataEng/Alura/airflow-executores/venv/lib/python3.9/site-packages/airflow/example_dags/example_latest_only.py
[2024-10-08 13:29:47,325] {processor.py:651} INFO - DAG(s) dict_keys(['latest_only']) retrieved from /home/kennedy/KR/Programação/00.Estudos/DataEng/Alura/airflow-executores/venv/lib/python3.9/site-packages/airflow/example_dags/example_latest_only.py
[2024-10-08 13:29:47,342] {logging_mixin.py:115} INFO - [2024-10-08 13:29:47,342] {dag.py:2379} INFO - Sync 1 DAGs
[2024-10-08 13:29:47,359] {logging_mixin.py:115} INFO - [2024-10-08 13:29:47,359] {dag.py:2927} INFO - Setting next_dagrun for latest_only to 2024-10-08T12:29:47.358824+00:00, run_after=2024-10-08T16:29:47.358824+00:00
[2024-10-08 13:29:47,669] {processor.py:161} INFO - Processing /home/kennedy/KR/Programação/00.Estudos/DataEng/Alura/airflow-executores/venv/lib/python3.9/site-packages/airflow/example_dags/example_latest_only.py took 0.515 seconds
[2024-10-08 13:30:44,522] {processor.py:153} INFO - Started process (PID=38588) to work on /home/kennedy/KR/Programação/00.Estudos/DataEng/Alura/airflow-executores/venv/lib/python3.9/site-packages/airflow/example_dags/example_latest_only.py
[2024-10-08 13:30:45,715] {processor.py:641} INFO - Processing file /home/kennedy/KR/Programação/00.Estudos/DataEng/Alura/airflow-executores/venv/lib/python3.9/site-packages/airflow/example_dags/example_latest_only.py for tasks to queue
[2024-10-08 13:30:45,716] {logging_mixin.py:115} INFO - [2024-10-08 13:30:45,716] {dagbag.py:507} INFO - Filling up the DagBag from /home/kennedy/KR/Programação/00.Estudos/DataEng/Alura/airflow-executores/venv/lib/python3.9/site-packages/airflow/example_dags/example_latest_only.py
[2024-10-08 13:30:45,723] {processor.py:651} INFO - DAG(s) dict_keys(['latest_only']) retrieved from /home/kennedy/KR/Programação/00.Estudos/DataEng/Alura/airflow-executores/venv/lib/python3.9/site-packages/airflow/example_dags/example_latest_only.py
[2024-10-08 13:30:45,742] {logging_mixin.py:115} INFO - [2024-10-08 13:30:45,742] {dag.py:2379} INFO - Sync 1 DAGs
[2024-10-08 13:30:45,768] {logging_mixin.py:115} INFO - [2024-10-08 13:30:45,768] {dag.py:2927} INFO - Setting next_dagrun for latest_only to 2024-10-08T12:30:45.768295+00:00, run_after=2024-10-08T16:30:45.768295+00:00
[2024-10-08 13:30:47,554] {processor.py:161} INFO - Processing /home/kennedy/KR/Programação/00.Estudos/DataEng/Alura/airflow-executores/venv/lib/python3.9/site-packages/airflow/example_dags/example_latest_only.py took 3.034 seconds
[2024-10-08 13:31:51,790] {processor.py:153} INFO - Started process (PID=38704) to work on /home/kennedy/KR/Programação/00.Estudos/DataEng/Alura/airflow-executores/venv/lib/python3.9/site-packages/airflow/example_dags/example_latest_only.py
[2024-10-08 13:31:51,818] {processor.py:641} INFO - Processing file /home/kennedy/KR/Programação/00.Estudos/DataEng/Alura/airflow-executores/venv/lib/python3.9/site-packages/airflow/example_dags/example_latest_only.py for tasks to queue
[2024-10-08 13:31:51,818] {logging_mixin.py:115} INFO - [2024-10-08 13:31:51,818] {dagbag.py:507} INFO - Filling up the DagBag from /home/kennedy/KR/Programação/00.Estudos/DataEng/Alura/airflow-executores/venv/lib/python3.9/site-packages/airflow/example_dags/example_latest_only.py
[2024-10-08 13:31:51,825] {processor.py:651} INFO - DAG(s) dict_keys(['latest_only']) retrieved from /home/kennedy/KR/Programação/00.Estudos/DataEng/Alura/airflow-executores/venv/lib/python3.9/site-packages/airflow/example_dags/example_latest_only.py
[2024-10-08 13:31:51,845] {logging_mixin.py:115} INFO - [2024-10-08 13:31:51,844] {dag.py:2379} INFO - Sync 1 DAGs
[2024-10-08 13:31:51,867] {logging_mixin.py:115} INFO - [2024-10-08 13:31:51,867] {dag.py:2927} INFO - Setting next_dagrun for latest_only to 2024-10-08T12:31:51.866951+00:00, run_after=2024-10-08T16:31:51.866951+00:00
[2024-10-08 13:31:52,165] {processor.py:161} INFO - Processing /home/kennedy/KR/Programação/00.Estudos/DataEng/Alura/airflow-executores/venv/lib/python3.9/site-packages/airflow/example_dags/example_latest_only.py took 0.378 seconds
[2024-10-08 13:33:06,907] {processor.py:153} INFO - Started process (PID=38873) to work on /home/kennedy/KR/Programação/00.Estudos/DataEng/Alura/airflow-executores/venv/lib/python3.9/site-packages/airflow/example_dags/example_latest_only.py
[2024-10-08 13:33:07,364] {processor.py:641} INFO - Processing file /home/kennedy/KR/Programação/00.Estudos/DataEng/Alura/airflow-executores/venv/lib/python3.9/site-packages/airflow/example_dags/example_latest_only.py for tasks to queue
[2024-10-08 13:33:07,365] {logging_mixin.py:115} INFO - [2024-10-08 13:33:07,365] {dagbag.py:507} INFO - Filling up the DagBag from /home/kennedy/KR/Programação/00.Estudos/DataEng/Alura/airflow-executores/venv/lib/python3.9/site-packages/airflow/example_dags/example_latest_only.py
[2024-10-08 13:33:07,380] {processor.py:651} INFO - DAG(s) dict_keys(['latest_only']) retrieved from /home/kennedy/KR/Programação/00.Estudos/DataEng/Alura/airflow-executores/venv/lib/python3.9/site-packages/airflow/example_dags/example_latest_only.py
[2024-10-08 13:33:07,428] {logging_mixin.py:115} INFO - [2024-10-08 13:33:07,428] {dag.py:2379} INFO - Sync 1 DAGs
[2024-10-08 13:33:07,463] {logging_mixin.py:115} INFO - [2024-10-08 13:33:07,463] {dag.py:2927} INFO - Setting next_dagrun for latest_only to 2024-10-08T12:33:07.462620+00:00, run_after=2024-10-08T16:33:07.462620+00:00
[2024-10-08 13:33:07,593] {processor.py:161} INFO - Processing /home/kennedy/KR/Programação/00.Estudos/DataEng/Alura/airflow-executores/venv/lib/python3.9/site-packages/airflow/example_dags/example_latest_only.py took 0.693 seconds
[2024-10-08 13:34:13,682] {processor.py:153} INFO - Started process (PID=38950) to work on /home/kennedy/KR/Programação/00.Estudos/DataEng/Alura/airflow-executores/venv/lib/python3.9/site-packages/airflow/example_dags/example_latest_only.py
[2024-10-08 13:34:13,785] {processor.py:641} INFO - Processing file /home/kennedy/KR/Programação/00.Estudos/DataEng/Alura/airflow-executores/venv/lib/python3.9/site-packages/airflow/example_dags/example_latest_only.py for tasks to queue
[2024-10-08 13:34:13,786] {logging_mixin.py:115} INFO - [2024-10-08 13:34:13,786] {dagbag.py:507} INFO - Filling up the DagBag from /home/kennedy/KR/Programação/00.Estudos/DataEng/Alura/airflow-executores/venv/lib/python3.9/site-packages/airflow/example_dags/example_latest_only.py
[2024-10-08 13:34:13,798] {processor.py:651} INFO - DAG(s) dict_keys(['latest_only']) retrieved from /home/kennedy/KR/Programação/00.Estudos/DataEng/Alura/airflow-executores/venv/lib/python3.9/site-packages/airflow/example_dags/example_latest_only.py
[2024-10-08 13:34:13,826] {logging_mixin.py:115} INFO - [2024-10-08 13:34:13,825] {dag.py:2379} INFO - Sync 1 DAGs
[2024-10-08 13:34:13,841] {logging_mixin.py:115} INFO - [2024-10-08 13:34:13,841] {dag.py:2927} INFO - Setting next_dagrun for latest_only to 2024-10-08T12:34:13.841251+00:00, run_after=2024-10-08T16:34:13.841251+00:00
[2024-10-08 13:34:15,222] {processor.py:161} INFO - Processing /home/kennedy/KR/Programação/00.Estudos/DataEng/Alura/airflow-executores/venv/lib/python3.9/site-packages/airflow/example_dags/example_latest_only.py took 1.546 seconds
[2024-10-08 16:37:07,134] {processor.py:153} INFO - Started process (PID=16747) to work on /home/kennedy/KR/Programação/00.Estudos/DataEng/Alura/airflow-executores/venv/lib/python3.9/site-packages/airflow/example_dags/example_latest_only.py
[2024-10-08 16:37:07,136] {processor.py:641} INFO - Processing file /home/kennedy/KR/Programação/00.Estudos/DataEng/Alura/airflow-executores/venv/lib/python3.9/site-packages/airflow/example_dags/example_latest_only.py for tasks to queue
[2024-10-08 16:37:07,137] {logging_mixin.py:115} INFO - [2024-10-08 16:37:07,137] {dagbag.py:507} INFO - Filling up the DagBag from /home/kennedy/KR/Programação/00.Estudos/DataEng/Alura/airflow-executores/venv/lib/python3.9/site-packages/airflow/example_dags/example_latest_only.py
[2024-10-08 16:37:07,149] {processor.py:651} INFO - DAG(s) dict_keys(['latest_only']) retrieved from /home/kennedy/KR/Programação/00.Estudos/DataEng/Alura/airflow-executores/venv/lib/python3.9/site-packages/airflow/example_dags/example_latest_only.py
[2024-10-08 16:37:07,190] {logging_mixin.py:115} INFO - [2024-10-08 16:37:07,190] {dag.py:2379} INFO - Sync 1 DAGs
[2024-10-08 16:37:07,201] {logging_mixin.py:115} INFO - [2024-10-08 16:37:07,201] {dag.py:2927} INFO - Setting next_dagrun for latest_only to 2024-10-08T15:37:07.201013+00:00, run_after=2024-10-08T19:37:07.201013+00:00
[2024-10-08 16:37:07,300] {processor.py:161} INFO - Processing /home/kennedy/KR/Programação/00.Estudos/DataEng/Alura/airflow-executores/venv/lib/python3.9/site-packages/airflow/example_dags/example_latest_only.py took 0.173 seconds
[2024-10-08 16:37:52,998] {processor.py:153} INFO - Started process (PID=16811) to work on /home/kennedy/KR/Programação/00.Estudos/DataEng/Alura/airflow-executores/venv/lib/python3.9/site-packages/airflow/example_dags/example_latest_only.py
[2024-10-08 16:37:53,010] {processor.py:641} INFO - Processing file /home/kennedy/KR/Programação/00.Estudos/DataEng/Alura/airflow-executores/venv/lib/python3.9/site-packages/airflow/example_dags/example_latest_only.py for tasks to queue
[2024-10-08 16:37:53,011] {logging_mixin.py:115} INFO - [2024-10-08 16:37:53,011] {dagbag.py:507} INFO - Filling up the DagBag from /home/kennedy/KR/Programação/00.Estudos/DataEng/Alura/airflow-executores/venv/lib/python3.9/site-packages/airflow/example_dags/example_latest_only.py
[2024-10-08 16:37:53,019] {processor.py:651} INFO - DAG(s) dict_keys(['latest_only']) retrieved from /home/kennedy/KR/Programação/00.Estudos/DataEng/Alura/airflow-executores/venv/lib/python3.9/site-packages/airflow/example_dags/example_latest_only.py
[2024-10-08 16:37:53,036] {logging_mixin.py:115} INFO - [2024-10-08 16:37:53,036] {dag.py:2379} INFO - Sync 1 DAGs
[2024-10-08 16:37:53,054] {logging_mixin.py:115} INFO - [2024-10-08 16:37:53,054] {dag.py:2927} INFO - Setting next_dagrun for latest_only to 2024-10-08T15:37:53.053828+00:00, run_after=2024-10-08T19:37:53.053828+00:00
[2024-10-08 16:37:53,134] {processor.py:161} INFO - Processing /home/kennedy/KR/Programação/00.Estudos/DataEng/Alura/airflow-executores/venv/lib/python3.9/site-packages/airflow/example_dags/example_latest_only.py took 0.145 seconds
[2024-10-08 16:39:27,437] {processor.py:153} INFO - Started process (PID=17489) to work on /home/kennedy/KR/Programação/00.Estudos/DataEng/Alura/airflow-executores/venv/lib/python3.9/site-packages/airflow/example_dags/example_latest_only.py
[2024-10-08 16:39:27,448] {processor.py:641} INFO - Processing file /home/kennedy/KR/Programação/00.Estudos/DataEng/Alura/airflow-executores/venv/lib/python3.9/site-packages/airflow/example_dags/example_latest_only.py for tasks to queue
[2024-10-08 16:39:27,449] {logging_mixin.py:115} INFO - [2024-10-08 16:39:27,449] {dagbag.py:507} INFO - Filling up the DagBag from /home/kennedy/KR/Programação/00.Estudos/DataEng/Alura/airflow-executores/venv/lib/python3.9/site-packages/airflow/example_dags/example_latest_only.py
[2024-10-08 16:39:27,460] {processor.py:651} INFO - DAG(s) dict_keys(['latest_only']) retrieved from /home/kennedy/KR/Programação/00.Estudos/DataEng/Alura/airflow-executores/venv/lib/python3.9/site-packages/airflow/example_dags/example_latest_only.py
[2024-10-08 16:39:27,478] {logging_mixin.py:115} INFO - [2024-10-08 16:39:27,478] {dag.py:2379} INFO - Sync 1 DAGs
[2024-10-08 16:39:27,494] {logging_mixin.py:115} INFO - [2024-10-08 16:39:27,494] {dag.py:2927} INFO - Setting next_dagrun for latest_only to 2024-10-08T15:39:27.494603+00:00, run_after=2024-10-08T19:39:27.494603+00:00
[2024-10-08 16:39:30,163] {processor.py:161} INFO - Processing /home/kennedy/KR/Programação/00.Estudos/DataEng/Alura/airflow-executores/venv/lib/python3.9/site-packages/airflow/example_dags/example_latest_only.py took 2.734 seconds
[2024-10-08 16:41:55,355] {processor.py:153} INFO - Started process (PID=18083) to work on /home/kennedy/KR/Programação/00.Estudos/DataEng/Alura/airflow-executores/venv/lib/python3.9/site-packages/airflow/example_dags/example_latest_only.py
[2024-10-08 16:41:55,365] {processor.py:641} INFO - Processing file /home/kennedy/KR/Programação/00.Estudos/DataEng/Alura/airflow-executores/venv/lib/python3.9/site-packages/airflow/example_dags/example_latest_only.py for tasks to queue
[2024-10-08 16:41:55,366] {logging_mixin.py:115} INFO - [2024-10-08 16:41:55,366] {dagbag.py:507} INFO - Filling up the DagBag from /home/kennedy/KR/Programação/00.Estudos/DataEng/Alura/airflow-executores/venv/lib/python3.9/site-packages/airflow/example_dags/example_latest_only.py
[2024-10-08 16:41:55,380] {processor.py:651} INFO - DAG(s) dict_keys(['latest_only']) retrieved from /home/kennedy/KR/Programação/00.Estudos/DataEng/Alura/airflow-executores/venv/lib/python3.9/site-packages/airflow/example_dags/example_latest_only.py
[2024-10-08 16:41:55,410] {logging_mixin.py:115} INFO - [2024-10-08 16:41:55,410] {dag.py:2379} INFO - Sync 1 DAGs
[2024-10-08 16:41:55,431] {logging_mixin.py:115} INFO - [2024-10-08 16:41:55,431] {dag.py:2927} INFO - Setting next_dagrun for latest_only to 2024-10-08T15:41:55.430742+00:00, run_after=2024-10-08T19:41:55.430742+00:00
[2024-10-08 16:41:55,837] {processor.py:161} INFO - Processing /home/kennedy/KR/Programação/00.Estudos/DataEng/Alura/airflow-executores/venv/lib/python3.9/site-packages/airflow/example_dags/example_latest_only.py took 0.491 seconds
[2024-10-08 16:43:18,140] {processor.py:153} INFO - Started process (PID=18222) to work on /home/kennedy/KR/Programação/00.Estudos/DataEng/Alura/airflow-executores/venv/lib/python3.9/site-packages/airflow/example_dags/example_latest_only.py
[2024-10-08 16:43:18,152] {processor.py:641} INFO - Processing file /home/kennedy/KR/Programação/00.Estudos/DataEng/Alura/airflow-executores/venv/lib/python3.9/site-packages/airflow/example_dags/example_latest_only.py for tasks to queue
[2024-10-08 16:43:18,153] {logging_mixin.py:115} INFO - [2024-10-08 16:43:18,153] {dagbag.py:507} INFO - Filling up the DagBag from /home/kennedy/KR/Programação/00.Estudos/DataEng/Alura/airflow-executores/venv/lib/python3.9/site-packages/airflow/example_dags/example_latest_only.py
[2024-10-08 16:43:18,158] {processor.py:651} INFO - DAG(s) dict_keys(['latest_only']) retrieved from /home/kennedy/KR/Programação/00.Estudos/DataEng/Alura/airflow-executores/venv/lib/python3.9/site-packages/airflow/example_dags/example_latest_only.py
[2024-10-08 16:43:18,172] {logging_mixin.py:115} INFO - [2024-10-08 16:43:18,172] {dag.py:2379} INFO - Sync 1 DAGs
[2024-10-08 16:43:18,189] {logging_mixin.py:115} INFO - [2024-10-08 16:43:18,189] {dag.py:2927} INFO - Setting next_dagrun for latest_only to 2024-10-08T15:43:18.189280+00:00, run_after=2024-10-08T19:43:18.189280+00:00
[2024-10-08 16:43:19,210] {processor.py:161} INFO - Processing /home/kennedy/KR/Programação/00.Estudos/DataEng/Alura/airflow-executores/venv/lib/python3.9/site-packages/airflow/example_dags/example_latest_only.py took 1.074 seconds
[2024-10-08 16:44:45,706] {processor.py:153} INFO - Started process (PID=18301) to work on /home/kennedy/KR/Programação/00.Estudos/DataEng/Alura/airflow-executores/venv/lib/python3.9/site-packages/airflow/example_dags/example_latest_only.py
[2024-10-08 16:44:45,714] {processor.py:641} INFO - Processing file /home/kennedy/KR/Programação/00.Estudos/DataEng/Alura/airflow-executores/venv/lib/python3.9/site-packages/airflow/example_dags/example_latest_only.py for tasks to queue
[2024-10-08 16:44:45,715] {logging_mixin.py:115} INFO - [2024-10-08 16:44:45,715] {dagbag.py:507} INFO - Filling up the DagBag from /home/kennedy/KR/Programação/00.Estudos/DataEng/Alura/airflow-executores/venv/lib/python3.9/site-packages/airflow/example_dags/example_latest_only.py
[2024-10-08 16:44:45,727] {processor.py:651} INFO - DAG(s) dict_keys(['latest_only']) retrieved from /home/kennedy/KR/Programação/00.Estudos/DataEng/Alura/airflow-executores/venv/lib/python3.9/site-packages/airflow/example_dags/example_latest_only.py
[2024-10-08 16:44:45,745] {logging_mixin.py:115} INFO - [2024-10-08 16:44:45,745] {dag.py:2379} INFO - Sync 1 DAGs
[2024-10-08 16:44:45,758] {logging_mixin.py:115} INFO - [2024-10-08 16:44:45,758] {dag.py:2927} INFO - Setting next_dagrun for latest_only to 2024-10-08T15:44:45.758422+00:00, run_after=2024-10-08T19:44:45.758422+00:00
[2024-10-08 16:44:47,746] {processor.py:161} INFO - Processing /home/kennedy/KR/Programação/00.Estudos/DataEng/Alura/airflow-executores/venv/lib/python3.9/site-packages/airflow/example_dags/example_latest_only.py took 2.047 seconds
[2024-10-08 16:47:05,077] {processor.py:153} INFO - Started process (PID=19048) to work on /home/kennedy/KR/Programação/00.Estudos/DataEng/Alura/airflow-executores/venv/lib/python3.9/site-packages/airflow/example_dags/example_latest_only.py
[2024-10-08 16:47:05,082] {processor.py:641} INFO - Processing file /home/kennedy/KR/Programação/00.Estudos/DataEng/Alura/airflow-executores/venv/lib/python3.9/site-packages/airflow/example_dags/example_latest_only.py for tasks to queue
[2024-10-08 16:47:05,082] {logging_mixin.py:115} INFO - [2024-10-08 16:47:05,082] {dagbag.py:507} INFO - Filling up the DagBag from /home/kennedy/KR/Programação/00.Estudos/DataEng/Alura/airflow-executores/venv/lib/python3.9/site-packages/airflow/example_dags/example_latest_only.py
[2024-10-08 16:47:05,087] {processor.py:651} INFO - DAG(s) dict_keys(['latest_only']) retrieved from /home/kennedy/KR/Programação/00.Estudos/DataEng/Alura/airflow-executores/venv/lib/python3.9/site-packages/airflow/example_dags/example_latest_only.py
[2024-10-08 16:47:05,101] {logging_mixin.py:115} INFO - [2024-10-08 16:47:05,101] {dag.py:2379} INFO - Sync 1 DAGs
[2024-10-08 16:47:05,116] {logging_mixin.py:115} INFO - [2024-10-08 16:47:05,116] {dag.py:2927} INFO - Setting next_dagrun for latest_only to 2024-10-08T15:47:05.115962+00:00, run_after=2024-10-08T19:47:05.115962+00:00
[2024-10-08 16:47:05,741] {processor.py:161} INFO - Processing /home/kennedy/KR/Programação/00.Estudos/DataEng/Alura/airflow-executores/venv/lib/python3.9/site-packages/airflow/example_dags/example_latest_only.py took 0.667 seconds
[2024-10-08 16:48:27,802] {processor.py:153} INFO - Started process (PID=19242) to work on /home/kennedy/KR/Programação/00.Estudos/DataEng/Alura/airflow-executores/venv/lib/python3.9/site-packages/airflow/example_dags/example_latest_only.py
[2024-10-08 16:48:27,811] {processor.py:641} INFO - Processing file /home/kennedy/KR/Programação/00.Estudos/DataEng/Alura/airflow-executores/venv/lib/python3.9/site-packages/airflow/example_dags/example_latest_only.py for tasks to queue
[2024-10-08 16:48:27,812] {logging_mixin.py:115} INFO - [2024-10-08 16:48:27,812] {dagbag.py:507} INFO - Filling up the DagBag from /home/kennedy/KR/Programação/00.Estudos/DataEng/Alura/airflow-executores/venv/lib/python3.9/site-packages/airflow/example_dags/example_latest_only.py
[2024-10-08 16:48:27,824] {processor.py:651} INFO - DAG(s) dict_keys(['latest_only']) retrieved from /home/kennedy/KR/Programação/00.Estudos/DataEng/Alura/airflow-executores/venv/lib/python3.9/site-packages/airflow/example_dags/example_latest_only.py
[2024-10-08 16:48:27,846] {logging_mixin.py:115} INFO - [2024-10-08 16:48:27,846] {dag.py:2379} INFO - Sync 1 DAGs
[2024-10-08 16:48:27,859] {logging_mixin.py:115} INFO - [2024-10-08 16:48:27,859] {dag.py:2927} INFO - Setting next_dagrun for latest_only to 2024-10-08T15:48:27.859596+00:00, run_after=2024-10-08T19:48:27.859596+00:00
[2024-10-08 16:48:27,942] {processor.py:161} INFO - Processing /home/kennedy/KR/Programação/00.Estudos/DataEng/Alura/airflow-executores/venv/lib/python3.9/site-packages/airflow/example_dags/example_latest_only.py took 0.146 seconds
[2024-10-08 16:49:37,862] {processor.py:153} INFO - Started process (PID=19326) to work on /home/kennedy/KR/Programação/00.Estudos/DataEng/Alura/airflow-executores/venv/lib/python3.9/site-packages/airflow/example_dags/example_latest_only.py
[2024-10-08 16:49:37,881] {processor.py:641} INFO - Processing file /home/kennedy/KR/Programação/00.Estudos/DataEng/Alura/airflow-executores/venv/lib/python3.9/site-packages/airflow/example_dags/example_latest_only.py for tasks to queue
[2024-10-08 16:49:37,882] {logging_mixin.py:115} INFO - [2024-10-08 16:49:37,882] {dagbag.py:507} INFO - Filling up the DagBag from /home/kennedy/KR/Programação/00.Estudos/DataEng/Alura/airflow-executores/venv/lib/python3.9/site-packages/airflow/example_dags/example_latest_only.py
[2024-10-08 16:49:37,893] {processor.py:651} INFO - DAG(s) dict_keys(['latest_only']) retrieved from /home/kennedy/KR/Programação/00.Estudos/DataEng/Alura/airflow-executores/venv/lib/python3.9/site-packages/airflow/example_dags/example_latest_only.py
[2024-10-08 16:49:37,909] {logging_mixin.py:115} INFO - [2024-10-08 16:49:37,909] {dag.py:2379} INFO - Sync 1 DAGs
[2024-10-08 16:49:37,921] {logging_mixin.py:115} INFO - [2024-10-08 16:49:37,921] {dag.py:2927} INFO - Setting next_dagrun for latest_only to 2024-10-08T15:49:37.921308+00:00, run_after=2024-10-08T19:49:37.921308+00:00
[2024-10-08 16:49:38,298] {processor.py:161} INFO - Processing /home/kennedy/KR/Programação/00.Estudos/DataEng/Alura/airflow-executores/venv/lib/python3.9/site-packages/airflow/example_dags/example_latest_only.py took 0.443 seconds
[2024-10-08 17:23:01,671] {processor.py:153} INFO - Started process (PID=40154) to work on /home/kennedy/KR/Programação/00.Estudos/DataEng/Alura/airflow-executores/venv/lib/python3.9/site-packages/airflow/example_dags/example_latest_only.py
[2024-10-08 17:23:01,673] {processor.py:641} INFO - Processing file /home/kennedy/KR/Programação/00.Estudos/DataEng/Alura/airflow-executores/venv/lib/python3.9/site-packages/airflow/example_dags/example_latest_only.py for tasks to queue
[2024-10-08 17:23:01,675] {logging_mixin.py:115} INFO - [2024-10-08 17:23:01,674] {dagbag.py:507} INFO - Filling up the DagBag from /home/kennedy/KR/Programação/00.Estudos/DataEng/Alura/airflow-executores/venv/lib/python3.9/site-packages/airflow/example_dags/example_latest_only.py
[2024-10-08 17:23:01,686] {processor.py:651} INFO - DAG(s) dict_keys(['latest_only']) retrieved from /home/kennedy/KR/Programação/00.Estudos/DataEng/Alura/airflow-executores/venv/lib/python3.9/site-packages/airflow/example_dags/example_latest_only.py
[2024-10-08 17:23:01,704] {logging_mixin.py:115} INFO - [2024-10-08 17:23:01,704] {dag.py:2379} INFO - Sync 1 DAGs
[2024-10-08 17:23:01,717] {logging_mixin.py:115} INFO - [2024-10-08 17:23:01,717] {dag.py:2927} INFO - Setting next_dagrun for latest_only to 2024-10-08T16:23:01.717586+00:00, run_after=2024-10-08T20:23:01.717586+00:00
[2024-10-08 17:23:01,963] {processor.py:161} INFO - Processing /home/kennedy/KR/Programação/00.Estudos/DataEng/Alura/airflow-executores/venv/lib/python3.9/site-packages/airflow/example_dags/example_latest_only.py took 0.298 seconds
