[2024-10-08 13:22:48,246] {processor.py:153} INFO - Started process (PID=37423) to work on /home/kennedy/KR/Programação/00.Estudos/DataEng/Alura/airflow-executores/venv/lib/python3.9/site-packages/airflow/example_dags/example_xcom.py
[2024-10-08 13:22:48,246] {processor.py:641} INFO - Processing file /home/kennedy/KR/Programação/00.Estudos/DataEng/Alura/airflow-executores/venv/lib/python3.9/site-packages/airflow/example_dags/example_xcom.py for tasks to queue
[2024-10-08 13:22:48,247] {logging_mixin.py:115} INFO - [2024-10-08 13:22:48,247] {dagbag.py:507} INFO - Filling up the DagBag from /home/kennedy/KR/Programação/00.Estudos/DataEng/Alura/airflow-executores/venv/lib/python3.9/site-packages/airflow/example_dags/example_xcom.py
[2024-10-08 13:22:48,262] {processor.py:651} INFO - DAG(s) dict_keys(['example_xcom']) retrieved from /home/kennedy/KR/Programação/00.Estudos/DataEng/Alura/airflow-executores/venv/lib/python3.9/site-packages/airflow/example_dags/example_xcom.py
[2024-10-08 13:22:51,921] {logging_mixin.py:115} INFO - [2024-10-08 13:22:51,920] {manager.py:508} INFO - Created Permission View: can delete on DAG:example_xcom
[2024-10-08 13:22:52,146] {logging_mixin.py:115} INFO - [2024-10-08 13:22:52,146] {manager.py:508} INFO - Created Permission View: can read on DAG:example_xcom
[2024-10-08 13:22:52,359] {logging_mixin.py:115} INFO - [2024-10-08 13:22:52,359] {manager.py:508} INFO - Created Permission View: can edit on DAG:example_xcom
[2024-10-08 13:22:52,360] {logging_mixin.py:115} INFO - [2024-10-08 13:22:52,360] {dag.py:2379} INFO - Sync 1 DAGs
[2024-10-08 13:22:52,377] {logging_mixin.py:115} INFO - [2024-10-08 13:22:52,377] {dag.py:2398} INFO - Creating ORM DAG for example_xcom
[2024-10-08 13:22:52,389] {logging_mixin.py:115} INFO - [2024-10-08 13:22:52,389] {dag.py:2927} INFO - Setting next_dagrun for example_xcom to 2021-01-01T00:00:00+00:00, run_after=2021-01-01T00:00:00+00:00
[2024-10-08 13:22:52,628] {processor.py:161} INFO - Processing /home/kennedy/KR/Programação/00.Estudos/DataEng/Alura/airflow-executores/venv/lib/python3.9/site-packages/airflow/example_dags/example_xcom.py took 4.384 seconds
[2024-10-08 13:24:58,187] {processor.py:153} INFO - Started process (PID=37724) to work on /home/kennedy/KR/Programação/00.Estudos/DataEng/Alura/airflow-executores/venv/lib/python3.9/site-packages/airflow/example_dags/example_xcom.py
[2024-10-08 13:24:58,239] {processor.py:641} INFO - Processing file /home/kennedy/KR/Programação/00.Estudos/DataEng/Alura/airflow-executores/venv/lib/python3.9/site-packages/airflow/example_dags/example_xcom.py for tasks to queue
[2024-10-08 13:24:58,240] {logging_mixin.py:115} INFO - [2024-10-08 13:24:58,240] {dagbag.py:507} INFO - Filling up the DagBag from /home/kennedy/KR/Programação/00.Estudos/DataEng/Alura/airflow-executores/venv/lib/python3.9/site-packages/airflow/example_dags/example_xcom.py
[2024-10-08 13:24:58,277] {processor.py:651} INFO - DAG(s) dict_keys(['example_xcom']) retrieved from /home/kennedy/KR/Programação/00.Estudos/DataEng/Alura/airflow-executores/venv/lib/python3.9/site-packages/airflow/example_dags/example_xcom.py
[2024-10-08 13:24:58,315] {logging_mixin.py:115} INFO - [2024-10-08 13:24:58,315] {dag.py:2379} INFO - Sync 1 DAGs
[2024-10-08 13:24:58,327] {logging_mixin.py:115} INFO - [2024-10-08 13:24:58,327] {dag.py:2927} INFO - Setting next_dagrun for example_xcom to 2021-01-01T00:00:00+00:00, run_after=2021-01-01T00:00:00+00:00
[2024-10-08 13:24:58,763] {processor.py:161} INFO - Processing /home/kennedy/KR/Programação/00.Estudos/DataEng/Alura/airflow-executores/venv/lib/python3.9/site-packages/airflow/example_dags/example_xcom.py took 0.582 seconds
[2024-10-08 13:25:52,849] {processor.py:153} INFO - Started process (PID=37791) to work on /home/kennedy/KR/Programação/00.Estudos/DataEng/Alura/airflow-executores/venv/lib/python3.9/site-packages/airflow/example_dags/example_xcom.py
[2024-10-08 13:25:52,873] {processor.py:641} INFO - Processing file /home/kennedy/KR/Programação/00.Estudos/DataEng/Alura/airflow-executores/venv/lib/python3.9/site-packages/airflow/example_dags/example_xcom.py for tasks to queue
[2024-10-08 13:25:52,875] {logging_mixin.py:115} INFO - [2024-10-08 13:25:52,874] {dagbag.py:507} INFO - Filling up the DagBag from /home/kennedy/KR/Programação/00.Estudos/DataEng/Alura/airflow-executores/venv/lib/python3.9/site-packages/airflow/example_dags/example_xcom.py
[2024-10-08 13:25:52,911] {processor.py:651} INFO - DAG(s) dict_keys(['example_xcom']) retrieved from /home/kennedy/KR/Programação/00.Estudos/DataEng/Alura/airflow-executores/venv/lib/python3.9/site-packages/airflow/example_dags/example_xcom.py
[2024-10-08 13:25:52,949] {logging_mixin.py:115} INFO - [2024-10-08 13:25:52,949] {dag.py:2379} INFO - Sync 1 DAGs
[2024-10-08 13:25:52,962] {logging_mixin.py:115} INFO - [2024-10-08 13:25:52,962] {dag.py:2927} INFO - Setting next_dagrun for example_xcom to 2021-01-01T00:00:00+00:00, run_after=2021-01-01T00:00:00+00:00
[2024-10-08 13:25:53,988] {processor.py:161} INFO - Processing /home/kennedy/KR/Programação/00.Estudos/DataEng/Alura/airflow-executores/venv/lib/python3.9/site-packages/airflow/example_dags/example_xcom.py took 1.141 seconds
[2024-10-08 13:26:58,681] {processor.py:153} INFO - Started process (PID=37883) to work on /home/kennedy/KR/Programação/00.Estudos/DataEng/Alura/airflow-executores/venv/lib/python3.9/site-packages/airflow/example_dags/example_xcom.py
[2024-10-08 13:26:58,837] {processor.py:641} INFO - Processing file /home/kennedy/KR/Programação/00.Estudos/DataEng/Alura/airflow-executores/venv/lib/python3.9/site-packages/airflow/example_dags/example_xcom.py for tasks to queue
[2024-10-08 13:26:58,838] {logging_mixin.py:115} INFO - [2024-10-08 13:26:58,837] {dagbag.py:507} INFO - Filling up the DagBag from /home/kennedy/KR/Programação/00.Estudos/DataEng/Alura/airflow-executores/venv/lib/python3.9/site-packages/airflow/example_dags/example_xcom.py
[2024-10-08 13:26:58,872] {processor.py:651} INFO - DAG(s) dict_keys(['example_xcom']) retrieved from /home/kennedy/KR/Programação/00.Estudos/DataEng/Alura/airflow-executores/venv/lib/python3.9/site-packages/airflow/example_dags/example_xcom.py
[2024-10-08 13:26:58,908] {logging_mixin.py:115} INFO - [2024-10-08 13:26:58,908] {dag.py:2379} INFO - Sync 1 DAGs
[2024-10-08 13:26:58,920] {logging_mixin.py:115} INFO - [2024-10-08 13:26:58,919] {dag.py:2927} INFO - Setting next_dagrun for example_xcom to 2021-01-01T00:00:00+00:00, run_after=2021-01-01T00:00:00+00:00
[2024-10-08 13:26:59,619] {processor.py:161} INFO - Processing /home/kennedy/KR/Programação/00.Estudos/DataEng/Alura/airflow-executores/venv/lib/python3.9/site-packages/airflow/example_dags/example_xcom.py took 0.940 seconds
[2024-10-08 13:28:23,238] {processor.py:153} INFO - Started process (PID=38064) to work on /home/kennedy/KR/Programação/00.Estudos/DataEng/Alura/airflow-executores/venv/lib/python3.9/site-packages/airflow/example_dags/example_xcom.py
[2024-10-08 13:28:23,342] {processor.py:641} INFO - Processing file /home/kennedy/KR/Programação/00.Estudos/DataEng/Alura/airflow-executores/venv/lib/python3.9/site-packages/airflow/example_dags/example_xcom.py for tasks to queue
[2024-10-08 13:28:23,343] {logging_mixin.py:115} INFO - [2024-10-08 13:28:23,343] {dagbag.py:507} INFO - Filling up the DagBag from /home/kennedy/KR/Programação/00.Estudos/DataEng/Alura/airflow-executores/venv/lib/python3.9/site-packages/airflow/example_dags/example_xcom.py
[2024-10-08 13:28:23,380] {processor.py:651} INFO - DAG(s) dict_keys(['example_xcom']) retrieved from /home/kennedy/KR/Programação/00.Estudos/DataEng/Alura/airflow-executores/venv/lib/python3.9/site-packages/airflow/example_dags/example_xcom.py
[2024-10-08 13:28:23,417] {logging_mixin.py:115} INFO - [2024-10-08 13:28:23,417] {dag.py:2379} INFO - Sync 1 DAGs
[2024-10-08 13:28:23,429] {logging_mixin.py:115} INFO - [2024-10-08 13:28:23,429] {dag.py:2927} INFO - Setting next_dagrun for example_xcom to 2021-01-01T00:00:00+00:00, run_after=2021-01-01T00:00:00+00:00
[2024-10-08 13:28:23,893] {processor.py:161} INFO - Processing /home/kennedy/KR/Programação/00.Estudos/DataEng/Alura/airflow-executores/venv/lib/python3.9/site-packages/airflow/example_dags/example_xcom.py took 0.662 seconds
[2024-10-08 13:29:38,329] {processor.py:153} INFO - Started process (PID=38480) to work on /home/kennedy/KR/Programação/00.Estudos/DataEng/Alura/airflow-executores/venv/lib/python3.9/site-packages/airflow/example_dags/example_xcom.py
[2024-10-08 13:29:38,348] {processor.py:641} INFO - Processing file /home/kennedy/KR/Programação/00.Estudos/DataEng/Alura/airflow-executores/venv/lib/python3.9/site-packages/airflow/example_dags/example_xcom.py for tasks to queue
[2024-10-08 13:29:38,350] {logging_mixin.py:115} INFO - [2024-10-08 13:29:38,349] {dagbag.py:507} INFO - Filling up the DagBag from /home/kennedy/KR/Programação/00.Estudos/DataEng/Alura/airflow-executores/venv/lib/python3.9/site-packages/airflow/example_dags/example_xcom.py
[2024-10-08 13:29:38,385] {processor.py:651} INFO - DAG(s) dict_keys(['example_xcom']) retrieved from /home/kennedy/KR/Programação/00.Estudos/DataEng/Alura/airflow-executores/venv/lib/python3.9/site-packages/airflow/example_dags/example_xcom.py
[2024-10-08 13:29:38,400] {logging_mixin.py:115} INFO - [2024-10-08 13:29:38,400] {dag.py:2379} INFO - Sync 1 DAGs
[2024-10-08 13:29:38,415] {logging_mixin.py:115} INFO - [2024-10-08 13:29:38,415] {dag.py:2927} INFO - Setting next_dagrun for example_xcom to 2021-01-01T00:00:00+00:00, run_after=2021-01-01T00:00:00+00:00
[2024-10-08 13:29:39,423] {processor.py:161} INFO - Processing /home/kennedy/KR/Programação/00.Estudos/DataEng/Alura/airflow-executores/venv/lib/python3.9/site-packages/airflow/example_dags/example_xcom.py took 1.101 seconds
[2024-10-08 13:30:35,398] {processor.py:153} INFO - Started process (PID=38574) to work on /home/kennedy/KR/Programação/00.Estudos/DataEng/Alura/airflow-executores/venv/lib/python3.9/site-packages/airflow/example_dags/example_xcom.py
[2024-10-08 13:30:35,959] {processor.py:641} INFO - Processing file /home/kennedy/KR/Programação/00.Estudos/DataEng/Alura/airflow-executores/venv/lib/python3.9/site-packages/airflow/example_dags/example_xcom.py for tasks to queue
[2024-10-08 13:30:35,961] {logging_mixin.py:115} INFO - [2024-10-08 13:30:35,960] {dagbag.py:507} INFO - Filling up the DagBag from /home/kennedy/KR/Programação/00.Estudos/DataEng/Alura/airflow-executores/venv/lib/python3.9/site-packages/airflow/example_dags/example_xcom.py
[2024-10-08 13:30:35,988] {processor.py:651} INFO - DAG(s) dict_keys(['example_xcom']) retrieved from /home/kennedy/KR/Programação/00.Estudos/DataEng/Alura/airflow-executores/venv/lib/python3.9/site-packages/airflow/example_dags/example_xcom.py
[2024-10-08 13:30:36,032] {logging_mixin.py:115} INFO - [2024-10-08 13:30:36,032] {dag.py:2379} INFO - Sync 1 DAGs
[2024-10-08 13:30:36,042] {logging_mixin.py:115} INFO - [2024-10-08 13:30:36,042] {dag.py:2927} INFO - Setting next_dagrun for example_xcom to 2021-01-01T00:00:00+00:00, run_after=2021-01-01T00:00:00+00:00
[2024-10-08 13:30:36,225] {processor.py:161} INFO - Processing /home/kennedy/KR/Programação/00.Estudos/DataEng/Alura/airflow-executores/venv/lib/python3.9/site-packages/airflow/example_dags/example_xcom.py took 0.831 seconds
[2024-10-08 13:31:38,642] {processor.py:153} INFO - Started process (PID=38666) to work on /home/kennedy/KR/Programação/00.Estudos/DataEng/Alura/airflow-executores/venv/lib/python3.9/site-packages/airflow/example_dags/example_xcom.py
[2024-10-08 13:31:38,650] {processor.py:641} INFO - Processing file /home/kennedy/KR/Programação/00.Estudos/DataEng/Alura/airflow-executores/venv/lib/python3.9/site-packages/airflow/example_dags/example_xcom.py for tasks to queue
[2024-10-08 13:31:38,652] {logging_mixin.py:115} INFO - [2024-10-08 13:31:38,651] {dagbag.py:507} INFO - Filling up the DagBag from /home/kennedy/KR/Programação/00.Estudos/DataEng/Alura/airflow-executores/venv/lib/python3.9/site-packages/airflow/example_dags/example_xcom.py
[2024-10-08 13:31:38,712] {processor.py:651} INFO - DAG(s) dict_keys(['example_xcom']) retrieved from /home/kennedy/KR/Programação/00.Estudos/DataEng/Alura/airflow-executores/venv/lib/python3.9/site-packages/airflow/example_dags/example_xcom.py
[2024-10-08 13:31:38,735] {logging_mixin.py:115} INFO - [2024-10-08 13:31:38,735] {dag.py:2379} INFO - Sync 1 DAGs
[2024-10-08 13:31:38,762] {logging_mixin.py:115} INFO - [2024-10-08 13:31:38,762] {dag.py:2927} INFO - Setting next_dagrun for example_xcom to 2021-01-01T00:00:00+00:00, run_after=2021-01-01T00:00:00+00:00
[2024-10-08 13:31:40,032] {processor.py:161} INFO - Processing /home/kennedy/KR/Programação/00.Estudos/DataEng/Alura/airflow-executores/venv/lib/python3.9/site-packages/airflow/example_dags/example_xcom.py took 1.397 seconds
[2024-10-08 13:32:54,161] {processor.py:153} INFO - Started process (PID=38867) to work on /home/kennedy/KR/Programação/00.Estudos/DataEng/Alura/airflow-executores/venv/lib/python3.9/site-packages/airflow/example_dags/example_xcom.py
[2024-10-08 13:32:54,174] {processor.py:641} INFO - Processing file /home/kennedy/KR/Programação/00.Estudos/DataEng/Alura/airflow-executores/venv/lib/python3.9/site-packages/airflow/example_dags/example_xcom.py for tasks to queue
[2024-10-08 13:32:54,175] {logging_mixin.py:115} INFO - [2024-10-08 13:32:54,175] {dagbag.py:507} INFO - Filling up the DagBag from /home/kennedy/KR/Programação/00.Estudos/DataEng/Alura/airflow-executores/venv/lib/python3.9/site-packages/airflow/example_dags/example_xcom.py
[2024-10-08 13:32:54,210] {processor.py:651} INFO - DAG(s) dict_keys(['example_xcom']) retrieved from /home/kennedy/KR/Programação/00.Estudos/DataEng/Alura/airflow-executores/venv/lib/python3.9/site-packages/airflow/example_dags/example_xcom.py
[2024-10-08 13:32:54,258] {logging_mixin.py:115} INFO - [2024-10-08 13:32:54,258] {dag.py:2379} INFO - Sync 1 DAGs
[2024-10-08 13:32:54,269] {logging_mixin.py:115} INFO - [2024-10-08 13:32:54,269] {dag.py:2927} INFO - Setting next_dagrun for example_xcom to 2021-01-01T00:00:00+00:00, run_after=2021-01-01T00:00:00+00:00
[2024-10-08 13:32:55,799] {processor.py:161} INFO - Processing /home/kennedy/KR/Programação/00.Estudos/DataEng/Alura/airflow-executores/venv/lib/python3.9/site-packages/airflow/example_dags/example_xcom.py took 1.646 seconds
[2024-10-08 13:34:05,531] {processor.py:153} INFO - Started process (PID=38943) to work on /home/kennedy/KR/Programação/00.Estudos/DataEng/Alura/airflow-executores/venv/lib/python3.9/site-packages/airflow/example_dags/example_xcom.py
[2024-10-08 13:34:05,550] {processor.py:641} INFO - Processing file /home/kennedy/KR/Programação/00.Estudos/DataEng/Alura/airflow-executores/venv/lib/python3.9/site-packages/airflow/example_dags/example_xcom.py for tasks to queue
[2024-10-08 13:34:05,551] {logging_mixin.py:115} INFO - [2024-10-08 13:34:05,551] {dagbag.py:507} INFO - Filling up the DagBag from /home/kennedy/KR/Programação/00.Estudos/DataEng/Alura/airflow-executores/venv/lib/python3.9/site-packages/airflow/example_dags/example_xcom.py
[2024-10-08 13:34:05,607] {processor.py:651} INFO - DAG(s) dict_keys(['example_xcom']) retrieved from /home/kennedy/KR/Programação/00.Estudos/DataEng/Alura/airflow-executores/venv/lib/python3.9/site-packages/airflow/example_dags/example_xcom.py
[2024-10-08 13:34:05,639] {logging_mixin.py:115} INFO - [2024-10-08 13:34:05,639] {dag.py:2379} INFO - Sync 1 DAGs
[2024-10-08 13:34:05,664] {logging_mixin.py:115} INFO - [2024-10-08 13:34:05,663] {dag.py:2927} INFO - Setting next_dagrun for example_xcom to 2021-01-01T00:00:00+00:00, run_after=2021-01-01T00:00:00+00:00
[2024-10-08 13:34:05,748] {processor.py:161} INFO - Processing /home/kennedy/KR/Programação/00.Estudos/DataEng/Alura/airflow-executores/venv/lib/python3.9/site-packages/airflow/example_dags/example_xcom.py took 0.224 seconds
[2024-10-08 15:46:54,953] {processor.py:153} INFO - Started process (PID=11310) to work on /home/kennedy/.local/lib/python3.10/site-packages/airflow/example_dags/example_xcom.py
[2024-10-08 15:46:55,024] {processor.py:641} INFO - Processing file /home/kennedy/.local/lib/python3.10/site-packages/airflow/example_dags/example_xcom.py for tasks to queue
[2024-10-08 15:46:55,024] {logging_mixin.py:115} INFO - [2024-10-08 15:46:55,024] {dagbag.py:507} INFO - Filling up the DagBag from /home/kennedy/.local/lib/python3.10/site-packages/airflow/example_dags/example_xcom.py
[2024-10-08 15:46:55,048] {processor.py:651} INFO - DAG(s) dict_keys(['example_xcom']) retrieved from /home/kennedy/.local/lib/python3.10/site-packages/airflow/example_dags/example_xcom.py
[2024-10-08 15:46:55,090] {logging_mixin.py:115} INFO - [2024-10-08 15:46:55,090] {dag.py:2379} INFO - Sync 1 DAGs
[2024-10-08 15:46:55,104] {logging_mixin.py:115} INFO - [2024-10-08 15:46:55,104] {dag.py:2927} INFO - Setting next_dagrun for example_xcom to 2021-01-01T00:00:00+00:00, run_after=2021-01-01T00:00:00+00:00
[2024-10-08 15:46:55,648] {processor.py:161} INFO - Processing /home/kennedy/.local/lib/python3.10/site-packages/airflow/example_dags/example_xcom.py took 0.698 seconds
[2024-10-08 16:36:35,259] {processor.py:153} INFO - Started process (PID=16589) to work on /home/kennedy/KR/Programação/00.Estudos/DataEng/Alura/airflow-executores/venv/lib/python3.9/site-packages/airflow/example_dags/example_xcom.py
[2024-10-08 16:36:35,277] {processor.py:641} INFO - Processing file /home/kennedy/KR/Programação/00.Estudos/DataEng/Alura/airflow-executores/venv/lib/python3.9/site-packages/airflow/example_dags/example_xcom.py for tasks to queue
[2024-10-08 16:36:35,279] {logging_mixin.py:115} INFO - [2024-10-08 16:36:35,279] {dagbag.py:507} INFO - Filling up the DagBag from /home/kennedy/KR/Programação/00.Estudos/DataEng/Alura/airflow-executores/venv/lib/python3.9/site-packages/airflow/example_dags/example_xcom.py
[2024-10-08 16:36:35,302] {processor.py:651} INFO - DAG(s) dict_keys(['example_xcom']) retrieved from /home/kennedy/KR/Programação/00.Estudos/DataEng/Alura/airflow-executores/venv/lib/python3.9/site-packages/airflow/example_dags/example_xcom.py
[2024-10-08 16:36:35,341] {logging_mixin.py:115} INFO - [2024-10-08 16:36:35,341] {dag.py:2379} INFO - Sync 1 DAGs
[2024-10-08 16:36:35,354] {logging_mixin.py:115} INFO - [2024-10-08 16:36:35,354] {dag.py:2927} INFO - Setting next_dagrun for example_xcom to 2021-01-01T00:00:00+00:00, run_after=2021-01-01T00:00:00+00:00
[2024-10-08 16:36:37,381] {processor.py:161} INFO - Processing /home/kennedy/KR/Programação/00.Estudos/DataEng/Alura/airflow-executores/venv/lib/python3.9/site-packages/airflow/example_dags/example_xcom.py took 2.130 seconds
[2024-10-08 16:37:28,003] {processor.py:153} INFO - Started process (PID=16771) to work on /home/kennedy/KR/Programação/00.Estudos/DataEng/Alura/airflow-executores/venv/lib/python3.9/site-packages/airflow/example_dags/example_xcom.py
[2024-10-08 16:37:28,036] {processor.py:641} INFO - Processing file /home/kennedy/KR/Programação/00.Estudos/DataEng/Alura/airflow-executores/venv/lib/python3.9/site-packages/airflow/example_dags/example_xcom.py for tasks to queue
[2024-10-08 16:37:28,036] {logging_mixin.py:115} INFO - [2024-10-08 16:37:28,036] {dagbag.py:507} INFO - Filling up the DagBag from /home/kennedy/KR/Programação/00.Estudos/DataEng/Alura/airflow-executores/venv/lib/python3.9/site-packages/airflow/example_dags/example_xcom.py
[2024-10-08 16:37:28,052] {processor.py:651} INFO - DAG(s) dict_keys(['example_xcom']) retrieved from /home/kennedy/KR/Programação/00.Estudos/DataEng/Alura/airflow-executores/venv/lib/python3.9/site-packages/airflow/example_dags/example_xcom.py
[2024-10-08 16:37:28,082] {logging_mixin.py:115} INFO - [2024-10-08 16:37:28,082] {dag.py:2379} INFO - Sync 1 DAGs
[2024-10-08 16:37:28,093] {logging_mixin.py:115} INFO - [2024-10-08 16:37:28,093] {dag.py:2927} INFO - Setting next_dagrun for example_xcom to 2021-01-01T00:00:00+00:00, run_after=2021-01-01T00:00:00+00:00
[2024-10-08 16:37:28,255] {processor.py:161} INFO - Processing /home/kennedy/KR/Programação/00.Estudos/DataEng/Alura/airflow-executores/venv/lib/python3.9/site-packages/airflow/example_dags/example_xcom.py took 0.254 seconds
[2024-10-08 16:38:46,731] {processor.py:153} INFO - Started process (PID=17293) to work on /home/kennedy/KR/Programação/00.Estudos/DataEng/Alura/airflow-executores/venv/lib/python3.9/site-packages/airflow/example_dags/example_xcom.py
[2024-10-08 16:38:48,298] {processor.py:641} INFO - Processing file /home/kennedy/KR/Programação/00.Estudos/DataEng/Alura/airflow-executores/venv/lib/python3.9/site-packages/airflow/example_dags/example_xcom.py for tasks to queue
[2024-10-08 16:38:48,300] {logging_mixin.py:115} INFO - [2024-10-08 16:38:48,299] {dagbag.py:507} INFO - Filling up the DagBag from /home/kennedy/KR/Programação/00.Estudos/DataEng/Alura/airflow-executores/venv/lib/python3.9/site-packages/airflow/example_dags/example_xcom.py
[2024-10-08 16:38:48,347] {processor.py:651} INFO - DAG(s) dict_keys(['example_xcom']) retrieved from /home/kennedy/KR/Programação/00.Estudos/DataEng/Alura/airflow-executores/venv/lib/python3.9/site-packages/airflow/example_dags/example_xcom.py
[2024-10-08 16:38:52,865] {logging_mixin.py:115} INFO - [2024-10-08 16:38:52,865] {dag.py:2379} INFO - Sync 1 DAGs
[2024-10-08 16:38:52,906] {logging_mixin.py:115} INFO - [2024-10-08 16:38:52,906] {dag.py:2927} INFO - Setting next_dagrun for example_xcom to 2021-01-01T00:00:00+00:00, run_after=2021-01-01T00:00:00+00:00
[2024-10-08 16:38:54,395] {processor.py:161} INFO - Processing /home/kennedy/KR/Programação/00.Estudos/DataEng/Alura/airflow-executores/venv/lib/python3.9/site-packages/airflow/example_dags/example_xcom.py took 7.666 seconds
[2024-10-08 16:40:11,233] {processor.py:153} INFO - Started process (PID=17541) to work on /home/kennedy/KR/Programação/00.Estudos/DataEng/Alura/airflow-executores/venv/lib/python3.9/site-packages/airflow/example_dags/example_xcom.py
[2024-10-08 16:40:11,407] {processor.py:641} INFO - Processing file /home/kennedy/KR/Programação/00.Estudos/DataEng/Alura/airflow-executores/venv/lib/python3.9/site-packages/airflow/example_dags/example_xcom.py for tasks to queue
[2024-10-08 16:40:11,409] {logging_mixin.py:115} INFO - [2024-10-08 16:40:11,409] {dagbag.py:507} INFO - Filling up the DagBag from /home/kennedy/KR/Programação/00.Estudos/DataEng/Alura/airflow-executores/venv/lib/python3.9/site-packages/airflow/example_dags/example_xcom.py
[2024-10-08 16:40:11,428] {processor.py:651} INFO - DAG(s) dict_keys(['example_xcom']) retrieved from /home/kennedy/KR/Programação/00.Estudos/DataEng/Alura/airflow-executores/venv/lib/python3.9/site-packages/airflow/example_dags/example_xcom.py
[2024-10-08 16:40:11,821] {logging_mixin.py:115} INFO - [2024-10-08 16:40:11,821] {dag.py:2379} INFO - Sync 1 DAGs
[2024-10-08 16:40:11,832] {logging_mixin.py:115} INFO - [2024-10-08 16:40:11,832] {dag.py:2927} INFO - Setting next_dagrun for example_xcom to 2021-01-01T00:00:00+00:00, run_after=2021-01-01T00:00:00+00:00
[2024-10-08 16:40:11,912] {processor.py:161} INFO - Processing /home/kennedy/KR/Programação/00.Estudos/DataEng/Alura/airflow-executores/venv/lib/python3.9/site-packages/airflow/example_dags/example_xcom.py took 0.681 seconds
[2024-10-08 16:41:18,203] {processor.py:153} INFO - Started process (PID=17966) to work on /home/kennedy/KR/Programação/00.Estudos/DataEng/Alura/airflow-executores/venv/lib/python3.9/site-packages/airflow/example_dags/example_xcom.py
[2024-10-08 16:41:18,246] {processor.py:641} INFO - Processing file /home/kennedy/KR/Programação/00.Estudos/DataEng/Alura/airflow-executores/venv/lib/python3.9/site-packages/airflow/example_dags/example_xcom.py for tasks to queue
[2024-10-08 16:41:18,247] {logging_mixin.py:115} INFO - [2024-10-08 16:41:18,247] {dagbag.py:507} INFO - Filling up the DagBag from /home/kennedy/KR/Programação/00.Estudos/DataEng/Alura/airflow-executores/venv/lib/python3.9/site-packages/airflow/example_dags/example_xcom.py
[2024-10-08 16:41:18,281] {processor.py:651} INFO - DAG(s) dict_keys(['example_xcom']) retrieved from /home/kennedy/KR/Programação/00.Estudos/DataEng/Alura/airflow-executores/venv/lib/python3.9/site-packages/airflow/example_dags/example_xcom.py
[2024-10-08 16:41:18,313] {logging_mixin.py:115} INFO - [2024-10-08 16:41:18,312] {dag.py:2379} INFO - Sync 1 DAGs
[2024-10-08 16:41:18,327] {logging_mixin.py:115} INFO - [2024-10-08 16:41:18,327] {dag.py:2927} INFO - Setting next_dagrun for example_xcom to 2021-01-01T00:00:00+00:00, run_after=2021-01-01T00:00:00+00:00
[2024-10-08 16:41:19,903] {processor.py:161} INFO - Processing /home/kennedy/KR/Programação/00.Estudos/DataEng/Alura/airflow-executores/venv/lib/python3.9/site-packages/airflow/example_dags/example_xcom.py took 1.706 seconds
[2024-10-08 16:42:23,952] {processor.py:153} INFO - Started process (PID=18174) to work on /home/kennedy/KR/Programação/00.Estudos/DataEng/Alura/airflow-executores/venv/lib/python3.9/site-packages/airflow/example_dags/example_xcom.py
[2024-10-08 16:42:23,990] {processor.py:641} INFO - Processing file /home/kennedy/KR/Programação/00.Estudos/DataEng/Alura/airflow-executores/venv/lib/python3.9/site-packages/airflow/example_dags/example_xcom.py for tasks to queue
[2024-10-08 16:42:23,991] {logging_mixin.py:115} INFO - [2024-10-08 16:42:23,991] {dagbag.py:507} INFO - Filling up the DagBag from /home/kennedy/KR/Programação/00.Estudos/DataEng/Alura/airflow-executores/venv/lib/python3.9/site-packages/airflow/example_dags/example_xcom.py
[2024-10-08 16:42:24,020] {processor.py:651} INFO - DAG(s) dict_keys(['example_xcom']) retrieved from /home/kennedy/KR/Programação/00.Estudos/DataEng/Alura/airflow-executores/venv/lib/python3.9/site-packages/airflow/example_dags/example_xcom.py
[2024-10-08 16:42:24,090] {logging_mixin.py:115} INFO - [2024-10-08 16:42:24,090] {dag.py:2379} INFO - Sync 1 DAGs
[2024-10-08 16:42:24,111] {logging_mixin.py:115} INFO - [2024-10-08 16:42:24,111] {dag.py:2927} INFO - Setting next_dagrun for example_xcom to 2021-01-01T00:00:00+00:00, run_after=2021-01-01T00:00:00+00:00
[2024-10-08 16:42:24,330] {processor.py:161} INFO - Processing /home/kennedy/KR/Programação/00.Estudos/DataEng/Alura/airflow-executores/venv/lib/python3.9/site-packages/airflow/example_dags/example_xcom.py took 0.385 seconds
[2024-10-08 16:43:50,533] {processor.py:153} INFO - Started process (PID=18251) to work on /home/kennedy/KR/Programação/00.Estudos/DataEng/Alura/airflow-executores/venv/lib/python3.9/site-packages/airflow/example_dags/example_xcom.py
[2024-10-08 16:43:50,556] {processor.py:641} INFO - Processing file /home/kennedy/KR/Programação/00.Estudos/DataEng/Alura/airflow-executores/venv/lib/python3.9/site-packages/airflow/example_dags/example_xcom.py for tasks to queue
[2024-10-08 16:43:50,557] {logging_mixin.py:115} INFO - [2024-10-08 16:43:50,557] {dagbag.py:507} INFO - Filling up the DagBag from /home/kennedy/KR/Programação/00.Estudos/DataEng/Alura/airflow-executores/venv/lib/python3.9/site-packages/airflow/example_dags/example_xcom.py
[2024-10-08 16:43:50,589] {processor.py:651} INFO - DAG(s) dict_keys(['example_xcom']) retrieved from /home/kennedy/KR/Programação/00.Estudos/DataEng/Alura/airflow-executores/venv/lib/python3.9/site-packages/airflow/example_dags/example_xcom.py
[2024-10-08 16:43:51,355] {logging_mixin.py:115} INFO - [2024-10-08 16:43:51,355] {dag.py:2379} INFO - Sync 1 DAGs
[2024-10-08 16:43:51,369] {logging_mixin.py:115} INFO - [2024-10-08 16:43:51,369] {dag.py:2927} INFO - Setting next_dagrun for example_xcom to 2021-01-01T00:00:00+00:00, run_after=2021-01-01T00:00:00+00:00
[2024-10-08 16:43:51,457] {processor.py:161} INFO - Processing /home/kennedy/KR/Programação/00.Estudos/DataEng/Alura/airflow-executores/venv/lib/python3.9/site-packages/airflow/example_dags/example_xcom.py took 0.931 seconds
[2024-10-08 16:45:24,987] {processor.py:153} INFO - Started process (PID=18335) to work on /home/kennedy/KR/Programação/00.Estudos/DataEng/Alura/airflow-executores/venv/lib/python3.9/site-packages/airflow/example_dags/example_xcom.py
[2024-10-08 16:45:25,028] {processor.py:641} INFO - Processing file /home/kennedy/KR/Programação/00.Estudos/DataEng/Alura/airflow-executores/venv/lib/python3.9/site-packages/airflow/example_dags/example_xcom.py for tasks to queue
[2024-10-08 16:45:25,030] {logging_mixin.py:115} INFO - [2024-10-08 16:45:25,029] {dagbag.py:507} INFO - Filling up the DagBag from /home/kennedy/KR/Programação/00.Estudos/DataEng/Alura/airflow-executores/venv/lib/python3.9/site-packages/airflow/example_dags/example_xcom.py
[2024-10-08 16:45:25,059] {processor.py:651} INFO - DAG(s) dict_keys(['example_xcom']) retrieved from /home/kennedy/KR/Programação/00.Estudos/DataEng/Alura/airflow-executores/venv/lib/python3.9/site-packages/airflow/example_dags/example_xcom.py
[2024-10-08 16:45:25,098] {logging_mixin.py:115} INFO - [2024-10-08 16:45:25,098] {dag.py:2379} INFO - Sync 1 DAGs
[2024-10-08 16:45:25,115] {logging_mixin.py:115} INFO - [2024-10-08 16:45:25,115] {dag.py:2927} INFO - Setting next_dagrun for example_xcom to 2021-01-01T00:00:00+00:00, run_after=2021-01-01T00:00:00+00:00
[2024-10-08 16:45:26,173] {processor.py:161} INFO - Processing /home/kennedy/KR/Programação/00.Estudos/DataEng/Alura/airflow-executores/venv/lib/python3.9/site-packages/airflow/example_dags/example_xcom.py took 1.192 seconds
[2024-10-08 16:46:25,338] {processor.py:153} INFO - Started process (PID=18925) to work on /home/kennedy/KR/Programação/00.Estudos/DataEng/Alura/airflow-executores/venv/lib/python3.9/site-packages/airflow/example_dags/example_xcom.py
[2024-10-08 16:46:25,350] {processor.py:641} INFO - Processing file /home/kennedy/KR/Programação/00.Estudos/DataEng/Alura/airflow-executores/venv/lib/python3.9/site-packages/airflow/example_dags/example_xcom.py for tasks to queue
[2024-10-08 16:46:25,351] {logging_mixin.py:115} INFO - [2024-10-08 16:46:25,351] {dagbag.py:507} INFO - Filling up the DagBag from /home/kennedy/KR/Programação/00.Estudos/DataEng/Alura/airflow-executores/venv/lib/python3.9/site-packages/airflow/example_dags/example_xcom.py
[2024-10-08 16:46:25,383] {processor.py:651} INFO - DAG(s) dict_keys(['example_xcom']) retrieved from /home/kennedy/KR/Programação/00.Estudos/DataEng/Alura/airflow-executores/venv/lib/python3.9/site-packages/airflow/example_dags/example_xcom.py
[2024-10-08 16:46:25,415] {logging_mixin.py:115} INFO - [2024-10-08 16:46:25,415] {dag.py:2379} INFO - Sync 1 DAGs
[2024-10-08 16:46:25,427] {logging_mixin.py:115} INFO - [2024-10-08 16:46:25,427] {dag.py:2927} INFO - Setting next_dagrun for example_xcom to 2021-01-01T00:00:00+00:00, run_after=2021-01-01T00:00:00+00:00
[2024-10-08 16:46:26,517] {processor.py:161} INFO - Processing /home/kennedy/KR/Programação/00.Estudos/DataEng/Alura/airflow-executores/venv/lib/python3.9/site-packages/airflow/example_dags/example_xcom.py took 1.186 seconds
[2024-10-08 16:47:45,883] {processor.py:153} INFO - Started process (PID=19163) to work on /home/kennedy/KR/Programação/00.Estudos/DataEng/Alura/airflow-executores/venv/lib/python3.9/site-packages/airflow/example_dags/example_xcom.py
[2024-10-08 16:47:45,896] {processor.py:641} INFO - Processing file /home/kennedy/KR/Programação/00.Estudos/DataEng/Alura/airflow-executores/venv/lib/python3.9/site-packages/airflow/example_dags/example_xcom.py for tasks to queue
[2024-10-08 16:47:45,897] {logging_mixin.py:115} INFO - [2024-10-08 16:47:45,897] {dagbag.py:507} INFO - Filling up the DagBag from /home/kennedy/KR/Programação/00.Estudos/DataEng/Alura/airflow-executores/venv/lib/python3.9/site-packages/airflow/example_dags/example_xcom.py
[2024-10-08 16:47:45,930] {processor.py:651} INFO - DAG(s) dict_keys(['example_xcom']) retrieved from /home/kennedy/KR/Programação/00.Estudos/DataEng/Alura/airflow-executores/venv/lib/python3.9/site-packages/airflow/example_dags/example_xcom.py
[2024-10-08 16:47:45,974] {logging_mixin.py:115} INFO - [2024-10-08 16:47:45,973] {dag.py:2379} INFO - Sync 1 DAGs
[2024-10-08 16:47:45,989] {logging_mixin.py:115} INFO - [2024-10-08 16:47:45,989] {dag.py:2927} INFO - Setting next_dagrun for example_xcom to 2021-01-01T00:00:00+00:00, run_after=2021-01-01T00:00:00+00:00
[2024-10-08 16:47:46,662] {processor.py:161} INFO - Processing /home/kennedy/KR/Programação/00.Estudos/DataEng/Alura/airflow-executores/venv/lib/python3.9/site-packages/airflow/example_dags/example_xcom.py took 0.785 seconds
[2024-10-08 16:48:47,698] {processor.py:153} INFO - Started process (PID=19261) to work on /home/kennedy/KR/Programação/00.Estudos/DataEng/Alura/airflow-executores/venv/lib/python3.9/site-packages/airflow/example_dags/example_xcom.py
[2024-10-08 16:48:47,708] {processor.py:641} INFO - Processing file /home/kennedy/KR/Programação/00.Estudos/DataEng/Alura/airflow-executores/venv/lib/python3.9/site-packages/airflow/example_dags/example_xcom.py for tasks to queue
[2024-10-08 16:48:47,709] {logging_mixin.py:115} INFO - [2024-10-08 16:48:47,709] {dagbag.py:507} INFO - Filling up the DagBag from /home/kennedy/KR/Programação/00.Estudos/DataEng/Alura/airflow-executores/venv/lib/python3.9/site-packages/airflow/example_dags/example_xcom.py
[2024-10-08 16:48:47,742] {processor.py:651} INFO - DAG(s) dict_keys(['example_xcom']) retrieved from /home/kennedy/KR/Programação/00.Estudos/DataEng/Alura/airflow-executores/venv/lib/python3.9/site-packages/airflow/example_dags/example_xcom.py
[2024-10-08 16:48:47,775] {logging_mixin.py:115} INFO - [2024-10-08 16:48:47,775] {dag.py:2379} INFO - Sync 1 DAGs
[2024-10-08 16:48:47,788] {logging_mixin.py:115} INFO - [2024-10-08 16:48:47,788] {dag.py:2927} INFO - Setting next_dagrun for example_xcom to 2021-01-01T00:00:00+00:00, run_after=2021-01-01T00:00:00+00:00
[2024-10-08 16:48:49,090] {processor.py:161} INFO - Processing /home/kennedy/KR/Programação/00.Estudos/DataEng/Alura/airflow-executores/venv/lib/python3.9/site-packages/airflow/example_dags/example_xcom.py took 1.399 seconds
[2024-10-08 16:50:39,282] {processor.py:153} INFO - Started process (PID=19839) to work on /home/kennedy/KR/Programação/00.Estudos/DataEng/Alura/airflow-executores/venv/lib/python3.9/site-packages/airflow/example_dags/example_xcom.py
[2024-10-08 16:50:39,372] {processor.py:641} INFO - Processing file /home/kennedy/KR/Programação/00.Estudos/DataEng/Alura/airflow-executores/venv/lib/python3.9/site-packages/airflow/example_dags/example_xcom.py for tasks to queue
[2024-10-08 16:50:39,373] {logging_mixin.py:115} INFO - [2024-10-08 16:50:39,373] {dagbag.py:507} INFO - Filling up the DagBag from /home/kennedy/KR/Programação/00.Estudos/DataEng/Alura/airflow-executores/venv/lib/python3.9/site-packages/airflow/example_dags/example_xcom.py
[2024-10-08 16:50:39,438] {processor.py:651} INFO - DAG(s) dict_keys(['example_xcom']) retrieved from /home/kennedy/KR/Programação/00.Estudos/DataEng/Alura/airflow-executores/venv/lib/python3.9/site-packages/airflow/example_dags/example_xcom.py
[2024-10-08 16:50:39,659] {logging_mixin.py:115} INFO - [2024-10-08 16:50:39,659] {dag.py:2379} INFO - Sync 1 DAGs
[2024-10-08 16:50:39,865] {logging_mixin.py:115} INFO - [2024-10-08 16:50:39,864] {dag.py:2927} INFO - Setting next_dagrun for example_xcom to 2021-01-01T00:00:00+00:00, run_after=2021-01-01T00:00:00+00:00
[2024-10-08 16:50:40,082] {processor.py:161} INFO - Processing /home/kennedy/KR/Programação/00.Estudos/DataEng/Alura/airflow-executores/venv/lib/python3.9/site-packages/airflow/example_dags/example_xcom.py took 0.809 seconds
[2024-10-08 17:08:48,836] {processor.py:153} INFO - Started process (PID=30508) to work on /home/kennedy/KR/Programação/00.Estudos/DataEng/Alura/airflow-executores/venv/lib/python3.9/site-packages/airflow/example_dags/example_xcom.py
[2024-10-08 17:08:48,853] {processor.py:641} INFO - Processing file /home/kennedy/KR/Programação/00.Estudos/DataEng/Alura/airflow-executores/venv/lib/python3.9/site-packages/airflow/example_dags/example_xcom.py for tasks to queue
[2024-10-08 17:08:48,854] {logging_mixin.py:115} INFO - [2024-10-08 17:08:48,853] {dagbag.py:507} INFO - Filling up the DagBag from /home/kennedy/KR/Programação/00.Estudos/DataEng/Alura/airflow-executores/venv/lib/python3.9/site-packages/airflow/example_dags/example_xcom.py
[2024-10-08 17:08:48,868] {processor.py:651} INFO - DAG(s) dict_keys(['example_xcom']) retrieved from /home/kennedy/KR/Programação/00.Estudos/DataEng/Alura/airflow-executores/venv/lib/python3.9/site-packages/airflow/example_dags/example_xcom.py
[2024-10-08 17:08:48,899] {logging_mixin.py:115} INFO - [2024-10-08 17:08:48,899] {dag.py:2379} INFO - Sync 1 DAGs
[2024-10-08 17:08:48,908] {logging_mixin.py:115} INFO - [2024-10-08 17:08:48,908] {dag.py:2927} INFO - Setting next_dagrun for example_xcom to 2021-01-01T00:00:00+00:00, run_after=2021-01-01T00:00:00+00:00
[2024-10-08 17:08:49,000] {processor.py:161} INFO - Processing /home/kennedy/KR/Programação/00.Estudos/DataEng/Alura/airflow-executores/venv/lib/python3.9/site-packages/airflow/example_dags/example_xcom.py took 0.166 seconds
[2024-10-08 17:19:55,884] {processor.py:153} INFO - Started process (PID=37971) to work on /home/kennedy/KR/Programação/00.Estudos/DataEng/Alura/airflow-executores/venv/lib/python3.9/site-packages/airflow/example_dags/example_xcom.py
[2024-10-08 17:19:55,890] {processor.py:641} INFO - Processing file /home/kennedy/KR/Programação/00.Estudos/DataEng/Alura/airflow-executores/venv/lib/python3.9/site-packages/airflow/example_dags/example_xcom.py for tasks to queue
[2024-10-08 17:19:55,891] {logging_mixin.py:115} INFO - [2024-10-08 17:19:55,891] {dagbag.py:507} INFO - Filling up the DagBag from /home/kennedy/KR/Programação/00.Estudos/DataEng/Alura/airflow-executores/venv/lib/python3.9/site-packages/airflow/example_dags/example_xcom.py
[2024-10-08 17:19:55,934] {processor.py:651} INFO - DAG(s) dict_keys(['example_xcom']) retrieved from /home/kennedy/KR/Programação/00.Estudos/DataEng/Alura/airflow-executores/venv/lib/python3.9/site-packages/airflow/example_dags/example_xcom.py
[2024-10-08 17:19:55,984] {logging_mixin.py:115} INFO - [2024-10-08 17:19:55,984] {dag.py:2379} INFO - Sync 1 DAGs
[2024-10-08 17:19:55,996] {logging_mixin.py:115} INFO - [2024-10-08 17:19:55,996] {dag.py:2927} INFO - Setting next_dagrun for example_xcom to 2021-01-01T00:00:00+00:00, run_after=2021-01-01T00:00:00+00:00
[2024-10-08 17:19:56,177] {processor.py:161} INFO - Processing /home/kennedy/KR/Programação/00.Estudos/DataEng/Alura/airflow-executores/venv/lib/python3.9/site-packages/airflow/example_dags/example_xcom.py took 0.301 seconds
