[2024-10-08 13:23:44,984] {processor.py:153} INFO - Started process (PID=37557) to work on /home/kennedy/KR/Programação/00.Estudos/DataEng/Alura/airflow-executores/venv/lib/python3.9/site-packages/airflow/example_dags/example_nested_branch_dag.py
[2024-10-08 13:23:44,986] {processor.py:641} INFO - Processing file /home/kennedy/KR/Programação/00.Estudos/DataEng/Alura/airflow-executores/venv/lib/python3.9/site-packages/airflow/example_dags/example_nested_branch_dag.py for tasks to queue
[2024-10-08 13:23:44,987] {logging_mixin.py:115} INFO - [2024-10-08 13:23:44,987] {dagbag.py:507} INFO - Filling up the DagBag from /home/kennedy/KR/Programação/00.Estudos/DataEng/Alura/airflow-executores/venv/lib/python3.9/site-packages/airflow/example_dags/example_nested_branch_dag.py
[2024-10-08 13:23:45,018] {processor.py:651} INFO - DAG(s) dict_keys(['example_nested_branch_dag']) retrieved from /home/kennedy/KR/Programação/00.Estudos/DataEng/Alura/airflow-executores/venv/lib/python3.9/site-packages/airflow/example_dags/example_nested_branch_dag.py
[2024-10-08 13:23:45,300] {logging_mixin.py:115} INFO - [2024-10-08 13:23:45,299] {manager.py:508} INFO - Created Permission View: can delete on DAG:example_nested_branch_dag
[2024-10-08 13:23:45,445] {logging_mixin.py:115} INFO - [2024-10-08 13:23:45,445] {manager.py:508} INFO - Created Permission View: can read on DAG:example_nested_branch_dag
[2024-10-08 13:23:45,599] {logging_mixin.py:115} INFO - [2024-10-08 13:23:45,598] {manager.py:508} INFO - Created Permission View: can edit on DAG:example_nested_branch_dag
[2024-10-08 13:23:45,600] {logging_mixin.py:115} INFO - [2024-10-08 13:23:45,600] {dag.py:2379} INFO - Sync 1 DAGs
[2024-10-08 13:23:45,622] {logging_mixin.py:115} INFO - [2024-10-08 13:23:45,622] {dag.py:2398} INFO - Creating ORM DAG for example_nested_branch_dag
[2024-10-08 13:23:45,650] {logging_mixin.py:115} INFO - [2024-10-08 13:23:45,650] {dag.py:2927} INFO - Setting next_dagrun for example_nested_branch_dag to 2024-10-07T00:00:00+00:00, run_after=2024-10-08T00:00:00+00:00
[2024-10-08 13:23:46,172] {processor.py:161} INFO - Processing /home/kennedy/KR/Programação/00.Estudos/DataEng/Alura/airflow-executores/venv/lib/python3.9/site-packages/airflow/example_dags/example_nested_branch_dag.py took 1.196 seconds
[2024-10-08 13:25:22,976] {processor.py:153} INFO - Started process (PID=37740) to work on /home/kennedy/KR/Programação/00.Estudos/DataEng/Alura/airflow-executores/venv/lib/python3.9/site-packages/airflow/example_dags/example_nested_branch_dag.py
[2024-10-08 13:25:22,978] {processor.py:641} INFO - Processing file /home/kennedy/KR/Programação/00.Estudos/DataEng/Alura/airflow-executores/venv/lib/python3.9/site-packages/airflow/example_dags/example_nested_branch_dag.py for tasks to queue
[2024-10-08 13:25:22,979] {logging_mixin.py:115} INFO - [2024-10-08 13:25:22,979] {dagbag.py:507} INFO - Filling up the DagBag from /home/kennedy/KR/Programação/00.Estudos/DataEng/Alura/airflow-executores/venv/lib/python3.9/site-packages/airflow/example_dags/example_nested_branch_dag.py
[2024-10-08 13:25:22,996] {processor.py:651} INFO - DAG(s) dict_keys(['example_nested_branch_dag']) retrieved from /home/kennedy/KR/Programação/00.Estudos/DataEng/Alura/airflow-executores/venv/lib/python3.9/site-packages/airflow/example_dags/example_nested_branch_dag.py
[2024-10-08 13:25:23,012] {logging_mixin.py:115} INFO - [2024-10-08 13:25:23,012] {dag.py:2379} INFO - Sync 1 DAGs
[2024-10-08 13:25:23,027] {logging_mixin.py:115} INFO - [2024-10-08 13:25:23,027] {dag.py:2927} INFO - Setting next_dagrun for example_nested_branch_dag to 2024-10-07T00:00:00+00:00, run_after=2024-10-08T00:00:00+00:00
[2024-10-08 13:25:23,736] {processor.py:161} INFO - Processing /home/kennedy/KR/Programação/00.Estudos/DataEng/Alura/airflow-executores/venv/lib/python3.9/site-packages/airflow/example_dags/example_nested_branch_dag.py took 0.765 seconds
[2024-10-08 13:26:30,429] {processor.py:153} INFO - Started process (PID=37824) to work on /home/kennedy/KR/Programação/00.Estudos/DataEng/Alura/airflow-executores/venv/lib/python3.9/site-packages/airflow/example_dags/example_nested_branch_dag.py
[2024-10-08 13:26:30,534] {processor.py:641} INFO - Processing file /home/kennedy/KR/Programação/00.Estudos/DataEng/Alura/airflow-executores/venv/lib/python3.9/site-packages/airflow/example_dags/example_nested_branch_dag.py for tasks to queue
[2024-10-08 13:26:30,535] {logging_mixin.py:115} INFO - [2024-10-08 13:26:30,535] {dagbag.py:507} INFO - Filling up the DagBag from /home/kennedy/KR/Programação/00.Estudos/DataEng/Alura/airflow-executores/venv/lib/python3.9/site-packages/airflow/example_dags/example_nested_branch_dag.py
[2024-10-08 13:26:30,557] {processor.py:651} INFO - DAG(s) dict_keys(['example_nested_branch_dag']) retrieved from /home/kennedy/KR/Programação/00.Estudos/DataEng/Alura/airflow-executores/venv/lib/python3.9/site-packages/airflow/example_dags/example_nested_branch_dag.py
[2024-10-08 13:26:30,580] {logging_mixin.py:115} INFO - [2024-10-08 13:26:30,580] {dag.py:2379} INFO - Sync 1 DAGs
[2024-10-08 13:26:30,596] {logging_mixin.py:115} INFO - [2024-10-08 13:26:30,596] {dag.py:2927} INFO - Setting next_dagrun for example_nested_branch_dag to 2024-10-07T00:00:00+00:00, run_after=2024-10-08T00:00:00+00:00
[2024-10-08 13:26:31,993] {processor.py:161} INFO - Processing /home/kennedy/KR/Programação/00.Estudos/DataEng/Alura/airflow-executores/venv/lib/python3.9/site-packages/airflow/example_dags/example_nested_branch_dag.py took 1.568 seconds
[2024-10-08 13:27:56,552] {processor.py:153} INFO - Started process (PID=38009) to work on /home/kennedy/KR/Programação/00.Estudos/DataEng/Alura/airflow-executores/venv/lib/python3.9/site-packages/airflow/example_dags/example_nested_branch_dag.py
[2024-10-08 13:27:56,678] {processor.py:641} INFO - Processing file /home/kennedy/KR/Programação/00.Estudos/DataEng/Alura/airflow-executores/venv/lib/python3.9/site-packages/airflow/example_dags/example_nested_branch_dag.py for tasks to queue
[2024-10-08 13:27:56,679] {logging_mixin.py:115} INFO - [2024-10-08 13:27:56,679] {dagbag.py:507} INFO - Filling up the DagBag from /home/kennedy/KR/Programação/00.Estudos/DataEng/Alura/airflow-executores/venv/lib/python3.9/site-packages/airflow/example_dags/example_nested_branch_dag.py
[2024-10-08 13:27:56,701] {processor.py:651} INFO - DAG(s) dict_keys(['example_nested_branch_dag']) retrieved from /home/kennedy/KR/Programação/00.Estudos/DataEng/Alura/airflow-executores/venv/lib/python3.9/site-packages/airflow/example_dags/example_nested_branch_dag.py
[2024-10-08 13:27:56,724] {logging_mixin.py:115} INFO - [2024-10-08 13:27:56,723] {dag.py:2379} INFO - Sync 1 DAGs
[2024-10-08 13:27:56,739] {logging_mixin.py:115} INFO - [2024-10-08 13:27:56,739] {dag.py:2927} INFO - Setting next_dagrun for example_nested_branch_dag to 2024-10-07T00:00:00+00:00, run_after=2024-10-08T00:00:00+00:00
[2024-10-08 13:27:56,948] {processor.py:161} INFO - Processing /home/kennedy/KR/Programação/00.Estudos/DataEng/Alura/airflow-executores/venv/lib/python3.9/site-packages/airflow/example_dags/example_nested_branch_dag.py took 0.403 seconds
[2024-10-08 13:29:14,072] {processor.py:153} INFO - Started process (PID=38145) to work on /home/kennedy/KR/Programação/00.Estudos/DataEng/Alura/airflow-executores/venv/lib/python3.9/site-packages/airflow/example_dags/example_nested_branch_dag.py
[2024-10-08 13:29:14,137] {processor.py:641} INFO - Processing file /home/kennedy/KR/Programação/00.Estudos/DataEng/Alura/airflow-executores/venv/lib/python3.9/site-packages/airflow/example_dags/example_nested_branch_dag.py for tasks to queue
[2024-10-08 13:29:14,137] {logging_mixin.py:115} INFO - [2024-10-08 13:29:14,137] {dagbag.py:507} INFO - Filling up the DagBag from /home/kennedy/KR/Programação/00.Estudos/DataEng/Alura/airflow-executores/venv/lib/python3.9/site-packages/airflow/example_dags/example_nested_branch_dag.py
[2024-10-08 13:29:14,146] {processor.py:651} INFO - DAG(s) dict_keys(['example_nested_branch_dag']) retrieved from /home/kennedy/KR/Programação/00.Estudos/DataEng/Alura/airflow-executores/venv/lib/python3.9/site-packages/airflow/example_dags/example_nested_branch_dag.py
[2024-10-08 13:29:14,163] {logging_mixin.py:115} INFO - [2024-10-08 13:29:14,163] {dag.py:2379} INFO - Sync 1 DAGs
[2024-10-08 13:29:14,181] {logging_mixin.py:115} INFO - [2024-10-08 13:29:14,181] {dag.py:2927} INFO - Setting next_dagrun for example_nested_branch_dag to 2024-10-07T00:00:00+00:00, run_after=2024-10-08T00:00:00+00:00
[2024-10-08 13:29:14,448] {processor.py:161} INFO - Processing /home/kennedy/KR/Programação/00.Estudos/DataEng/Alura/airflow-executores/venv/lib/python3.9/site-packages/airflow/example_dags/example_nested_branch_dag.py took 0.383 seconds
[2024-10-08 13:30:12,323] {processor.py:153} INFO - Started process (PID=38539) to work on /home/kennedy/KR/Programação/00.Estudos/DataEng/Alura/airflow-executores/venv/lib/python3.9/site-packages/airflow/example_dags/example_nested_branch_dag.py
[2024-10-08 13:30:12,353] {processor.py:641} INFO - Processing file /home/kennedy/KR/Programação/00.Estudos/DataEng/Alura/airflow-executores/venv/lib/python3.9/site-packages/airflow/example_dags/example_nested_branch_dag.py for tasks to queue
[2024-10-08 13:30:12,354] {logging_mixin.py:115} INFO - [2024-10-08 13:30:12,354] {dagbag.py:507} INFO - Filling up the DagBag from /home/kennedy/KR/Programação/00.Estudos/DataEng/Alura/airflow-executores/venv/lib/python3.9/site-packages/airflow/example_dags/example_nested_branch_dag.py
[2024-10-08 13:30:12,366] {processor.py:651} INFO - DAG(s) dict_keys(['example_nested_branch_dag']) retrieved from /home/kennedy/KR/Programação/00.Estudos/DataEng/Alura/airflow-executores/venv/lib/python3.9/site-packages/airflow/example_dags/example_nested_branch_dag.py
[2024-10-08 13:30:12,383] {logging_mixin.py:115} INFO - [2024-10-08 13:30:12,383] {dag.py:2379} INFO - Sync 1 DAGs
[2024-10-08 13:30:12,401] {logging_mixin.py:115} INFO - [2024-10-08 13:30:12,401] {dag.py:2927} INFO - Setting next_dagrun for example_nested_branch_dag to 2024-10-07T00:00:00+00:00, run_after=2024-10-08T00:00:00+00:00
[2024-10-08 13:30:13,174] {processor.py:161} INFO - Processing /home/kennedy/KR/Programação/00.Estudos/DataEng/Alura/airflow-executores/venv/lib/python3.9/site-packages/airflow/example_dags/example_nested_branch_dag.py took 0.858 seconds
[2024-10-08 13:31:12,077] {processor.py:153} INFO - Started process (PID=38626) to work on /home/kennedy/KR/Programação/00.Estudos/DataEng/Alura/airflow-executores/venv/lib/python3.9/site-packages/airflow/example_dags/example_nested_branch_dag.py
[2024-10-08 13:31:12,099] {processor.py:641} INFO - Processing file /home/kennedy/KR/Programação/00.Estudos/DataEng/Alura/airflow-executores/venv/lib/python3.9/site-packages/airflow/example_dags/example_nested_branch_dag.py for tasks to queue
[2024-10-08 13:31:12,100] {logging_mixin.py:115} INFO - [2024-10-08 13:31:12,100] {dagbag.py:507} INFO - Filling up the DagBag from /home/kennedy/KR/Programação/00.Estudos/DataEng/Alura/airflow-executores/venv/lib/python3.9/site-packages/airflow/example_dags/example_nested_branch_dag.py
[2024-10-08 13:31:12,122] {processor.py:651} INFO - DAG(s) dict_keys(['example_nested_branch_dag']) retrieved from /home/kennedy/KR/Programação/00.Estudos/DataEng/Alura/airflow-executores/venv/lib/python3.9/site-packages/airflow/example_dags/example_nested_branch_dag.py
[2024-10-08 13:31:12,141] {logging_mixin.py:115} INFO - [2024-10-08 13:31:12,141] {dag.py:2379} INFO - Sync 1 DAGs
[2024-10-08 13:31:12,156] {logging_mixin.py:115} INFO - [2024-10-08 13:31:12,156] {dag.py:2927} INFO - Setting next_dagrun for example_nested_branch_dag to 2024-10-07T00:00:00+00:00, run_after=2024-10-08T00:00:00+00:00
[2024-10-08 13:31:12,361] {processor.py:161} INFO - Processing /home/kennedy/KR/Programação/00.Estudos/DataEng/Alura/airflow-executores/venv/lib/python3.9/site-packages/airflow/example_dags/example_nested_branch_dag.py took 0.291 seconds
[2024-10-08 13:32:18,966] {processor.py:153} INFO - Started process (PID=38811) to work on /home/kennedy/KR/Programação/00.Estudos/DataEng/Alura/airflow-executores/venv/lib/python3.9/site-packages/airflow/example_dags/example_nested_branch_dag.py
[2024-10-08 13:32:19,225] {processor.py:641} INFO - Processing file /home/kennedy/KR/Programação/00.Estudos/DataEng/Alura/airflow-executores/venv/lib/python3.9/site-packages/airflow/example_dags/example_nested_branch_dag.py for tasks to queue
[2024-10-08 13:32:19,226] {logging_mixin.py:115} INFO - [2024-10-08 13:32:19,226] {dagbag.py:507} INFO - Filling up the DagBag from /home/kennedy/KR/Programação/00.Estudos/DataEng/Alura/airflow-executores/venv/lib/python3.9/site-packages/airflow/example_dags/example_nested_branch_dag.py
[2024-10-08 13:32:19,247] {processor.py:651} INFO - DAG(s) dict_keys(['example_nested_branch_dag']) retrieved from /home/kennedy/KR/Programação/00.Estudos/DataEng/Alura/airflow-executores/venv/lib/python3.9/site-packages/airflow/example_dags/example_nested_branch_dag.py
[2024-10-08 13:32:19,288] {logging_mixin.py:115} INFO - [2024-10-08 13:32:19,287] {dag.py:2379} INFO - Sync 1 DAGs
[2024-10-08 13:32:19,309] {logging_mixin.py:115} INFO - [2024-10-08 13:32:19,309] {dag.py:2927} INFO - Setting next_dagrun for example_nested_branch_dag to 2024-10-07T00:00:00+00:00, run_after=2024-10-08T00:00:00+00:00
[2024-10-08 13:32:19,910] {processor.py:161} INFO - Processing /home/kennedy/KR/Programação/00.Estudos/DataEng/Alura/airflow-executores/venv/lib/python3.9/site-packages/airflow/example_dags/example_nested_branch_dag.py took 0.947 seconds
[2024-10-08 13:33:38,621] {processor.py:153} INFO - Started process (PID=38911) to work on /home/kennedy/KR/Programação/00.Estudos/DataEng/Alura/airflow-executores/venv/lib/python3.9/site-packages/airflow/example_dags/example_nested_branch_dag.py
[2024-10-08 13:33:38,623] {processor.py:641} INFO - Processing file /home/kennedy/KR/Programação/00.Estudos/DataEng/Alura/airflow-executores/venv/lib/python3.9/site-packages/airflow/example_dags/example_nested_branch_dag.py for tasks to queue
[2024-10-08 13:33:38,624] {logging_mixin.py:115} INFO - [2024-10-08 13:33:38,624] {dagbag.py:507} INFO - Filling up the DagBag from /home/kennedy/KR/Programação/00.Estudos/DataEng/Alura/airflow-executores/venv/lib/python3.9/site-packages/airflow/example_dags/example_nested_branch_dag.py
[2024-10-08 13:33:38,644] {processor.py:651} INFO - DAG(s) dict_keys(['example_nested_branch_dag']) retrieved from /home/kennedy/KR/Programação/00.Estudos/DataEng/Alura/airflow-executores/venv/lib/python3.9/site-packages/airflow/example_dags/example_nested_branch_dag.py
[2024-10-08 13:33:38,675] {logging_mixin.py:115} INFO - [2024-10-08 13:33:38,675] {dag.py:2379} INFO - Sync 1 DAGs
[2024-10-08 13:33:38,696] {logging_mixin.py:115} INFO - [2024-10-08 13:33:38,695] {dag.py:2927} INFO - Setting next_dagrun for example_nested_branch_dag to 2024-10-07T00:00:00+00:00, run_after=2024-10-08T00:00:00+00:00
[2024-10-08 13:33:38,867] {processor.py:161} INFO - Processing /home/kennedy/KR/Programação/00.Estudos/DataEng/Alura/airflow-executores/venv/lib/python3.9/site-packages/airflow/example_dags/example_nested_branch_dag.py took 0.252 seconds
[2024-10-08 13:34:40,325] {processor.py:153} INFO - Started process (PID=39000) to work on /home/kennedy/KR/Programação/00.Estudos/DataEng/Alura/airflow-executores/venv/lib/python3.9/site-packages/airflow/example_dags/example_nested_branch_dag.py
[2024-10-08 13:34:40,326] {processor.py:641} INFO - Processing file /home/kennedy/KR/Programação/00.Estudos/DataEng/Alura/airflow-executores/venv/lib/python3.9/site-packages/airflow/example_dags/example_nested_branch_dag.py for tasks to queue
[2024-10-08 13:34:40,327] {logging_mixin.py:115} INFO - [2024-10-08 13:34:40,327] {dagbag.py:507} INFO - Filling up the DagBag from /home/kennedy/KR/Programação/00.Estudos/DataEng/Alura/airflow-executores/venv/lib/python3.9/site-packages/airflow/example_dags/example_nested_branch_dag.py
[2024-10-08 13:34:40,335] {processor.py:651} INFO - DAG(s) dict_keys(['example_nested_branch_dag']) retrieved from /home/kennedy/KR/Programação/00.Estudos/DataEng/Alura/airflow-executores/venv/lib/python3.9/site-packages/airflow/example_dags/example_nested_branch_dag.py
[2024-10-08 13:34:40,348] {logging_mixin.py:115} INFO - [2024-10-08 13:34:40,348] {dag.py:2379} INFO - Sync 1 DAGs
[2024-10-08 13:34:40,363] {logging_mixin.py:115} INFO - [2024-10-08 13:34:40,363] {dag.py:2927} INFO - Setting next_dagrun for example_nested_branch_dag to 2024-10-07T00:00:00+00:00, run_after=2024-10-08T00:00:00+00:00
[2024-10-08 13:34:41,596] {processor.py:161} INFO - Processing /home/kennedy/KR/Programação/00.Estudos/DataEng/Alura/airflow-executores/venv/lib/python3.9/site-packages/airflow/example_dags/example_nested_branch_dag.py took 1.272 seconds
[2024-10-08 16:36:58,663] {processor.py:153} INFO - Started process (PID=16690) to work on /home/kennedy/KR/Programação/00.Estudos/DataEng/Alura/airflow-executores/venv/lib/python3.9/site-packages/airflow/example_dags/example_nested_branch_dag.py
[2024-10-08 16:36:58,666] {processor.py:641} INFO - Processing file /home/kennedy/KR/Programação/00.Estudos/DataEng/Alura/airflow-executores/venv/lib/python3.9/site-packages/airflow/example_dags/example_nested_branch_dag.py for tasks to queue
[2024-10-08 16:36:58,667] {logging_mixin.py:115} INFO - [2024-10-08 16:36:58,667] {dagbag.py:507} INFO - Filling up the DagBag from /home/kennedy/KR/Programação/00.Estudos/DataEng/Alura/airflow-executores/venv/lib/python3.9/site-packages/airflow/example_dags/example_nested_branch_dag.py
[2024-10-08 16:36:58,684] {processor.py:651} INFO - DAG(s) dict_keys(['example_nested_branch_dag']) retrieved from /home/kennedy/KR/Programação/00.Estudos/DataEng/Alura/airflow-executores/venv/lib/python3.9/site-packages/airflow/example_dags/example_nested_branch_dag.py
[2024-10-08 16:36:58,718] {logging_mixin.py:115} INFO - [2024-10-08 16:36:58,718] {dag.py:2379} INFO - Sync 1 DAGs
[2024-10-08 16:36:58,733] {logging_mixin.py:115} INFO - [2024-10-08 16:36:58,732] {dag.py:2927} INFO - Setting next_dagrun for example_nested_branch_dag to 2024-10-07T00:00:00+00:00, run_after=2024-10-08T00:00:00+00:00
[2024-10-08 16:36:58,816] {processor.py:161} INFO - Processing /home/kennedy/KR/Programação/00.Estudos/DataEng/Alura/airflow-executores/venv/lib/python3.9/site-packages/airflow/example_dags/example_nested_branch_dag.py took 0.159 seconds
[2024-10-08 16:37:43,021] {processor.py:153} INFO - Started process (PID=16802) to work on /home/kennedy/KR/Programação/00.Estudos/DataEng/Alura/airflow-executores/venv/lib/python3.9/site-packages/airflow/example_dags/example_nested_branch_dag.py
[2024-10-08 16:37:43,049] {processor.py:641} INFO - Processing file /home/kennedy/KR/Programação/00.Estudos/DataEng/Alura/airflow-executores/venv/lib/python3.9/site-packages/airflow/example_dags/example_nested_branch_dag.py for tasks to queue
[2024-10-08 16:37:43,049] {logging_mixin.py:115} INFO - [2024-10-08 16:37:43,049] {dagbag.py:507} INFO - Filling up the DagBag from /home/kennedy/KR/Programação/00.Estudos/DataEng/Alura/airflow-executores/venv/lib/python3.9/site-packages/airflow/example_dags/example_nested_branch_dag.py
[2024-10-08 16:37:43,061] {processor.py:651} INFO - DAG(s) dict_keys(['example_nested_branch_dag']) retrieved from /home/kennedy/KR/Programação/00.Estudos/DataEng/Alura/airflow-executores/venv/lib/python3.9/site-packages/airflow/example_dags/example_nested_branch_dag.py
[2024-10-08 16:37:43,077] {logging_mixin.py:115} INFO - [2024-10-08 16:37:43,077] {dag.py:2379} INFO - Sync 1 DAGs
[2024-10-08 16:37:43,094] {logging_mixin.py:115} INFO - [2024-10-08 16:37:43,094] {dag.py:2927} INFO - Setting next_dagrun for example_nested_branch_dag to 2024-10-07T00:00:00+00:00, run_after=2024-10-08T00:00:00+00:00
[2024-10-08 16:37:43,176] {processor.py:161} INFO - Processing /home/kennedy/KR/Programação/00.Estudos/DataEng/Alura/airflow-executores/venv/lib/python3.9/site-packages/airflow/example_dags/example_nested_branch_dag.py took 0.158 seconds
[2024-10-08 16:39:13,537] {processor.py:153} INFO - Started process (PID=17476) to work on /home/kennedy/KR/Programação/00.Estudos/DataEng/Alura/airflow-executores/venv/lib/python3.9/site-packages/airflow/example_dags/example_nested_branch_dag.py
[2024-10-08 16:39:13,673] {processor.py:641} INFO - Processing file /home/kennedy/KR/Programação/00.Estudos/DataEng/Alura/airflow-executores/venv/lib/python3.9/site-packages/airflow/example_dags/example_nested_branch_dag.py for tasks to queue
[2024-10-08 16:39:13,674] {logging_mixin.py:115} INFO - [2024-10-08 16:39:13,674] {dagbag.py:507} INFO - Filling up the DagBag from /home/kennedy/KR/Programação/00.Estudos/DataEng/Alura/airflow-executores/venv/lib/python3.9/site-packages/airflow/example_dags/example_nested_branch_dag.py
[2024-10-08 16:39:13,700] {processor.py:651} INFO - DAG(s) dict_keys(['example_nested_branch_dag']) retrieved from /home/kennedy/KR/Programação/00.Estudos/DataEng/Alura/airflow-executores/venv/lib/python3.9/site-packages/airflow/example_dags/example_nested_branch_dag.py
[2024-10-08 16:39:13,731] {logging_mixin.py:115} INFO - [2024-10-08 16:39:13,731] {dag.py:2379} INFO - Sync 1 DAGs
[2024-10-08 16:39:13,747] {logging_mixin.py:115} INFO - [2024-10-08 16:39:13,747] {dag.py:2927} INFO - Setting next_dagrun for example_nested_branch_dag to 2024-10-07T00:00:00+00:00, run_after=2024-10-08T00:00:00+00:00
[2024-10-08 16:39:14,573] {processor.py:161} INFO - Processing /home/kennedy/KR/Programação/00.Estudos/DataEng/Alura/airflow-executores/venv/lib/python3.9/site-packages/airflow/example_dags/example_nested_branch_dag.py took 1.044 seconds
[2024-10-08 16:41:40,920] {processor.py:153} INFO - Started process (PID=18050) to work on /home/kennedy/KR/Programação/00.Estudos/DataEng/Alura/airflow-executores/venv/lib/python3.9/site-packages/airflow/example_dags/example_nested_branch_dag.py
[2024-10-08 16:41:40,953] {processor.py:641} INFO - Processing file /home/kennedy/KR/Programação/00.Estudos/DataEng/Alura/airflow-executores/venv/lib/python3.9/site-packages/airflow/example_dags/example_nested_branch_dag.py for tasks to queue
[2024-10-08 16:41:40,955] {logging_mixin.py:115} INFO - [2024-10-08 16:41:40,954] {dagbag.py:507} INFO - Filling up the DagBag from /home/kennedy/KR/Programação/00.Estudos/DataEng/Alura/airflow-executores/venv/lib/python3.9/site-packages/airflow/example_dags/example_nested_branch_dag.py
[2024-10-08 16:41:40,981] {processor.py:651} INFO - DAG(s) dict_keys(['example_nested_branch_dag']) retrieved from /home/kennedy/KR/Programação/00.Estudos/DataEng/Alura/airflow-executores/venv/lib/python3.9/site-packages/airflow/example_dags/example_nested_branch_dag.py
[2024-10-08 16:41:40,999] {logging_mixin.py:115} INFO - [2024-10-08 16:41:40,999] {dag.py:2379} INFO - Sync 1 DAGs
[2024-10-08 16:41:41,018] {logging_mixin.py:115} INFO - [2024-10-08 16:41:41,018] {dag.py:2927} INFO - Setting next_dagrun for example_nested_branch_dag to 2024-10-07T00:00:00+00:00, run_after=2024-10-08T00:00:00+00:00
[2024-10-08 16:41:42,301] {processor.py:161} INFO - Processing /home/kennedy/KR/Programação/00.Estudos/DataEng/Alura/airflow-executores/venv/lib/python3.9/site-packages/airflow/example_dags/example_nested_branch_dag.py took 1.386 seconds
[2024-10-08 16:43:01,755] {processor.py:153} INFO - Started process (PID=18215) to work on /home/kennedy/KR/Programação/00.Estudos/DataEng/Alura/airflow-executores/venv/lib/python3.9/site-packages/airflow/example_dags/example_nested_branch_dag.py
[2024-10-08 16:43:01,791] {processor.py:641} INFO - Processing file /home/kennedy/KR/Programação/00.Estudos/DataEng/Alura/airflow-executores/venv/lib/python3.9/site-packages/airflow/example_dags/example_nested_branch_dag.py for tasks to queue
[2024-10-08 16:43:01,792] {logging_mixin.py:115} INFO - [2024-10-08 16:43:01,792] {dagbag.py:507} INFO - Filling up the DagBag from /home/kennedy/KR/Programação/00.Estudos/DataEng/Alura/airflow-executores/venv/lib/python3.9/site-packages/airflow/example_dags/example_nested_branch_dag.py
[2024-10-08 16:43:01,815] {processor.py:651} INFO - DAG(s) dict_keys(['example_nested_branch_dag']) retrieved from /home/kennedy/KR/Programação/00.Estudos/DataEng/Alura/airflow-executores/venv/lib/python3.9/site-packages/airflow/example_dags/example_nested_branch_dag.py
[2024-10-08 16:43:01,834] {logging_mixin.py:115} INFO - [2024-10-08 16:43:01,834] {dag.py:2379} INFO - Sync 1 DAGs
[2024-10-08 16:43:01,849] {logging_mixin.py:115} INFO - [2024-10-08 16:43:01,849] {dag.py:2927} INFO - Setting next_dagrun for example_nested_branch_dag to 2024-10-07T00:00:00+00:00, run_after=2024-10-08T00:00:00+00:00
[2024-10-08 16:43:02,476] {processor.py:161} INFO - Processing /home/kennedy/KR/Programação/00.Estudos/DataEng/Alura/airflow-executores/venv/lib/python3.9/site-packages/airflow/example_dags/example_nested_branch_dag.py took 0.723 seconds
[2024-10-08 16:44:17,292] {processor.py:153} INFO - Started process (PID=18267) to work on /home/kennedy/KR/Programação/00.Estudos/DataEng/Alura/airflow-executores/venv/lib/python3.9/site-packages/airflow/example_dags/example_nested_branch_dag.py
[2024-10-08 16:44:17,312] {processor.py:641} INFO - Processing file /home/kennedy/KR/Programação/00.Estudos/DataEng/Alura/airflow-executores/venv/lib/python3.9/site-packages/airflow/example_dags/example_nested_branch_dag.py for tasks to queue
[2024-10-08 16:44:17,313] {logging_mixin.py:115} INFO - [2024-10-08 16:44:17,312] {dagbag.py:507} INFO - Filling up the DagBag from /home/kennedy/KR/Programação/00.Estudos/DataEng/Alura/airflow-executores/venv/lib/python3.9/site-packages/airflow/example_dags/example_nested_branch_dag.py
[2024-10-08 16:44:17,323] {processor.py:651} INFO - DAG(s) dict_keys(['example_nested_branch_dag']) retrieved from /home/kennedy/KR/Programação/00.Estudos/DataEng/Alura/airflow-executores/venv/lib/python3.9/site-packages/airflow/example_dags/example_nested_branch_dag.py
[2024-10-08 16:44:17,338] {logging_mixin.py:115} INFO - [2024-10-08 16:44:17,338] {dag.py:2379} INFO - Sync 1 DAGs
[2024-10-08 16:44:17,355] {logging_mixin.py:115} INFO - [2024-10-08 16:44:17,355] {dag.py:2927} INFO - Setting next_dagrun for example_nested_branch_dag to 2024-10-07T00:00:00+00:00, run_after=2024-10-08T00:00:00+00:00
[2024-10-08 16:44:17,428] {processor.py:161} INFO - Processing /home/kennedy/KR/Programação/00.Estudos/DataEng/Alura/airflow-executores/venv/lib/python3.9/site-packages/airflow/example_dags/example_nested_branch_dag.py took 0.139 seconds
[2024-10-08 16:46:53,625] {processor.py:153} INFO - Started process (PID=19013) to work on /home/kennedy/KR/Programação/00.Estudos/DataEng/Alura/airflow-executores/venv/lib/python3.9/site-packages/airflow/example_dags/example_nested_branch_dag.py
[2024-10-08 16:46:53,639] {processor.py:641} INFO - Processing file /home/kennedy/KR/Programação/00.Estudos/DataEng/Alura/airflow-executores/venv/lib/python3.9/site-packages/airflow/example_dags/example_nested_branch_dag.py for tasks to queue
[2024-10-08 16:46:53,640] {logging_mixin.py:115} INFO - [2024-10-08 16:46:53,640] {dagbag.py:507} INFO - Filling up the DagBag from /home/kennedy/KR/Programação/00.Estudos/DataEng/Alura/airflow-executores/venv/lib/python3.9/site-packages/airflow/example_dags/example_nested_branch_dag.py
[2024-10-08 16:46:53,661] {processor.py:651} INFO - DAG(s) dict_keys(['example_nested_branch_dag']) retrieved from /home/kennedy/KR/Programação/00.Estudos/DataEng/Alura/airflow-executores/venv/lib/python3.9/site-packages/airflow/example_dags/example_nested_branch_dag.py
[2024-10-08 16:46:53,679] {logging_mixin.py:115} INFO - [2024-10-08 16:46:53,679] {dag.py:2379} INFO - Sync 1 DAGs
[2024-10-08 16:46:53,693] {logging_mixin.py:115} INFO - [2024-10-08 16:46:53,693] {dag.py:2927} INFO - Setting next_dagrun for example_nested_branch_dag to 2024-10-07T00:00:00+00:00, run_after=2024-10-08T00:00:00+00:00
[2024-10-08 16:46:54,975] {processor.py:161} INFO - Processing /home/kennedy/KR/Programação/00.Estudos/DataEng/Alura/airflow-executores/venv/lib/python3.9/site-packages/airflow/example_dags/example_nested_branch_dag.py took 1.356 seconds
[2024-10-08 16:48:17,501] {processor.py:153} INFO - Started process (PID=19234) to work on /home/kennedy/KR/Programação/00.Estudos/DataEng/Alura/airflow-executores/venv/lib/python3.9/site-packages/airflow/example_dags/example_nested_branch_dag.py
[2024-10-08 16:48:17,512] {processor.py:641} INFO - Processing file /home/kennedy/KR/Programação/00.Estudos/DataEng/Alura/airflow-executores/venv/lib/python3.9/site-packages/airflow/example_dags/example_nested_branch_dag.py for tasks to queue
[2024-10-08 16:48:17,512] {logging_mixin.py:115} INFO - [2024-10-08 16:48:17,512] {dagbag.py:507} INFO - Filling up the DagBag from /home/kennedy/KR/Programação/00.Estudos/DataEng/Alura/airflow-executores/venv/lib/python3.9/site-packages/airflow/example_dags/example_nested_branch_dag.py
[2024-10-08 16:48:17,519] {processor.py:651} INFO - DAG(s) dict_keys(['example_nested_branch_dag']) retrieved from /home/kennedy/KR/Programação/00.Estudos/DataEng/Alura/airflow-executores/venv/lib/python3.9/site-packages/airflow/example_dags/example_nested_branch_dag.py
[2024-10-08 16:48:17,531] {logging_mixin.py:115} INFO - [2024-10-08 16:48:17,531] {dag.py:2379} INFO - Sync 1 DAGs
[2024-10-08 16:48:17,544] {logging_mixin.py:115} INFO - [2024-10-08 16:48:17,544] {dag.py:2927} INFO - Setting next_dagrun for example_nested_branch_dag to 2024-10-07T00:00:00+00:00, run_after=2024-10-08T00:00:00+00:00
[2024-10-08 16:48:18,708] {processor.py:161} INFO - Processing /home/kennedy/KR/Programação/00.Estudos/DataEng/Alura/airflow-executores/venv/lib/python3.9/site-packages/airflow/example_dags/example_nested_branch_dag.py took 1.209 seconds
[2024-10-08 16:49:26,809] {processor.py:153} INFO - Started process (PID=19315) to work on /home/kennedy/KR/Programação/00.Estudos/DataEng/Alura/airflow-executores/venv/lib/python3.9/site-packages/airflow/example_dags/example_nested_branch_dag.py
[2024-10-08 16:49:26,811] {processor.py:641} INFO - Processing file /home/kennedy/KR/Programação/00.Estudos/DataEng/Alura/airflow-executores/venv/lib/python3.9/site-packages/airflow/example_dags/example_nested_branch_dag.py for tasks to queue
[2024-10-08 16:49:26,812] {logging_mixin.py:115} INFO - [2024-10-08 16:49:26,812] {dagbag.py:507} INFO - Filling up the DagBag from /home/kennedy/KR/Programação/00.Estudos/DataEng/Alura/airflow-executores/venv/lib/python3.9/site-packages/airflow/example_dags/example_nested_branch_dag.py
[2024-10-08 16:49:26,834] {processor.py:651} INFO - DAG(s) dict_keys(['example_nested_branch_dag']) retrieved from /home/kennedy/KR/Programação/00.Estudos/DataEng/Alura/airflow-executores/venv/lib/python3.9/site-packages/airflow/example_dags/example_nested_branch_dag.py
[2024-10-08 16:49:27,182] {logging_mixin.py:115} INFO - [2024-10-08 16:49:27,182] {dag.py:2379} INFO - Sync 1 DAGs
[2024-10-08 16:49:27,199] {logging_mixin.py:115} INFO - [2024-10-08 16:49:27,199] {dag.py:2927} INFO - Setting next_dagrun for example_nested_branch_dag to 2024-10-07T00:00:00+00:00, run_after=2024-10-08T00:00:00+00:00
[2024-10-08 16:49:27,287] {processor.py:161} INFO - Processing /home/kennedy/KR/Programação/00.Estudos/DataEng/Alura/airflow-executores/venv/lib/python3.9/site-packages/airflow/example_dags/example_nested_branch_dag.py took 0.484 seconds
[2024-10-08 16:53:08,127] {processor.py:153} INFO - Started process (PID=21569) to work on /home/kennedy/KR/Programação/00.Estudos/DataEng/Alura/airflow-executores/venv/lib/python3.9/site-packages/airflow/example_dags/example_nested_branch_dag.py
[2024-10-08 16:53:08,140] {processor.py:641} INFO - Processing file /home/kennedy/KR/Programação/00.Estudos/DataEng/Alura/airflow-executores/venv/lib/python3.9/site-packages/airflow/example_dags/example_nested_branch_dag.py for tasks to queue
[2024-10-08 16:53:08,141] {logging_mixin.py:115} INFO - [2024-10-08 16:53:08,141] {dagbag.py:507} INFO - Filling up the DagBag from /home/kennedy/KR/Programação/00.Estudos/DataEng/Alura/airflow-executores/venv/lib/python3.9/site-packages/airflow/example_dags/example_nested_branch_dag.py
[2024-10-08 16:53:08,158] {processor.py:651} INFO - DAG(s) dict_keys(['example_nested_branch_dag']) retrieved from /home/kennedy/KR/Programação/00.Estudos/DataEng/Alura/airflow-executores/venv/lib/python3.9/site-packages/airflow/example_dags/example_nested_branch_dag.py
[2024-10-08 16:53:08,173] {logging_mixin.py:115} INFO - [2024-10-08 16:53:08,173] {dag.py:2379} INFO - Sync 1 DAGs
[2024-10-08 16:53:08,188] {logging_mixin.py:115} INFO - [2024-10-08 16:53:08,188] {dag.py:2927} INFO - Setting next_dagrun for example_nested_branch_dag to 2024-10-07T00:00:00+00:00, run_after=2024-10-08T00:00:00+00:00
[2024-10-08 16:53:08,430] {processor.py:161} INFO - Processing /home/kennedy/KR/Programação/00.Estudos/DataEng/Alura/airflow-executores/venv/lib/python3.9/site-packages/airflow/example_dags/example_nested_branch_dag.py took 0.309 seconds
[2024-10-08 17:22:50,099] {processor.py:153} INFO - Started process (PID=40096) to work on /home/kennedy/KR/Programação/00.Estudos/DataEng/Alura/airflow-executores/venv/lib/python3.9/site-packages/airflow/example_dags/example_nested_branch_dag.py
[2024-10-08 17:22:50,101] {processor.py:641} INFO - Processing file /home/kennedy/KR/Programação/00.Estudos/DataEng/Alura/airflow-executores/venv/lib/python3.9/site-packages/airflow/example_dags/example_nested_branch_dag.py for tasks to queue
[2024-10-08 17:22:50,102] {logging_mixin.py:115} INFO - [2024-10-08 17:22:50,101] {dagbag.py:507} INFO - Filling up the DagBag from /home/kennedy/KR/Programação/00.Estudos/DataEng/Alura/airflow-executores/venv/lib/python3.9/site-packages/airflow/example_dags/example_nested_branch_dag.py
[2024-10-08 17:22:50,118] {processor.py:651} INFO - DAG(s) dict_keys(['example_nested_branch_dag']) retrieved from /home/kennedy/KR/Programação/00.Estudos/DataEng/Alura/airflow-executores/venv/lib/python3.9/site-packages/airflow/example_dags/example_nested_branch_dag.py
[2024-10-08 17:22:50,139] {logging_mixin.py:115} INFO - [2024-10-08 17:22:50,139] {dag.py:2379} INFO - Sync 1 DAGs
[2024-10-08 17:22:50,152] {logging_mixin.py:115} INFO - [2024-10-08 17:22:50,152] {dag.py:2927} INFO - Setting next_dagrun for example_nested_branch_dag to 2024-10-07T00:00:00+00:00, run_after=2024-10-08T00:00:00+00:00
[2024-10-08 17:22:50,985] {processor.py:161} INFO - Processing /home/kennedy/KR/Programação/00.Estudos/DataEng/Alura/airflow-executores/venv/lib/python3.9/site-packages/airflow/example_dags/example_nested_branch_dag.py took 0.889 seconds
