[2024-10-08 13:22:37,517] {processor.py:153} INFO - Started process (PID=37354) to work on /home/kennedy/KR/Programação/00.Estudos/DataEng/Alura/airflow-executores/venv/lib/python3.9/site-packages/airflow/example_dags/example_trigger_target_dag.py
[2024-10-08 13:22:37,518] {processor.py:641} INFO - Processing file /home/kennedy/KR/Programação/00.Estudos/DataEng/Alura/airflow-executores/venv/lib/python3.9/site-packages/airflow/example_dags/example_trigger_target_dag.py for tasks to queue
[2024-10-08 13:22:37,519] {logging_mixin.py:115} INFO - [2024-10-08 13:22:37,519] {dagbag.py:507} INFO - Filling up the DagBag from /home/kennedy/KR/Programação/00.Estudos/DataEng/Alura/airflow-executores/venv/lib/python3.9/site-packages/airflow/example_dags/example_trigger_target_dag.py
[2024-10-08 13:22:37,546] {processor.py:651} INFO - DAG(s) dict_keys(['example_trigger_target_dag']) retrieved from /home/kennedy/KR/Programação/00.Estudos/DataEng/Alura/airflow-executores/venv/lib/python3.9/site-packages/airflow/example_dags/example_trigger_target_dag.py
[2024-10-08 13:22:37,896] {logging_mixin.py:115} INFO - [2024-10-08 13:22:37,896] {manager.py:508} INFO - Created Permission View: can delete on DAG:example_trigger_target_dag
[2024-10-08 13:22:40,533] {logging_mixin.py:115} INFO - [2024-10-08 13:22:40,533] {manager.py:508} INFO - Created Permission View: can read on DAG:example_trigger_target_dag
[2024-10-08 13:22:41,637] {logging_mixin.py:115} INFO - [2024-10-08 13:22:41,637] {manager.py:508} INFO - Created Permission View: can edit on DAG:example_trigger_target_dag
[2024-10-08 13:22:41,637] {logging_mixin.py:115} INFO - [2024-10-08 13:22:41,637] {dag.py:2379} INFO - Sync 1 DAGs
[2024-10-08 13:22:41,648] {logging_mixin.py:115} INFO - [2024-10-08 13:22:41,648] {dag.py:2398} INFO - Creating ORM DAG for example_trigger_target_dag
[2024-10-08 13:22:41,658] {logging_mixin.py:115} INFO - [2024-10-08 13:22:41,658] {dag.py:2927} INFO - Setting next_dagrun for example_trigger_target_dag to None, run_after=None
[2024-10-08 13:22:45,314] {processor.py:161} INFO - Processing /home/kennedy/KR/Programação/00.Estudos/DataEng/Alura/airflow-executores/venv/lib/python3.9/site-packages/airflow/example_dags/example_trigger_target_dag.py took 7.803 seconds
[2024-10-08 13:24:54,727] {processor.py:153} INFO - Started process (PID=37718) to work on /home/kennedy/KR/Programação/00.Estudos/DataEng/Alura/airflow-executores/venv/lib/python3.9/site-packages/airflow/example_dags/example_trigger_target_dag.py
[2024-10-08 13:24:54,856] {processor.py:641} INFO - Processing file /home/kennedy/KR/Programação/00.Estudos/DataEng/Alura/airflow-executores/venv/lib/python3.9/site-packages/airflow/example_dags/example_trigger_target_dag.py for tasks to queue
[2024-10-08 13:24:54,857] {logging_mixin.py:115} INFO - [2024-10-08 13:24:54,857] {dagbag.py:507} INFO - Filling up the DagBag from /home/kennedy/KR/Programação/00.Estudos/DataEng/Alura/airflow-executores/venv/lib/python3.9/site-packages/airflow/example_dags/example_trigger_target_dag.py
[2024-10-08 13:24:54,872] {processor.py:651} INFO - DAG(s) dict_keys(['example_trigger_target_dag']) retrieved from /home/kennedy/KR/Programação/00.Estudos/DataEng/Alura/airflow-executores/venv/lib/python3.9/site-packages/airflow/example_dags/example_trigger_target_dag.py
[2024-10-08 13:24:54,887] {logging_mixin.py:115} INFO - [2024-10-08 13:24:54,887] {dag.py:2379} INFO - Sync 1 DAGs
[2024-10-08 13:24:54,911] {logging_mixin.py:115} INFO - [2024-10-08 13:24:54,910] {dag.py:2927} INFO - Setting next_dagrun for example_trigger_target_dag to None, run_after=None
[2024-10-08 13:24:57,039] {processor.py:161} INFO - Processing /home/kennedy/KR/Programação/00.Estudos/DataEng/Alura/airflow-executores/venv/lib/python3.9/site-packages/airflow/example_dags/example_trigger_target_dag.py took 2.316 seconds
[2024-10-08 13:25:51,316] {processor.py:153} INFO - Started process (PID=37790) to work on /home/kennedy/KR/Programação/00.Estudos/DataEng/Alura/airflow-executores/venv/lib/python3.9/site-packages/airflow/example_dags/example_trigger_target_dag.py
[2024-10-08 13:25:51,559] {processor.py:641} INFO - Processing file /home/kennedy/KR/Programação/00.Estudos/DataEng/Alura/airflow-executores/venv/lib/python3.9/site-packages/airflow/example_dags/example_trigger_target_dag.py for tasks to queue
[2024-10-08 13:25:51,560] {logging_mixin.py:115} INFO - [2024-10-08 13:25:51,560] {dagbag.py:507} INFO - Filling up the DagBag from /home/kennedy/KR/Programação/00.Estudos/DataEng/Alura/airflow-executores/venv/lib/python3.9/site-packages/airflow/example_dags/example_trigger_target_dag.py
[2024-10-08 13:25:51,578] {processor.py:651} INFO - DAG(s) dict_keys(['example_trigger_target_dag']) retrieved from /home/kennedy/KR/Programação/00.Estudos/DataEng/Alura/airflow-executores/venv/lib/python3.9/site-packages/airflow/example_dags/example_trigger_target_dag.py
[2024-10-08 13:25:51,594] {logging_mixin.py:115} INFO - [2024-10-08 13:25:51,594] {dag.py:2379} INFO - Sync 1 DAGs
[2024-10-08 13:25:51,611] {logging_mixin.py:115} INFO - [2024-10-08 13:25:51,611] {dag.py:2927} INFO - Setting next_dagrun for example_trigger_target_dag to None, run_after=None
[2024-10-08 13:25:51,734] {processor.py:161} INFO - Processing /home/kennedy/KR/Programação/00.Estudos/DataEng/Alura/airflow-executores/venv/lib/python3.9/site-packages/airflow/example_dags/example_trigger_target_dag.py took 0.424 seconds
[2024-10-08 13:26:53,768] {processor.py:153} INFO - Started process (PID=37869) to work on /home/kennedy/KR/Programação/00.Estudos/DataEng/Alura/airflow-executores/venv/lib/python3.9/site-packages/airflow/example_dags/example_trigger_target_dag.py
[2024-10-08 13:26:53,879] {processor.py:641} INFO - Processing file /home/kennedy/KR/Programação/00.Estudos/DataEng/Alura/airflow-executores/venv/lib/python3.9/site-packages/airflow/example_dags/example_trigger_target_dag.py for tasks to queue
[2024-10-08 13:26:53,880] {logging_mixin.py:115} INFO - [2024-10-08 13:26:53,880] {dagbag.py:507} INFO - Filling up the DagBag from /home/kennedy/KR/Programação/00.Estudos/DataEng/Alura/airflow-executores/venv/lib/python3.9/site-packages/airflow/example_dags/example_trigger_target_dag.py
[2024-10-08 13:26:53,914] {processor.py:651} INFO - DAG(s) dict_keys(['example_trigger_target_dag']) retrieved from /home/kennedy/KR/Programação/00.Estudos/DataEng/Alura/airflow-executores/venv/lib/python3.9/site-packages/airflow/example_dags/example_trigger_target_dag.py
[2024-10-08 13:26:53,929] {logging_mixin.py:115} INFO - [2024-10-08 13:26:53,929] {dag.py:2379} INFO - Sync 1 DAGs
[2024-10-08 13:26:53,944] {logging_mixin.py:115} INFO - [2024-10-08 13:26:53,943] {dag.py:2927} INFO - Setting next_dagrun for example_trigger_target_dag to None, run_after=None
[2024-10-08 13:26:55,985] {processor.py:161} INFO - Processing /home/kennedy/KR/Programação/00.Estudos/DataEng/Alura/airflow-executores/venv/lib/python3.9/site-packages/airflow/example_dags/example_trigger_target_dag.py took 2.223 seconds
[2024-10-08 13:28:21,574] {processor.py:153} INFO - Started process (PID=38054) to work on /home/kennedy/KR/Programação/00.Estudos/DataEng/Alura/airflow-executores/venv/lib/python3.9/site-packages/airflow/example_dags/example_trigger_target_dag.py
[2024-10-08 13:28:21,736] {processor.py:641} INFO - Processing file /home/kennedy/KR/Programação/00.Estudos/DataEng/Alura/airflow-executores/venv/lib/python3.9/site-packages/airflow/example_dags/example_trigger_target_dag.py for tasks to queue
[2024-10-08 13:28:21,737] {logging_mixin.py:115} INFO - [2024-10-08 13:28:21,737] {dagbag.py:507} INFO - Filling up the DagBag from /home/kennedy/KR/Programação/00.Estudos/DataEng/Alura/airflow-executores/venv/lib/python3.9/site-packages/airflow/example_dags/example_trigger_target_dag.py
[2024-10-08 13:28:21,758] {processor.py:651} INFO - DAG(s) dict_keys(['example_trigger_target_dag']) retrieved from /home/kennedy/KR/Programação/00.Estudos/DataEng/Alura/airflow-executores/venv/lib/python3.9/site-packages/airflow/example_dags/example_trigger_target_dag.py
[2024-10-08 13:28:21,771] {logging_mixin.py:115} INFO - [2024-10-08 13:28:21,771] {dag.py:2379} INFO - Sync 1 DAGs
[2024-10-08 13:28:21,789] {logging_mixin.py:115} INFO - [2024-10-08 13:28:21,789] {dag.py:2927} INFO - Setting next_dagrun for example_trigger_target_dag to None, run_after=None
[2024-10-08 13:28:22,142] {processor.py:161} INFO - Processing /home/kennedy/KR/Programação/00.Estudos/DataEng/Alura/airflow-executores/venv/lib/python3.9/site-packages/airflow/example_dags/example_trigger_target_dag.py took 0.570 seconds
[2024-10-08 13:29:36,992] {processor.py:153} INFO - Started process (PID=38463) to work on /home/kennedy/KR/Programação/00.Estudos/DataEng/Alura/airflow-executores/venv/lib/python3.9/site-packages/airflow/example_dags/example_trigger_target_dag.py
[2024-10-08 13:29:36,999] {processor.py:641} INFO - Processing file /home/kennedy/KR/Programação/00.Estudos/DataEng/Alura/airflow-executores/venv/lib/python3.9/site-packages/airflow/example_dags/example_trigger_target_dag.py for tasks to queue
[2024-10-08 13:29:37,000] {logging_mixin.py:115} INFO - [2024-10-08 13:29:37,000] {dagbag.py:507} INFO - Filling up the DagBag from /home/kennedy/KR/Programação/00.Estudos/DataEng/Alura/airflow-executores/venv/lib/python3.9/site-packages/airflow/example_dags/example_trigger_target_dag.py
[2024-10-08 13:29:37,027] {processor.py:651} INFO - DAG(s) dict_keys(['example_trigger_target_dag']) retrieved from /home/kennedy/KR/Programação/00.Estudos/DataEng/Alura/airflow-executores/venv/lib/python3.9/site-packages/airflow/example_dags/example_trigger_target_dag.py
[2024-10-08 13:29:37,042] {logging_mixin.py:115} INFO - [2024-10-08 13:29:37,041] {dag.py:2379} INFO - Sync 1 DAGs
[2024-10-08 13:29:37,059] {logging_mixin.py:115} INFO - [2024-10-08 13:29:37,059] {dag.py:2927} INFO - Setting next_dagrun for example_trigger_target_dag to None, run_after=None
[2024-10-08 13:29:37,196] {processor.py:161} INFO - Processing /home/kennedy/KR/Programação/00.Estudos/DataEng/Alura/airflow-executores/venv/lib/python3.9/site-packages/airflow/example_dags/example_trigger_target_dag.py took 0.210 seconds
[2024-10-08 13:30:34,182] {processor.py:153} INFO - Started process (PID=38573) to work on /home/kennedy/KR/Programação/00.Estudos/DataEng/Alura/airflow-executores/venv/lib/python3.9/site-packages/airflow/example_dags/example_trigger_target_dag.py
[2024-10-08 13:30:34,299] {processor.py:641} INFO - Processing file /home/kennedy/KR/Programação/00.Estudos/DataEng/Alura/airflow-executores/venv/lib/python3.9/site-packages/airflow/example_dags/example_trigger_target_dag.py for tasks to queue
[2024-10-08 13:30:34,300] {logging_mixin.py:115} INFO - [2024-10-08 13:30:34,300] {dagbag.py:507} INFO - Filling up the DagBag from /home/kennedy/KR/Programação/00.Estudos/DataEng/Alura/airflow-executores/venv/lib/python3.9/site-packages/airflow/example_dags/example_trigger_target_dag.py
[2024-10-08 13:30:34,342] {processor.py:651} INFO - DAG(s) dict_keys(['example_trigger_target_dag']) retrieved from /home/kennedy/KR/Programação/00.Estudos/DataEng/Alura/airflow-executores/venv/lib/python3.9/site-packages/airflow/example_dags/example_trigger_target_dag.py
[2024-10-08 13:30:34,363] {logging_mixin.py:115} INFO - [2024-10-08 13:30:34,363] {dag.py:2379} INFO - Sync 1 DAGs
[2024-10-08 13:30:34,380] {logging_mixin.py:115} INFO - [2024-10-08 13:30:34,380] {dag.py:2927} INFO - Setting next_dagrun for example_trigger_target_dag to None, run_after=None
[2024-10-08 13:30:34,631] {processor.py:161} INFO - Processing /home/kennedy/KR/Programação/00.Estudos/DataEng/Alura/airflow-executores/venv/lib/python3.9/site-packages/airflow/example_dags/example_trigger_target_dag.py took 0.457 seconds
[2024-10-08 13:31:36,988] {processor.py:153} INFO - Started process (PID=38665) to work on /home/kennedy/KR/Programação/00.Estudos/DataEng/Alura/airflow-executores/venv/lib/python3.9/site-packages/airflow/example_dags/example_trigger_target_dag.py
[2024-10-08 13:31:37,007] {processor.py:641} INFO - Processing file /home/kennedy/KR/Programação/00.Estudos/DataEng/Alura/airflow-executores/venv/lib/python3.9/site-packages/airflow/example_dags/example_trigger_target_dag.py for tasks to queue
[2024-10-08 13:31:37,009] {logging_mixin.py:115} INFO - [2024-10-08 13:31:37,008] {dagbag.py:507} INFO - Filling up the DagBag from /home/kennedy/KR/Programação/00.Estudos/DataEng/Alura/airflow-executores/venv/lib/python3.9/site-packages/airflow/example_dags/example_trigger_target_dag.py
[2024-10-08 13:31:37,048] {processor.py:651} INFO - DAG(s) dict_keys(['example_trigger_target_dag']) retrieved from /home/kennedy/KR/Programação/00.Estudos/DataEng/Alura/airflow-executores/venv/lib/python3.9/site-packages/airflow/example_dags/example_trigger_target_dag.py
[2024-10-08 13:31:37,075] {logging_mixin.py:115} INFO - [2024-10-08 13:31:37,074] {dag.py:2379} INFO - Sync 1 DAGs
[2024-10-08 13:31:37,094] {logging_mixin.py:115} INFO - [2024-10-08 13:31:37,094] {dag.py:2927} INFO - Setting next_dagrun for example_trigger_target_dag to None, run_after=None
[2024-10-08 13:31:37,570] {processor.py:161} INFO - Processing /home/kennedy/KR/Programação/00.Estudos/DataEng/Alura/airflow-executores/venv/lib/python3.9/site-packages/airflow/example_dags/example_trigger_target_dag.py took 0.587 seconds
[2024-10-08 13:32:51,390] {processor.py:153} INFO - Started process (PID=38866) to work on /home/kennedy/KR/Programação/00.Estudos/DataEng/Alura/airflow-executores/venv/lib/python3.9/site-packages/airflow/example_dags/example_trigger_target_dag.py
[2024-10-08 13:32:51,645] {processor.py:641} INFO - Processing file /home/kennedy/KR/Programação/00.Estudos/DataEng/Alura/airflow-executores/venv/lib/python3.9/site-packages/airflow/example_dags/example_trigger_target_dag.py for tasks to queue
[2024-10-08 13:32:51,646] {logging_mixin.py:115} INFO - [2024-10-08 13:32:51,646] {dagbag.py:507} INFO - Filling up the DagBag from /home/kennedy/KR/Programação/00.Estudos/DataEng/Alura/airflow-executores/venv/lib/python3.9/site-packages/airflow/example_dags/example_trigger_target_dag.py
[2024-10-08 13:32:51,679] {processor.py:651} INFO - DAG(s) dict_keys(['example_trigger_target_dag']) retrieved from /home/kennedy/KR/Programação/00.Estudos/DataEng/Alura/airflow-executores/venv/lib/python3.9/site-packages/airflow/example_dags/example_trigger_target_dag.py
[2024-10-08 13:32:51,695] {logging_mixin.py:115} INFO - [2024-10-08 13:32:51,695] {dag.py:2379} INFO - Sync 1 DAGs
[2024-10-08 13:32:51,712] {logging_mixin.py:115} INFO - [2024-10-08 13:32:51,712] {dag.py:2927} INFO - Setting next_dagrun for example_trigger_target_dag to None, run_after=None
[2024-10-08 13:32:53,014] {processor.py:161} INFO - Processing /home/kennedy/KR/Programação/00.Estudos/DataEng/Alura/airflow-executores/venv/lib/python3.9/site-packages/airflow/example_dags/example_trigger_target_dag.py took 1.629 seconds
[2024-10-08 13:34:02,688] {processor.py:153} INFO - Started process (PID=38942) to work on /home/kennedy/KR/Programação/00.Estudos/DataEng/Alura/airflow-executores/venv/lib/python3.9/site-packages/airflow/example_dags/example_trigger_target_dag.py
[2024-10-08 13:34:02,747] {processor.py:641} INFO - Processing file /home/kennedy/KR/Programação/00.Estudos/DataEng/Alura/airflow-executores/venv/lib/python3.9/site-packages/airflow/example_dags/example_trigger_target_dag.py for tasks to queue
[2024-10-08 13:34:02,749] {logging_mixin.py:115} INFO - [2024-10-08 13:34:02,749] {dagbag.py:507} INFO - Filling up the DagBag from /home/kennedy/KR/Programação/00.Estudos/DataEng/Alura/airflow-executores/venv/lib/python3.9/site-packages/airflow/example_dags/example_trigger_target_dag.py
[2024-10-08 13:34:02,799] {processor.py:651} INFO - DAG(s) dict_keys(['example_trigger_target_dag']) retrieved from /home/kennedy/KR/Programação/00.Estudos/DataEng/Alura/airflow-executores/venv/lib/python3.9/site-packages/airflow/example_dags/example_trigger_target_dag.py
[2024-10-08 13:34:02,837] {logging_mixin.py:115} INFO - [2024-10-08 13:34:02,836] {dag.py:2379} INFO - Sync 1 DAGs
[2024-10-08 13:34:02,868] {logging_mixin.py:115} INFO - [2024-10-08 13:34:02,868] {dag.py:2927} INFO - Setting next_dagrun for example_trigger_target_dag to None, run_after=None
[2024-10-08 13:34:04,377] {processor.py:161} INFO - Processing /home/kennedy/KR/Programação/00.Estudos/DataEng/Alura/airflow-executores/venv/lib/python3.9/site-packages/airflow/example_dags/example_trigger_target_dag.py took 1.698 seconds
[2024-10-08 15:46:50,921] {processor.py:153} INFO - Started process (PID=11224) to work on /home/kennedy/.local/lib/python3.10/site-packages/airflow/example_dags/example_trigger_target_dag.py
[2024-10-08 15:46:51,077] {processor.py:641} INFO - Processing file /home/kennedy/.local/lib/python3.10/site-packages/airflow/example_dags/example_trigger_target_dag.py for tasks to queue
[2024-10-08 15:46:51,078] {logging_mixin.py:115} INFO - [2024-10-08 15:46:51,077] {dagbag.py:507} INFO - Filling up the DagBag from /home/kennedy/.local/lib/python3.10/site-packages/airflow/example_dags/example_trigger_target_dag.py
[2024-10-08 15:46:51,104] {processor.py:651} INFO - DAG(s) dict_keys(['example_trigger_target_dag']) retrieved from /home/kennedy/.local/lib/python3.10/site-packages/airflow/example_dags/example_trigger_target_dag.py
[2024-10-08 15:46:51,161] {logging_mixin.py:115} INFO - [2024-10-08 15:46:51,161] {dag.py:2379} INFO - Sync 1 DAGs
[2024-10-08 15:46:51,176] {logging_mixin.py:115} INFO - [2024-10-08 15:46:51,176] {dag.py:2927} INFO - Setting next_dagrun for example_trigger_target_dag to None, run_after=None
[2024-10-08 15:46:52,168] {processor.py:161} INFO - Processing /home/kennedy/.local/lib/python3.10/site-packages/airflow/example_dags/example_trigger_target_dag.py took 1.250 seconds
[2024-10-08 16:36:26,111] {processor.py:153} INFO - Started process (PID=16475) to work on /home/kennedy/KR/Programação/00.Estudos/DataEng/Alura/airflow-executores/venv/lib/python3.9/site-packages/airflow/example_dags/example_trigger_target_dag.py
[2024-10-08 16:36:26,644] {processor.py:641} INFO - Processing file /home/kennedy/KR/Programação/00.Estudos/DataEng/Alura/airflow-executores/venv/lib/python3.9/site-packages/airflow/example_dags/example_trigger_target_dag.py for tasks to queue
[2024-10-08 16:36:26,653] {logging_mixin.py:115} INFO - [2024-10-08 16:36:26,652] {dagbag.py:507} INFO - Filling up the DagBag from /home/kennedy/KR/Programação/00.Estudos/DataEng/Alura/airflow-executores/venv/lib/python3.9/site-packages/airflow/example_dags/example_trigger_target_dag.py
[2024-10-08 16:36:26,749] {processor.py:651} INFO - DAG(s) dict_keys(['example_trigger_target_dag']) retrieved from /home/kennedy/KR/Programação/00.Estudos/DataEng/Alura/airflow-executores/venv/lib/python3.9/site-packages/airflow/example_dags/example_trigger_target_dag.py
[2024-10-08 16:36:30,404] {logging_mixin.py:115} INFO - [2024-10-08 16:36:30,404] {dag.py:2379} INFO - Sync 1 DAGs
[2024-10-08 16:36:32,001] {logging_mixin.py:115} INFO - [2024-10-08 16:36:32,001] {dag.py:2927} INFO - Setting next_dagrun for example_trigger_target_dag to None, run_after=None
[2024-10-08 16:36:33,486] {processor.py:161} INFO - Processing /home/kennedy/KR/Programação/00.Estudos/DataEng/Alura/airflow-executores/venv/lib/python3.9/site-packages/airflow/example_dags/example_trigger_target_dag.py took 7.388 seconds
[2024-10-08 16:37:26,673] {processor.py:153} INFO - Started process (PID=16770) to work on /home/kennedy/KR/Programação/00.Estudos/DataEng/Alura/airflow-executores/venv/lib/python3.9/site-packages/airflow/example_dags/example_trigger_target_dag.py
[2024-10-08 16:37:26,688] {processor.py:641} INFO - Processing file /home/kennedy/KR/Programação/00.Estudos/DataEng/Alura/airflow-executores/venv/lib/python3.9/site-packages/airflow/example_dags/example_trigger_target_dag.py for tasks to queue
[2024-10-08 16:37:26,689] {logging_mixin.py:115} INFO - [2024-10-08 16:37:26,689] {dagbag.py:507} INFO - Filling up the DagBag from /home/kennedy/KR/Programação/00.Estudos/DataEng/Alura/airflow-executores/venv/lib/python3.9/site-packages/airflow/example_dags/example_trigger_target_dag.py
[2024-10-08 16:37:26,720] {processor.py:651} INFO - DAG(s) dict_keys(['example_trigger_target_dag']) retrieved from /home/kennedy/KR/Programação/00.Estudos/DataEng/Alura/airflow-executores/venv/lib/python3.9/site-packages/airflow/example_dags/example_trigger_target_dag.py
[2024-10-08 16:37:26,733] {logging_mixin.py:115} INFO - [2024-10-08 16:37:26,733] {dag.py:2379} INFO - Sync 1 DAGs
[2024-10-08 16:37:26,745] {logging_mixin.py:115} INFO - [2024-10-08 16:37:26,745] {dag.py:2927} INFO - Setting next_dagrun for example_trigger_target_dag to None, run_after=None
[2024-10-08 16:37:26,866] {processor.py:161} INFO - Processing /home/kennedy/KR/Programação/00.Estudos/DataEng/Alura/airflow-executores/venv/lib/python3.9/site-packages/airflow/example_dags/example_trigger_target_dag.py took 0.199 seconds
[2024-10-08 16:38:44,890] {processor.py:153} INFO - Started process (PID=17292) to work on /home/kennedy/KR/Programação/00.Estudos/DataEng/Alura/airflow-executores/venv/lib/python3.9/site-packages/airflow/example_dags/example_trigger_target_dag.py
[2024-10-08 16:38:44,892] {processor.py:641} INFO - Processing file /home/kennedy/KR/Programação/00.Estudos/DataEng/Alura/airflow-executores/venv/lib/python3.9/site-packages/airflow/example_dags/example_trigger_target_dag.py for tasks to queue
[2024-10-08 16:38:44,893] {logging_mixin.py:115} INFO - [2024-10-08 16:38:44,893] {dagbag.py:507} INFO - Filling up the DagBag from /home/kennedy/KR/Programação/00.Estudos/DataEng/Alura/airflow-executores/venv/lib/python3.9/site-packages/airflow/example_dags/example_trigger_target_dag.py
[2024-10-08 16:38:44,923] {processor.py:651} INFO - DAG(s) dict_keys(['example_trigger_target_dag']) retrieved from /home/kennedy/KR/Programação/00.Estudos/DataEng/Alura/airflow-executores/venv/lib/python3.9/site-packages/airflow/example_dags/example_trigger_target_dag.py
[2024-10-08 16:38:44,936] {logging_mixin.py:115} INFO - [2024-10-08 16:38:44,936] {dag.py:2379} INFO - Sync 1 DAGs
[2024-10-08 16:38:44,949] {logging_mixin.py:115} INFO - [2024-10-08 16:38:44,949] {dag.py:2927} INFO - Setting next_dagrun for example_trigger_target_dag to None, run_after=None
[2024-10-08 16:38:45,535] {processor.py:161} INFO - Processing /home/kennedy/KR/Programação/00.Estudos/DataEng/Alura/airflow-executores/venv/lib/python3.9/site-packages/airflow/example_dags/example_trigger_target_dag.py took 0.652 seconds
[2024-10-08 16:40:06,791] {processor.py:153} INFO - Started process (PID=17537) to work on /home/kennedy/KR/Programação/00.Estudos/DataEng/Alura/airflow-executores/venv/lib/python3.9/site-packages/airflow/example_dags/example_trigger_target_dag.py
[2024-10-08 16:40:06,795] {processor.py:641} INFO - Processing file /home/kennedy/KR/Programação/00.Estudos/DataEng/Alura/airflow-executores/venv/lib/python3.9/site-packages/airflow/example_dags/example_trigger_target_dag.py for tasks to queue
[2024-10-08 16:40:06,796] {logging_mixin.py:115} INFO - [2024-10-08 16:40:06,796] {dagbag.py:507} INFO - Filling up the DagBag from /home/kennedy/KR/Programação/00.Estudos/DataEng/Alura/airflow-executores/venv/lib/python3.9/site-packages/airflow/example_dags/example_trigger_target_dag.py
[2024-10-08 16:40:06,823] {processor.py:651} INFO - DAG(s) dict_keys(['example_trigger_target_dag']) retrieved from /home/kennedy/KR/Programação/00.Estudos/DataEng/Alura/airflow-executores/venv/lib/python3.9/site-packages/airflow/example_dags/example_trigger_target_dag.py
[2024-10-08 16:40:06,835] {logging_mixin.py:115} INFO - [2024-10-08 16:40:06,835] {dag.py:2379} INFO - Sync 1 DAGs
[2024-10-08 16:40:06,848] {logging_mixin.py:115} INFO - [2024-10-08 16:40:06,848] {dag.py:2927} INFO - Setting next_dagrun for example_trigger_target_dag to None, run_after=None
[2024-10-08 16:40:09,070] {processor.py:161} INFO - Processing /home/kennedy/KR/Programação/00.Estudos/DataEng/Alura/airflow-executores/venv/lib/python3.9/site-packages/airflow/example_dags/example_trigger_target_dag.py took 2.285 seconds
[2024-10-08 16:41:11,811] {processor.py:153} INFO - Started process (PID=17933) to work on /home/kennedy/KR/Programação/00.Estudos/DataEng/Alura/airflow-executores/venv/lib/python3.9/site-packages/airflow/example_dags/example_trigger_target_dag.py
[2024-10-08 16:41:11,825] {processor.py:641} INFO - Processing file /home/kennedy/KR/Programação/00.Estudos/DataEng/Alura/airflow-executores/venv/lib/python3.9/site-packages/airflow/example_dags/example_trigger_target_dag.py for tasks to queue
[2024-10-08 16:41:11,825] {logging_mixin.py:115} INFO - [2024-10-08 16:41:11,825] {dagbag.py:507} INFO - Filling up the DagBag from /home/kennedy/KR/Programação/00.Estudos/DataEng/Alura/airflow-executores/venv/lib/python3.9/site-packages/airflow/example_dags/example_trigger_target_dag.py
[2024-10-08 16:41:11,839] {processor.py:651} INFO - DAG(s) dict_keys(['example_trigger_target_dag']) retrieved from /home/kennedy/KR/Programação/00.Estudos/DataEng/Alura/airflow-executores/venv/lib/python3.9/site-packages/airflow/example_dags/example_trigger_target_dag.py
[2024-10-08 16:41:11,852] {logging_mixin.py:115} INFO - [2024-10-08 16:41:11,852] {dag.py:2379} INFO - Sync 1 DAGs
[2024-10-08 16:41:11,863] {logging_mixin.py:115} INFO - [2024-10-08 16:41:11,863] {dag.py:2927} INFO - Setting next_dagrun for example_trigger_target_dag to None, run_after=None
[2024-10-08 16:41:14,724] {processor.py:161} INFO - Processing /home/kennedy/KR/Programação/00.Estudos/DataEng/Alura/airflow-executores/venv/lib/python3.9/site-packages/airflow/example_dags/example_trigger_target_dag.py took 2.915 seconds
[2024-10-08 16:42:21,299] {processor.py:153} INFO - Started process (PID=18162) to work on /home/kennedy/KR/Programação/00.Estudos/DataEng/Alura/airflow-executores/venv/lib/python3.9/site-packages/airflow/example_dags/example_trigger_target_dag.py
[2024-10-08 16:42:21,307] {processor.py:641} INFO - Processing file /home/kennedy/KR/Programação/00.Estudos/DataEng/Alura/airflow-executores/venv/lib/python3.9/site-packages/airflow/example_dags/example_trigger_target_dag.py for tasks to queue
[2024-10-08 16:42:21,308] {logging_mixin.py:115} INFO - [2024-10-08 16:42:21,308] {dagbag.py:507} INFO - Filling up the DagBag from /home/kennedy/KR/Programação/00.Estudos/DataEng/Alura/airflow-executores/venv/lib/python3.9/site-packages/airflow/example_dags/example_trigger_target_dag.py
[2024-10-08 16:42:21,332] {processor.py:651} INFO - DAG(s) dict_keys(['example_trigger_target_dag']) retrieved from /home/kennedy/KR/Programação/00.Estudos/DataEng/Alura/airflow-executores/venv/lib/python3.9/site-packages/airflow/example_dags/example_trigger_target_dag.py
[2024-10-08 16:42:21,345] {logging_mixin.py:115} INFO - [2024-10-08 16:42:21,345] {dag.py:2379} INFO - Sync 1 DAGs
[2024-10-08 16:42:21,360] {logging_mixin.py:115} INFO - [2024-10-08 16:42:21,360] {dag.py:2927} INFO - Setting next_dagrun for example_trigger_target_dag to None, run_after=None
[2024-10-08 16:42:22,844] {processor.py:161} INFO - Processing /home/kennedy/KR/Programação/00.Estudos/DataEng/Alura/airflow-executores/venv/lib/python3.9/site-packages/airflow/example_dags/example_trigger_target_dag.py took 1.551 seconds
[2024-10-08 16:43:49,599] {processor.py:153} INFO - Started process (PID=18250) to work on /home/kennedy/KR/Programação/00.Estudos/DataEng/Alura/airflow-executores/venv/lib/python3.9/site-packages/airflow/example_dags/example_trigger_target_dag.py
[2024-10-08 16:43:49,834] {processor.py:641} INFO - Processing file /home/kennedy/KR/Programação/00.Estudos/DataEng/Alura/airflow-executores/venv/lib/python3.9/site-packages/airflow/example_dags/example_trigger_target_dag.py for tasks to queue
[2024-10-08 16:43:49,836] {logging_mixin.py:115} INFO - [2024-10-08 16:43:49,835] {dagbag.py:507} INFO - Filling up the DagBag from /home/kennedy/KR/Programação/00.Estudos/DataEng/Alura/airflow-executores/venv/lib/python3.9/site-packages/airflow/example_dags/example_trigger_target_dag.py
[2024-10-08 16:43:49,869] {processor.py:651} INFO - DAG(s) dict_keys(['example_trigger_target_dag']) retrieved from /home/kennedy/KR/Programação/00.Estudos/DataEng/Alura/airflow-executores/venv/lib/python3.9/site-packages/airflow/example_dags/example_trigger_target_dag.py
[2024-10-08 16:43:49,884] {logging_mixin.py:115} INFO - [2024-10-08 16:43:49,884] {dag.py:2379} INFO - Sync 1 DAGs
[2024-10-08 16:43:49,898] {logging_mixin.py:115} INFO - [2024-10-08 16:43:49,898] {dag.py:2927} INFO - Setting next_dagrun for example_trigger_target_dag to None, run_after=None
[2024-10-08 16:43:49,985] {processor.py:161} INFO - Processing /home/kennedy/KR/Programação/00.Estudos/DataEng/Alura/airflow-executores/venv/lib/python3.9/site-packages/airflow/example_dags/example_trigger_target_dag.py took 0.393 seconds
[2024-10-08 16:44:37,423] {processor.py:153} INFO - Started process (PID=18286) to work on /home/kennedy/KR/Programação/00.Estudos/DataEng/Alura/airflow-executores/venv/lib/python3.9/site-packages/airflow/example_dags/example_trigger_target_dag.py
[2024-10-08 16:44:38,827] {processor.py:641} INFO - Processing file /home/kennedy/KR/Programação/00.Estudos/DataEng/Alura/airflow-executores/venv/lib/python3.9/site-packages/airflow/example_dags/example_trigger_target_dag.py for tasks to queue
[2024-10-08 16:44:38,828] {logging_mixin.py:115} INFO - [2024-10-08 16:44:38,828] {dagbag.py:507} INFO - Filling up the DagBag from /home/kennedy/KR/Programação/00.Estudos/DataEng/Alura/airflow-executores/venv/lib/python3.9/site-packages/airflow/example_dags/example_trigger_target_dag.py
[2024-10-08 16:44:38,864] {processor.py:651} INFO - DAG(s) dict_keys(['example_trigger_target_dag']) retrieved from /home/kennedy/KR/Programação/00.Estudos/DataEng/Alura/airflow-executores/venv/lib/python3.9/site-packages/airflow/example_dags/example_trigger_target_dag.py
[2024-10-08 16:44:38,879] {logging_mixin.py:115} INFO - [2024-10-08 16:44:38,879] {dag.py:2379} INFO - Sync 1 DAGs
[2024-10-08 16:44:38,893] {logging_mixin.py:115} INFO - [2024-10-08 16:44:38,892] {dag.py:2927} INFO - Setting next_dagrun for example_trigger_target_dag to None, run_after=None
[2024-10-08 16:44:39,047] {processor.py:161} INFO - Processing /home/kennedy/KR/Programação/00.Estudos/DataEng/Alura/airflow-executores/venv/lib/python3.9/site-packages/airflow/example_dags/example_trigger_target_dag.py took 1.631 seconds
[2024-10-08 16:46:23,929] {processor.py:153} INFO - Started process (PID=18922) to work on /home/kennedy/KR/Programação/00.Estudos/DataEng/Alura/airflow-executores/venv/lib/python3.9/site-packages/airflow/example_dags/example_trigger_target_dag.py
[2024-10-08 16:46:23,938] {processor.py:641} INFO - Processing file /home/kennedy/KR/Programação/00.Estudos/DataEng/Alura/airflow-executores/venv/lib/python3.9/site-packages/airflow/example_dags/example_trigger_target_dag.py for tasks to queue
[2024-10-08 16:46:23,939] {logging_mixin.py:115} INFO - [2024-10-08 16:46:23,939] {dagbag.py:507} INFO - Filling up the DagBag from /home/kennedy/KR/Programação/00.Estudos/DataEng/Alura/airflow-executores/venv/lib/python3.9/site-packages/airflow/example_dags/example_trigger_target_dag.py
[2024-10-08 16:46:23,968] {processor.py:651} INFO - DAG(s) dict_keys(['example_trigger_target_dag']) retrieved from /home/kennedy/KR/Programação/00.Estudos/DataEng/Alura/airflow-executores/venv/lib/python3.9/site-packages/airflow/example_dags/example_trigger_target_dag.py
[2024-10-08 16:46:23,981] {logging_mixin.py:115} INFO - [2024-10-08 16:46:23,981] {dag.py:2379} INFO - Sync 1 DAGs
[2024-10-08 16:46:23,994] {logging_mixin.py:115} INFO - [2024-10-08 16:46:23,994] {dag.py:2927} INFO - Setting next_dagrun for example_trigger_target_dag to None, run_after=None
[2024-10-08 16:46:24,163] {processor.py:161} INFO - Processing /home/kennedy/KR/Programação/00.Estudos/DataEng/Alura/airflow-executores/venv/lib/python3.9/site-packages/airflow/example_dags/example_trigger_target_dag.py took 0.239 seconds
[2024-10-08 16:47:44,136] {processor.py:153} INFO - Started process (PID=19132) to work on /home/kennedy/KR/Programação/00.Estudos/DataEng/Alura/airflow-executores/venv/lib/python3.9/site-packages/airflow/example_dags/example_trigger_target_dag.py
[2024-10-08 16:47:44,161] {processor.py:641} INFO - Processing file /home/kennedy/KR/Programação/00.Estudos/DataEng/Alura/airflow-executores/venv/lib/python3.9/site-packages/airflow/example_dags/example_trigger_target_dag.py for tasks to queue
[2024-10-08 16:47:44,162] {logging_mixin.py:115} INFO - [2024-10-08 16:47:44,162] {dagbag.py:507} INFO - Filling up the DagBag from /home/kennedy/KR/Programação/00.Estudos/DataEng/Alura/airflow-executores/venv/lib/python3.9/site-packages/airflow/example_dags/example_trigger_target_dag.py
[2024-10-08 16:47:44,180] {processor.py:651} INFO - DAG(s) dict_keys(['example_trigger_target_dag']) retrieved from /home/kennedy/KR/Programação/00.Estudos/DataEng/Alura/airflow-executores/venv/lib/python3.9/site-packages/airflow/example_dags/example_trigger_target_dag.py
[2024-10-08 16:47:44,194] {logging_mixin.py:115} INFO - [2024-10-08 16:47:44,194] {dag.py:2379} INFO - Sync 1 DAGs
[2024-10-08 16:47:44,208] {logging_mixin.py:115} INFO - [2024-10-08 16:47:44,208] {dag.py:2927} INFO - Setting next_dagrun for example_trigger_target_dag to None, run_after=None
[2024-10-08 16:47:44,775] {processor.py:161} INFO - Processing /home/kennedy/KR/Programação/00.Estudos/DataEng/Alura/airflow-executores/venv/lib/python3.9/site-packages/airflow/example_dags/example_trigger_target_dag.py took 0.642 seconds
[2024-10-08 16:48:45,243] {processor.py:153} INFO - Started process (PID=19260) to work on /home/kennedy/KR/Programação/00.Estudos/DataEng/Alura/airflow-executores/venv/lib/python3.9/site-packages/airflow/example_dags/example_trigger_target_dag.py
[2024-10-08 16:48:45,251] {processor.py:641} INFO - Processing file /home/kennedy/KR/Programação/00.Estudos/DataEng/Alura/airflow-executores/venv/lib/python3.9/site-packages/airflow/example_dags/example_trigger_target_dag.py for tasks to queue
[2024-10-08 16:48:45,252] {logging_mixin.py:115} INFO - [2024-10-08 16:48:45,252] {dagbag.py:507} INFO - Filling up the DagBag from /home/kennedy/KR/Programação/00.Estudos/DataEng/Alura/airflow-executores/venv/lib/python3.9/site-packages/airflow/example_dags/example_trigger_target_dag.py
[2024-10-08 16:48:45,281] {processor.py:651} INFO - DAG(s) dict_keys(['example_trigger_target_dag']) retrieved from /home/kennedy/KR/Programação/00.Estudos/DataEng/Alura/airflow-executores/venv/lib/python3.9/site-packages/airflow/example_dags/example_trigger_target_dag.py
[2024-10-08 16:48:45,292] {logging_mixin.py:115} INFO - [2024-10-08 16:48:45,292] {dag.py:2379} INFO - Sync 1 DAGs
[2024-10-08 16:48:45,305] {logging_mixin.py:115} INFO - [2024-10-08 16:48:45,305] {dag.py:2927} INFO - Setting next_dagrun for example_trigger_target_dag to None, run_after=None
[2024-10-08 16:48:46,562] {processor.py:161} INFO - Processing /home/kennedy/KR/Programação/00.Estudos/DataEng/Alura/airflow-executores/venv/lib/python3.9/site-packages/airflow/example_dags/example_trigger_target_dag.py took 1.326 seconds
[2024-10-08 16:50:37,731] {processor.py:153} INFO - Started process (PID=19832) to work on /home/kennedy/KR/Programação/00.Estudos/DataEng/Alura/airflow-executores/venv/lib/python3.9/site-packages/airflow/example_dags/example_trigger_target_dag.py
[2024-10-08 16:50:37,753] {processor.py:641} INFO - Processing file /home/kennedy/KR/Programação/00.Estudos/DataEng/Alura/airflow-executores/venv/lib/python3.9/site-packages/airflow/example_dags/example_trigger_target_dag.py for tasks to queue
[2024-10-08 16:50:37,754] {logging_mixin.py:115} INFO - [2024-10-08 16:50:37,754] {dagbag.py:507} INFO - Filling up the DagBag from /home/kennedy/KR/Programação/00.Estudos/DataEng/Alura/airflow-executores/venv/lib/python3.9/site-packages/airflow/example_dags/example_trigger_target_dag.py
[2024-10-08 16:50:37,769] {processor.py:651} INFO - DAG(s) dict_keys(['example_trigger_target_dag']) retrieved from /home/kennedy/KR/Programação/00.Estudos/DataEng/Alura/airflow-executores/venv/lib/python3.9/site-packages/airflow/example_dags/example_trigger_target_dag.py
[2024-10-08 16:50:37,782] {logging_mixin.py:115} INFO - [2024-10-08 16:50:37,782] {dag.py:2379} INFO - Sync 1 DAGs
[2024-10-08 16:50:37,801] {logging_mixin.py:115} INFO - [2024-10-08 16:50:37,801] {dag.py:2927} INFO - Setting next_dagrun for example_trigger_target_dag to None, run_after=None
[2024-10-08 16:50:38,245] {processor.py:161} INFO - Processing /home/kennedy/KR/Programação/00.Estudos/DataEng/Alura/airflow-executores/venv/lib/python3.9/site-packages/airflow/example_dags/example_trigger_target_dag.py took 0.519 seconds
[2024-10-08 17:08:16,334] {processor.py:153} INFO - Started process (PID=30137) to work on /home/kennedy/KR/Programação/00.Estudos/DataEng/Alura/airflow-executores/venv/lib/python3.9/site-packages/airflow/example_dags/example_trigger_target_dag.py
[2024-10-08 17:08:16,363] {processor.py:641} INFO - Processing file /home/kennedy/KR/Programação/00.Estudos/DataEng/Alura/airflow-executores/venv/lib/python3.9/site-packages/airflow/example_dags/example_trigger_target_dag.py for tasks to queue
[2024-10-08 17:08:16,364] {logging_mixin.py:115} INFO - [2024-10-08 17:08:16,364] {dagbag.py:507} INFO - Filling up the DagBag from /home/kennedy/KR/Programação/00.Estudos/DataEng/Alura/airflow-executores/venv/lib/python3.9/site-packages/airflow/example_dags/example_trigger_target_dag.py
[2024-10-08 17:08:16,398] {processor.py:651} INFO - DAG(s) dict_keys(['example_trigger_target_dag']) retrieved from /home/kennedy/KR/Programação/00.Estudos/DataEng/Alura/airflow-executores/venv/lib/python3.9/site-packages/airflow/example_dags/example_trigger_target_dag.py
[2024-10-08 17:08:16,412] {logging_mixin.py:115} INFO - [2024-10-08 17:08:16,412] {dag.py:2379} INFO - Sync 1 DAGs
[2024-10-08 17:08:16,423] {logging_mixin.py:115} INFO - [2024-10-08 17:08:16,422] {dag.py:2927} INFO - Setting next_dagrun for example_trigger_target_dag to None, run_after=None
[2024-10-08 17:08:16,521] {processor.py:161} INFO - Processing /home/kennedy/KR/Programação/00.Estudos/DataEng/Alura/airflow-executores/venv/lib/python3.9/site-packages/airflow/example_dags/example_trigger_target_dag.py took 0.189 seconds
[2024-10-08 17:19:18,906] {processor.py:153} INFO - Started process (PID=37536) to work on /home/kennedy/KR/Programação/00.Estudos/DataEng/Alura/airflow-executores/venv/lib/python3.9/site-packages/airflow/example_dags/example_trigger_target_dag.py
[2024-10-08 17:19:18,913] {processor.py:641} INFO - Processing file /home/kennedy/KR/Programação/00.Estudos/DataEng/Alura/airflow-executores/venv/lib/python3.9/site-packages/airflow/example_dags/example_trigger_target_dag.py for tasks to queue
[2024-10-08 17:19:18,914] {logging_mixin.py:115} INFO - [2024-10-08 17:19:18,914] {dagbag.py:507} INFO - Filling up the DagBag from /home/kennedy/KR/Programação/00.Estudos/DataEng/Alura/airflow-executores/venv/lib/python3.9/site-packages/airflow/example_dags/example_trigger_target_dag.py
[2024-10-08 17:19:18,938] {processor.py:651} INFO - DAG(s) dict_keys(['example_trigger_target_dag']) retrieved from /home/kennedy/KR/Programação/00.Estudos/DataEng/Alura/airflow-executores/venv/lib/python3.9/site-packages/airflow/example_dags/example_trigger_target_dag.py
[2024-10-08 17:19:18,951] {logging_mixin.py:115} INFO - [2024-10-08 17:19:18,951] {dag.py:2379} INFO - Sync 1 DAGs
[2024-10-08 17:19:18,961] {logging_mixin.py:115} INFO - [2024-10-08 17:19:18,961] {dag.py:2927} INFO - Setting next_dagrun for example_trigger_target_dag to None, run_after=None
[2024-10-08 17:19:19,101] {processor.py:161} INFO - Processing /home/kennedy/KR/Programação/00.Estudos/DataEng/Alura/airflow-executores/venv/lib/python3.9/site-packages/airflow/example_dags/example_trigger_target_dag.py took 0.202 seconds
