[2024-10-08 13:23:23,070] {processor.py:153} INFO - Started process (PID=37545) to work on /home/kennedy/KR/Programação/00.Estudos/DataEng/Alura/airflow-executores/venv/lib/python3.9/site-packages/airflow/example_dags/example_task_group.py
[2024-10-08 13:23:23,072] {processor.py:641} INFO - Processing file /home/kennedy/KR/Programação/00.Estudos/DataEng/Alura/airflow-executores/venv/lib/python3.9/site-packages/airflow/example_dags/example_task_group.py for tasks to queue
[2024-10-08 13:23:23,073] {logging_mixin.py:115} INFO - [2024-10-08 13:23:23,073] {dagbag.py:507} INFO - Filling up the DagBag from /home/kennedy/KR/Programação/00.Estudos/DataEng/Alura/airflow-executores/venv/lib/python3.9/site-packages/airflow/example_dags/example_task_group.py
[2024-10-08 13:23:23,088] {processor.py:651} INFO - DAG(s) dict_keys(['example_task_group']) retrieved from /home/kennedy/KR/Programação/00.Estudos/DataEng/Alura/airflow-executores/venv/lib/python3.9/site-packages/airflow/example_dags/example_task_group.py
[2024-10-08 13:23:26,661] {logging_mixin.py:115} INFO - [2024-10-08 13:23:26,660] {manager.py:508} INFO - Created Permission View: can delete on DAG:example_task_group
[2024-10-08 13:23:28,447] {logging_mixin.py:115} INFO - [2024-10-08 13:23:28,447] {manager.py:508} INFO - Created Permission View: can read on DAG:example_task_group
[2024-10-08 13:23:29,144] {logging_mixin.py:115} INFO - [2024-10-08 13:23:29,143] {manager.py:508} INFO - Created Permission View: can edit on DAG:example_task_group
[2024-10-08 13:23:29,144] {logging_mixin.py:115} INFO - [2024-10-08 13:23:29,144] {dag.py:2379} INFO - Sync 1 DAGs
[2024-10-08 13:23:29,154] {logging_mixin.py:115} INFO - [2024-10-08 13:23:29,154] {dag.py:2398} INFO - Creating ORM DAG for example_task_group
[2024-10-08 13:23:29,163] {logging_mixin.py:115} INFO - [2024-10-08 13:23:29,163] {dag.py:2927} INFO - Setting next_dagrun for example_task_group to 2024-10-07T16:23:29.163141+00:00, run_after=2024-10-08T16:23:29.163141+00:00
[2024-10-08 13:23:29,744] {processor.py:161} INFO - Processing /home/kennedy/KR/Programação/00.Estudos/DataEng/Alura/airflow-executores/venv/lib/python3.9/site-packages/airflow/example_dags/example_task_group.py took 6.680 seconds
[2024-10-08 13:25:14,633] {processor.py:153} INFO - Started process (PID=37734) to work on /home/kennedy/KR/Programação/00.Estudos/DataEng/Alura/airflow-executores/venv/lib/python3.9/site-packages/airflow/example_dags/example_task_group.py
[2024-10-08 13:25:14,673] {processor.py:641} INFO - Processing file /home/kennedy/KR/Programação/00.Estudos/DataEng/Alura/airflow-executores/venv/lib/python3.9/site-packages/airflow/example_dags/example_task_group.py for tasks to queue
[2024-10-08 13:25:14,674] {logging_mixin.py:115} INFO - [2024-10-08 13:25:14,674] {dagbag.py:507} INFO - Filling up the DagBag from /home/kennedy/KR/Programação/00.Estudos/DataEng/Alura/airflow-executores/venv/lib/python3.9/site-packages/airflow/example_dags/example_task_group.py
[2024-10-08 13:25:14,691] {processor.py:651} INFO - DAG(s) dict_keys(['example_task_group']) retrieved from /home/kennedy/KR/Programação/00.Estudos/DataEng/Alura/airflow-executores/venv/lib/python3.9/site-packages/airflow/example_dags/example_task_group.py
[2024-10-08 13:25:14,713] {logging_mixin.py:115} INFO - [2024-10-08 13:25:14,713] {dag.py:2379} INFO - Sync 1 DAGs
[2024-10-08 13:25:14,728] {logging_mixin.py:115} INFO - [2024-10-08 13:25:14,728] {dag.py:2927} INFO - Setting next_dagrun for example_task_group to 2024-10-07T16:25:14.728104+00:00, run_after=2024-10-08T16:25:14.728104+00:00
[2024-10-08 13:25:15,168] {processor.py:161} INFO - Processing /home/kennedy/KR/Programação/00.Estudos/DataEng/Alura/airflow-executores/venv/lib/python3.9/site-packages/airflow/example_dags/example_task_group.py took 0.540 seconds
[2024-10-08 13:26:20,163] {processor.py:153} INFO - Started process (PID=37818) to work on /home/kennedy/KR/Programação/00.Estudos/DataEng/Alura/airflow-executores/venv/lib/python3.9/site-packages/airflow/example_dags/example_task_group.py
[2024-10-08 13:26:20,237] {processor.py:641} INFO - Processing file /home/kennedy/KR/Programação/00.Estudos/DataEng/Alura/airflow-executores/venv/lib/python3.9/site-packages/airflow/example_dags/example_task_group.py for tasks to queue
[2024-10-08 13:26:20,238] {logging_mixin.py:115} INFO - [2024-10-08 13:26:20,238] {dagbag.py:507} INFO - Filling up the DagBag from /home/kennedy/KR/Programação/00.Estudos/DataEng/Alura/airflow-executores/venv/lib/python3.9/site-packages/airflow/example_dags/example_task_group.py
[2024-10-08 13:26:20,255] {processor.py:651} INFO - DAG(s) dict_keys(['example_task_group']) retrieved from /home/kennedy/KR/Programação/00.Estudos/DataEng/Alura/airflow-executores/venv/lib/python3.9/site-packages/airflow/example_dags/example_task_group.py
[2024-10-08 13:26:20,280] {logging_mixin.py:115} INFO - [2024-10-08 13:26:20,280] {dag.py:2379} INFO - Sync 1 DAGs
[2024-10-08 13:26:20,296] {logging_mixin.py:115} INFO - [2024-10-08 13:26:20,296] {dag.py:2927} INFO - Setting next_dagrun for example_task_group to 2024-10-07T16:26:20.295988+00:00, run_after=2024-10-08T16:26:20.295988+00:00
[2024-10-08 13:26:20,458] {processor.py:161} INFO - Processing /home/kennedy/KR/Programação/00.Estudos/DataEng/Alura/airflow-executores/venv/lib/python3.9/site-packages/airflow/example_dags/example_task_group.py took 0.301 seconds
[2024-10-08 13:27:45,319] {processor.py:153} INFO - Started process (PID=37981) to work on /home/kennedy/KR/Programação/00.Estudos/DataEng/Alura/airflow-executores/venv/lib/python3.9/site-packages/airflow/example_dags/example_task_group.py
[2024-10-08 13:27:45,320] {processor.py:641} INFO - Processing file /home/kennedy/KR/Programação/00.Estudos/DataEng/Alura/airflow-executores/venv/lib/python3.9/site-packages/airflow/example_dags/example_task_group.py for tasks to queue
[2024-10-08 13:27:45,320] {logging_mixin.py:115} INFO - [2024-10-08 13:27:45,320] {dagbag.py:507} INFO - Filling up the DagBag from /home/kennedy/KR/Programação/00.Estudos/DataEng/Alura/airflow-executores/venv/lib/python3.9/site-packages/airflow/example_dags/example_task_group.py
[2024-10-08 13:27:45,326] {processor.py:651} INFO - DAG(s) dict_keys(['example_task_group']) retrieved from /home/kennedy/KR/Programação/00.Estudos/DataEng/Alura/airflow-executores/venv/lib/python3.9/site-packages/airflow/example_dags/example_task_group.py
[2024-10-08 13:27:45,341] {logging_mixin.py:115} INFO - [2024-10-08 13:27:45,341] {dag.py:2379} INFO - Sync 1 DAGs
[2024-10-08 13:27:45,360] {logging_mixin.py:115} INFO - [2024-10-08 13:27:45,360] {dag.py:2927} INFO - Setting next_dagrun for example_task_group to 2024-10-07T16:27:45.360218+00:00, run_after=2024-10-08T16:27:45.360218+00:00
[2024-10-08 13:27:45,452] {processor.py:161} INFO - Processing /home/kennedy/KR/Programação/00.Estudos/DataEng/Alura/airflow-executores/venv/lib/python3.9/site-packages/airflow/example_dags/example_task_group.py took 0.135 seconds
[2024-10-08 13:29:00,261] {processor.py:153} INFO - Started process (PID=38131) to work on /home/kennedy/KR/Programação/00.Estudos/DataEng/Alura/airflow-executores/venv/lib/python3.9/site-packages/airflow/example_dags/example_task_group.py
[2024-10-08 13:29:00,300] {processor.py:641} INFO - Processing file /home/kennedy/KR/Programação/00.Estudos/DataEng/Alura/airflow-executores/venv/lib/python3.9/site-packages/airflow/example_dags/example_task_group.py for tasks to queue
[2024-10-08 13:29:00,300] {logging_mixin.py:115} INFO - [2024-10-08 13:29:00,300] {dagbag.py:507} INFO - Filling up the DagBag from /home/kennedy/KR/Programação/00.Estudos/DataEng/Alura/airflow-executores/venv/lib/python3.9/site-packages/airflow/example_dags/example_task_group.py
[2024-10-08 13:29:00,308] {processor.py:651} INFO - DAG(s) dict_keys(['example_task_group']) retrieved from /home/kennedy/KR/Programação/00.Estudos/DataEng/Alura/airflow-executores/venv/lib/python3.9/site-packages/airflow/example_dags/example_task_group.py
[2024-10-08 13:29:00,325] {logging_mixin.py:115} INFO - [2024-10-08 13:29:00,325] {dag.py:2379} INFO - Sync 1 DAGs
[2024-10-08 13:29:00,341] {logging_mixin.py:115} INFO - [2024-10-08 13:29:00,340] {dag.py:2927} INFO - Setting next_dagrun for example_task_group to 2024-10-07T16:29:00.340692+00:00, run_after=2024-10-08T16:29:00.340692+00:00
[2024-10-08 13:29:00,673] {processor.py:161} INFO - Processing /home/kennedy/KR/Programação/00.Estudos/DataEng/Alura/airflow-executores/venv/lib/python3.9/site-packages/airflow/example_dags/example_task_group.py took 0.415 seconds
[2024-10-08 13:30:05,470] {processor.py:153} INFO - Started process (PID=38532) to work on /home/kennedy/KR/Programação/00.Estudos/DataEng/Alura/airflow-executores/venv/lib/python3.9/site-packages/airflow/example_dags/example_task_group.py
[2024-10-08 13:30:06,134] {processor.py:641} INFO - Processing file /home/kennedy/KR/Programação/00.Estudos/DataEng/Alura/airflow-executores/venv/lib/python3.9/site-packages/airflow/example_dags/example_task_group.py for tasks to queue
[2024-10-08 13:30:06,136] {logging_mixin.py:115} INFO - [2024-10-08 13:30:06,135] {dagbag.py:507} INFO - Filling up the DagBag from /home/kennedy/KR/Programação/00.Estudos/DataEng/Alura/airflow-executores/venv/lib/python3.9/site-packages/airflow/example_dags/example_task_group.py
[2024-10-08 13:30:06,162] {processor.py:651} INFO - DAG(s) dict_keys(['example_task_group']) retrieved from /home/kennedy/KR/Programação/00.Estudos/DataEng/Alura/airflow-executores/venv/lib/python3.9/site-packages/airflow/example_dags/example_task_group.py
[2024-10-08 13:30:06,195] {logging_mixin.py:115} INFO - [2024-10-08 13:30:06,195] {dag.py:2379} INFO - Sync 1 DAGs
[2024-10-08 13:30:06,228] {logging_mixin.py:115} INFO - [2024-10-08 13:30:06,228] {dag.py:2927} INFO - Setting next_dagrun for example_task_group to 2024-10-07T16:30:06.228427+00:00, run_after=2024-10-08T16:30:06.228427+00:00
[2024-10-08 13:30:06,381] {processor.py:161} INFO - Processing /home/kennedy/KR/Programação/00.Estudos/DataEng/Alura/airflow-executores/venv/lib/python3.9/site-packages/airflow/example_dags/example_task_group.py took 0.917 seconds
[2024-10-08 13:31:00,728] {processor.py:153} INFO - Started process (PID=38620) to work on /home/kennedy/KR/Programação/00.Estudos/DataEng/Alura/airflow-executores/venv/lib/python3.9/site-packages/airflow/example_dags/example_task_group.py
[2024-10-08 13:31:01,588] {processor.py:641} INFO - Processing file /home/kennedy/KR/Programação/00.Estudos/DataEng/Alura/airflow-executores/venv/lib/python3.9/site-packages/airflow/example_dags/example_task_group.py for tasks to queue
[2024-10-08 13:31:01,590] {logging_mixin.py:115} INFO - [2024-10-08 13:31:01,589] {dagbag.py:507} INFO - Filling up the DagBag from /home/kennedy/KR/Programação/00.Estudos/DataEng/Alura/airflow-executores/venv/lib/python3.9/site-packages/airflow/example_dags/example_task_group.py
[2024-10-08 13:31:01,606] {processor.py:651} INFO - DAG(s) dict_keys(['example_task_group']) retrieved from /home/kennedy/KR/Programação/00.Estudos/DataEng/Alura/airflow-executores/venv/lib/python3.9/site-packages/airflow/example_dags/example_task_group.py
[2024-10-08 13:31:01,633] {logging_mixin.py:115} INFO - [2024-10-08 13:31:01,633] {dag.py:2379} INFO - Sync 1 DAGs
[2024-10-08 13:31:01,650] {logging_mixin.py:115} INFO - [2024-10-08 13:31:01,650] {dag.py:2927} INFO - Setting next_dagrun for example_task_group to 2024-10-07T16:31:01.649742+00:00, run_after=2024-10-08T16:31:01.649742+00:00
[2024-10-08 13:31:02,429] {processor.py:161} INFO - Processing /home/kennedy/KR/Programação/00.Estudos/DataEng/Alura/airflow-executores/venv/lib/python3.9/site-packages/airflow/example_dags/example_task_group.py took 1.707 seconds
[2024-10-08 13:32:05,971] {processor.py:153} INFO - Started process (PID=38789) to work on /home/kennedy/KR/Programação/00.Estudos/DataEng/Alura/airflow-executores/venv/lib/python3.9/site-packages/airflow/example_dags/example_task_group.py
[2024-10-08 13:32:06,075] {processor.py:641} INFO - Processing file /home/kennedy/KR/Programação/00.Estudos/DataEng/Alura/airflow-executores/venv/lib/python3.9/site-packages/airflow/example_dags/example_task_group.py for tasks to queue
[2024-10-08 13:32:06,076] {logging_mixin.py:115} INFO - [2024-10-08 13:32:06,076] {dagbag.py:507} INFO - Filling up the DagBag from /home/kennedy/KR/Programação/00.Estudos/DataEng/Alura/airflow-executores/venv/lib/python3.9/site-packages/airflow/example_dags/example_task_group.py
[2024-10-08 13:32:06,092] {processor.py:651} INFO - DAG(s) dict_keys(['example_task_group']) retrieved from /home/kennedy/KR/Programação/00.Estudos/DataEng/Alura/airflow-executores/venv/lib/python3.9/site-packages/airflow/example_dags/example_task_group.py
[2024-10-08 13:32:06,125] {logging_mixin.py:115} INFO - [2024-10-08 13:32:06,125] {dag.py:2379} INFO - Sync 1 DAGs
[2024-10-08 13:32:06,141] {logging_mixin.py:115} INFO - [2024-10-08 13:32:06,141] {dag.py:2927} INFO - Setting next_dagrun for example_task_group to 2024-10-07T16:32:06.141244+00:00, run_after=2024-10-08T16:32:06.141244+00:00
[2024-10-08 13:32:07,144] {processor.py:161} INFO - Processing /home/kennedy/KR/Programação/00.Estudos/DataEng/Alura/airflow-executores/venv/lib/python3.9/site-packages/airflow/example_dags/example_task_group.py took 1.178 seconds
[2024-10-08 13:33:29,284] {processor.py:153} INFO - Started process (PID=38905) to work on /home/kennedy/KR/Programação/00.Estudos/DataEng/Alura/airflow-executores/venv/lib/python3.9/site-packages/airflow/example_dags/example_task_group.py
[2024-10-08 13:33:29,422] {processor.py:641} INFO - Processing file /home/kennedy/KR/Programação/00.Estudos/DataEng/Alura/airflow-executores/venv/lib/python3.9/site-packages/airflow/example_dags/example_task_group.py for tasks to queue
[2024-10-08 13:33:29,423] {logging_mixin.py:115} INFO - [2024-10-08 13:33:29,423] {dagbag.py:507} INFO - Filling up the DagBag from /home/kennedy/KR/Programação/00.Estudos/DataEng/Alura/airflow-executores/venv/lib/python3.9/site-packages/airflow/example_dags/example_task_group.py
[2024-10-08 13:33:29,438] {processor.py:651} INFO - DAG(s) dict_keys(['example_task_group']) retrieved from /home/kennedy/KR/Programação/00.Estudos/DataEng/Alura/airflow-executores/venv/lib/python3.9/site-packages/airflow/example_dags/example_task_group.py
[2024-10-08 13:33:29,483] {logging_mixin.py:115} INFO - [2024-10-08 13:33:29,483] {dag.py:2379} INFO - Sync 1 DAGs
[2024-10-08 13:33:29,514] {logging_mixin.py:115} INFO - [2024-10-08 13:33:29,514] {dag.py:2927} INFO - Setting next_dagrun for example_task_group to 2024-10-07T16:33:29.513922+00:00, run_after=2024-10-08T16:33:29.513922+00:00
[2024-10-08 13:33:29,686] {processor.py:161} INFO - Processing /home/kennedy/KR/Programação/00.Estudos/DataEng/Alura/airflow-executores/venv/lib/python3.9/site-packages/airflow/example_dags/example_task_group.py took 0.410 seconds
[2024-10-08 13:34:29,925] {processor.py:153} INFO - Started process (PID=38982) to work on /home/kennedy/KR/Programação/00.Estudos/DataEng/Alura/airflow-executores/venv/lib/python3.9/site-packages/airflow/example_dags/example_task_group.py
[2024-10-08 13:34:30,905] {processor.py:641} INFO - Processing file /home/kennedy/KR/Programação/00.Estudos/DataEng/Alura/airflow-executores/venv/lib/python3.9/site-packages/airflow/example_dags/example_task_group.py for tasks to queue
[2024-10-08 13:34:30,907] {logging_mixin.py:115} INFO - [2024-10-08 13:34:30,906] {dagbag.py:507} INFO - Filling up the DagBag from /home/kennedy/KR/Programação/00.Estudos/DataEng/Alura/airflow-executores/venv/lib/python3.9/site-packages/airflow/example_dags/example_task_group.py
[2024-10-08 13:34:30,923] {processor.py:651} INFO - DAG(s) dict_keys(['example_task_group']) retrieved from /home/kennedy/KR/Programação/00.Estudos/DataEng/Alura/airflow-executores/venv/lib/python3.9/site-packages/airflow/example_dags/example_task_group.py
[2024-10-08 13:34:30,949] {logging_mixin.py:115} INFO - [2024-10-08 13:34:30,949] {dag.py:2379} INFO - Sync 1 DAGs
[2024-10-08 13:34:30,963] {logging_mixin.py:115} INFO - [2024-10-08 13:34:30,963] {dag.py:2927} INFO - Setting next_dagrun for example_task_group to 2024-10-07T16:34:30.962921+00:00, run_after=2024-10-08T16:34:30.962921+00:00
[2024-10-08 13:34:31,207] {processor.py:161} INFO - Processing /home/kennedy/KR/Programação/00.Estudos/DataEng/Alura/airflow-executores/venv/lib/python3.9/site-packages/airflow/example_dags/example_task_group.py took 1.288 seconds
[2024-10-08 15:47:15,311] {processor.py:153} INFO - Started process (PID=11538) to work on /home/kennedy/.local/lib/python3.10/site-packages/airflow/example_dags/example_task_group.py
[2024-10-08 15:47:15,399] {processor.py:641} INFO - Processing file /home/kennedy/.local/lib/python3.10/site-packages/airflow/example_dags/example_task_group.py for tasks to queue
[2024-10-08 15:47:15,418] {logging_mixin.py:115} INFO - [2024-10-08 15:47:15,418] {dagbag.py:507} INFO - Filling up the DagBag from /home/kennedy/.local/lib/python3.10/site-packages/airflow/example_dags/example_task_group.py
[2024-10-08 15:47:15,425] {processor.py:651} INFO - DAG(s) dict_keys(['example_task_group']) retrieved from /home/kennedy/.local/lib/python3.10/site-packages/airflow/example_dags/example_task_group.py
[2024-10-08 15:47:16,602] {logging_mixin.py:115} INFO - [2024-10-08 15:47:16,602] {dag.py:2379} INFO - Sync 1 DAGs
[2024-10-08 15:47:16,627] {logging_mixin.py:115} INFO - [2024-10-08 15:47:16,627] {dag.py:2927} INFO - Setting next_dagrun for example_task_group to 2024-10-07T18:47:16.627594+00:00, run_after=2024-10-08T18:47:16.627594+00:00
[2024-10-08 15:47:16,863] {processor.py:161} INFO - Processing /home/kennedy/.local/lib/python3.10/site-packages/airflow/example_dags/example_task_group.py took 1.554 seconds
[2024-10-08 16:36:48,304] {processor.py:153} INFO - Started process (PID=16658) to work on /home/kennedy/KR/Programação/00.Estudos/DataEng/Alura/airflow-executores/venv/lib/python3.9/site-packages/airflow/example_dags/example_task_group.py
[2024-10-08 16:36:48,305] {processor.py:641} INFO - Processing file /home/kennedy/KR/Programação/00.Estudos/DataEng/Alura/airflow-executores/venv/lib/python3.9/site-packages/airflow/example_dags/example_task_group.py for tasks to queue
[2024-10-08 16:36:48,307] {logging_mixin.py:115} INFO - [2024-10-08 16:36:48,307] {dagbag.py:507} INFO - Filling up the DagBag from /home/kennedy/KR/Programação/00.Estudos/DataEng/Alura/airflow-executores/venv/lib/python3.9/site-packages/airflow/example_dags/example_task_group.py
[2024-10-08 16:36:48,321] {processor.py:651} INFO - DAG(s) dict_keys(['example_task_group']) retrieved from /home/kennedy/KR/Programação/00.Estudos/DataEng/Alura/airflow-executores/venv/lib/python3.9/site-packages/airflow/example_dags/example_task_group.py
[2024-10-08 16:36:48,360] {logging_mixin.py:115} INFO - [2024-10-08 16:36:48,360] {dag.py:2379} INFO - Sync 1 DAGs
[2024-10-08 16:36:48,371] {logging_mixin.py:115} INFO - [2024-10-08 16:36:48,371] {dag.py:2927} INFO - Setting next_dagrun for example_task_group to 2024-10-07T19:36:48.371577+00:00, run_after=2024-10-08T19:36:48.371577+00:00
[2024-10-08 16:36:50,112] {processor.py:161} INFO - Processing /home/kennedy/KR/Programação/00.Estudos/DataEng/Alura/airflow-executores/venv/lib/python3.9/site-packages/airflow/example_dags/example_task_group.py took 1.815 seconds
[2024-10-08 16:37:35,072] {processor.py:153} INFO - Started process (PID=16778) to work on /home/kennedy/KR/Programação/00.Estudos/DataEng/Alura/airflow-executores/venv/lib/python3.9/site-packages/airflow/example_dags/example_task_group.py
[2024-10-08 16:37:35,073] {processor.py:641} INFO - Processing file /home/kennedy/KR/Programação/00.Estudos/DataEng/Alura/airflow-executores/venv/lib/python3.9/site-packages/airflow/example_dags/example_task_group.py for tasks to queue
[2024-10-08 16:37:35,073] {logging_mixin.py:115} INFO - [2024-10-08 16:37:35,073] {dagbag.py:507} INFO - Filling up the DagBag from /home/kennedy/KR/Programação/00.Estudos/DataEng/Alura/airflow-executores/venv/lib/python3.9/site-packages/airflow/example_dags/example_task_group.py
[2024-10-08 16:37:35,079] {processor.py:651} INFO - DAG(s) dict_keys(['example_task_group']) retrieved from /home/kennedy/KR/Programação/00.Estudos/DataEng/Alura/airflow-executores/venv/lib/python3.9/site-packages/airflow/example_dags/example_task_group.py
[2024-10-08 16:37:35,092] {logging_mixin.py:115} INFO - [2024-10-08 16:37:35,092] {dag.py:2379} INFO - Sync 1 DAGs
[2024-10-08 16:37:35,105] {logging_mixin.py:115} INFO - [2024-10-08 16:37:35,105] {dag.py:2927} INFO - Setting next_dagrun for example_task_group to 2024-10-07T19:37:35.105190+00:00, run_after=2024-10-08T19:37:35.105190+00:00
[2024-10-08 16:37:35,177] {processor.py:161} INFO - Processing /home/kennedy/KR/Programação/00.Estudos/DataEng/Alura/airflow-executores/venv/lib/python3.9/site-packages/airflow/example_dags/example_task_group.py took 0.107 seconds
[2024-10-08 16:39:04,691] {processor.py:153} INFO - Started process (PID=17470) to work on /home/kennedy/KR/Programação/00.Estudos/DataEng/Alura/airflow-executores/venv/lib/python3.9/site-packages/airflow/example_dags/example_task_group.py
[2024-10-08 16:39:04,693] {processor.py:641} INFO - Processing file /home/kennedy/KR/Programação/00.Estudos/DataEng/Alura/airflow-executores/venv/lib/python3.9/site-packages/airflow/example_dags/example_task_group.py for tasks to queue
[2024-10-08 16:39:04,694] {logging_mixin.py:115} INFO - [2024-10-08 16:39:04,693] {dagbag.py:507} INFO - Filling up the DagBag from /home/kennedy/KR/Programação/00.Estudos/DataEng/Alura/airflow-executores/venv/lib/python3.9/site-packages/airflow/example_dags/example_task_group.py
[2024-10-08 16:39:04,705] {processor.py:651} INFO - DAG(s) dict_keys(['example_task_group']) retrieved from /home/kennedy/KR/Programação/00.Estudos/DataEng/Alura/airflow-executores/venv/lib/python3.9/site-packages/airflow/example_dags/example_task_group.py
[2024-10-08 16:39:04,719] {logging_mixin.py:115} INFO - [2024-10-08 16:39:04,719] {dag.py:2379} INFO - Sync 1 DAGs
[2024-10-08 16:39:04,736] {logging_mixin.py:115} INFO - [2024-10-08 16:39:04,736] {dag.py:2927} INFO - Setting next_dagrun for example_task_group to 2024-10-07T19:39:04.736077+00:00, run_after=2024-10-08T19:39:04.736077+00:00
[2024-10-08 16:39:05,449] {processor.py:161} INFO - Processing /home/kennedy/KR/Programação/00.Estudos/DataEng/Alura/airflow-executores/venv/lib/python3.9/site-packages/airflow/example_dags/example_task_group.py took 0.764 seconds
[2024-10-08 16:41:30,171] {processor.py:153} INFO - Started process (PID=18032) to work on /home/kennedy/KR/Programação/00.Estudos/DataEng/Alura/airflow-executores/venv/lib/python3.9/site-packages/airflow/example_dags/example_task_group.py
[2024-10-08 16:41:30,173] {processor.py:641} INFO - Processing file /home/kennedy/KR/Programação/00.Estudos/DataEng/Alura/airflow-executores/venv/lib/python3.9/site-packages/airflow/example_dags/example_task_group.py for tasks to queue
[2024-10-08 16:41:30,175] {logging_mixin.py:115} INFO - [2024-10-08 16:41:30,174] {dagbag.py:507} INFO - Filling up the DagBag from /home/kennedy/KR/Programação/00.Estudos/DataEng/Alura/airflow-executores/venv/lib/python3.9/site-packages/airflow/example_dags/example_task_group.py
[2024-10-08 16:41:30,196] {processor.py:651} INFO - DAG(s) dict_keys(['example_task_group']) retrieved from /home/kennedy/KR/Programação/00.Estudos/DataEng/Alura/airflow-executores/venv/lib/python3.9/site-packages/airflow/example_dags/example_task_group.py
[2024-10-08 16:41:30,234] {logging_mixin.py:115} INFO - [2024-10-08 16:41:30,234] {dag.py:2379} INFO - Sync 1 DAGs
[2024-10-08 16:41:30,255] {logging_mixin.py:115} INFO - [2024-10-08 16:41:30,255] {dag.py:2927} INFO - Setting next_dagrun for example_task_group to 2024-10-07T19:41:30.255631+00:00, run_after=2024-10-08T19:41:30.255631+00:00
[2024-10-08 16:41:31,295] {processor.py:161} INFO - Processing /home/kennedy/KR/Programação/00.Estudos/DataEng/Alura/airflow-executores/venv/lib/python3.9/site-packages/airflow/example_dags/example_task_group.py took 1.130 seconds
[2024-10-08 16:42:37,182] {processor.py:153} INFO - Started process (PID=18189) to work on /home/kennedy/KR/Programação/00.Estudos/DataEng/Alura/airflow-executores/venv/lib/python3.9/site-packages/airflow/example_dags/example_task_group.py
[2024-10-08 16:42:38,341] {processor.py:641} INFO - Processing file /home/kennedy/KR/Programação/00.Estudos/DataEng/Alura/airflow-executores/venv/lib/python3.9/site-packages/airflow/example_dags/example_task_group.py for tasks to queue
[2024-10-08 16:42:38,342] {logging_mixin.py:115} INFO - [2024-10-08 16:42:38,342] {dagbag.py:507} INFO - Filling up the DagBag from /home/kennedy/KR/Programação/00.Estudos/DataEng/Alura/airflow-executores/venv/lib/python3.9/site-packages/airflow/example_dags/example_task_group.py
[2024-10-08 16:42:38,349] {processor.py:651} INFO - DAG(s) dict_keys(['example_task_group']) retrieved from /home/kennedy/KR/Programação/00.Estudos/DataEng/Alura/airflow-executores/venv/lib/python3.9/site-packages/airflow/example_dags/example_task_group.py
[2024-10-08 16:42:38,369] {logging_mixin.py:115} INFO - [2024-10-08 16:42:38,369] {dag.py:2379} INFO - Sync 1 DAGs
[2024-10-08 16:42:38,392] {logging_mixin.py:115} INFO - [2024-10-08 16:42:38,392] {dag.py:2927} INFO - Setting next_dagrun for example_task_group to 2024-10-07T19:42:38.392399+00:00, run_after=2024-10-08T19:42:38.392399+00:00
[2024-10-08 16:42:38,741] {processor.py:161} INFO - Processing /home/kennedy/KR/Programação/00.Estudos/DataEng/Alura/airflow-executores/venv/lib/python3.9/site-packages/airflow/example_dags/example_task_group.py took 1.562 seconds
[2024-10-08 16:44:05,051] {processor.py:153} INFO - Started process (PID=18258) to work on /home/kennedy/KR/Programação/00.Estudos/DataEng/Alura/airflow-executores/venv/lib/python3.9/site-packages/airflow/example_dags/example_task_group.py
[2024-10-08 16:44:05,064] {processor.py:641} INFO - Processing file /home/kennedy/KR/Programação/00.Estudos/DataEng/Alura/airflow-executores/venv/lib/python3.9/site-packages/airflow/example_dags/example_task_group.py for tasks to queue
[2024-10-08 16:44:05,065] {logging_mixin.py:115} INFO - [2024-10-08 16:44:05,065] {dagbag.py:507} INFO - Filling up the DagBag from /home/kennedy/KR/Programação/00.Estudos/DataEng/Alura/airflow-executores/venv/lib/python3.9/site-packages/airflow/example_dags/example_task_group.py
[2024-10-08 16:44:05,073] {processor.py:651} INFO - DAG(s) dict_keys(['example_task_group']) retrieved from /home/kennedy/KR/Programação/00.Estudos/DataEng/Alura/airflow-executores/venv/lib/python3.9/site-packages/airflow/example_dags/example_task_group.py
[2024-10-08 16:44:05,092] {logging_mixin.py:115} INFO - [2024-10-08 16:44:05,092] {dag.py:2379} INFO - Sync 1 DAGs
[2024-10-08 16:44:05,110] {logging_mixin.py:115} INFO - [2024-10-08 16:44:05,110] {dag.py:2927} INFO - Setting next_dagrun for example_task_group to 2024-10-07T19:44:05.110266+00:00, run_after=2024-10-08T19:44:05.110266+00:00
[2024-10-08 16:44:05,906] {processor.py:161} INFO - Processing /home/kennedy/KR/Programação/00.Estudos/DataEng/Alura/airflow-executores/venv/lib/python3.9/site-packages/airflow/example_dags/example_task_group.py took 0.857 seconds
[2024-10-08 16:46:38,004] {processor.py:153} INFO - Started process (PID=18938) to work on /home/kennedy/KR/Programação/00.Estudos/DataEng/Alura/airflow-executores/venv/lib/python3.9/site-packages/airflow/example_dags/example_task_group.py
[2024-10-08 16:46:38,202] {processor.py:641} INFO - Processing file /home/kennedy/KR/Programação/00.Estudos/DataEng/Alura/airflow-executores/venv/lib/python3.9/site-packages/airflow/example_dags/example_task_group.py for tasks to queue
[2024-10-08 16:46:38,203] {logging_mixin.py:115} INFO - [2024-10-08 16:46:38,203] {dagbag.py:507} INFO - Filling up the DagBag from /home/kennedy/KR/Programação/00.Estudos/DataEng/Alura/airflow-executores/venv/lib/python3.9/site-packages/airflow/example_dags/example_task_group.py
[2024-10-08 16:46:38,218] {processor.py:651} INFO - DAG(s) dict_keys(['example_task_group']) retrieved from /home/kennedy/KR/Programação/00.Estudos/DataEng/Alura/airflow-executores/venv/lib/python3.9/site-packages/airflow/example_dags/example_task_group.py
[2024-10-08 16:46:38,245] {logging_mixin.py:115} INFO - [2024-10-08 16:46:38,245] {dag.py:2379} INFO - Sync 1 DAGs
[2024-10-08 16:46:38,263] {logging_mixin.py:115} INFO - [2024-10-08 16:46:38,263] {dag.py:2927} INFO - Setting next_dagrun for example_task_group to 2024-10-07T19:46:38.262753+00:00, run_after=2024-10-08T19:46:38.262753+00:00
[2024-10-08 16:46:39,340] {processor.py:161} INFO - Processing /home/kennedy/KR/Programação/00.Estudos/DataEng/Alura/airflow-executores/venv/lib/python3.9/site-packages/airflow/example_dags/example_task_group.py took 1.341 seconds
[2024-10-08 16:47:56,531] {processor.py:153} INFO - Started process (PID=19222) to work on /home/kennedy/KR/Programação/00.Estudos/DataEng/Alura/airflow-executores/venv/lib/python3.9/site-packages/airflow/example_dags/example_task_group.py
[2024-10-08 16:47:56,543] {processor.py:641} INFO - Processing file /home/kennedy/KR/Programação/00.Estudos/DataEng/Alura/airflow-executores/venv/lib/python3.9/site-packages/airflow/example_dags/example_task_group.py for tasks to queue
[2024-10-08 16:47:56,544] {logging_mixin.py:115} INFO - [2024-10-08 16:47:56,544] {dagbag.py:507} INFO - Filling up the DagBag from /home/kennedy/KR/Programação/00.Estudos/DataEng/Alura/airflow-executores/venv/lib/python3.9/site-packages/airflow/example_dags/example_task_group.py
[2024-10-08 16:47:56,560] {processor.py:651} INFO - DAG(s) dict_keys(['example_task_group']) retrieved from /home/kennedy/KR/Programação/00.Estudos/DataEng/Alura/airflow-executores/venv/lib/python3.9/site-packages/airflow/example_dags/example_task_group.py
[2024-10-08 16:47:56,581] {logging_mixin.py:115} INFO - [2024-10-08 16:47:56,581] {dag.py:2379} INFO - Sync 1 DAGs
[2024-10-08 16:47:56,594] {logging_mixin.py:115} INFO - [2024-10-08 16:47:56,594] {dag.py:2927} INFO - Setting next_dagrun for example_task_group to 2024-10-07T19:47:56.594486+00:00, run_after=2024-10-08T19:47:56.594486+00:00
[2024-10-08 16:47:57,651] {processor.py:161} INFO - Processing /home/kennedy/KR/Programação/00.Estudos/DataEng/Alura/airflow-executores/venv/lib/python3.9/site-packages/airflow/example_dags/example_task_group.py took 1.126 seconds
[2024-10-08 16:48:59,334] {processor.py:153} INFO - Started process (PID=19277) to work on /home/kennedy/KR/Programação/00.Estudos/DataEng/Alura/airflow-executores/venv/lib/python3.9/site-packages/airflow/example_dags/example_task_group.py
[2024-10-08 16:48:59,364] {processor.py:641} INFO - Processing file /home/kennedy/KR/Programação/00.Estudos/DataEng/Alura/airflow-executores/venv/lib/python3.9/site-packages/airflow/example_dags/example_task_group.py for tasks to queue
[2024-10-08 16:48:59,365] {logging_mixin.py:115} INFO - [2024-10-08 16:48:59,365] {dagbag.py:507} INFO - Filling up the DagBag from /home/kennedy/KR/Programação/00.Estudos/DataEng/Alura/airflow-executores/venv/lib/python3.9/site-packages/airflow/example_dags/example_task_group.py
[2024-10-08 16:48:59,372] {processor.py:651} INFO - DAG(s) dict_keys(['example_task_group']) retrieved from /home/kennedy/KR/Programação/00.Estudos/DataEng/Alura/airflow-executores/venv/lib/python3.9/site-packages/airflow/example_dags/example_task_group.py
[2024-10-08 16:48:59,385] {logging_mixin.py:115} INFO - [2024-10-08 16:48:59,385] {dag.py:2379} INFO - Sync 1 DAGs
[2024-10-08 16:48:59,398] {logging_mixin.py:115} INFO - [2024-10-08 16:48:59,398] {dag.py:2927} INFO - Setting next_dagrun for example_task_group to 2024-10-07T19:48:59.398651+00:00, run_after=2024-10-08T19:48:59.398651+00:00
[2024-10-08 16:49:01,372] {processor.py:161} INFO - Processing /home/kennedy/KR/Programação/00.Estudos/DataEng/Alura/airflow-executores/venv/lib/python3.9/site-packages/airflow/example_dags/example_task_group.py took 2.045 seconds
[2024-10-08 16:50:51,617] {processor.py:153} INFO - Started process (PID=19953) to work on /home/kennedy/KR/Programação/00.Estudos/DataEng/Alura/airflow-executores/venv/lib/python3.9/site-packages/airflow/example_dags/example_task_group.py
[2024-10-08 16:50:51,627] {processor.py:641} INFO - Processing file /home/kennedy/KR/Programação/00.Estudos/DataEng/Alura/airflow-executores/venv/lib/python3.9/site-packages/airflow/example_dags/example_task_group.py for tasks to queue
[2024-10-08 16:50:51,629] {logging_mixin.py:115} INFO - [2024-10-08 16:50:51,629] {dagbag.py:507} INFO - Filling up the DagBag from /home/kennedy/KR/Programação/00.Estudos/DataEng/Alura/airflow-executores/venv/lib/python3.9/site-packages/airflow/example_dags/example_task_group.py
[2024-10-08 16:50:51,637] {processor.py:651} INFO - DAG(s) dict_keys(['example_task_group']) retrieved from /home/kennedy/KR/Programação/00.Estudos/DataEng/Alura/airflow-executores/venv/lib/python3.9/site-packages/airflow/example_dags/example_task_group.py
[2024-10-08 16:50:51,663] {logging_mixin.py:115} INFO - [2024-10-08 16:50:51,663] {dag.py:2379} INFO - Sync 1 DAGs
[2024-10-08 16:50:51,684] {logging_mixin.py:115} INFO - [2024-10-08 16:50:51,683] {dag.py:2927} INFO - Setting next_dagrun for example_task_group to 2024-10-07T19:50:51.683755+00:00, run_after=2024-10-08T19:50:51.683755+00:00
[2024-10-08 16:50:54,022] {processor.py:161} INFO - Processing /home/kennedy/KR/Programação/00.Estudos/DataEng/Alura/airflow-executores/venv/lib/python3.9/site-packages/airflow/example_dags/example_task_group.py took 2.408 seconds
[2024-10-08 17:11:21,493] {processor.py:153} INFO - Started process (PID=32322) to work on /home/kennedy/KR/Programação/00.Estudos/DataEng/Alura/airflow-executores/venv/lib/python3.9/site-packages/airflow/example_dags/example_task_group.py
[2024-10-08 17:11:21,494] {processor.py:641} INFO - Processing file /home/kennedy/KR/Programação/00.Estudos/DataEng/Alura/airflow-executores/venv/lib/python3.9/site-packages/airflow/example_dags/example_task_group.py for tasks to queue
[2024-10-08 17:11:21,494] {logging_mixin.py:115} INFO - [2024-10-08 17:11:21,494] {dagbag.py:507} INFO - Filling up the DagBag from /home/kennedy/KR/Programação/00.Estudos/DataEng/Alura/airflow-executores/venv/lib/python3.9/site-packages/airflow/example_dags/example_task_group.py
[2024-10-08 17:11:21,502] {processor.py:651} INFO - DAG(s) dict_keys(['example_task_group']) retrieved from /home/kennedy/KR/Programação/00.Estudos/DataEng/Alura/airflow-executores/venv/lib/python3.9/site-packages/airflow/example_dags/example_task_group.py
[2024-10-08 17:11:21,517] {logging_mixin.py:115} INFO - [2024-10-08 17:11:21,517] {dag.py:2379} INFO - Sync 1 DAGs
[2024-10-08 17:11:21,530] {logging_mixin.py:115} INFO - [2024-10-08 17:11:21,530] {dag.py:2927} INFO - Setting next_dagrun for example_task_group to 2024-10-07T20:11:21.530288+00:00, run_after=2024-10-08T20:11:21.530288+00:00
[2024-10-08 17:11:21,610] {processor.py:161} INFO - Processing /home/kennedy/KR/Programação/00.Estudos/DataEng/Alura/airflow-executores/venv/lib/python3.9/site-packages/airflow/example_dags/example_task_group.py took 0.121 seconds
[2024-10-08 17:22:19,850] {processor.py:153} INFO - Started process (PID=39722) to work on /home/kennedy/KR/Programação/00.Estudos/DataEng/Alura/airflow-executores/venv/lib/python3.9/site-packages/airflow/example_dags/example_task_group.py
[2024-10-08 17:22:19,862] {processor.py:641} INFO - Processing file /home/kennedy/KR/Programação/00.Estudos/DataEng/Alura/airflow-executores/venv/lib/python3.9/site-packages/airflow/example_dags/example_task_group.py for tasks to queue
[2024-10-08 17:22:19,864] {logging_mixin.py:115} INFO - [2024-10-08 17:22:19,863] {dagbag.py:507} INFO - Filling up the DagBag from /home/kennedy/KR/Programação/00.Estudos/DataEng/Alura/airflow-executores/venv/lib/python3.9/site-packages/airflow/example_dags/example_task_group.py
[2024-10-08 17:22:19,886] {processor.py:651} INFO - DAG(s) dict_keys(['example_task_group']) retrieved from /home/kennedy/KR/Programação/00.Estudos/DataEng/Alura/airflow-executores/venv/lib/python3.9/site-packages/airflow/example_dags/example_task_group.py
[2024-10-08 17:22:19,914] {logging_mixin.py:115} INFO - [2024-10-08 17:22:19,914] {dag.py:2379} INFO - Sync 1 DAGs
[2024-10-08 17:22:19,932] {logging_mixin.py:115} INFO - [2024-10-08 17:22:19,931] {dag.py:2927} INFO - Setting next_dagrun for example_task_group to 2024-10-07T20:22:19.931713+00:00, run_after=2024-10-08T20:22:19.931713+00:00
[2024-10-08 17:22:20,017] {processor.py:161} INFO - Processing /home/kennedy/KR/Programação/00.Estudos/DataEng/Alura/airflow-executores/venv/lib/python3.9/site-packages/airflow/example_dags/example_task_group.py took 0.174 seconds
