[2024-10-08 13:24:24,020] {processor.py:153} INFO - Started process (PID=37634) to work on /home/kennedy/KR/Programação/00.Estudos/DataEng/Alura/airflow-executores/venv/lib/python3.9/site-packages/airflow/example_dags/example_branch_datetime_operator.py
[2024-10-08 13:24:24,020] {processor.py:641} INFO - Processing file /home/kennedy/KR/Programação/00.Estudos/DataEng/Alura/airflow-executores/venv/lib/python3.9/site-packages/airflow/example_dags/example_branch_datetime_operator.py for tasks to queue
[2024-10-08 13:24:24,021] {logging_mixin.py:115} INFO - [2024-10-08 13:24:24,021] {dagbag.py:507} INFO - Filling up the DagBag from /home/kennedy/KR/Programação/00.Estudos/DataEng/Alura/airflow-executores/venv/lib/python3.9/site-packages/airflow/example_dags/example_branch_datetime_operator.py
[2024-10-08 13:24:24,031] {processor.py:651} INFO - DAG(s) dict_keys(['example_branch_datetime_operator_2']) retrieved from /home/kennedy/KR/Programação/00.Estudos/DataEng/Alura/airflow-executores/venv/lib/python3.9/site-packages/airflow/example_dags/example_branch_datetime_operator.py
[2024-10-08 13:24:24,993] {logging_mixin.py:115} INFO - [2024-10-08 13:24:24,993] {manager.py:508} INFO - Created Permission View: can delete on DAG:example_branch_datetime_operator_2
[2024-10-08 13:24:25,225] {logging_mixin.py:115} INFO - [2024-10-08 13:24:25,225] {manager.py:508} INFO - Created Permission View: can read on DAG:example_branch_datetime_operator_2
[2024-10-08 13:24:25,504] {logging_mixin.py:115} INFO - [2024-10-08 13:24:25,504] {manager.py:508} INFO - Created Permission View: can edit on DAG:example_branch_datetime_operator_2
[2024-10-08 13:24:25,505] {logging_mixin.py:115} INFO - [2024-10-08 13:24:25,505] {dag.py:2379} INFO - Sync 1 DAGs
[2024-10-08 13:24:25,528] {logging_mixin.py:115} INFO - [2024-10-08 13:24:25,528] {dag.py:2398} INFO - Creating ORM DAG for example_branch_datetime_operator_2
[2024-10-08 13:24:25,552] {logging_mixin.py:115} INFO - [2024-10-08 13:24:25,552] {dag.py:2927} INFO - Setting next_dagrun for example_branch_datetime_operator_2 to 2024-10-07T00:00:00+00:00, run_after=2024-10-08T00:00:00+00:00
[2024-10-08 13:24:25,713] {processor.py:161} INFO - Processing /home/kennedy/KR/Programação/00.Estudos/DataEng/Alura/airflow-executores/venv/lib/python3.9/site-packages/airflow/example_dags/example_branch_datetime_operator.py took 1.695 seconds
[2024-10-08 13:26:06,404] {processor.py:153} INFO - Started process (PID=37807) to work on /home/kennedy/KR/Programação/00.Estudos/DataEng/Alura/airflow-executores/venv/lib/python3.9/site-packages/airflow/example_dags/example_branch_datetime_operator.py
[2024-10-08 13:26:06,432] {processor.py:641} INFO - Processing file /home/kennedy/KR/Programação/00.Estudos/DataEng/Alura/airflow-executores/venv/lib/python3.9/site-packages/airflow/example_dags/example_branch_datetime_operator.py for tasks to queue
[2024-10-08 13:26:06,433] {logging_mixin.py:115} INFO - [2024-10-08 13:26:06,433] {dagbag.py:507} INFO - Filling up the DagBag from /home/kennedy/KR/Programação/00.Estudos/DataEng/Alura/airflow-executores/venv/lib/python3.9/site-packages/airflow/example_dags/example_branch_datetime_operator.py
[2024-10-08 13:26:06,441] {processor.py:651} INFO - DAG(s) dict_keys(['example_branch_datetime_operator_2']) retrieved from /home/kennedy/KR/Programação/00.Estudos/DataEng/Alura/airflow-executores/venv/lib/python3.9/site-packages/airflow/example_dags/example_branch_datetime_operator.py
[2024-10-08 13:26:06,453] {logging_mixin.py:115} INFO - [2024-10-08 13:26:06,453] {dag.py:2379} INFO - Sync 1 DAGs
[2024-10-08 13:26:06,468] {logging_mixin.py:115} INFO - [2024-10-08 13:26:06,468] {dag.py:2927} INFO - Setting next_dagrun for example_branch_datetime_operator_2 to 2024-10-07T00:00:00+00:00, run_after=2024-10-08T00:00:00+00:00
[2024-10-08 13:26:06,610] {processor.py:161} INFO - Processing /home/kennedy/KR/Programação/00.Estudos/DataEng/Alura/airflow-executores/venv/lib/python3.9/site-packages/airflow/example_dags/example_branch_datetime_operator.py took 0.212 seconds
[2024-10-08 13:27:15,310] {processor.py:153} INFO - Started process (PID=37945) to work on /home/kennedy/KR/Programação/00.Estudos/DataEng/Alura/airflow-executores/venv/lib/python3.9/site-packages/airflow/example_dags/example_branch_datetime_operator.py
[2024-10-08 13:27:15,316] {processor.py:641} INFO - Processing file /home/kennedy/KR/Programação/00.Estudos/DataEng/Alura/airflow-executores/venv/lib/python3.9/site-packages/airflow/example_dags/example_branch_datetime_operator.py for tasks to queue
[2024-10-08 13:27:15,316] {logging_mixin.py:115} INFO - [2024-10-08 13:27:15,316] {dagbag.py:507} INFO - Filling up the DagBag from /home/kennedy/KR/Programação/00.Estudos/DataEng/Alura/airflow-executores/venv/lib/python3.9/site-packages/airflow/example_dags/example_branch_datetime_operator.py
[2024-10-08 13:27:15,323] {processor.py:651} INFO - DAG(s) dict_keys(['example_branch_datetime_operator_2']) retrieved from /home/kennedy/KR/Programação/00.Estudos/DataEng/Alura/airflow-executores/venv/lib/python3.9/site-packages/airflow/example_dags/example_branch_datetime_operator.py
[2024-10-08 13:27:15,339] {logging_mixin.py:115} INFO - [2024-10-08 13:27:15,339] {dag.py:2379} INFO - Sync 1 DAGs
[2024-10-08 13:27:15,357] {logging_mixin.py:115} INFO - [2024-10-08 13:27:15,356] {dag.py:2927} INFO - Setting next_dagrun for example_branch_datetime_operator_2 to 2024-10-07T00:00:00+00:00, run_after=2024-10-08T00:00:00+00:00
[2024-10-08 13:27:16,917] {processor.py:161} INFO - Processing /home/kennedy/KR/Programação/00.Estudos/DataEng/Alura/airflow-executores/venv/lib/python3.9/site-packages/airflow/example_dags/example_branch_datetime_operator.py took 1.610 seconds
[2024-10-08 13:28:37,051] {processor.py:153} INFO - Started process (PID=38086) to work on /home/kennedy/KR/Programação/00.Estudos/DataEng/Alura/airflow-executores/venv/lib/python3.9/site-packages/airflow/example_dags/example_branch_datetime_operator.py
[2024-10-08 13:28:37,316] {processor.py:641} INFO - Processing file /home/kennedy/KR/Programação/00.Estudos/DataEng/Alura/airflow-executores/venv/lib/python3.9/site-packages/airflow/example_dags/example_branch_datetime_operator.py for tasks to queue
[2024-10-08 13:28:37,317] {logging_mixin.py:115} INFO - [2024-10-08 13:28:37,317] {dagbag.py:507} INFO - Filling up the DagBag from /home/kennedy/KR/Programação/00.Estudos/DataEng/Alura/airflow-executores/venv/lib/python3.9/site-packages/airflow/example_dags/example_branch_datetime_operator.py
[2024-10-08 13:28:37,335] {processor.py:651} INFO - DAG(s) dict_keys(['example_branch_datetime_operator_2']) retrieved from /home/kennedy/KR/Programação/00.Estudos/DataEng/Alura/airflow-executores/venv/lib/python3.9/site-packages/airflow/example_dags/example_branch_datetime_operator.py
[2024-10-08 13:28:37,360] {logging_mixin.py:115} INFO - [2024-10-08 13:28:37,360] {dag.py:2379} INFO - Sync 1 DAGs
[2024-10-08 13:28:37,376] {logging_mixin.py:115} INFO - [2024-10-08 13:28:37,376] {dag.py:2927} INFO - Setting next_dagrun for example_branch_datetime_operator_2 to 2024-10-07T00:00:00+00:00, run_after=2024-10-08T00:00:00+00:00
[2024-10-08 13:28:37,914] {processor.py:161} INFO - Processing /home/kennedy/KR/Programação/00.Estudos/DataEng/Alura/airflow-executores/venv/lib/python3.9/site-packages/airflow/example_dags/example_branch_datetime_operator.py took 0.869 seconds
[2024-10-08 13:29:52,850] {processor.py:153} INFO - Started process (PID=38522) to work on /home/kennedy/KR/Programação/00.Estudos/DataEng/Alura/airflow-executores/venv/lib/python3.9/site-packages/airflow/example_dags/example_branch_datetime_operator.py
[2024-10-08 13:29:52,892] {processor.py:641} INFO - Processing file /home/kennedy/KR/Programação/00.Estudos/DataEng/Alura/airflow-executores/venv/lib/python3.9/site-packages/airflow/example_dags/example_branch_datetime_operator.py for tasks to queue
[2024-10-08 13:29:52,893] {logging_mixin.py:115} INFO - [2024-10-08 13:29:52,892] {dagbag.py:507} INFO - Filling up the DagBag from /home/kennedy/KR/Programação/00.Estudos/DataEng/Alura/airflow-executores/venv/lib/python3.9/site-packages/airflow/example_dags/example_branch_datetime_operator.py
[2024-10-08 13:29:52,911] {processor.py:651} INFO - DAG(s) dict_keys(['example_branch_datetime_operator_2']) retrieved from /home/kennedy/KR/Programação/00.Estudos/DataEng/Alura/airflow-executores/venv/lib/python3.9/site-packages/airflow/example_dags/example_branch_datetime_operator.py
[2024-10-08 13:29:52,937] {logging_mixin.py:115} INFO - [2024-10-08 13:29:52,937] {dag.py:2379} INFO - Sync 1 DAGs
[2024-10-08 13:29:52,954] {logging_mixin.py:115} INFO - [2024-10-08 13:29:52,954] {dag.py:2927} INFO - Setting next_dagrun for example_branch_datetime_operator_2 to 2024-10-07T00:00:00+00:00, run_after=2024-10-08T00:00:00+00:00
[2024-10-08 13:29:53,199] {processor.py:161} INFO - Processing /home/kennedy/KR/Programação/00.Estudos/DataEng/Alura/airflow-executores/venv/lib/python3.9/site-packages/airflow/example_dags/example_branch_datetime_operator.py took 0.354 seconds
[2024-10-08 13:30:53,532] {processor.py:153} INFO - Started process (PID=38615) to work on /home/kennedy/KR/Programação/00.Estudos/DataEng/Alura/airflow-executores/venv/lib/python3.9/site-packages/airflow/example_dags/example_branch_datetime_operator.py
[2024-10-08 13:30:53,540] {processor.py:641} INFO - Processing file /home/kennedy/KR/Programação/00.Estudos/DataEng/Alura/airflow-executores/venv/lib/python3.9/site-packages/airflow/example_dags/example_branch_datetime_operator.py for tasks to queue
[2024-10-08 13:30:53,541] {logging_mixin.py:115} INFO - [2024-10-08 13:30:53,541] {dagbag.py:507} INFO - Filling up the DagBag from /home/kennedy/KR/Programação/00.Estudos/DataEng/Alura/airflow-executores/venv/lib/python3.9/site-packages/airflow/example_dags/example_branch_datetime_operator.py
[2024-10-08 13:30:53,556] {processor.py:651} INFO - DAG(s) dict_keys(['example_branch_datetime_operator_2']) retrieved from /home/kennedy/KR/Programação/00.Estudos/DataEng/Alura/airflow-executores/venv/lib/python3.9/site-packages/airflow/example_dags/example_branch_datetime_operator.py
[2024-10-08 13:30:53,576] {logging_mixin.py:115} INFO - [2024-10-08 13:30:53,576] {dag.py:2379} INFO - Sync 1 DAGs
[2024-10-08 13:30:53,592] {logging_mixin.py:115} INFO - [2024-10-08 13:30:53,592] {dag.py:2927} INFO - Setting next_dagrun for example_branch_datetime_operator_2 to 2024-10-07T00:00:00+00:00, run_after=2024-10-08T00:00:00+00:00
[2024-10-08 13:30:53,745] {processor.py:161} INFO - Processing /home/kennedy/KR/Programação/00.Estudos/DataEng/Alura/airflow-executores/venv/lib/python3.9/site-packages/airflow/example_dags/example_branch_datetime_operator.py took 0.218 seconds
[2024-10-08 13:31:56,796] {processor.py:153} INFO - Started process (PID=38730) to work on /home/kennedy/KR/Programação/00.Estudos/DataEng/Alura/airflow-executores/venv/lib/python3.9/site-packages/airflow/example_dags/example_branch_datetime_operator.py
[2024-10-08 13:31:56,806] {processor.py:641} INFO - Processing file /home/kennedy/KR/Programação/00.Estudos/DataEng/Alura/airflow-executores/venv/lib/python3.9/site-packages/airflow/example_dags/example_branch_datetime_operator.py for tasks to queue
[2024-10-08 13:31:56,807] {logging_mixin.py:115} INFO - [2024-10-08 13:31:56,807] {dagbag.py:507} INFO - Filling up the DagBag from /home/kennedy/KR/Programação/00.Estudos/DataEng/Alura/airflow-executores/venv/lib/python3.9/site-packages/airflow/example_dags/example_branch_datetime_operator.py
[2024-10-08 13:31:56,824] {processor.py:651} INFO - DAG(s) dict_keys(['example_branch_datetime_operator_2']) retrieved from /home/kennedy/KR/Programação/00.Estudos/DataEng/Alura/airflow-executores/venv/lib/python3.9/site-packages/airflow/example_dags/example_branch_datetime_operator.py
[2024-10-08 13:31:56,847] {logging_mixin.py:115} INFO - [2024-10-08 13:31:56,847] {dag.py:2379} INFO - Sync 1 DAGs
[2024-10-08 13:31:56,866] {logging_mixin.py:115} INFO - [2024-10-08 13:31:56,866] {dag.py:2927} INFO - Setting next_dagrun for example_branch_datetime_operator_2 to 2024-10-07T00:00:00+00:00, run_after=2024-10-08T00:00:00+00:00
[2024-10-08 13:31:57,000] {processor.py:161} INFO - Processing /home/kennedy/KR/Programação/00.Estudos/DataEng/Alura/airflow-executores/venv/lib/python3.9/site-packages/airflow/example_dags/example_branch_datetime_operator.py took 0.208 seconds
[2024-10-08 13:33:12,081] {processor.py:153} INFO - Started process (PID=38876) to work on /home/kennedy/KR/Programação/00.Estudos/DataEng/Alura/airflow-executores/venv/lib/python3.9/site-packages/airflow/example_dags/example_branch_datetime_operator.py
[2024-10-08 13:33:12,348] {processor.py:641} INFO - Processing file /home/kennedy/KR/Programação/00.Estudos/DataEng/Alura/airflow-executores/venv/lib/python3.9/site-packages/airflow/example_dags/example_branch_datetime_operator.py for tasks to queue
[2024-10-08 13:33:12,350] {logging_mixin.py:115} INFO - [2024-10-08 13:33:12,350] {dagbag.py:507} INFO - Filling up the DagBag from /home/kennedy/KR/Programação/00.Estudos/DataEng/Alura/airflow-executores/venv/lib/python3.9/site-packages/airflow/example_dags/example_branch_datetime_operator.py
[2024-10-08 13:33:12,368] {processor.py:651} INFO - DAG(s) dict_keys(['example_branch_datetime_operator_2']) retrieved from /home/kennedy/KR/Programação/00.Estudos/DataEng/Alura/airflow-executores/venv/lib/python3.9/site-packages/airflow/example_dags/example_branch_datetime_operator.py
[2024-10-08 13:33:12,393] {logging_mixin.py:115} INFO - [2024-10-08 13:33:12,393] {dag.py:2379} INFO - Sync 1 DAGs
[2024-10-08 13:33:12,411] {logging_mixin.py:115} INFO - [2024-10-08 13:33:12,411] {dag.py:2927} INFO - Setting next_dagrun for example_branch_datetime_operator_2 to 2024-10-07T00:00:00+00:00, run_after=2024-10-08T00:00:00+00:00
[2024-10-08 13:33:13,002] {processor.py:161} INFO - Processing /home/kennedy/KR/Programação/00.Estudos/DataEng/Alura/airflow-executores/venv/lib/python3.9/site-packages/airflow/example_dags/example_branch_datetime_operator.py took 0.929 seconds
[2024-10-08 13:34:20,392] {processor.py:153} INFO - Started process (PID=38974) to work on /home/kennedy/KR/Programação/00.Estudos/DataEng/Alura/airflow-executores/venv/lib/python3.9/site-packages/airflow/example_dags/example_branch_datetime_operator.py
[2024-10-08 13:34:20,499] {processor.py:641} INFO - Processing file /home/kennedy/KR/Programação/00.Estudos/DataEng/Alura/airflow-executores/venv/lib/python3.9/site-packages/airflow/example_dags/example_branch_datetime_operator.py for tasks to queue
[2024-10-08 13:34:20,508] {logging_mixin.py:115} INFO - [2024-10-08 13:34:20,508] {dagbag.py:507} INFO - Filling up the DagBag from /home/kennedy/KR/Programação/00.Estudos/DataEng/Alura/airflow-executores/venv/lib/python3.9/site-packages/airflow/example_dags/example_branch_datetime_operator.py
[2024-10-08 13:34:20,527] {processor.py:651} INFO - DAG(s) dict_keys(['example_branch_datetime_operator_2']) retrieved from /home/kennedy/KR/Programação/00.Estudos/DataEng/Alura/airflow-executores/venv/lib/python3.9/site-packages/airflow/example_dags/example_branch_datetime_operator.py
[2024-10-08 13:34:20,551] {logging_mixin.py:115} INFO - [2024-10-08 13:34:20,551] {dag.py:2379} INFO - Sync 1 DAGs
[2024-10-08 13:34:20,582] {logging_mixin.py:115} INFO - [2024-10-08 13:34:20,582] {dag.py:2927} INFO - Setting next_dagrun for example_branch_datetime_operator_2 to 2024-10-07T00:00:00+00:00, run_after=2024-10-08T00:00:00+00:00
[2024-10-08 13:34:20,769] {processor.py:161} INFO - Processing /home/kennedy/KR/Programação/00.Estudos/DataEng/Alura/airflow-executores/venv/lib/python3.9/site-packages/airflow/example_dags/example_branch_datetime_operator.py took 0.380 seconds
[2024-10-08 16:37:11,666] {processor.py:153} INFO - Started process (PID=16750) to work on /home/kennedy/KR/Programação/00.Estudos/DataEng/Alura/airflow-executores/venv/lib/python3.9/site-packages/airflow/example_dags/example_branch_datetime_operator.py
[2024-10-08 16:37:11,667] {processor.py:641} INFO - Processing file /home/kennedy/KR/Programação/00.Estudos/DataEng/Alura/airflow-executores/venv/lib/python3.9/site-packages/airflow/example_dags/example_branch_datetime_operator.py for tasks to queue
[2024-10-08 16:37:11,667] {logging_mixin.py:115} INFO - [2024-10-08 16:37:11,667] {dagbag.py:507} INFO - Filling up the DagBag from /home/kennedy/KR/Programação/00.Estudos/DataEng/Alura/airflow-executores/venv/lib/python3.9/site-packages/airflow/example_dags/example_branch_datetime_operator.py
[2024-10-08 16:37:11,711] {processor.py:651} INFO - DAG(s) dict_keys(['example_branch_datetime_operator_2']) retrieved from /home/kennedy/KR/Programação/00.Estudos/DataEng/Alura/airflow-executores/venv/lib/python3.9/site-packages/airflow/example_dags/example_branch_datetime_operator.py
[2024-10-08 16:37:11,756] {logging_mixin.py:115} INFO - [2024-10-08 16:37:11,756] {dag.py:2379} INFO - Sync 1 DAGs
[2024-10-08 16:37:11,768] {logging_mixin.py:115} INFO - [2024-10-08 16:37:11,768] {dag.py:2927} INFO - Setting next_dagrun for example_branch_datetime_operator_2 to 2024-10-07T00:00:00+00:00, run_after=2024-10-08T00:00:00+00:00
[2024-10-08 16:37:11,871] {processor.py:161} INFO - Processing /home/kennedy/KR/Programação/00.Estudos/DataEng/Alura/airflow-executores/venv/lib/python3.9/site-packages/airflow/example_dags/example_branch_datetime_operator.py took 0.207 seconds
[2024-10-08 16:37:56,853] {processor.py:153} INFO - Started process (PID=16816) to work on /home/kennedy/KR/Programação/00.Estudos/DataEng/Alura/airflow-executores/venv/lib/python3.9/site-packages/airflow/example_dags/example_branch_datetime_operator.py
[2024-10-08 16:37:56,910] {processor.py:641} INFO - Processing file /home/kennedy/KR/Programação/00.Estudos/DataEng/Alura/airflow-executores/venv/lib/python3.9/site-packages/airflow/example_dags/example_branch_datetime_operator.py for tasks to queue
[2024-10-08 16:37:56,913] {logging_mixin.py:115} INFO - [2024-10-08 16:37:56,912] {dagbag.py:507} INFO - Filling up the DagBag from /home/kennedy/KR/Programação/00.Estudos/DataEng/Alura/airflow-executores/venv/lib/python3.9/site-packages/airflow/example_dags/example_branch_datetime_operator.py
[2024-10-08 16:37:56,935] {processor.py:651} INFO - DAG(s) dict_keys(['example_branch_datetime_operator_2']) retrieved from /home/kennedy/KR/Programação/00.Estudos/DataEng/Alura/airflow-executores/venv/lib/python3.9/site-packages/airflow/example_dags/example_branch_datetime_operator.py
[2024-10-08 16:37:56,970] {logging_mixin.py:115} INFO - [2024-10-08 16:37:56,970] {dag.py:2379} INFO - Sync 1 DAGs
[2024-10-08 16:37:56,993] {logging_mixin.py:115} INFO - [2024-10-08 16:37:56,993] {dag.py:2927} INFO - Setting next_dagrun for example_branch_datetime_operator_2 to 2024-10-07T00:00:00+00:00, run_after=2024-10-08T00:00:00+00:00
[2024-10-08 16:37:58,270] {processor.py:161} INFO - Processing /home/kennedy/KR/Programação/00.Estudos/DataEng/Alura/airflow-executores/venv/lib/python3.9/site-packages/airflow/example_dags/example_branch_datetime_operator.py took 1.426 seconds
[2024-10-08 16:39:43,287] {processor.py:153} INFO - Started process (PID=17520) to work on /home/kennedy/KR/Programação/00.Estudos/DataEng/Alura/airflow-executores/venv/lib/python3.9/site-packages/airflow/example_dags/example_branch_datetime_operator.py
[2024-10-08 16:39:43,379] {processor.py:641} INFO - Processing file /home/kennedy/KR/Programação/00.Estudos/DataEng/Alura/airflow-executores/venv/lib/python3.9/site-packages/airflow/example_dags/example_branch_datetime_operator.py for tasks to queue
[2024-10-08 16:39:43,380] {logging_mixin.py:115} INFO - [2024-10-08 16:39:43,380] {dagbag.py:507} INFO - Filling up the DagBag from /home/kennedy/KR/Programação/00.Estudos/DataEng/Alura/airflow-executores/venv/lib/python3.9/site-packages/airflow/example_dags/example_branch_datetime_operator.py
[2024-10-08 16:39:43,387] {processor.py:651} INFO - DAG(s) dict_keys(['example_branch_datetime_operator_2']) retrieved from /home/kennedy/KR/Programação/00.Estudos/DataEng/Alura/airflow-executores/venv/lib/python3.9/site-packages/airflow/example_dags/example_branch_datetime_operator.py
[2024-10-08 16:39:43,401] {logging_mixin.py:115} INFO - [2024-10-08 16:39:43,401] {dag.py:2379} INFO - Sync 1 DAGs
[2024-10-08 16:39:43,422] {logging_mixin.py:115} INFO - [2024-10-08 16:39:43,422] {dag.py:2927} INFO - Setting next_dagrun for example_branch_datetime_operator_2 to 2024-10-07T00:00:00+00:00, run_after=2024-10-08T00:00:00+00:00
[2024-10-08 16:39:43,919] {processor.py:161} INFO - Processing /home/kennedy/KR/Programação/00.Estudos/DataEng/Alura/airflow-executores/venv/lib/python3.9/site-packages/airflow/example_dags/example_branch_datetime_operator.py took 0.634 seconds
[2024-10-08 16:42:00,073] {processor.py:153} INFO - Started process (PID=18093) to work on /home/kennedy/KR/Programação/00.Estudos/DataEng/Alura/airflow-executores/venv/lib/python3.9/site-packages/airflow/example_dags/example_branch_datetime_operator.py
[2024-10-08 16:42:00,152] {processor.py:641} INFO - Processing file /home/kennedy/KR/Programação/00.Estudos/DataEng/Alura/airflow-executores/venv/lib/python3.9/site-packages/airflow/example_dags/example_branch_datetime_operator.py for tasks to queue
[2024-10-08 16:42:00,153] {logging_mixin.py:115} INFO - [2024-10-08 16:42:00,153] {dagbag.py:507} INFO - Filling up the DagBag from /home/kennedy/KR/Programação/00.Estudos/DataEng/Alura/airflow-executores/venv/lib/python3.9/site-packages/airflow/example_dags/example_branch_datetime_operator.py
[2024-10-08 16:42:00,165] {processor.py:651} INFO - DAG(s) dict_keys(['example_branch_datetime_operator_2']) retrieved from /home/kennedy/KR/Programação/00.Estudos/DataEng/Alura/airflow-executores/venv/lib/python3.9/site-packages/airflow/example_dags/example_branch_datetime_operator.py
[2024-10-08 16:42:00,185] {logging_mixin.py:115} INFO - [2024-10-08 16:42:00,185] {dag.py:2379} INFO - Sync 1 DAGs
[2024-10-08 16:42:00,200] {logging_mixin.py:115} INFO - [2024-10-08 16:42:00,200] {dag.py:2927} INFO - Setting next_dagrun for example_branch_datetime_operator_2 to 2024-10-07T00:00:00+00:00, run_after=2024-10-08T00:00:00+00:00
[2024-10-08 16:42:00,284] {processor.py:161} INFO - Processing /home/kennedy/KR/Programação/00.Estudos/DataEng/Alura/airflow-executores/venv/lib/python3.9/site-packages/airflow/example_dags/example_branch_datetime_operator.py took 0.216 seconds
[2024-10-08 16:43:30,254] {processor.py:153} INFO - Started process (PID=18231) to work on /home/kennedy/KR/Programação/00.Estudos/DataEng/Alura/airflow-executores/venv/lib/python3.9/site-packages/airflow/example_dags/example_branch_datetime_operator.py
[2024-10-08 16:43:30,335] {processor.py:641} INFO - Processing file /home/kennedy/KR/Programação/00.Estudos/DataEng/Alura/airflow-executores/venv/lib/python3.9/site-packages/airflow/example_dags/example_branch_datetime_operator.py for tasks to queue
[2024-10-08 16:43:30,336] {logging_mixin.py:115} INFO - [2024-10-08 16:43:30,335] {dagbag.py:507} INFO - Filling up the DagBag from /home/kennedy/KR/Programação/00.Estudos/DataEng/Alura/airflow-executores/venv/lib/python3.9/site-packages/airflow/example_dags/example_branch_datetime_operator.py
[2024-10-08 16:43:30,343] {processor.py:651} INFO - DAG(s) dict_keys(['example_branch_datetime_operator_2']) retrieved from /home/kennedy/KR/Programação/00.Estudos/DataEng/Alura/airflow-executores/venv/lib/python3.9/site-packages/airflow/example_dags/example_branch_datetime_operator.py
[2024-10-08 16:43:30,358] {logging_mixin.py:115} INFO - [2024-10-08 16:43:30,358] {dag.py:2379} INFO - Sync 1 DAGs
[2024-10-08 16:43:30,375] {logging_mixin.py:115} INFO - [2024-10-08 16:43:30,375] {dag.py:2927} INFO - Setting next_dagrun for example_branch_datetime_operator_2 to 2024-10-07T00:00:00+00:00, run_after=2024-10-08T00:00:00+00:00
[2024-10-08 16:43:30,637] {processor.py:161} INFO - Processing /home/kennedy/KR/Programação/00.Estudos/DataEng/Alura/airflow-executores/venv/lib/python3.9/site-packages/airflow/example_dags/example_branch_datetime_operator.py took 0.386 seconds
[2024-10-08 16:44:56,243] {processor.py:153} INFO - Started process (PID=18308) to work on /home/kennedy/KR/Programação/00.Estudos/DataEng/Alura/airflow-executores/venv/lib/python3.9/site-packages/airflow/example_dags/example_branch_datetime_operator.py
[2024-10-08 16:44:56,259] {processor.py:641} INFO - Processing file /home/kennedy/KR/Programação/00.Estudos/DataEng/Alura/airflow-executores/venv/lib/python3.9/site-packages/airflow/example_dags/example_branch_datetime_operator.py for tasks to queue
[2024-10-08 16:44:56,260] {logging_mixin.py:115} INFO - [2024-10-08 16:44:56,259] {dagbag.py:507} INFO - Filling up the DagBag from /home/kennedy/KR/Programação/00.Estudos/DataEng/Alura/airflow-executores/venv/lib/python3.9/site-packages/airflow/example_dags/example_branch_datetime_operator.py
[2024-10-08 16:44:56,267] {processor.py:651} INFO - DAG(s) dict_keys(['example_branch_datetime_operator_2']) retrieved from /home/kennedy/KR/Programação/00.Estudos/DataEng/Alura/airflow-executores/venv/lib/python3.9/site-packages/airflow/example_dags/example_branch_datetime_operator.py
[2024-10-08 16:44:56,282] {logging_mixin.py:115} INFO - [2024-10-08 16:44:56,282] {dag.py:2379} INFO - Sync 1 DAGs
[2024-10-08 16:44:56,296] {logging_mixin.py:115} INFO - [2024-10-08 16:44:56,296] {dag.py:2927} INFO - Setting next_dagrun for example_branch_datetime_operator_2 to 2024-10-07T00:00:00+00:00, run_after=2024-10-08T00:00:00+00:00
[2024-10-08 16:44:57,863] {processor.py:161} INFO - Processing /home/kennedy/KR/Programação/00.Estudos/DataEng/Alura/airflow-executores/venv/lib/python3.9/site-packages/airflow/example_dags/example_branch_datetime_operator.py took 1.623 seconds
[2024-10-08 16:47:12,745] {processor.py:153} INFO - Started process (PID=19055) to work on /home/kennedy/KR/Programação/00.Estudos/DataEng/Alura/airflow-executores/venv/lib/python3.9/site-packages/airflow/example_dags/example_branch_datetime_operator.py
[2024-10-08 16:47:12,746] {processor.py:641} INFO - Processing file /home/kennedy/KR/Programação/00.Estudos/DataEng/Alura/airflow-executores/venv/lib/python3.9/site-packages/airflow/example_dags/example_branch_datetime_operator.py for tasks to queue
[2024-10-08 16:47:12,747] {logging_mixin.py:115} INFO - [2024-10-08 16:47:12,747] {dagbag.py:507} INFO - Filling up the DagBag from /home/kennedy/KR/Programação/00.Estudos/DataEng/Alura/airflow-executores/venv/lib/python3.9/site-packages/airflow/example_dags/example_branch_datetime_operator.py
[2024-10-08 16:47:12,764] {processor.py:651} INFO - DAG(s) dict_keys(['example_branch_datetime_operator_2']) retrieved from /home/kennedy/KR/Programação/00.Estudos/DataEng/Alura/airflow-executores/venv/lib/python3.9/site-packages/airflow/example_dags/example_branch_datetime_operator.py
[2024-10-08 16:47:12,781] {logging_mixin.py:115} INFO - [2024-10-08 16:47:12,781] {dag.py:2379} INFO - Sync 1 DAGs
[2024-10-08 16:47:12,795] {logging_mixin.py:115} INFO - [2024-10-08 16:47:12,795] {dag.py:2927} INFO - Setting next_dagrun for example_branch_datetime_operator_2 to 2024-10-07T00:00:00+00:00, run_after=2024-10-08T00:00:00+00:00
[2024-10-08 16:47:13,485] {processor.py:161} INFO - Processing /home/kennedy/KR/Programação/00.Estudos/DataEng/Alura/airflow-executores/venv/lib/python3.9/site-packages/airflow/example_dags/example_branch_datetime_operator.py took 0.747 seconds
[2024-10-08 16:48:31,236] {processor.py:153} INFO - Started process (PID=19245) to work on /home/kennedy/KR/Programação/00.Estudos/DataEng/Alura/airflow-executores/venv/lib/python3.9/site-packages/airflow/example_dags/example_branch_datetime_operator.py
[2024-10-08 16:48:31,269] {processor.py:641} INFO - Processing file /home/kennedy/KR/Programação/00.Estudos/DataEng/Alura/airflow-executores/venv/lib/python3.9/site-packages/airflow/example_dags/example_branch_datetime_operator.py for tasks to queue
[2024-10-08 16:48:31,270] {logging_mixin.py:115} INFO - [2024-10-08 16:48:31,270] {dagbag.py:507} INFO - Filling up the DagBag from /home/kennedy/KR/Programação/00.Estudos/DataEng/Alura/airflow-executores/venv/lib/python3.9/site-packages/airflow/example_dags/example_branch_datetime_operator.py
[2024-10-08 16:48:31,284] {processor.py:651} INFO - DAG(s) dict_keys(['example_branch_datetime_operator_2']) retrieved from /home/kennedy/KR/Programação/00.Estudos/DataEng/Alura/airflow-executores/venv/lib/python3.9/site-packages/airflow/example_dags/example_branch_datetime_operator.py
[2024-10-08 16:48:31,301] {logging_mixin.py:115} INFO - [2024-10-08 16:48:31,301] {dag.py:2379} INFO - Sync 1 DAGs
[2024-10-08 16:48:31,316] {logging_mixin.py:115} INFO - [2024-10-08 16:48:31,316] {dag.py:2927} INFO - Setting next_dagrun for example_branch_datetime_operator_2 to 2024-10-07T00:00:00+00:00, run_after=2024-10-08T00:00:00+00:00
[2024-10-08 16:48:31,732] {processor.py:161} INFO - Processing /home/kennedy/KR/Programação/00.Estudos/DataEng/Alura/airflow-executores/venv/lib/python3.9/site-packages/airflow/example_dags/example_branch_datetime_operator.py took 0.500 seconds
[2024-10-08 16:49:43,312] {processor.py:153} INFO - Started process (PID=19338) to work on /home/kennedy/KR/Programação/00.Estudos/DataEng/Alura/airflow-executores/venv/lib/python3.9/site-packages/airflow/example_dags/example_branch_datetime_operator.py
[2024-10-08 16:49:43,471] {processor.py:641} INFO - Processing file /home/kennedy/KR/Programação/00.Estudos/DataEng/Alura/airflow-executores/venv/lib/python3.9/site-packages/airflow/example_dags/example_branch_datetime_operator.py for tasks to queue
[2024-10-08 16:49:43,473] {logging_mixin.py:115} INFO - [2024-10-08 16:49:43,472] {dagbag.py:507} INFO - Filling up the DagBag from /home/kennedy/KR/Programação/00.Estudos/DataEng/Alura/airflow-executores/venv/lib/python3.9/site-packages/airflow/example_dags/example_branch_datetime_operator.py
[2024-10-08 16:49:43,497] {processor.py:651} INFO - DAG(s) dict_keys(['example_branch_datetime_operator_2']) retrieved from /home/kennedy/KR/Programação/00.Estudos/DataEng/Alura/airflow-executores/venv/lib/python3.9/site-packages/airflow/example_dags/example_branch_datetime_operator.py
[2024-10-08 16:49:43,521] {logging_mixin.py:115} INFO - [2024-10-08 16:49:43,520] {dag.py:2379} INFO - Sync 1 DAGs
[2024-10-08 16:49:43,534] {logging_mixin.py:115} INFO - [2024-10-08 16:49:43,534] {dag.py:2927} INFO - Setting next_dagrun for example_branch_datetime_operator_2 to 2024-10-07T00:00:00+00:00, run_after=2024-10-08T00:00:00+00:00
[2024-10-08 16:49:43,870] {processor.py:161} INFO - Processing /home/kennedy/KR/Programação/00.Estudos/DataEng/Alura/airflow-executores/venv/lib/python3.9/site-packages/airflow/example_dags/example_branch_datetime_operator.py took 0.565 seconds
[2024-10-08 17:23:08,895] {processor.py:153} INFO - Started process (PID=40157) to work on /home/kennedy/KR/Programação/00.Estudos/DataEng/Alura/airflow-executores/venv/lib/python3.9/site-packages/airflow/example_dags/example_branch_datetime_operator.py
[2024-10-08 17:23:08,956] {processor.py:641} INFO - Processing file /home/kennedy/KR/Programação/00.Estudos/DataEng/Alura/airflow-executores/venv/lib/python3.9/site-packages/airflow/example_dags/example_branch_datetime_operator.py for tasks to queue
[2024-10-08 17:23:08,957] {logging_mixin.py:115} INFO - [2024-10-08 17:23:08,957] {dagbag.py:507} INFO - Filling up the DagBag from /home/kennedy/KR/Programação/00.Estudos/DataEng/Alura/airflow-executores/venv/lib/python3.9/site-packages/airflow/example_dags/example_branch_datetime_operator.py
[2024-10-08 17:23:08,974] {processor.py:651} INFO - DAG(s) dict_keys(['example_branch_datetime_operator_2']) retrieved from /home/kennedy/KR/Programação/00.Estudos/DataEng/Alura/airflow-executores/venv/lib/python3.9/site-packages/airflow/example_dags/example_branch_datetime_operator.py
[2024-10-08 17:23:08,995] {logging_mixin.py:115} INFO - [2024-10-08 17:23:08,995] {dag.py:2379} INFO - Sync 1 DAGs
[2024-10-08 17:23:09,010] {logging_mixin.py:115} INFO - [2024-10-08 17:23:09,010] {dag.py:2927} INFO - Setting next_dagrun for example_branch_datetime_operator_2 to 2024-10-07T00:00:00+00:00, run_after=2024-10-08T00:00:00+00:00
[2024-10-08 17:23:09,349] {processor.py:161} INFO - Processing /home/kennedy/KR/Programação/00.Estudos/DataEng/Alura/airflow-executores/venv/lib/python3.9/site-packages/airflow/example_dags/example_branch_datetime_operator.py took 0.460 seconds
