[2024-10-08 13:24:10,305] {processor.py:153} INFO - Started process (PID=37571) to work on /home/kennedy/KR/Programação/00.Estudos/DataEng/Alura/airflow-executores/venv/lib/python3.9/site-packages/airflow/example_dags/example_complex.py
[2024-10-08 13:24:10,306] {processor.py:641} INFO - Processing file /home/kennedy/KR/Programação/00.Estudos/DataEng/Alura/airflow-executores/venv/lib/python3.9/site-packages/airflow/example_dags/example_complex.py for tasks to queue
[2024-10-08 13:24:10,306] {logging_mixin.py:115} INFO - [2024-10-08 13:24:10,306] {dagbag.py:507} INFO - Filling up the DagBag from /home/kennedy/KR/Programação/00.Estudos/DataEng/Alura/airflow-executores/venv/lib/python3.9/site-packages/airflow/example_dags/example_complex.py
[2024-10-08 13:24:10,316] {processor.py:651} INFO - DAG(s) dict_keys(['example_complex']) retrieved from /home/kennedy/KR/Programação/00.Estudos/DataEng/Alura/airflow-executores/venv/lib/python3.9/site-packages/airflow/example_dags/example_complex.py
[2024-10-08 13:24:10,533] {logging_mixin.py:115} INFO - [2024-10-08 13:24:10,533] {manager.py:508} INFO - Created Permission View: can delete on DAG:example_complex
[2024-10-08 13:24:11,360] {logging_mixin.py:115} INFO - [2024-10-08 13:24:11,360] {manager.py:508} INFO - Created Permission View: can read on DAG:example_complex
[2024-10-08 13:24:12,329] {logging_mixin.py:115} INFO - [2024-10-08 13:24:12,329] {manager.py:508} INFO - Created Permission View: can edit on DAG:example_complex
[2024-10-08 13:24:12,330] {logging_mixin.py:115} INFO - [2024-10-08 13:24:12,330] {dag.py:2379} INFO - Sync 1 DAGs
[2024-10-08 13:24:12,351] {logging_mixin.py:115} INFO - [2024-10-08 13:24:12,351] {dag.py:2398} INFO - Creating ORM DAG for example_complex
[2024-10-08 13:24:12,366] {logging_mixin.py:115} INFO - [2024-10-08 13:24:12,366] {dag.py:2927} INFO - Setting next_dagrun for example_complex to None, run_after=None
[2024-10-08 13:24:12,501] {processor.py:161} INFO - Processing /home/kennedy/KR/Programação/00.Estudos/DataEng/Alura/airflow-executores/venv/lib/python3.9/site-packages/airflow/example_dags/example_complex.py took 2.197 seconds
[2024-10-08 13:25:59,315] {processor.py:153} INFO - Started process (PID=37795) to work on /home/kennedy/KR/Programação/00.Estudos/DataEng/Alura/airflow-executores/venv/lib/python3.9/site-packages/airflow/example_dags/example_complex.py
[2024-10-08 13:25:59,316] {processor.py:641} INFO - Processing file /home/kennedy/KR/Programação/00.Estudos/DataEng/Alura/airflow-executores/venv/lib/python3.9/site-packages/airflow/example_dags/example_complex.py for tasks to queue
[2024-10-08 13:25:59,317] {logging_mixin.py:115} INFO - [2024-10-08 13:25:59,317] {dagbag.py:507} INFO - Filling up the DagBag from /home/kennedy/KR/Programação/00.Estudos/DataEng/Alura/airflow-executores/venv/lib/python3.9/site-packages/airflow/example_dags/example_complex.py
[2024-10-08 13:25:59,336] {processor.py:651} INFO - DAG(s) dict_keys(['example_complex']) retrieved from /home/kennedy/KR/Programação/00.Estudos/DataEng/Alura/airflow-executores/venv/lib/python3.9/site-packages/airflow/example_dags/example_complex.py
[2024-10-08 13:25:59,357] {logging_mixin.py:115} INFO - [2024-10-08 13:25:59,357] {dag.py:2379} INFO - Sync 1 DAGs
[2024-10-08 13:25:59,375] {logging_mixin.py:115} INFO - [2024-10-08 13:25:59,375] {dag.py:2927} INFO - Setting next_dagrun for example_complex to None, run_after=None
[2024-10-08 13:25:59,732] {processor.py:161} INFO - Processing /home/kennedy/KR/Programação/00.Estudos/DataEng/Alura/airflow-executores/venv/lib/python3.9/site-packages/airflow/example_dags/example_complex.py took 0.423 seconds
[2024-10-08 13:27:04,484] {processor.py:153} INFO - Started process (PID=37939) to work on /home/kennedy/KR/Programação/00.Estudos/DataEng/Alura/airflow-executores/venv/lib/python3.9/site-packages/airflow/example_dags/example_complex.py
[2024-10-08 13:27:04,702] {processor.py:641} INFO - Processing file /home/kennedy/KR/Programação/00.Estudos/DataEng/Alura/airflow-executores/venv/lib/python3.9/site-packages/airflow/example_dags/example_complex.py for tasks to queue
[2024-10-08 13:27:04,704] {logging_mixin.py:115} INFO - [2024-10-08 13:27:04,703] {dagbag.py:507} INFO - Filling up the DagBag from /home/kennedy/KR/Programação/00.Estudos/DataEng/Alura/airflow-executores/venv/lib/python3.9/site-packages/airflow/example_dags/example_complex.py
[2024-10-08 13:27:04,732] {processor.py:651} INFO - DAG(s) dict_keys(['example_complex']) retrieved from /home/kennedy/KR/Programação/00.Estudos/DataEng/Alura/airflow-executores/venv/lib/python3.9/site-packages/airflow/example_dags/example_complex.py
[2024-10-08 13:27:04,753] {logging_mixin.py:115} INFO - [2024-10-08 13:27:04,753] {dag.py:2379} INFO - Sync 1 DAGs
[2024-10-08 13:27:04,766] {logging_mixin.py:115} INFO - [2024-10-08 13:27:04,766] {dag.py:2927} INFO - Setting next_dagrun for example_complex to None, run_after=None
[2024-10-08 13:27:05,135] {processor.py:161} INFO - Processing /home/kennedy/KR/Programação/00.Estudos/DataEng/Alura/airflow-executores/venv/lib/python3.9/site-packages/airflow/example_dags/example_complex.py took 0.657 seconds
[2024-10-08 13:28:28,739] {processor.py:153} INFO - Started process (PID=38080) to work on /home/kennedy/KR/Programação/00.Estudos/DataEng/Alura/airflow-executores/venv/lib/python3.9/site-packages/airflow/example_dags/example_complex.py
[2024-10-08 13:28:29,142] {processor.py:641} INFO - Processing file /home/kennedy/KR/Programação/00.Estudos/DataEng/Alura/airflow-executores/venv/lib/python3.9/site-packages/airflow/example_dags/example_complex.py for tasks to queue
[2024-10-08 13:28:29,143] {logging_mixin.py:115} INFO - [2024-10-08 13:28:29,143] {dagbag.py:507} INFO - Filling up the DagBag from /home/kennedy/KR/Programação/00.Estudos/DataEng/Alura/airflow-executores/venv/lib/python3.9/site-packages/airflow/example_dags/example_complex.py
[2024-10-08 13:28:29,175] {processor.py:651} INFO - DAG(s) dict_keys(['example_complex']) retrieved from /home/kennedy/KR/Programação/00.Estudos/DataEng/Alura/airflow-executores/venv/lib/python3.9/site-packages/airflow/example_dags/example_complex.py
[2024-10-08 13:28:29,199] {logging_mixin.py:115} INFO - [2024-10-08 13:28:29,199] {dag.py:2379} INFO - Sync 1 DAGs
[2024-10-08 13:28:29,212] {logging_mixin.py:115} INFO - [2024-10-08 13:28:29,212] {dag.py:2927} INFO - Setting next_dagrun for example_complex to None, run_after=None
[2024-10-08 13:28:29,435] {processor.py:161} INFO - Processing /home/kennedy/KR/Programação/00.Estudos/DataEng/Alura/airflow-executores/venv/lib/python3.9/site-packages/airflow/example_dags/example_complex.py took 0.702 seconds
[2024-10-08 13:29:46,286] {processor.py:153} INFO - Started process (PID=38491) to work on /home/kennedy/KR/Programação/00.Estudos/DataEng/Alura/airflow-executores/venv/lib/python3.9/site-packages/airflow/example_dags/example_complex.py
[2024-10-08 13:29:46,300] {processor.py:641} INFO - Processing file /home/kennedy/KR/Programação/00.Estudos/DataEng/Alura/airflow-executores/venv/lib/python3.9/site-packages/airflow/example_dags/example_complex.py for tasks to queue
[2024-10-08 13:29:46,300] {logging_mixin.py:115} INFO - [2024-10-08 13:29:46,300] {dagbag.py:507} INFO - Filling up the DagBag from /home/kennedy/KR/Programação/00.Estudos/DataEng/Alura/airflow-executores/venv/lib/python3.9/site-packages/airflow/example_dags/example_complex.py
[2024-10-08 13:29:46,312] {processor.py:651} INFO - DAG(s) dict_keys(['example_complex']) retrieved from /home/kennedy/KR/Programação/00.Estudos/DataEng/Alura/airflow-executores/venv/lib/python3.9/site-packages/airflow/example_dags/example_complex.py
[2024-10-08 13:29:46,333] {logging_mixin.py:115} INFO - [2024-10-08 13:29:46,332] {dag.py:2379} INFO - Sync 1 DAGs
[2024-10-08 13:29:46,349] {logging_mixin.py:115} INFO - [2024-10-08 13:29:46,349] {dag.py:2927} INFO - Setting next_dagrun for example_complex to None, run_after=None
[2024-10-08 13:29:46,634] {processor.py:161} INFO - Processing /home/kennedy/KR/Programação/00.Estudos/DataEng/Alura/airflow-executores/venv/lib/python3.9/site-packages/airflow/example_dags/example_complex.py took 0.356 seconds
[2024-10-08 13:30:43,184] {processor.py:153} INFO - Started process (PID=38587) to work on /home/kennedy/KR/Programação/00.Estudos/DataEng/Alura/airflow-executores/venv/lib/python3.9/site-packages/airflow/example_dags/example_complex.py
[2024-10-08 13:30:43,198] {processor.py:641} INFO - Processing file /home/kennedy/KR/Programação/00.Estudos/DataEng/Alura/airflow-executores/venv/lib/python3.9/site-packages/airflow/example_dags/example_complex.py for tasks to queue
[2024-10-08 13:30:43,199] {logging_mixin.py:115} INFO - [2024-10-08 13:30:43,199] {dagbag.py:507} INFO - Filling up the DagBag from /home/kennedy/KR/Programação/00.Estudos/DataEng/Alura/airflow-executores/venv/lib/python3.9/site-packages/airflow/example_dags/example_complex.py
[2024-10-08 13:30:43,213] {processor.py:651} INFO - DAG(s) dict_keys(['example_complex']) retrieved from /home/kennedy/KR/Programação/00.Estudos/DataEng/Alura/airflow-executores/venv/lib/python3.9/site-packages/airflow/example_dags/example_complex.py
[2024-10-08 13:30:43,234] {logging_mixin.py:115} INFO - [2024-10-08 13:30:43,234] {dag.py:2379} INFO - Sync 1 DAGs
[2024-10-08 13:30:43,256] {logging_mixin.py:115} INFO - [2024-10-08 13:30:43,256] {dag.py:2927} INFO - Setting next_dagrun for example_complex to None, run_after=None
[2024-10-08 13:30:43,434] {processor.py:161} INFO - Processing /home/kennedy/KR/Programação/00.Estudos/DataEng/Alura/airflow-executores/venv/lib/python3.9/site-packages/airflow/example_dags/example_complex.py took 0.260 seconds
[2024-10-08 13:31:51,147] {processor.py:153} INFO - Started process (PID=38703) to work on /home/kennedy/KR/Programação/00.Estudos/DataEng/Alura/airflow-executores/venv/lib/python3.9/site-packages/airflow/example_dags/example_complex.py
[2024-10-08 13:31:51,158] {processor.py:641} INFO - Processing file /home/kennedy/KR/Programação/00.Estudos/DataEng/Alura/airflow-executores/venv/lib/python3.9/site-packages/airflow/example_dags/example_complex.py for tasks to queue
[2024-10-08 13:31:51,158] {logging_mixin.py:115} INFO - [2024-10-08 13:31:51,158] {dagbag.py:507} INFO - Filling up the DagBag from /home/kennedy/KR/Programação/00.Estudos/DataEng/Alura/airflow-executores/venv/lib/python3.9/site-packages/airflow/example_dags/example_complex.py
[2024-10-08 13:31:51,170] {processor.py:651} INFO - DAG(s) dict_keys(['example_complex']) retrieved from /home/kennedy/KR/Programação/00.Estudos/DataEng/Alura/airflow-executores/venv/lib/python3.9/site-packages/airflow/example_dags/example_complex.py
[2024-10-08 13:31:51,197] {logging_mixin.py:115} INFO - [2024-10-08 13:31:51,197] {dag.py:2379} INFO - Sync 1 DAGs
[2024-10-08 13:31:51,215] {logging_mixin.py:115} INFO - [2024-10-08 13:31:51,214] {dag.py:2927} INFO - Setting next_dagrun for example_complex to None, run_after=None
[2024-10-08 13:31:51,330] {processor.py:161} INFO - Processing /home/kennedy/KR/Programação/00.Estudos/DataEng/Alura/airflow-executores/venv/lib/python3.9/site-packages/airflow/example_dags/example_complex.py took 0.186 seconds
[2024-10-08 13:33:05,140] {processor.py:153} INFO - Started process (PID=38872) to work on /home/kennedy/KR/Programação/00.Estudos/DataEng/Alura/airflow-executores/venv/lib/python3.9/site-packages/airflow/example_dags/example_complex.py
[2024-10-08 13:33:05,352] {processor.py:641} INFO - Processing file /home/kennedy/KR/Programação/00.Estudos/DataEng/Alura/airflow-executores/venv/lib/python3.9/site-packages/airflow/example_dags/example_complex.py for tasks to queue
[2024-10-08 13:33:05,352] {logging_mixin.py:115} INFO - [2024-10-08 13:33:05,352] {dagbag.py:507} INFO - Filling up the DagBag from /home/kennedy/KR/Programação/00.Estudos/DataEng/Alura/airflow-executores/venv/lib/python3.9/site-packages/airflow/example_dags/example_complex.py
[2024-10-08 13:33:05,371] {processor.py:651} INFO - DAG(s) dict_keys(['example_complex']) retrieved from /home/kennedy/KR/Programação/00.Estudos/DataEng/Alura/airflow-executores/venv/lib/python3.9/site-packages/airflow/example_dags/example_complex.py
[2024-10-08 13:33:05,395] {logging_mixin.py:115} INFO - [2024-10-08 13:33:05,395] {dag.py:2379} INFO - Sync 1 DAGs
[2024-10-08 13:33:05,409] {logging_mixin.py:115} INFO - [2024-10-08 13:33:05,409] {dag.py:2927} INFO - Setting next_dagrun for example_complex to None, run_after=None
[2024-10-08 13:33:05,764] {processor.py:161} INFO - Processing /home/kennedy/KR/Programação/00.Estudos/DataEng/Alura/airflow-executores/venv/lib/python3.9/site-packages/airflow/example_dags/example_complex.py took 0.630 seconds
[2024-10-08 13:34:12,333] {processor.py:153} INFO - Started process (PID=38949) to work on /home/kennedy/KR/Programação/00.Estudos/DataEng/Alura/airflow-executores/venv/lib/python3.9/site-packages/airflow/example_dags/example_complex.py
[2024-10-08 13:34:12,356] {processor.py:641} INFO - Processing file /home/kennedy/KR/Programação/00.Estudos/DataEng/Alura/airflow-executores/venv/lib/python3.9/site-packages/airflow/example_dags/example_complex.py for tasks to queue
[2024-10-08 13:34:12,357] {logging_mixin.py:115} INFO - [2024-10-08 13:34:12,357] {dagbag.py:507} INFO - Filling up the DagBag from /home/kennedy/KR/Programação/00.Estudos/DataEng/Alura/airflow-executores/venv/lib/python3.9/site-packages/airflow/example_dags/example_complex.py
[2024-10-08 13:34:12,382] {processor.py:651} INFO - DAG(s) dict_keys(['example_complex']) retrieved from /home/kennedy/KR/Programação/00.Estudos/DataEng/Alura/airflow-executores/venv/lib/python3.9/site-packages/airflow/example_dags/example_complex.py
[2024-10-08 13:34:12,404] {logging_mixin.py:115} INFO - [2024-10-08 13:34:12,404] {dag.py:2379} INFO - Sync 1 DAGs
[2024-10-08 13:34:12,419] {logging_mixin.py:115} INFO - [2024-10-08 13:34:12,419] {dag.py:2927} INFO - Setting next_dagrun for example_complex to None, run_after=None
[2024-10-08 13:34:12,528] {processor.py:161} INFO - Processing /home/kennedy/KR/Programação/00.Estudos/DataEng/Alura/airflow-executores/venv/lib/python3.9/site-packages/airflow/example_dags/example_complex.py took 0.203 seconds
[2024-10-08 16:37:05,770] {processor.py:153} INFO - Started process (PID=16746) to work on /home/kennedy/KR/Programação/00.Estudos/DataEng/Alura/airflow-executores/venv/lib/python3.9/site-packages/airflow/example_dags/example_complex.py
[2024-10-08 16:37:05,867] {processor.py:641} INFO - Processing file /home/kennedy/KR/Programação/00.Estudos/DataEng/Alura/airflow-executores/venv/lib/python3.9/site-packages/airflow/example_dags/example_complex.py for tasks to queue
[2024-10-08 16:37:05,868] {logging_mixin.py:115} INFO - [2024-10-08 16:37:05,868] {dagbag.py:507} INFO - Filling up the DagBag from /home/kennedy/KR/Programação/00.Estudos/DataEng/Alura/airflow-executores/venv/lib/python3.9/site-packages/airflow/example_dags/example_complex.py
[2024-10-08 16:37:05,897] {processor.py:651} INFO - DAG(s) dict_keys(['example_complex']) retrieved from /home/kennedy/KR/Programação/00.Estudos/DataEng/Alura/airflow-executores/venv/lib/python3.9/site-packages/airflow/example_dags/example_complex.py
[2024-10-08 16:37:05,947] {logging_mixin.py:115} INFO - [2024-10-08 16:37:05,946] {dag.py:2379} INFO - Sync 1 DAGs
[2024-10-08 16:37:05,959] {logging_mixin.py:115} INFO - [2024-10-08 16:37:05,959] {dag.py:2927} INFO - Setting next_dagrun for example_complex to None, run_after=None
[2024-10-08 16:37:06,051] {processor.py:161} INFO - Processing /home/kennedy/KR/Programação/00.Estudos/DataEng/Alura/airflow-executores/venv/lib/python3.9/site-packages/airflow/example_dags/example_complex.py took 0.289 seconds
[2024-10-08 16:37:52,354] {processor.py:153} INFO - Started process (PID=16810) to work on /home/kennedy/KR/Programação/00.Estudos/DataEng/Alura/airflow-executores/venv/lib/python3.9/site-packages/airflow/example_dags/example_complex.py
[2024-10-08 16:37:52,361] {processor.py:641} INFO - Processing file /home/kennedy/KR/Programação/00.Estudos/DataEng/Alura/airflow-executores/venv/lib/python3.9/site-packages/airflow/example_dags/example_complex.py for tasks to queue
[2024-10-08 16:37:52,362] {logging_mixin.py:115} INFO - [2024-10-08 16:37:52,362] {dagbag.py:507} INFO - Filling up the DagBag from /home/kennedy/KR/Programação/00.Estudos/DataEng/Alura/airflow-executores/venv/lib/python3.9/site-packages/airflow/example_dags/example_complex.py
[2024-10-08 16:37:52,371] {processor.py:651} INFO - DAG(s) dict_keys(['example_complex']) retrieved from /home/kennedy/KR/Programação/00.Estudos/DataEng/Alura/airflow-executores/venv/lib/python3.9/site-packages/airflow/example_dags/example_complex.py
[2024-10-08 16:37:52,388] {logging_mixin.py:115} INFO - [2024-10-08 16:37:52,388] {dag.py:2379} INFO - Sync 1 DAGs
[2024-10-08 16:37:52,407] {logging_mixin.py:115} INFO - [2024-10-08 16:37:52,407] {dag.py:2927} INFO - Setting next_dagrun for example_complex to None, run_after=None
[2024-10-08 16:37:52,497] {processor.py:161} INFO - Processing /home/kennedy/KR/Programação/00.Estudos/DataEng/Alura/airflow-executores/venv/lib/python3.9/site-packages/airflow/example_dags/example_complex.py took 0.145 seconds
[2024-10-08 16:39:25,688] {processor.py:153} INFO - Started process (PID=17487) to work on /home/kennedy/KR/Programação/00.Estudos/DataEng/Alura/airflow-executores/venv/lib/python3.9/site-packages/airflow/example_dags/example_complex.py
[2024-10-08 16:39:25,706] {processor.py:641} INFO - Processing file /home/kennedy/KR/Programação/00.Estudos/DataEng/Alura/airflow-executores/venv/lib/python3.9/site-packages/airflow/example_dags/example_complex.py for tasks to queue
[2024-10-08 16:39:25,707] {logging_mixin.py:115} INFO - [2024-10-08 16:39:25,706] {dagbag.py:507} INFO - Filling up the DagBag from /home/kennedy/KR/Programação/00.Estudos/DataEng/Alura/airflow-executores/venv/lib/python3.9/site-packages/airflow/example_dags/example_complex.py
[2024-10-08 16:39:25,722] {processor.py:651} INFO - DAG(s) dict_keys(['example_complex']) retrieved from /home/kennedy/KR/Programação/00.Estudos/DataEng/Alura/airflow-executores/venv/lib/python3.9/site-packages/airflow/example_dags/example_complex.py
[2024-10-08 16:39:25,739] {logging_mixin.py:115} INFO - [2024-10-08 16:39:25,739] {dag.py:2379} INFO - Sync 1 DAGs
[2024-10-08 16:39:25,751] {logging_mixin.py:115} INFO - [2024-10-08 16:39:25,751] {dag.py:2927} INFO - Setting next_dagrun for example_complex to None, run_after=None
[2024-10-08 16:39:26,500] {processor.py:161} INFO - Processing /home/kennedy/KR/Programação/00.Estudos/DataEng/Alura/airflow-executores/venv/lib/python3.9/site-packages/airflow/example_dags/example_complex.py took 0.817 seconds
[2024-10-08 16:41:53,678] {processor.py:153} INFO - Started process (PID=18068) to work on /home/kennedy/KR/Programação/00.Estudos/DataEng/Alura/airflow-executores/venv/lib/python3.9/site-packages/airflow/example_dags/example_complex.py
[2024-10-08 16:41:53,692] {processor.py:641} INFO - Processing file /home/kennedy/KR/Programação/00.Estudos/DataEng/Alura/airflow-executores/venv/lib/python3.9/site-packages/airflow/example_dags/example_complex.py for tasks to queue
[2024-10-08 16:41:53,693] {logging_mixin.py:115} INFO - [2024-10-08 16:41:53,693] {dagbag.py:507} INFO - Filling up the DagBag from /home/kennedy/KR/Programação/00.Estudos/DataEng/Alura/airflow-executores/venv/lib/python3.9/site-packages/airflow/example_dags/example_complex.py
[2024-10-08 16:41:53,715] {processor.py:651} INFO - DAG(s) dict_keys(['example_complex']) retrieved from /home/kennedy/KR/Programação/00.Estudos/DataEng/Alura/airflow-executores/venv/lib/python3.9/site-packages/airflow/example_dags/example_complex.py
[2024-10-08 16:41:53,739] {logging_mixin.py:115} INFO - [2024-10-08 16:41:53,739] {dag.py:2379} INFO - Sync 1 DAGs
[2024-10-08 16:41:53,756] {logging_mixin.py:115} INFO - [2024-10-08 16:41:53,756] {dag.py:2927} INFO - Setting next_dagrun for example_complex to None, run_after=None
[2024-10-08 16:41:54,173] {processor.py:161} INFO - Processing /home/kennedy/KR/Programação/00.Estudos/DataEng/Alura/airflow-executores/venv/lib/python3.9/site-packages/airflow/example_dags/example_complex.py took 0.502 seconds
[2024-10-08 16:43:16,778] {processor.py:153} INFO - Started process (PID=18221) to work on /home/kennedy/KR/Programação/00.Estudos/DataEng/Alura/airflow-executores/venv/lib/python3.9/site-packages/airflow/example_dags/example_complex.py
[2024-10-08 16:43:16,946] {processor.py:641} INFO - Processing file /home/kennedy/KR/Programação/00.Estudos/DataEng/Alura/airflow-executores/venv/lib/python3.9/site-packages/airflow/example_dags/example_complex.py for tasks to queue
[2024-10-08 16:43:16,948] {logging_mixin.py:115} INFO - [2024-10-08 16:43:16,947] {dagbag.py:507} INFO - Filling up the DagBag from /home/kennedy/KR/Programação/00.Estudos/DataEng/Alura/airflow-executores/venv/lib/python3.9/site-packages/airflow/example_dags/example_complex.py
[2024-10-08 16:43:16,977] {processor.py:651} INFO - DAG(s) dict_keys(['example_complex']) retrieved from /home/kennedy/KR/Programação/00.Estudos/DataEng/Alura/airflow-executores/venv/lib/python3.9/site-packages/airflow/example_dags/example_complex.py
[2024-10-08 16:43:17,012] {logging_mixin.py:115} INFO - [2024-10-08 16:43:17,012] {dag.py:2379} INFO - Sync 1 DAGs
[2024-10-08 16:43:17,032] {logging_mixin.py:115} INFO - [2024-10-08 16:43:17,032] {dag.py:2927} INFO - Setting next_dagrun for example_complex to None, run_after=None
[2024-10-08 16:43:17,459] {processor.py:161} INFO - Processing /home/kennedy/KR/Programação/00.Estudos/DataEng/Alura/airflow-executores/venv/lib/python3.9/site-packages/airflow/example_dags/example_complex.py took 0.689 seconds
[2024-10-08 16:44:44,456] {processor.py:153} INFO - Started process (PID=18298) to work on /home/kennedy/KR/Programação/00.Estudos/DataEng/Alura/airflow-executores/venv/lib/python3.9/site-packages/airflow/example_dags/example_complex.py
[2024-10-08 16:44:44,460] {processor.py:641} INFO - Processing file /home/kennedy/KR/Programação/00.Estudos/DataEng/Alura/airflow-executores/venv/lib/python3.9/site-packages/airflow/example_dags/example_complex.py for tasks to queue
[2024-10-08 16:44:44,461] {logging_mixin.py:115} INFO - [2024-10-08 16:44:44,461] {dagbag.py:507} INFO - Filling up the DagBag from /home/kennedy/KR/Programação/00.Estudos/DataEng/Alura/airflow-executores/venv/lib/python3.9/site-packages/airflow/example_dags/example_complex.py
[2024-10-08 16:44:44,481] {processor.py:651} INFO - DAG(s) dict_keys(['example_complex']) retrieved from /home/kennedy/KR/Programação/00.Estudos/DataEng/Alura/airflow-executores/venv/lib/python3.9/site-packages/airflow/example_dags/example_complex.py
[2024-10-08 16:44:44,502] {logging_mixin.py:115} INFO - [2024-10-08 16:44:44,502] {dag.py:2379} INFO - Sync 1 DAGs
[2024-10-08 16:44:44,515] {logging_mixin.py:115} INFO - [2024-10-08 16:44:44,515] {dag.py:2927} INFO - Setting next_dagrun for example_complex to None, run_after=None
[2024-10-08 16:44:44,593] {processor.py:161} INFO - Processing /home/kennedy/KR/Programação/00.Estudos/DataEng/Alura/airflow-executores/venv/lib/python3.9/site-packages/airflow/example_dags/example_complex.py took 0.142 seconds
[2024-10-08 16:47:02,597] {processor.py:153} INFO - Started process (PID=19045) to work on /home/kennedy/KR/Programação/00.Estudos/DataEng/Alura/airflow-executores/venv/lib/python3.9/site-packages/airflow/example_dags/example_complex.py
[2024-10-08 16:47:02,619] {processor.py:641} INFO - Processing file /home/kennedy/KR/Programação/00.Estudos/DataEng/Alura/airflow-executores/venv/lib/python3.9/site-packages/airflow/example_dags/example_complex.py for tasks to queue
[2024-10-08 16:47:02,619] {logging_mixin.py:115} INFO - [2024-10-08 16:47:02,619] {dagbag.py:507} INFO - Filling up the DagBag from /home/kennedy/KR/Programação/00.Estudos/DataEng/Alura/airflow-executores/venv/lib/python3.9/site-packages/airflow/example_dags/example_complex.py
[2024-10-08 16:47:02,630] {processor.py:651} INFO - DAG(s) dict_keys(['example_complex']) retrieved from /home/kennedy/KR/Programação/00.Estudos/DataEng/Alura/airflow-executores/venv/lib/python3.9/site-packages/airflow/example_dags/example_complex.py
[2024-10-08 16:47:02,647] {logging_mixin.py:115} INFO - [2024-10-08 16:47:02,647] {dag.py:2379} INFO - Sync 1 DAGs
[2024-10-08 16:47:02,663] {logging_mixin.py:115} INFO - [2024-10-08 16:47:02,663] {dag.py:2927} INFO - Setting next_dagrun for example_complex to None, run_after=None
[2024-10-08 16:47:03,306] {processor.py:161} INFO - Processing /home/kennedy/KR/Programação/00.Estudos/DataEng/Alura/airflow-executores/venv/lib/python3.9/site-packages/airflow/example_dags/example_complex.py took 0.711 seconds
[2024-10-08 16:48:26,617] {processor.py:153} INFO - Started process (PID=19240) to work on /home/kennedy/KR/Programação/00.Estudos/DataEng/Alura/airflow-executores/venv/lib/python3.9/site-packages/airflow/example_dags/example_complex.py
[2024-10-08 16:48:26,689] {processor.py:641} INFO - Processing file /home/kennedy/KR/Programação/00.Estudos/DataEng/Alura/airflow-executores/venv/lib/python3.9/site-packages/airflow/example_dags/example_complex.py for tasks to queue
[2024-10-08 16:48:26,691] {logging_mixin.py:115} INFO - [2024-10-08 16:48:26,690] {dagbag.py:507} INFO - Filling up the DagBag from /home/kennedy/KR/Programação/00.Estudos/DataEng/Alura/airflow-executores/venv/lib/python3.9/site-packages/airflow/example_dags/example_complex.py
[2024-10-08 16:48:26,728] {processor.py:651} INFO - DAG(s) dict_keys(['example_complex']) retrieved from /home/kennedy/KR/Programação/00.Estudos/DataEng/Alura/airflow-executores/venv/lib/python3.9/site-packages/airflow/example_dags/example_complex.py
[2024-10-08 16:48:26,746] {logging_mixin.py:115} INFO - [2024-10-08 16:48:26,746] {dag.py:2379} INFO - Sync 1 DAGs
[2024-10-08 16:48:26,758] {logging_mixin.py:115} INFO - [2024-10-08 16:48:26,758] {dag.py:2927} INFO - Setting next_dagrun for example_complex to None, run_after=None
[2024-10-08 16:48:27,603] {processor.py:161} INFO - Processing /home/kennedy/KR/Programação/00.Estudos/DataEng/Alura/airflow-executores/venv/lib/python3.9/site-packages/airflow/example_dags/example_complex.py took 0.992 seconds
[2024-10-08 16:49:35,209] {processor.py:153} INFO - Started process (PID=19325) to work on /home/kennedy/KR/Programação/00.Estudos/DataEng/Alura/airflow-executores/venv/lib/python3.9/site-packages/airflow/example_dags/example_complex.py
[2024-10-08 16:49:35,419] {processor.py:641} INFO - Processing file /home/kennedy/KR/Programação/00.Estudos/DataEng/Alura/airflow-executores/venv/lib/python3.9/site-packages/airflow/example_dags/example_complex.py for tasks to queue
[2024-10-08 16:49:35,420] {logging_mixin.py:115} INFO - [2024-10-08 16:49:35,420] {dagbag.py:507} INFO - Filling up the DagBag from /home/kennedy/KR/Programação/00.Estudos/DataEng/Alura/airflow-executores/venv/lib/python3.9/site-packages/airflow/example_dags/example_complex.py
[2024-10-08 16:49:35,451] {processor.py:651} INFO - DAG(s) dict_keys(['example_complex']) retrieved from /home/kennedy/KR/Programação/00.Estudos/DataEng/Alura/airflow-executores/venv/lib/python3.9/site-packages/airflow/example_dags/example_complex.py
[2024-10-08 16:49:35,473] {logging_mixin.py:115} INFO - [2024-10-08 16:49:35,473] {dag.py:2379} INFO - Sync 1 DAGs
[2024-10-08 16:49:35,490] {logging_mixin.py:115} INFO - [2024-10-08 16:49:35,490] {dag.py:2927} INFO - Setting next_dagrun for example_complex to None, run_after=None
[2024-10-08 16:49:36,617] {processor.py:161} INFO - Processing /home/kennedy/KR/Programação/00.Estudos/DataEng/Alura/airflow-executores/venv/lib/python3.9/site-packages/airflow/example_dags/example_complex.py took 1.415 seconds
[2024-10-08 17:23:00,233] {processor.py:153} INFO - Started process (PID=40153) to work on /home/kennedy/KR/Programação/00.Estudos/DataEng/Alura/airflow-executores/venv/lib/python3.9/site-packages/airflow/example_dags/example_complex.py
[2024-10-08 17:23:00,373] {processor.py:641} INFO - Processing file /home/kennedy/KR/Programação/00.Estudos/DataEng/Alura/airflow-executores/venv/lib/python3.9/site-packages/airflow/example_dags/example_complex.py for tasks to queue
[2024-10-08 17:23:00,374] {logging_mixin.py:115} INFO - [2024-10-08 17:23:00,374] {dagbag.py:507} INFO - Filling up the DagBag from /home/kennedy/KR/Programação/00.Estudos/DataEng/Alura/airflow-executores/venv/lib/python3.9/site-packages/airflow/example_dags/example_complex.py
[2024-10-08 17:23:00,384] {processor.py:651} INFO - DAG(s) dict_keys(['example_complex']) retrieved from /home/kennedy/KR/Programação/00.Estudos/DataEng/Alura/airflow-executores/venv/lib/python3.9/site-packages/airflow/example_dags/example_complex.py
[2024-10-08 17:23:00,399] {logging_mixin.py:115} INFO - [2024-10-08 17:23:00,398] {dag.py:2379} INFO - Sync 1 DAGs
[2024-10-08 17:23:00,415] {logging_mixin.py:115} INFO - [2024-10-08 17:23:00,415] {dag.py:2927} INFO - Setting next_dagrun for example_complex to None, run_after=None
[2024-10-08 17:23:00,507] {processor.py:161} INFO - Processing /home/kennedy/KR/Programação/00.Estudos/DataEng/Alura/airflow-executores/venv/lib/python3.9/site-packages/airflow/example_dags/example_complex.py took 0.277 seconds
