[2024-10-08 13:24:09,066] {processor.py:153} INFO - Started process (PID=37570) to work on /home/kennedy/KR/Programação/00.Estudos/DataEng/Alura/airflow-executores/venv/lib/python3.9/site-packages/airflow/example_dags/example_kubernetes_executor.py
[2024-10-08 13:24:09,066] {processor.py:641} INFO - Processing file /home/kennedy/KR/Programação/00.Estudos/DataEng/Alura/airflow-executores/venv/lib/python3.9/site-packages/airflow/example_dags/example_kubernetes_executor.py for tasks to queue
[2024-10-08 13:24:09,067] {logging_mixin.py:115} INFO - [2024-10-08 13:24:09,067] {dagbag.py:507} INFO - Filling up the DagBag from /home/kennedy/KR/Programação/00.Estudos/DataEng/Alura/airflow-executores/venv/lib/python3.9/site-packages/airflow/example_dags/example_kubernetes_executor.py
[2024-10-08 13:24:09,081] {logging_mixin.py:115} INFO - [2024-10-08 13:24:09,081] {example_kubernetes_executor.py:39} WARNING - The example_kubernetes_executor example DAG requires the kubernetes provider. Please install it with: pip install apache-airflow[cncf.kubernetes]
[2024-10-08 13:24:09,081] {processor.py:653} WARNING - No viable dags retrieved from /home/kennedy/KR/Programação/00.Estudos/DataEng/Alura/airflow-executores/venv/lib/python3.9/site-packages/airflow/example_dags/example_kubernetes_executor.py
[2024-10-08 13:24:09,090] {processor.py:161} INFO - Processing /home/kennedy/KR/Programação/00.Estudos/DataEng/Alura/airflow-executores/venv/lib/python3.9/site-packages/airflow/example_dags/example_kubernetes_executor.py took 0.026 seconds
[2024-10-08 13:25:33,903] {processor.py:153} INFO - Started process (PID=37770) to work on /home/kennedy/KR/Programação/00.Estudos/DataEng/Alura/airflow-executores/venv/lib/python3.9/site-packages/airflow/example_dags/example_kubernetes_executor.py
[2024-10-08 13:25:33,967] {processor.py:641} INFO - Processing file /home/kennedy/KR/Programação/00.Estudos/DataEng/Alura/airflow-executores/venv/lib/python3.9/site-packages/airflow/example_dags/example_kubernetes_executor.py for tasks to queue
[2024-10-08 13:25:33,968] {logging_mixin.py:115} INFO - [2024-10-08 13:25:33,968] {dagbag.py:507} INFO - Filling up the DagBag from /home/kennedy/KR/Programação/00.Estudos/DataEng/Alura/airflow-executores/venv/lib/python3.9/site-packages/airflow/example_dags/example_kubernetes_executor.py
[2024-10-08 13:25:33,984] {logging_mixin.py:115} INFO - [2024-10-08 13:25:33,984] {example_kubernetes_executor.py:39} WARNING - The example_kubernetes_executor example DAG requires the kubernetes provider. Please install it with: pip install apache-airflow[cncf.kubernetes]
[2024-10-08 13:25:34,138] {processor.py:653} WARNING - No viable dags retrieved from /home/kennedy/KR/Programação/00.Estudos/DataEng/Alura/airflow-executores/venv/lib/python3.9/site-packages/airflow/example_dags/example_kubernetes_executor.py
[2024-10-08 13:25:34,147] {processor.py:161} INFO - Processing /home/kennedy/KR/Programação/00.Estudos/DataEng/Alura/airflow-executores/venv/lib/python3.9/site-packages/airflow/example_dags/example_kubernetes_executor.py took 0.246 seconds
[2024-10-08 13:26:38,315] {processor.py:153} INFO - Started process (PID=37830) to work on /home/kennedy/KR/Programação/00.Estudos/DataEng/Alura/airflow-executores/venv/lib/python3.9/site-packages/airflow/example_dags/example_kubernetes_executor.py
[2024-10-08 13:26:38,320] {processor.py:641} INFO - Processing file /home/kennedy/KR/Programação/00.Estudos/DataEng/Alura/airflow-executores/venv/lib/python3.9/site-packages/airflow/example_dags/example_kubernetes_executor.py for tasks to queue
[2024-10-08 13:26:38,321] {logging_mixin.py:115} INFO - [2024-10-08 13:26:38,321] {dagbag.py:507} INFO - Filling up the DagBag from /home/kennedy/KR/Programação/00.Estudos/DataEng/Alura/airflow-executores/venv/lib/python3.9/site-packages/airflow/example_dags/example_kubernetes_executor.py
[2024-10-08 13:26:38,337] {logging_mixin.py:115} INFO - [2024-10-08 13:26:38,337] {example_kubernetes_executor.py:39} WARNING - The example_kubernetes_executor example DAG requires the kubernetes provider. Please install it with: pip install apache-airflow[cncf.kubernetes]
[2024-10-08 13:26:38,337] {processor.py:653} WARNING - No viable dags retrieved from /home/kennedy/KR/Programação/00.Estudos/DataEng/Alura/airflow-executores/venv/lib/python3.9/site-packages/airflow/example_dags/example_kubernetes_executor.py
[2024-10-08 13:26:38,349] {processor.py:161} INFO - Processing /home/kennedy/KR/Programação/00.Estudos/DataEng/Alura/airflow-executores/venv/lib/python3.9/site-packages/airflow/example_dags/example_kubernetes_executor.py took 0.037 seconds
[2024-10-08 13:28:07,971] {processor.py:153} INFO - Started process (PID=38013) to work on /home/kennedy/KR/Programação/00.Estudos/DataEng/Alura/airflow-executores/venv/lib/python3.9/site-packages/airflow/example_dags/example_kubernetes_executor.py
[2024-10-08 13:28:08,013] {processor.py:641} INFO - Processing file /home/kennedy/KR/Programação/00.Estudos/DataEng/Alura/airflow-executores/venv/lib/python3.9/site-packages/airflow/example_dags/example_kubernetes_executor.py for tasks to queue
[2024-10-08 13:28:08,014] {logging_mixin.py:115} INFO - [2024-10-08 13:28:08,014] {dagbag.py:507} INFO - Filling up the DagBag from /home/kennedy/KR/Programação/00.Estudos/DataEng/Alura/airflow-executores/venv/lib/python3.9/site-packages/airflow/example_dags/example_kubernetes_executor.py
[2024-10-08 13:28:08,048] {logging_mixin.py:115} INFO - [2024-10-08 13:28:08,048] {example_kubernetes_executor.py:39} WARNING - The example_kubernetes_executor example DAG requires the kubernetes provider. Please install it with: pip install apache-airflow[cncf.kubernetes]
[2024-10-08 13:28:08,048] {processor.py:653} WARNING - No viable dags retrieved from /home/kennedy/KR/Programação/00.Estudos/DataEng/Alura/airflow-executores/venv/lib/python3.9/site-packages/airflow/example_dags/example_kubernetes_executor.py
[2024-10-08 13:28:08,059] {processor.py:161} INFO - Processing /home/kennedy/KR/Programação/00.Estudos/DataEng/Alura/airflow-executores/venv/lib/python3.9/site-packages/airflow/example_dags/example_kubernetes_executor.py took 0.095 seconds
[2024-10-08 13:29:25,929] {processor.py:153} INFO - Started process (PID=38205) to work on /home/kennedy/KR/Programação/00.Estudos/DataEng/Alura/airflow-executores/venv/lib/python3.9/site-packages/airflow/example_dags/example_kubernetes_executor.py
[2024-10-08 13:29:26,284] {processor.py:641} INFO - Processing file /home/kennedy/KR/Programação/00.Estudos/DataEng/Alura/airflow-executores/venv/lib/python3.9/site-packages/airflow/example_dags/example_kubernetes_executor.py for tasks to queue
[2024-10-08 13:29:26,286] {logging_mixin.py:115} INFO - [2024-10-08 13:29:26,285] {dagbag.py:507} INFO - Filling up the DagBag from /home/kennedy/KR/Programação/00.Estudos/DataEng/Alura/airflow-executores/venv/lib/python3.9/site-packages/airflow/example_dags/example_kubernetes_executor.py
[2024-10-08 13:29:26,310] {logging_mixin.py:115} INFO - [2024-10-08 13:29:26,310] {example_kubernetes_executor.py:39} WARNING - The example_kubernetes_executor example DAG requires the kubernetes provider. Please install it with: pip install apache-airflow[cncf.kubernetes]
[2024-10-08 13:29:26,310] {processor.py:653} WARNING - No viable dags retrieved from /home/kennedy/KR/Programação/00.Estudos/DataEng/Alura/airflow-executores/venv/lib/python3.9/site-packages/airflow/example_dags/example_kubernetes_executor.py
[2024-10-08 13:29:26,319] {processor.py:161} INFO - Processing /home/kennedy/KR/Programação/00.Estudos/DataEng/Alura/airflow-executores/venv/lib/python3.9/site-packages/airflow/example_dags/example_kubernetes_executor.py took 0.396 seconds
[2024-10-08 13:30:23,701] {processor.py:153} INFO - Started process (PID=38564) to work on /home/kennedy/KR/Programação/00.Estudos/DataEng/Alura/airflow-executores/venv/lib/python3.9/site-packages/airflow/example_dags/example_kubernetes_executor.py
[2024-10-08 13:30:23,766] {processor.py:641} INFO - Processing file /home/kennedy/KR/Programação/00.Estudos/DataEng/Alura/airflow-executores/venv/lib/python3.9/site-packages/airflow/example_dags/example_kubernetes_executor.py for tasks to queue
[2024-10-08 13:30:23,766] {logging_mixin.py:115} INFO - [2024-10-08 13:30:23,766] {dagbag.py:507} INFO - Filling up the DagBag from /home/kennedy/KR/Programação/00.Estudos/DataEng/Alura/airflow-executores/venv/lib/python3.9/site-packages/airflow/example_dags/example_kubernetes_executor.py
[2024-10-08 13:30:23,779] {logging_mixin.py:115} INFO - [2024-10-08 13:30:23,779] {example_kubernetes_executor.py:39} WARNING - The example_kubernetes_executor example DAG requires the kubernetes provider. Please install it with: pip install apache-airflow[cncf.kubernetes]
[2024-10-08 13:30:23,779] {processor.py:653} WARNING - No viable dags retrieved from /home/kennedy/KR/Programação/00.Estudos/DataEng/Alura/airflow-executores/venv/lib/python3.9/site-packages/airflow/example_dags/example_kubernetes_executor.py
[2024-10-08 13:30:23,790] {processor.py:161} INFO - Processing /home/kennedy/KR/Programação/00.Estudos/DataEng/Alura/airflow-executores/venv/lib/python3.9/site-packages/airflow/example_dags/example_kubernetes_executor.py took 0.091 seconds
[2024-10-08 13:31:18,639] {processor.py:153} INFO - Started process (PID=38652) to work on /home/kennedy/KR/Programação/00.Estudos/DataEng/Alura/airflow-executores/venv/lib/python3.9/site-packages/airflow/example_dags/example_kubernetes_executor.py
[2024-10-08 13:31:18,639] {processor.py:641} INFO - Processing file /home/kennedy/KR/Programação/00.Estudos/DataEng/Alura/airflow-executores/venv/lib/python3.9/site-packages/airflow/example_dags/example_kubernetes_executor.py for tasks to queue
[2024-10-08 13:31:18,640] {logging_mixin.py:115} INFO - [2024-10-08 13:31:18,640] {dagbag.py:507} INFO - Filling up the DagBag from /home/kennedy/KR/Programação/00.Estudos/DataEng/Alura/airflow-executores/venv/lib/python3.9/site-packages/airflow/example_dags/example_kubernetes_executor.py
[2024-10-08 13:31:18,658] {logging_mixin.py:115} INFO - [2024-10-08 13:31:18,658] {example_kubernetes_executor.py:39} WARNING - The example_kubernetes_executor example DAG requires the kubernetes provider. Please install it with: pip install apache-airflow[cncf.kubernetes]
[2024-10-08 13:31:18,659] {processor.py:653} WARNING - No viable dags retrieved from /home/kennedy/KR/Programação/00.Estudos/DataEng/Alura/airflow-executores/venv/lib/python3.9/site-packages/airflow/example_dags/example_kubernetes_executor.py
[2024-10-08 13:31:18,669] {processor.py:161} INFO - Processing /home/kennedy/KR/Programação/00.Estudos/DataEng/Alura/airflow-executores/venv/lib/python3.9/site-packages/airflow/example_dags/example_kubernetes_executor.py took 0.033 seconds
[2024-10-08 13:32:26,866] {processor.py:153} INFO - Started process (PID=38819) to work on /home/kennedy/KR/Programação/00.Estudos/DataEng/Alura/airflow-executores/venv/lib/python3.9/site-packages/airflow/example_dags/example_kubernetes_executor.py
[2024-10-08 13:32:26,868] {processor.py:641} INFO - Processing file /home/kennedy/KR/Programação/00.Estudos/DataEng/Alura/airflow-executores/venv/lib/python3.9/site-packages/airflow/example_dags/example_kubernetes_executor.py for tasks to queue
[2024-10-08 13:32:26,869] {logging_mixin.py:115} INFO - [2024-10-08 13:32:26,869] {dagbag.py:507} INFO - Filling up the DagBag from /home/kennedy/KR/Programação/00.Estudos/DataEng/Alura/airflow-executores/venv/lib/python3.9/site-packages/airflow/example_dags/example_kubernetes_executor.py
[2024-10-08 13:32:26,904] {logging_mixin.py:115} INFO - [2024-10-08 13:32:26,904] {example_kubernetes_executor.py:39} WARNING - The example_kubernetes_executor example DAG requires the kubernetes provider. Please install it with: pip install apache-airflow[cncf.kubernetes]
[2024-10-08 13:32:26,905] {processor.py:653} WARNING - No viable dags retrieved from /home/kennedy/KR/Programação/00.Estudos/DataEng/Alura/airflow-executores/venv/lib/python3.9/site-packages/airflow/example_dags/example_kubernetes_executor.py
[2024-10-08 13:32:26,925] {processor.py:161} INFO - Processing /home/kennedy/KR/Programação/00.Estudos/DataEng/Alura/airflow-executores/venv/lib/python3.9/site-packages/airflow/example_dags/example_kubernetes_executor.py took 0.066 seconds
[2024-10-08 13:33:45,436] {processor.py:153} INFO - Started process (PID=38920) to work on /home/kennedy/KR/Programação/00.Estudos/DataEng/Alura/airflow-executores/venv/lib/python3.9/site-packages/airflow/example_dags/example_kubernetes_executor.py
[2024-10-08 13:33:45,448] {processor.py:641} INFO - Processing file /home/kennedy/KR/Programação/00.Estudos/DataEng/Alura/airflow-executores/venv/lib/python3.9/site-packages/airflow/example_dags/example_kubernetes_executor.py for tasks to queue
[2024-10-08 13:33:45,449] {logging_mixin.py:115} INFO - [2024-10-08 13:33:45,449] {dagbag.py:507} INFO - Filling up the DagBag from /home/kennedy/KR/Programação/00.Estudos/DataEng/Alura/airflow-executores/venv/lib/python3.9/site-packages/airflow/example_dags/example_kubernetes_executor.py
[2024-10-08 13:33:45,469] {logging_mixin.py:115} INFO - [2024-10-08 13:33:45,469] {example_kubernetes_executor.py:39} WARNING - The example_kubernetes_executor example DAG requires the kubernetes provider. Please install it with: pip install apache-airflow[cncf.kubernetes]
[2024-10-08 13:33:45,470] {processor.py:653} WARNING - No viable dags retrieved from /home/kennedy/KR/Programação/00.Estudos/DataEng/Alura/airflow-executores/venv/lib/python3.9/site-packages/airflow/example_dags/example_kubernetes_executor.py
[2024-10-08 13:33:45,480] {processor.py:161} INFO - Processing /home/kennedy/KR/Programação/00.Estudos/DataEng/Alura/airflow-executores/venv/lib/python3.9/site-packages/airflow/example_dags/example_kubernetes_executor.py took 0.050 seconds
[2024-10-08 13:34:46,518] {processor.py:153} INFO - Started process (PID=39031) to work on /home/kennedy/KR/Programação/00.Estudos/DataEng/Alura/airflow-executores/venv/lib/python3.9/site-packages/airflow/example_dags/example_kubernetes_executor.py
[2024-10-08 13:34:47,216] {processor.py:641} INFO - Processing file /home/kennedy/KR/Programação/00.Estudos/DataEng/Alura/airflow-executores/venv/lib/python3.9/site-packages/airflow/example_dags/example_kubernetes_executor.py for tasks to queue
[2024-10-08 13:34:47,217] {logging_mixin.py:115} INFO - [2024-10-08 13:34:47,216] {dagbag.py:507} INFO - Filling up the DagBag from /home/kennedy/KR/Programação/00.Estudos/DataEng/Alura/airflow-executores/venv/lib/python3.9/site-packages/airflow/example_dags/example_kubernetes_executor.py
[2024-10-08 13:34:47,250] {logging_mixin.py:115} INFO - [2024-10-08 13:34:47,250] {example_kubernetes_executor.py:39} WARNING - The example_kubernetes_executor example DAG requires the kubernetes provider. Please install it with: pip install apache-airflow[cncf.kubernetes]
[2024-10-08 13:34:47,251] {processor.py:653} WARNING - No viable dags retrieved from /home/kennedy/KR/Programação/00.Estudos/DataEng/Alura/airflow-executores/venv/lib/python3.9/site-packages/airflow/example_dags/example_kubernetes_executor.py
[2024-10-08 13:34:47,265] {processor.py:161} INFO - Processing /home/kennedy/KR/Programação/00.Estudos/DataEng/Alura/airflow-executores/venv/lib/python3.9/site-packages/airflow/example_dags/example_kubernetes_executor.py took 0.753 seconds
[2024-10-08 16:37:03,989] {processor.py:153} INFO - Started process (PID=16745) to work on /home/kennedy/KR/Programação/00.Estudos/DataEng/Alura/airflow-executores/venv/lib/python3.9/site-packages/airflow/example_dags/example_kubernetes_executor.py
[2024-10-08 16:37:04,677] {processor.py:641} INFO - Processing file /home/kennedy/KR/Programação/00.Estudos/DataEng/Alura/airflow-executores/venv/lib/python3.9/site-packages/airflow/example_dags/example_kubernetes_executor.py for tasks to queue
[2024-10-08 16:37:04,678] {logging_mixin.py:115} INFO - [2024-10-08 16:37:04,678] {dagbag.py:507} INFO - Filling up the DagBag from /home/kennedy/KR/Programação/00.Estudos/DataEng/Alura/airflow-executores/venv/lib/python3.9/site-packages/airflow/example_dags/example_kubernetes_executor.py
[2024-10-08 16:37:04,705] {logging_mixin.py:115} INFO - [2024-10-08 16:37:04,705] {example_kubernetes_executor.py:39} WARNING - The example_kubernetes_executor example DAG requires the kubernetes provider. Please install it with: pip install apache-airflow[cncf.kubernetes]
[2024-10-08 16:37:04,706] {processor.py:653} WARNING - No viable dags retrieved from /home/kennedy/KR/Programação/00.Estudos/DataEng/Alura/airflow-executores/venv/lib/python3.9/site-packages/airflow/example_dags/example_kubernetes_executor.py
[2024-10-08 16:37:04,715] {processor.py:161} INFO - Processing /home/kennedy/KR/Programação/00.Estudos/DataEng/Alura/airflow-executores/venv/lib/python3.9/site-packages/airflow/example_dags/example_kubernetes_executor.py took 0.728 seconds
[2024-10-08 16:37:51,237] {processor.py:153} INFO - Started process (PID=16809) to work on /home/kennedy/KR/Programação/00.Estudos/DataEng/Alura/airflow-executores/venv/lib/python3.9/site-packages/airflow/example_dags/example_kubernetes_executor.py
[2024-10-08 16:37:51,246] {processor.py:641} INFO - Processing file /home/kennedy/KR/Programação/00.Estudos/DataEng/Alura/airflow-executores/venv/lib/python3.9/site-packages/airflow/example_dags/example_kubernetes_executor.py for tasks to queue
[2024-10-08 16:37:51,247] {logging_mixin.py:115} INFO - [2024-10-08 16:37:51,247] {dagbag.py:507} INFO - Filling up the DagBag from /home/kennedy/KR/Programação/00.Estudos/DataEng/Alura/airflow-executores/venv/lib/python3.9/site-packages/airflow/example_dags/example_kubernetes_executor.py
[2024-10-08 16:37:51,273] {logging_mixin.py:115} INFO - [2024-10-08 16:37:51,273] {example_kubernetes_executor.py:39} WARNING - The example_kubernetes_executor example DAG requires the kubernetes provider. Please install it with: pip install apache-airflow[cncf.kubernetes]
[2024-10-08 16:37:51,273] {processor.py:653} WARNING - No viable dags retrieved from /home/kennedy/KR/Programação/00.Estudos/DataEng/Alura/airflow-executores/venv/lib/python3.9/site-packages/airflow/example_dags/example_kubernetes_executor.py
[2024-10-08 16:37:51,285] {processor.py:161} INFO - Processing /home/kennedy/KR/Programação/00.Estudos/DataEng/Alura/airflow-executores/venv/lib/python3.9/site-packages/airflow/example_dags/example_kubernetes_executor.py took 0.055 seconds
[2024-10-08 16:39:22,023] {processor.py:153} INFO - Started process (PID=17486) to work on /home/kennedy/KR/Programação/00.Estudos/DataEng/Alura/airflow-executores/venv/lib/python3.9/site-packages/airflow/example_dags/example_kubernetes_executor.py
[2024-10-08 16:39:22,033] {processor.py:641} INFO - Processing file /home/kennedy/KR/Programação/00.Estudos/DataEng/Alura/airflow-executores/venv/lib/python3.9/site-packages/airflow/example_dags/example_kubernetes_executor.py for tasks to queue
[2024-10-08 16:39:22,034] {logging_mixin.py:115} INFO - [2024-10-08 16:39:22,034] {dagbag.py:507} INFO - Filling up the DagBag from /home/kennedy/KR/Programação/00.Estudos/DataEng/Alura/airflow-executores/venv/lib/python3.9/site-packages/airflow/example_dags/example_kubernetes_executor.py
[2024-10-08 16:39:22,045] {logging_mixin.py:115} INFO - [2024-10-08 16:39:22,045] {example_kubernetes_executor.py:39} WARNING - The example_kubernetes_executor example DAG requires the kubernetes provider. Please install it with: pip install apache-airflow[cncf.kubernetes]
[2024-10-08 16:39:22,045] {processor.py:653} WARNING - No viable dags retrieved from /home/kennedy/KR/Programação/00.Estudos/DataEng/Alura/airflow-executores/venv/lib/python3.9/site-packages/airflow/example_dags/example_kubernetes_executor.py
[2024-10-08 16:39:22,053] {processor.py:161} INFO - Processing /home/kennedy/KR/Programação/00.Estudos/DataEng/Alura/airflow-executores/venv/lib/python3.9/site-packages/airflow/example_dags/example_kubernetes_executor.py took 0.032 seconds
[2024-10-08 16:41:51,518] {processor.py:153} INFO - Started process (PID=18057) to work on /home/kennedy/KR/Programação/00.Estudos/DataEng/Alura/airflow-executores/venv/lib/python3.9/site-packages/airflow/example_dags/example_kubernetes_executor.py
[2024-10-08 16:41:51,534] {processor.py:641} INFO - Processing file /home/kennedy/KR/Programação/00.Estudos/DataEng/Alura/airflow-executores/venv/lib/python3.9/site-packages/airflow/example_dags/example_kubernetes_executor.py for tasks to queue
[2024-10-08 16:41:51,535] {logging_mixin.py:115} INFO - [2024-10-08 16:41:51,535] {dagbag.py:507} INFO - Filling up the DagBag from /home/kennedy/KR/Programação/00.Estudos/DataEng/Alura/airflow-executores/venv/lib/python3.9/site-packages/airflow/example_dags/example_kubernetes_executor.py
[2024-10-08 16:41:51,552] {logging_mixin.py:115} INFO - [2024-10-08 16:41:51,552] {example_kubernetes_executor.py:39} WARNING - The example_kubernetes_executor example DAG requires the kubernetes provider. Please install it with: pip install apache-airflow[cncf.kubernetes]
[2024-10-08 16:41:51,552] {processor.py:653} WARNING - No viable dags retrieved from /home/kennedy/KR/Programação/00.Estudos/DataEng/Alura/airflow-executores/venv/lib/python3.9/site-packages/airflow/example_dags/example_kubernetes_executor.py
[2024-10-08 16:41:52,595] {processor.py:161} INFO - Processing /home/kennedy/KR/Programação/00.Estudos/DataEng/Alura/airflow-executores/venv/lib/python3.9/site-packages/airflow/example_dags/example_kubernetes_executor.py took 1.082 seconds
[2024-10-08 16:43:15,618] {processor.py:153} INFO - Started process (PID=18220) to work on /home/kennedy/KR/Programação/00.Estudos/DataEng/Alura/airflow-executores/venv/lib/python3.9/site-packages/airflow/example_dags/example_kubernetes_executor.py
[2024-10-08 16:43:15,630] {processor.py:641} INFO - Processing file /home/kennedy/KR/Programação/00.Estudos/DataEng/Alura/airflow-executores/venv/lib/python3.9/site-packages/airflow/example_dags/example_kubernetes_executor.py for tasks to queue
[2024-10-08 16:43:15,630] {logging_mixin.py:115} INFO - [2024-10-08 16:43:15,630] {dagbag.py:507} INFO - Filling up the DagBag from /home/kennedy/KR/Programação/00.Estudos/DataEng/Alura/airflow-executores/venv/lib/python3.9/site-packages/airflow/example_dags/example_kubernetes_executor.py
[2024-10-08 16:43:15,651] {logging_mixin.py:115} INFO - [2024-10-08 16:43:15,651] {example_kubernetes_executor.py:39} WARNING - The example_kubernetes_executor example DAG requires the kubernetes provider. Please install it with: pip install apache-airflow[cncf.kubernetes]
[2024-10-08 16:43:15,651] {processor.py:653} WARNING - No viable dags retrieved from /home/kennedy/KR/Programação/00.Estudos/DataEng/Alura/airflow-executores/venv/lib/python3.9/site-packages/airflow/example_dags/example_kubernetes_executor.py
[2024-10-08 16:43:15,659] {processor.py:161} INFO - Processing /home/kennedy/KR/Programação/00.Estudos/DataEng/Alura/airflow-executores/venv/lib/python3.9/site-packages/airflow/example_dags/example_kubernetes_executor.py took 0.048 seconds
[2024-10-08 16:44:43,225] {processor.py:153} INFO - Started process (PID=18297) to work on /home/kennedy/KR/Programação/00.Estudos/DataEng/Alura/airflow-executores/venv/lib/python3.9/site-packages/airflow/example_dags/example_kubernetes_executor.py
[2024-10-08 16:44:43,361] {processor.py:641} INFO - Processing file /home/kennedy/KR/Programação/00.Estudos/DataEng/Alura/airflow-executores/venv/lib/python3.9/site-packages/airflow/example_dags/example_kubernetes_executor.py for tasks to queue
[2024-10-08 16:44:43,362] {logging_mixin.py:115} INFO - [2024-10-08 16:44:43,362] {dagbag.py:507} INFO - Filling up the DagBag from /home/kennedy/KR/Programação/00.Estudos/DataEng/Alura/airflow-executores/venv/lib/python3.9/site-packages/airflow/example_dags/example_kubernetes_executor.py
[2024-10-08 16:44:43,395] {logging_mixin.py:115} INFO - [2024-10-08 16:44:43,395] {example_kubernetes_executor.py:39} WARNING - The example_kubernetes_executor example DAG requires the kubernetes provider. Please install it with: pip install apache-airflow[cncf.kubernetes]
[2024-10-08 16:44:43,395] {processor.py:653} WARNING - No viable dags retrieved from /home/kennedy/KR/Programação/00.Estudos/DataEng/Alura/airflow-executores/venv/lib/python3.9/site-packages/airflow/example_dags/example_kubernetes_executor.py
[2024-10-08 16:44:43,409] {processor.py:161} INFO - Processing /home/kennedy/KR/Programação/00.Estudos/DataEng/Alura/airflow-executores/venv/lib/python3.9/site-packages/airflow/example_dags/example_kubernetes_executor.py took 0.191 seconds
[2024-10-08 16:47:01,488] {processor.py:153} INFO - Started process (PID=19043) to work on /home/kennedy/KR/Programação/00.Estudos/DataEng/Alura/airflow-executores/venv/lib/python3.9/site-packages/airflow/example_dags/example_kubernetes_executor.py
[2024-10-08 16:47:01,711] {processor.py:641} INFO - Processing file /home/kennedy/KR/Programação/00.Estudos/DataEng/Alura/airflow-executores/venv/lib/python3.9/site-packages/airflow/example_dags/example_kubernetes_executor.py for tasks to queue
[2024-10-08 16:47:01,711] {logging_mixin.py:115} INFO - [2024-10-08 16:47:01,711] {dagbag.py:507} INFO - Filling up the DagBag from /home/kennedy/KR/Programação/00.Estudos/DataEng/Alura/airflow-executores/venv/lib/python3.9/site-packages/airflow/example_dags/example_kubernetes_executor.py
[2024-10-08 16:47:01,729] {logging_mixin.py:115} INFO - [2024-10-08 16:47:01,729] {example_kubernetes_executor.py:39} WARNING - The example_kubernetes_executor example DAG requires the kubernetes provider. Please install it with: pip install apache-airflow[cncf.kubernetes]
[2024-10-08 16:47:01,730] {processor.py:653} WARNING - No viable dags retrieved from /home/kennedy/KR/Programação/00.Estudos/DataEng/Alura/airflow-executores/venv/lib/python3.9/site-packages/airflow/example_dags/example_kubernetes_executor.py
[2024-10-08 16:47:01,743] {processor.py:161} INFO - Processing /home/kennedy/KR/Programação/00.Estudos/DataEng/Alura/airflow-executores/venv/lib/python3.9/site-packages/airflow/example_dags/example_kubernetes_executor.py took 0.259 seconds
[2024-10-08 16:48:25,355] {processor.py:153} INFO - Started process (PID=19238) to work on /home/kennedy/KR/Programação/00.Estudos/DataEng/Alura/airflow-executores/venv/lib/python3.9/site-packages/airflow/example_dags/example_kubernetes_executor.py
[2024-10-08 16:48:25,414] {processor.py:641} INFO - Processing file /home/kennedy/KR/Programação/00.Estudos/DataEng/Alura/airflow-executores/venv/lib/python3.9/site-packages/airflow/example_dags/example_kubernetes_executor.py for tasks to queue
[2024-10-08 16:48:25,415] {logging_mixin.py:115} INFO - [2024-10-08 16:48:25,415] {dagbag.py:507} INFO - Filling up the DagBag from /home/kennedy/KR/Programação/00.Estudos/DataEng/Alura/airflow-executores/venv/lib/python3.9/site-packages/airflow/example_dags/example_kubernetes_executor.py
[2024-10-08 16:48:25,449] {logging_mixin.py:115} INFO - [2024-10-08 16:48:25,449] {example_kubernetes_executor.py:39} WARNING - The example_kubernetes_executor example DAG requires the kubernetes provider. Please install it with: pip install apache-airflow[cncf.kubernetes]
[2024-10-08 16:48:25,449] {processor.py:653} WARNING - No viable dags retrieved from /home/kennedy/KR/Programação/00.Estudos/DataEng/Alura/airflow-executores/venv/lib/python3.9/site-packages/airflow/example_dags/example_kubernetes_executor.py
[2024-10-08 16:48:25,461] {processor.py:161} INFO - Processing /home/kennedy/KR/Programação/00.Estudos/DataEng/Alura/airflow-executores/venv/lib/python3.9/site-packages/airflow/example_dags/example_kubernetes_executor.py took 0.108 seconds
[2024-10-08 16:49:34,074] {processor.py:153} INFO - Started process (PID=19323) to work on /home/kennedy/KR/Programação/00.Estudos/DataEng/Alura/airflow-executores/venv/lib/python3.9/site-packages/airflow/example_dags/example_kubernetes_executor.py
[2024-10-08 16:49:34,101] {processor.py:641} INFO - Processing file /home/kennedy/KR/Programação/00.Estudos/DataEng/Alura/airflow-executores/venv/lib/python3.9/site-packages/airflow/example_dags/example_kubernetes_executor.py for tasks to queue
[2024-10-08 16:49:34,101] {logging_mixin.py:115} INFO - [2024-10-08 16:49:34,101] {dagbag.py:507} INFO - Filling up the DagBag from /home/kennedy/KR/Programação/00.Estudos/DataEng/Alura/airflow-executores/venv/lib/python3.9/site-packages/airflow/example_dags/example_kubernetes_executor.py
[2024-10-08 16:49:34,119] {logging_mixin.py:115} INFO - [2024-10-08 16:49:34,118] {example_kubernetes_executor.py:39} WARNING - The example_kubernetes_executor example DAG requires the kubernetes provider. Please install it with: pip install apache-airflow[cncf.kubernetes]
[2024-10-08 16:49:34,119] {processor.py:653} WARNING - No viable dags retrieved from /home/kennedy/KR/Programação/00.Estudos/DataEng/Alura/airflow-executores/venv/lib/python3.9/site-packages/airflow/example_dags/example_kubernetes_executor.py
[2024-10-08 16:49:34,128] {processor.py:161} INFO - Processing /home/kennedy/KR/Programação/00.Estudos/DataEng/Alura/airflow-executores/venv/lib/python3.9/site-packages/airflow/example_dags/example_kubernetes_executor.py took 0.060 seconds
[2024-10-08 17:22:59,894] {processor.py:153} INFO - Started process (PID=40152) to work on /home/kennedy/KR/Programação/00.Estudos/DataEng/Alura/airflow-executores/venv/lib/python3.9/site-packages/airflow/example_dags/example_kubernetes_executor.py
[2024-10-08 17:23:00,031] {processor.py:641} INFO - Processing file /home/kennedy/KR/Programação/00.Estudos/DataEng/Alura/airflow-executores/venv/lib/python3.9/site-packages/airflow/example_dags/example_kubernetes_executor.py for tasks to queue
[2024-10-08 17:23:00,031] {logging_mixin.py:115} INFO - [2024-10-08 17:23:00,031] {dagbag.py:507} INFO - Filling up the DagBag from /home/kennedy/KR/Programação/00.Estudos/DataEng/Alura/airflow-executores/venv/lib/python3.9/site-packages/airflow/example_dags/example_kubernetes_executor.py
[2024-10-08 17:23:00,044] {logging_mixin.py:115} INFO - [2024-10-08 17:23:00,044] {example_kubernetes_executor.py:39} WARNING - The example_kubernetes_executor example DAG requires the kubernetes provider. Please install it with: pip install apache-airflow[cncf.kubernetes]
[2024-10-08 17:23:00,044] {processor.py:653} WARNING - No viable dags retrieved from /home/kennedy/KR/Programação/00.Estudos/DataEng/Alura/airflow-executores/venv/lib/python3.9/site-packages/airflow/example_dags/example_kubernetes_executor.py
[2024-10-08 17:23:00,051] {processor.py:161} INFO - Processing /home/kennedy/KR/Programação/00.Estudos/DataEng/Alura/airflow-executores/venv/lib/python3.9/site-packages/airflow/example_dags/example_kubernetes_executor.py took 0.164 seconds
