[2024-10-08 13:22:57,275] {processor.py:153} INFO - Started process (PID=37536) to work on /home/kennedy/KR/Programação/00.Estudos/DataEng/Alura/airflow-executores/venv/lib/python3.9/site-packages/airflow/example_dags/example_subdag_operator.py
[2024-10-08 13:22:57,276] {processor.py:641} INFO - Processing file /home/kennedy/KR/Programação/00.Estudos/DataEng/Alura/airflow-executores/venv/lib/python3.9/site-packages/airflow/example_dags/example_subdag_operator.py for tasks to queue
[2024-10-08 13:22:57,277] {logging_mixin.py:115} INFO - [2024-10-08 13:22:57,277] {dagbag.py:507} INFO - Filling up the DagBag from /home/kennedy/KR/Programação/00.Estudos/DataEng/Alura/airflow-executores/venv/lib/python3.9/site-packages/airflow/example_dags/example_subdag_operator.py
[2024-10-08 13:22:57,302] {processor.py:651} INFO - DAG(s) dict_keys(['example_subdag_operator.section-1', 'example_subdag_operator.section-2', 'example_subdag_operator']) retrieved from /home/kennedy/KR/Programação/00.Estudos/DataEng/Alura/airflow-executores/venv/lib/python3.9/site-packages/airflow/example_dags/example_subdag_operator.py
[2024-10-08 13:23:01,619] {logging_mixin.py:115} INFO - [2024-10-08 13:23:01,619] {manager.py:508} INFO - Created Permission View: can delete on DAG:example_subdag_operator
[2024-10-08 13:23:02,964] {logging_mixin.py:115} INFO - [2024-10-08 13:23:02,963] {manager.py:508} INFO - Created Permission View: can read on DAG:example_subdag_operator
[2024-10-08 13:23:04,363] {logging_mixin.py:115} INFO - [2024-10-08 13:23:04,362] {manager.py:508} INFO - Created Permission View: can edit on DAG:example_subdag_operator
[2024-10-08 13:23:04,363] {logging_mixin.py:115} INFO - [2024-10-08 13:23:04,363] {dag.py:2379} INFO - Sync 3 DAGs
[2024-10-08 13:23:04,388] {logging_mixin.py:115} INFO - [2024-10-08 13:23:04,388] {dag.py:2398} INFO - Creating ORM DAG for example_subdag_operator.section-2
[2024-10-08 13:23:04,389] {logging_mixin.py:115} INFO - [2024-10-08 13:23:04,389] {dag.py:2398} INFO - Creating ORM DAG for example_subdag_operator.section-1
[2024-10-08 13:23:04,391] {logging_mixin.py:115} INFO - [2024-10-08 13:23:04,390] {dag.py:2398} INFO - Creating ORM DAG for example_subdag_operator
[2024-10-08 13:23:04,420] {logging_mixin.py:115} INFO - [2024-10-08 13:23:04,420] {dag.py:2927} INFO - Setting next_dagrun for example_subdag_operator to 2022-01-01T00:00:00+00:00, run_after=2022-01-01T00:00:00+00:00
[2024-10-08 13:23:04,423] {logging_mixin.py:115} INFO - [2024-10-08 13:23:04,422] {dag.py:2927} INFO - Setting next_dagrun for example_subdag_operator.section-1 to None, run_after=None
[2024-10-08 13:23:04,423] {logging_mixin.py:115} INFO - [2024-10-08 13:23:04,423] {dag.py:2927} INFO - Setting next_dagrun for example_subdag_operator.section-2 to None, run_after=None
[2024-10-08 13:23:04,444] {logging_mixin.py:115} INFO - [2024-10-08 13:23:04,444] {dag.py:2379} INFO - Sync 2 DAGs
[2024-10-08 13:23:04,455] {logging_mixin.py:115} INFO - [2024-10-08 13:23:04,455] {dag.py:2927} INFO - Setting next_dagrun for example_subdag_operator.section-1 to None, run_after=None
[2024-10-08 13:23:04,455] {logging_mixin.py:115} INFO - [2024-10-08 13:23:04,455] {dag.py:2927} INFO - Setting next_dagrun for example_subdag_operator.section-2 to None, run_after=None
[2024-10-08 13:23:05,123] {processor.py:161} INFO - Processing /home/kennedy/KR/Programação/00.Estudos/DataEng/Alura/airflow-executores/venv/lib/python3.9/site-packages/airflow/example_dags/example_subdag_operator.py took 7.854 seconds
[2024-10-08 13:25:02,347] {processor.py:153} INFO - Started process (PID=37729) to work on /home/kennedy/KR/Programação/00.Estudos/DataEng/Alura/airflow-executores/venv/lib/python3.9/site-packages/airflow/example_dags/example_subdag_operator.py
[2024-10-08 13:25:02,379] {processor.py:641} INFO - Processing file /home/kennedy/KR/Programação/00.Estudos/DataEng/Alura/airflow-executores/venv/lib/python3.9/site-packages/airflow/example_dags/example_subdag_operator.py for tasks to queue
[2024-10-08 13:25:02,380] {logging_mixin.py:115} INFO - [2024-10-08 13:25:02,379] {dagbag.py:507} INFO - Filling up the DagBag from /home/kennedy/KR/Programação/00.Estudos/DataEng/Alura/airflow-executores/venv/lib/python3.9/site-packages/airflow/example_dags/example_subdag_operator.py
[2024-10-08 13:25:02,412] {processor.py:651} INFO - DAG(s) dict_keys(['example_subdag_operator.section-1', 'example_subdag_operator.section-2', 'example_subdag_operator']) retrieved from /home/kennedy/KR/Programação/00.Estudos/DataEng/Alura/airflow-executores/venv/lib/python3.9/site-packages/airflow/example_dags/example_subdag_operator.py
[2024-10-08 13:25:02,427] {logging_mixin.py:115} INFO - [2024-10-08 13:25:02,427] {dag.py:2379} INFO - Sync 3 DAGs
[2024-10-08 13:25:02,441] {logging_mixin.py:115} INFO - [2024-10-08 13:25:02,441] {dag.py:2927} INFO - Setting next_dagrun for example_subdag_operator to 2022-01-01T00:00:00+00:00, run_after=2022-01-01T00:00:00+00:00
[2024-10-08 13:25:02,441] {logging_mixin.py:115} INFO - [2024-10-08 13:25:02,441] {dag.py:2927} INFO - Setting next_dagrun for example_subdag_operator.section-1 to None, run_after=None
[2024-10-08 13:25:02,441] {logging_mixin.py:115} INFO - [2024-10-08 13:25:02,441] {dag.py:2927} INFO - Setting next_dagrun for example_subdag_operator.section-2 to None, run_after=None
[2024-10-08 13:25:02,445] {logging_mixin.py:115} INFO - [2024-10-08 13:25:02,445] {dag.py:2379} INFO - Sync 2 DAGs
[2024-10-08 13:25:02,450] {logging_mixin.py:115} INFO - [2024-10-08 13:25:02,450] {dag.py:2927} INFO - Setting next_dagrun for example_subdag_operator.section-1 to None, run_after=None
[2024-10-08 13:25:02,450] {logging_mixin.py:115} INFO - [2024-10-08 13:25:02,450] {dag.py:2927} INFO - Setting next_dagrun for example_subdag_operator.section-2 to None, run_after=None
[2024-10-08 13:25:03,914] {processor.py:161} INFO - Processing /home/kennedy/KR/Programação/00.Estudos/DataEng/Alura/airflow-executores/venv/lib/python3.9/site-packages/airflow/example_dags/example_subdag_operator.py took 1.573 seconds
[2024-10-08 13:25:57,133] {processor.py:153} INFO - Started process (PID=37793) to work on /home/kennedy/KR/Programação/00.Estudos/DataEng/Alura/airflow-executores/venv/lib/python3.9/site-packages/airflow/example_dags/example_subdag_operator.py
[2024-10-08 13:25:57,153] {processor.py:641} INFO - Processing file /home/kennedy/KR/Programação/00.Estudos/DataEng/Alura/airflow-executores/venv/lib/python3.9/site-packages/airflow/example_dags/example_subdag_operator.py for tasks to queue
[2024-10-08 13:25:57,154] {logging_mixin.py:115} INFO - [2024-10-08 13:25:57,154] {dagbag.py:507} INFO - Filling up the DagBag from /home/kennedy/KR/Programação/00.Estudos/DataEng/Alura/airflow-executores/venv/lib/python3.9/site-packages/airflow/example_dags/example_subdag_operator.py
[2024-10-08 13:25:57,174] {processor.py:651} INFO - DAG(s) dict_keys(['example_subdag_operator.section-1', 'example_subdag_operator.section-2', 'example_subdag_operator']) retrieved from /home/kennedy/KR/Programação/00.Estudos/DataEng/Alura/airflow-executores/venv/lib/python3.9/site-packages/airflow/example_dags/example_subdag_operator.py
[2024-10-08 13:25:57,190] {logging_mixin.py:115} INFO - [2024-10-08 13:25:57,190] {dag.py:2379} INFO - Sync 3 DAGs
[2024-10-08 13:25:57,204] {logging_mixin.py:115} INFO - [2024-10-08 13:25:57,204] {dag.py:2927} INFO - Setting next_dagrun for example_subdag_operator to 2022-01-01T00:00:00+00:00, run_after=2022-01-01T00:00:00+00:00
[2024-10-08 13:25:57,204] {logging_mixin.py:115} INFO - [2024-10-08 13:25:57,204] {dag.py:2927} INFO - Setting next_dagrun for example_subdag_operator.section-1 to None, run_after=None
[2024-10-08 13:25:57,205] {logging_mixin.py:115} INFO - [2024-10-08 13:25:57,205] {dag.py:2927} INFO - Setting next_dagrun for example_subdag_operator.section-2 to None, run_after=None
[2024-10-08 13:25:57,208] {logging_mixin.py:115} INFO - [2024-10-08 13:25:57,208] {dag.py:2379} INFO - Sync 2 DAGs
[2024-10-08 13:25:57,213] {logging_mixin.py:115} INFO - [2024-10-08 13:25:57,213] {dag.py:2927} INFO - Setting next_dagrun for example_subdag_operator.section-1 to None, run_after=None
[2024-10-08 13:25:57,213] {logging_mixin.py:115} INFO - [2024-10-08 13:25:57,213] {dag.py:2927} INFO - Setting next_dagrun for example_subdag_operator.section-2 to None, run_after=None
[2024-10-08 13:25:58,149] {processor.py:161} INFO - Processing /home/kennedy/KR/Programação/00.Estudos/DataEng/Alura/airflow-executores/venv/lib/python3.9/site-packages/airflow/example_dags/example_subdag_operator.py took 1.019 seconds
[2024-10-08 13:27:02,447] {processor.py:153} INFO - Started process (PID=37938) to work on /home/kennedy/KR/Programação/00.Estudos/DataEng/Alura/airflow-executores/venv/lib/python3.9/site-packages/airflow/example_dags/example_subdag_operator.py
[2024-10-08 13:27:02,603] {processor.py:641} INFO - Processing file /home/kennedy/KR/Programação/00.Estudos/DataEng/Alura/airflow-executores/venv/lib/python3.9/site-packages/airflow/example_dags/example_subdag_operator.py for tasks to queue
[2024-10-08 13:27:02,604] {logging_mixin.py:115} INFO - [2024-10-08 13:27:02,604] {dagbag.py:507} INFO - Filling up the DagBag from /home/kennedy/KR/Programação/00.Estudos/DataEng/Alura/airflow-executores/venv/lib/python3.9/site-packages/airflow/example_dags/example_subdag_operator.py
[2024-10-08 13:27:02,643] {processor.py:651} INFO - DAG(s) dict_keys(['example_subdag_operator.section-1', 'example_subdag_operator.section-2', 'example_subdag_operator']) retrieved from /home/kennedy/KR/Programação/00.Estudos/DataEng/Alura/airflow-executores/venv/lib/python3.9/site-packages/airflow/example_dags/example_subdag_operator.py
[2024-10-08 13:27:02,660] {logging_mixin.py:115} INFO - [2024-10-08 13:27:02,660] {dag.py:2379} INFO - Sync 3 DAGs
[2024-10-08 13:27:02,675] {logging_mixin.py:115} INFO - [2024-10-08 13:27:02,674] {dag.py:2927} INFO - Setting next_dagrun for example_subdag_operator to 2022-01-01T00:00:00+00:00, run_after=2022-01-01T00:00:00+00:00
[2024-10-08 13:27:02,675] {logging_mixin.py:115} INFO - [2024-10-08 13:27:02,675] {dag.py:2927} INFO - Setting next_dagrun for example_subdag_operator.section-1 to None, run_after=None
[2024-10-08 13:27:02,675] {logging_mixin.py:115} INFO - [2024-10-08 13:27:02,675] {dag.py:2927} INFO - Setting next_dagrun for example_subdag_operator.section-2 to None, run_after=None
[2024-10-08 13:27:02,681] {logging_mixin.py:115} INFO - [2024-10-08 13:27:02,681] {dag.py:2379} INFO - Sync 2 DAGs
[2024-10-08 13:27:02,683] {logging_mixin.py:115} INFO - [2024-10-08 13:27:02,683] {dag.py:2927} INFO - Setting next_dagrun for example_subdag_operator.section-1 to None, run_after=None
[2024-10-08 13:27:02,684] {logging_mixin.py:115} INFO - [2024-10-08 13:27:02,683] {dag.py:2927} INFO - Setting next_dagrun for example_subdag_operator.section-2 to None, run_after=None
[2024-10-08 13:27:03,041] {processor.py:161} INFO - Processing /home/kennedy/KR/Programação/00.Estudos/DataEng/Alura/airflow-executores/venv/lib/python3.9/site-packages/airflow/example_dags/example_subdag_operator.py took 0.597 seconds
[2024-10-08 13:28:27,087] {processor.py:153} INFO - Started process (PID=38074) to work on /home/kennedy/KR/Programação/00.Estudos/DataEng/Alura/airflow-executores/venv/lib/python3.9/site-packages/airflow/example_dags/example_subdag_operator.py
[2024-10-08 13:28:27,168] {processor.py:641} INFO - Processing file /home/kennedy/KR/Programação/00.Estudos/DataEng/Alura/airflow-executores/venv/lib/python3.9/site-packages/airflow/example_dags/example_subdag_operator.py for tasks to queue
[2024-10-08 13:28:27,170] {logging_mixin.py:115} INFO - [2024-10-08 13:28:27,169] {dagbag.py:507} INFO - Filling up the DagBag from /home/kennedy/KR/Programação/00.Estudos/DataEng/Alura/airflow-executores/venv/lib/python3.9/site-packages/airflow/example_dags/example_subdag_operator.py
[2024-10-08 13:28:27,208] {processor.py:651} INFO - DAG(s) dict_keys(['example_subdag_operator.section-1', 'example_subdag_operator.section-2', 'example_subdag_operator']) retrieved from /home/kennedy/KR/Programação/00.Estudos/DataEng/Alura/airflow-executores/venv/lib/python3.9/site-packages/airflow/example_dags/example_subdag_operator.py
[2024-10-08 13:28:27,224] {logging_mixin.py:115} INFO - [2024-10-08 13:28:27,224] {dag.py:2379} INFO - Sync 3 DAGs
[2024-10-08 13:28:27,241] {logging_mixin.py:115} INFO - [2024-10-08 13:28:27,240] {dag.py:2927} INFO - Setting next_dagrun for example_subdag_operator to 2022-01-01T00:00:00+00:00, run_after=2022-01-01T00:00:00+00:00
[2024-10-08 13:28:27,241] {logging_mixin.py:115} INFO - [2024-10-08 13:28:27,241] {dag.py:2927} INFO - Setting next_dagrun for example_subdag_operator.section-1 to None, run_after=None
[2024-10-08 13:28:27,241] {logging_mixin.py:115} INFO - [2024-10-08 13:28:27,241] {dag.py:2927} INFO - Setting next_dagrun for example_subdag_operator.section-2 to None, run_after=None
[2024-10-08 13:28:27,248] {logging_mixin.py:115} INFO - [2024-10-08 13:28:27,248] {dag.py:2379} INFO - Sync 2 DAGs
[2024-10-08 13:28:27,252] {logging_mixin.py:115} INFO - [2024-10-08 13:28:27,252] {dag.py:2927} INFO - Setting next_dagrun for example_subdag_operator.section-1 to None, run_after=None
[2024-10-08 13:28:27,252] {logging_mixin.py:115} INFO - [2024-10-08 13:28:27,252] {dag.py:2927} INFO - Setting next_dagrun for example_subdag_operator.section-2 to None, run_after=None
[2024-10-08 13:28:27,649] {processor.py:161} INFO - Processing /home/kennedy/KR/Programação/00.Estudos/DataEng/Alura/airflow-executores/venv/lib/python3.9/site-packages/airflow/example_dags/example_subdag_operator.py took 0.568 seconds
[2024-10-08 13:29:40,994] {processor.py:153} INFO - Started process (PID=38488) to work on /home/kennedy/KR/Programação/00.Estudos/DataEng/Alura/airflow-executores/venv/lib/python3.9/site-packages/airflow/example_dags/example_subdag_operator.py
[2024-10-08 13:29:41,042] {processor.py:641} INFO - Processing file /home/kennedy/KR/Programação/00.Estudos/DataEng/Alura/airflow-executores/venv/lib/python3.9/site-packages/airflow/example_dags/example_subdag_operator.py for tasks to queue
[2024-10-08 13:29:41,043] {logging_mixin.py:115} INFO - [2024-10-08 13:29:41,043] {dagbag.py:507} INFO - Filling up the DagBag from /home/kennedy/KR/Programação/00.Estudos/DataEng/Alura/airflow-executores/venv/lib/python3.9/site-packages/airflow/example_dags/example_subdag_operator.py
[2024-10-08 13:29:41,092] {processor.py:651} INFO - DAG(s) dict_keys(['example_subdag_operator.section-1', 'example_subdag_operator.section-2', 'example_subdag_operator']) retrieved from /home/kennedy/KR/Programação/00.Estudos/DataEng/Alura/airflow-executores/venv/lib/python3.9/site-packages/airflow/example_dags/example_subdag_operator.py
[2024-10-08 13:29:41,116] {logging_mixin.py:115} INFO - [2024-10-08 13:29:41,116] {dag.py:2379} INFO - Sync 3 DAGs
[2024-10-08 13:29:41,131] {logging_mixin.py:115} INFO - [2024-10-08 13:29:41,131] {dag.py:2927} INFO - Setting next_dagrun for example_subdag_operator to 2022-01-01T00:00:00+00:00, run_after=2022-01-01T00:00:00+00:00
[2024-10-08 13:29:41,131] {logging_mixin.py:115} INFO - [2024-10-08 13:29:41,131] {dag.py:2927} INFO - Setting next_dagrun for example_subdag_operator.section-1 to None, run_after=None
[2024-10-08 13:29:41,131] {logging_mixin.py:115} INFO - [2024-10-08 13:29:41,131] {dag.py:2927} INFO - Setting next_dagrun for example_subdag_operator.section-2 to None, run_after=None
[2024-10-08 13:29:41,138] {logging_mixin.py:115} INFO - [2024-10-08 13:29:41,138] {dag.py:2379} INFO - Sync 2 DAGs
[2024-10-08 13:29:41,141] {logging_mixin.py:115} INFO - [2024-10-08 13:29:41,141] {dag.py:2927} INFO - Setting next_dagrun for example_subdag_operator.section-1 to None, run_after=None
[2024-10-08 13:29:41,141] {logging_mixin.py:115} INFO - [2024-10-08 13:29:41,141] {dag.py:2927} INFO - Setting next_dagrun for example_subdag_operator.section-2 to None, run_after=None
[2024-10-08 13:29:41,390] {processor.py:161} INFO - Processing /home/kennedy/KR/Programação/00.Estudos/DataEng/Alura/airflow-executores/venv/lib/python3.9/site-packages/airflow/example_dags/example_subdag_operator.py took 0.403 seconds
[2024-10-08 13:30:40,201] {processor.py:153} INFO - Started process (PID=38579) to work on /home/kennedy/KR/Programação/00.Estudos/DataEng/Alura/airflow-executores/venv/lib/python3.9/site-packages/airflow/example_dags/example_subdag_operator.py
[2024-10-08 13:30:40,357] {processor.py:641} INFO - Processing file /home/kennedy/KR/Programação/00.Estudos/DataEng/Alura/airflow-executores/venv/lib/python3.9/site-packages/airflow/example_dags/example_subdag_operator.py for tasks to queue
[2024-10-08 13:30:40,359] {logging_mixin.py:115} INFO - [2024-10-08 13:30:40,358] {dagbag.py:507} INFO - Filling up the DagBag from /home/kennedy/KR/Programação/00.Estudos/DataEng/Alura/airflow-executores/venv/lib/python3.9/site-packages/airflow/example_dags/example_subdag_operator.py
[2024-10-08 13:30:40,397] {processor.py:651} INFO - DAG(s) dict_keys(['example_subdag_operator.section-1', 'example_subdag_operator.section-2', 'example_subdag_operator']) retrieved from /home/kennedy/KR/Programação/00.Estudos/DataEng/Alura/airflow-executores/venv/lib/python3.9/site-packages/airflow/example_dags/example_subdag_operator.py
[2024-10-08 13:30:40,414] {logging_mixin.py:115} INFO - [2024-10-08 13:30:40,414] {dag.py:2379} INFO - Sync 3 DAGs
[2024-10-08 13:30:40,435] {logging_mixin.py:115} INFO - [2024-10-08 13:30:40,435] {dag.py:2927} INFO - Setting next_dagrun for example_subdag_operator to 2022-01-01T00:00:00+00:00, run_after=2022-01-01T00:00:00+00:00
[2024-10-08 13:30:40,436] {logging_mixin.py:115} INFO - [2024-10-08 13:30:40,436] {dag.py:2927} INFO - Setting next_dagrun for example_subdag_operator.section-1 to None, run_after=None
[2024-10-08 13:30:40,436] {logging_mixin.py:115} INFO - [2024-10-08 13:30:40,436] {dag.py:2927} INFO - Setting next_dagrun for example_subdag_operator.section-2 to None, run_after=None
[2024-10-08 13:30:40,442] {logging_mixin.py:115} INFO - [2024-10-08 13:30:40,442] {dag.py:2379} INFO - Sync 2 DAGs
[2024-10-08 13:30:40,446] {logging_mixin.py:115} INFO - [2024-10-08 13:30:40,446] {dag.py:2927} INFO - Setting next_dagrun for example_subdag_operator.section-1 to None, run_after=None
[2024-10-08 13:30:40,446] {logging_mixin.py:115} INFO - [2024-10-08 13:30:40,446] {dag.py:2927} INFO - Setting next_dagrun for example_subdag_operator.section-2 to None, run_after=None
[2024-10-08 13:30:40,771] {processor.py:161} INFO - Processing /home/kennedy/KR/Programação/00.Estudos/DataEng/Alura/airflow-executores/venv/lib/python3.9/site-packages/airflow/example_dags/example_subdag_operator.py took 0.576 seconds
[2024-10-08 13:31:43,760] {processor.py:153} INFO - Started process (PID=38674) to work on /home/kennedy/KR/Programação/00.Estudos/DataEng/Alura/airflow-executores/venv/lib/python3.9/site-packages/airflow/example_dags/example_subdag_operator.py
[2024-10-08 13:31:43,772] {processor.py:641} INFO - Processing file /home/kennedy/KR/Programação/00.Estudos/DataEng/Alura/airflow-executores/venv/lib/python3.9/site-packages/airflow/example_dags/example_subdag_operator.py for tasks to queue
[2024-10-08 13:31:43,773] {logging_mixin.py:115} INFO - [2024-10-08 13:31:43,773] {dagbag.py:507} INFO - Filling up the DagBag from /home/kennedy/KR/Programação/00.Estudos/DataEng/Alura/airflow-executores/venv/lib/python3.9/site-packages/airflow/example_dags/example_subdag_operator.py
[2024-10-08 13:31:43,814] {processor.py:651} INFO - DAG(s) dict_keys(['example_subdag_operator.section-1', 'example_subdag_operator.section-2', 'example_subdag_operator']) retrieved from /home/kennedy/KR/Programação/00.Estudos/DataEng/Alura/airflow-executores/venv/lib/python3.9/site-packages/airflow/example_dags/example_subdag_operator.py
[2024-10-08 13:31:43,836] {logging_mixin.py:115} INFO - [2024-10-08 13:31:43,836] {dag.py:2379} INFO - Sync 3 DAGs
[2024-10-08 13:31:43,850] {logging_mixin.py:115} INFO - [2024-10-08 13:31:43,850] {dag.py:2927} INFO - Setting next_dagrun for example_subdag_operator to 2022-01-01T00:00:00+00:00, run_after=2022-01-01T00:00:00+00:00
[2024-10-08 13:31:43,851] {logging_mixin.py:115} INFO - [2024-10-08 13:31:43,851] {dag.py:2927} INFO - Setting next_dagrun for example_subdag_operator.section-1 to None, run_after=None
[2024-10-08 13:31:43,851] {logging_mixin.py:115} INFO - [2024-10-08 13:31:43,851] {dag.py:2927} INFO - Setting next_dagrun for example_subdag_operator.section-2 to None, run_after=None
[2024-10-08 13:31:43,857] {logging_mixin.py:115} INFO - [2024-10-08 13:31:43,857] {dag.py:2379} INFO - Sync 2 DAGs
[2024-10-08 13:31:43,859] {logging_mixin.py:115} INFO - [2024-10-08 13:31:43,859] {dag.py:2927} INFO - Setting next_dagrun for example_subdag_operator.section-1 to None, run_after=None
[2024-10-08 13:31:43,860] {logging_mixin.py:115} INFO - [2024-10-08 13:31:43,859] {dag.py:2927} INFO - Setting next_dagrun for example_subdag_operator.section-2 to None, run_after=None
[2024-10-08 13:31:44,068] {processor.py:161} INFO - Processing /home/kennedy/KR/Programação/00.Estudos/DataEng/Alura/airflow-executores/venv/lib/python3.9/site-packages/airflow/example_dags/example_subdag_operator.py took 0.316 seconds
[2024-10-08 13:32:59,194] {processor.py:153} INFO - Started process (PID=38869) to work on /home/kennedy/KR/Programação/00.Estudos/DataEng/Alura/airflow-executores/venv/lib/python3.9/site-packages/airflow/example_dags/example_subdag_operator.py
[2024-10-08 13:32:59,308] {processor.py:641} INFO - Processing file /home/kennedy/KR/Programação/00.Estudos/DataEng/Alura/airflow-executores/venv/lib/python3.9/site-packages/airflow/example_dags/example_subdag_operator.py for tasks to queue
[2024-10-08 13:32:59,309] {logging_mixin.py:115} INFO - [2024-10-08 13:32:59,309] {dagbag.py:507} INFO - Filling up the DagBag from /home/kennedy/KR/Programação/00.Estudos/DataEng/Alura/airflow-executores/venv/lib/python3.9/site-packages/airflow/example_dags/example_subdag_operator.py
[2024-10-08 13:32:59,365] {processor.py:651} INFO - DAG(s) dict_keys(['example_subdag_operator.section-1', 'example_subdag_operator.section-2', 'example_subdag_operator']) retrieved from /home/kennedy/KR/Programação/00.Estudos/DataEng/Alura/airflow-executores/venv/lib/python3.9/site-packages/airflow/example_dags/example_subdag_operator.py
[2024-10-08 13:32:59,395] {logging_mixin.py:115} INFO - [2024-10-08 13:32:59,395] {dag.py:2379} INFO - Sync 3 DAGs
[2024-10-08 13:32:59,413] {logging_mixin.py:115} INFO - [2024-10-08 13:32:59,413] {dag.py:2927} INFO - Setting next_dagrun for example_subdag_operator to 2022-01-01T00:00:00+00:00, run_after=2022-01-01T00:00:00+00:00
[2024-10-08 13:32:59,413] {logging_mixin.py:115} INFO - [2024-10-08 13:32:59,413] {dag.py:2927} INFO - Setting next_dagrun for example_subdag_operator.section-1 to None, run_after=None
[2024-10-08 13:32:59,413] {logging_mixin.py:115} INFO - [2024-10-08 13:32:59,413] {dag.py:2927} INFO - Setting next_dagrun for example_subdag_operator.section-2 to None, run_after=None
[2024-10-08 13:32:59,418] {logging_mixin.py:115} INFO - [2024-10-08 13:32:59,418] {dag.py:2379} INFO - Sync 2 DAGs
[2024-10-08 13:32:59,422] {logging_mixin.py:115} INFO - [2024-10-08 13:32:59,422] {dag.py:2927} INFO - Setting next_dagrun for example_subdag_operator.section-1 to None, run_after=None
[2024-10-08 13:32:59,423] {logging_mixin.py:115} INFO - [2024-10-08 13:32:59,423] {dag.py:2927} INFO - Setting next_dagrun for example_subdag_operator.section-2 to None, run_after=None
[2024-10-08 13:32:59,906] {processor.py:161} INFO - Processing /home/kennedy/KR/Programação/00.Estudos/DataEng/Alura/airflow-executores/venv/lib/python3.9/site-packages/airflow/example_dags/example_subdag_operator.py took 0.718 seconds
[2024-10-08 13:34:07,937] {processor.py:153} INFO - Started process (PID=38946) to work on /home/kennedy/KR/Programação/00.Estudos/DataEng/Alura/airflow-executores/venv/lib/python3.9/site-packages/airflow/example_dags/example_subdag_operator.py
[2024-10-08 13:34:07,958] {processor.py:641} INFO - Processing file /home/kennedy/KR/Programação/00.Estudos/DataEng/Alura/airflow-executores/venv/lib/python3.9/site-packages/airflow/example_dags/example_subdag_operator.py for tasks to queue
[2024-10-08 13:34:07,959] {logging_mixin.py:115} INFO - [2024-10-08 13:34:07,959] {dagbag.py:507} INFO - Filling up the DagBag from /home/kennedy/KR/Programação/00.Estudos/DataEng/Alura/airflow-executores/venv/lib/python3.9/site-packages/airflow/example_dags/example_subdag_operator.py
[2024-10-08 13:34:08,002] {processor.py:651} INFO - DAG(s) dict_keys(['example_subdag_operator.section-1', 'example_subdag_operator.section-2', 'example_subdag_operator']) retrieved from /home/kennedy/KR/Programação/00.Estudos/DataEng/Alura/airflow-executores/venv/lib/python3.9/site-packages/airflow/example_dags/example_subdag_operator.py
[2024-10-08 13:34:08,019] {logging_mixin.py:115} INFO - [2024-10-08 13:34:08,019] {dag.py:2379} INFO - Sync 3 DAGs
[2024-10-08 13:34:08,036] {logging_mixin.py:115} INFO - [2024-10-08 13:34:08,035] {dag.py:2927} INFO - Setting next_dagrun for example_subdag_operator to 2022-01-01T00:00:00+00:00, run_after=2022-01-01T00:00:00+00:00
[2024-10-08 13:34:08,036] {logging_mixin.py:115} INFO - [2024-10-08 13:34:08,036] {dag.py:2927} INFO - Setting next_dagrun for example_subdag_operator.section-1 to None, run_after=None
[2024-10-08 13:34:08,036] {logging_mixin.py:115} INFO - [2024-10-08 13:34:08,036] {dag.py:2927} INFO - Setting next_dagrun for example_subdag_operator.section-2 to None, run_after=None
[2024-10-08 13:34:08,040] {logging_mixin.py:115} INFO - [2024-10-08 13:34:08,040] {dag.py:2379} INFO - Sync 2 DAGs
[2024-10-08 13:34:08,043] {logging_mixin.py:115} INFO - [2024-10-08 13:34:08,043] {dag.py:2927} INFO - Setting next_dagrun for example_subdag_operator.section-1 to None, run_after=None
[2024-10-08 13:34:08,043] {logging_mixin.py:115} INFO - [2024-10-08 13:34:08,043] {dag.py:2927} INFO - Setting next_dagrun for example_subdag_operator.section-2 to None, run_after=None
[2024-10-08 13:34:08,165] {processor.py:161} INFO - Processing /home/kennedy/KR/Programação/00.Estudos/DataEng/Alura/airflow-executores/venv/lib/python3.9/site-packages/airflow/example_dags/example_subdag_operator.py took 0.234 seconds
[2024-10-08 15:47:08,225] {processor.py:153} INFO - Started process (PID=11476) to work on /home/kennedy/.local/lib/python3.10/site-packages/airflow/example_dags/example_subdag_operator.py
[2024-10-08 15:47:08,367] {processor.py:641} INFO - Processing file /home/kennedy/.local/lib/python3.10/site-packages/airflow/example_dags/example_subdag_operator.py for tasks to queue
[2024-10-08 15:47:08,368] {logging_mixin.py:115} INFO - [2024-10-08 15:47:08,368] {dagbag.py:507} INFO - Filling up the DagBag from /home/kennedy/.local/lib/python3.10/site-packages/airflow/example_dags/example_subdag_operator.py
[2024-10-08 15:47:08,397] {processor.py:651} INFO - DAG(s) dict_keys(['example_subdag_operator.section-1', 'example_subdag_operator.section-2', 'example_subdag_operator']) retrieved from /home/kennedy/.local/lib/python3.10/site-packages/airflow/example_dags/example_subdag_operator.py
[2024-10-08 15:47:08,459] {logging_mixin.py:115} INFO - [2024-10-08 15:47:08,459] {dag.py:2379} INFO - Sync 3 DAGs
[2024-10-08 15:47:08,473] {logging_mixin.py:115} INFO - [2024-10-08 15:47:08,473] {dag.py:2927} INFO - Setting next_dagrun for example_subdag_operator to 2022-01-01T00:00:00+00:00, run_after=2022-01-01T00:00:00+00:00
[2024-10-08 15:47:08,474] {logging_mixin.py:115} INFO - [2024-10-08 15:47:08,474] {dag.py:2927} INFO - Setting next_dagrun for example_subdag_operator.section-1 to None, run_after=None
[2024-10-08 15:47:08,474] {logging_mixin.py:115} INFO - [2024-10-08 15:47:08,474] {dag.py:2927} INFO - Setting next_dagrun for example_subdag_operator.section-2 to None, run_after=None
[2024-10-08 15:47:08,479] {logging_mixin.py:115} INFO - [2024-10-08 15:47:08,479] {dag.py:2379} INFO - Sync 2 DAGs
[2024-10-08 15:47:08,482] {logging_mixin.py:115} INFO - [2024-10-08 15:47:08,482] {dag.py:2927} INFO - Setting next_dagrun for example_subdag_operator.section-1 to None, run_after=None
[2024-10-08 15:47:08,482] {logging_mixin.py:115} INFO - [2024-10-08 15:47:08,482] {dag.py:2927} INFO - Setting next_dagrun for example_subdag_operator.section-2 to None, run_after=None
[2024-10-08 15:47:09,723] {processor.py:161} INFO - Processing /home/kennedy/.local/lib/python3.10/site-packages/airflow/example_dags/example_subdag_operator.py took 1.502 seconds
[2024-10-08 16:36:40,572] {processor.py:153} INFO - Started process (PID=16649) to work on /home/kennedy/KR/Programação/00.Estudos/DataEng/Alura/airflow-executores/venv/lib/python3.9/site-packages/airflow/example_dags/example_subdag_operator.py
[2024-10-08 16:36:40,622] {processor.py:641} INFO - Processing file /home/kennedy/KR/Programação/00.Estudos/DataEng/Alura/airflow-executores/venv/lib/python3.9/site-packages/airflow/example_dags/example_subdag_operator.py for tasks to queue
[2024-10-08 16:36:40,623] {logging_mixin.py:115} INFO - [2024-10-08 16:36:40,623] {dagbag.py:507} INFO - Filling up the DagBag from /home/kennedy/KR/Programação/00.Estudos/DataEng/Alura/airflow-executores/venv/lib/python3.9/site-packages/airflow/example_dags/example_subdag_operator.py
[2024-10-08 16:36:40,661] {processor.py:651} INFO - DAG(s) dict_keys(['example_subdag_operator.section-1', 'example_subdag_operator.section-2', 'example_subdag_operator']) retrieved from /home/kennedy/KR/Programação/00.Estudos/DataEng/Alura/airflow-executores/venv/lib/python3.9/site-packages/airflow/example_dags/example_subdag_operator.py
[2024-10-08 16:36:40,725] {logging_mixin.py:115} INFO - [2024-10-08 16:36:40,725] {dag.py:2379} INFO - Sync 3 DAGs
[2024-10-08 16:36:40,740] {logging_mixin.py:115} INFO - [2024-10-08 16:36:40,739] {dag.py:2927} INFO - Setting next_dagrun for example_subdag_operator to 2022-01-01T00:00:00+00:00, run_after=2022-01-01T00:00:00+00:00
[2024-10-08 16:36:40,740] {logging_mixin.py:115} INFO - [2024-10-08 16:36:40,740] {dag.py:2927} INFO - Setting next_dagrun for example_subdag_operator.section-1 to None, run_after=None
[2024-10-08 16:36:40,740] {logging_mixin.py:115} INFO - [2024-10-08 16:36:40,740] {dag.py:2927} INFO - Setting next_dagrun for example_subdag_operator.section-2 to None, run_after=None
[2024-10-08 16:36:40,745] {logging_mixin.py:115} INFO - [2024-10-08 16:36:40,745] {dag.py:2379} INFO - Sync 2 DAGs
[2024-10-08 16:36:40,748] {logging_mixin.py:115} INFO - [2024-10-08 16:36:40,748] {dag.py:2927} INFO - Setting next_dagrun for example_subdag_operator.section-1 to None, run_after=None
[2024-10-08 16:36:40,748] {logging_mixin.py:115} INFO - [2024-10-08 16:36:40,748] {dag.py:2927} INFO - Setting next_dagrun for example_subdag_operator.section-2 to None, run_after=None
[2024-10-08 16:36:41,013] {processor.py:161} INFO - Processing /home/kennedy/KR/Programação/00.Estudos/DataEng/Alura/airflow-executores/venv/lib/python3.9/site-packages/airflow/example_dags/example_subdag_operator.py took 0.448 seconds
[2024-10-08 16:37:29,883] {processor.py:153} INFO - Started process (PID=16773) to work on /home/kennedy/KR/Programação/00.Estudos/DataEng/Alura/airflow-executores/venv/lib/python3.9/site-packages/airflow/example_dags/example_subdag_operator.py
[2024-10-08 16:37:29,894] {processor.py:641} INFO - Processing file /home/kennedy/KR/Programação/00.Estudos/DataEng/Alura/airflow-executores/venv/lib/python3.9/site-packages/airflow/example_dags/example_subdag_operator.py for tasks to queue
[2024-10-08 16:37:29,895] {logging_mixin.py:115} INFO - [2024-10-08 16:37:29,895] {dagbag.py:507} INFO - Filling up the DagBag from /home/kennedy/KR/Programação/00.Estudos/DataEng/Alura/airflow-executores/venv/lib/python3.9/site-packages/airflow/example_dags/example_subdag_operator.py
[2024-10-08 16:37:29,926] {processor.py:651} INFO - DAG(s) dict_keys(['example_subdag_operator.section-1', 'example_subdag_operator.section-2', 'example_subdag_operator']) retrieved from /home/kennedy/KR/Programação/00.Estudos/DataEng/Alura/airflow-executores/venv/lib/python3.9/site-packages/airflow/example_dags/example_subdag_operator.py
[2024-10-08 16:37:29,941] {logging_mixin.py:115} INFO - [2024-10-08 16:37:29,941] {dag.py:2379} INFO - Sync 3 DAGs
[2024-10-08 16:37:29,955] {logging_mixin.py:115} INFO - [2024-10-08 16:37:29,955] {dag.py:2927} INFO - Setting next_dagrun for example_subdag_operator to 2022-01-01T00:00:00+00:00, run_after=2022-01-01T00:00:00+00:00
[2024-10-08 16:37:29,955] {logging_mixin.py:115} INFO - [2024-10-08 16:37:29,955] {dag.py:2927} INFO - Setting next_dagrun for example_subdag_operator.section-1 to None, run_after=None
[2024-10-08 16:37:29,955] {logging_mixin.py:115} INFO - [2024-10-08 16:37:29,955] {dag.py:2927} INFO - Setting next_dagrun for example_subdag_operator.section-2 to None, run_after=None
[2024-10-08 16:37:29,958] {logging_mixin.py:115} INFO - [2024-10-08 16:37:29,958] {dag.py:2379} INFO - Sync 2 DAGs
[2024-10-08 16:37:29,961] {logging_mixin.py:115} INFO - [2024-10-08 16:37:29,961] {dag.py:2927} INFO - Setting next_dagrun for example_subdag_operator.section-1 to None, run_after=None
[2024-10-08 16:37:29,961] {logging_mixin.py:115} INFO - [2024-10-08 16:37:29,961] {dag.py:2927} INFO - Setting next_dagrun for example_subdag_operator.section-2 to None, run_after=None
[2024-10-08 16:37:30,040] {processor.py:161} INFO - Processing /home/kennedy/KR/Programação/00.Estudos/DataEng/Alura/airflow-executores/venv/lib/python3.9/site-packages/airflow/example_dags/example_subdag_operator.py took 0.163 seconds
[2024-10-08 16:38:58,248] {processor.py:153} INFO - Started process (PID=17434) to work on /home/kennedy/KR/Programação/00.Estudos/DataEng/Alura/airflow-executores/venv/lib/python3.9/site-packages/airflow/example_dags/example_subdag_operator.py
[2024-10-08 16:38:58,426] {processor.py:641} INFO - Processing file /home/kennedy/KR/Programação/00.Estudos/DataEng/Alura/airflow-executores/venv/lib/python3.9/site-packages/airflow/example_dags/example_subdag_operator.py for tasks to queue
[2024-10-08 16:38:58,427] {logging_mixin.py:115} INFO - [2024-10-08 16:38:58,427] {dagbag.py:507} INFO - Filling up the DagBag from /home/kennedy/KR/Programação/00.Estudos/DataEng/Alura/airflow-executores/venv/lib/python3.9/site-packages/airflow/example_dags/example_subdag_operator.py
[2024-10-08 16:38:58,463] {processor.py:651} INFO - DAG(s) dict_keys(['example_subdag_operator.section-1', 'example_subdag_operator.section-2', 'example_subdag_operator']) retrieved from /home/kennedy/KR/Programação/00.Estudos/DataEng/Alura/airflow-executores/venv/lib/python3.9/site-packages/airflow/example_dags/example_subdag_operator.py
[2024-10-08 16:38:58,481] {logging_mixin.py:115} INFO - [2024-10-08 16:38:58,481] {dag.py:2379} INFO - Sync 3 DAGs
[2024-10-08 16:38:58,500] {logging_mixin.py:115} INFO - [2024-10-08 16:38:58,500] {dag.py:2927} INFO - Setting next_dagrun for example_subdag_operator to 2022-01-01T00:00:00+00:00, run_after=2022-01-01T00:00:00+00:00
[2024-10-08 16:38:58,501] {logging_mixin.py:115} INFO - [2024-10-08 16:38:58,501] {dag.py:2927} INFO - Setting next_dagrun for example_subdag_operator.section-1 to None, run_after=None
[2024-10-08 16:38:58,501] {logging_mixin.py:115} INFO - [2024-10-08 16:38:58,501] {dag.py:2927} INFO - Setting next_dagrun for example_subdag_operator.section-2 to None, run_after=None
[2024-10-08 16:38:58,506] {logging_mixin.py:115} INFO - [2024-10-08 16:38:58,506] {dag.py:2379} INFO - Sync 2 DAGs
[2024-10-08 16:38:58,509] {logging_mixin.py:115} INFO - [2024-10-08 16:38:58,509] {dag.py:2927} INFO - Setting next_dagrun for example_subdag_operator.section-1 to None, run_after=None
[2024-10-08 16:38:58,509] {logging_mixin.py:115} INFO - [2024-10-08 16:38:58,509] {dag.py:2927} INFO - Setting next_dagrun for example_subdag_operator.section-2 to None, run_after=None
[2024-10-08 16:38:58,740] {processor.py:161} INFO - Processing /home/kennedy/KR/Programação/00.Estudos/DataEng/Alura/airflow-executores/venv/lib/python3.9/site-packages/airflow/example_dags/example_subdag_operator.py took 0.494 seconds
[2024-10-08 16:40:17,285] {processor.py:153} INFO - Started process (PID=17546) to work on /home/kennedy/KR/Programação/00.Estudos/DataEng/Alura/airflow-executores/venv/lib/python3.9/site-packages/airflow/example_dags/example_subdag_operator.py
[2024-10-08 16:40:17,297] {processor.py:641} INFO - Processing file /home/kennedy/KR/Programação/00.Estudos/DataEng/Alura/airflow-executores/venv/lib/python3.9/site-packages/airflow/example_dags/example_subdag_operator.py for tasks to queue
[2024-10-08 16:40:17,298] {logging_mixin.py:115} INFO - [2024-10-08 16:40:17,298] {dagbag.py:507} INFO - Filling up the DagBag from /home/kennedy/KR/Programação/00.Estudos/DataEng/Alura/airflow-executores/venv/lib/python3.9/site-packages/airflow/example_dags/example_subdag_operator.py
[2024-10-08 16:40:17,316] {processor.py:651} INFO - DAG(s) dict_keys(['example_subdag_operator.section-1', 'example_subdag_operator.section-2', 'example_subdag_operator']) retrieved from /home/kennedy/KR/Programação/00.Estudos/DataEng/Alura/airflow-executores/venv/lib/python3.9/site-packages/airflow/example_dags/example_subdag_operator.py
[2024-10-08 16:40:17,332] {logging_mixin.py:115} INFO - [2024-10-08 16:40:17,332] {dag.py:2379} INFO - Sync 3 DAGs
[2024-10-08 16:40:17,344] {logging_mixin.py:115} INFO - [2024-10-08 16:40:17,343] {dag.py:2927} INFO - Setting next_dagrun for example_subdag_operator to 2022-01-01T00:00:00+00:00, run_after=2022-01-01T00:00:00+00:00
[2024-10-08 16:40:17,344] {logging_mixin.py:115} INFO - [2024-10-08 16:40:17,344] {dag.py:2927} INFO - Setting next_dagrun for example_subdag_operator.section-1 to None, run_after=None
[2024-10-08 16:40:17,344] {logging_mixin.py:115} INFO - [2024-10-08 16:40:17,344] {dag.py:2927} INFO - Setting next_dagrun for example_subdag_operator.section-2 to None, run_after=None
[2024-10-08 16:40:17,347] {logging_mixin.py:115} INFO - [2024-10-08 16:40:17,347] {dag.py:2379} INFO - Sync 2 DAGs
[2024-10-08 16:40:17,350] {logging_mixin.py:115} INFO - [2024-10-08 16:40:17,350] {dag.py:2927} INFO - Setting next_dagrun for example_subdag_operator.section-1 to None, run_after=None
[2024-10-08 16:40:17,350] {logging_mixin.py:115} INFO - [2024-10-08 16:40:17,350] {dag.py:2927} INFO - Setting next_dagrun for example_subdag_operator.section-2 to None, run_after=None
[2024-10-08 16:40:18,140] {processor.py:161} INFO - Processing /home/kennedy/KR/Programação/00.Estudos/DataEng/Alura/airflow-executores/venv/lib/python3.9/site-packages/airflow/example_dags/example_subdag_operator.py took 0.857 seconds
[2024-10-08 16:41:22,197] {processor.py:153} INFO - Started process (PID=18022) to work on /home/kennedy/KR/Programação/00.Estudos/DataEng/Alura/airflow-executores/venv/lib/python3.9/site-packages/airflow/example_dags/example_subdag_operator.py
[2024-10-08 16:41:22,198] {processor.py:641} INFO - Processing file /home/kennedy/KR/Programação/00.Estudos/DataEng/Alura/airflow-executores/venv/lib/python3.9/site-packages/airflow/example_dags/example_subdag_operator.py for tasks to queue
[2024-10-08 16:41:22,198] {logging_mixin.py:115} INFO - [2024-10-08 16:41:22,198] {dagbag.py:507} INFO - Filling up the DagBag from /home/kennedy/KR/Programação/00.Estudos/DataEng/Alura/airflow-executores/venv/lib/python3.9/site-packages/airflow/example_dags/example_subdag_operator.py
[2024-10-08 16:41:22,213] {processor.py:651} INFO - DAG(s) dict_keys(['example_subdag_operator.section-1', 'example_subdag_operator.section-2', 'example_subdag_operator']) retrieved from /home/kennedy/KR/Programação/00.Estudos/DataEng/Alura/airflow-executores/venv/lib/python3.9/site-packages/airflow/example_dags/example_subdag_operator.py
[2024-10-08 16:41:22,226] {logging_mixin.py:115} INFO - [2024-10-08 16:41:22,226] {dag.py:2379} INFO - Sync 3 DAGs
[2024-10-08 16:41:22,238] {logging_mixin.py:115} INFO - [2024-10-08 16:41:22,238] {dag.py:2927} INFO - Setting next_dagrun for example_subdag_operator to 2022-01-01T00:00:00+00:00, run_after=2022-01-01T00:00:00+00:00
[2024-10-08 16:41:22,238] {logging_mixin.py:115} INFO - [2024-10-08 16:41:22,238] {dag.py:2927} INFO - Setting next_dagrun for example_subdag_operator.section-1 to None, run_after=None
[2024-10-08 16:41:22,238] {logging_mixin.py:115} INFO - [2024-10-08 16:41:22,238] {dag.py:2927} INFO - Setting next_dagrun for example_subdag_operator.section-2 to None, run_after=None
[2024-10-08 16:41:22,242] {logging_mixin.py:115} INFO - [2024-10-08 16:41:22,242] {dag.py:2379} INFO - Sync 2 DAGs
[2024-10-08 16:41:22,244] {logging_mixin.py:115} INFO - [2024-10-08 16:41:22,244] {dag.py:2927} INFO - Setting next_dagrun for example_subdag_operator.section-1 to None, run_after=None
[2024-10-08 16:41:22,244] {logging_mixin.py:115} INFO - [2024-10-08 16:41:22,244] {dag.py:2927} INFO - Setting next_dagrun for example_subdag_operator.section-2 to None, run_after=None
[2024-10-08 16:41:23,412] {processor.py:161} INFO - Processing /home/kennedy/KR/Programação/00.Estudos/DataEng/Alura/airflow-executores/venv/lib/python3.9/site-packages/airflow/example_dags/example_subdag_operator.py took 1.217 seconds
[2024-10-08 16:42:27,963] {processor.py:153} INFO - Started process (PID=18179) to work on /home/kennedy/KR/Programação/00.Estudos/DataEng/Alura/airflow-executores/venv/lib/python3.9/site-packages/airflow/example_dags/example_subdag_operator.py
[2024-10-08 16:42:27,976] {processor.py:641} INFO - Processing file /home/kennedy/KR/Programação/00.Estudos/DataEng/Alura/airflow-executores/venv/lib/python3.9/site-packages/airflow/example_dags/example_subdag_operator.py for tasks to queue
[2024-10-08 16:42:27,977] {logging_mixin.py:115} INFO - [2024-10-08 16:42:27,977] {dagbag.py:507} INFO - Filling up the DagBag from /home/kennedy/KR/Programação/00.Estudos/DataEng/Alura/airflow-executores/venv/lib/python3.9/site-packages/airflow/example_dags/example_subdag_operator.py
[2024-10-08 16:42:28,006] {processor.py:651} INFO - DAG(s) dict_keys(['example_subdag_operator.section-1', 'example_subdag_operator.section-2', 'example_subdag_operator']) retrieved from /home/kennedy/KR/Programação/00.Estudos/DataEng/Alura/airflow-executores/venv/lib/python3.9/site-packages/airflow/example_dags/example_subdag_operator.py
[2024-10-08 16:42:28,023] {logging_mixin.py:115} INFO - [2024-10-08 16:42:28,023] {dag.py:2379} INFO - Sync 3 DAGs
[2024-10-08 16:42:28,035] {logging_mixin.py:115} INFO - [2024-10-08 16:42:28,035] {dag.py:2927} INFO - Setting next_dagrun for example_subdag_operator to 2022-01-01T00:00:00+00:00, run_after=2022-01-01T00:00:00+00:00
[2024-10-08 16:42:28,036] {logging_mixin.py:115} INFO - [2024-10-08 16:42:28,036] {dag.py:2927} INFO - Setting next_dagrun for example_subdag_operator.section-1 to None, run_after=None
[2024-10-08 16:42:28,036] {logging_mixin.py:115} INFO - [2024-10-08 16:42:28,036] {dag.py:2927} INFO - Setting next_dagrun for example_subdag_operator.section-2 to None, run_after=None
[2024-10-08 16:42:28,041] {logging_mixin.py:115} INFO - [2024-10-08 16:42:28,041] {dag.py:2379} INFO - Sync 2 DAGs
[2024-10-08 16:42:28,043] {logging_mixin.py:115} INFO - [2024-10-08 16:42:28,043] {dag.py:2927} INFO - Setting next_dagrun for example_subdag_operator.section-1 to None, run_after=None
[2024-10-08 16:42:28,043] {logging_mixin.py:115} INFO - [2024-10-08 16:42:28,043] {dag.py:2927} INFO - Setting next_dagrun for example_subdag_operator.section-2 to None, run_after=None
[2024-10-08 16:42:28,177] {processor.py:161} INFO - Processing /home/kennedy/KR/Programação/00.Estudos/DataEng/Alura/airflow-executores/venv/lib/python3.9/site-packages/airflow/example_dags/example_subdag_operator.py took 0.220 seconds
[2024-10-08 16:43:54,955] {processor.py:153} INFO - Started process (PID=18253) to work on /home/kennedy/KR/Programação/00.Estudos/DataEng/Alura/airflow-executores/venv/lib/python3.9/site-packages/airflow/example_dags/example_subdag_operator.py
[2024-10-08 16:43:55,142] {processor.py:641} INFO - Processing file /home/kennedy/KR/Programação/00.Estudos/DataEng/Alura/airflow-executores/venv/lib/python3.9/site-packages/airflow/example_dags/example_subdag_operator.py for tasks to queue
[2024-10-08 16:43:55,143] {logging_mixin.py:115} INFO - [2024-10-08 16:43:55,143] {dagbag.py:507} INFO - Filling up the DagBag from /home/kennedy/KR/Programação/00.Estudos/DataEng/Alura/airflow-executores/venv/lib/python3.9/site-packages/airflow/example_dags/example_subdag_operator.py
[2024-10-08 16:43:55,181] {processor.py:651} INFO - DAG(s) dict_keys(['example_subdag_operator.section-1', 'example_subdag_operator.section-2', 'example_subdag_operator']) retrieved from /home/kennedy/KR/Programação/00.Estudos/DataEng/Alura/airflow-executores/venv/lib/python3.9/site-packages/airflow/example_dags/example_subdag_operator.py
[2024-10-08 16:43:55,198] {logging_mixin.py:115} INFO - [2024-10-08 16:43:55,198] {dag.py:2379} INFO - Sync 3 DAGs
[2024-10-08 16:43:55,210] {logging_mixin.py:115} INFO - [2024-10-08 16:43:55,210] {dag.py:2927} INFO - Setting next_dagrun for example_subdag_operator to 2022-01-01T00:00:00+00:00, run_after=2022-01-01T00:00:00+00:00
[2024-10-08 16:43:55,210] {logging_mixin.py:115} INFO - [2024-10-08 16:43:55,210] {dag.py:2927} INFO - Setting next_dagrun for example_subdag_operator.section-1 to None, run_after=None
[2024-10-08 16:43:55,210] {logging_mixin.py:115} INFO - [2024-10-08 16:43:55,210] {dag.py:2927} INFO - Setting next_dagrun for example_subdag_operator.section-2 to None, run_after=None
[2024-10-08 16:43:55,214] {logging_mixin.py:115} INFO - [2024-10-08 16:43:55,214] {dag.py:2379} INFO - Sync 2 DAGs
[2024-10-08 16:43:55,217] {logging_mixin.py:115} INFO - [2024-10-08 16:43:55,216] {dag.py:2927} INFO - Setting next_dagrun for example_subdag_operator.section-1 to None, run_after=None
[2024-10-08 16:43:55,217] {logging_mixin.py:115} INFO - [2024-10-08 16:43:55,217] {dag.py:2927} INFO - Setting next_dagrun for example_subdag_operator.section-2 to None, run_after=None
[2024-10-08 16:43:55,421] {processor.py:161} INFO - Processing /home/kennedy/KR/Programação/00.Estudos/DataEng/Alura/airflow-executores/venv/lib/python3.9/site-packages/airflow/example_dags/example_subdag_operator.py took 0.472 seconds
[2024-10-08 16:45:27,837] {processor.py:153} INFO - Started process (PID=18341) to work on /home/kennedy/KR/Programação/00.Estudos/DataEng/Alura/airflow-executores/venv/lib/python3.9/site-packages/airflow/example_dags/example_subdag_operator.py
[2024-10-08 16:45:27,858] {processor.py:641} INFO - Processing file /home/kennedy/KR/Programação/00.Estudos/DataEng/Alura/airflow-executores/venv/lib/python3.9/site-packages/airflow/example_dags/example_subdag_operator.py for tasks to queue
[2024-10-08 16:45:27,859] {logging_mixin.py:115} INFO - [2024-10-08 16:45:27,859] {dagbag.py:507} INFO - Filling up the DagBag from /home/kennedy/KR/Programação/00.Estudos/DataEng/Alura/airflow-executores/venv/lib/python3.9/site-packages/airflow/example_dags/example_subdag_operator.py
[2024-10-08 16:45:27,895] {processor.py:651} INFO - DAG(s) dict_keys(['example_subdag_operator.section-1', 'example_subdag_operator.section-2', 'example_subdag_operator']) retrieved from /home/kennedy/KR/Programação/00.Estudos/DataEng/Alura/airflow-executores/venv/lib/python3.9/site-packages/airflow/example_dags/example_subdag_operator.py
[2024-10-08 16:45:27,911] {logging_mixin.py:115} INFO - [2024-10-08 16:45:27,911] {dag.py:2379} INFO - Sync 3 DAGs
[2024-10-08 16:45:27,923] {logging_mixin.py:115} INFO - [2024-10-08 16:45:27,923] {dag.py:2927} INFO - Setting next_dagrun for example_subdag_operator to 2022-01-01T00:00:00+00:00, run_after=2022-01-01T00:00:00+00:00
[2024-10-08 16:45:27,923] {logging_mixin.py:115} INFO - [2024-10-08 16:45:27,923] {dag.py:2927} INFO - Setting next_dagrun for example_subdag_operator.section-1 to None, run_after=None
[2024-10-08 16:45:27,923] {logging_mixin.py:115} INFO - [2024-10-08 16:45:27,923] {dag.py:2927} INFO - Setting next_dagrun for example_subdag_operator.section-2 to None, run_after=None
[2024-10-08 16:45:27,927] {logging_mixin.py:115} INFO - [2024-10-08 16:45:27,927] {dag.py:2379} INFO - Sync 2 DAGs
[2024-10-08 16:45:27,929] {logging_mixin.py:115} INFO - [2024-10-08 16:45:27,929] {dag.py:2927} INFO - Setting next_dagrun for example_subdag_operator.section-1 to None, run_after=None
[2024-10-08 16:45:27,929] {logging_mixin.py:115} INFO - [2024-10-08 16:45:27,929] {dag.py:2927} INFO - Setting next_dagrun for example_subdag_operator.section-2 to None, run_after=None
[2024-10-08 16:45:28,023] {processor.py:161} INFO - Processing /home/kennedy/KR/Programação/00.Estudos/DataEng/Alura/airflow-executores/venv/lib/python3.9/site-packages/airflow/example_dags/example_subdag_operator.py took 0.188 seconds
[2024-10-08 16:46:28,932] {processor.py:153} INFO - Started process (PID=18931) to work on /home/kennedy/KR/Programação/00.Estudos/DataEng/Alura/airflow-executores/venv/lib/python3.9/site-packages/airflow/example_dags/example_subdag_operator.py
[2024-10-08 16:46:29,485] {processor.py:641} INFO - Processing file /home/kennedy/KR/Programação/00.Estudos/DataEng/Alura/airflow-executores/venv/lib/python3.9/site-packages/airflow/example_dags/example_subdag_operator.py for tasks to queue
[2024-10-08 16:46:29,486] {logging_mixin.py:115} INFO - [2024-10-08 16:46:29,486] {dagbag.py:507} INFO - Filling up the DagBag from /home/kennedy/KR/Programação/00.Estudos/DataEng/Alura/airflow-executores/venv/lib/python3.9/site-packages/airflow/example_dags/example_subdag_operator.py
[2024-10-08 16:46:29,611] {processor.py:651} INFO - DAG(s) dict_keys(['example_subdag_operator.section-1', 'example_subdag_operator.section-2', 'example_subdag_operator']) retrieved from /home/kennedy/KR/Programação/00.Estudos/DataEng/Alura/airflow-executores/venv/lib/python3.9/site-packages/airflow/example_dags/example_subdag_operator.py
[2024-10-08 16:46:29,641] {logging_mixin.py:115} INFO - [2024-10-08 16:46:29,641] {dag.py:2379} INFO - Sync 3 DAGs
[2024-10-08 16:46:29,655] {logging_mixin.py:115} INFO - [2024-10-08 16:46:29,655] {dag.py:2927} INFO - Setting next_dagrun for example_subdag_operator to 2022-01-01T00:00:00+00:00, run_after=2022-01-01T00:00:00+00:00
[2024-10-08 16:46:29,655] {logging_mixin.py:115} INFO - [2024-10-08 16:46:29,655] {dag.py:2927} INFO - Setting next_dagrun for example_subdag_operator.section-1 to None, run_after=None
[2024-10-08 16:46:29,655] {logging_mixin.py:115} INFO - [2024-10-08 16:46:29,655] {dag.py:2927} INFO - Setting next_dagrun for example_subdag_operator.section-2 to None, run_after=None
[2024-10-08 16:46:29,659] {logging_mixin.py:115} INFO - [2024-10-08 16:46:29,658] {dag.py:2379} INFO - Sync 2 DAGs
[2024-10-08 16:46:29,661] {logging_mixin.py:115} INFO - [2024-10-08 16:46:29,661] {dag.py:2927} INFO - Setting next_dagrun for example_subdag_operator.section-1 to None, run_after=None
[2024-10-08 16:46:29,661] {logging_mixin.py:115} INFO - [2024-10-08 16:46:29,661] {dag.py:2927} INFO - Setting next_dagrun for example_subdag_operator.section-2 to None, run_after=None
[2024-10-08 16:46:29,734] {processor.py:161} INFO - Processing /home/kennedy/KR/Programação/00.Estudos/DataEng/Alura/airflow-executores/venv/lib/python3.9/site-packages/airflow/example_dags/example_subdag_operator.py took 0.809 seconds
[2024-10-08 16:47:49,526] {processor.py:153} INFO - Started process (PID=19188) to work on /home/kennedy/KR/Programação/00.Estudos/DataEng/Alura/airflow-executores/venv/lib/python3.9/site-packages/airflow/example_dags/example_subdag_operator.py
[2024-10-08 16:47:49,565] {processor.py:641} INFO - Processing file /home/kennedy/KR/Programação/00.Estudos/DataEng/Alura/airflow-executores/venv/lib/python3.9/site-packages/airflow/example_dags/example_subdag_operator.py for tasks to queue
[2024-10-08 16:47:49,566] {logging_mixin.py:115} INFO - [2024-10-08 16:47:49,566] {dagbag.py:507} INFO - Filling up the DagBag from /home/kennedy/KR/Programação/00.Estudos/DataEng/Alura/airflow-executores/venv/lib/python3.9/site-packages/airflow/example_dags/example_subdag_operator.py
[2024-10-08 16:47:49,603] {processor.py:651} INFO - DAG(s) dict_keys(['example_subdag_operator.section-1', 'example_subdag_operator.section-2', 'example_subdag_operator']) retrieved from /home/kennedy/KR/Programação/00.Estudos/DataEng/Alura/airflow-executores/venv/lib/python3.9/site-packages/airflow/example_dags/example_subdag_operator.py
[2024-10-08 16:47:49,619] {logging_mixin.py:115} INFO - [2024-10-08 16:47:49,619] {dag.py:2379} INFO - Sync 3 DAGs
[2024-10-08 16:47:49,630] {logging_mixin.py:115} INFO - [2024-10-08 16:47:49,630] {dag.py:2927} INFO - Setting next_dagrun for example_subdag_operator to 2022-01-01T00:00:00+00:00, run_after=2022-01-01T00:00:00+00:00
[2024-10-08 16:47:49,631] {logging_mixin.py:115} INFO - [2024-10-08 16:47:49,631] {dag.py:2927} INFO - Setting next_dagrun for example_subdag_operator.section-1 to None, run_after=None
[2024-10-08 16:47:49,631] {logging_mixin.py:115} INFO - [2024-10-08 16:47:49,631] {dag.py:2927} INFO - Setting next_dagrun for example_subdag_operator.section-2 to None, run_after=None
[2024-10-08 16:47:49,635] {logging_mixin.py:115} INFO - [2024-10-08 16:47:49,635] {dag.py:2379} INFO - Sync 2 DAGs
[2024-10-08 16:47:49,637] {logging_mixin.py:115} INFO - [2024-10-08 16:47:49,637] {dag.py:2927} INFO - Setting next_dagrun for example_subdag_operator.section-1 to None, run_after=None
[2024-10-08 16:47:49,638] {logging_mixin.py:115} INFO - [2024-10-08 16:47:49,637] {dag.py:2927} INFO - Setting next_dagrun for example_subdag_operator.section-2 to None, run_after=None
[2024-10-08 16:47:50,266] {processor.py:161} INFO - Processing /home/kennedy/KR/Programação/00.Estudos/DataEng/Alura/airflow-executores/venv/lib/python3.9/site-packages/airflow/example_dags/example_subdag_operator.py took 0.747 seconds
[2024-10-08 16:48:49,934] {processor.py:153} INFO - Started process (PID=19263) to work on /home/kennedy/KR/Programação/00.Estudos/DataEng/Alura/airflow-executores/venv/lib/python3.9/site-packages/airflow/example_dags/example_subdag_operator.py
[2024-10-08 16:48:49,935] {processor.py:641} INFO - Processing file /home/kennedy/KR/Programação/00.Estudos/DataEng/Alura/airflow-executores/venv/lib/python3.9/site-packages/airflow/example_dags/example_subdag_operator.py for tasks to queue
[2024-10-08 16:48:49,937] {logging_mixin.py:115} INFO - [2024-10-08 16:48:49,936] {dagbag.py:507} INFO - Filling up the DagBag from /home/kennedy/KR/Programação/00.Estudos/DataEng/Alura/airflow-executores/venv/lib/python3.9/site-packages/airflow/example_dags/example_subdag_operator.py
[2024-10-08 16:48:49,967] {processor.py:651} INFO - DAG(s) dict_keys(['example_subdag_operator.section-1', 'example_subdag_operator.section-2', 'example_subdag_operator']) retrieved from /home/kennedy/KR/Programação/00.Estudos/DataEng/Alura/airflow-executores/venv/lib/python3.9/site-packages/airflow/example_dags/example_subdag_operator.py
[2024-10-08 16:48:49,982] {logging_mixin.py:115} INFO - [2024-10-08 16:48:49,982] {dag.py:2379} INFO - Sync 3 DAGs
[2024-10-08 16:48:49,994] {logging_mixin.py:115} INFO - [2024-10-08 16:48:49,994] {dag.py:2927} INFO - Setting next_dagrun for example_subdag_operator to 2022-01-01T00:00:00+00:00, run_after=2022-01-01T00:00:00+00:00
[2024-10-08 16:48:49,994] {logging_mixin.py:115} INFO - [2024-10-08 16:48:49,994] {dag.py:2927} INFO - Setting next_dagrun for example_subdag_operator.section-1 to None, run_after=None
[2024-10-08 16:48:49,994] {logging_mixin.py:115} INFO - [2024-10-08 16:48:49,994] {dag.py:2927} INFO - Setting next_dagrun for example_subdag_operator.section-2 to None, run_after=None
[2024-10-08 16:48:49,999] {logging_mixin.py:115} INFO - [2024-10-08 16:48:49,999] {dag.py:2379} INFO - Sync 2 DAGs
[2024-10-08 16:48:50,002] {logging_mixin.py:115} INFO - [2024-10-08 16:48:50,002] {dag.py:2927} INFO - Setting next_dagrun for example_subdag_operator.section-1 to None, run_after=None
[2024-10-08 16:48:50,003] {logging_mixin.py:115} INFO - [2024-10-08 16:48:50,003] {dag.py:2927} INFO - Setting next_dagrun for example_subdag_operator.section-2 to None, run_after=None
[2024-10-08 16:48:50,071] {processor.py:161} INFO - Processing /home/kennedy/KR/Programação/00.Estudos/DataEng/Alura/airflow-executores/venv/lib/python3.9/site-packages/airflow/example_dags/example_subdag_operator.py took 0.144 seconds
[2024-10-08 16:50:45,174] {processor.py:153} INFO - Started process (PID=19896) to work on /home/kennedy/KR/Programação/00.Estudos/DataEng/Alura/airflow-executores/venv/lib/python3.9/site-packages/airflow/example_dags/example_subdag_operator.py
[2024-10-08 16:50:45,362] {processor.py:641} INFO - Processing file /home/kennedy/KR/Programação/00.Estudos/DataEng/Alura/airflow-executores/venv/lib/python3.9/site-packages/airflow/example_dags/example_subdag_operator.py for tasks to queue
[2024-10-08 16:50:45,365] {logging_mixin.py:115} INFO - [2024-10-08 16:50:45,364] {dagbag.py:507} INFO - Filling up the DagBag from /home/kennedy/KR/Programação/00.Estudos/DataEng/Alura/airflow-executores/venv/lib/python3.9/site-packages/airflow/example_dags/example_subdag_operator.py
[2024-10-08 16:50:45,797] {processor.py:651} INFO - DAG(s) dict_keys(['example_subdag_operator.section-1', 'example_subdag_operator.section-2', 'example_subdag_operator']) retrieved from /home/kennedy/KR/Programação/00.Estudos/DataEng/Alura/airflow-executores/venv/lib/python3.9/site-packages/airflow/example_dags/example_subdag_operator.py
[2024-10-08 16:50:46,004] {logging_mixin.py:115} INFO - [2024-10-08 16:50:46,004] {dag.py:2379} INFO - Sync 3 DAGs
[2024-10-08 16:50:46,039] {logging_mixin.py:115} INFO - [2024-10-08 16:50:46,039] {dag.py:2927} INFO - Setting next_dagrun for example_subdag_operator to 2022-01-01T00:00:00+00:00, run_after=2022-01-01T00:00:00+00:00
[2024-10-08 16:50:46,040] {logging_mixin.py:115} INFO - [2024-10-08 16:50:46,040] {dag.py:2927} INFO - Setting next_dagrun for example_subdag_operator.section-1 to None, run_after=None
[2024-10-08 16:50:46,040] {logging_mixin.py:115} INFO - [2024-10-08 16:50:46,040] {dag.py:2927} INFO - Setting next_dagrun for example_subdag_operator.section-2 to None, run_after=None
[2024-10-08 16:50:46,053] {logging_mixin.py:115} INFO - [2024-10-08 16:50:46,052] {dag.py:2379} INFO - Sync 2 DAGs
[2024-10-08 16:50:46,060] {logging_mixin.py:115} INFO - [2024-10-08 16:50:46,060] {dag.py:2927} INFO - Setting next_dagrun for example_subdag_operator.section-1 to None, run_after=None
[2024-10-08 16:50:46,060] {logging_mixin.py:115} INFO - [2024-10-08 16:50:46,060] {dag.py:2927} INFO - Setting next_dagrun for example_subdag_operator.section-2 to None, run_after=None
[2024-10-08 16:50:46,206] {processor.py:161} INFO - Processing /home/kennedy/KR/Programação/00.Estudos/DataEng/Alura/airflow-executores/venv/lib/python3.9/site-packages/airflow/example_dags/example_subdag_operator.py took 1.037 seconds
[2024-10-08 17:09:22,161] {processor.py:153} INFO - Started process (PID=30941) to work on /home/kennedy/KR/Programação/00.Estudos/DataEng/Alura/airflow-executores/venv/lib/python3.9/site-packages/airflow/example_dags/example_subdag_operator.py
[2024-10-08 17:09:22,162] {processor.py:641} INFO - Processing file /home/kennedy/KR/Programação/00.Estudos/DataEng/Alura/airflow-executores/venv/lib/python3.9/site-packages/airflow/example_dags/example_subdag_operator.py for tasks to queue
[2024-10-08 17:09:22,163] {logging_mixin.py:115} INFO - [2024-10-08 17:09:22,162] {dagbag.py:507} INFO - Filling up the DagBag from /home/kennedy/KR/Programação/00.Estudos/DataEng/Alura/airflow-executores/venv/lib/python3.9/site-packages/airflow/example_dags/example_subdag_operator.py
[2024-10-08 17:09:22,180] {processor.py:651} INFO - DAG(s) dict_keys(['example_subdag_operator.section-1', 'example_subdag_operator.section-2', 'example_subdag_operator']) retrieved from /home/kennedy/KR/Programação/00.Estudos/DataEng/Alura/airflow-executores/venv/lib/python3.9/site-packages/airflow/example_dags/example_subdag_operator.py
[2024-10-08 17:09:22,196] {logging_mixin.py:115} INFO - [2024-10-08 17:09:22,196] {dag.py:2379} INFO - Sync 3 DAGs
[2024-10-08 17:09:22,208] {logging_mixin.py:115} INFO - [2024-10-08 17:09:22,208] {dag.py:2927} INFO - Setting next_dagrun for example_subdag_operator to 2022-01-01T00:00:00+00:00, run_after=2022-01-01T00:00:00+00:00
[2024-10-08 17:09:22,209] {logging_mixin.py:115} INFO - [2024-10-08 17:09:22,209] {dag.py:2927} INFO - Setting next_dagrun for example_subdag_operator.section-1 to None, run_after=None
[2024-10-08 17:09:22,209] {logging_mixin.py:115} INFO - [2024-10-08 17:09:22,209] {dag.py:2927} INFO - Setting next_dagrun for example_subdag_operator.section-2 to None, run_after=None
[2024-10-08 17:09:22,212] {logging_mixin.py:115} INFO - [2024-10-08 17:09:22,212] {dag.py:2379} INFO - Sync 2 DAGs
[2024-10-08 17:09:22,215] {logging_mixin.py:115} INFO - [2024-10-08 17:09:22,215] {dag.py:2927} INFO - Setting next_dagrun for example_subdag_operator.section-1 to None, run_after=None
[2024-10-08 17:09:22,215] {logging_mixin.py:115} INFO - [2024-10-08 17:09:22,215] {dag.py:2927} INFO - Setting next_dagrun for example_subdag_operator.section-2 to None, run_after=None
[2024-10-08 17:09:22,294] {processor.py:161} INFO - Processing /home/kennedy/KR/Programação/00.Estudos/DataEng/Alura/airflow-executores/venv/lib/python3.9/site-packages/airflow/example_dags/example_subdag_operator.py took 0.136 seconds
[2024-10-08 17:20:34,890] {processor.py:153} INFO - Started process (PID=38456) to work on /home/kennedy/KR/Programação/00.Estudos/DataEng/Alura/airflow-executores/venv/lib/python3.9/site-packages/airflow/example_dags/example_subdag_operator.py
[2024-10-08 17:20:34,900] {processor.py:641} INFO - Processing file /home/kennedy/KR/Programação/00.Estudos/DataEng/Alura/airflow-executores/venv/lib/python3.9/site-packages/airflow/example_dags/example_subdag_operator.py for tasks to queue
[2024-10-08 17:20:34,900] {logging_mixin.py:115} INFO - [2024-10-08 17:20:34,900] {dagbag.py:507} INFO - Filling up the DagBag from /home/kennedy/KR/Programação/00.Estudos/DataEng/Alura/airflow-executores/venv/lib/python3.9/site-packages/airflow/example_dags/example_subdag_operator.py
[2024-10-08 17:20:34,916] {processor.py:651} INFO - DAG(s) dict_keys(['example_subdag_operator.section-1', 'example_subdag_operator.section-2', 'example_subdag_operator']) retrieved from /home/kennedy/KR/Programação/00.Estudos/DataEng/Alura/airflow-executores/venv/lib/python3.9/site-packages/airflow/example_dags/example_subdag_operator.py
[2024-10-08 17:20:34,933] {logging_mixin.py:115} INFO - [2024-10-08 17:20:34,932] {dag.py:2379} INFO - Sync 3 DAGs
[2024-10-08 17:20:34,948] {logging_mixin.py:115} INFO - [2024-10-08 17:20:34,948] {dag.py:2927} INFO - Setting next_dagrun for example_subdag_operator to 2022-01-01T00:00:00+00:00, run_after=2022-01-01T00:00:00+00:00
[2024-10-08 17:20:34,948] {logging_mixin.py:115} INFO - [2024-10-08 17:20:34,948] {dag.py:2927} INFO - Setting next_dagrun for example_subdag_operator.section-1 to None, run_after=None
[2024-10-08 17:20:34,949] {logging_mixin.py:115} INFO - [2024-10-08 17:20:34,949] {dag.py:2927} INFO - Setting next_dagrun for example_subdag_operator.section-2 to None, run_after=None
[2024-10-08 17:20:34,955] {logging_mixin.py:115} INFO - [2024-10-08 17:20:34,954] {dag.py:2379} INFO - Sync 2 DAGs
[2024-10-08 17:20:34,959] {logging_mixin.py:115} INFO - [2024-10-08 17:20:34,959] {dag.py:2927} INFO - Setting next_dagrun for example_subdag_operator.section-1 to None, run_after=None
[2024-10-08 17:20:34,959] {logging_mixin.py:115} INFO - [2024-10-08 17:20:34,959] {dag.py:2927} INFO - Setting next_dagrun for example_subdag_operator.section-2 to None, run_after=None
[2024-10-08 17:20:35,077] {processor.py:161} INFO - Processing /home/kennedy/KR/Programação/00.Estudos/DataEng/Alura/airflow-executores/venv/lib/python3.9/site-packages/airflow/example_dags/example_subdag_operator.py took 0.189 seconds
