[2024-10-08 13:24:37,402] {processor.py:153} INFO - Started process (PID=37680) to work on /home/kennedy/KR/Programação/00.Estudos/DataEng/Alura/airflow-executores/venv/lib/python3.9/site-packages/airflow/example_dags/example_branch_labels.py
[2024-10-08 13:24:37,403] {processor.py:641} INFO - Processing file /home/kennedy/KR/Programação/00.Estudos/DataEng/Alura/airflow-executores/venv/lib/python3.9/site-packages/airflow/example_dags/example_branch_labels.py for tasks to queue
[2024-10-08 13:24:37,404] {logging_mixin.py:115} INFO - [2024-10-08 13:24:37,404] {dagbag.py:507} INFO - Filling up the DagBag from /home/kennedy/KR/Programação/00.Estudos/DataEng/Alura/airflow-executores/venv/lib/python3.9/site-packages/airflow/example_dags/example_branch_labels.py
[2024-10-08 13:24:37,415] {processor.py:651} INFO - DAG(s) dict_keys(['example_branch_labels']) retrieved from /home/kennedy/KR/Programação/00.Estudos/DataEng/Alura/airflow-executores/venv/lib/python3.9/site-packages/airflow/example_dags/example_branch_labels.py
[2024-10-08 13:24:39,326] {logging_mixin.py:115} INFO - [2024-10-08 13:24:39,325] {manager.py:508} INFO - Created Permission View: can delete on DAG:example_branch_labels
[2024-10-08 13:24:40,093] {logging_mixin.py:115} INFO - [2024-10-08 13:24:40,093] {manager.py:508} INFO - Created Permission View: can read on DAG:example_branch_labels
[2024-10-08 13:24:40,394] {logging_mixin.py:115} INFO - [2024-10-08 13:24:40,394] {manager.py:508} INFO - Created Permission View: can edit on DAG:example_branch_labels
[2024-10-08 13:24:40,395] {logging_mixin.py:115} INFO - [2024-10-08 13:24:40,395] {dag.py:2379} INFO - Sync 1 DAGs
[2024-10-08 13:24:40,407] {logging_mixin.py:115} INFO - [2024-10-08 13:24:40,407] {dag.py:2398} INFO - Creating ORM DAG for example_branch_labels
[2024-10-08 13:24:40,425] {logging_mixin.py:115} INFO - [2024-10-08 13:24:40,425] {dag.py:2927} INFO - Setting next_dagrun for example_branch_labels to 2024-10-07T00:00:00+00:00, run_after=2024-10-08T00:00:00+00:00
[2024-10-08 13:24:40,669] {processor.py:161} INFO - Processing /home/kennedy/KR/Programação/00.Estudos/DataEng/Alura/airflow-executores/venv/lib/python3.9/site-packages/airflow/example_dags/example_branch_labels.py took 3.272 seconds
[2024-10-08 13:26:09,950] {processor.py:153} INFO - Started process (PID=37810) to work on /home/kennedy/KR/Programação/00.Estudos/DataEng/Alura/airflow-executores/venv/lib/python3.9/site-packages/airflow/example_dags/example_branch_labels.py
[2024-10-08 13:26:10,031] {processor.py:641} INFO - Processing file /home/kennedy/KR/Programação/00.Estudos/DataEng/Alura/airflow-executores/venv/lib/python3.9/site-packages/airflow/example_dags/example_branch_labels.py for tasks to queue
[2024-10-08 13:26:10,032] {logging_mixin.py:115} INFO - [2024-10-08 13:26:10,032] {dagbag.py:507} INFO - Filling up the DagBag from /home/kennedy/KR/Programação/00.Estudos/DataEng/Alura/airflow-executores/venv/lib/python3.9/site-packages/airflow/example_dags/example_branch_labels.py
[2024-10-08 13:26:10,046] {processor.py:651} INFO - DAG(s) dict_keys(['example_branch_labels']) retrieved from /home/kennedy/KR/Programação/00.Estudos/DataEng/Alura/airflow-executores/venv/lib/python3.9/site-packages/airflow/example_dags/example_branch_labels.py
[2024-10-08 13:26:10,071] {logging_mixin.py:115} INFO - [2024-10-08 13:26:10,071] {dag.py:2379} INFO - Sync 1 DAGs
[2024-10-08 13:26:10,087] {logging_mixin.py:115} INFO - [2024-10-08 13:26:10,086] {dag.py:2927} INFO - Setting next_dagrun for example_branch_labels to 2024-10-07T00:00:00+00:00, run_after=2024-10-08T00:00:00+00:00
[2024-10-08 13:26:10,391] {processor.py:161} INFO - Processing /home/kennedy/KR/Programação/00.Estudos/DataEng/Alura/airflow-executores/venv/lib/python3.9/site-packages/airflow/example_dags/example_branch_labels.py took 0.447 seconds
[2024-10-08 13:27:21,485] {processor.py:153} INFO - Started process (PID=37959) to work on /home/kennedy/KR/Programação/00.Estudos/DataEng/Alura/airflow-executores/venv/lib/python3.9/site-packages/airflow/example_dags/example_branch_labels.py
[2024-10-08 13:27:21,517] {processor.py:641} INFO - Processing file /home/kennedy/KR/Programação/00.Estudos/DataEng/Alura/airflow-executores/venv/lib/python3.9/site-packages/airflow/example_dags/example_branch_labels.py for tasks to queue
[2024-10-08 13:27:21,517] {logging_mixin.py:115} INFO - [2024-10-08 13:27:21,517] {dagbag.py:507} INFO - Filling up the DagBag from /home/kennedy/KR/Programação/00.Estudos/DataEng/Alura/airflow-executores/venv/lib/python3.9/site-packages/airflow/example_dags/example_branch_labels.py
[2024-10-08 13:27:21,522] {processor.py:651} INFO - DAG(s) dict_keys(['example_branch_labels']) retrieved from /home/kennedy/KR/Programação/00.Estudos/DataEng/Alura/airflow-executores/venv/lib/python3.9/site-packages/airflow/example_dags/example_branch_labels.py
[2024-10-08 13:27:21,535] {logging_mixin.py:115} INFO - [2024-10-08 13:27:21,535] {dag.py:2379} INFO - Sync 1 DAGs
[2024-10-08 13:27:21,550] {logging_mixin.py:115} INFO - [2024-10-08 13:27:21,550] {dag.py:2927} INFO - Setting next_dagrun for example_branch_labels to 2024-10-07T00:00:00+00:00, run_after=2024-10-08T00:00:00+00:00
[2024-10-08 13:27:22,679] {processor.py:161} INFO - Processing /home/kennedy/KR/Programação/00.Estudos/DataEng/Alura/airflow-executores/venv/lib/python3.9/site-packages/airflow/example_dags/example_branch_labels.py took 1.200 seconds
[2024-10-08 13:28:42,285] {processor.py:153} INFO - Started process (PID=38093) to work on /home/kennedy/KR/Programação/00.Estudos/DataEng/Alura/airflow-executores/venv/lib/python3.9/site-packages/airflow/example_dags/example_branch_labels.py
[2024-10-08 13:28:42,458] {processor.py:641} INFO - Processing file /home/kennedy/KR/Programação/00.Estudos/DataEng/Alura/airflow-executores/venv/lib/python3.9/site-packages/airflow/example_dags/example_branch_labels.py for tasks to queue
[2024-10-08 13:28:42,459] {logging_mixin.py:115} INFO - [2024-10-08 13:28:42,459] {dagbag.py:507} INFO - Filling up the DagBag from /home/kennedy/KR/Programação/00.Estudos/DataEng/Alura/airflow-executores/venv/lib/python3.9/site-packages/airflow/example_dags/example_branch_labels.py
[2024-10-08 13:28:42,474] {processor.py:651} INFO - DAG(s) dict_keys(['example_branch_labels']) retrieved from /home/kennedy/KR/Programação/00.Estudos/DataEng/Alura/airflow-executores/venv/lib/python3.9/site-packages/airflow/example_dags/example_branch_labels.py
[2024-10-08 13:28:42,500] {logging_mixin.py:115} INFO - [2024-10-08 13:28:42,500] {dag.py:2379} INFO - Sync 1 DAGs
[2024-10-08 13:28:42,516] {logging_mixin.py:115} INFO - [2024-10-08 13:28:42,515] {dag.py:2927} INFO - Setting next_dagrun for example_branch_labels to 2024-10-07T00:00:00+00:00, run_after=2024-10-08T00:00:00+00:00
[2024-10-08 13:28:42,733] {processor.py:161} INFO - Processing /home/kennedy/KR/Programação/00.Estudos/DataEng/Alura/airflow-executores/venv/lib/python3.9/site-packages/airflow/example_dags/example_branch_labels.py took 0.455 seconds
[2024-10-08 13:29:58,518] {processor.py:153} INFO - Started process (PID=38525) to work on /home/kennedy/KR/Programação/00.Estudos/DataEng/Alura/airflow-executores/venv/lib/python3.9/site-packages/airflow/example_dags/example_branch_labels.py
[2024-10-08 13:29:58,625] {processor.py:641} INFO - Processing file /home/kennedy/KR/Programação/00.Estudos/DataEng/Alura/airflow-executores/venv/lib/python3.9/site-packages/airflow/example_dags/example_branch_labels.py for tasks to queue
[2024-10-08 13:29:58,627] {logging_mixin.py:115} INFO - [2024-10-08 13:29:58,627] {dagbag.py:507} INFO - Filling up the DagBag from /home/kennedy/KR/Programação/00.Estudos/DataEng/Alura/airflow-executores/venv/lib/python3.9/site-packages/airflow/example_dags/example_branch_labels.py
[2024-10-08 13:29:58,641] {processor.py:651} INFO - DAG(s) dict_keys(['example_branch_labels']) retrieved from /home/kennedy/KR/Programação/00.Estudos/DataEng/Alura/airflow-executores/venv/lib/python3.9/site-packages/airflow/example_dags/example_branch_labels.py
[2024-10-08 13:29:58,676] {logging_mixin.py:115} INFO - [2024-10-08 13:29:58,676] {dag.py:2379} INFO - Sync 1 DAGs
[2024-10-08 13:29:58,696] {logging_mixin.py:115} INFO - [2024-10-08 13:29:58,695] {dag.py:2927} INFO - Setting next_dagrun for example_branch_labels to 2024-10-07T00:00:00+00:00, run_after=2024-10-08T00:00:00+00:00
[2024-10-08 13:29:59,040] {processor.py:161} INFO - Processing /home/kennedy/KR/Programação/00.Estudos/DataEng/Alura/airflow-executores/venv/lib/python3.9/site-packages/airflow/example_dags/example_branch_labels.py took 0.530 seconds
[2024-10-08 13:31:24,498] {processor.py:153} INFO - Started process (PID=38658) to work on /home/kennedy/KR/Programação/00.Estudos/DataEng/Alura/airflow-executores/venv/lib/python3.9/site-packages/airflow/example_dags/example_branch_labels.py
[2024-10-08 13:31:24,701] {processor.py:641} INFO - Processing file /home/kennedy/KR/Programação/00.Estudos/DataEng/Alura/airflow-executores/venv/lib/python3.9/site-packages/airflow/example_dags/example_branch_labels.py for tasks to queue
[2024-10-08 13:31:24,702] {logging_mixin.py:115} INFO - [2024-10-08 13:31:24,702] {dagbag.py:507} INFO - Filling up the DagBag from /home/kennedy/KR/Programação/00.Estudos/DataEng/Alura/airflow-executores/venv/lib/python3.9/site-packages/airflow/example_dags/example_branch_labels.py
[2024-10-08 13:31:24,717] {processor.py:651} INFO - DAG(s) dict_keys(['example_branch_labels']) retrieved from /home/kennedy/KR/Programação/00.Estudos/DataEng/Alura/airflow-executores/venv/lib/python3.9/site-packages/airflow/example_dags/example_branch_labels.py
[2024-10-08 13:31:24,754] {logging_mixin.py:115} INFO - [2024-10-08 13:31:24,754] {dag.py:2379} INFO - Sync 1 DAGs
[2024-10-08 13:31:24,778] {logging_mixin.py:115} INFO - [2024-10-08 13:31:24,778] {dag.py:2927} INFO - Setting next_dagrun for example_branch_labels to 2024-10-07T00:00:00+00:00, run_after=2024-10-08T00:00:00+00:00
[2024-10-08 13:31:25,426] {processor.py:161} INFO - Processing /home/kennedy/KR/Programação/00.Estudos/DataEng/Alura/airflow-executores/venv/lib/python3.9/site-packages/airflow/example_dags/example_branch_labels.py took 0.936 seconds
[2024-10-08 13:32:31,367] {processor.py:153} INFO - Started process (PID=38823) to work on /home/kennedy/KR/Programação/00.Estudos/DataEng/Alura/airflow-executores/venv/lib/python3.9/site-packages/airflow/example_dags/example_branch_labels.py
[2024-10-08 13:32:31,463] {processor.py:641} INFO - Processing file /home/kennedy/KR/Programação/00.Estudos/DataEng/Alura/airflow-executores/venv/lib/python3.9/site-packages/airflow/example_dags/example_branch_labels.py for tasks to queue
[2024-10-08 13:32:31,464] {logging_mixin.py:115} INFO - [2024-10-08 13:32:31,464] {dagbag.py:507} INFO - Filling up the DagBag from /home/kennedy/KR/Programação/00.Estudos/DataEng/Alura/airflow-executores/venv/lib/python3.9/site-packages/airflow/example_dags/example_branch_labels.py
[2024-10-08 13:32:31,478] {processor.py:651} INFO - DAG(s) dict_keys(['example_branch_labels']) retrieved from /home/kennedy/KR/Programação/00.Estudos/DataEng/Alura/airflow-executores/venv/lib/python3.9/site-packages/airflow/example_dags/example_branch_labels.py
[2024-10-08 13:32:31,526] {logging_mixin.py:115} INFO - [2024-10-08 13:32:31,526] {dag.py:2379} INFO - Sync 1 DAGs
[2024-10-08 13:32:31,564] {logging_mixin.py:115} INFO - [2024-10-08 13:32:31,564] {dag.py:2927} INFO - Setting next_dagrun for example_branch_labels to 2024-10-07T00:00:00+00:00, run_after=2024-10-08T00:00:00+00:00
[2024-10-08 13:32:33,143] {processor.py:161} INFO - Processing /home/kennedy/KR/Programação/00.Estudos/DataEng/Alura/airflow-executores/venv/lib/python3.9/site-packages/airflow/example_dags/example_branch_labels.py took 1.783 seconds
[2024-10-08 13:33:52,074] {processor.py:153} INFO - Started process (PID=38934) to work on /home/kennedy/KR/Programação/00.Estudos/DataEng/Alura/airflow-executores/venv/lib/python3.9/site-packages/airflow/example_dags/example_branch_labels.py
[2024-10-08 13:33:52,232] {processor.py:641} INFO - Processing file /home/kennedy/KR/Programação/00.Estudos/DataEng/Alura/airflow-executores/venv/lib/python3.9/site-packages/airflow/example_dags/example_branch_labels.py for tasks to queue
[2024-10-08 13:33:52,233] {logging_mixin.py:115} INFO - [2024-10-08 13:33:52,233] {dagbag.py:507} INFO - Filling up the DagBag from /home/kennedy/KR/Programação/00.Estudos/DataEng/Alura/airflow-executores/venv/lib/python3.9/site-packages/airflow/example_dags/example_branch_labels.py
[2024-10-08 13:33:52,245] {processor.py:651} INFO - DAG(s) dict_keys(['example_branch_labels']) retrieved from /home/kennedy/KR/Programação/00.Estudos/DataEng/Alura/airflow-executores/venv/lib/python3.9/site-packages/airflow/example_dags/example_branch_labels.py
[2024-10-08 13:33:52,287] {logging_mixin.py:115} INFO - [2024-10-08 13:33:52,287] {dag.py:2379} INFO - Sync 1 DAGs
[2024-10-08 13:33:52,310] {logging_mixin.py:115} INFO - [2024-10-08 13:33:52,310] {dag.py:2927} INFO - Setting next_dagrun for example_branch_labels to 2024-10-07T00:00:00+00:00, run_after=2024-10-08T00:00:00+00:00
[2024-10-08 13:33:52,737] {processor.py:161} INFO - Processing /home/kennedy/KR/Programação/00.Estudos/DataEng/Alura/airflow-executores/venv/lib/python3.9/site-packages/airflow/example_dags/example_branch_labels.py took 0.671 seconds
[2024-10-08 16:37:15,173] {processor.py:153} INFO - Started process (PID=16753) to work on /home/kennedy/KR/Programação/00.Estudos/DataEng/Alura/airflow-executores/venv/lib/python3.9/site-packages/airflow/example_dags/example_branch_labels.py
[2024-10-08 16:37:15,174] {processor.py:641} INFO - Processing file /home/kennedy/KR/Programação/00.Estudos/DataEng/Alura/airflow-executores/venv/lib/python3.9/site-packages/airflow/example_dags/example_branch_labels.py for tasks to queue
[2024-10-08 16:37:15,175] {logging_mixin.py:115} INFO - [2024-10-08 16:37:15,174] {dagbag.py:507} INFO - Filling up the DagBag from /home/kennedy/KR/Programação/00.Estudos/DataEng/Alura/airflow-executores/venv/lib/python3.9/site-packages/airflow/example_dags/example_branch_labels.py
[2024-10-08 16:37:15,179] {processor.py:651} INFO - DAG(s) dict_keys(['example_branch_labels']) retrieved from /home/kennedy/KR/Programação/00.Estudos/DataEng/Alura/airflow-executores/venv/lib/python3.9/site-packages/airflow/example_dags/example_branch_labels.py
[2024-10-08 16:37:15,209] {logging_mixin.py:115} INFO - [2024-10-08 16:37:15,209] {dag.py:2379} INFO - Sync 1 DAGs
[2024-10-08 16:37:15,221] {logging_mixin.py:115} INFO - [2024-10-08 16:37:15,221] {dag.py:2927} INFO - Setting next_dagrun for example_branch_labels to 2024-10-07T00:00:00+00:00, run_after=2024-10-08T00:00:00+00:00
[2024-10-08 16:37:15,367] {processor.py:161} INFO - Processing /home/kennedy/KR/Programação/00.Estudos/DataEng/Alura/airflow-executores/venv/lib/python3.9/site-packages/airflow/example_dags/example_branch_labels.py took 0.196 seconds
[2024-10-08 16:38:03,053] {processor.py:153} INFO - Started process (PID=16823) to work on /home/kennedy/KR/Programação/00.Estudos/DataEng/Alura/airflow-executores/venv/lib/python3.9/site-packages/airflow/example_dags/example_branch_labels.py
[2024-10-08 16:38:03,129] {processor.py:641} INFO - Processing file /home/kennedy/KR/Programação/00.Estudos/DataEng/Alura/airflow-executores/venv/lib/python3.9/site-packages/airflow/example_dags/example_branch_labels.py for tasks to queue
[2024-10-08 16:38:03,129] {logging_mixin.py:115} INFO - [2024-10-08 16:38:03,129] {dagbag.py:507} INFO - Filling up the DagBag from /home/kennedy/KR/Programação/00.Estudos/DataEng/Alura/airflow-executores/venv/lib/python3.9/site-packages/airflow/example_dags/example_branch_labels.py
[2024-10-08 16:38:03,139] {processor.py:651} INFO - DAG(s) dict_keys(['example_branch_labels']) retrieved from /home/kennedy/KR/Programação/00.Estudos/DataEng/Alura/airflow-executores/venv/lib/python3.9/site-packages/airflow/example_dags/example_branch_labels.py
[2024-10-08 16:38:03,161] {logging_mixin.py:115} INFO - [2024-10-08 16:38:03,161] {dag.py:2379} INFO - Sync 1 DAGs
[2024-10-08 16:38:03,177] {logging_mixin.py:115} INFO - [2024-10-08 16:38:03,176] {dag.py:2927} INFO - Setting next_dagrun for example_branch_labels to 2024-10-07T00:00:00+00:00, run_after=2024-10-08T00:00:00+00:00
[2024-10-08 16:38:03,409] {processor.py:161} INFO - Processing /home/kennedy/KR/Programação/00.Estudos/DataEng/Alura/airflow-executores/venv/lib/python3.9/site-packages/airflow/example_dags/example_branch_labels.py took 0.359 seconds
[2024-10-08 16:39:47,303] {processor.py:153} INFO - Started process (PID=17523) to work on /home/kennedy/KR/Programação/00.Estudos/DataEng/Alura/airflow-executores/venv/lib/python3.9/site-packages/airflow/example_dags/example_branch_labels.py
[2024-10-08 16:39:47,450] {processor.py:641} INFO - Processing file /home/kennedy/KR/Programação/00.Estudos/DataEng/Alura/airflow-executores/venv/lib/python3.9/site-packages/airflow/example_dags/example_branch_labels.py for tasks to queue
[2024-10-08 16:39:47,451] {logging_mixin.py:115} INFO - [2024-10-08 16:39:47,451] {dagbag.py:507} INFO - Filling up the DagBag from /home/kennedy/KR/Programação/00.Estudos/DataEng/Alura/airflow-executores/venv/lib/python3.9/site-packages/airflow/example_dags/example_branch_labels.py
[2024-10-08 16:39:47,465] {processor.py:651} INFO - DAG(s) dict_keys(['example_branch_labels']) retrieved from /home/kennedy/KR/Programação/00.Estudos/DataEng/Alura/airflow-executores/venv/lib/python3.9/site-packages/airflow/example_dags/example_branch_labels.py
[2024-10-08 16:39:47,493] {logging_mixin.py:115} INFO - [2024-10-08 16:39:47,493] {dag.py:2379} INFO - Sync 1 DAGs
[2024-10-08 16:39:47,512] {logging_mixin.py:115} INFO - [2024-10-08 16:39:47,512] {dag.py:2927} INFO - Setting next_dagrun for example_branch_labels to 2024-10-07T00:00:00+00:00, run_after=2024-10-08T00:00:00+00:00
[2024-10-08 16:39:47,791] {processor.py:161} INFO - Processing /home/kennedy/KR/Programação/00.Estudos/DataEng/Alura/airflow-executores/venv/lib/python3.9/site-packages/airflow/example_dags/example_branch_labels.py took 0.494 seconds
[2024-10-08 16:42:02,303] {processor.py:153} INFO - Started process (PID=18098) to work on /home/kennedy/KR/Programação/00.Estudos/DataEng/Alura/airflow-executores/venv/lib/python3.9/site-packages/airflow/example_dags/example_branch_labels.py
[2024-10-08 16:42:02,305] {processor.py:641} INFO - Processing file /home/kennedy/KR/Programação/00.Estudos/DataEng/Alura/airflow-executores/venv/lib/python3.9/site-packages/airflow/example_dags/example_branch_labels.py for tasks to queue
[2024-10-08 16:42:02,306] {logging_mixin.py:115} INFO - [2024-10-08 16:42:02,306] {dagbag.py:507} INFO - Filling up the DagBag from /home/kennedy/KR/Programação/00.Estudos/DataEng/Alura/airflow-executores/venv/lib/python3.9/site-packages/airflow/example_dags/example_branch_labels.py
[2024-10-08 16:42:02,319] {processor.py:651} INFO - DAG(s) dict_keys(['example_branch_labels']) retrieved from /home/kennedy/KR/Programação/00.Estudos/DataEng/Alura/airflow-executores/venv/lib/python3.9/site-packages/airflow/example_dags/example_branch_labels.py
[2024-10-08 16:42:02,337] {logging_mixin.py:115} INFO - [2024-10-08 16:42:02,337] {dag.py:2379} INFO - Sync 1 DAGs
[2024-10-08 16:42:02,351] {logging_mixin.py:115} INFO - [2024-10-08 16:42:02,351] {dag.py:2927} INFO - Setting next_dagrun for example_branch_labels to 2024-10-07T00:00:00+00:00, run_after=2024-10-08T00:00:00+00:00
[2024-10-08 16:42:03,547] {processor.py:161} INFO - Processing /home/kennedy/KR/Programação/00.Estudos/DataEng/Alura/airflow-executores/venv/lib/python3.9/site-packages/airflow/example_dags/example_branch_labels.py took 1.251 seconds
[2024-10-08 16:43:34,260] {processor.py:153} INFO - Started process (PID=18234) to work on /home/kennedy/KR/Programação/00.Estudos/DataEng/Alura/airflow-executores/venv/lib/python3.9/site-packages/airflow/example_dags/example_branch_labels.py
[2024-10-08 16:43:34,275] {processor.py:641} INFO - Processing file /home/kennedy/KR/Programação/00.Estudos/DataEng/Alura/airflow-executores/venv/lib/python3.9/site-packages/airflow/example_dags/example_branch_labels.py for tasks to queue
[2024-10-08 16:43:34,276] {logging_mixin.py:115} INFO - [2024-10-08 16:43:34,276] {dagbag.py:507} INFO - Filling up the DagBag from /home/kennedy/KR/Programação/00.Estudos/DataEng/Alura/airflow-executores/venv/lib/python3.9/site-packages/airflow/example_dags/example_branch_labels.py
[2024-10-08 16:43:34,289] {processor.py:651} INFO - DAG(s) dict_keys(['example_branch_labels']) retrieved from /home/kennedy/KR/Programação/00.Estudos/DataEng/Alura/airflow-executores/venv/lib/python3.9/site-packages/airflow/example_dags/example_branch_labels.py
[2024-10-08 16:43:34,313] {logging_mixin.py:115} INFO - [2024-10-08 16:43:34,313] {dag.py:2379} INFO - Sync 1 DAGs
[2024-10-08 16:43:34,328] {logging_mixin.py:115} INFO - [2024-10-08 16:43:34,328] {dag.py:2927} INFO - Setting next_dagrun for example_branch_labels to 2024-10-07T00:00:00+00:00, run_after=2024-10-08T00:00:00+00:00
[2024-10-08 16:43:34,502] {processor.py:161} INFO - Processing /home/kennedy/KR/Programação/00.Estudos/DataEng/Alura/airflow-executores/venv/lib/python3.9/site-packages/airflow/example_dags/example_branch_labels.py took 0.248 seconds
[2024-10-08 16:45:04,791] {processor.py:153} INFO - Started process (PID=18320) to work on /home/kennedy/KR/Programação/00.Estudos/DataEng/Alura/airflow-executores/venv/lib/python3.9/site-packages/airflow/example_dags/example_branch_labels.py
[2024-10-08 16:45:04,815] {processor.py:641} INFO - Processing file /home/kennedy/KR/Programação/00.Estudos/DataEng/Alura/airflow-executores/venv/lib/python3.9/site-packages/airflow/example_dags/example_branch_labels.py for tasks to queue
[2024-10-08 16:45:04,817] {logging_mixin.py:115} INFO - [2024-10-08 16:45:04,817] {dagbag.py:507} INFO - Filling up the DagBag from /home/kennedy/KR/Programação/00.Estudos/DataEng/Alura/airflow-executores/venv/lib/python3.9/site-packages/airflow/example_dags/example_branch_labels.py
[2024-10-08 16:45:04,831] {processor.py:651} INFO - DAG(s) dict_keys(['example_branch_labels']) retrieved from /home/kennedy/KR/Programação/00.Estudos/DataEng/Alura/airflow-executores/venv/lib/python3.9/site-packages/airflow/example_dags/example_branch_labels.py
[2024-10-08 16:45:04,855] {logging_mixin.py:115} INFO - [2024-10-08 16:45:04,855] {dag.py:2379} INFO - Sync 1 DAGs
[2024-10-08 16:45:04,872] {logging_mixin.py:115} INFO - [2024-10-08 16:45:04,872] {dag.py:2927} INFO - Setting next_dagrun for example_branch_labels to 2024-10-07T00:00:00+00:00, run_after=2024-10-08T00:00:00+00:00
[2024-10-08 16:45:05,697] {processor.py:161} INFO - Processing /home/kennedy/KR/Programação/00.Estudos/DataEng/Alura/airflow-executores/venv/lib/python3.9/site-packages/airflow/example_dags/example_branch_labels.py took 0.912 seconds
[2024-10-08 16:47:17,547] {processor.py:153} INFO - Started process (PID=19061) to work on /home/kennedy/KR/Programação/00.Estudos/DataEng/Alura/airflow-executores/venv/lib/python3.9/site-packages/airflow/example_dags/example_branch_labels.py
[2024-10-08 16:47:17,557] {processor.py:641} INFO - Processing file /home/kennedy/KR/Programação/00.Estudos/DataEng/Alura/airflow-executores/venv/lib/python3.9/site-packages/airflow/example_dags/example_branch_labels.py for tasks to queue
[2024-10-08 16:47:17,558] {logging_mixin.py:115} INFO - [2024-10-08 16:47:17,558] {dagbag.py:507} INFO - Filling up the DagBag from /home/kennedy/KR/Programação/00.Estudos/DataEng/Alura/airflow-executores/venv/lib/python3.9/site-packages/airflow/example_dags/example_branch_labels.py
[2024-10-08 16:47:17,572] {processor.py:651} INFO - DAG(s) dict_keys(['example_branch_labels']) retrieved from /home/kennedy/KR/Programação/00.Estudos/DataEng/Alura/airflow-executores/venv/lib/python3.9/site-packages/airflow/example_dags/example_branch_labels.py
[2024-10-08 16:47:17,592] {logging_mixin.py:115} INFO - [2024-10-08 16:47:17,592] {dag.py:2379} INFO - Sync 1 DAGs
[2024-10-08 16:47:17,609] {logging_mixin.py:115} INFO - [2024-10-08 16:47:17,608] {dag.py:2927} INFO - Setting next_dagrun for example_branch_labels to 2024-10-07T00:00:00+00:00, run_after=2024-10-08T00:00:00+00:00
[2024-10-08 16:47:17,791] {processor.py:161} INFO - Processing /home/kennedy/KR/Programação/00.Estudos/DataEng/Alura/airflow-executores/venv/lib/python3.9/site-packages/airflow/example_dags/example_branch_labels.py took 0.250 seconds
[2024-10-08 16:48:36,189] {processor.py:153} INFO - Started process (PID=19248) to work on /home/kennedy/KR/Programação/00.Estudos/DataEng/Alura/airflow-executores/venv/lib/python3.9/site-packages/airflow/example_dags/example_branch_labels.py
[2024-10-08 16:48:36,521] {processor.py:641} INFO - Processing file /home/kennedy/KR/Programação/00.Estudos/DataEng/Alura/airflow-executores/venv/lib/python3.9/site-packages/airflow/example_dags/example_branch_labels.py for tasks to queue
[2024-10-08 16:48:36,521] {logging_mixin.py:115} INFO - [2024-10-08 16:48:36,521] {dagbag.py:507} INFO - Filling up the DagBag from /home/kennedy/KR/Programação/00.Estudos/DataEng/Alura/airflow-executores/venv/lib/python3.9/site-packages/airflow/example_dags/example_branch_labels.py
[2024-10-08 16:48:36,529] {processor.py:651} INFO - DAG(s) dict_keys(['example_branch_labels']) retrieved from /home/kennedy/KR/Programação/00.Estudos/DataEng/Alura/airflow-executores/venv/lib/python3.9/site-packages/airflow/example_dags/example_branch_labels.py
[2024-10-08 16:48:36,541] {logging_mixin.py:115} INFO - [2024-10-08 16:48:36,541] {dag.py:2379} INFO - Sync 1 DAGs
[2024-10-08 16:48:36,554] {logging_mixin.py:115} INFO - [2024-10-08 16:48:36,554] {dag.py:2927} INFO - Setting next_dagrun for example_branch_labels to 2024-10-07T00:00:00+00:00, run_after=2024-10-08T00:00:00+00:00
[2024-10-08 16:48:36,633] {processor.py:161} INFO - Processing /home/kennedy/KR/Programação/00.Estudos/DataEng/Alura/airflow-executores/venv/lib/python3.9/site-packages/airflow/example_dags/example_branch_labels.py took 0.446 seconds
[2024-10-08 16:49:47,907] {processor.py:153} INFO - Started process (PID=19345) to work on /home/kennedy/KR/Programação/00.Estudos/DataEng/Alura/airflow-executores/venv/lib/python3.9/site-packages/airflow/example_dags/example_branch_labels.py
[2024-10-08 16:49:47,919] {processor.py:641} INFO - Processing file /home/kennedy/KR/Programação/00.Estudos/DataEng/Alura/airflow-executores/venv/lib/python3.9/site-packages/airflow/example_dags/example_branch_labels.py for tasks to queue
[2024-10-08 16:49:47,920] {logging_mixin.py:115} INFO - [2024-10-08 16:49:47,920] {dagbag.py:507} INFO - Filling up the DagBag from /home/kennedy/KR/Programação/00.Estudos/DataEng/Alura/airflow-executores/venv/lib/python3.9/site-packages/airflow/example_dags/example_branch_labels.py
[2024-10-08 16:49:47,935] {processor.py:651} INFO - DAG(s) dict_keys(['example_branch_labels']) retrieved from /home/kennedy/KR/Programação/00.Estudos/DataEng/Alura/airflow-executores/venv/lib/python3.9/site-packages/airflow/example_dags/example_branch_labels.py
[2024-10-08 16:49:47,956] {logging_mixin.py:115} INFO - [2024-10-08 16:49:47,956] {dag.py:2379} INFO - Sync 1 DAGs
[2024-10-08 16:49:47,971] {logging_mixin.py:115} INFO - [2024-10-08 16:49:47,971] {dag.py:2927} INFO - Setting next_dagrun for example_branch_labels to 2024-10-07T00:00:00+00:00, run_after=2024-10-08T00:00:00+00:00
[2024-10-08 16:49:48,253] {processor.py:161} INFO - Processing /home/kennedy/KR/Programação/00.Estudos/DataEng/Alura/airflow-executores/venv/lib/python3.9/site-packages/airflow/example_dags/example_branch_labels.py took 0.352 seconds
