[2024-10-08 13:24:26,105] {processor.py:153} INFO - Started process (PID=37649) to work on /home/kennedy/KR/Programação/00.Estudos/DataEng/Alura/airflow-executores/venv/lib/python3.9/site-packages/airflow/example_dags/example_branch_operator_decorator.py
[2024-10-08 13:24:26,106] {processor.py:641} INFO - Processing file /home/kennedy/KR/Programação/00.Estudos/DataEng/Alura/airflow-executores/venv/lib/python3.9/site-packages/airflow/example_dags/example_branch_operator_decorator.py for tasks to queue
[2024-10-08 13:24:26,106] {logging_mixin.py:115} INFO - [2024-10-08 13:24:26,106] {dagbag.py:507} INFO - Filling up the DagBag from /home/kennedy/KR/Programação/00.Estudos/DataEng/Alura/airflow-executores/venv/lib/python3.9/site-packages/airflow/example_dags/example_branch_operator_decorator.py
[2024-10-08 13:24:26,129] {processor.py:651} INFO - DAG(s) dict_keys(['example_branch_python_operator_decorator']) retrieved from /home/kennedy/KR/Programação/00.Estudos/DataEng/Alura/airflow-executores/venv/lib/python3.9/site-packages/airflow/example_dags/example_branch_operator_decorator.py
[2024-10-08 13:24:26,608] {logging_mixin.py:115} INFO - [2024-10-08 13:24:26,608] {manager.py:508} INFO - Created Permission View: can delete on DAG:example_branch_python_operator_decorator
[2024-10-08 13:24:26,797] {logging_mixin.py:115} INFO - [2024-10-08 13:24:26,797] {manager.py:508} INFO - Created Permission View: can read on DAG:example_branch_python_operator_decorator
[2024-10-08 13:24:27,018] {logging_mixin.py:115} INFO - [2024-10-08 13:24:27,018] {manager.py:508} INFO - Created Permission View: can edit on DAG:example_branch_python_operator_decorator
[2024-10-08 13:24:27,018] {logging_mixin.py:115} INFO - [2024-10-08 13:24:27,018] {dag.py:2379} INFO - Sync 1 DAGs
[2024-10-08 13:24:27,030] {logging_mixin.py:115} INFO - [2024-10-08 13:24:27,029] {dag.py:2398} INFO - Creating ORM DAG for example_branch_python_operator_decorator
[2024-10-08 13:24:27,046] {logging_mixin.py:115} INFO - [2024-10-08 13:24:27,046] {dag.py:2927} INFO - Setting next_dagrun for example_branch_python_operator_decorator to 2024-10-07T00:00:00+00:00, run_after=2024-10-08T00:00:00+00:00
[2024-10-08 13:24:27,314] {processor.py:161} INFO - Processing /home/kennedy/KR/Programação/00.Estudos/DataEng/Alura/airflow-executores/venv/lib/python3.9/site-packages/airflow/example_dags/example_branch_operator_decorator.py took 1.215 seconds
[2024-10-08 13:26:06,905] {processor.py:153} INFO - Started process (PID=37808) to work on /home/kennedy/KR/Programação/00.Estudos/DataEng/Alura/airflow-executores/venv/lib/python3.9/site-packages/airflow/example_dags/example_branch_operator_decorator.py
[2024-10-08 13:26:06,939] {processor.py:641} INFO - Processing file /home/kennedy/KR/Programação/00.Estudos/DataEng/Alura/airflow-executores/venv/lib/python3.9/site-packages/airflow/example_dags/example_branch_operator_decorator.py for tasks to queue
[2024-10-08 13:26:06,940] {logging_mixin.py:115} INFO - [2024-10-08 13:26:06,939] {dagbag.py:507} INFO - Filling up the DagBag from /home/kennedy/KR/Programação/00.Estudos/DataEng/Alura/airflow-executores/venv/lib/python3.9/site-packages/airflow/example_dags/example_branch_operator_decorator.py
[2024-10-08 13:26:06,973] {processor.py:651} INFO - DAG(s) dict_keys(['example_branch_python_operator_decorator']) retrieved from /home/kennedy/KR/Programação/00.Estudos/DataEng/Alura/airflow-executores/venv/lib/python3.9/site-packages/airflow/example_dags/example_branch_operator_decorator.py
[2024-10-08 13:26:06,986] {logging_mixin.py:115} INFO - [2024-10-08 13:26:06,986] {dag.py:2379} INFO - Sync 1 DAGs
[2024-10-08 13:26:07,003] {logging_mixin.py:115} INFO - [2024-10-08 13:26:07,003] {dag.py:2927} INFO - Setting next_dagrun for example_branch_python_operator_decorator to 2024-10-07T00:00:00+00:00, run_after=2024-10-08T00:00:00+00:00
[2024-10-08 13:26:07,166] {processor.py:161} INFO - Processing /home/kennedy/KR/Programação/00.Estudos/DataEng/Alura/airflow-executores/venv/lib/python3.9/site-packages/airflow/example_dags/example_branch_operator_decorator.py took 0.266 seconds
[2024-10-08 13:27:17,685] {processor.py:153} INFO - Started process (PID=37946) to work on /home/kennedy/KR/Programação/00.Estudos/DataEng/Alura/airflow-executores/venv/lib/python3.9/site-packages/airflow/example_dags/example_branch_operator_decorator.py
[2024-10-08 13:27:17,691] {processor.py:641} INFO - Processing file /home/kennedy/KR/Programação/00.Estudos/DataEng/Alura/airflow-executores/venv/lib/python3.9/site-packages/airflow/example_dags/example_branch_operator_decorator.py for tasks to queue
[2024-10-08 13:27:17,692] {logging_mixin.py:115} INFO - [2024-10-08 13:27:17,692] {dagbag.py:507} INFO - Filling up the DagBag from /home/kennedy/KR/Programação/00.Estudos/DataEng/Alura/airflow-executores/venv/lib/python3.9/site-packages/airflow/example_dags/example_branch_operator_decorator.py
[2024-10-08 13:27:17,709] {processor.py:651} INFO - DAG(s) dict_keys(['example_branch_python_operator_decorator']) retrieved from /home/kennedy/KR/Programação/00.Estudos/DataEng/Alura/airflow-executores/venv/lib/python3.9/site-packages/airflow/example_dags/example_branch_operator_decorator.py
[2024-10-08 13:27:17,724] {logging_mixin.py:115} INFO - [2024-10-08 13:27:17,724] {dag.py:2379} INFO - Sync 1 DAGs
[2024-10-08 13:27:17,743] {logging_mixin.py:115} INFO - [2024-10-08 13:27:17,743] {dag.py:2927} INFO - Setting next_dagrun for example_branch_python_operator_decorator to 2024-10-07T00:00:00+00:00, run_after=2024-10-08T00:00:00+00:00
[2024-10-08 13:27:18,901] {processor.py:161} INFO - Processing /home/kennedy/KR/Programação/00.Estudos/DataEng/Alura/airflow-executores/venv/lib/python3.9/site-packages/airflow/example_dags/example_branch_operator_decorator.py took 1.219 seconds
[2024-10-08 13:28:39,087] {processor.py:153} INFO - Started process (PID=38087) to work on /home/kennedy/KR/Programação/00.Estudos/DataEng/Alura/airflow-executores/venv/lib/python3.9/site-packages/airflow/example_dags/example_branch_operator_decorator.py
[2024-10-08 13:28:39,119] {processor.py:641} INFO - Processing file /home/kennedy/KR/Programação/00.Estudos/DataEng/Alura/airflow-executores/venv/lib/python3.9/site-packages/airflow/example_dags/example_branch_operator_decorator.py for tasks to queue
[2024-10-08 13:28:39,120] {logging_mixin.py:115} INFO - [2024-10-08 13:28:39,120] {dagbag.py:507} INFO - Filling up the DagBag from /home/kennedy/KR/Programação/00.Estudos/DataEng/Alura/airflow-executores/venv/lib/python3.9/site-packages/airflow/example_dags/example_branch_operator_decorator.py
[2024-10-08 13:28:39,154] {processor.py:651} INFO - DAG(s) dict_keys(['example_branch_python_operator_decorator']) retrieved from /home/kennedy/KR/Programação/00.Estudos/DataEng/Alura/airflow-executores/venv/lib/python3.9/site-packages/airflow/example_dags/example_branch_operator_decorator.py
[2024-10-08 13:28:39,169] {logging_mixin.py:115} INFO - [2024-10-08 13:28:39,169] {dag.py:2379} INFO - Sync 1 DAGs
[2024-10-08 13:28:39,185] {logging_mixin.py:115} INFO - [2024-10-08 13:28:39,185] {dag.py:2927} INFO - Setting next_dagrun for example_branch_python_operator_decorator to 2024-10-07T00:00:00+00:00, run_after=2024-10-08T00:00:00+00:00
[2024-10-08 13:28:39,625] {processor.py:161} INFO - Processing /home/kennedy/KR/Programação/00.Estudos/DataEng/Alura/airflow-executores/venv/lib/python3.9/site-packages/airflow/example_dags/example_branch_operator_decorator.py took 0.545 seconds
[2024-10-08 13:29:54,516] {processor.py:153} INFO - Started process (PID=38523) to work on /home/kennedy/KR/Programação/00.Estudos/DataEng/Alura/airflow-executores/venv/lib/python3.9/site-packages/airflow/example_dags/example_branch_operator_decorator.py
[2024-10-08 13:29:55,554] {processor.py:641} INFO - Processing file /home/kennedy/KR/Programação/00.Estudos/DataEng/Alura/airflow-executores/venv/lib/python3.9/site-packages/airflow/example_dags/example_branch_operator_decorator.py for tasks to queue
[2024-10-08 13:29:55,555] {logging_mixin.py:115} INFO - [2024-10-08 13:29:55,555] {dagbag.py:507} INFO - Filling up the DagBag from /home/kennedy/KR/Programação/00.Estudos/DataEng/Alura/airflow-executores/venv/lib/python3.9/site-packages/airflow/example_dags/example_branch_operator_decorator.py
[2024-10-08 13:29:55,592] {processor.py:651} INFO - DAG(s) dict_keys(['example_branch_python_operator_decorator']) retrieved from /home/kennedy/KR/Programação/00.Estudos/DataEng/Alura/airflow-executores/venv/lib/python3.9/site-packages/airflow/example_dags/example_branch_operator_decorator.py
[2024-10-08 13:29:55,616] {logging_mixin.py:115} INFO - [2024-10-08 13:29:55,616] {dag.py:2379} INFO - Sync 1 DAGs
[2024-10-08 13:29:55,633] {logging_mixin.py:115} INFO - [2024-10-08 13:29:55,633] {dag.py:2927} INFO - Setting next_dagrun for example_branch_python_operator_decorator to 2024-10-07T00:00:00+00:00, run_after=2024-10-08T00:00:00+00:00
[2024-10-08 13:29:55,730] {processor.py:161} INFO - Processing /home/kennedy/KR/Programação/00.Estudos/DataEng/Alura/airflow-executores/venv/lib/python3.9/site-packages/airflow/example_dags/example_branch_operator_decorator.py took 1.219 seconds
[2024-10-08 13:31:19,243] {processor.py:153} INFO - Started process (PID=38653) to work on /home/kennedy/KR/Programação/00.Estudos/DataEng/Alura/airflow-executores/venv/lib/python3.9/site-packages/airflow/example_dags/example_branch_operator_decorator.py
[2024-10-08 13:31:19,971] {processor.py:641} INFO - Processing file /home/kennedy/KR/Programação/00.Estudos/DataEng/Alura/airflow-executores/venv/lib/python3.9/site-packages/airflow/example_dags/example_branch_operator_decorator.py for tasks to queue
[2024-10-08 13:31:19,972] {logging_mixin.py:115} INFO - [2024-10-08 13:31:19,971] {dagbag.py:507} INFO - Filling up the DagBag from /home/kennedy/KR/Programação/00.Estudos/DataEng/Alura/airflow-executores/venv/lib/python3.9/site-packages/airflow/example_dags/example_branch_operator_decorator.py
[2024-10-08 13:31:20,003] {processor.py:651} INFO - DAG(s) dict_keys(['example_branch_python_operator_decorator']) retrieved from /home/kennedy/KR/Programação/00.Estudos/DataEng/Alura/airflow-executores/venv/lib/python3.9/site-packages/airflow/example_dags/example_branch_operator_decorator.py
[2024-10-08 13:31:20,029] {logging_mixin.py:115} INFO - [2024-10-08 13:31:20,029] {dag.py:2379} INFO - Sync 1 DAGs
[2024-10-08 13:31:20,053] {logging_mixin.py:115} INFO - [2024-10-08 13:31:20,052] {dag.py:2927} INFO - Setting next_dagrun for example_branch_python_operator_decorator to 2024-10-07T00:00:00+00:00, run_after=2024-10-08T00:00:00+00:00
[2024-10-08 13:31:21,692] {processor.py:161} INFO - Processing /home/kennedy/KR/Programação/00.Estudos/DataEng/Alura/airflow-executores/venv/lib/python3.9/site-packages/airflow/example_dags/example_branch_operator_decorator.py took 2.453 seconds
[2024-10-08 13:32:27,976] {processor.py:153} INFO - Started process (PID=38821) to work on /home/kennedy/KR/Programação/00.Estudos/DataEng/Alura/airflow-executores/venv/lib/python3.9/site-packages/airflow/example_dags/example_branch_operator_decorator.py
[2024-10-08 13:32:28,020] {processor.py:641} INFO - Processing file /home/kennedy/KR/Programação/00.Estudos/DataEng/Alura/airflow-executores/venv/lib/python3.9/site-packages/airflow/example_dags/example_branch_operator_decorator.py for tasks to queue
[2024-10-08 13:32:28,021] {logging_mixin.py:115} INFO - [2024-10-08 13:32:28,021] {dagbag.py:507} INFO - Filling up the DagBag from /home/kennedy/KR/Programação/00.Estudos/DataEng/Alura/airflow-executores/venv/lib/python3.9/site-packages/airflow/example_dags/example_branch_operator_decorator.py
[2024-10-08 13:32:28,062] {processor.py:651} INFO - DAG(s) dict_keys(['example_branch_python_operator_decorator']) retrieved from /home/kennedy/KR/Programação/00.Estudos/DataEng/Alura/airflow-executores/venv/lib/python3.9/site-packages/airflow/example_dags/example_branch_operator_decorator.py
[2024-10-08 13:32:28,088] {logging_mixin.py:115} INFO - [2024-10-08 13:32:28,088] {dag.py:2379} INFO - Sync 1 DAGs
[2024-10-08 13:32:28,107] {logging_mixin.py:115} INFO - [2024-10-08 13:32:28,106] {dag.py:2927} INFO - Setting next_dagrun for example_branch_python_operator_decorator to 2024-10-07T00:00:00+00:00, run_after=2024-10-08T00:00:00+00:00
[2024-10-08 13:32:28,215] {processor.py:161} INFO - Processing /home/kennedy/KR/Programação/00.Estudos/DataEng/Alura/airflow-executores/venv/lib/python3.9/site-packages/airflow/example_dags/example_branch_operator_decorator.py took 0.245 seconds
[2024-10-08 13:33:46,514] {processor.py:153} INFO - Started process (PID=38921) to work on /home/kennedy/KR/Programação/00.Estudos/DataEng/Alura/airflow-executores/venv/lib/python3.9/site-packages/airflow/example_dags/example_branch_operator_decorator.py
[2024-10-08 13:33:46,559] {processor.py:641} INFO - Processing file /home/kennedy/KR/Programação/00.Estudos/DataEng/Alura/airflow-executores/venv/lib/python3.9/site-packages/airflow/example_dags/example_branch_operator_decorator.py for tasks to queue
[2024-10-08 13:33:46,559] {logging_mixin.py:115} INFO - [2024-10-08 13:33:46,559] {dagbag.py:507} INFO - Filling up the DagBag from /home/kennedy/KR/Programação/00.Estudos/DataEng/Alura/airflow-executores/venv/lib/python3.9/site-packages/airflow/example_dags/example_branch_operator_decorator.py
[2024-10-08 13:33:46,584] {processor.py:651} INFO - DAG(s) dict_keys(['example_branch_python_operator_decorator']) retrieved from /home/kennedy/KR/Programação/00.Estudos/DataEng/Alura/airflow-executores/venv/lib/python3.9/site-packages/airflow/example_dags/example_branch_operator_decorator.py
[2024-10-08 13:33:46,603] {logging_mixin.py:115} INFO - [2024-10-08 13:33:46,603] {dag.py:2379} INFO - Sync 1 DAGs
[2024-10-08 13:33:46,640] {logging_mixin.py:115} INFO - [2024-10-08 13:33:46,639] {dag.py:2927} INFO - Setting next_dagrun for example_branch_python_operator_decorator to 2024-10-07T00:00:00+00:00, run_after=2024-10-08T00:00:00+00:00
[2024-10-08 13:33:46,830] {processor.py:161} INFO - Processing /home/kennedy/KR/Programação/00.Estudos/DataEng/Alura/airflow-executores/venv/lib/python3.9/site-packages/airflow/example_dags/example_branch_operator_decorator.py took 0.319 seconds
[2024-10-08 13:34:47,630] {processor.py:153} INFO - Started process (PID=39034) to work on /home/kennedy/KR/Programação/00.Estudos/DataEng/Alura/airflow-executores/venv/lib/python3.9/site-packages/airflow/example_dags/example_branch_operator_decorator.py
[2024-10-08 13:34:47,937] {processor.py:641} INFO - Processing file /home/kennedy/KR/Programação/00.Estudos/DataEng/Alura/airflow-executores/venv/lib/python3.9/site-packages/airflow/example_dags/example_branch_operator_decorator.py for tasks to queue
[2024-10-08 13:34:47,938] {logging_mixin.py:115} INFO - [2024-10-08 13:34:47,938] {dagbag.py:507} INFO - Filling up the DagBag from /home/kennedy/KR/Programação/00.Estudos/DataEng/Alura/airflow-executores/venv/lib/python3.9/site-packages/airflow/example_dags/example_branch_operator_decorator.py
[2024-10-08 13:34:47,973] {processor.py:651} INFO - DAG(s) dict_keys(['example_branch_python_operator_decorator']) retrieved from /home/kennedy/KR/Programação/00.Estudos/DataEng/Alura/airflow-executores/venv/lib/python3.9/site-packages/airflow/example_dags/example_branch_operator_decorator.py
[2024-10-08 13:34:47,989] {logging_mixin.py:115} INFO - [2024-10-08 13:34:47,989] {dag.py:2379} INFO - Sync 1 DAGs
[2024-10-08 13:34:48,007] {logging_mixin.py:115} INFO - [2024-10-08 13:34:48,007] {dag.py:2927} INFO - Setting next_dagrun for example_branch_python_operator_decorator to 2024-10-07T00:00:00+00:00, run_after=2024-10-08T00:00:00+00:00
[2024-10-08 13:34:50,100] {processor.py:161} INFO - Processing /home/kennedy/KR/Programação/00.Estudos/DataEng/Alura/airflow-executores/venv/lib/python3.9/site-packages/airflow/example_dags/example_branch_operator_decorator.py took 2.472 seconds
[2024-10-08 16:37:13,031] {processor.py:153} INFO - Started process (PID=16751) to work on /home/kennedy/KR/Programação/00.Estudos/DataEng/Alura/airflow-executores/venv/lib/python3.9/site-packages/airflow/example_dags/example_branch_operator_decorator.py
[2024-10-08 16:37:13,033] {processor.py:641} INFO - Processing file /home/kennedy/KR/Programação/00.Estudos/DataEng/Alura/airflow-executores/venv/lib/python3.9/site-packages/airflow/example_dags/example_branch_operator_decorator.py for tasks to queue
[2024-10-08 16:37:13,034] {logging_mixin.py:115} INFO - [2024-10-08 16:37:13,034] {dagbag.py:507} INFO - Filling up the DagBag from /home/kennedy/KR/Programação/00.Estudos/DataEng/Alura/airflow-executores/venv/lib/python3.9/site-packages/airflow/example_dags/example_branch_operator_decorator.py
[2024-10-08 16:37:13,065] {processor.py:651} INFO - DAG(s) dict_keys(['example_branch_python_operator_decorator']) retrieved from /home/kennedy/KR/Programação/00.Estudos/DataEng/Alura/airflow-executores/venv/lib/python3.9/site-packages/airflow/example_dags/example_branch_operator_decorator.py
[2024-10-08 16:37:13,098] {logging_mixin.py:115} INFO - [2024-10-08 16:37:13,098] {dag.py:2379} INFO - Sync 1 DAGs
[2024-10-08 16:37:13,112] {logging_mixin.py:115} INFO - [2024-10-08 16:37:13,112] {dag.py:2927} INFO - Setting next_dagrun for example_branch_python_operator_decorator to 2024-10-07T00:00:00+00:00, run_after=2024-10-08T00:00:00+00:00
[2024-10-08 16:37:13,197] {processor.py:161} INFO - Processing /home/kennedy/KR/Programação/00.Estudos/DataEng/Alura/airflow-executores/venv/lib/python3.9/site-packages/airflow/example_dags/example_branch_operator_decorator.py took 0.172 seconds
[2024-10-08 16:38:00,062] {processor.py:153} INFO - Started process (PID=16819) to work on /home/kennedy/KR/Programação/00.Estudos/DataEng/Alura/airflow-executores/venv/lib/python3.9/site-packages/airflow/example_dags/example_branch_operator_decorator.py
[2024-10-08 16:38:00,077] {processor.py:641} INFO - Processing file /home/kennedy/KR/Programação/00.Estudos/DataEng/Alura/airflow-executores/venv/lib/python3.9/site-packages/airflow/example_dags/example_branch_operator_decorator.py for tasks to queue
[2024-10-08 16:38:00,078] {logging_mixin.py:115} INFO - [2024-10-08 16:38:00,078] {dagbag.py:507} INFO - Filling up the DagBag from /home/kennedy/KR/Programação/00.Estudos/DataEng/Alura/airflow-executores/venv/lib/python3.9/site-packages/airflow/example_dags/example_branch_operator_decorator.py
[2024-10-08 16:38:00,111] {processor.py:651} INFO - DAG(s) dict_keys(['example_branch_python_operator_decorator']) retrieved from /home/kennedy/KR/Programação/00.Estudos/DataEng/Alura/airflow-executores/venv/lib/python3.9/site-packages/airflow/example_dags/example_branch_operator_decorator.py
[2024-10-08 16:38:00,123] {logging_mixin.py:115} INFO - [2024-10-08 16:38:00,123] {dag.py:2379} INFO - Sync 1 DAGs
[2024-10-08 16:38:00,137] {logging_mixin.py:115} INFO - [2024-10-08 16:38:00,137] {dag.py:2927} INFO - Setting next_dagrun for example_branch_python_operator_decorator to 2024-10-07T00:00:00+00:00, run_after=2024-10-08T00:00:00+00:00
[2024-10-08 16:38:00,696] {processor.py:161} INFO - Processing /home/kennedy/KR/Programação/00.Estudos/DataEng/Alura/airflow-executores/venv/lib/python3.9/site-packages/airflow/example_dags/example_branch_operator_decorator.py took 0.641 seconds
[2024-10-08 16:39:44,342] {processor.py:153} INFO - Started process (PID=17521) to work on /home/kennedy/KR/Programação/00.Estudos/DataEng/Alura/airflow-executores/venv/lib/python3.9/site-packages/airflow/example_dags/example_branch_operator_decorator.py
[2024-10-08 16:39:44,371] {processor.py:641} INFO - Processing file /home/kennedy/KR/Programação/00.Estudos/DataEng/Alura/airflow-executores/venv/lib/python3.9/site-packages/airflow/example_dags/example_branch_operator_decorator.py for tasks to queue
[2024-10-08 16:39:44,372] {logging_mixin.py:115} INFO - [2024-10-08 16:39:44,371] {dagbag.py:507} INFO - Filling up the DagBag from /home/kennedy/KR/Programação/00.Estudos/DataEng/Alura/airflow-executores/venv/lib/python3.9/site-packages/airflow/example_dags/example_branch_operator_decorator.py
[2024-10-08 16:39:44,392] {processor.py:651} INFO - DAG(s) dict_keys(['example_branch_python_operator_decorator']) retrieved from /home/kennedy/KR/Programação/00.Estudos/DataEng/Alura/airflow-executores/venv/lib/python3.9/site-packages/airflow/example_dags/example_branch_operator_decorator.py
[2024-10-08 16:39:44,409] {logging_mixin.py:115} INFO - [2024-10-08 16:39:44,409] {dag.py:2379} INFO - Sync 1 DAGs
[2024-10-08 16:39:44,431] {logging_mixin.py:115} INFO - [2024-10-08 16:39:44,430] {dag.py:2927} INFO - Setting next_dagrun for example_branch_python_operator_decorator to 2024-10-07T00:00:00+00:00, run_after=2024-10-08T00:00:00+00:00
[2024-10-08 16:39:44,750] {processor.py:161} INFO - Processing /home/kennedy/KR/Programação/00.Estudos/DataEng/Alura/airflow-executores/venv/lib/python3.9/site-packages/airflow/example_dags/example_branch_operator_decorator.py took 0.410 seconds
[2024-10-08 16:42:00,503] {processor.py:153} INFO - Started process (PID=18095) to work on /home/kennedy/KR/Programação/00.Estudos/DataEng/Alura/airflow-executores/venv/lib/python3.9/site-packages/airflow/example_dags/example_branch_operator_decorator.py
[2024-10-08 16:42:00,505] {processor.py:641} INFO - Processing file /home/kennedy/KR/Programação/00.Estudos/DataEng/Alura/airflow-executores/venv/lib/python3.9/site-packages/airflow/example_dags/example_branch_operator_decorator.py for tasks to queue
[2024-10-08 16:42:00,506] {logging_mixin.py:115} INFO - [2024-10-08 16:42:00,506] {dagbag.py:507} INFO - Filling up the DagBag from /home/kennedy/KR/Programação/00.Estudos/DataEng/Alura/airflow-executores/venv/lib/python3.9/site-packages/airflow/example_dags/example_branch_operator_decorator.py
[2024-10-08 16:42:00,533] {processor.py:651} INFO - DAG(s) dict_keys(['example_branch_python_operator_decorator']) retrieved from /home/kennedy/KR/Programação/00.Estudos/DataEng/Alura/airflow-executores/venv/lib/python3.9/site-packages/airflow/example_dags/example_branch_operator_decorator.py
[2024-10-08 16:42:00,546] {logging_mixin.py:115} INFO - [2024-10-08 16:42:00,546] {dag.py:2379} INFO - Sync 1 DAGs
[2024-10-08 16:42:00,561] {logging_mixin.py:115} INFO - [2024-10-08 16:42:00,561] {dag.py:2927} INFO - Setting next_dagrun for example_branch_python_operator_decorator to 2024-10-07T00:00:00+00:00, run_after=2024-10-08T00:00:00+00:00
[2024-10-08 16:42:00,637] {processor.py:161} INFO - Processing /home/kennedy/KR/Programação/00.Estudos/DataEng/Alura/airflow-executores/venv/lib/python3.9/site-packages/airflow/example_dags/example_branch_operator_decorator.py took 0.142 seconds
[2024-10-08 16:43:31,697] {processor.py:153} INFO - Started process (PID=18232) to work on /home/kennedy/KR/Programação/00.Estudos/DataEng/Alura/airflow-executores/venv/lib/python3.9/site-packages/airflow/example_dags/example_branch_operator_decorator.py
[2024-10-08 16:43:31,710] {processor.py:641} INFO - Processing file /home/kennedy/KR/Programação/00.Estudos/DataEng/Alura/airflow-executores/venv/lib/python3.9/site-packages/airflow/example_dags/example_branch_operator_decorator.py for tasks to queue
[2024-10-08 16:43:31,711] {logging_mixin.py:115} INFO - [2024-10-08 16:43:31,711] {dagbag.py:507} INFO - Filling up the DagBag from /home/kennedy/KR/Programação/00.Estudos/DataEng/Alura/airflow-executores/venv/lib/python3.9/site-packages/airflow/example_dags/example_branch_operator_decorator.py
[2024-10-08 16:43:31,743] {processor.py:651} INFO - DAG(s) dict_keys(['example_branch_python_operator_decorator']) retrieved from /home/kennedy/KR/Programação/00.Estudos/DataEng/Alura/airflow-executores/venv/lib/python3.9/site-packages/airflow/example_dags/example_branch_operator_decorator.py
[2024-10-08 16:43:31,758] {logging_mixin.py:115} INFO - [2024-10-08 16:43:31,758] {dag.py:2379} INFO - Sync 1 DAGs
[2024-10-08 16:43:31,774] {logging_mixin.py:115} INFO - [2024-10-08 16:43:31,774] {dag.py:2927} INFO - Setting next_dagrun for example_branch_python_operator_decorator to 2024-10-07T00:00:00+00:00, run_after=2024-10-08T00:00:00+00:00
[2024-10-08 16:43:32,156] {processor.py:161} INFO - Processing /home/kennedy/KR/Programação/00.Estudos/DataEng/Alura/airflow-executores/venv/lib/python3.9/site-packages/airflow/example_dags/example_branch_operator_decorator.py took 0.464 seconds
[2024-10-08 16:45:00,240] {processor.py:153} INFO - Started process (PID=18310) to work on /home/kennedy/KR/Programação/00.Estudos/DataEng/Alura/airflow-executores/venv/lib/python3.9/site-packages/airflow/example_dags/example_branch_operator_decorator.py
[2024-10-08 16:45:00,241] {processor.py:641} INFO - Processing file /home/kennedy/KR/Programação/00.Estudos/DataEng/Alura/airflow-executores/venv/lib/python3.9/site-packages/airflow/example_dags/example_branch_operator_decorator.py for tasks to queue
[2024-10-08 16:45:00,242] {logging_mixin.py:115} INFO - [2024-10-08 16:45:00,242] {dagbag.py:507} INFO - Filling up the DagBag from /home/kennedy/KR/Programação/00.Estudos/DataEng/Alura/airflow-executores/venv/lib/python3.9/site-packages/airflow/example_dags/example_branch_operator_decorator.py
[2024-10-08 16:45:00,268] {processor.py:651} INFO - DAG(s) dict_keys(['example_branch_python_operator_decorator']) retrieved from /home/kennedy/KR/Programação/00.Estudos/DataEng/Alura/airflow-executores/venv/lib/python3.9/site-packages/airflow/example_dags/example_branch_operator_decorator.py
[2024-10-08 16:45:00,282] {logging_mixin.py:115} INFO - [2024-10-08 16:45:00,281] {dag.py:2379} INFO - Sync 1 DAGs
[2024-10-08 16:45:00,296] {logging_mixin.py:115} INFO - [2024-10-08 16:45:00,295] {dag.py:2927} INFO - Setting next_dagrun for example_branch_python_operator_decorator to 2024-10-07T00:00:00+00:00, run_after=2024-10-08T00:00:00+00:00
[2024-10-08 16:45:01,277] {processor.py:161} INFO - Processing /home/kennedy/KR/Programação/00.Estudos/DataEng/Alura/airflow-executores/venv/lib/python3.9/site-packages/airflow/example_dags/example_branch_operator_decorator.py took 1.044 seconds
[2024-10-08 16:47:14,071] {processor.py:153} INFO - Started process (PID=19059) to work on /home/kennedy/KR/Programação/00.Estudos/DataEng/Alura/airflow-executores/venv/lib/python3.9/site-packages/airflow/example_dags/example_branch_operator_decorator.py
[2024-10-08 16:47:14,150] {processor.py:641} INFO - Processing file /home/kennedy/KR/Programação/00.Estudos/DataEng/Alura/airflow-executores/venv/lib/python3.9/site-packages/airflow/example_dags/example_branch_operator_decorator.py for tasks to queue
[2024-10-08 16:47:14,152] {logging_mixin.py:115} INFO - [2024-10-08 16:47:14,151] {dagbag.py:507} INFO - Filling up the DagBag from /home/kennedy/KR/Programação/00.Estudos/DataEng/Alura/airflow-executores/venv/lib/python3.9/site-packages/airflow/example_dags/example_branch_operator_decorator.py
[2024-10-08 16:47:14,182] {processor.py:651} INFO - DAG(s) dict_keys(['example_branch_python_operator_decorator']) retrieved from /home/kennedy/KR/Programação/00.Estudos/DataEng/Alura/airflow-executores/venv/lib/python3.9/site-packages/airflow/example_dags/example_branch_operator_decorator.py
[2024-10-08 16:47:14,196] {logging_mixin.py:115} INFO - [2024-10-08 16:47:14,196] {dag.py:2379} INFO - Sync 1 DAGs
[2024-10-08 16:47:14,211] {logging_mixin.py:115} INFO - [2024-10-08 16:47:14,211] {dag.py:2927} INFO - Setting next_dagrun for example_branch_python_operator_decorator to 2024-10-07T00:00:00+00:00, run_after=2024-10-08T00:00:00+00:00
[2024-10-08 16:47:14,634] {processor.py:161} INFO - Processing /home/kennedy/KR/Programação/00.Estudos/DataEng/Alura/airflow-executores/venv/lib/python3.9/site-packages/airflow/example_dags/example_branch_operator_decorator.py took 0.566 seconds
[2024-10-08 16:48:32,892] {processor.py:153} INFO - Started process (PID=19246) to work on /home/kennedy/KR/Programação/00.Estudos/DataEng/Alura/airflow-executores/venv/lib/python3.9/site-packages/airflow/example_dags/example_branch_operator_decorator.py
[2024-10-08 16:48:32,902] {processor.py:641} INFO - Processing file /home/kennedy/KR/Programação/00.Estudos/DataEng/Alura/airflow-executores/venv/lib/python3.9/site-packages/airflow/example_dags/example_branch_operator_decorator.py for tasks to queue
[2024-10-08 16:48:32,902] {logging_mixin.py:115} INFO - [2024-10-08 16:48:32,902] {dagbag.py:507} INFO - Filling up the DagBag from /home/kennedy/KR/Programação/00.Estudos/DataEng/Alura/airflow-executores/venv/lib/python3.9/site-packages/airflow/example_dags/example_branch_operator_decorator.py
[2024-10-08 16:48:32,918] {processor.py:651} INFO - DAG(s) dict_keys(['example_branch_python_operator_decorator']) retrieved from /home/kennedy/KR/Programação/00.Estudos/DataEng/Alura/airflow-executores/venv/lib/python3.9/site-packages/airflow/example_dags/example_branch_operator_decorator.py
[2024-10-08 16:48:32,931] {logging_mixin.py:115} INFO - [2024-10-08 16:48:32,931] {dag.py:2379} INFO - Sync 1 DAGs
[2024-10-08 16:48:32,946] {logging_mixin.py:115} INFO - [2024-10-08 16:48:32,946] {dag.py:2927} INFO - Setting next_dagrun for example_branch_python_operator_decorator to 2024-10-07T00:00:00+00:00, run_after=2024-10-08T00:00:00+00:00
[2024-10-08 16:48:33,365] {processor.py:161} INFO - Processing /home/kennedy/KR/Programação/00.Estudos/DataEng/Alura/airflow-executores/venv/lib/python3.9/site-packages/airflow/example_dags/example_branch_operator_decorator.py took 0.474 seconds
[2024-10-08 16:49:44,963] {processor.py:153} INFO - Started process (PID=19342) to work on /home/kennedy/KR/Programação/00.Estudos/DataEng/Alura/airflow-executores/venv/lib/python3.9/site-packages/airflow/example_dags/example_branch_operator_decorator.py
[2024-10-08 16:49:45,120] {processor.py:641} INFO - Processing file /home/kennedy/KR/Programação/00.Estudos/DataEng/Alura/airflow-executores/venv/lib/python3.9/site-packages/airflow/example_dags/example_branch_operator_decorator.py for tasks to queue
[2024-10-08 16:49:45,121] {logging_mixin.py:115} INFO - [2024-10-08 16:49:45,121] {dagbag.py:507} INFO - Filling up the DagBag from /home/kennedy/KR/Programação/00.Estudos/DataEng/Alura/airflow-executores/venv/lib/python3.9/site-packages/airflow/example_dags/example_branch_operator_decorator.py
[2024-10-08 16:49:45,163] {processor.py:651} INFO - DAG(s) dict_keys(['example_branch_python_operator_decorator']) retrieved from /home/kennedy/KR/Programação/00.Estudos/DataEng/Alura/airflow-executores/venv/lib/python3.9/site-packages/airflow/example_dags/example_branch_operator_decorator.py
[2024-10-08 16:49:45,522] {logging_mixin.py:115} INFO - [2024-10-08 16:49:45,521] {dag.py:2379} INFO - Sync 1 DAGs
[2024-10-08 16:49:45,545] {logging_mixin.py:115} INFO - [2024-10-08 16:49:45,545] {dag.py:2927} INFO - Setting next_dagrun for example_branch_python_operator_decorator to 2024-10-07T00:00:00+00:00, run_after=2024-10-08T00:00:00+00:00
[2024-10-08 16:49:45,653] {processor.py:161} INFO - Processing /home/kennedy/KR/Programação/00.Estudos/DataEng/Alura/airflow-executores/venv/lib/python3.9/site-packages/airflow/example_dags/example_branch_operator_decorator.py took 0.695 seconds
[2024-10-08 17:23:10,236] {processor.py:153} INFO - Started process (PID=40159) to work on /home/kennedy/KR/Programação/00.Estudos/DataEng/Alura/airflow-executores/venv/lib/python3.9/site-packages/airflow/example_dags/example_branch_operator_decorator.py
[2024-10-08 17:23:11,297] {processor.py:641} INFO - Processing file /home/kennedy/KR/Programação/00.Estudos/DataEng/Alura/airflow-executores/venv/lib/python3.9/site-packages/airflow/example_dags/example_branch_operator_decorator.py for tasks to queue
[2024-10-08 17:23:11,298] {logging_mixin.py:115} INFO - [2024-10-08 17:23:11,298] {dagbag.py:507} INFO - Filling up the DagBag from /home/kennedy/KR/Programação/00.Estudos/DataEng/Alura/airflow-executores/venv/lib/python3.9/site-packages/airflow/example_dags/example_branch_operator_decorator.py
[2024-10-08 17:23:11,334] {processor.py:651} INFO - DAG(s) dict_keys(['example_branch_python_operator_decorator']) retrieved from /home/kennedy/KR/Programação/00.Estudos/DataEng/Alura/airflow-executores/venv/lib/python3.9/site-packages/airflow/example_dags/example_branch_operator_decorator.py
[2024-10-08 17:23:11,352] {logging_mixin.py:115} INFO - [2024-10-08 17:23:11,351] {dag.py:2379} INFO - Sync 1 DAGs
[2024-10-08 17:23:11,365] {logging_mixin.py:115} INFO - [2024-10-08 17:23:11,365] {dag.py:2927} INFO - Setting next_dagrun for example_branch_python_operator_decorator to 2024-10-07T00:00:00+00:00, run_after=2024-10-08T00:00:00+00:00
[2024-10-08 17:23:11,573] {processor.py:161} INFO - Processing /home/kennedy/KR/Programação/00.Estudos/DataEng/Alura/airflow-executores/venv/lib/python3.9/site-packages/airflow/example_dags/example_branch_operator_decorator.py took 1.339 seconds
