[2024-10-08 13:24:17,106] {processor.py:153} INFO - Started process (PID=37623) to work on /home/kennedy/KR/Programação/00.Estudos/DataEng/Alura/airflow-executores/venv/lib/python3.9/site-packages/airflow/example_dags/example_branch_day_of_week_operator.py
[2024-10-08 13:24:17,107] {processor.py:641} INFO - Processing file /home/kennedy/KR/Programação/00.Estudos/DataEng/Alura/airflow-executores/venv/lib/python3.9/site-packages/airflow/example_dags/example_branch_day_of_week_operator.py for tasks to queue
[2024-10-08 13:24:17,109] {logging_mixin.py:115} INFO - [2024-10-08 13:24:17,108] {dagbag.py:507} INFO - Filling up the DagBag from /home/kennedy/KR/Programação/00.Estudos/DataEng/Alura/airflow-executores/venv/lib/python3.9/site-packages/airflow/example_dags/example_branch_day_of_week_operator.py
[2024-10-08 13:24:17,126] {processor.py:651} INFO - DAG(s) dict_keys(['example_weekday_branch_operator']) retrieved from /home/kennedy/KR/Programação/00.Estudos/DataEng/Alura/airflow-executores/venv/lib/python3.9/site-packages/airflow/example_dags/example_branch_day_of_week_operator.py
[2024-10-08 13:24:19,417] {logging_mixin.py:115} INFO - [2024-10-08 13:24:19,417] {manager.py:508} INFO - Created Permission View: can delete on DAG:example_weekday_branch_operator
[2024-10-08 13:24:19,707] {logging_mixin.py:115} INFO - [2024-10-08 13:24:19,707] {manager.py:508} INFO - Created Permission View: can read on DAG:example_weekday_branch_operator
[2024-10-08 13:24:20,307] {logging_mixin.py:115} INFO - [2024-10-08 13:24:20,307] {manager.py:508} INFO - Created Permission View: can edit on DAG:example_weekday_branch_operator
[2024-10-08 13:24:20,307] {logging_mixin.py:115} INFO - [2024-10-08 13:24:20,307] {dag.py:2379} INFO - Sync 1 DAGs
[2024-10-08 13:24:20,318] {logging_mixin.py:115} INFO - [2024-10-08 13:24:20,318] {dag.py:2398} INFO - Creating ORM DAG for example_weekday_branch_operator
[2024-10-08 13:24:20,328] {logging_mixin.py:115} INFO - [2024-10-08 13:24:20,328] {dag.py:2927} INFO - Setting next_dagrun for example_weekday_branch_operator to 2024-10-07T00:00:00+00:00, run_after=2024-10-08T00:00:00+00:00
[2024-10-08 13:24:20,556] {processor.py:161} INFO - Processing /home/kennedy/KR/Programação/00.Estudos/DataEng/Alura/airflow-executores/venv/lib/python3.9/site-packages/airflow/example_dags/example_branch_day_of_week_operator.py took 3.457 seconds
[2024-10-08 13:26:02,894] {processor.py:153} INFO - Started process (PID=37805) to work on /home/kennedy/KR/Programação/00.Estudos/DataEng/Alura/airflow-executores/venv/lib/python3.9/site-packages/airflow/example_dags/example_branch_day_of_week_operator.py
[2024-10-08 13:26:02,918] {processor.py:641} INFO - Processing file /home/kennedy/KR/Programação/00.Estudos/DataEng/Alura/airflow-executores/venv/lib/python3.9/site-packages/airflow/example_dags/example_branch_day_of_week_operator.py for tasks to queue
[2024-10-08 13:26:02,919] {logging_mixin.py:115} INFO - [2024-10-08 13:26:02,919] {dagbag.py:507} INFO - Filling up the DagBag from /home/kennedy/KR/Programação/00.Estudos/DataEng/Alura/airflow-executores/venv/lib/python3.9/site-packages/airflow/example_dags/example_branch_day_of_week_operator.py
[2024-10-08 13:26:02,938] {processor.py:651} INFO - DAG(s) dict_keys(['example_weekday_branch_operator']) retrieved from /home/kennedy/KR/Programação/00.Estudos/DataEng/Alura/airflow-executores/venv/lib/python3.9/site-packages/airflow/example_dags/example_branch_day_of_week_operator.py
[2024-10-08 13:26:02,957] {logging_mixin.py:115} INFO - [2024-10-08 13:26:02,957] {dag.py:2379} INFO - Sync 1 DAGs
[2024-10-08 13:26:02,973] {logging_mixin.py:115} INFO - [2024-10-08 13:26:02,973] {dag.py:2927} INFO - Setting next_dagrun for example_weekday_branch_operator to 2024-10-07T00:00:00+00:00, run_after=2024-10-08T00:00:00+00:00
[2024-10-08 13:26:03,207] {processor.py:161} INFO - Processing /home/kennedy/KR/Programação/00.Estudos/DataEng/Alura/airflow-executores/venv/lib/python3.9/site-packages/airflow/example_dags/example_branch_day_of_week_operator.py took 0.319 seconds
[2024-10-08 13:27:08,498] {processor.py:153} INFO - Started process (PID=37943) to work on /home/kennedy/KR/Programação/00.Estudos/DataEng/Alura/airflow-executores/venv/lib/python3.9/site-packages/airflow/example_dags/example_branch_day_of_week_operator.py
[2024-10-08 13:27:08,511] {processor.py:641} INFO - Processing file /home/kennedy/KR/Programação/00.Estudos/DataEng/Alura/airflow-executores/venv/lib/python3.9/site-packages/airflow/example_dags/example_branch_day_of_week_operator.py for tasks to queue
[2024-10-08 13:27:08,512] {logging_mixin.py:115} INFO - [2024-10-08 13:27:08,512] {dagbag.py:507} INFO - Filling up the DagBag from /home/kennedy/KR/Programação/00.Estudos/DataEng/Alura/airflow-executores/venv/lib/python3.9/site-packages/airflow/example_dags/example_branch_day_of_week_operator.py
[2024-10-08 13:27:08,529] {processor.py:651} INFO - DAG(s) dict_keys(['example_weekday_branch_operator']) retrieved from /home/kennedy/KR/Programação/00.Estudos/DataEng/Alura/airflow-executores/venv/lib/python3.9/site-packages/airflow/example_dags/example_branch_day_of_week_operator.py
[2024-10-08 13:27:08,548] {logging_mixin.py:115} INFO - [2024-10-08 13:27:08,547] {dag.py:2379} INFO - Sync 1 DAGs
[2024-10-08 13:27:08,562] {logging_mixin.py:115} INFO - [2024-10-08 13:27:08,562] {dag.py:2927} INFO - Setting next_dagrun for example_weekday_branch_operator to 2024-10-07T00:00:00+00:00, run_after=2024-10-08T00:00:00+00:00
[2024-10-08 13:27:10,705] {processor.py:161} INFO - Processing /home/kennedy/KR/Programação/00.Estudos/DataEng/Alura/airflow-executores/venv/lib/python3.9/site-packages/airflow/example_dags/example_branch_day_of_week_operator.py took 2.214 seconds
[2024-10-08 13:28:33,462] {processor.py:153} INFO - Started process (PID=38084) to work on /home/kennedy/KR/Programação/00.Estudos/DataEng/Alura/airflow-executores/venv/lib/python3.9/site-packages/airflow/example_dags/example_branch_day_of_week_operator.py
[2024-10-08 13:28:33,688] {processor.py:641} INFO - Processing file /home/kennedy/KR/Programação/00.Estudos/DataEng/Alura/airflow-executores/venv/lib/python3.9/site-packages/airflow/example_dags/example_branch_day_of_week_operator.py for tasks to queue
[2024-10-08 13:28:33,741] {logging_mixin.py:115} INFO - [2024-10-08 13:28:33,741] {dagbag.py:507} INFO - Filling up the DagBag from /home/kennedy/KR/Programação/00.Estudos/DataEng/Alura/airflow-executores/venv/lib/python3.9/site-packages/airflow/example_dags/example_branch_day_of_week_operator.py
[2024-10-08 13:28:33,758] {processor.py:651} INFO - DAG(s) dict_keys(['example_weekday_branch_operator']) retrieved from /home/kennedy/KR/Programação/00.Estudos/DataEng/Alura/airflow-executores/venv/lib/python3.9/site-packages/airflow/example_dags/example_branch_day_of_week_operator.py
[2024-10-08 13:28:33,785] {logging_mixin.py:115} INFO - [2024-10-08 13:28:33,785] {dag.py:2379} INFO - Sync 1 DAGs
[2024-10-08 13:28:33,801] {logging_mixin.py:115} INFO - [2024-10-08 13:28:33,801] {dag.py:2927} INFO - Setting next_dagrun for example_weekday_branch_operator to 2024-10-07T00:00:00+00:00, run_after=2024-10-08T00:00:00+00:00
[2024-10-08 13:28:34,965] {processor.py:161} INFO - Processing /home/kennedy/KR/Programação/00.Estudos/DataEng/Alura/airflow-executores/venv/lib/python3.9/site-packages/airflow/example_dags/example_branch_day_of_week_operator.py took 1.509 seconds
[2024-10-08 13:29:49,019] {processor.py:153} INFO - Started process (PID=38519) to work on /home/kennedy/KR/Programação/00.Estudos/DataEng/Alura/airflow-executores/venv/lib/python3.9/site-packages/airflow/example_dags/example_branch_day_of_week_operator.py
[2024-10-08 13:29:49,739] {processor.py:641} INFO - Processing file /home/kennedy/KR/Programação/00.Estudos/DataEng/Alura/airflow-executores/venv/lib/python3.9/site-packages/airflow/example_dags/example_branch_day_of_week_operator.py for tasks to queue
[2024-10-08 13:29:49,739] {logging_mixin.py:115} INFO - [2024-10-08 13:29:49,739] {dagbag.py:507} INFO - Filling up the DagBag from /home/kennedy/KR/Programação/00.Estudos/DataEng/Alura/airflow-executores/venv/lib/python3.9/site-packages/airflow/example_dags/example_branch_day_of_week_operator.py
[2024-10-08 13:29:49,760] {processor.py:651} INFO - DAG(s) dict_keys(['example_weekday_branch_operator']) retrieved from /home/kennedy/KR/Programação/00.Estudos/DataEng/Alura/airflow-executores/venv/lib/python3.9/site-packages/airflow/example_dags/example_branch_day_of_week_operator.py
[2024-10-08 13:29:49,803] {logging_mixin.py:115} INFO - [2024-10-08 13:29:49,802] {dag.py:2379} INFO - Sync 1 DAGs
[2024-10-08 13:29:49,837] {logging_mixin.py:115} INFO - [2024-10-08 13:29:49,837] {dag.py:2927} INFO - Setting next_dagrun for example_weekday_branch_operator to 2024-10-07T00:00:00+00:00, run_after=2024-10-08T00:00:00+00:00
[2024-10-08 13:29:50,369] {processor.py:161} INFO - Processing /home/kennedy/KR/Programação/00.Estudos/DataEng/Alura/airflow-executores/venv/lib/python3.9/site-packages/airflow/example_dags/example_branch_day_of_week_operator.py took 1.353 seconds
[2024-10-08 13:30:50,011] {processor.py:153} INFO - Started process (PID=38611) to work on /home/kennedy/KR/Programação/00.Estudos/DataEng/Alura/airflow-executores/venv/lib/python3.9/site-packages/airflow/example_dags/example_branch_day_of_week_operator.py
[2024-10-08 13:30:50,080] {processor.py:641} INFO - Processing file /home/kennedy/KR/Programação/00.Estudos/DataEng/Alura/airflow-executores/venv/lib/python3.9/site-packages/airflow/example_dags/example_branch_day_of_week_operator.py for tasks to queue
[2024-10-08 13:30:50,081] {logging_mixin.py:115} INFO - [2024-10-08 13:30:50,081] {dagbag.py:507} INFO - Filling up the DagBag from /home/kennedy/KR/Programação/00.Estudos/DataEng/Alura/airflow-executores/venv/lib/python3.9/site-packages/airflow/example_dags/example_branch_day_of_week_operator.py
[2024-10-08 13:30:50,088] {processor.py:651} INFO - DAG(s) dict_keys(['example_weekday_branch_operator']) retrieved from /home/kennedy/KR/Programação/00.Estudos/DataEng/Alura/airflow-executores/venv/lib/python3.9/site-packages/airflow/example_dags/example_branch_day_of_week_operator.py
[2024-10-08 13:30:50,103] {logging_mixin.py:115} INFO - [2024-10-08 13:30:50,103] {dag.py:2379} INFO - Sync 1 DAGs
[2024-10-08 13:30:50,121] {logging_mixin.py:115} INFO - [2024-10-08 13:30:50,121] {dag.py:2927} INFO - Setting next_dagrun for example_weekday_branch_operator to 2024-10-07T00:00:00+00:00, run_after=2024-10-08T00:00:00+00:00
[2024-10-08 13:30:50,808] {processor.py:161} INFO - Processing /home/kennedy/KR/Programação/00.Estudos/DataEng/Alura/airflow-executores/venv/lib/python3.9/site-packages/airflow/example_dags/example_branch_day_of_week_operator.py took 0.799 seconds
[2024-10-08 13:31:53,759] {processor.py:153} INFO - Started process (PID=38715) to work on /home/kennedy/KR/Programação/00.Estudos/DataEng/Alura/airflow-executores/venv/lib/python3.9/site-packages/airflow/example_dags/example_branch_day_of_week_operator.py
[2024-10-08 13:31:53,827] {processor.py:641} INFO - Processing file /home/kennedy/KR/Programação/00.Estudos/DataEng/Alura/airflow-executores/venv/lib/python3.9/site-packages/airflow/example_dags/example_branch_day_of_week_operator.py for tasks to queue
[2024-10-08 13:31:53,828] {logging_mixin.py:115} INFO - [2024-10-08 13:31:53,828] {dagbag.py:507} INFO - Filling up the DagBag from /home/kennedy/KR/Programação/00.Estudos/DataEng/Alura/airflow-executores/venv/lib/python3.9/site-packages/airflow/example_dags/example_branch_day_of_week_operator.py
[2024-10-08 13:31:53,844] {processor.py:651} INFO - DAG(s) dict_keys(['example_weekday_branch_operator']) retrieved from /home/kennedy/KR/Programação/00.Estudos/DataEng/Alura/airflow-executores/venv/lib/python3.9/site-packages/airflow/example_dags/example_branch_day_of_week_operator.py
[2024-10-08 13:31:53,873] {logging_mixin.py:115} INFO - [2024-10-08 13:31:53,873] {dag.py:2379} INFO - Sync 1 DAGs
[2024-10-08 13:31:53,892] {logging_mixin.py:115} INFO - [2024-10-08 13:31:53,891] {dag.py:2927} INFO - Setting next_dagrun for example_weekday_branch_operator to 2024-10-07T00:00:00+00:00, run_after=2024-10-08T00:00:00+00:00
[2024-10-08 13:31:54,114] {processor.py:161} INFO - Processing /home/kennedy/KR/Programação/00.Estudos/DataEng/Alura/airflow-executores/venv/lib/python3.9/site-packages/airflow/example_dags/example_branch_day_of_week_operator.py took 0.364 seconds
[2024-10-08 13:33:08,791] {processor.py:153} INFO - Started process (PID=38874) to work on /home/kennedy/KR/Programação/00.Estudos/DataEng/Alura/airflow-executores/venv/lib/python3.9/site-packages/airflow/example_dags/example_branch_day_of_week_operator.py
[2024-10-08 13:33:08,896] {processor.py:641} INFO - Processing file /home/kennedy/KR/Programação/00.Estudos/DataEng/Alura/airflow-executores/venv/lib/python3.9/site-packages/airflow/example_dags/example_branch_day_of_week_operator.py for tasks to queue
[2024-10-08 13:33:08,897] {logging_mixin.py:115} INFO - [2024-10-08 13:33:08,897] {dagbag.py:507} INFO - Filling up the DagBag from /home/kennedy/KR/Programação/00.Estudos/DataEng/Alura/airflow-executores/venv/lib/python3.9/site-packages/airflow/example_dags/example_branch_day_of_week_operator.py
[2024-10-08 13:33:08,915] {processor.py:651} INFO - DAG(s) dict_keys(['example_weekday_branch_operator']) retrieved from /home/kennedy/KR/Programação/00.Estudos/DataEng/Alura/airflow-executores/venv/lib/python3.9/site-packages/airflow/example_dags/example_branch_day_of_week_operator.py
[2024-10-08 13:33:08,948] {logging_mixin.py:115} INFO - [2024-10-08 13:33:08,948] {dag.py:2379} INFO - Sync 1 DAGs
[2024-10-08 13:33:08,967] {logging_mixin.py:115} INFO - [2024-10-08 13:33:08,967] {dag.py:2927} INFO - Setting next_dagrun for example_weekday_branch_operator to 2024-10-07T00:00:00+00:00, run_after=2024-10-08T00:00:00+00:00
[2024-10-08 13:33:09,618] {processor.py:161} INFO - Processing /home/kennedy/KR/Programação/00.Estudos/DataEng/Alura/airflow-executores/venv/lib/python3.9/site-packages/airflow/example_dags/example_branch_day_of_week_operator.py took 0.833 seconds
[2024-10-08 13:34:15,899] {processor.py:153} INFO - Started process (PID=38951) to work on /home/kennedy/KR/Programação/00.Estudos/DataEng/Alura/airflow-executores/venv/lib/python3.9/site-packages/airflow/example_dags/example_branch_day_of_week_operator.py
[2024-10-08 13:34:16,039] {processor.py:641} INFO - Processing file /home/kennedy/KR/Programação/00.Estudos/DataEng/Alura/airflow-executores/venv/lib/python3.9/site-packages/airflow/example_dags/example_branch_day_of_week_operator.py for tasks to queue
[2024-10-08 13:34:16,039] {logging_mixin.py:115} INFO - [2024-10-08 13:34:16,039] {dagbag.py:507} INFO - Filling up the DagBag from /home/kennedy/KR/Programação/00.Estudos/DataEng/Alura/airflow-executores/venv/lib/python3.9/site-packages/airflow/example_dags/example_branch_day_of_week_operator.py
[2024-10-08 13:34:16,054] {processor.py:651} INFO - DAG(s) dict_keys(['example_weekday_branch_operator']) retrieved from /home/kennedy/KR/Programação/00.Estudos/DataEng/Alura/airflow-executores/venv/lib/python3.9/site-packages/airflow/example_dags/example_branch_day_of_week_operator.py
[2024-10-08 13:34:16,078] {logging_mixin.py:115} INFO - [2024-10-08 13:34:16,078] {dag.py:2379} INFO - Sync 1 DAGs
[2024-10-08 13:34:16,118] {logging_mixin.py:115} INFO - [2024-10-08 13:34:16,117] {dag.py:2927} INFO - Setting next_dagrun for example_weekday_branch_operator to 2024-10-07T00:00:00+00:00, run_after=2024-10-08T00:00:00+00:00
[2024-10-08 13:34:17,024] {processor.py:161} INFO - Processing /home/kennedy/KR/Programação/00.Estudos/DataEng/Alura/airflow-executores/venv/lib/python3.9/site-packages/airflow/example_dags/example_branch_day_of_week_operator.py took 1.127 seconds
[2024-10-08 16:37:08,001] {processor.py:153} INFO - Started process (PID=16748) to work on /home/kennedy/KR/Programação/00.Estudos/DataEng/Alura/airflow-executores/venv/lib/python3.9/site-packages/airflow/example_dags/example_branch_day_of_week_operator.py
[2024-10-08 16:37:08,034] {processor.py:641} INFO - Processing file /home/kennedy/KR/Programação/00.Estudos/DataEng/Alura/airflow-executores/venv/lib/python3.9/site-packages/airflow/example_dags/example_branch_day_of_week_operator.py for tasks to queue
[2024-10-08 16:37:08,036] {logging_mixin.py:115} INFO - [2024-10-08 16:37:08,035] {dagbag.py:507} INFO - Filling up the DagBag from /home/kennedy/KR/Programação/00.Estudos/DataEng/Alura/airflow-executores/venv/lib/python3.9/site-packages/airflow/example_dags/example_branch_day_of_week_operator.py
[2024-10-08 16:37:08,076] {processor.py:651} INFO - DAG(s) dict_keys(['example_weekday_branch_operator']) retrieved from /home/kennedy/KR/Programação/00.Estudos/DataEng/Alura/airflow-executores/venv/lib/python3.9/site-packages/airflow/example_dags/example_branch_day_of_week_operator.py
[2024-10-08 16:37:08,115] {logging_mixin.py:115} INFO - [2024-10-08 16:37:08,115] {dag.py:2379} INFO - Sync 1 DAGs
[2024-10-08 16:37:08,126] {logging_mixin.py:115} INFO - [2024-10-08 16:37:08,126] {dag.py:2927} INFO - Setting next_dagrun for example_weekday_branch_operator to 2024-10-07T00:00:00+00:00, run_after=2024-10-08T00:00:00+00:00
[2024-10-08 16:37:08,204] {processor.py:161} INFO - Processing /home/kennedy/KR/Programação/00.Estudos/DataEng/Alura/airflow-executores/venv/lib/python3.9/site-packages/airflow/example_dags/example_branch_day_of_week_operator.py took 0.209 seconds
[2024-10-08 16:37:54,257] {processor.py:153} INFO - Started process (PID=16814) to work on /home/kennedy/KR/Programação/00.Estudos/DataEng/Alura/airflow-executores/venv/lib/python3.9/site-packages/airflow/example_dags/example_branch_day_of_week_operator.py
[2024-10-08 16:37:54,263] {processor.py:641} INFO - Processing file /home/kennedy/KR/Programação/00.Estudos/DataEng/Alura/airflow-executores/venv/lib/python3.9/site-packages/airflow/example_dags/example_branch_day_of_week_operator.py for tasks to queue
[2024-10-08 16:37:54,264] {logging_mixin.py:115} INFO - [2024-10-08 16:37:54,264] {dagbag.py:507} INFO - Filling up the DagBag from /home/kennedy/KR/Programação/00.Estudos/DataEng/Alura/airflow-executores/venv/lib/python3.9/site-packages/airflow/example_dags/example_branch_day_of_week_operator.py
[2024-10-08 16:37:54,277] {processor.py:651} INFO - DAG(s) dict_keys(['example_weekday_branch_operator']) retrieved from /home/kennedy/KR/Programação/00.Estudos/DataEng/Alura/airflow-executores/venv/lib/python3.9/site-packages/airflow/example_dags/example_branch_day_of_week_operator.py
[2024-10-08 16:37:54,295] {logging_mixin.py:115} INFO - [2024-10-08 16:37:54,295] {dag.py:2379} INFO - Sync 1 DAGs
[2024-10-08 16:37:54,313] {logging_mixin.py:115} INFO - [2024-10-08 16:37:54,313] {dag.py:2927} INFO - Setting next_dagrun for example_weekday_branch_operator to 2024-10-07T00:00:00+00:00, run_after=2024-10-08T00:00:00+00:00
[2024-10-08 16:37:54,484] {processor.py:161} INFO - Processing /home/kennedy/KR/Programação/00.Estudos/DataEng/Alura/airflow-executores/venv/lib/python3.9/site-packages/airflow/example_dags/example_branch_day_of_week_operator.py took 0.233 seconds
[2024-10-08 16:39:35,350] {processor.py:153} INFO - Started process (PID=17511) to work on /home/kennedy/KR/Programação/00.Estudos/DataEng/Alura/airflow-executores/venv/lib/python3.9/site-packages/airflow/example_dags/example_branch_day_of_week_operator.py
[2024-10-08 16:39:35,452] {processor.py:641} INFO - Processing file /home/kennedy/KR/Programação/00.Estudos/DataEng/Alura/airflow-executores/venv/lib/python3.9/site-packages/airflow/example_dags/example_branch_day_of_week_operator.py for tasks to queue
[2024-10-08 16:39:35,454] {logging_mixin.py:115} INFO - [2024-10-08 16:39:35,454] {dagbag.py:507} INFO - Filling up the DagBag from /home/kennedy/KR/Programação/00.Estudos/DataEng/Alura/airflow-executores/venv/lib/python3.9/site-packages/airflow/example_dags/example_branch_day_of_week_operator.py
[2024-10-08 16:39:35,465] {processor.py:651} INFO - DAG(s) dict_keys(['example_weekday_branch_operator']) retrieved from /home/kennedy/KR/Programação/00.Estudos/DataEng/Alura/airflow-executores/venv/lib/python3.9/site-packages/airflow/example_dags/example_branch_day_of_week_operator.py
[2024-10-08 16:39:35,490] {logging_mixin.py:115} INFO - [2024-10-08 16:39:35,490] {dag.py:2379} INFO - Sync 1 DAGs
[2024-10-08 16:39:35,511] {logging_mixin.py:115} INFO - [2024-10-08 16:39:35,510] {dag.py:2927} INFO - Setting next_dagrun for example_weekday_branch_operator to 2024-10-07T00:00:00+00:00, run_after=2024-10-08T00:00:00+00:00
[2024-10-08 16:39:35,699] {processor.py:161} INFO - Processing /home/kennedy/KR/Programação/00.Estudos/DataEng/Alura/airflow-executores/venv/lib/python3.9/site-packages/airflow/example_dags/example_branch_day_of_week_operator.py took 0.352 seconds
[2024-10-08 16:41:56,970] {processor.py:153} INFO - Started process (PID=18089) to work on /home/kennedy/KR/Programação/00.Estudos/DataEng/Alura/airflow-executores/venv/lib/python3.9/site-packages/airflow/example_dags/example_branch_day_of_week_operator.py
[2024-10-08 16:41:56,989] {processor.py:641} INFO - Processing file /home/kennedy/KR/Programação/00.Estudos/DataEng/Alura/airflow-executores/venv/lib/python3.9/site-packages/airflow/example_dags/example_branch_day_of_week_operator.py for tasks to queue
[2024-10-08 16:41:56,989] {logging_mixin.py:115} INFO - [2024-10-08 16:41:56,989] {dagbag.py:507} INFO - Filling up the DagBag from /home/kennedy/KR/Programação/00.Estudos/DataEng/Alura/airflow-executores/venv/lib/python3.9/site-packages/airflow/example_dags/example_branch_day_of_week_operator.py
[2024-10-08 16:41:56,997] {processor.py:651} INFO - DAG(s) dict_keys(['example_weekday_branch_operator']) retrieved from /home/kennedy/KR/Programação/00.Estudos/DataEng/Alura/airflow-executores/venv/lib/python3.9/site-packages/airflow/example_dags/example_branch_day_of_week_operator.py
[2024-10-08 16:41:57,013] {logging_mixin.py:115} INFO - [2024-10-08 16:41:57,013] {dag.py:2379} INFO - Sync 1 DAGs
[2024-10-08 16:41:57,032] {logging_mixin.py:115} INFO - [2024-10-08 16:41:57,031] {dag.py:2927} INFO - Setting next_dagrun for example_weekday_branch_operator to 2024-10-07T00:00:00+00:00, run_after=2024-10-08T00:00:00+00:00
[2024-10-08 16:41:57,443] {processor.py:161} INFO - Processing /home/kennedy/KR/Programação/00.Estudos/DataEng/Alura/airflow-executores/venv/lib/python3.9/site-packages/airflow/example_dags/example_branch_day_of_week_operator.py took 0.477 seconds
[2024-10-08 16:43:20,498] {processor.py:153} INFO - Started process (PID=18223) to work on /home/kennedy/KR/Programação/00.Estudos/DataEng/Alura/airflow-executores/venv/lib/python3.9/site-packages/airflow/example_dags/example_branch_day_of_week_operator.py
[2024-10-08 16:43:21,022] {processor.py:641} INFO - Processing file /home/kennedy/KR/Programação/00.Estudos/DataEng/Alura/airflow-executores/venv/lib/python3.9/site-packages/airflow/example_dags/example_branch_day_of_week_operator.py for tasks to queue
[2024-10-08 16:43:21,024] {logging_mixin.py:115} INFO - [2024-10-08 16:43:21,024] {dagbag.py:507} INFO - Filling up the DagBag from /home/kennedy/KR/Programação/00.Estudos/DataEng/Alura/airflow-executores/venv/lib/python3.9/site-packages/airflow/example_dags/example_branch_day_of_week_operator.py
[2024-10-08 16:43:21,045] {processor.py:651} INFO - DAG(s) dict_keys(['example_weekday_branch_operator']) retrieved from /home/kennedy/KR/Programação/00.Estudos/DataEng/Alura/airflow-executores/venv/lib/python3.9/site-packages/airflow/example_dags/example_branch_day_of_week_operator.py
[2024-10-08 16:43:21,808] {logging_mixin.py:115} INFO - [2024-10-08 16:43:21,808] {dag.py:2379} INFO - Sync 1 DAGs
[2024-10-08 16:43:21,831] {logging_mixin.py:115} INFO - [2024-10-08 16:43:21,831] {dag.py:2927} INFO - Setting next_dagrun for example_weekday_branch_operator to 2024-10-07T00:00:00+00:00, run_after=2024-10-08T00:00:00+00:00
[2024-10-08 16:43:22,026] {processor.py:161} INFO - Processing /home/kennedy/KR/Programação/00.Estudos/DataEng/Alura/airflow-executores/venv/lib/python3.9/site-packages/airflow/example_dags/example_branch_day_of_week_operator.py took 1.535 seconds
[2024-10-08 16:44:49,423] {processor.py:153} INFO - Started process (PID=18303) to work on /home/kennedy/KR/Programação/00.Estudos/DataEng/Alura/airflow-executores/venv/lib/python3.9/site-packages/airflow/example_dags/example_branch_day_of_week_operator.py
[2024-10-08 16:44:49,435] {processor.py:641} INFO - Processing file /home/kennedy/KR/Programação/00.Estudos/DataEng/Alura/airflow-executores/venv/lib/python3.9/site-packages/airflow/example_dags/example_branch_day_of_week_operator.py for tasks to queue
[2024-10-08 16:44:49,437] {logging_mixin.py:115} INFO - [2024-10-08 16:44:49,436] {dagbag.py:507} INFO - Filling up the DagBag from /home/kennedy/KR/Programação/00.Estudos/DataEng/Alura/airflow-executores/venv/lib/python3.9/site-packages/airflow/example_dags/example_branch_day_of_week_operator.py
[2024-10-08 16:44:49,455] {processor.py:651} INFO - DAG(s) dict_keys(['example_weekday_branch_operator']) retrieved from /home/kennedy/KR/Programação/00.Estudos/DataEng/Alura/airflow-executores/venv/lib/python3.9/site-packages/airflow/example_dags/example_branch_day_of_week_operator.py
[2024-10-08 16:44:49,477] {logging_mixin.py:115} INFO - [2024-10-08 16:44:49,477] {dag.py:2379} INFO - Sync 1 DAGs
[2024-10-08 16:44:49,493] {logging_mixin.py:115} INFO - [2024-10-08 16:44:49,493] {dag.py:2927} INFO - Setting next_dagrun for example_weekday_branch_operator to 2024-10-07T00:00:00+00:00, run_after=2024-10-08T00:00:00+00:00
[2024-10-08 16:44:51,185] {processor.py:161} INFO - Processing /home/kennedy/KR/Programação/00.Estudos/DataEng/Alura/airflow-executores/venv/lib/python3.9/site-packages/airflow/example_dags/example_branch_day_of_week_operator.py took 1.768 seconds
[2024-10-08 16:47:06,840] {processor.py:153} INFO - Started process (PID=19049) to work on /home/kennedy/KR/Programação/00.Estudos/DataEng/Alura/airflow-executores/venv/lib/python3.9/site-packages/airflow/example_dags/example_branch_day_of_week_operator.py
[2024-10-08 16:47:08,220] {processor.py:641} INFO - Processing file /home/kennedy/KR/Programação/00.Estudos/DataEng/Alura/airflow-executores/venv/lib/python3.9/site-packages/airflow/example_dags/example_branch_day_of_week_operator.py for tasks to queue
[2024-10-08 16:47:08,222] {logging_mixin.py:115} INFO - [2024-10-08 16:47:08,222] {dagbag.py:507} INFO - Filling up the DagBag from /home/kennedy/KR/Programação/00.Estudos/DataEng/Alura/airflow-executores/venv/lib/python3.9/site-packages/airflow/example_dags/example_branch_day_of_week_operator.py
[2024-10-08 16:47:08,241] {processor.py:651} INFO - DAG(s) dict_keys(['example_weekday_branch_operator']) retrieved from /home/kennedy/KR/Programação/00.Estudos/DataEng/Alura/airflow-executores/venv/lib/python3.9/site-packages/airflow/example_dags/example_branch_day_of_week_operator.py
[2024-10-08 16:47:08,266] {logging_mixin.py:115} INFO - [2024-10-08 16:47:08,266] {dag.py:2379} INFO - Sync 1 DAGs
[2024-10-08 16:47:08,282] {logging_mixin.py:115} INFO - [2024-10-08 16:47:08,282] {dag.py:2927} INFO - Setting next_dagrun for example_weekday_branch_operator to 2024-10-07T00:00:00+00:00, run_after=2024-10-08T00:00:00+00:00
[2024-10-08 16:47:09,034] {processor.py:161} INFO - Processing /home/kennedy/KR/Programação/00.Estudos/DataEng/Alura/airflow-executores/venv/lib/python3.9/site-packages/airflow/example_dags/example_branch_day_of_week_operator.py took 2.201 seconds
[2024-10-08 16:48:28,859] {processor.py:153} INFO - Started process (PID=19243) to work on /home/kennedy/KR/Programação/00.Estudos/DataEng/Alura/airflow-executores/venv/lib/python3.9/site-packages/airflow/example_dags/example_branch_day_of_week_operator.py
[2024-10-08 16:48:28,866] {processor.py:641} INFO - Processing file /home/kennedy/KR/Programação/00.Estudos/DataEng/Alura/airflow-executores/venv/lib/python3.9/site-packages/airflow/example_dags/example_branch_day_of_week_operator.py for tasks to queue
[2024-10-08 16:48:28,866] {logging_mixin.py:115} INFO - [2024-10-08 16:48:28,866] {dagbag.py:507} INFO - Filling up the DagBag from /home/kennedy/KR/Programação/00.Estudos/DataEng/Alura/airflow-executores/venv/lib/python3.9/site-packages/airflow/example_dags/example_branch_day_of_week_operator.py
[2024-10-08 16:48:28,872] {processor.py:651} INFO - DAG(s) dict_keys(['example_weekday_branch_operator']) retrieved from /home/kennedy/KR/Programação/00.Estudos/DataEng/Alura/airflow-executores/venv/lib/python3.9/site-packages/airflow/example_dags/example_branch_day_of_week_operator.py
[2024-10-08 16:48:28,884] {logging_mixin.py:115} INFO - [2024-10-08 16:48:28,884] {dag.py:2379} INFO - Sync 1 DAGs
[2024-10-08 16:48:28,898] {logging_mixin.py:115} INFO - [2024-10-08 16:48:28,898] {dag.py:2927} INFO - Setting next_dagrun for example_weekday_branch_operator to 2024-10-07T00:00:00+00:00, run_after=2024-10-08T00:00:00+00:00
[2024-10-08 16:48:28,991] {processor.py:161} INFO - Processing /home/kennedy/KR/Programação/00.Estudos/DataEng/Alura/airflow-executores/venv/lib/python3.9/site-packages/airflow/example_dags/example_branch_day_of_week_operator.py took 0.134 seconds
[2024-10-08 16:49:39,420] {processor.py:153} INFO - Started process (PID=19335) to work on /home/kennedy/KR/Programação/00.Estudos/DataEng/Alura/airflow-executores/venv/lib/python3.9/site-packages/airflow/example_dags/example_branch_day_of_week_operator.py
[2024-10-08 16:49:39,573] {processor.py:641} INFO - Processing file /home/kennedy/KR/Programação/00.Estudos/DataEng/Alura/airflow-executores/venv/lib/python3.9/site-packages/airflow/example_dags/example_branch_day_of_week_operator.py for tasks to queue
[2024-10-08 16:49:39,574] {logging_mixin.py:115} INFO - [2024-10-08 16:49:39,574] {dagbag.py:507} INFO - Filling up the DagBag from /home/kennedy/KR/Programação/00.Estudos/DataEng/Alura/airflow-executores/venv/lib/python3.9/site-packages/airflow/example_dags/example_branch_day_of_week_operator.py
[2024-10-08 16:49:39,593] {processor.py:651} INFO - DAG(s) dict_keys(['example_weekday_branch_operator']) retrieved from /home/kennedy/KR/Programação/00.Estudos/DataEng/Alura/airflow-executores/venv/lib/python3.9/site-packages/airflow/example_dags/example_branch_day_of_week_operator.py
[2024-10-08 16:49:39,804] {logging_mixin.py:115} INFO - [2024-10-08 16:49:39,804] {dag.py:2379} INFO - Sync 1 DAGs
[2024-10-08 16:49:39,831] {logging_mixin.py:115} INFO - [2024-10-08 16:49:39,831] {dag.py:2927} INFO - Setting next_dagrun for example_weekday_branch_operator to 2024-10-07T00:00:00+00:00, run_after=2024-10-08T00:00:00+00:00
[2024-10-08 16:49:40,758] {processor.py:161} INFO - Processing /home/kennedy/KR/Programação/00.Estudos/DataEng/Alura/airflow-executores/venv/lib/python3.9/site-packages/airflow/example_dags/example_branch_day_of_week_operator.py took 1.345 seconds
[2024-10-08 17:23:03,123] {processor.py:153} INFO - Started process (PID=40155) to work on /home/kennedy/KR/Programação/00.Estudos/DataEng/Alura/airflow-executores/venv/lib/python3.9/site-packages/airflow/example_dags/example_branch_day_of_week_operator.py
[2024-10-08 17:23:03,138] {processor.py:641} INFO - Processing file /home/kennedy/KR/Programação/00.Estudos/DataEng/Alura/airflow-executores/venv/lib/python3.9/site-packages/airflow/example_dags/example_branch_day_of_week_operator.py for tasks to queue
[2024-10-08 17:23:03,140] {logging_mixin.py:115} INFO - [2024-10-08 17:23:03,139] {dagbag.py:507} INFO - Filling up the DagBag from /home/kennedy/KR/Programação/00.Estudos/DataEng/Alura/airflow-executores/venv/lib/python3.9/site-packages/airflow/example_dags/example_branch_day_of_week_operator.py
[2024-10-08 17:23:03,157] {processor.py:651} INFO - DAG(s) dict_keys(['example_weekday_branch_operator']) retrieved from /home/kennedy/KR/Programação/00.Estudos/DataEng/Alura/airflow-executores/venv/lib/python3.9/site-packages/airflow/example_dags/example_branch_day_of_week_operator.py
[2024-10-08 17:23:03,178] {logging_mixin.py:115} INFO - [2024-10-08 17:23:03,178] {dag.py:2379} INFO - Sync 1 DAGs
[2024-10-08 17:23:03,192] {logging_mixin.py:115} INFO - [2024-10-08 17:23:03,192] {dag.py:2927} INFO - Setting next_dagrun for example_weekday_branch_operator to 2024-10-07T00:00:00+00:00, run_after=2024-10-08T00:00:00+00:00
[2024-10-08 17:23:04,228] {processor.py:161} INFO - Processing /home/kennedy/KR/Programação/00.Estudos/DataEng/Alura/airflow-executores/venv/lib/python3.9/site-packages/airflow/example_dags/example_branch_day_of_week_operator.py took 1.111 seconds
