[2024-10-08 13:22:54,000] {processor.py:153} INFO - Started process (PID=37481) to work on /home/kennedy/KR/Programação/00.Estudos/DataEng/Alura/airflow-executores/venv/lib/python3.9/site-packages/airflow/example_dags/example_sla_dag.py
[2024-10-08 13:22:54,001] {processor.py:641} INFO - Processing file /home/kennedy/KR/Programação/00.Estudos/DataEng/Alura/airflow-executores/venv/lib/python3.9/site-packages/airflow/example_dags/example_sla_dag.py for tasks to queue
[2024-10-08 13:22:54,003] {logging_mixin.py:115} INFO - [2024-10-08 13:22:54,002] {dagbag.py:507} INFO - Filling up the DagBag from /home/kennedy/KR/Programação/00.Estudos/DataEng/Alura/airflow-executores/venv/lib/python3.9/site-packages/airflow/example_dags/example_sla_dag.py
[2024-10-08 13:22:54,029] {processor.py:651} INFO - DAG(s) dict_keys(['example_sla_dag']) retrieved from /home/kennedy/KR/Programação/00.Estudos/DataEng/Alura/airflow-executores/venv/lib/python3.9/site-packages/airflow/example_dags/example_sla_dag.py
[2024-10-08 13:22:55,163] {logging_mixin.py:115} INFO - [2024-10-08 13:22:55,163] {manager.py:508} INFO - Created Permission View: can delete on DAG:example_sla_dag
[2024-10-08 13:22:55,775] {logging_mixin.py:115} INFO - [2024-10-08 13:22:55,775] {manager.py:508} INFO - Created Permission View: can read on DAG:example_sla_dag
[2024-10-08 13:22:56,697] {logging_mixin.py:115} INFO - [2024-10-08 13:22:56,697] {manager.py:508} INFO - Created Permission View: can edit on DAG:example_sla_dag
[2024-10-08 13:22:56,697] {logging_mixin.py:115} INFO - [2024-10-08 13:22:56,697] {dag.py:2379} INFO - Sync 1 DAGs
[2024-10-08 13:22:56,709] {logging_mixin.py:115} INFO - [2024-10-08 13:22:56,709] {dag.py:2398} INFO - Creating ORM DAG for example_sla_dag
[2024-10-08 13:22:56,725] {logging_mixin.py:115} INFO - [2024-10-08 13:22:56,725] {dag.py:2927} INFO - Setting next_dagrun for example_sla_dag to 2024-10-08T16:20:00+00:00, run_after=2024-10-08T16:22:00+00:00
[2024-10-08 13:22:57,028] {processor.py:161} INFO - Processing /home/kennedy/KR/Programação/00.Estudos/DataEng/Alura/airflow-executores/venv/lib/python3.9/site-packages/airflow/example_dags/example_sla_dag.py took 3.035 seconds
[2024-10-08 13:24:59,927] {processor.py:153} INFO - Started process (PID=37725) to work on /home/kennedy/KR/Programação/00.Estudos/DataEng/Alura/airflow-executores/venv/lib/python3.9/site-packages/airflow/example_dags/example_sla_dag.py
[2024-10-08 13:25:01,147] {processor.py:641} INFO - Processing file /home/kennedy/KR/Programação/00.Estudos/DataEng/Alura/airflow-executores/venv/lib/python3.9/site-packages/airflow/example_dags/example_sla_dag.py for tasks to queue
[2024-10-08 13:25:01,148] {logging_mixin.py:115} INFO - [2024-10-08 13:25:01,148] {dagbag.py:507} INFO - Filling up the DagBag from /home/kennedy/KR/Programação/00.Estudos/DataEng/Alura/airflow-executores/venv/lib/python3.9/site-packages/airflow/example_dags/example_sla_dag.py
[2024-10-08 13:25:01,185] {processor.py:651} INFO - DAG(s) dict_keys(['example_sla_dag']) retrieved from /home/kennedy/KR/Programação/00.Estudos/DataEng/Alura/airflow-executores/venv/lib/python3.9/site-packages/airflow/example_dags/example_sla_dag.py
[2024-10-08 13:25:01,200] {logging_mixin.py:115} INFO - [2024-10-08 13:25:01,200] {dag.py:2379} INFO - Sync 1 DAGs
[2024-10-08 13:25:01,218] {logging_mixin.py:115} INFO - [2024-10-08 13:25:01,218] {dag.py:2927} INFO - Setting next_dagrun for example_sla_dag to 2024-10-08T16:22:00+00:00, run_after=2024-10-08T16:24:00+00:00
[2024-10-08 13:25:01,591] {processor.py:161} INFO - Processing /home/kennedy/KR/Programação/00.Estudos/DataEng/Alura/airflow-executores/venv/lib/python3.9/site-packages/airflow/example_dags/example_sla_dag.py took 1.670 seconds
[2024-10-08 13:25:54,541] {processor.py:153} INFO - Started process (PID=37792) to work on /home/kennedy/KR/Programação/00.Estudos/DataEng/Alura/airflow-executores/venv/lib/python3.9/site-packages/airflow/example_dags/example_sla_dag.py
[2024-10-08 13:25:54,624] {processor.py:641} INFO - Processing file /home/kennedy/KR/Programação/00.Estudos/DataEng/Alura/airflow-executores/venv/lib/python3.9/site-packages/airflow/example_dags/example_sla_dag.py for tasks to queue
[2024-10-08 13:25:54,626] {logging_mixin.py:115} INFO - [2024-10-08 13:25:54,626] {dagbag.py:507} INFO - Filling up the DagBag from /home/kennedy/KR/Programação/00.Estudos/DataEng/Alura/airflow-executores/venv/lib/python3.9/site-packages/airflow/example_dags/example_sla_dag.py
[2024-10-08 13:25:54,662] {processor.py:651} INFO - DAG(s) dict_keys(['example_sla_dag']) retrieved from /home/kennedy/KR/Programação/00.Estudos/DataEng/Alura/airflow-executores/venv/lib/python3.9/site-packages/airflow/example_dags/example_sla_dag.py
[2024-10-08 13:25:54,677] {logging_mixin.py:115} INFO - [2024-10-08 13:25:54,677] {dag.py:2379} INFO - Sync 1 DAGs
[2024-10-08 13:25:54,695] {logging_mixin.py:115} INFO - [2024-10-08 13:25:54,695] {dag.py:2927} INFO - Setting next_dagrun for example_sla_dag to 2024-10-08T16:22:00+00:00, run_after=2024-10-08T16:24:00+00:00
[2024-10-08 13:25:55,925] {processor.py:161} INFO - Processing /home/kennedy/KR/Programação/00.Estudos/DataEng/Alura/airflow-executores/venv/lib/python3.9/site-packages/airflow/example_dags/example_sla_dag.py took 1.388 seconds
[2024-10-08 13:27:00,718] {processor.py:153} INFO - Started process (PID=37937) to work on /home/kennedy/KR/Programação/00.Estudos/DataEng/Alura/airflow-executores/venv/lib/python3.9/site-packages/airflow/example_dags/example_sla_dag.py
[2024-10-08 13:27:00,829] {processor.py:641} INFO - Processing file /home/kennedy/KR/Programação/00.Estudos/DataEng/Alura/airflow-executores/venv/lib/python3.9/site-packages/airflow/example_dags/example_sla_dag.py for tasks to queue
[2024-10-08 13:27:00,830] {logging_mixin.py:115} INFO - [2024-10-08 13:27:00,829] {dagbag.py:507} INFO - Filling up the DagBag from /home/kennedy/KR/Programação/00.Estudos/DataEng/Alura/airflow-executores/venv/lib/python3.9/site-packages/airflow/example_dags/example_sla_dag.py
[2024-10-08 13:27:00,865] {processor.py:651} INFO - DAG(s) dict_keys(['example_sla_dag']) retrieved from /home/kennedy/KR/Programação/00.Estudos/DataEng/Alura/airflow-executores/venv/lib/python3.9/site-packages/airflow/example_dags/example_sla_dag.py
[2024-10-08 13:27:00,880] {logging_mixin.py:115} INFO - [2024-10-08 13:27:00,880] {dag.py:2379} INFO - Sync 1 DAGs
[2024-10-08 13:27:00,897] {logging_mixin.py:115} INFO - [2024-10-08 13:27:00,897] {dag.py:2927} INFO - Setting next_dagrun for example_sla_dag to 2024-10-08T16:24:00+00:00, run_after=2024-10-08T16:26:00+00:00
[2024-10-08 13:27:01,344] {processor.py:161} INFO - Processing /home/kennedy/KR/Programação/00.Estudos/DataEng/Alura/airflow-executores/venv/lib/python3.9/site-packages/airflow/example_dags/example_sla_dag.py took 0.630 seconds
[2024-10-08 13:28:24,998] {processor.py:153} INFO - Started process (PID=38069) to work on /home/kennedy/KR/Programação/00.Estudos/DataEng/Alura/airflow-executores/venv/lib/python3.9/site-packages/airflow/example_dags/example_sla_dag.py
[2024-10-08 13:28:25,000] {processor.py:641} INFO - Processing file /home/kennedy/KR/Programação/00.Estudos/DataEng/Alura/airflow-executores/venv/lib/python3.9/site-packages/airflow/example_dags/example_sla_dag.py for tasks to queue
[2024-10-08 13:28:25,001] {logging_mixin.py:115} INFO - [2024-10-08 13:28:25,001] {dagbag.py:507} INFO - Filling up the DagBag from /home/kennedy/KR/Programação/00.Estudos/DataEng/Alura/airflow-executores/venv/lib/python3.9/site-packages/airflow/example_dags/example_sla_dag.py
[2024-10-08 13:28:25,034] {processor.py:651} INFO - DAG(s) dict_keys(['example_sla_dag']) retrieved from /home/kennedy/KR/Programação/00.Estudos/DataEng/Alura/airflow-executores/venv/lib/python3.9/site-packages/airflow/example_dags/example_sla_dag.py
[2024-10-08 13:28:25,047] {logging_mixin.py:115} INFO - [2024-10-08 13:28:25,047] {dag.py:2379} INFO - Sync 1 DAGs
[2024-10-08 13:28:25,064] {logging_mixin.py:115} INFO - [2024-10-08 13:28:25,064] {dag.py:2927} INFO - Setting next_dagrun for example_sla_dag to 2024-10-08T16:26:00+00:00, run_after=2024-10-08T16:28:00+00:00
[2024-10-08 13:28:25,588] {processor.py:161} INFO - Processing /home/kennedy/KR/Programação/00.Estudos/DataEng/Alura/airflow-executores/venv/lib/python3.9/site-packages/airflow/example_dags/example_sla_dag.py took 0.596 seconds
[2024-10-08 13:29:39,924] {processor.py:153} INFO - Started process (PID=38481) to work on /home/kennedy/KR/Programação/00.Estudos/DataEng/Alura/airflow-executores/venv/lib/python3.9/site-packages/airflow/example_dags/example_sla_dag.py
[2024-10-08 13:29:40,042] {processor.py:641} INFO - Processing file /home/kennedy/KR/Programação/00.Estudos/DataEng/Alura/airflow-executores/venv/lib/python3.9/site-packages/airflow/example_dags/example_sla_dag.py for tasks to queue
[2024-10-08 13:29:40,043] {logging_mixin.py:115} INFO - [2024-10-08 13:29:40,043] {dagbag.py:507} INFO - Filling up the DagBag from /home/kennedy/KR/Programação/00.Estudos/DataEng/Alura/airflow-executores/venv/lib/python3.9/site-packages/airflow/example_dags/example_sla_dag.py
[2024-10-08 13:29:40,076] {processor.py:651} INFO - DAG(s) dict_keys(['example_sla_dag']) retrieved from /home/kennedy/KR/Programação/00.Estudos/DataEng/Alura/airflow-executores/venv/lib/python3.9/site-packages/airflow/example_dags/example_sla_dag.py
[2024-10-08 13:29:40,090] {logging_mixin.py:115} INFO - [2024-10-08 13:29:40,090] {dag.py:2379} INFO - Sync 1 DAGs
[2024-10-08 13:29:40,110] {logging_mixin.py:115} INFO - [2024-10-08 13:29:40,110] {dag.py:2927} INFO - Setting next_dagrun for example_sla_dag to 2024-10-08T16:26:00+00:00, run_after=2024-10-08T16:28:00+00:00
[2024-10-08 13:29:40,556] {processor.py:161} INFO - Processing /home/kennedy/KR/Programação/00.Estudos/DataEng/Alura/airflow-executores/venv/lib/python3.9/site-packages/airflow/example_dags/example_sla_dag.py took 0.639 seconds
[2024-10-08 13:30:37,440] {processor.py:153} INFO - Started process (PID=38578) to work on /home/kennedy/KR/Programação/00.Estudos/DataEng/Alura/airflow-executores/venv/lib/python3.9/site-packages/airflow/example_dags/example_sla_dag.py
[2024-10-08 13:30:37,455] {processor.py:641} INFO - Processing file /home/kennedy/KR/Programação/00.Estudos/DataEng/Alura/airflow-executores/venv/lib/python3.9/site-packages/airflow/example_dags/example_sla_dag.py for tasks to queue
[2024-10-08 13:30:37,457] {logging_mixin.py:115} INFO - [2024-10-08 13:30:37,457] {dagbag.py:507} INFO - Filling up the DagBag from /home/kennedy/KR/Programação/00.Estudos/DataEng/Alura/airflow-executores/venv/lib/python3.9/site-packages/airflow/example_dags/example_sla_dag.py
[2024-10-08 13:30:37,521] {processor.py:651} INFO - DAG(s) dict_keys(['example_sla_dag']) retrieved from /home/kennedy/KR/Programação/00.Estudos/DataEng/Alura/airflow-executores/venv/lib/python3.9/site-packages/airflow/example_dags/example_sla_dag.py
[2024-10-08 13:30:37,540] {logging_mixin.py:115} INFO - [2024-10-08 13:30:37,540] {dag.py:2379} INFO - Sync 1 DAGs
[2024-10-08 13:30:37,566] {logging_mixin.py:115} INFO - [2024-10-08 13:30:37,566] {dag.py:2927} INFO - Setting next_dagrun for example_sla_dag to 2024-10-08T16:28:00+00:00, run_after=2024-10-08T16:30:00+00:00
[2024-10-08 13:30:39,062] {processor.py:161} INFO - Processing /home/kennedy/KR/Programação/00.Estudos/DataEng/Alura/airflow-executores/venv/lib/python3.9/site-packages/airflow/example_dags/example_sla_dag.py took 1.632 seconds
[2024-10-08 13:31:41,187] {processor.py:153} INFO - Started process (PID=38673) to work on /home/kennedy/KR/Programação/00.Estudos/DataEng/Alura/airflow-executores/venv/lib/python3.9/site-packages/airflow/example_dags/example_sla_dag.py
[2024-10-08 13:31:41,419] {processor.py:641} INFO - Processing file /home/kennedy/KR/Programação/00.Estudos/DataEng/Alura/airflow-executores/venv/lib/python3.9/site-packages/airflow/example_dags/example_sla_dag.py for tasks to queue
[2024-10-08 13:31:41,421] {logging_mixin.py:115} INFO - [2024-10-08 13:31:41,420] {dagbag.py:507} INFO - Filling up the DagBag from /home/kennedy/KR/Programação/00.Estudos/DataEng/Alura/airflow-executores/venv/lib/python3.9/site-packages/airflow/example_dags/example_sla_dag.py
[2024-10-08 13:31:41,477] {processor.py:651} INFO - DAG(s) dict_keys(['example_sla_dag']) retrieved from /home/kennedy/KR/Programação/00.Estudos/DataEng/Alura/airflow-executores/venv/lib/python3.9/site-packages/airflow/example_dags/example_sla_dag.py
[2024-10-08 13:31:41,505] {logging_mixin.py:115} INFO - [2024-10-08 13:31:41,505] {dag.py:2379} INFO - Sync 1 DAGs
[2024-10-08 13:31:41,528] {logging_mixin.py:115} INFO - [2024-10-08 13:31:41,528] {dag.py:2927} INFO - Setting next_dagrun for example_sla_dag to 2024-10-08T16:28:00+00:00, run_after=2024-10-08T16:30:00+00:00
[2024-10-08 13:31:42,611] {processor.py:161} INFO - Processing /home/kennedy/KR/Programação/00.Estudos/DataEng/Alura/airflow-executores/venv/lib/python3.9/site-packages/airflow/example_dags/example_sla_dag.py took 1.432 seconds
[2024-10-08 13:32:57,031] {processor.py:153} INFO - Started process (PID=38868) to work on /home/kennedy/KR/Programação/00.Estudos/DataEng/Alura/airflow-executores/venv/lib/python3.9/site-packages/airflow/example_dags/example_sla_dag.py
[2024-10-08 13:32:57,076] {processor.py:641} INFO - Processing file /home/kennedy/KR/Programação/00.Estudos/DataEng/Alura/airflow-executores/venv/lib/python3.9/site-packages/airflow/example_dags/example_sla_dag.py for tasks to queue
[2024-10-08 13:32:57,078] {logging_mixin.py:115} INFO - [2024-10-08 13:32:57,078] {dagbag.py:507} INFO - Filling up the DagBag from /home/kennedy/KR/Programação/00.Estudos/DataEng/Alura/airflow-executores/venv/lib/python3.9/site-packages/airflow/example_dags/example_sla_dag.py
[2024-10-08 13:32:57,120] {processor.py:651} INFO - DAG(s) dict_keys(['example_sla_dag']) retrieved from /home/kennedy/KR/Programação/00.Estudos/DataEng/Alura/airflow-executores/venv/lib/python3.9/site-packages/airflow/example_dags/example_sla_dag.py
[2024-10-08 13:32:57,151] {logging_mixin.py:115} INFO - [2024-10-08 13:32:57,151] {dag.py:2379} INFO - Sync 1 DAGs
[2024-10-08 13:32:57,181] {logging_mixin.py:115} INFO - [2024-10-08 13:32:57,181] {dag.py:2927} INFO - Setting next_dagrun for example_sla_dag to 2024-10-08T16:30:00+00:00, run_after=2024-10-08T16:32:00+00:00
[2024-10-08 13:32:58,098] {processor.py:161} INFO - Processing /home/kennedy/KR/Programação/00.Estudos/DataEng/Alura/airflow-executores/venv/lib/python3.9/site-packages/airflow/example_dags/example_sla_dag.py took 1.075 seconds
[2024-10-08 13:34:06,906] {processor.py:153} INFO - Started process (PID=38945) to work on /home/kennedy/KR/Programação/00.Estudos/DataEng/Alura/airflow-executores/venv/lib/python3.9/site-packages/airflow/example_dags/example_sla_dag.py
[2024-10-08 13:34:06,913] {processor.py:641} INFO - Processing file /home/kennedy/KR/Programação/00.Estudos/DataEng/Alura/airflow-executores/venv/lib/python3.9/site-packages/airflow/example_dags/example_sla_dag.py for tasks to queue
[2024-10-08 13:34:06,914] {logging_mixin.py:115} INFO - [2024-10-08 13:34:06,914] {dagbag.py:507} INFO - Filling up the DagBag from /home/kennedy/KR/Programação/00.Estudos/DataEng/Alura/airflow-executores/venv/lib/python3.9/site-packages/airflow/example_dags/example_sla_dag.py
[2024-10-08 13:34:06,958] {processor.py:651} INFO - DAG(s) dict_keys(['example_sla_dag']) retrieved from /home/kennedy/KR/Programação/00.Estudos/DataEng/Alura/airflow-executores/venv/lib/python3.9/site-packages/airflow/example_dags/example_sla_dag.py
[2024-10-08 13:34:06,979] {logging_mixin.py:115} INFO - [2024-10-08 13:34:06,978] {dag.py:2379} INFO - Sync 1 DAGs
[2024-10-08 13:34:07,007] {logging_mixin.py:115} INFO - [2024-10-08 13:34:07,007] {dag.py:2927} INFO - Setting next_dagrun for example_sla_dag to 2024-10-08T16:32:00+00:00, run_after=2024-10-08T16:34:00+00:00
[2024-10-08 13:34:07,083] {processor.py:161} INFO - Processing /home/kennedy/KR/Programação/00.Estudos/DataEng/Alura/airflow-executores/venv/lib/python3.9/site-packages/airflow/example_dags/example_sla_dag.py took 0.185 seconds
[2024-10-08 15:46:56,693] {processor.py:153} INFO - Started process (PID=11321) to work on /home/kennedy/.local/lib/python3.10/site-packages/airflow/example_dags/example_sla_dag.py
[2024-10-08 15:46:56,892] {processor.py:641} INFO - Processing file /home/kennedy/.local/lib/python3.10/site-packages/airflow/example_dags/example_sla_dag.py for tasks to queue
[2024-10-08 15:46:56,892] {logging_mixin.py:115} INFO - [2024-10-08 15:46:56,892] {dagbag.py:507} INFO - Filling up the DagBag from /home/kennedy/.local/lib/python3.10/site-packages/airflow/example_dags/example_sla_dag.py
[2024-10-08 15:46:57,194] {processor.py:651} INFO - DAG(s) dict_keys(['example_sla_dag']) retrieved from /home/kennedy/.local/lib/python3.10/site-packages/airflow/example_dags/example_sla_dag.py
[2024-10-08 15:47:05,509] {logging_mixin.py:115} INFO - [2024-10-08 15:47:05,509] {dag.py:2379} INFO - Sync 1 DAGs
[2024-10-08 15:47:06,075] {logging_mixin.py:115} INFO - [2024-10-08 15:47:06,074] {dag.py:2927} INFO - Setting next_dagrun for example_sla_dag to 2024-10-08T18:44:00+00:00, run_after=2024-10-08T18:46:00+00:00
[2024-10-08 15:47:06,979] {processor.py:161} INFO - Processing /home/kennedy/.local/lib/python3.10/site-packages/airflow/example_dags/example_sla_dag.py took 10.289 seconds
[2024-10-08 16:36:38,856] {processor.py:153} INFO - Started process (PID=16648) to work on /home/kennedy/KR/Programação/00.Estudos/DataEng/Alura/airflow-executores/venv/lib/python3.9/site-packages/airflow/example_dags/example_sla_dag.py
[2024-10-08 16:36:38,870] {processor.py:641} INFO - Processing file /home/kennedy/KR/Programação/00.Estudos/DataEng/Alura/airflow-executores/venv/lib/python3.9/site-packages/airflow/example_dags/example_sla_dag.py for tasks to queue
[2024-10-08 16:36:38,871] {logging_mixin.py:115} INFO - [2024-10-08 16:36:38,871] {dagbag.py:507} INFO - Filling up the DagBag from /home/kennedy/KR/Programação/00.Estudos/DataEng/Alura/airflow-executores/venv/lib/python3.9/site-packages/airflow/example_dags/example_sla_dag.py
[2024-10-08 16:36:38,901] {processor.py:651} INFO - DAG(s) dict_keys(['example_sla_dag']) retrieved from /home/kennedy/KR/Programação/00.Estudos/DataEng/Alura/airflow-executores/venv/lib/python3.9/site-packages/airflow/example_dags/example_sla_dag.py
[2024-10-08 16:36:38,945] {logging_mixin.py:115} INFO - [2024-10-08 16:36:38,945] {dag.py:2379} INFO - Sync 1 DAGs
[2024-10-08 16:36:38,963] {logging_mixin.py:115} INFO - [2024-10-08 16:36:38,963] {dag.py:2927} INFO - Setting next_dagrun for example_sla_dag to 2024-10-08T19:34:00+00:00, run_after=2024-10-08T19:36:00+00:00
[2024-10-08 16:36:39,216] {processor.py:161} INFO - Processing /home/kennedy/KR/Programação/00.Estudos/DataEng/Alura/airflow-executores/venv/lib/python3.9/site-packages/airflow/example_dags/example_sla_dag.py took 0.367 seconds
[2024-10-08 16:37:29,361] {processor.py:153} INFO - Started process (PID=16772) to work on /home/kennedy/KR/Programação/00.Estudos/DataEng/Alura/airflow-executores/venv/lib/python3.9/site-packages/airflow/example_dags/example_sla_dag.py
[2024-10-08 16:37:29,365] {processor.py:641} INFO - Processing file /home/kennedy/KR/Programação/00.Estudos/DataEng/Alura/airflow-executores/venv/lib/python3.9/site-packages/airflow/example_dags/example_sla_dag.py for tasks to queue
[2024-10-08 16:37:29,366] {logging_mixin.py:115} INFO - [2024-10-08 16:37:29,366] {dagbag.py:507} INFO - Filling up the DagBag from /home/kennedy/KR/Programação/00.Estudos/DataEng/Alura/airflow-executores/venv/lib/python3.9/site-packages/airflow/example_dags/example_sla_dag.py
[2024-10-08 16:37:29,379] {processor.py:651} INFO - DAG(s) dict_keys(['example_sla_dag']) retrieved from /home/kennedy/KR/Programação/00.Estudos/DataEng/Alura/airflow-executores/venv/lib/python3.9/site-packages/airflow/example_dags/example_sla_dag.py
[2024-10-08 16:37:29,389] {logging_mixin.py:115} INFO - [2024-10-08 16:37:29,389] {dag.py:2379} INFO - Sync 1 DAGs
[2024-10-08 16:37:29,403] {logging_mixin.py:115} INFO - [2024-10-08 16:37:29,403] {dag.py:2927} INFO - Setting next_dagrun for example_sla_dag to 2024-10-08T19:34:00+00:00, run_after=2024-10-08T19:36:00+00:00
[2024-10-08 16:37:29,490] {processor.py:161} INFO - Processing /home/kennedy/KR/Programação/00.Estudos/DataEng/Alura/airflow-executores/venv/lib/python3.9/site-packages/airflow/example_dags/example_sla_dag.py took 0.130 seconds
[2024-10-08 16:38:55,378] {processor.py:153} INFO - Started process (PID=17410) to work on /home/kennedy/KR/Programação/00.Estudos/DataEng/Alura/airflow-executores/venv/lib/python3.9/site-packages/airflow/example_dags/example_sla_dag.py
[2024-10-08 16:38:55,392] {processor.py:641} INFO - Processing file /home/kennedy/KR/Programação/00.Estudos/DataEng/Alura/airflow-executores/venv/lib/python3.9/site-packages/airflow/example_dags/example_sla_dag.py for tasks to queue
[2024-10-08 16:38:55,393] {logging_mixin.py:115} INFO - [2024-10-08 16:38:55,393] {dagbag.py:507} INFO - Filling up the DagBag from /home/kennedy/KR/Programação/00.Estudos/DataEng/Alura/airflow-executores/venv/lib/python3.9/site-packages/airflow/example_dags/example_sla_dag.py
[2024-10-08 16:38:55,423] {processor.py:651} INFO - DAG(s) dict_keys(['example_sla_dag']) retrieved from /home/kennedy/KR/Programação/00.Estudos/DataEng/Alura/airflow-executores/venv/lib/python3.9/site-packages/airflow/example_dags/example_sla_dag.py
[2024-10-08 16:38:55,439] {logging_mixin.py:115} INFO - [2024-10-08 16:38:55,439] {dag.py:2379} INFO - Sync 1 DAGs
[2024-10-08 16:38:55,457] {logging_mixin.py:115} INFO - [2024-10-08 16:38:55,457] {dag.py:2927} INFO - Setting next_dagrun for example_sla_dag to 2024-10-08T19:36:00+00:00, run_after=2024-10-08T19:38:00+00:00
[2024-10-08 16:38:57,128] {processor.py:161} INFO - Processing /home/kennedy/KR/Programação/00.Estudos/DataEng/Alura/airflow-executores/venv/lib/python3.9/site-packages/airflow/example_dags/example_sla_dag.py took 1.756 seconds
[2024-10-08 16:40:12,978] {processor.py:153} INFO - Started process (PID=17542) to work on /home/kennedy/KR/Programação/00.Estudos/DataEng/Alura/airflow-executores/venv/lib/python3.9/site-packages/airflow/example_dags/example_sla_dag.py
[2024-10-08 16:40:13,174] {processor.py:641} INFO - Processing file /home/kennedy/KR/Programação/00.Estudos/DataEng/Alura/airflow-executores/venv/lib/python3.9/site-packages/airflow/example_dags/example_sla_dag.py for tasks to queue
[2024-10-08 16:40:13,175] {logging_mixin.py:115} INFO - [2024-10-08 16:40:13,175] {dagbag.py:507} INFO - Filling up the DagBag from /home/kennedy/KR/Programação/00.Estudos/DataEng/Alura/airflow-executores/venv/lib/python3.9/site-packages/airflow/example_dags/example_sla_dag.py
[2024-10-08 16:40:13,212] {processor.py:651} INFO - DAG(s) dict_keys(['example_sla_dag']) retrieved from /home/kennedy/KR/Programação/00.Estudos/DataEng/Alura/airflow-executores/venv/lib/python3.9/site-packages/airflow/example_dags/example_sla_dag.py
[2024-10-08 16:40:13,226] {logging_mixin.py:115} INFO - [2024-10-08 16:40:13,226] {dag.py:2379} INFO - Sync 1 DAGs
[2024-10-08 16:40:13,246] {logging_mixin.py:115} INFO - [2024-10-08 16:40:13,246] {dag.py:2927} INFO - Setting next_dagrun for example_sla_dag to 2024-10-08T19:38:00+00:00, run_after=2024-10-08T19:40:00+00:00
[2024-10-08 16:40:15,579] {processor.py:161} INFO - Processing /home/kennedy/KR/Programação/00.Estudos/DataEng/Alura/airflow-executores/venv/lib/python3.9/site-packages/airflow/example_dags/example_sla_dag.py took 2.607 seconds
[2024-10-08 16:41:21,011] {processor.py:153} INFO - Started process (PID=18021) to work on /home/kennedy/KR/Programação/00.Estudos/DataEng/Alura/airflow-executores/venv/lib/python3.9/site-packages/airflow/example_dags/example_sla_dag.py
[2024-10-08 16:41:21,105] {processor.py:641} INFO - Processing file /home/kennedy/KR/Programação/00.Estudos/DataEng/Alura/airflow-executores/venv/lib/python3.9/site-packages/airflow/example_dags/example_sla_dag.py for tasks to queue
[2024-10-08 16:41:21,106] {logging_mixin.py:115} INFO - [2024-10-08 16:41:21,106] {dagbag.py:507} INFO - Filling up the DagBag from /home/kennedy/KR/Programação/00.Estudos/DataEng/Alura/airflow-executores/venv/lib/python3.9/site-packages/airflow/example_dags/example_sla_dag.py
[2024-10-08 16:41:21,141] {processor.py:651} INFO - DAG(s) dict_keys(['example_sla_dag']) retrieved from /home/kennedy/KR/Programação/00.Estudos/DataEng/Alura/airflow-executores/venv/lib/python3.9/site-packages/airflow/example_dags/example_sla_dag.py
[2024-10-08 16:41:21,156] {logging_mixin.py:115} INFO - [2024-10-08 16:41:21,156] {dag.py:2379} INFO - Sync 1 DAGs
[2024-10-08 16:41:21,171] {logging_mixin.py:115} INFO - [2024-10-08 16:41:21,171] {dag.py:2927} INFO - Setting next_dagrun for example_sla_dag to 2024-10-08T19:38:00+00:00, run_after=2024-10-08T19:40:00+00:00
[2024-10-08 16:41:21,735] {processor.py:161} INFO - Processing /home/kennedy/KR/Programação/00.Estudos/DataEng/Alura/airflow-executores/venv/lib/python3.9/site-packages/airflow/example_dags/example_sla_dag.py took 0.731 seconds
[2024-10-08 16:42:25,502] {processor.py:153} INFO - Started process (PID=18175) to work on /home/kennedy/KR/Programação/00.Estudos/DataEng/Alura/airflow-executores/venv/lib/python3.9/site-packages/airflow/example_dags/example_sla_dag.py
[2024-10-08 16:42:25,540] {processor.py:641} INFO - Processing file /home/kennedy/KR/Programação/00.Estudos/DataEng/Alura/airflow-executores/venv/lib/python3.9/site-packages/airflow/example_dags/example_sla_dag.py for tasks to queue
[2024-10-08 16:42:25,542] {logging_mixin.py:115} INFO - [2024-10-08 16:42:25,541] {dagbag.py:507} INFO - Filling up the DagBag from /home/kennedy/KR/Programação/00.Estudos/DataEng/Alura/airflow-executores/venv/lib/python3.9/site-packages/airflow/example_dags/example_sla_dag.py
[2024-10-08 16:42:25,573] {processor.py:651} INFO - DAG(s) dict_keys(['example_sla_dag']) retrieved from /home/kennedy/KR/Programação/00.Estudos/DataEng/Alura/airflow-executores/venv/lib/python3.9/site-packages/airflow/example_dags/example_sla_dag.py
[2024-10-08 16:42:25,591] {logging_mixin.py:115} INFO - [2024-10-08 16:42:25,590] {dag.py:2379} INFO - Sync 1 DAGs
[2024-10-08 16:42:25,617] {logging_mixin.py:115} INFO - [2024-10-08 16:42:25,617] {dag.py:2927} INFO - Setting next_dagrun for example_sla_dag to 2024-10-08T19:40:00+00:00, run_after=2024-10-08T19:42:00+00:00
[2024-10-08 16:42:26,841] {processor.py:161} INFO - Processing /home/kennedy/KR/Programação/00.Estudos/DataEng/Alura/airflow-executores/venv/lib/python3.9/site-packages/airflow/example_dags/example_sla_dag.py took 1.345 seconds
[2024-10-08 16:43:52,697] {processor.py:153} INFO - Started process (PID=18252) to work on /home/kennedy/KR/Programação/00.Estudos/DataEng/Alura/airflow-executores/venv/lib/python3.9/site-packages/airflow/example_dags/example_sla_dag.py
[2024-10-08 16:43:52,699] {processor.py:641} INFO - Processing file /home/kennedy/KR/Programação/00.Estudos/DataEng/Alura/airflow-executores/venv/lib/python3.9/site-packages/airflow/example_dags/example_sla_dag.py for tasks to queue
[2024-10-08 16:43:52,700] {logging_mixin.py:115} INFO - [2024-10-08 16:43:52,700] {dagbag.py:507} INFO - Filling up the DagBag from /home/kennedy/KR/Programação/00.Estudos/DataEng/Alura/airflow-executores/venv/lib/python3.9/site-packages/airflow/example_dags/example_sla_dag.py
[2024-10-08 16:43:52,726] {processor.py:651} INFO - DAG(s) dict_keys(['example_sla_dag']) retrieved from /home/kennedy/KR/Programação/00.Estudos/DataEng/Alura/airflow-executores/venv/lib/python3.9/site-packages/airflow/example_dags/example_sla_dag.py
[2024-10-08 16:43:52,737] {logging_mixin.py:115} INFO - [2024-10-08 16:43:52,737] {dag.py:2379} INFO - Sync 1 DAGs
[2024-10-08 16:43:52,751] {logging_mixin.py:115} INFO - [2024-10-08 16:43:52,751] {dag.py:2927} INFO - Setting next_dagrun for example_sla_dag to 2024-10-08T19:40:00+00:00, run_after=2024-10-08T19:42:00+00:00
[2024-10-08 16:43:53,796] {processor.py:161} INFO - Processing /home/kennedy/KR/Programação/00.Estudos/DataEng/Alura/airflow-executores/venv/lib/python3.9/site-packages/airflow/example_dags/example_sla_dag.py took 1.105 seconds
[2024-10-08 16:45:26,291] {processor.py:153} INFO - Started process (PID=18339) to work on /home/kennedy/KR/Programação/00.Estudos/DataEng/Alura/airflow-executores/venv/lib/python3.9/site-packages/airflow/example_dags/example_sla_dag.py
[2024-10-08 16:45:26,359] {processor.py:641} INFO - Processing file /home/kennedy/KR/Programação/00.Estudos/DataEng/Alura/airflow-executores/venv/lib/python3.9/site-packages/airflow/example_dags/example_sla_dag.py for tasks to queue
[2024-10-08 16:45:26,360] {logging_mixin.py:115} INFO - [2024-10-08 16:45:26,360] {dagbag.py:507} INFO - Filling up the DagBag from /home/kennedy/KR/Programação/00.Estudos/DataEng/Alura/airflow-executores/venv/lib/python3.9/site-packages/airflow/example_dags/example_sla_dag.py
[2024-10-08 16:45:26,397] {processor.py:651} INFO - DAG(s) dict_keys(['example_sla_dag']) retrieved from /home/kennedy/KR/Programação/00.Estudos/DataEng/Alura/airflow-executores/venv/lib/python3.9/site-packages/airflow/example_dags/example_sla_dag.py
[2024-10-08 16:45:26,410] {logging_mixin.py:115} INFO - [2024-10-08 16:45:26,410] {dag.py:2379} INFO - Sync 1 DAGs
[2024-10-08 16:45:26,426] {logging_mixin.py:115} INFO - [2024-10-08 16:45:26,426] {dag.py:2927} INFO - Setting next_dagrun for example_sla_dag to 2024-10-08T19:42:00+00:00, run_after=2024-10-08T19:44:00+00:00
[2024-10-08 16:45:26,627] {processor.py:161} INFO - Processing /home/kennedy/KR/Programação/00.Estudos/DataEng/Alura/airflow-executores/venv/lib/python3.9/site-packages/airflow/example_dags/example_sla_dag.py took 0.340 seconds
[2024-10-08 16:46:27,590] {processor.py:153} INFO - Started process (PID=18929) to work on /home/kennedy/KR/Programação/00.Estudos/DataEng/Alura/airflow-executores/venv/lib/python3.9/site-packages/airflow/example_dags/example_sla_dag.py
[2024-10-08 16:46:27,626] {processor.py:641} INFO - Processing file /home/kennedy/KR/Programação/00.Estudos/DataEng/Alura/airflow-executores/venv/lib/python3.9/site-packages/airflow/example_dags/example_sla_dag.py for tasks to queue
[2024-10-08 16:46:27,627] {logging_mixin.py:115} INFO - [2024-10-08 16:46:27,627] {dagbag.py:507} INFO - Filling up the DagBag from /home/kennedy/KR/Programação/00.Estudos/DataEng/Alura/airflow-executores/venv/lib/python3.9/site-packages/airflow/example_dags/example_sla_dag.py
[2024-10-08 16:46:27,662] {processor.py:651} INFO - DAG(s) dict_keys(['example_sla_dag']) retrieved from /home/kennedy/KR/Programação/00.Estudos/DataEng/Alura/airflow-executores/venv/lib/python3.9/site-packages/airflow/example_dags/example_sla_dag.py
[2024-10-08 16:46:27,675] {logging_mixin.py:115} INFO - [2024-10-08 16:46:27,675] {dag.py:2379} INFO - Sync 1 DAGs
[2024-10-08 16:46:27,690] {logging_mixin.py:115} INFO - [2024-10-08 16:46:27,690] {dag.py:2927} INFO - Setting next_dagrun for example_sla_dag to 2024-10-08T19:44:00+00:00, run_after=2024-10-08T19:46:00+00:00
[2024-10-08 16:46:27,932] {processor.py:161} INFO - Processing /home/kennedy/KR/Programação/00.Estudos/DataEng/Alura/airflow-executores/venv/lib/python3.9/site-packages/airflow/example_dags/example_sla_dag.py took 0.349 seconds
[2024-10-08 16:47:47,650] {processor.py:153} INFO - Started process (PID=19165) to work on /home/kennedy/KR/Programação/00.Estudos/DataEng/Alura/airflow-executores/venv/lib/python3.9/site-packages/airflow/example_dags/example_sla_dag.py
[2024-10-08 16:47:47,656] {processor.py:641} INFO - Processing file /home/kennedy/KR/Programação/00.Estudos/DataEng/Alura/airflow-executores/venv/lib/python3.9/site-packages/airflow/example_dags/example_sla_dag.py for tasks to queue
[2024-10-08 16:47:47,657] {logging_mixin.py:115} INFO - [2024-10-08 16:47:47,657] {dagbag.py:507} INFO - Filling up the DagBag from /home/kennedy/KR/Programação/00.Estudos/DataEng/Alura/airflow-executores/venv/lib/python3.9/site-packages/airflow/example_dags/example_sla_dag.py
[2024-10-08 16:47:47,688] {processor.py:651} INFO - DAG(s) dict_keys(['example_sla_dag']) retrieved from /home/kennedy/KR/Programação/00.Estudos/DataEng/Alura/airflow-executores/venv/lib/python3.9/site-packages/airflow/example_dags/example_sla_dag.py
[2024-10-08 16:47:47,701] {logging_mixin.py:115} INFO - [2024-10-08 16:47:47,700] {dag.py:2379} INFO - Sync 1 DAGs
[2024-10-08 16:47:47,714] {logging_mixin.py:115} INFO - [2024-10-08 16:47:47,714] {dag.py:2927} INFO - Setting next_dagrun for example_sla_dag to 2024-10-08T19:44:00+00:00, run_after=2024-10-08T19:46:00+00:00
[2024-10-08 16:47:48,286] {processor.py:161} INFO - Processing /home/kennedy/KR/Programação/00.Estudos/DataEng/Alura/airflow-executores/venv/lib/python3.9/site-packages/airflow/example_dags/example_sla_dag.py took 0.642 seconds
[2024-10-08 16:48:49,329] {processor.py:153} INFO - Started process (PID=19262) to work on /home/kennedy/KR/Programação/00.Estudos/DataEng/Alura/airflow-executores/venv/lib/python3.9/site-packages/airflow/example_dags/example_sla_dag.py
[2024-10-08 16:48:49,330] {processor.py:641} INFO - Processing file /home/kennedy/KR/Programação/00.Estudos/DataEng/Alura/airflow-executores/venv/lib/python3.9/site-packages/airflow/example_dags/example_sla_dag.py for tasks to queue
[2024-10-08 16:48:49,331] {logging_mixin.py:115} INFO - [2024-10-08 16:48:49,331] {dagbag.py:507} INFO - Filling up the DagBag from /home/kennedy/KR/Programação/00.Estudos/DataEng/Alura/airflow-executores/venv/lib/python3.9/site-packages/airflow/example_dags/example_sla_dag.py
[2024-10-08 16:48:49,348] {processor.py:651} INFO - DAG(s) dict_keys(['example_sla_dag']) retrieved from /home/kennedy/KR/Programação/00.Estudos/DataEng/Alura/airflow-executores/venv/lib/python3.9/site-packages/airflow/example_dags/example_sla_dag.py
[2024-10-08 16:48:49,361] {logging_mixin.py:115} INFO - [2024-10-08 16:48:49,361] {dag.py:2379} INFO - Sync 1 DAGs
[2024-10-08 16:48:49,380] {logging_mixin.py:115} INFO - [2024-10-08 16:48:49,380] {dag.py:2927} INFO - Setting next_dagrun for example_sla_dag to 2024-10-08T19:46:00+00:00, run_after=2024-10-08T19:48:00+00:00
[2024-10-08 16:48:49,456] {processor.py:161} INFO - Processing /home/kennedy/KR/Programação/00.Estudos/DataEng/Alura/airflow-executores/venv/lib/python3.9/site-packages/airflow/example_dags/example_sla_dag.py took 0.129 seconds
[2024-10-08 16:50:40,300] {processor.py:153} INFO - Started process (PID=19842) to work on /home/kennedy/KR/Programação/00.Estudos/DataEng/Alura/airflow-executores/venv/lib/python3.9/site-packages/airflow/example_dags/example_sla_dag.py
[2024-10-08 16:50:40,513] {processor.py:641} INFO - Processing file /home/kennedy/KR/Programação/00.Estudos/DataEng/Alura/airflow-executores/venv/lib/python3.9/site-packages/airflow/example_dags/example_sla_dag.py for tasks to queue
[2024-10-08 16:50:40,515] {logging_mixin.py:115} INFO - [2024-10-08 16:50:40,515] {dagbag.py:507} INFO - Filling up the DagBag from /home/kennedy/KR/Programação/00.Estudos/DataEng/Alura/airflow-executores/venv/lib/python3.9/site-packages/airflow/example_dags/example_sla_dag.py
[2024-10-08 16:50:40,584] {processor.py:651} INFO - DAG(s) dict_keys(['example_sla_dag']) retrieved from /home/kennedy/KR/Programação/00.Estudos/DataEng/Alura/airflow-executores/venv/lib/python3.9/site-packages/airflow/example_dags/example_sla_dag.py
[2024-10-08 16:50:40,604] {logging_mixin.py:115} INFO - [2024-10-08 16:50:40,604] {dag.py:2379} INFO - Sync 1 DAGs
[2024-10-08 16:50:40,627] {logging_mixin.py:115} INFO - [2024-10-08 16:50:40,627] {dag.py:2927} INFO - Setting next_dagrun for example_sla_dag to 2024-10-08T19:48:00+00:00, run_after=2024-10-08T19:50:00+00:00
[2024-10-08 16:50:41,390] {processor.py:161} INFO - Processing /home/kennedy/KR/Programação/00.Estudos/DataEng/Alura/airflow-executores/venv/lib/python3.9/site-packages/airflow/example_dags/example_sla_dag.py took 1.100 seconds
[2024-10-08 17:08:50,262] {processor.py:153} INFO - Started process (PID=30562) to work on /home/kennedy/KR/Programação/00.Estudos/DataEng/Alura/airflow-executores/venv/lib/python3.9/site-packages/airflow/example_dags/example_sla_dag.py
[2024-10-08 17:08:50,280] {processor.py:641} INFO - Processing file /home/kennedy/KR/Programação/00.Estudos/DataEng/Alura/airflow-executores/venv/lib/python3.9/site-packages/airflow/example_dags/example_sla_dag.py for tasks to queue
[2024-10-08 17:08:50,281] {logging_mixin.py:115} INFO - [2024-10-08 17:08:50,281] {dagbag.py:507} INFO - Filling up the DagBag from /home/kennedy/KR/Programação/00.Estudos/DataEng/Alura/airflow-executores/venv/lib/python3.9/site-packages/airflow/example_dags/example_sla_dag.py
[2024-10-08 17:08:50,313] {processor.py:651} INFO - DAG(s) dict_keys(['example_sla_dag']) retrieved from /home/kennedy/KR/Programação/00.Estudos/DataEng/Alura/airflow-executores/venv/lib/python3.9/site-packages/airflow/example_dags/example_sla_dag.py
[2024-10-08 17:08:50,325] {logging_mixin.py:115} INFO - [2024-10-08 17:08:50,325] {dag.py:2379} INFO - Sync 1 DAGs
[2024-10-08 17:08:50,337] {logging_mixin.py:115} INFO - [2024-10-08 17:08:50,337] {dag.py:2927} INFO - Setting next_dagrun for example_sla_dag to 2024-10-08T20:06:00+00:00, run_after=2024-10-08T20:08:00+00:00
[2024-10-08 17:08:50,434] {processor.py:161} INFO - Processing /home/kennedy/KR/Programação/00.Estudos/DataEng/Alura/airflow-executores/venv/lib/python3.9/site-packages/airflow/example_dags/example_sla_dag.py took 0.178 seconds
[2024-10-08 17:19:57,628] {processor.py:153} INFO - Started process (PID=37972) to work on /home/kennedy/KR/Programação/00.Estudos/DataEng/Alura/airflow-executores/venv/lib/python3.9/site-packages/airflow/example_dags/example_sla_dag.py
[2024-10-08 17:19:57,653] {processor.py:641} INFO - Processing file /home/kennedy/KR/Programação/00.Estudos/DataEng/Alura/airflow-executores/venv/lib/python3.9/site-packages/airflow/example_dags/example_sla_dag.py for tasks to queue
[2024-10-08 17:19:57,655] {logging_mixin.py:115} INFO - [2024-10-08 17:19:57,655] {dagbag.py:507} INFO - Filling up the DagBag from /home/kennedy/KR/Programação/00.Estudos/DataEng/Alura/airflow-executores/venv/lib/python3.9/site-packages/airflow/example_dags/example_sla_dag.py
[2024-10-08 17:19:57,699] {processor.py:651} INFO - DAG(s) dict_keys(['example_sla_dag']) retrieved from /home/kennedy/KR/Programação/00.Estudos/DataEng/Alura/airflow-executores/venv/lib/python3.9/site-packages/airflow/example_dags/example_sla_dag.py
[2024-10-08 17:19:57,719] {logging_mixin.py:115} INFO - [2024-10-08 17:19:57,719] {dag.py:2379} INFO - Sync 1 DAGs
[2024-10-08 17:19:57,734] {logging_mixin.py:115} INFO - [2024-10-08 17:19:57,734] {dag.py:2927} INFO - Setting next_dagrun for example_sla_dag to 2024-10-08T20:16:00+00:00, run_after=2024-10-08T20:18:00+00:00
[2024-10-08 17:19:58,423] {processor.py:161} INFO - Processing /home/kennedy/KR/Programação/00.Estudos/DataEng/Alura/airflow-executores/venv/lib/python3.9/site-packages/airflow/example_dags/example_sla_dag.py took 0.802 seconds
