[2024-10-08 13:24:05,114] {processor.py:153} INFO - Started process (PID=37569) to work on /home/kennedy/KR/Programação/00.Estudos/DataEng/Alura/airflow-executores/venv/lib/python3.9/site-packages/airflow/example_dags/example_branch_python_dop_operator_3.py
[2024-10-08 13:24:05,116] {processor.py:641} INFO - Processing file /home/kennedy/KR/Programação/00.Estudos/DataEng/Alura/airflow-executores/venv/lib/python3.9/site-packages/airflow/example_dags/example_branch_python_dop_operator_3.py for tasks to queue
[2024-10-08 13:24:05,117] {logging_mixin.py:115} INFO - [2024-10-08 13:24:05,116] {dagbag.py:507} INFO - Filling up the DagBag from /home/kennedy/KR/Programação/00.Estudos/DataEng/Alura/airflow-executores/venv/lib/python3.9/site-packages/airflow/example_dags/example_branch_python_dop_operator_3.py
[2024-10-08 13:24:05,131] {processor.py:651} INFO - DAG(s) dict_keys(['example_branch_dop_operator_v3']) retrieved from /home/kennedy/KR/Programação/00.Estudos/DataEng/Alura/airflow-executores/venv/lib/python3.9/site-packages/airflow/example_dags/example_branch_python_dop_operator_3.py
[2024-10-08 13:24:05,350] {logging_mixin.py:115} INFO - [2024-10-08 13:24:05,350] {manager.py:508} INFO - Created Permission View: can delete on DAG:example_branch_dop_operator_v3
[2024-10-08 13:24:05,429] {logging_mixin.py:115} INFO - [2024-10-08 13:24:05,428] {manager.py:508} INFO - Created Permission View: can read on DAG:example_branch_dop_operator_v3
[2024-10-08 13:24:06,738] {logging_mixin.py:115} INFO - [2024-10-08 13:24:06,738] {manager.py:508} INFO - Created Permission View: can edit on DAG:example_branch_dop_operator_v3
[2024-10-08 13:24:06,738] {logging_mixin.py:115} INFO - [2024-10-08 13:24:06,738] {dag.py:2379} INFO - Sync 1 DAGs
[2024-10-08 13:24:06,744] {logging_mixin.py:115} INFO - [2024-10-08 13:24:06,744] {dag.py:2398} INFO - Creating ORM DAG for example_branch_dop_operator_v3
[2024-10-08 13:24:06,755] {logging_mixin.py:115} INFO - [2024-10-08 13:24:06,755] {dag.py:2927} INFO - Setting next_dagrun for example_branch_dop_operator_v3 to 2024-10-08T16:23:00+00:00, run_after=2024-10-08T16:24:00+00:00
[2024-10-08 13:24:07,911] {processor.py:161} INFO - Processing /home/kennedy/KR/Programação/00.Estudos/DataEng/Alura/airflow-executores/venv/lib/python3.9/site-packages/airflow/example_dags/example_branch_python_dop_operator_3.py took 2.802 seconds
[2024-10-08 13:25:28,632] {processor.py:153} INFO - Started process (PID=37743) to work on /home/kennedy/KR/Programação/00.Estudos/DataEng/Alura/airflow-executores/venv/lib/python3.9/site-packages/airflow/example_dags/example_branch_python_dop_operator_3.py
[2024-10-08 13:25:28,860] {processor.py:641} INFO - Processing file /home/kennedy/KR/Programação/00.Estudos/DataEng/Alura/airflow-executores/venv/lib/python3.9/site-packages/airflow/example_dags/example_branch_python_dop_operator_3.py for tasks to queue
[2024-10-08 13:25:28,860] {logging_mixin.py:115} INFO - [2024-10-08 13:25:28,860] {dagbag.py:507} INFO - Filling up the DagBag from /home/kennedy/KR/Programação/00.Estudos/DataEng/Alura/airflow-executores/venv/lib/python3.9/site-packages/airflow/example_dags/example_branch_python_dop_operator_3.py
[2024-10-08 13:25:28,868] {processor.py:651} INFO - DAG(s) dict_keys(['example_branch_dop_operator_v3']) retrieved from /home/kennedy/KR/Programação/00.Estudos/DataEng/Alura/airflow-executores/venv/lib/python3.9/site-packages/airflow/example_dags/example_branch_python_dop_operator_3.py
[2024-10-08 13:25:28,882] {logging_mixin.py:115} INFO - [2024-10-08 13:25:28,882] {dag.py:2379} INFO - Sync 1 DAGs
[2024-10-08 13:25:28,901] {logging_mixin.py:115} INFO - [2024-10-08 13:25:28,901] {dag.py:2927} INFO - Setting next_dagrun for example_branch_dop_operator_v3 to 2024-10-08T16:24:00+00:00, run_after=2024-10-08T16:25:00+00:00
[2024-10-08 13:25:31,466] {processor.py:161} INFO - Processing /home/kennedy/KR/Programação/00.Estudos/DataEng/Alura/airflow-executores/venv/lib/python3.9/site-packages/airflow/example_dags/example_branch_python_dop_operator_3.py took 2.836 seconds
[2024-10-08 13:26:37,725] {processor.py:153} INFO - Started process (PID=37829) to work on /home/kennedy/KR/Programação/00.Estudos/DataEng/Alura/airflow-executores/venv/lib/python3.9/site-packages/airflow/example_dags/example_branch_python_dop_operator_3.py
[2024-10-08 13:26:37,732] {processor.py:641} INFO - Processing file /home/kennedy/KR/Programação/00.Estudos/DataEng/Alura/airflow-executores/venv/lib/python3.9/site-packages/airflow/example_dags/example_branch_python_dop_operator_3.py for tasks to queue
[2024-10-08 13:26:37,733] {logging_mixin.py:115} INFO - [2024-10-08 13:26:37,732] {dagbag.py:507} INFO - Filling up the DagBag from /home/kennedy/KR/Programação/00.Estudos/DataEng/Alura/airflow-executores/venv/lib/python3.9/site-packages/airflow/example_dags/example_branch_python_dop_operator_3.py
[2024-10-08 13:26:37,745] {processor.py:651} INFO - DAG(s) dict_keys(['example_branch_dop_operator_v3']) retrieved from /home/kennedy/KR/Programação/00.Estudos/DataEng/Alura/airflow-executores/venv/lib/python3.9/site-packages/airflow/example_dags/example_branch_python_dop_operator_3.py
[2024-10-08 13:26:37,768] {logging_mixin.py:115} INFO - [2024-10-08 13:26:37,768] {dag.py:2379} INFO - Sync 1 DAGs
[2024-10-08 13:26:37,802] {logging_mixin.py:115} INFO - [2024-10-08 13:26:37,802] {dag.py:2927} INFO - Setting next_dagrun for example_branch_dop_operator_v3 to 2024-10-08T16:25:00+00:00, run_after=2024-10-08T16:26:00+00:00
[2024-10-08 13:26:37,883] {processor.py:161} INFO - Processing /home/kennedy/KR/Programação/00.Estudos/DataEng/Alura/airflow-executores/venv/lib/python3.9/site-packages/airflow/example_dags/example_branch_python_dop_operator_3.py took 0.162 seconds
[2024-10-08 13:28:03,672] {processor.py:153} INFO - Started process (PID=38012) to work on /home/kennedy/KR/Programação/00.Estudos/DataEng/Alura/airflow-executores/venv/lib/python3.9/site-packages/airflow/example_dags/example_branch_python_dop_operator_3.py
[2024-10-08 13:28:03,821] {processor.py:641} INFO - Processing file /home/kennedy/KR/Programação/00.Estudos/DataEng/Alura/airflow-executores/venv/lib/python3.9/site-packages/airflow/example_dags/example_branch_python_dop_operator_3.py for tasks to queue
[2024-10-08 13:28:03,823] {logging_mixin.py:115} INFO - [2024-10-08 13:28:03,822] {dagbag.py:507} INFO - Filling up the DagBag from /home/kennedy/KR/Programação/00.Estudos/DataEng/Alura/airflow-executores/venv/lib/python3.9/site-packages/airflow/example_dags/example_branch_python_dop_operator_3.py
[2024-10-08 13:28:03,844] {processor.py:651} INFO - DAG(s) dict_keys(['example_branch_dop_operator_v3']) retrieved from /home/kennedy/KR/Programação/00.Estudos/DataEng/Alura/airflow-executores/venv/lib/python3.9/site-packages/airflow/example_dags/example_branch_python_dop_operator_3.py
[2024-10-08 13:28:03,866] {logging_mixin.py:115} INFO - [2024-10-08 13:28:03,866] {dag.py:2379} INFO - Sync 1 DAGs
[2024-10-08 13:28:03,884] {logging_mixin.py:115} INFO - [2024-10-08 13:28:03,884] {dag.py:2927} INFO - Setting next_dagrun for example_branch_dop_operator_v3 to 2024-10-08T16:27:00+00:00, run_after=2024-10-08T16:28:00+00:00
[2024-10-08 13:28:05,709] {processor.py:161} INFO - Processing /home/kennedy/KR/Programação/00.Estudos/DataEng/Alura/airflow-executores/venv/lib/python3.9/site-packages/airflow/example_dags/example_branch_python_dop_operator_3.py took 2.043 seconds
[2024-10-08 13:29:23,286] {processor.py:153} INFO - Started process (PID=38182) to work on /home/kennedy/KR/Programação/00.Estudos/DataEng/Alura/airflow-executores/venv/lib/python3.9/site-packages/airflow/example_dags/example_branch_python_dop_operator_3.py
[2024-10-08 13:29:23,375] {processor.py:641} INFO - Processing file /home/kennedy/KR/Programação/00.Estudos/DataEng/Alura/airflow-executores/venv/lib/python3.9/site-packages/airflow/example_dags/example_branch_python_dop_operator_3.py for tasks to queue
[2024-10-08 13:29:23,375] {logging_mixin.py:115} INFO - [2024-10-08 13:29:23,375] {dagbag.py:507} INFO - Filling up the DagBag from /home/kennedy/KR/Programação/00.Estudos/DataEng/Alura/airflow-executores/venv/lib/python3.9/site-packages/airflow/example_dags/example_branch_python_dop_operator_3.py
[2024-10-08 13:29:23,388] {processor.py:651} INFO - DAG(s) dict_keys(['example_branch_dop_operator_v3']) retrieved from /home/kennedy/KR/Programação/00.Estudos/DataEng/Alura/airflow-executores/venv/lib/python3.9/site-packages/airflow/example_dags/example_branch_python_dop_operator_3.py
[2024-10-08 13:29:23,408] {logging_mixin.py:115} INFO - [2024-10-08 13:29:23,408] {dag.py:2379} INFO - Sync 1 DAGs
[2024-10-08 13:29:23,430] {logging_mixin.py:115} INFO - [2024-10-08 13:29:23,430] {dag.py:2927} INFO - Setting next_dagrun for example_branch_dop_operator_v3 to 2024-10-08T16:28:00+00:00, run_after=2024-10-08T16:29:00+00:00
[2024-10-08 13:29:24,117] {processor.py:161} INFO - Processing /home/kennedy/KR/Programação/00.Estudos/DataEng/Alura/airflow-executores/venv/lib/python3.9/site-packages/airflow/example_dags/example_branch_python_dop_operator_3.py took 0.833 seconds
[2024-10-08 13:30:21,311] {processor.py:153} INFO - Started process (PID=38563) to work on /home/kennedy/KR/Programação/00.Estudos/DataEng/Alura/airflow-executores/venv/lib/python3.9/site-packages/airflow/example_dags/example_branch_python_dop_operator_3.py
[2024-10-08 13:30:21,490] {processor.py:641} INFO - Processing file /home/kennedy/KR/Programação/00.Estudos/DataEng/Alura/airflow-executores/venv/lib/python3.9/site-packages/airflow/example_dags/example_branch_python_dop_operator_3.py for tasks to queue
[2024-10-08 13:30:21,491] {logging_mixin.py:115} INFO - [2024-10-08 13:30:21,491] {dagbag.py:507} INFO - Filling up the DagBag from /home/kennedy/KR/Programação/00.Estudos/DataEng/Alura/airflow-executores/venv/lib/python3.9/site-packages/airflow/example_dags/example_branch_python_dop_operator_3.py
[2024-10-08 13:30:21,503] {processor.py:651} INFO - DAG(s) dict_keys(['example_branch_dop_operator_v3']) retrieved from /home/kennedy/KR/Programação/00.Estudos/DataEng/Alura/airflow-executores/venv/lib/python3.9/site-packages/airflow/example_dags/example_branch_python_dop_operator_3.py
[2024-10-08 13:30:21,520] {logging_mixin.py:115} INFO - [2024-10-08 13:30:21,520] {dag.py:2379} INFO - Sync 1 DAGs
[2024-10-08 13:30:21,538] {logging_mixin.py:115} INFO - [2024-10-08 13:30:21,538] {dag.py:2927} INFO - Setting next_dagrun for example_branch_dop_operator_v3 to 2024-10-08T16:29:00+00:00, run_after=2024-10-08T16:30:00+00:00
[2024-10-08 13:30:22,303] {processor.py:161} INFO - Processing /home/kennedy/KR/Programação/00.Estudos/DataEng/Alura/airflow-executores/venv/lib/python3.9/site-packages/airflow/example_dags/example_branch_python_dop_operator_3.py took 0.994 seconds
[2024-10-08 13:31:16,706] {processor.py:153} INFO - Started process (PID=38649) to work on /home/kennedy/KR/Programação/00.Estudos/DataEng/Alura/airflow-executores/venv/lib/python3.9/site-packages/airflow/example_dags/example_branch_python_dop_operator_3.py
[2024-10-08 13:31:16,739] {processor.py:641} INFO - Processing file /home/kennedy/KR/Programação/00.Estudos/DataEng/Alura/airflow-executores/venv/lib/python3.9/site-packages/airflow/example_dags/example_branch_python_dop_operator_3.py for tasks to queue
[2024-10-08 13:31:16,740] {logging_mixin.py:115} INFO - [2024-10-08 13:31:16,740] {dagbag.py:507} INFO - Filling up the DagBag from /home/kennedy/KR/Programação/00.Estudos/DataEng/Alura/airflow-executores/venv/lib/python3.9/site-packages/airflow/example_dags/example_branch_python_dop_operator_3.py
[2024-10-08 13:31:16,757] {processor.py:651} INFO - DAG(s) dict_keys(['example_branch_dop_operator_v3']) retrieved from /home/kennedy/KR/Programação/00.Estudos/DataEng/Alura/airflow-executores/venv/lib/python3.9/site-packages/airflow/example_dags/example_branch_python_dop_operator_3.py
[2024-10-08 13:31:16,782] {logging_mixin.py:115} INFO - [2024-10-08 13:31:16,782] {dag.py:2379} INFO - Sync 1 DAGs
[2024-10-08 13:31:16,814] {logging_mixin.py:115} INFO - [2024-10-08 13:31:16,814] {dag.py:2927} INFO - Setting next_dagrun for example_branch_dop_operator_v3 to 2024-10-08T16:30:00+00:00, run_after=2024-10-08T16:31:00+00:00
[2024-10-08 13:31:17,591] {processor.py:161} INFO - Processing /home/kennedy/KR/Programação/00.Estudos/DataEng/Alura/airflow-executores/venv/lib/python3.9/site-packages/airflow/example_dags/example_branch_python_dop_operator_3.py took 0.889 seconds
[2024-10-08 13:32:24,525] {processor.py:153} INFO - Started process (PID=38814) to work on /home/kennedy/KR/Programação/00.Estudos/DataEng/Alura/airflow-executores/venv/lib/python3.9/site-packages/airflow/example_dags/example_branch_python_dop_operator_3.py
[2024-10-08 13:32:24,527] {processor.py:641} INFO - Processing file /home/kennedy/KR/Programação/00.Estudos/DataEng/Alura/airflow-executores/venv/lib/python3.9/site-packages/airflow/example_dags/example_branch_python_dop_operator_3.py for tasks to queue
[2024-10-08 13:32:24,528] {logging_mixin.py:115} INFO - [2024-10-08 13:32:24,528] {dagbag.py:507} INFO - Filling up the DagBag from /home/kennedy/KR/Programação/00.Estudos/DataEng/Alura/airflow-executores/venv/lib/python3.9/site-packages/airflow/example_dags/example_branch_python_dop_operator_3.py
[2024-10-08 13:32:24,550] {processor.py:651} INFO - DAG(s) dict_keys(['example_branch_dop_operator_v3']) retrieved from /home/kennedy/KR/Programação/00.Estudos/DataEng/Alura/airflow-executores/venv/lib/python3.9/site-packages/airflow/example_dags/example_branch_python_dop_operator_3.py
[2024-10-08 13:32:24,582] {logging_mixin.py:115} INFO - [2024-10-08 13:32:24,582] {dag.py:2379} INFO - Sync 1 DAGs
[2024-10-08 13:32:24,606] {logging_mixin.py:115} INFO - [2024-10-08 13:32:24,606] {dag.py:2927} INFO - Setting next_dagrun for example_branch_dop_operator_v3 to 2024-10-08T16:31:00+00:00, run_after=2024-10-08T16:32:00+00:00
[2024-10-08 13:32:25,803] {processor.py:161} INFO - Processing /home/kennedy/KR/Programação/00.Estudos/DataEng/Alura/airflow-executores/venv/lib/python3.9/site-packages/airflow/example_dags/example_branch_python_dop_operator_3.py took 1.286 seconds
[2024-10-08 13:33:43,985] {processor.py:153} INFO - Started process (PID=38919) to work on /home/kennedy/KR/Programação/00.Estudos/DataEng/Alura/airflow-executores/venv/lib/python3.9/site-packages/airflow/example_dags/example_branch_python_dop_operator_3.py
[2024-10-08 13:33:44,159] {processor.py:641} INFO - Processing file /home/kennedy/KR/Programação/00.Estudos/DataEng/Alura/airflow-executores/venv/lib/python3.9/site-packages/airflow/example_dags/example_branch_python_dop_operator_3.py for tasks to queue
[2024-10-08 13:33:44,160] {logging_mixin.py:115} INFO - [2024-10-08 13:33:44,160] {dagbag.py:507} INFO - Filling up the DagBag from /home/kennedy/KR/Programação/00.Estudos/DataEng/Alura/airflow-executores/venv/lib/python3.9/site-packages/airflow/example_dags/example_branch_python_dop_operator_3.py
[2024-10-08 13:33:44,170] {processor.py:651} INFO - DAG(s) dict_keys(['example_branch_dop_operator_v3']) retrieved from /home/kennedy/KR/Programação/00.Estudos/DataEng/Alura/airflow-executores/venv/lib/python3.9/site-packages/airflow/example_dags/example_branch_python_dop_operator_3.py
[2024-10-08 13:33:44,184] {logging_mixin.py:115} INFO - [2024-10-08 13:33:44,184] {dag.py:2379} INFO - Sync 1 DAGs
[2024-10-08 13:33:44,201] {logging_mixin.py:115} INFO - [2024-10-08 13:33:44,201] {dag.py:2927} INFO - Setting next_dagrun for example_branch_dop_operator_v3 to 2024-10-08T16:32:00+00:00, run_after=2024-10-08T16:33:00+00:00
[2024-10-08 13:33:44,321] {processor.py:161} INFO - Processing /home/kennedy/KR/Programação/00.Estudos/DataEng/Alura/airflow-executores/venv/lib/python3.9/site-packages/airflow/example_dags/example_branch_python_dop_operator_3.py took 0.342 seconds
[2024-10-08 13:34:45,162] {processor.py:153} INFO - Started process (PID=39010) to work on /home/kennedy/KR/Programação/00.Estudos/DataEng/Alura/airflow-executores/venv/lib/python3.9/site-packages/airflow/example_dags/example_branch_python_dop_operator_3.py
[2024-10-08 13:34:45,203] {processor.py:641} INFO - Processing file /home/kennedy/KR/Programação/00.Estudos/DataEng/Alura/airflow-executores/venv/lib/python3.9/site-packages/airflow/example_dags/example_branch_python_dop_operator_3.py for tasks to queue
[2024-10-08 13:34:45,203] {logging_mixin.py:115} INFO - [2024-10-08 13:34:45,203] {dagbag.py:507} INFO - Filling up the DagBag from /home/kennedy/KR/Programação/00.Estudos/DataEng/Alura/airflow-executores/venv/lib/python3.9/site-packages/airflow/example_dags/example_branch_python_dop_operator_3.py
[2024-10-08 13:34:45,212] {processor.py:651} INFO - DAG(s) dict_keys(['example_branch_dop_operator_v3']) retrieved from /home/kennedy/KR/Programação/00.Estudos/DataEng/Alura/airflow-executores/venv/lib/python3.9/site-packages/airflow/example_dags/example_branch_python_dop_operator_3.py
[2024-10-08 13:34:45,227] {logging_mixin.py:115} INFO - [2024-10-08 13:34:45,227] {dag.py:2379} INFO - Sync 1 DAGs
[2024-10-08 13:34:45,247] {logging_mixin.py:115} INFO - [2024-10-08 13:34:45,247] {dag.py:2927} INFO - Setting next_dagrun for example_branch_dop_operator_v3 to 2024-10-08T16:33:00+00:00, run_after=2024-10-08T16:34:00+00:00
[2024-10-08 13:34:45,413] {processor.py:161} INFO - Processing /home/kennedy/KR/Programação/00.Estudos/DataEng/Alura/airflow-executores/venv/lib/python3.9/site-packages/airflow/example_dags/example_branch_python_dop_operator_3.py took 0.254 seconds
[2024-10-08 16:37:02,641] {processor.py:153} INFO - Started process (PID=16744) to work on /home/kennedy/KR/Programação/00.Estudos/DataEng/Alura/airflow-executores/venv/lib/python3.9/site-packages/airflow/example_dags/example_branch_python_dop_operator_3.py
[2024-10-08 16:37:02,643] {processor.py:641} INFO - Processing file /home/kennedy/KR/Programação/00.Estudos/DataEng/Alura/airflow-executores/venv/lib/python3.9/site-packages/airflow/example_dags/example_branch_python_dop_operator_3.py for tasks to queue
[2024-10-08 16:37:02,643] {logging_mixin.py:115} INFO - [2024-10-08 16:37:02,643] {dagbag.py:507} INFO - Filling up the DagBag from /home/kennedy/KR/Programação/00.Estudos/DataEng/Alura/airflow-executores/venv/lib/python3.9/site-packages/airflow/example_dags/example_branch_python_dop_operator_3.py
[2024-10-08 16:37:02,651] {processor.py:651} INFO - DAG(s) dict_keys(['example_branch_dop_operator_v3']) retrieved from /home/kennedy/KR/Programação/00.Estudos/DataEng/Alura/airflow-executores/venv/lib/python3.9/site-packages/airflow/example_dags/example_branch_python_dop_operator_3.py
[2024-10-08 16:37:02,684] {logging_mixin.py:115} INFO - [2024-10-08 16:37:02,683] {dag.py:2379} INFO - Sync 1 DAGs
[2024-10-08 16:37:02,697] {logging_mixin.py:115} INFO - [2024-10-08 16:37:02,697] {dag.py:2927} INFO - Setting next_dagrun for example_branch_dop_operator_v3 to 2024-10-08T19:36:00+00:00, run_after=2024-10-08T19:37:00+00:00
[2024-10-08 16:37:02,798] {processor.py:161} INFO - Processing /home/kennedy/KR/Programação/00.Estudos/DataEng/Alura/airflow-executores/venv/lib/python3.9/site-packages/airflow/example_dags/example_branch_python_dop_operator_3.py took 0.159 seconds
[2024-10-08 16:37:46,884] {processor.py:153} INFO - Started process (PID=16805) to work on /home/kennedy/KR/Programação/00.Estudos/DataEng/Alura/airflow-executores/venv/lib/python3.9/site-packages/airflow/example_dags/example_branch_python_dop_operator_3.py
[2024-10-08 16:37:46,952] {processor.py:641} INFO - Processing file /home/kennedy/KR/Programação/00.Estudos/DataEng/Alura/airflow-executores/venv/lib/python3.9/site-packages/airflow/example_dags/example_branch_python_dop_operator_3.py for tasks to queue
[2024-10-08 16:37:46,954] {logging_mixin.py:115} INFO - [2024-10-08 16:37:46,953] {dagbag.py:507} INFO - Filling up the DagBag from /home/kennedy/KR/Programação/00.Estudos/DataEng/Alura/airflow-executores/venv/lib/python3.9/site-packages/airflow/example_dags/example_branch_python_dop_operator_3.py
[2024-10-08 16:37:46,975] {processor.py:651} INFO - DAG(s) dict_keys(['example_branch_dop_operator_v3']) retrieved from /home/kennedy/KR/Programação/00.Estudos/DataEng/Alura/airflow-executores/venv/lib/python3.9/site-packages/airflow/example_dags/example_branch_python_dop_operator_3.py
[2024-10-08 16:37:46,992] {logging_mixin.py:115} INFO - [2024-10-08 16:37:46,992] {dag.py:2379} INFO - Sync 1 DAGs
[2024-10-08 16:37:47,014] {logging_mixin.py:115} INFO - [2024-10-08 16:37:47,014] {dag.py:2927} INFO - Setting next_dagrun for example_branch_dop_operator_v3 to 2024-10-08T19:36:00+00:00, run_after=2024-10-08T19:37:00+00:00
[2024-10-08 16:37:47,197] {processor.py:161} INFO - Processing /home/kennedy/KR/Programação/00.Estudos/DataEng/Alura/airflow-executores/venv/lib/python3.9/site-packages/airflow/example_dags/example_branch_python_dop_operator_3.py took 0.322 seconds
[2024-10-08 16:39:19,995] {processor.py:153} INFO - Started process (PID=17485) to work on /home/kennedy/KR/Programação/00.Estudos/DataEng/Alura/airflow-executores/venv/lib/python3.9/site-packages/airflow/example_dags/example_branch_python_dop_operator_3.py
[2024-10-08 16:39:19,999] {processor.py:641} INFO - Processing file /home/kennedy/KR/Programação/00.Estudos/DataEng/Alura/airflow-executores/venv/lib/python3.9/site-packages/airflow/example_dags/example_branch_python_dop_operator_3.py for tasks to queue
[2024-10-08 16:39:20,000] {logging_mixin.py:115} INFO - [2024-10-08 16:39:20,000] {dagbag.py:507} INFO - Filling up the DagBag from /home/kennedy/KR/Programação/00.Estudos/DataEng/Alura/airflow-executores/venv/lib/python3.9/site-packages/airflow/example_dags/example_branch_python_dop_operator_3.py
[2024-10-08 16:39:20,021] {processor.py:651} INFO - DAG(s) dict_keys(['example_branch_dop_operator_v3']) retrieved from /home/kennedy/KR/Programação/00.Estudos/DataEng/Alura/airflow-executores/venv/lib/python3.9/site-packages/airflow/example_dags/example_branch_python_dop_operator_3.py
[2024-10-08 16:39:20,037] {logging_mixin.py:115} INFO - [2024-10-08 16:39:20,037] {dag.py:2379} INFO - Sync 1 DAGs
[2024-10-08 16:39:20,055] {logging_mixin.py:115} INFO - [2024-10-08 16:39:20,055] {dag.py:2927} INFO - Setting next_dagrun for example_branch_dop_operator_v3 to 2024-10-08T19:38:00+00:00, run_after=2024-10-08T19:39:00+00:00
[2024-10-08 16:39:20,964] {processor.py:161} INFO - Processing /home/kennedy/KR/Programação/00.Estudos/DataEng/Alura/airflow-executores/venv/lib/python3.9/site-packages/airflow/example_dags/example_branch_python_dop_operator_3.py took 0.975 seconds
[2024-10-08 16:41:49,451] {processor.py:153} INFO - Started process (PID=18056) to work on /home/kennedy/KR/Programação/00.Estudos/DataEng/Alura/airflow-executores/venv/lib/python3.9/site-packages/airflow/example_dags/example_branch_python_dop_operator_3.py
[2024-10-08 16:41:49,578] {processor.py:641} INFO - Processing file /home/kennedy/KR/Programação/00.Estudos/DataEng/Alura/airflow-executores/venv/lib/python3.9/site-packages/airflow/example_dags/example_branch_python_dop_operator_3.py for tasks to queue
[2024-10-08 16:41:49,580] {logging_mixin.py:115} INFO - [2024-10-08 16:41:49,579] {dagbag.py:507} INFO - Filling up the DagBag from /home/kennedy/KR/Programação/00.Estudos/DataEng/Alura/airflow-executores/venv/lib/python3.9/site-packages/airflow/example_dags/example_branch_python_dop_operator_3.py
[2024-10-08 16:41:49,598] {processor.py:651} INFO - DAG(s) dict_keys(['example_branch_dop_operator_v3']) retrieved from /home/kennedy/KR/Programação/00.Estudos/DataEng/Alura/airflow-executores/venv/lib/python3.9/site-packages/airflow/example_dags/example_branch_python_dop_operator_3.py
[2024-10-08 16:41:49,614] {logging_mixin.py:115} INFO - [2024-10-08 16:41:49,614] {dag.py:2379} INFO - Sync 1 DAGs
[2024-10-08 16:41:49,635] {logging_mixin.py:115} INFO - [2024-10-08 16:41:49,634] {dag.py:2927} INFO - Setting next_dagrun for example_branch_dop_operator_v3 to 2024-10-08T19:40:00+00:00, run_after=2024-10-08T19:41:00+00:00
[2024-10-08 16:41:49,949] {processor.py:161} INFO - Processing /home/kennedy/KR/Programação/00.Estudos/DataEng/Alura/airflow-executores/venv/lib/python3.9/site-packages/airflow/example_dags/example_branch_python_dop_operator_3.py took 0.502 seconds
[2024-10-08 16:43:14,160] {processor.py:153} INFO - Started process (PID=18219) to work on /home/kennedy/KR/Programação/00.Estudos/DataEng/Alura/airflow-executores/venv/lib/python3.9/site-packages/airflow/example_dags/example_branch_python_dop_operator_3.py
[2024-10-08 16:43:14,167] {processor.py:641} INFO - Processing file /home/kennedy/KR/Programação/00.Estudos/DataEng/Alura/airflow-executores/venv/lib/python3.9/site-packages/airflow/example_dags/example_branch_python_dop_operator_3.py for tasks to queue
[2024-10-08 16:43:14,168] {logging_mixin.py:115} INFO - [2024-10-08 16:43:14,168] {dagbag.py:507} INFO - Filling up the DagBag from /home/kennedy/KR/Programação/00.Estudos/DataEng/Alura/airflow-executores/venv/lib/python3.9/site-packages/airflow/example_dags/example_branch_python_dop_operator_3.py
[2024-10-08 16:43:14,182] {processor.py:651} INFO - DAG(s) dict_keys(['example_branch_dop_operator_v3']) retrieved from /home/kennedy/KR/Programação/00.Estudos/DataEng/Alura/airflow-executores/venv/lib/python3.9/site-packages/airflow/example_dags/example_branch_python_dop_operator_3.py
[2024-10-08 16:43:14,196] {logging_mixin.py:115} INFO - [2024-10-08 16:43:14,196] {dag.py:2379} INFO - Sync 1 DAGs
[2024-10-08 16:43:14,215] {logging_mixin.py:115} INFO - [2024-10-08 16:43:14,215] {dag.py:2927} INFO - Setting next_dagrun for example_branch_dop_operator_v3 to 2024-10-08T19:42:00+00:00, run_after=2024-10-08T19:43:00+00:00
[2024-10-08 16:43:14,519] {processor.py:161} INFO - Processing /home/kennedy/KR/Programação/00.Estudos/DataEng/Alura/airflow-executores/venv/lib/python3.9/site-packages/airflow/example_dags/example_branch_python_dop_operator_3.py took 0.366 seconds
[2024-10-08 16:44:41,422] {processor.py:153} INFO - Started process (PID=18294) to work on /home/kennedy/KR/Programação/00.Estudos/DataEng/Alura/airflow-executores/venv/lib/python3.9/site-packages/airflow/example_dags/example_branch_python_dop_operator_3.py
[2024-10-08 16:44:41,597] {processor.py:641} INFO - Processing file /home/kennedy/KR/Programação/00.Estudos/DataEng/Alura/airflow-executores/venv/lib/python3.9/site-packages/airflow/example_dags/example_branch_python_dop_operator_3.py for tasks to queue
[2024-10-08 16:44:41,599] {logging_mixin.py:115} INFO - [2024-10-08 16:44:41,598] {dagbag.py:507} INFO - Filling up the DagBag from /home/kennedy/KR/Programação/00.Estudos/DataEng/Alura/airflow-executores/venv/lib/python3.9/site-packages/airflow/example_dags/example_branch_python_dop_operator_3.py
[2024-10-08 16:44:41,621] {processor.py:651} INFO - DAG(s) dict_keys(['example_branch_dop_operator_v3']) retrieved from /home/kennedy/KR/Programação/00.Estudos/DataEng/Alura/airflow-executores/venv/lib/python3.9/site-packages/airflow/example_dags/example_branch_python_dop_operator_3.py
[2024-10-08 16:44:41,643] {logging_mixin.py:115} INFO - [2024-10-08 16:44:41,643] {dag.py:2379} INFO - Sync 1 DAGs
[2024-10-08 16:44:41,663] {logging_mixin.py:115} INFO - [2024-10-08 16:44:41,663] {dag.py:2927} INFO - Setting next_dagrun for example_branch_dop_operator_v3 to 2024-10-08T19:43:00+00:00, run_after=2024-10-08T19:44:00+00:00
[2024-10-08 16:44:41,965] {processor.py:161} INFO - Processing /home/kennedy/KR/Programação/00.Estudos/DataEng/Alura/airflow-executores/venv/lib/python3.9/site-packages/airflow/example_dags/example_branch_python_dop_operator_3.py took 0.549 seconds
[2024-10-08 16:46:59,448] {processor.py:153} INFO - Started process (PID=19040) to work on /home/kennedy/KR/Programação/00.Estudos/DataEng/Alura/airflow-executores/venv/lib/python3.9/site-packages/airflow/example_dags/example_branch_python_dop_operator_3.py
[2024-10-08 16:46:59,989] {processor.py:641} INFO - Processing file /home/kennedy/KR/Programação/00.Estudos/DataEng/Alura/airflow-executores/venv/lib/python3.9/site-packages/airflow/example_dags/example_branch_python_dop_operator_3.py for tasks to queue
[2024-10-08 16:46:59,990] {logging_mixin.py:115} INFO - [2024-10-08 16:46:59,990] {dagbag.py:507} INFO - Filling up the DagBag from /home/kennedy/KR/Programação/00.Estudos/DataEng/Alura/airflow-executores/venv/lib/python3.9/site-packages/airflow/example_dags/example_branch_python_dop_operator_3.py
[2024-10-08 16:47:00,004] {processor.py:651} INFO - DAG(s) dict_keys(['example_branch_dop_operator_v3']) retrieved from /home/kennedy/KR/Programação/00.Estudos/DataEng/Alura/airflow-executores/venv/lib/python3.9/site-packages/airflow/example_dags/example_branch_python_dop_operator_3.py
[2024-10-08 16:47:00,031] {logging_mixin.py:115} INFO - [2024-10-08 16:47:00,031] {dag.py:2379} INFO - Sync 1 DAGs
[2024-10-08 16:47:00,058] {logging_mixin.py:115} INFO - [2024-10-08 16:47:00,058] {dag.py:2927} INFO - Setting next_dagrun for example_branch_dop_operator_v3 to 2024-10-08T19:46:00+00:00, run_after=2024-10-08T19:47:00+00:00
[2024-10-08 16:47:00,425] {processor.py:161} INFO - Processing /home/kennedy/KR/Programação/00.Estudos/DataEng/Alura/airflow-executores/venv/lib/python3.9/site-packages/airflow/example_dags/example_branch_python_dop_operator_3.py took 0.988 seconds
[2024-10-08 16:48:23,796] {processor.py:153} INFO - Started process (PID=19237) to work on /home/kennedy/KR/Programação/00.Estudos/DataEng/Alura/airflow-executores/venv/lib/python3.9/site-packages/airflow/example_dags/example_branch_python_dop_operator_3.py
[2024-10-08 16:48:23,811] {processor.py:641} INFO - Processing file /home/kennedy/KR/Programação/00.Estudos/DataEng/Alura/airflow-executores/venv/lib/python3.9/site-packages/airflow/example_dags/example_branch_python_dop_operator_3.py for tasks to queue
[2024-10-08 16:48:23,812] {logging_mixin.py:115} INFO - [2024-10-08 16:48:23,812] {dagbag.py:507} INFO - Filling up the DagBag from /home/kennedy/KR/Programação/00.Estudos/DataEng/Alura/airflow-executores/venv/lib/python3.9/site-packages/airflow/example_dags/example_branch_python_dop_operator_3.py
[2024-10-08 16:48:23,821] {processor.py:651} INFO - DAG(s) dict_keys(['example_branch_dop_operator_v3']) retrieved from /home/kennedy/KR/Programação/00.Estudos/DataEng/Alura/airflow-executores/venv/lib/python3.9/site-packages/airflow/example_dags/example_branch_python_dop_operator_3.py
[2024-10-08 16:48:23,832] {logging_mixin.py:115} INFO - [2024-10-08 16:48:23,832] {dag.py:2379} INFO - Sync 1 DAGs
[2024-10-08 16:48:23,847] {logging_mixin.py:115} INFO - [2024-10-08 16:48:23,847] {dag.py:2927} INFO - Setting next_dagrun for example_branch_dop_operator_v3 to 2024-10-08T19:47:00+00:00, run_after=2024-10-08T19:48:00+00:00
[2024-10-08 16:48:24,228] {processor.py:161} INFO - Processing /home/kennedy/KR/Programação/00.Estudos/DataEng/Alura/airflow-executores/venv/lib/python3.9/site-packages/airflow/example_dags/example_branch_python_dop_operator_3.py took 0.433 seconds
[2024-10-08 16:49:32,746] {processor.py:153} INFO - Started process (PID=19322) to work on /home/kennedy/KR/Programação/00.Estudos/DataEng/Alura/airflow-executores/venv/lib/python3.9/site-packages/airflow/example_dags/example_branch_python_dop_operator_3.py
[2024-10-08 16:49:33,035] {processor.py:641} INFO - Processing file /home/kennedy/KR/Programação/00.Estudos/DataEng/Alura/airflow-executores/venv/lib/python3.9/site-packages/airflow/example_dags/example_branch_python_dop_operator_3.py for tasks to queue
[2024-10-08 16:49:33,036] {logging_mixin.py:115} INFO - [2024-10-08 16:49:33,036] {dagbag.py:507} INFO - Filling up the DagBag from /home/kennedy/KR/Programação/00.Estudos/DataEng/Alura/airflow-executores/venv/lib/python3.9/site-packages/airflow/example_dags/example_branch_python_dop_operator_3.py
[2024-10-08 16:49:33,061] {processor.py:651} INFO - DAG(s) dict_keys(['example_branch_dop_operator_v3']) retrieved from /home/kennedy/KR/Programação/00.Estudos/DataEng/Alura/airflow-executores/venv/lib/python3.9/site-packages/airflow/example_dags/example_branch_python_dop_operator_3.py
[2024-10-08 16:49:33,080] {logging_mixin.py:115} INFO - [2024-10-08 16:49:33,080] {dag.py:2379} INFO - Sync 1 DAGs
[2024-10-08 16:49:33,096] {logging_mixin.py:115} INFO - [2024-10-08 16:49:33,096] {dag.py:2927} INFO - Setting next_dagrun for example_branch_dop_operator_v3 to 2024-10-08T19:48:00+00:00, run_after=2024-10-08T19:49:00+00:00
[2024-10-08 16:49:33,196] {processor.py:161} INFO - Processing /home/kennedy/KR/Programação/00.Estudos/DataEng/Alura/airflow-executores/venv/lib/python3.9/site-packages/airflow/example_dags/example_branch_python_dop_operator_3.py took 0.456 seconds
[2024-10-08 17:22:58,527] {processor.py:153} INFO - Started process (PID=40151) to work on /home/kennedy/KR/Programação/00.Estudos/DataEng/Alura/airflow-executores/venv/lib/python3.9/site-packages/airflow/example_dags/example_branch_python_dop_operator_3.py
[2024-10-08 17:22:58,529] {processor.py:641} INFO - Processing file /home/kennedy/KR/Programação/00.Estudos/DataEng/Alura/airflow-executores/venv/lib/python3.9/site-packages/airflow/example_dags/example_branch_python_dop_operator_3.py for tasks to queue
[2024-10-08 17:22:58,529] {logging_mixin.py:115} INFO - [2024-10-08 17:22:58,529] {dagbag.py:507} INFO - Filling up the DagBag from /home/kennedy/KR/Programação/00.Estudos/DataEng/Alura/airflow-executores/venv/lib/python3.9/site-packages/airflow/example_dags/example_branch_python_dop_operator_3.py
[2024-10-08 17:22:58,536] {processor.py:651} INFO - DAG(s) dict_keys(['example_branch_dop_operator_v3']) retrieved from /home/kennedy/KR/Programação/00.Estudos/DataEng/Alura/airflow-executores/venv/lib/python3.9/site-packages/airflow/example_dags/example_branch_python_dop_operator_3.py
[2024-10-08 17:22:58,547] {logging_mixin.py:115} INFO - [2024-10-08 17:22:58,547] {dag.py:2379} INFO - Sync 1 DAGs
[2024-10-08 17:22:58,563] {logging_mixin.py:115} INFO - [2024-10-08 17:22:58,563] {dag.py:2927} INFO - Setting next_dagrun for example_branch_dop_operator_v3 to 2024-10-08T20:21:00+00:00, run_after=2024-10-08T20:22:00+00:00
[2024-10-08 17:22:58,738] {processor.py:161} INFO - Processing /home/kennedy/KR/Programação/00.Estudos/DataEng/Alura/airflow-executores/venv/lib/python3.9/site-packages/airflow/example_dags/example_branch_python_dop_operator_3.py took 0.213 seconds
