[2024-10-08 13:23:54,096] {processor.py:153} INFO - Started process (PID=37566) to work on /home/kennedy/KR/Programação/00.Estudos/DataEng/Alura/airflow-executores/venv/lib/python3.9/site-packages/airflow/example_dags/example_external_task_marker_dag.py
[2024-10-08 13:23:54,097] {processor.py:641} INFO - Processing file /home/kennedy/KR/Programação/00.Estudos/DataEng/Alura/airflow-executores/venv/lib/python3.9/site-packages/airflow/example_dags/example_external_task_marker_dag.py for tasks to queue
[2024-10-08 13:23:54,098] {logging_mixin.py:115} INFO - [2024-10-08 13:23:54,098] {dagbag.py:507} INFO - Filling up the DagBag from /home/kennedy/KR/Programação/00.Estudos/DataEng/Alura/airflow-executores/venv/lib/python3.9/site-packages/airflow/example_dags/example_external_task_marker_dag.py
[2024-10-08 13:23:54,105] {processor.py:651} INFO - DAG(s) dict_keys(['example_external_task_marker_parent', 'example_external_task_marker_child']) retrieved from /home/kennedy/KR/Programação/00.Estudos/DataEng/Alura/airflow-executores/venv/lib/python3.9/site-packages/airflow/example_dags/example_external_task_marker_dag.py
[2024-10-08 13:23:54,733] {logging_mixin.py:115} INFO - [2024-10-08 13:23:54,732] {manager.py:508} INFO - Created Permission View: can delete on DAG:example_external_task_marker_parent
[2024-10-08 13:23:57,242] {logging_mixin.py:115} INFO - [2024-10-08 13:23:57,242] {manager.py:508} INFO - Created Permission View: can read on DAG:example_external_task_marker_parent
[2024-10-08 13:23:58,432] {logging_mixin.py:115} INFO - [2024-10-08 13:23:58,431] {manager.py:508} INFO - Created Permission View: can edit on DAG:example_external_task_marker_parent
[2024-10-08 13:24:01,204] {logging_mixin.py:115} INFO - [2024-10-08 13:24:01,204] {manager.py:508} INFO - Created Permission View: can delete on DAG:example_external_task_marker_child
[2024-10-08 13:24:02,739] {logging_mixin.py:115} INFO - [2024-10-08 13:24:02,739] {manager.py:508} INFO - Created Permission View: can read on DAG:example_external_task_marker_child
[2024-10-08 13:24:03,050] {logging_mixin.py:115} INFO - [2024-10-08 13:24:03,050] {manager.py:508} INFO - Created Permission View: can edit on DAG:example_external_task_marker_child
[2024-10-08 13:24:03,051] {logging_mixin.py:115} INFO - [2024-10-08 13:24:03,050] {dag.py:2379} INFO - Sync 2 DAGs
[2024-10-08 13:24:03,068] {logging_mixin.py:115} INFO - [2024-10-08 13:24:03,068] {dag.py:2398} INFO - Creating ORM DAG for example_external_task_marker_parent
[2024-10-08 13:24:03,068] {logging_mixin.py:115} INFO - [2024-10-08 13:24:03,068] {dag.py:2398} INFO - Creating ORM DAG for example_external_task_marker_child
[2024-10-08 13:24:03,080] {logging_mixin.py:115} INFO - [2024-10-08 13:24:03,080] {dag.py:2927} INFO - Setting next_dagrun for example_external_task_marker_child to None, run_after=None
[2024-10-08 13:24:03,080] {logging_mixin.py:115} INFO - [2024-10-08 13:24:03,080] {dag.py:2927} INFO - Setting next_dagrun for example_external_task_marker_parent to None, run_after=None
[2024-10-08 13:24:03,820] {processor.py:161} INFO - Processing /home/kennedy/KR/Programação/00.Estudos/DataEng/Alura/airflow-executores/venv/lib/python3.9/site-packages/airflow/example_dags/example_external_task_marker_dag.py took 9.732 seconds
[2024-10-08 13:25:26,581] {processor.py:153} INFO - Started process (PID=37742) to work on /home/kennedy/KR/Programação/00.Estudos/DataEng/Alura/airflow-executores/venv/lib/python3.9/site-packages/airflow/example_dags/example_external_task_marker_dag.py
[2024-10-08 13:25:26,582] {processor.py:641} INFO - Processing file /home/kennedy/KR/Programação/00.Estudos/DataEng/Alura/airflow-executores/venv/lib/python3.9/site-packages/airflow/example_dags/example_external_task_marker_dag.py for tasks to queue
[2024-10-08 13:25:26,584] {logging_mixin.py:115} INFO - [2024-10-08 13:25:26,583] {dagbag.py:507} INFO - Filling up the DagBag from /home/kennedy/KR/Programação/00.Estudos/DataEng/Alura/airflow-executores/venv/lib/python3.9/site-packages/airflow/example_dags/example_external_task_marker_dag.py
[2024-10-08 13:25:26,590] {processor.py:651} INFO - DAG(s) dict_keys(['example_external_task_marker_parent', 'example_external_task_marker_child']) retrieved from /home/kennedy/KR/Programação/00.Estudos/DataEng/Alura/airflow-executores/venv/lib/python3.9/site-packages/airflow/example_dags/example_external_task_marker_dag.py
[2024-10-08 13:25:26,615] {logging_mixin.py:115} INFO - [2024-10-08 13:25:26,615] {dag.py:2379} INFO - Sync 2 DAGs
[2024-10-08 13:25:26,629] {logging_mixin.py:115} INFO - [2024-10-08 13:25:26,628] {dag.py:2927} INFO - Setting next_dagrun for example_external_task_marker_child to None, run_after=None
[2024-10-08 13:25:26,629] {logging_mixin.py:115} INFO - [2024-10-08 13:25:26,629] {dag.py:2927} INFO - Setting next_dagrun for example_external_task_marker_parent to None, run_after=None
[2024-10-08 13:25:27,564] {processor.py:161} INFO - Processing /home/kennedy/KR/Programação/00.Estudos/DataEng/Alura/airflow-executores/venv/lib/python3.9/site-packages/airflow/example_dags/example_external_task_marker_dag.py took 0.989 seconds
[2024-10-08 13:26:35,790] {processor.py:153} INFO - Started process (PID=37827) to work on /home/kennedy/KR/Programação/00.Estudos/DataEng/Alura/airflow-executores/venv/lib/python3.9/site-packages/airflow/example_dags/example_external_task_marker_dag.py
[2024-10-08 13:26:36,094] {processor.py:641} INFO - Processing file /home/kennedy/KR/Programação/00.Estudos/DataEng/Alura/airflow-executores/venv/lib/python3.9/site-packages/airflow/example_dags/example_external_task_marker_dag.py for tasks to queue
[2024-10-08 13:26:36,095] {logging_mixin.py:115} INFO - [2024-10-08 13:26:36,095] {dagbag.py:507} INFO - Filling up the DagBag from /home/kennedy/KR/Programação/00.Estudos/DataEng/Alura/airflow-executores/venv/lib/python3.9/site-packages/airflow/example_dags/example_external_task_marker_dag.py
[2024-10-08 13:26:36,105] {processor.py:651} INFO - DAG(s) dict_keys(['example_external_task_marker_parent', 'example_external_task_marker_child']) retrieved from /home/kennedy/KR/Programação/00.Estudos/DataEng/Alura/airflow-executores/venv/lib/python3.9/site-packages/airflow/example_dags/example_external_task_marker_dag.py
[2024-10-08 13:26:36,145] {logging_mixin.py:115} INFO - [2024-10-08 13:26:36,145] {dag.py:2379} INFO - Sync 2 DAGs
[2024-10-08 13:26:36,159] {logging_mixin.py:115} INFO - [2024-10-08 13:26:36,159] {dag.py:2927} INFO - Setting next_dagrun for example_external_task_marker_child to None, run_after=None
[2024-10-08 13:26:36,159] {logging_mixin.py:115} INFO - [2024-10-08 13:26:36,159] {dag.py:2927} INFO - Setting next_dagrun for example_external_task_marker_parent to None, run_after=None
[2024-10-08 13:26:36,651] {processor.py:161} INFO - Processing /home/kennedy/KR/Programação/00.Estudos/DataEng/Alura/airflow-executores/venv/lib/python3.9/site-packages/airflow/example_dags/example_external_task_marker_dag.py took 0.867 seconds
[2024-10-08 13:28:00,206] {processor.py:153} INFO - Started process (PID=38011) to work on /home/kennedy/KR/Programação/00.Estudos/DataEng/Alura/airflow-executores/venv/lib/python3.9/site-packages/airflow/example_dags/example_external_task_marker_dag.py
[2024-10-08 13:28:00,219] {processor.py:641} INFO - Processing file /home/kennedy/KR/Programação/00.Estudos/DataEng/Alura/airflow-executores/venv/lib/python3.9/site-packages/airflow/example_dags/example_external_task_marker_dag.py for tasks to queue
[2024-10-08 13:28:00,220] {logging_mixin.py:115} INFO - [2024-10-08 13:28:00,220] {dagbag.py:507} INFO - Filling up the DagBag from /home/kennedy/KR/Programação/00.Estudos/DataEng/Alura/airflow-executores/venv/lib/python3.9/site-packages/airflow/example_dags/example_external_task_marker_dag.py
[2024-10-08 13:28:00,231] {processor.py:651} INFO - DAG(s) dict_keys(['example_external_task_marker_parent', 'example_external_task_marker_child']) retrieved from /home/kennedy/KR/Programação/00.Estudos/DataEng/Alura/airflow-executores/venv/lib/python3.9/site-packages/airflow/example_dags/example_external_task_marker_dag.py
[2024-10-08 13:28:00,265] {logging_mixin.py:115} INFO - [2024-10-08 13:28:00,265] {dag.py:2379} INFO - Sync 2 DAGs
[2024-10-08 13:28:00,279] {logging_mixin.py:115} INFO - [2024-10-08 13:28:00,278] {dag.py:2927} INFO - Setting next_dagrun for example_external_task_marker_child to None, run_after=None
[2024-10-08 13:28:00,279] {logging_mixin.py:115} INFO - [2024-10-08 13:28:00,279] {dag.py:2927} INFO - Setting next_dagrun for example_external_task_marker_parent to None, run_after=None
[2024-10-08 13:28:02,566] {processor.py:161} INFO - Processing /home/kennedy/KR/Programação/00.Estudos/DataEng/Alura/airflow-executores/venv/lib/python3.9/site-packages/airflow/example_dags/example_external_task_marker_dag.py took 2.367 seconds
[2024-10-08 13:29:20,045] {processor.py:153} INFO - Started process (PID=38178) to work on /home/kennedy/KR/Programação/00.Estudos/DataEng/Alura/airflow-executores/venv/lib/python3.9/site-packages/airflow/example_dags/example_external_task_marker_dag.py
[2024-10-08 13:29:20,107] {processor.py:641} INFO - Processing file /home/kennedy/KR/Programação/00.Estudos/DataEng/Alura/airflow-executores/venv/lib/python3.9/site-packages/airflow/example_dags/example_external_task_marker_dag.py for tasks to queue
[2024-10-08 13:29:20,109] {logging_mixin.py:115} INFO - [2024-10-08 13:29:20,109] {dagbag.py:507} INFO - Filling up the DagBag from /home/kennedy/KR/Programação/00.Estudos/DataEng/Alura/airflow-executores/venv/lib/python3.9/site-packages/airflow/example_dags/example_external_task_marker_dag.py
[2024-10-08 13:29:20,120] {processor.py:651} INFO - DAG(s) dict_keys(['example_external_task_marker_parent', 'example_external_task_marker_child']) retrieved from /home/kennedy/KR/Programação/00.Estudos/DataEng/Alura/airflow-executores/venv/lib/python3.9/site-packages/airflow/example_dags/example_external_task_marker_dag.py
[2024-10-08 13:29:20,165] {logging_mixin.py:115} INFO - [2024-10-08 13:29:20,165] {dag.py:2379} INFO - Sync 2 DAGs
[2024-10-08 13:29:20,183] {logging_mixin.py:115} INFO - [2024-10-08 13:29:20,183] {dag.py:2927} INFO - Setting next_dagrun for example_external_task_marker_child to None, run_after=None
[2024-10-08 13:29:20,183] {logging_mixin.py:115} INFO - [2024-10-08 13:29:20,183] {dag.py:2927} INFO - Setting next_dagrun for example_external_task_marker_parent to None, run_after=None
[2024-10-08 13:29:22,148] {processor.py:161} INFO - Processing /home/kennedy/KR/Programação/00.Estudos/DataEng/Alura/airflow-executores/venv/lib/python3.9/site-packages/airflow/example_dags/example_external_task_marker_dag.py took 2.107 seconds
[2024-10-08 13:30:17,592] {processor.py:153} INFO - Started process (PID=38541) to work on /home/kennedy/KR/Programação/00.Estudos/DataEng/Alura/airflow-executores/venv/lib/python3.9/site-packages/airflow/example_dags/example_external_task_marker_dag.py
[2024-10-08 13:30:18,542] {processor.py:641} INFO - Processing file /home/kennedy/KR/Programação/00.Estudos/DataEng/Alura/airflow-executores/venv/lib/python3.9/site-packages/airflow/example_dags/example_external_task_marker_dag.py for tasks to queue
[2024-10-08 13:30:18,542] {logging_mixin.py:115} INFO - [2024-10-08 13:30:18,542] {dagbag.py:507} INFO - Filling up the DagBag from /home/kennedy/KR/Programação/00.Estudos/DataEng/Alura/airflow-executores/venv/lib/python3.9/site-packages/airflow/example_dags/example_external_task_marker_dag.py
[2024-10-08 13:30:18,546] {processor.py:651} INFO - DAG(s) dict_keys(['example_external_task_marker_parent', 'example_external_task_marker_child']) retrieved from /home/kennedy/KR/Programação/00.Estudos/DataEng/Alura/airflow-executores/venv/lib/python3.9/site-packages/airflow/example_dags/example_external_task_marker_dag.py
[2024-10-08 13:30:18,572] {logging_mixin.py:115} INFO - [2024-10-08 13:30:18,572] {dag.py:2379} INFO - Sync 2 DAGs
[2024-10-08 13:30:18,588] {logging_mixin.py:115} INFO - [2024-10-08 13:30:18,588] {dag.py:2927} INFO - Setting next_dagrun for example_external_task_marker_child to None, run_after=None
[2024-10-08 13:30:18,588] {logging_mixin.py:115} INFO - [2024-10-08 13:30:18,588] {dag.py:2927} INFO - Setting next_dagrun for example_external_task_marker_parent to None, run_after=None
[2024-10-08 13:30:20,222] {processor.py:161} INFO - Processing /home/kennedy/KR/Programação/00.Estudos/DataEng/Alura/airflow-executores/venv/lib/python3.9/site-packages/airflow/example_dags/example_external_task_marker_dag.py took 2.632 seconds
[2024-10-08 13:31:15,265] {processor.py:153} INFO - Started process (PID=38628) to work on /home/kennedy/KR/Programação/00.Estudos/DataEng/Alura/airflow-executores/venv/lib/python3.9/site-packages/airflow/example_dags/example_external_task_marker_dag.py
[2024-10-08 13:31:15,353] {processor.py:641} INFO - Processing file /home/kennedy/KR/Programação/00.Estudos/DataEng/Alura/airflow-executores/venv/lib/python3.9/site-packages/airflow/example_dags/example_external_task_marker_dag.py for tasks to queue
[2024-10-08 13:31:15,354] {logging_mixin.py:115} INFO - [2024-10-08 13:31:15,354] {dagbag.py:507} INFO - Filling up the DagBag from /home/kennedy/KR/Programação/00.Estudos/DataEng/Alura/airflow-executores/venv/lib/python3.9/site-packages/airflow/example_dags/example_external_task_marker_dag.py
[2024-10-08 13:31:15,358] {processor.py:651} INFO - DAG(s) dict_keys(['example_external_task_marker_parent', 'example_external_task_marker_child']) retrieved from /home/kennedy/KR/Programação/00.Estudos/DataEng/Alura/airflow-executores/venv/lib/python3.9/site-packages/airflow/example_dags/example_external_task_marker_dag.py
[2024-10-08 13:31:15,381] {logging_mixin.py:115} INFO - [2024-10-08 13:31:15,381] {dag.py:2379} INFO - Sync 2 DAGs
[2024-10-08 13:31:15,397] {logging_mixin.py:115} INFO - [2024-10-08 13:31:15,397] {dag.py:2927} INFO - Setting next_dagrun for example_external_task_marker_child to None, run_after=None
[2024-10-08 13:31:15,397] {logging_mixin.py:115} INFO - [2024-10-08 13:31:15,397] {dag.py:2927} INFO - Setting next_dagrun for example_external_task_marker_parent to None, run_after=None
[2024-10-08 13:31:15,592] {processor.py:161} INFO - Processing /home/kennedy/KR/Programação/00.Estudos/DataEng/Alura/airflow-executores/venv/lib/python3.9/site-packages/airflow/example_dags/example_external_task_marker_dag.py took 0.340 seconds
[2024-10-08 13:32:22,974] {processor.py:153} INFO - Started process (PID=38813) to work on /home/kennedy/KR/Programação/00.Estudos/DataEng/Alura/airflow-executores/venv/lib/python3.9/site-packages/airflow/example_dags/example_external_task_marker_dag.py
[2024-10-08 13:32:22,996] {processor.py:641} INFO - Processing file /home/kennedy/KR/Programação/00.Estudos/DataEng/Alura/airflow-executores/venv/lib/python3.9/site-packages/airflow/example_dags/example_external_task_marker_dag.py for tasks to queue
[2024-10-08 13:32:22,998] {logging_mixin.py:115} INFO - [2024-10-08 13:32:22,997] {dagbag.py:507} INFO - Filling up the DagBag from /home/kennedy/KR/Programação/00.Estudos/DataEng/Alura/airflow-executores/venv/lib/python3.9/site-packages/airflow/example_dags/example_external_task_marker_dag.py
[2024-10-08 13:32:23,010] {processor.py:651} INFO - DAG(s) dict_keys(['example_external_task_marker_parent', 'example_external_task_marker_child']) retrieved from /home/kennedy/KR/Programação/00.Estudos/DataEng/Alura/airflow-executores/venv/lib/python3.9/site-packages/airflow/example_dags/example_external_task_marker_dag.py
[2024-10-08 13:32:23,061] {logging_mixin.py:115} INFO - [2024-10-08 13:32:23,061] {dag.py:2379} INFO - Sync 2 DAGs
[2024-10-08 13:32:23,084] {logging_mixin.py:115} INFO - [2024-10-08 13:32:23,083] {dag.py:2927} INFO - Setting next_dagrun for example_external_task_marker_child to None, run_after=None
[2024-10-08 13:32:23,084] {logging_mixin.py:115} INFO - [2024-10-08 13:32:23,084] {dag.py:2927} INFO - Setting next_dagrun for example_external_task_marker_parent to None, run_after=None
[2024-10-08 13:32:23,213] {processor.py:161} INFO - Processing /home/kennedy/KR/Programação/00.Estudos/DataEng/Alura/airflow-executores/venv/lib/python3.9/site-packages/airflow/example_dags/example_external_task_marker_dag.py took 0.246 seconds
[2024-10-08 13:33:42,529] {processor.py:153} INFO - Started process (PID=38918) to work on /home/kennedy/KR/Programação/00.Estudos/DataEng/Alura/airflow-executores/venv/lib/python3.9/site-packages/airflow/example_dags/example_external_task_marker_dag.py
[2024-10-08 13:33:42,548] {processor.py:641} INFO - Processing file /home/kennedy/KR/Programação/00.Estudos/DataEng/Alura/airflow-executores/venv/lib/python3.9/site-packages/airflow/example_dags/example_external_task_marker_dag.py for tasks to queue
[2024-10-08 13:33:42,549] {logging_mixin.py:115} INFO - [2024-10-08 13:33:42,549] {dagbag.py:507} INFO - Filling up the DagBag from /home/kennedy/KR/Programação/00.Estudos/DataEng/Alura/airflow-executores/venv/lib/python3.9/site-packages/airflow/example_dags/example_external_task_marker_dag.py
[2024-10-08 13:33:42,560] {processor.py:651} INFO - DAG(s) dict_keys(['example_external_task_marker_parent', 'example_external_task_marker_child']) retrieved from /home/kennedy/KR/Programação/00.Estudos/DataEng/Alura/airflow-executores/venv/lib/python3.9/site-packages/airflow/example_dags/example_external_task_marker_dag.py
[2024-10-08 13:33:42,627] {logging_mixin.py:115} INFO - [2024-10-08 13:33:42,626] {dag.py:2379} INFO - Sync 2 DAGs
[2024-10-08 13:33:42,652] {logging_mixin.py:115} INFO - [2024-10-08 13:33:42,652] {dag.py:2927} INFO - Setting next_dagrun for example_external_task_marker_child to None, run_after=None
[2024-10-08 13:33:42,652] {logging_mixin.py:115} INFO - [2024-10-08 13:33:42,652] {dag.py:2927} INFO - Setting next_dagrun for example_external_task_marker_parent to None, run_after=None
[2024-10-08 13:33:42,841] {processor.py:161} INFO - Processing /home/kennedy/KR/Programação/00.Estudos/DataEng/Alura/airflow-executores/venv/lib/python3.9/site-packages/airflow/example_dags/example_external_task_marker_dag.py took 0.320 seconds
[2024-10-08 13:34:43,638] {processor.py:153} INFO - Started process (PID=39009) to work on /home/kennedy/KR/Programação/00.Estudos/DataEng/Alura/airflow-executores/venv/lib/python3.9/site-packages/airflow/example_dags/example_external_task_marker_dag.py
[2024-10-08 13:34:43,697] {processor.py:641} INFO - Processing file /home/kennedy/KR/Programação/00.Estudos/DataEng/Alura/airflow-executores/venv/lib/python3.9/site-packages/airflow/example_dags/example_external_task_marker_dag.py for tasks to queue
[2024-10-08 13:34:43,698] {logging_mixin.py:115} INFO - [2024-10-08 13:34:43,698] {dagbag.py:507} INFO - Filling up the DagBag from /home/kennedy/KR/Programação/00.Estudos/DataEng/Alura/airflow-executores/venv/lib/python3.9/site-packages/airflow/example_dags/example_external_task_marker_dag.py
[2024-10-08 13:34:43,708] {processor.py:651} INFO - DAG(s) dict_keys(['example_external_task_marker_parent', 'example_external_task_marker_child']) retrieved from /home/kennedy/KR/Programação/00.Estudos/DataEng/Alura/airflow-executores/venv/lib/python3.9/site-packages/airflow/example_dags/example_external_task_marker_dag.py
[2024-10-08 13:34:43,747] {logging_mixin.py:115} INFO - [2024-10-08 13:34:43,747] {dag.py:2379} INFO - Sync 2 DAGs
[2024-10-08 13:34:43,761] {logging_mixin.py:115} INFO - [2024-10-08 13:34:43,761] {dag.py:2927} INFO - Setting next_dagrun for example_external_task_marker_child to None, run_after=None
[2024-10-08 13:34:43,761] {logging_mixin.py:115} INFO - [2024-10-08 13:34:43,761] {dag.py:2927} INFO - Setting next_dagrun for example_external_task_marker_parent to None, run_after=None
[2024-10-08 13:34:44,028] {processor.py:161} INFO - Processing /home/kennedy/KR/Programação/00.Estudos/DataEng/Alura/airflow-executores/venv/lib/python3.9/site-packages/airflow/example_dags/example_external_task_marker_dag.py took 0.396 seconds
[2024-10-08 16:37:01,364] {processor.py:153} INFO - Started process (PID=16743) to work on /home/kennedy/KR/Programação/00.Estudos/DataEng/Alura/airflow-executores/venv/lib/python3.9/site-packages/airflow/example_dags/example_external_task_marker_dag.py
[2024-10-08 16:37:01,463] {processor.py:641} INFO - Processing file /home/kennedy/KR/Programação/00.Estudos/DataEng/Alura/airflow-executores/venv/lib/python3.9/site-packages/airflow/example_dags/example_external_task_marker_dag.py for tasks to queue
[2024-10-08 16:37:01,464] {logging_mixin.py:115} INFO - [2024-10-08 16:37:01,464] {dagbag.py:507} INFO - Filling up the DagBag from /home/kennedy/KR/Programação/00.Estudos/DataEng/Alura/airflow-executores/venv/lib/python3.9/site-packages/airflow/example_dags/example_external_task_marker_dag.py
[2024-10-08 16:37:01,475] {processor.py:651} INFO - DAG(s) dict_keys(['example_external_task_marker_parent', 'example_external_task_marker_child']) retrieved from /home/kennedy/KR/Programação/00.Estudos/DataEng/Alura/airflow-executores/venv/lib/python3.9/site-packages/airflow/example_dags/example_external_task_marker_dag.py
[2024-10-08 16:37:01,542] {logging_mixin.py:115} INFO - [2024-10-08 16:37:01,542] {dag.py:2379} INFO - Sync 2 DAGs
[2024-10-08 16:37:01,558] {logging_mixin.py:115} INFO - [2024-10-08 16:37:01,558] {dag.py:2927} INFO - Setting next_dagrun for example_external_task_marker_child to None, run_after=None
[2024-10-08 16:37:01,558] {logging_mixin.py:115} INFO - [2024-10-08 16:37:01,558] {dag.py:2927} INFO - Setting next_dagrun for example_external_task_marker_parent to None, run_after=None
[2024-10-08 16:37:01,728] {processor.py:161} INFO - Processing /home/kennedy/KR/Programação/00.Estudos/DataEng/Alura/airflow-executores/venv/lib/python3.9/site-packages/airflow/example_dags/example_external_task_marker_dag.py took 0.371 seconds
[2024-10-08 16:37:45,634] {processor.py:153} INFO - Started process (PID=16804) to work on /home/kennedy/KR/Programação/00.Estudos/DataEng/Alura/airflow-executores/venv/lib/python3.9/site-packages/airflow/example_dags/example_external_task_marker_dag.py
[2024-10-08 16:37:45,641] {processor.py:641} INFO - Processing file /home/kennedy/KR/Programação/00.Estudos/DataEng/Alura/airflow-executores/venv/lib/python3.9/site-packages/airflow/example_dags/example_external_task_marker_dag.py for tasks to queue
[2024-10-08 16:37:45,642] {logging_mixin.py:115} INFO - [2024-10-08 16:37:45,642] {dagbag.py:507} INFO - Filling up the DagBag from /home/kennedy/KR/Programação/00.Estudos/DataEng/Alura/airflow-executores/venv/lib/python3.9/site-packages/airflow/example_dags/example_external_task_marker_dag.py
[2024-10-08 16:37:45,652] {processor.py:651} INFO - DAG(s) dict_keys(['example_external_task_marker_parent', 'example_external_task_marker_child']) retrieved from /home/kennedy/KR/Programação/00.Estudos/DataEng/Alura/airflow-executores/venv/lib/python3.9/site-packages/airflow/example_dags/example_external_task_marker_dag.py
[2024-10-08 16:37:45,682] {logging_mixin.py:115} INFO - [2024-10-08 16:37:45,682] {dag.py:2379} INFO - Sync 2 DAGs
[2024-10-08 16:37:45,695] {logging_mixin.py:115} INFO - [2024-10-08 16:37:45,695] {dag.py:2927} INFO - Setting next_dagrun for example_external_task_marker_child to None, run_after=None
[2024-10-08 16:37:45,695] {logging_mixin.py:115} INFO - [2024-10-08 16:37:45,695] {dag.py:2927} INFO - Setting next_dagrun for example_external_task_marker_parent to None, run_after=None
[2024-10-08 16:37:45,774] {processor.py:161} INFO - Processing /home/kennedy/KR/Programação/00.Estudos/DataEng/Alura/airflow-executores/venv/lib/python3.9/site-packages/airflow/example_dags/example_external_task_marker_dag.py took 0.150 seconds
[2024-10-08 16:39:18,433] {processor.py:153} INFO - Started process (PID=17482) to work on /home/kennedy/KR/Programação/00.Estudos/DataEng/Alura/airflow-executores/venv/lib/python3.9/site-packages/airflow/example_dags/example_external_task_marker_dag.py
[2024-10-08 16:39:18,590] {processor.py:641} INFO - Processing file /home/kennedy/KR/Programação/00.Estudos/DataEng/Alura/airflow-executores/venv/lib/python3.9/site-packages/airflow/example_dags/example_external_task_marker_dag.py for tasks to queue
[2024-10-08 16:39:18,592] {logging_mixin.py:115} INFO - [2024-10-08 16:39:18,591] {dagbag.py:507} INFO - Filling up the DagBag from /home/kennedy/KR/Programação/00.Estudos/DataEng/Alura/airflow-executores/venv/lib/python3.9/site-packages/airflow/example_dags/example_external_task_marker_dag.py
[2024-10-08 16:39:18,609] {processor.py:651} INFO - DAG(s) dict_keys(['example_external_task_marker_parent', 'example_external_task_marker_child']) retrieved from /home/kennedy/KR/Programação/00.Estudos/DataEng/Alura/airflow-executores/venv/lib/python3.9/site-packages/airflow/example_dags/example_external_task_marker_dag.py
[2024-10-08 16:39:18,641] {logging_mixin.py:115} INFO - [2024-10-08 16:39:18,640] {dag.py:2379} INFO - Sync 2 DAGs
[2024-10-08 16:39:18,654] {logging_mixin.py:115} INFO - [2024-10-08 16:39:18,654] {dag.py:2927} INFO - Setting next_dagrun for example_external_task_marker_child to None, run_after=None
[2024-10-08 16:39:18,654] {logging_mixin.py:115} INFO - [2024-10-08 16:39:18,654] {dag.py:2927} INFO - Setting next_dagrun for example_external_task_marker_parent to None, run_after=None
[2024-10-08 16:39:18,892] {processor.py:161} INFO - Processing /home/kennedy/KR/Programação/00.Estudos/DataEng/Alura/airflow-executores/venv/lib/python3.9/site-packages/airflow/example_dags/example_external_task_marker_dag.py took 0.465 seconds
[2024-10-08 16:41:46,202] {processor.py:153} INFO - Started process (PID=18055) to work on /home/kennedy/KR/Programação/00.Estudos/DataEng/Alura/airflow-executores/venv/lib/python3.9/site-packages/airflow/example_dags/example_external_task_marker_dag.py
[2024-10-08 16:41:46,210] {processor.py:641} INFO - Processing file /home/kennedy/KR/Programação/00.Estudos/DataEng/Alura/airflow-executores/venv/lib/python3.9/site-packages/airflow/example_dags/example_external_task_marker_dag.py for tasks to queue
[2024-10-08 16:41:46,211] {logging_mixin.py:115} INFO - [2024-10-08 16:41:46,210] {dagbag.py:507} INFO - Filling up the DagBag from /home/kennedy/KR/Programação/00.Estudos/DataEng/Alura/airflow-executores/venv/lib/python3.9/site-packages/airflow/example_dags/example_external_task_marker_dag.py
[2024-10-08 16:41:46,215] {processor.py:651} INFO - DAG(s) dict_keys(['example_external_task_marker_parent', 'example_external_task_marker_child']) retrieved from /home/kennedy/KR/Programação/00.Estudos/DataEng/Alura/airflow-executores/venv/lib/python3.9/site-packages/airflow/example_dags/example_external_task_marker_dag.py
[2024-10-08 16:41:46,242] {logging_mixin.py:115} INFO - [2024-10-08 16:41:46,242] {dag.py:2379} INFO - Sync 2 DAGs
[2024-10-08 16:41:46,259] {logging_mixin.py:115} INFO - [2024-10-08 16:41:46,259] {dag.py:2927} INFO - Setting next_dagrun for example_external_task_marker_child to None, run_after=None
[2024-10-08 16:41:46,259] {logging_mixin.py:115} INFO - [2024-10-08 16:41:46,259] {dag.py:2927} INFO - Setting next_dagrun for example_external_task_marker_parent to None, run_after=None
[2024-10-08 16:41:48,322] {processor.py:161} INFO - Processing /home/kennedy/KR/Programação/00.Estudos/DataEng/Alura/airflow-executores/venv/lib/python3.9/site-packages/airflow/example_dags/example_external_task_marker_dag.py took 2.127 seconds
[2024-10-08 16:43:06,680] {processor.py:153} INFO - Started process (PID=18218) to work on /home/kennedy/KR/Programação/00.Estudos/DataEng/Alura/airflow-executores/venv/lib/python3.9/site-packages/airflow/example_dags/example_external_task_marker_dag.py
[2024-10-08 16:43:06,724] {processor.py:641} INFO - Processing file /home/kennedy/KR/Programação/00.Estudos/DataEng/Alura/airflow-executores/venv/lib/python3.9/site-packages/airflow/example_dags/example_external_task_marker_dag.py for tasks to queue
[2024-10-08 16:43:06,725] {logging_mixin.py:115} INFO - [2024-10-08 16:43:06,725] {dagbag.py:507} INFO - Filling up the DagBag from /home/kennedy/KR/Programação/00.Estudos/DataEng/Alura/airflow-executores/venv/lib/python3.9/site-packages/airflow/example_dags/example_external_task_marker_dag.py
[2024-10-08 16:43:06,735] {processor.py:651} INFO - DAG(s) dict_keys(['example_external_task_marker_parent', 'example_external_task_marker_child']) retrieved from /home/kennedy/KR/Programação/00.Estudos/DataEng/Alura/airflow-executores/venv/lib/python3.9/site-packages/airflow/example_dags/example_external_task_marker_dag.py
[2024-10-08 16:43:08,927] {logging_mixin.py:115} INFO - [2024-10-08 16:43:08,927] {dag.py:2379} INFO - Sync 2 DAGs
[2024-10-08 16:43:08,948] {logging_mixin.py:115} INFO - [2024-10-08 16:43:08,948] {dag.py:2927} INFO - Setting next_dagrun for example_external_task_marker_child to None, run_after=None
[2024-10-08 16:43:08,948] {logging_mixin.py:115} INFO - [2024-10-08 16:43:08,948] {dag.py:2927} INFO - Setting next_dagrun for example_external_task_marker_parent to None, run_after=None
[2024-10-08 16:43:11,036] {processor.py:161} INFO - Processing /home/kennedy/KR/Programação/00.Estudos/DataEng/Alura/airflow-executores/venv/lib/python3.9/site-packages/airflow/example_dags/example_external_task_marker_dag.py took 4.358 seconds
[2024-10-08 16:44:40,156] {processor.py:153} INFO - Started process (PID=18293) to work on /home/kennedy/KR/Programação/00.Estudos/DataEng/Alura/airflow-executores/venv/lib/python3.9/site-packages/airflow/example_dags/example_external_task_marker_dag.py
[2024-10-08 16:44:40,176] {processor.py:641} INFO - Processing file /home/kennedy/KR/Programação/00.Estudos/DataEng/Alura/airflow-executores/venv/lib/python3.9/site-packages/airflow/example_dags/example_external_task_marker_dag.py for tasks to queue
[2024-10-08 16:44:40,178] {logging_mixin.py:115} INFO - [2024-10-08 16:44:40,177] {dagbag.py:507} INFO - Filling up the DagBag from /home/kennedy/KR/Programação/00.Estudos/DataEng/Alura/airflow-executores/venv/lib/python3.9/site-packages/airflow/example_dags/example_external_task_marker_dag.py
[2024-10-08 16:44:40,186] {processor.py:651} INFO - DAG(s) dict_keys(['example_external_task_marker_parent', 'example_external_task_marker_child']) retrieved from /home/kennedy/KR/Programação/00.Estudos/DataEng/Alura/airflow-executores/venv/lib/python3.9/site-packages/airflow/example_dags/example_external_task_marker_dag.py
[2024-10-08 16:44:40,418] {logging_mixin.py:115} INFO - [2024-10-08 16:44:40,418] {dag.py:2379} INFO - Sync 2 DAGs
[2024-10-08 16:44:40,433] {logging_mixin.py:115} INFO - [2024-10-08 16:44:40,433] {dag.py:2927} INFO - Setting next_dagrun for example_external_task_marker_child to None, run_after=None
[2024-10-08 16:44:40,433] {logging_mixin.py:115} INFO - [2024-10-08 16:44:40,433] {dag.py:2927} INFO - Setting next_dagrun for example_external_task_marker_parent to None, run_after=None
[2024-10-08 16:44:40,612] {processor.py:161} INFO - Processing /home/kennedy/KR/Programação/00.Estudos/DataEng/Alura/airflow-executores/venv/lib/python3.9/site-packages/airflow/example_dags/example_external_task_marker_dag.py took 0.459 seconds
[2024-10-08 16:46:57,348] {processor.py:153} INFO - Started process (PID=19033) to work on /home/kennedy/KR/Programação/00.Estudos/DataEng/Alura/airflow-executores/venv/lib/python3.9/site-packages/airflow/example_dags/example_external_task_marker_dag.py
[2024-10-08 16:46:57,369] {processor.py:641} INFO - Processing file /home/kennedy/KR/Programação/00.Estudos/DataEng/Alura/airflow-executores/venv/lib/python3.9/site-packages/airflow/example_dags/example_external_task_marker_dag.py for tasks to queue
[2024-10-08 16:46:57,371] {logging_mixin.py:115} INFO - [2024-10-08 16:46:57,371] {dagbag.py:507} INFO - Filling up the DagBag from /home/kennedy/KR/Programação/00.Estudos/DataEng/Alura/airflow-executores/venv/lib/python3.9/site-packages/airflow/example_dags/example_external_task_marker_dag.py
[2024-10-08 16:46:57,389] {processor.py:651} INFO - DAG(s) dict_keys(['example_external_task_marker_parent', 'example_external_task_marker_child']) retrieved from /home/kennedy/KR/Programação/00.Estudos/DataEng/Alura/airflow-executores/venv/lib/python3.9/site-packages/airflow/example_dags/example_external_task_marker_dag.py
[2024-10-08 16:46:57,521] {logging_mixin.py:115} INFO - [2024-10-08 16:46:57,521] {dag.py:2379} INFO - Sync 2 DAGs
[2024-10-08 16:46:57,598] {logging_mixin.py:115} INFO - [2024-10-08 16:46:57,597] {dag.py:2927} INFO - Setting next_dagrun for example_external_task_marker_child to None, run_after=None
[2024-10-08 16:46:57,599] {logging_mixin.py:115} INFO - [2024-10-08 16:46:57,599] {dag.py:2927} INFO - Setting next_dagrun for example_external_task_marker_parent to None, run_after=None
[2024-10-08 16:46:57,756] {processor.py:161} INFO - Processing /home/kennedy/KR/Programação/00.Estudos/DataEng/Alura/airflow-executores/venv/lib/python3.9/site-packages/airflow/example_dags/example_external_task_marker_dag.py took 0.417 seconds
[2024-10-08 16:48:21,099] {processor.py:153} INFO - Started process (PID=19236) to work on /home/kennedy/KR/Programação/00.Estudos/DataEng/Alura/airflow-executores/venv/lib/python3.9/site-packages/airflow/example_dags/example_external_task_marker_dag.py
[2024-10-08 16:48:21,106] {processor.py:641} INFO - Processing file /home/kennedy/KR/Programação/00.Estudos/DataEng/Alura/airflow-executores/venv/lib/python3.9/site-packages/airflow/example_dags/example_external_task_marker_dag.py for tasks to queue
[2024-10-08 16:48:21,107] {logging_mixin.py:115} INFO - [2024-10-08 16:48:21,106] {dagbag.py:507} INFO - Filling up the DagBag from /home/kennedy/KR/Programação/00.Estudos/DataEng/Alura/airflow-executores/venv/lib/python3.9/site-packages/airflow/example_dags/example_external_task_marker_dag.py
[2024-10-08 16:48:21,110] {processor.py:651} INFO - DAG(s) dict_keys(['example_external_task_marker_parent', 'example_external_task_marker_child']) retrieved from /home/kennedy/KR/Programação/00.Estudos/DataEng/Alura/airflow-executores/venv/lib/python3.9/site-packages/airflow/example_dags/example_external_task_marker_dag.py
[2024-10-08 16:48:21,130] {logging_mixin.py:115} INFO - [2024-10-08 16:48:21,130] {dag.py:2379} INFO - Sync 2 DAGs
[2024-10-08 16:48:21,141] {logging_mixin.py:115} INFO - [2024-10-08 16:48:21,141] {dag.py:2927} INFO - Setting next_dagrun for example_external_task_marker_child to None, run_after=None
[2024-10-08 16:48:21,142] {logging_mixin.py:115} INFO - [2024-10-08 16:48:21,142] {dag.py:2927} INFO - Setting next_dagrun for example_external_task_marker_parent to None, run_after=None
[2024-10-08 16:48:22,538] {processor.py:161} INFO - Processing /home/kennedy/KR/Programação/00.Estudos/DataEng/Alura/airflow-executores/venv/lib/python3.9/site-packages/airflow/example_dags/example_external_task_marker_dag.py took 1.441 seconds
[2024-10-08 16:49:30,585] {processor.py:153} INFO - Started process (PID=19320) to work on /home/kennedy/KR/Programação/00.Estudos/DataEng/Alura/airflow-executores/venv/lib/python3.9/site-packages/airflow/example_dags/example_external_task_marker_dag.py
[2024-10-08 16:49:30,609] {processor.py:641} INFO - Processing file /home/kennedy/KR/Programação/00.Estudos/DataEng/Alura/airflow-executores/venv/lib/python3.9/site-packages/airflow/example_dags/example_external_task_marker_dag.py for tasks to queue
[2024-10-08 16:49:30,610] {logging_mixin.py:115} INFO - [2024-10-08 16:49:30,610] {dagbag.py:507} INFO - Filling up the DagBag from /home/kennedy/KR/Programação/00.Estudos/DataEng/Alura/airflow-executores/venv/lib/python3.9/site-packages/airflow/example_dags/example_external_task_marker_dag.py
[2024-10-08 16:49:30,614] {processor.py:651} INFO - DAG(s) dict_keys(['example_external_task_marker_parent', 'example_external_task_marker_child']) retrieved from /home/kennedy/KR/Programação/00.Estudos/DataEng/Alura/airflow-executores/venv/lib/python3.9/site-packages/airflow/example_dags/example_external_task_marker_dag.py
[2024-10-08 16:49:30,634] {logging_mixin.py:115} INFO - [2024-10-08 16:49:30,634] {dag.py:2379} INFO - Sync 2 DAGs
[2024-10-08 16:49:30,648] {logging_mixin.py:115} INFO - [2024-10-08 16:49:30,648] {dag.py:2927} INFO - Setting next_dagrun for example_external_task_marker_child to None, run_after=None
[2024-10-08 16:49:30,648] {logging_mixin.py:115} INFO - [2024-10-08 16:49:30,648] {dag.py:2927} INFO - Setting next_dagrun for example_external_task_marker_parent to None, run_after=None
[2024-10-08 16:49:31,484] {processor.py:161} INFO - Processing /home/kennedy/KR/Programação/00.Estudos/DataEng/Alura/airflow-executores/venv/lib/python3.9/site-packages/airflow/example_dags/example_external_task_marker_dag.py took 0.901 seconds
[2024-10-08 17:22:56,239] {processor.py:153} INFO - Started process (PID=40150) to work on /home/kennedy/KR/Programação/00.Estudos/DataEng/Alura/airflow-executores/venv/lib/python3.9/site-packages/airflow/example_dags/example_external_task_marker_dag.py
[2024-10-08 17:22:56,410] {processor.py:641} INFO - Processing file /home/kennedy/KR/Programação/00.Estudos/DataEng/Alura/airflow-executores/venv/lib/python3.9/site-packages/airflow/example_dags/example_external_task_marker_dag.py for tasks to queue
[2024-10-08 17:22:56,412] {logging_mixin.py:115} INFO - [2024-10-08 17:22:56,412] {dagbag.py:507} INFO - Filling up the DagBag from /home/kennedy/KR/Programação/00.Estudos/DataEng/Alura/airflow-executores/venv/lib/python3.9/site-packages/airflow/example_dags/example_external_task_marker_dag.py
[2024-10-08 17:22:56,421] {processor.py:651} INFO - DAG(s) dict_keys(['example_external_task_marker_parent', 'example_external_task_marker_child']) retrieved from /home/kennedy/KR/Programação/00.Estudos/DataEng/Alura/airflow-executores/venv/lib/python3.9/site-packages/airflow/example_dags/example_external_task_marker_dag.py
[2024-10-08 17:22:56,447] {logging_mixin.py:115} INFO - [2024-10-08 17:22:56,447] {dag.py:2379} INFO - Sync 2 DAGs
[2024-10-08 17:22:56,458] {logging_mixin.py:115} INFO - [2024-10-08 17:22:56,458] {dag.py:2927} INFO - Setting next_dagrun for example_external_task_marker_child to None, run_after=None
[2024-10-08 17:22:56,458] {logging_mixin.py:115} INFO - [2024-10-08 17:22:56,458] {dag.py:2927} INFO - Setting next_dagrun for example_external_task_marker_parent to None, run_after=None
[2024-10-08 17:22:58,349] {processor.py:161} INFO - Processing /home/kennedy/KR/Programação/00.Estudos/DataEng/Alura/airflow-executores/venv/lib/python3.9/site-packages/airflow/example_dags/example_external_task_marker_dag.py took 2.112 seconds
