[2024-10-08 13:23:34,431] {processor.py:153} INFO - Started process (PID=37547) to work on /home/kennedy/KR/Programação/00.Estudos/DataEng/Alura/airflow-executores/venv/lib/python3.9/site-packages/airflow/example_dags/example_python_operator.py
[2024-10-08 13:23:34,432] {processor.py:641} INFO - Processing file /home/kennedy/KR/Programação/00.Estudos/DataEng/Alura/airflow-executores/venv/lib/python3.9/site-packages/airflow/example_dags/example_python_operator.py for tasks to queue
[2024-10-08 13:23:34,432] {logging_mixin.py:115} INFO - [2024-10-08 13:23:34,432] {dagbag.py:507} INFO - Filling up the DagBag from /home/kennedy/KR/Programação/00.Estudos/DataEng/Alura/airflow-executores/venv/lib/python3.9/site-packages/airflow/example_dags/example_python_operator.py
[2024-10-08 13:23:34,470] {processor.py:651} INFO - DAG(s) dict_keys(['example_python_operator']) retrieved from /home/kennedy/KR/Programação/00.Estudos/DataEng/Alura/airflow-executores/venv/lib/python3.9/site-packages/airflow/example_dags/example_python_operator.py
[2024-10-08 13:23:36,094] {logging_mixin.py:115} INFO - [2024-10-08 13:23:36,094] {manager.py:508} INFO - Created Permission View: can delete on DAG:example_python_operator
[2024-10-08 13:23:36,172] {logging_mixin.py:115} INFO - [2024-10-08 13:23:36,172] {manager.py:508} INFO - Created Permission View: can read on DAG:example_python_operator
[2024-10-08 13:23:36,251] {logging_mixin.py:115} INFO - [2024-10-08 13:23:36,251] {manager.py:508} INFO - Created Permission View: can edit on DAG:example_python_operator
[2024-10-08 13:23:36,251] {logging_mixin.py:115} INFO - [2024-10-08 13:23:36,251] {dag.py:2379} INFO - Sync 1 DAGs
[2024-10-08 13:23:36,268] {logging_mixin.py:115} INFO - [2024-10-08 13:23:36,268] {dag.py:2398} INFO - Creating ORM DAG for example_python_operator
[2024-10-08 13:23:36,282] {logging_mixin.py:115} INFO - [2024-10-08 13:23:36,282] {dag.py:2927} INFO - Setting next_dagrun for example_python_operator to None, run_after=None
[2024-10-08 13:23:36,384] {processor.py:161} INFO - Processing /home/kennedy/KR/Programação/00.Estudos/DataEng/Alura/airflow-executores/venv/lib/python3.9/site-packages/airflow/example_dags/example_python_operator.py took 1.958 seconds
[2024-10-08 13:25:17,578] {processor.py:153} INFO - Started process (PID=37736) to work on /home/kennedy/KR/Programação/00.Estudos/DataEng/Alura/airflow-executores/venv/lib/python3.9/site-packages/airflow/example_dags/example_python_operator.py
[2024-10-08 13:25:17,589] {processor.py:641} INFO - Processing file /home/kennedy/KR/Programação/00.Estudos/DataEng/Alura/airflow-executores/venv/lib/python3.9/site-packages/airflow/example_dags/example_python_operator.py for tasks to queue
[2024-10-08 13:25:17,590] {logging_mixin.py:115} INFO - [2024-10-08 13:25:17,590] {dagbag.py:507} INFO - Filling up the DagBag from /home/kennedy/KR/Programação/00.Estudos/DataEng/Alura/airflow-executores/venv/lib/python3.9/site-packages/airflow/example_dags/example_python_operator.py
[2024-10-08 13:25:17,623] {processor.py:651} INFO - DAG(s) dict_keys(['example_python_operator']) retrieved from /home/kennedy/KR/Programação/00.Estudos/DataEng/Alura/airflow-executores/venv/lib/python3.9/site-packages/airflow/example_dags/example_python_operator.py
[2024-10-08 13:25:17,636] {logging_mixin.py:115} INFO - [2024-10-08 13:25:17,636] {dag.py:2379} INFO - Sync 1 DAGs
[2024-10-08 13:25:17,652] {logging_mixin.py:115} INFO - [2024-10-08 13:25:17,652] {dag.py:2927} INFO - Setting next_dagrun for example_python_operator to None, run_after=None
[2024-10-08 13:25:17,761] {processor.py:161} INFO - Processing /home/kennedy/KR/Programação/00.Estudos/DataEng/Alura/airflow-executores/venv/lib/python3.9/site-packages/airflow/example_dags/example_python_operator.py took 0.189 seconds
[2024-10-08 13:26:23,782] {processor.py:153} INFO - Started process (PID=37820) to work on /home/kennedy/KR/Programação/00.Estudos/DataEng/Alura/airflow-executores/venv/lib/python3.9/site-packages/airflow/example_dags/example_python_operator.py
[2024-10-08 13:26:23,788] {processor.py:641} INFO - Processing file /home/kennedy/KR/Programação/00.Estudos/DataEng/Alura/airflow-executores/venv/lib/python3.9/site-packages/airflow/example_dags/example_python_operator.py for tasks to queue
[2024-10-08 13:26:23,789] {logging_mixin.py:115} INFO - [2024-10-08 13:26:23,789] {dagbag.py:507} INFO - Filling up the DagBag from /home/kennedy/KR/Programação/00.Estudos/DataEng/Alura/airflow-executores/venv/lib/python3.9/site-packages/airflow/example_dags/example_python_operator.py
[2024-10-08 13:26:23,820] {processor.py:651} INFO - DAG(s) dict_keys(['example_python_operator']) retrieved from /home/kennedy/KR/Programação/00.Estudos/DataEng/Alura/airflow-executores/venv/lib/python3.9/site-packages/airflow/example_dags/example_python_operator.py
[2024-10-08 13:26:23,833] {logging_mixin.py:115} INFO - [2024-10-08 13:26:23,833] {dag.py:2379} INFO - Sync 1 DAGs
[2024-10-08 13:26:23,848] {logging_mixin.py:115} INFO - [2024-10-08 13:26:23,848] {dag.py:2927} INFO - Setting next_dagrun for example_python_operator to None, run_after=None
[2024-10-08 13:26:25,374] {processor.py:161} INFO - Processing /home/kennedy/KR/Programação/00.Estudos/DataEng/Alura/airflow-executores/venv/lib/python3.9/site-packages/airflow/example_dags/example_python_operator.py took 1.598 seconds
[2024-10-08 13:27:48,433] {processor.py:153} INFO - Started process (PID=38003) to work on /home/kennedy/KR/Programação/00.Estudos/DataEng/Alura/airflow-executores/venv/lib/python3.9/site-packages/airflow/example_dags/example_python_operator.py
[2024-10-08 13:27:48,527] {processor.py:641} INFO - Processing file /home/kennedy/KR/Programação/00.Estudos/DataEng/Alura/airflow-executores/venv/lib/python3.9/site-packages/airflow/example_dags/example_python_operator.py for tasks to queue
[2024-10-08 13:27:48,527] {logging_mixin.py:115} INFO - [2024-10-08 13:27:48,527] {dagbag.py:507} INFO - Filling up the DagBag from /home/kennedy/KR/Programação/00.Estudos/DataEng/Alura/airflow-executores/venv/lib/python3.9/site-packages/airflow/example_dags/example_python_operator.py
[2024-10-08 13:27:48,546] {processor.py:651} INFO - DAG(s) dict_keys(['example_python_operator']) retrieved from /home/kennedy/KR/Programação/00.Estudos/DataEng/Alura/airflow-executores/venv/lib/python3.9/site-packages/airflow/example_dags/example_python_operator.py
[2024-10-08 13:27:48,705] {logging_mixin.py:115} INFO - [2024-10-08 13:27:48,704] {dag.py:2379} INFO - Sync 1 DAGs
[2024-10-08 13:27:48,724] {logging_mixin.py:115} INFO - [2024-10-08 13:27:48,724] {dag.py:2927} INFO - Setting next_dagrun for example_python_operator to None, run_after=None
[2024-10-08 13:27:48,981] {processor.py:161} INFO - Processing /home/kennedy/KR/Programação/00.Estudos/DataEng/Alura/airflow-executores/venv/lib/python3.9/site-packages/airflow/example_dags/example_python_operator.py took 0.560 seconds
[2024-10-08 13:29:02,830] {processor.py:153} INFO - Started process (PID=38133) to work on /home/kennedy/KR/Programação/00.Estudos/DataEng/Alura/airflow-executores/venv/lib/python3.9/site-packages/airflow/example_dags/example_python_operator.py
[2024-10-08 13:29:02,831] {processor.py:641} INFO - Processing file /home/kennedy/KR/Programação/00.Estudos/DataEng/Alura/airflow-executores/venv/lib/python3.9/site-packages/airflow/example_dags/example_python_operator.py for tasks to queue
[2024-10-08 13:29:02,833] {logging_mixin.py:115} INFO - [2024-10-08 13:29:02,832] {dagbag.py:507} INFO - Filling up the DagBag from /home/kennedy/KR/Programação/00.Estudos/DataEng/Alura/airflow-executores/venv/lib/python3.9/site-packages/airflow/example_dags/example_python_operator.py
[2024-10-08 13:29:02,860] {processor.py:651} INFO - DAG(s) dict_keys(['example_python_operator']) retrieved from /home/kennedy/KR/Programação/00.Estudos/DataEng/Alura/airflow-executores/venv/lib/python3.9/site-packages/airflow/example_dags/example_python_operator.py
[2024-10-08 13:29:02,873] {logging_mixin.py:115} INFO - [2024-10-08 13:29:02,873] {dag.py:2379} INFO - Sync 1 DAGs
[2024-10-08 13:29:02,888] {logging_mixin.py:115} INFO - [2024-10-08 13:29:02,888] {dag.py:2927} INFO - Setting next_dagrun for example_python_operator to None, run_after=None
[2024-10-08 13:29:04,272] {processor.py:161} INFO - Processing /home/kennedy/KR/Programação/00.Estudos/DataEng/Alura/airflow-executores/venv/lib/python3.9/site-packages/airflow/example_dags/example_python_operator.py took 1.449 seconds
[2024-10-08 13:30:08,793] {processor.py:153} INFO - Started process (PID=38534) to work on /home/kennedy/KR/Programação/00.Estudos/DataEng/Alura/airflow-executores/venv/lib/python3.9/site-packages/airflow/example_dags/example_python_operator.py
[2024-10-08 13:30:08,805] {processor.py:641} INFO - Processing file /home/kennedy/KR/Programação/00.Estudos/DataEng/Alura/airflow-executores/venv/lib/python3.9/site-packages/airflow/example_dags/example_python_operator.py for tasks to queue
[2024-10-08 13:30:08,806] {logging_mixin.py:115} INFO - [2024-10-08 13:30:08,806] {dagbag.py:507} INFO - Filling up the DagBag from /home/kennedy/KR/Programação/00.Estudos/DataEng/Alura/airflow-executores/venv/lib/python3.9/site-packages/airflow/example_dags/example_python_operator.py
[2024-10-08 13:30:08,842] {processor.py:651} INFO - DAG(s) dict_keys(['example_python_operator']) retrieved from /home/kennedy/KR/Programação/00.Estudos/DataEng/Alura/airflow-executores/venv/lib/python3.9/site-packages/airflow/example_dags/example_python_operator.py
[2024-10-08 13:30:08,867] {logging_mixin.py:115} INFO - [2024-10-08 13:30:08,867] {dag.py:2379} INFO - Sync 1 DAGs
[2024-10-08 13:30:08,887] {logging_mixin.py:115} INFO - [2024-10-08 13:30:08,887] {dag.py:2927} INFO - Setting next_dagrun for example_python_operator to None, run_after=None
[2024-10-08 13:30:08,974] {processor.py:161} INFO - Processing /home/kennedy/KR/Programação/00.Estudos/DataEng/Alura/airflow-executores/venv/lib/python3.9/site-packages/airflow/example_dags/example_python_operator.py took 0.187 seconds
[2024-10-08 13:31:06,578] {processor.py:153} INFO - Started process (PID=38622) to work on /home/kennedy/KR/Programação/00.Estudos/DataEng/Alura/airflow-executores/venv/lib/python3.9/site-packages/airflow/example_dags/example_python_operator.py
[2024-10-08 13:31:06,800] {processor.py:641} INFO - Processing file /home/kennedy/KR/Programação/00.Estudos/DataEng/Alura/airflow-executores/venv/lib/python3.9/site-packages/airflow/example_dags/example_python_operator.py for tasks to queue
[2024-10-08 13:31:06,801] {logging_mixin.py:115} INFO - [2024-10-08 13:31:06,801] {dagbag.py:507} INFO - Filling up the DagBag from /home/kennedy/KR/Programação/00.Estudos/DataEng/Alura/airflow-executores/venv/lib/python3.9/site-packages/airflow/example_dags/example_python_operator.py
[2024-10-08 13:31:06,842] {processor.py:651} INFO - DAG(s) dict_keys(['example_python_operator']) retrieved from /home/kennedy/KR/Programação/00.Estudos/DataEng/Alura/airflow-executores/venv/lib/python3.9/site-packages/airflow/example_dags/example_python_operator.py
[2024-10-08 13:31:06,860] {logging_mixin.py:115} INFO - [2024-10-08 13:31:06,860] {dag.py:2379} INFO - Sync 1 DAGs
[2024-10-08 13:31:06,876] {logging_mixin.py:115} INFO - [2024-10-08 13:31:06,876] {dag.py:2927} INFO - Setting next_dagrun for example_python_operator to None, run_after=None
[2024-10-08 13:31:07,416] {processor.py:161} INFO - Processing /home/kennedy/KR/Programação/00.Estudos/DataEng/Alura/airflow-executores/venv/lib/python3.9/site-packages/airflow/example_dags/example_python_operator.py took 0.844 seconds
[2024-10-08 13:32:09,970] {processor.py:153} INFO - Started process (PID=38791) to work on /home/kennedy/KR/Programação/00.Estudos/DataEng/Alura/airflow-executores/venv/lib/python3.9/site-packages/airflow/example_dags/example_python_operator.py
[2024-10-08 13:32:09,989] {processor.py:641} INFO - Processing file /home/kennedy/KR/Programação/00.Estudos/DataEng/Alura/airflow-executores/venv/lib/python3.9/site-packages/airflow/example_dags/example_python_operator.py for tasks to queue
[2024-10-08 13:32:09,992] {logging_mixin.py:115} INFO - [2024-10-08 13:32:09,991] {dagbag.py:507} INFO - Filling up the DagBag from /home/kennedy/KR/Programação/00.Estudos/DataEng/Alura/airflow-executores/venv/lib/python3.9/site-packages/airflow/example_dags/example_python_operator.py
[2024-10-08 13:32:10,046] {processor.py:651} INFO - DAG(s) dict_keys(['example_python_operator']) retrieved from /home/kennedy/KR/Programação/00.Estudos/DataEng/Alura/airflow-executores/venv/lib/python3.9/site-packages/airflow/example_dags/example_python_operator.py
[2024-10-08 13:32:10,078] {logging_mixin.py:115} INFO - [2024-10-08 13:32:10,078] {dag.py:2379} INFO - Sync 1 DAGs
[2024-10-08 13:32:10,100] {logging_mixin.py:115} INFO - [2024-10-08 13:32:10,100] {dag.py:2927} INFO - Setting next_dagrun for example_python_operator to None, run_after=None
[2024-10-08 13:32:11,771] {processor.py:161} INFO - Processing /home/kennedy/KR/Programação/00.Estudos/DataEng/Alura/airflow-executores/venv/lib/python3.9/site-packages/airflow/example_dags/example_python_operator.py took 1.807 seconds
[2024-10-08 13:33:33,560] {processor.py:153} INFO - Started process (PID=38907) to work on /home/kennedy/KR/Programação/00.Estudos/DataEng/Alura/airflow-executores/venv/lib/python3.9/site-packages/airflow/example_dags/example_python_operator.py
[2024-10-08 13:33:33,620] {processor.py:641} INFO - Processing file /home/kennedy/KR/Programação/00.Estudos/DataEng/Alura/airflow-executores/venv/lib/python3.9/site-packages/airflow/example_dags/example_python_operator.py for tasks to queue
[2024-10-08 13:33:33,622] {logging_mixin.py:115} INFO - [2024-10-08 13:33:33,622] {dagbag.py:507} INFO - Filling up the DagBag from /home/kennedy/KR/Programação/00.Estudos/DataEng/Alura/airflow-executores/venv/lib/python3.9/site-packages/airflow/example_dags/example_python_operator.py
[2024-10-08 13:33:33,661] {processor.py:651} INFO - DAG(s) dict_keys(['example_python_operator']) retrieved from /home/kennedy/KR/Programação/00.Estudos/DataEng/Alura/airflow-executores/venv/lib/python3.9/site-packages/airflow/example_dags/example_python_operator.py
[2024-10-08 13:33:33,678] {logging_mixin.py:115} INFO - [2024-10-08 13:33:33,678] {dag.py:2379} INFO - Sync 1 DAGs
[2024-10-08 13:33:33,693] {logging_mixin.py:115} INFO - [2024-10-08 13:33:33,692] {dag.py:2927} INFO - Setting next_dagrun for example_python_operator to None, run_after=None
[2024-10-08 13:33:33,782] {processor.py:161} INFO - Processing /home/kennedy/KR/Programação/00.Estudos/DataEng/Alura/airflow-executores/venv/lib/python3.9/site-packages/airflow/example_dags/example_python_operator.py took 0.229 seconds
[2024-10-08 13:34:32,851] {processor.py:153} INFO - Started process (PID=38985) to work on /home/kennedy/KR/Programação/00.Estudos/DataEng/Alura/airflow-executores/venv/lib/python3.9/site-packages/airflow/example_dags/example_python_operator.py
[2024-10-08 13:34:32,879] {processor.py:641} INFO - Processing file /home/kennedy/KR/Programação/00.Estudos/DataEng/Alura/airflow-executores/venv/lib/python3.9/site-packages/airflow/example_dags/example_python_operator.py for tasks to queue
[2024-10-08 13:34:32,880] {logging_mixin.py:115} INFO - [2024-10-08 13:34:32,880] {dagbag.py:507} INFO - Filling up the DagBag from /home/kennedy/KR/Programação/00.Estudos/DataEng/Alura/airflow-executores/venv/lib/python3.9/site-packages/airflow/example_dags/example_python_operator.py
[2024-10-08 13:34:32,895] {processor.py:651} INFO - DAG(s) dict_keys(['example_python_operator']) retrieved from /home/kennedy/KR/Programação/00.Estudos/DataEng/Alura/airflow-executores/venv/lib/python3.9/site-packages/airflow/example_dags/example_python_operator.py
[2024-10-08 13:34:32,909] {logging_mixin.py:115} INFO - [2024-10-08 13:34:32,909] {dag.py:2379} INFO - Sync 1 DAGs
[2024-10-08 13:34:32,922] {logging_mixin.py:115} INFO - [2024-10-08 13:34:32,922] {dag.py:2927} INFO - Setting next_dagrun for example_python_operator to None, run_after=None
[2024-10-08 13:34:34,440] {processor.py:161} INFO - Processing /home/kennedy/KR/Programação/00.Estudos/DataEng/Alura/airflow-executores/venv/lib/python3.9/site-packages/airflow/example_dags/example_python_operator.py took 1.592 seconds
[2024-10-08 15:47:23,870] {processor.py:153} INFO - Started process (PID=11651) to work on /home/kennedy/.local/lib/python3.10/site-packages/airflow/example_dags/example_python_operator.py
[2024-10-08 15:47:23,887] {processor.py:641} INFO - Processing file /home/kennedy/.local/lib/python3.10/site-packages/airflow/example_dags/example_python_operator.py for tasks to queue
[2024-10-08 15:47:23,887] {logging_mixin.py:115} INFO - [2024-10-08 15:47:23,887] {dagbag.py:507} INFO - Filling up the DagBag from /home/kennedy/.local/lib/python3.10/site-packages/airflow/example_dags/example_python_operator.py
[2024-10-08 15:47:23,910] {processor.py:651} INFO - DAG(s) dict_keys(['example_python_operator']) retrieved from /home/kennedy/.local/lib/python3.10/site-packages/airflow/example_dags/example_python_operator.py
[2024-10-08 15:47:23,959] {logging_mixin.py:115} INFO - [2024-10-08 15:47:23,958] {dag.py:2379} INFO - Sync 1 DAGs
[2024-10-08 15:47:23,974] {logging_mixin.py:115} INFO - [2024-10-08 15:47:23,974] {dag.py:2927} INFO - Setting next_dagrun for example_python_operator to None, run_after=None
[2024-10-08 16:36:54,676] {processor.py:153} INFO - Started process (PID=16672) to work on /home/kennedy/KR/Programação/00.Estudos/DataEng/Alura/airflow-executores/venv/lib/python3.9/site-packages/airflow/example_dags/example_python_operator.py
[2024-10-08 16:36:54,855] {processor.py:641} INFO - Processing file /home/kennedy/KR/Programação/00.Estudos/DataEng/Alura/airflow-executores/venv/lib/python3.9/site-packages/airflow/example_dags/example_python_operator.py for tasks to queue
[2024-10-08 16:36:54,857] {logging_mixin.py:115} INFO - [2024-10-08 16:36:54,857] {dagbag.py:507} INFO - Filling up the DagBag from /home/kennedy/KR/Programação/00.Estudos/DataEng/Alura/airflow-executores/venv/lib/python3.9/site-packages/airflow/example_dags/example_python_operator.py
[2024-10-08 16:36:54,897] {processor.py:651} INFO - DAG(s) dict_keys(['example_python_operator']) retrieved from /home/kennedy/KR/Programação/00.Estudos/DataEng/Alura/airflow-executores/venv/lib/python3.9/site-packages/airflow/example_dags/example_python_operator.py
[2024-10-08 16:36:54,947] {logging_mixin.py:115} INFO - [2024-10-08 16:36:54,946] {dag.py:2379} INFO - Sync 1 DAGs
[2024-10-08 16:36:54,960] {logging_mixin.py:115} INFO - [2024-10-08 16:36:54,960] {dag.py:2927} INFO - Setting next_dagrun for example_python_operator to None, run_after=None
[2024-10-08 16:36:55,255] {processor.py:161} INFO - Processing /home/kennedy/KR/Programação/00.Estudos/DataEng/Alura/airflow-executores/venv/lib/python3.9/site-packages/airflow/example_dags/example_python_operator.py took 0.586 seconds
[2024-10-08 16:37:37,007] {processor.py:153} INFO - Started process (PID=16780) to work on /home/kennedy/KR/Programação/00.Estudos/DataEng/Alura/airflow-executores/venv/lib/python3.9/site-packages/airflow/example_dags/example_python_operator.py
[2024-10-08 16:37:37,013] {processor.py:641} INFO - Processing file /home/kennedy/KR/Programação/00.Estudos/DataEng/Alura/airflow-executores/venv/lib/python3.9/site-packages/airflow/example_dags/example_python_operator.py for tasks to queue
[2024-10-08 16:37:37,015] {logging_mixin.py:115} INFO - [2024-10-08 16:37:37,015] {dagbag.py:507} INFO - Filling up the DagBag from /home/kennedy/KR/Programação/00.Estudos/DataEng/Alura/airflow-executores/venv/lib/python3.9/site-packages/airflow/example_dags/example_python_operator.py
[2024-10-08 16:37:37,050] {processor.py:651} INFO - DAG(s) dict_keys(['example_python_operator']) retrieved from /home/kennedy/KR/Programação/00.Estudos/DataEng/Alura/airflow-executores/venv/lib/python3.9/site-packages/airflow/example_dags/example_python_operator.py
[2024-10-08 16:37:37,064] {logging_mixin.py:115} INFO - [2024-10-08 16:37:37,064] {dag.py:2379} INFO - Sync 1 DAGs
[2024-10-08 16:37:37,076] {logging_mixin.py:115} INFO - [2024-10-08 16:37:37,076] {dag.py:2927} INFO - Setting next_dagrun for example_python_operator to None, run_after=None
[2024-10-08 16:37:37,147] {processor.py:161} INFO - Processing /home/kennedy/KR/Programação/00.Estudos/DataEng/Alura/airflow-executores/venv/lib/python3.9/site-packages/airflow/example_dags/example_python_operator.py took 0.143 seconds
[2024-10-08 16:39:08,258] {processor.py:153} INFO - Started process (PID=17472) to work on /home/kennedy/KR/Programação/00.Estudos/DataEng/Alura/airflow-executores/venv/lib/python3.9/site-packages/airflow/example_dags/example_python_operator.py
[2024-10-08 16:39:08,260] {processor.py:641} INFO - Processing file /home/kennedy/KR/Programação/00.Estudos/DataEng/Alura/airflow-executores/venv/lib/python3.9/site-packages/airflow/example_dags/example_python_operator.py for tasks to queue
[2024-10-08 16:39:08,261] {logging_mixin.py:115} INFO - [2024-10-08 16:39:08,260] {dagbag.py:507} INFO - Filling up the DagBag from /home/kennedy/KR/Programação/00.Estudos/DataEng/Alura/airflow-executores/venv/lib/python3.9/site-packages/airflow/example_dags/example_python_operator.py
[2024-10-08 16:39:08,284] {processor.py:651} INFO - DAG(s) dict_keys(['example_python_operator']) retrieved from /home/kennedy/KR/Programação/00.Estudos/DataEng/Alura/airflow-executores/venv/lib/python3.9/site-packages/airflow/example_dags/example_python_operator.py
[2024-10-08 16:39:08,301] {logging_mixin.py:115} INFO - [2024-10-08 16:39:08,301] {dag.py:2379} INFO - Sync 1 DAGs
[2024-10-08 16:39:08,315] {logging_mixin.py:115} INFO - [2024-10-08 16:39:08,315] {dag.py:2927} INFO - Setting next_dagrun for example_python_operator to None, run_after=None
[2024-10-08 16:39:08,944] {processor.py:161} INFO - Processing /home/kennedy/KR/Programação/00.Estudos/DataEng/Alura/airflow-executores/venv/lib/python3.9/site-packages/airflow/example_dags/example_python_operator.py took 0.689 seconds
[2024-10-08 16:41:34,158] {processor.py:153} INFO - Started process (PID=18034) to work on /home/kennedy/KR/Programação/00.Estudos/DataEng/Alura/airflow-executores/venv/lib/python3.9/site-packages/airflow/example_dags/example_python_operator.py
[2024-10-08 16:41:34,159] {processor.py:641} INFO - Processing file /home/kennedy/KR/Programação/00.Estudos/DataEng/Alura/airflow-executores/venv/lib/python3.9/site-packages/airflow/example_dags/example_python_operator.py for tasks to queue
[2024-10-08 16:41:34,160] {logging_mixin.py:115} INFO - [2024-10-08 16:41:34,160] {dagbag.py:507} INFO - Filling up the DagBag from /home/kennedy/KR/Programação/00.Estudos/DataEng/Alura/airflow-executores/venv/lib/python3.9/site-packages/airflow/example_dags/example_python_operator.py
[2024-10-08 16:41:34,182] {processor.py:651} INFO - DAG(s) dict_keys(['example_python_operator']) retrieved from /home/kennedy/KR/Programação/00.Estudos/DataEng/Alura/airflow-executores/venv/lib/python3.9/site-packages/airflow/example_dags/example_python_operator.py
[2024-10-08 16:41:34,207] {logging_mixin.py:115} INFO - [2024-10-08 16:41:34,207] {dag.py:2379} INFO - Sync 1 DAGs
[2024-10-08 16:41:34,223] {logging_mixin.py:115} INFO - [2024-10-08 16:41:34,223] {dag.py:2927} INFO - Setting next_dagrun for example_python_operator to None, run_after=None
[2024-10-08 16:41:34,517] {processor.py:161} INFO - Processing /home/kennedy/KR/Programação/00.Estudos/DataEng/Alura/airflow-executores/venv/lib/python3.9/site-packages/airflow/example_dags/example_python_operator.py took 0.363 seconds
[2024-10-08 16:42:41,192] {processor.py:153} INFO - Started process (PID=18196) to work on /home/kennedy/KR/Programação/00.Estudos/DataEng/Alura/airflow-executores/venv/lib/python3.9/site-packages/airflow/example_dags/example_python_operator.py
[2024-10-08 16:42:41,465] {processor.py:641} INFO - Processing file /home/kennedy/KR/Programação/00.Estudos/DataEng/Alura/airflow-executores/venv/lib/python3.9/site-packages/airflow/example_dags/example_python_operator.py for tasks to queue
[2024-10-08 16:42:41,466] {logging_mixin.py:115} INFO - [2024-10-08 16:42:41,466] {dagbag.py:507} INFO - Filling up the DagBag from /home/kennedy/KR/Programação/00.Estudos/DataEng/Alura/airflow-executores/venv/lib/python3.9/site-packages/airflow/example_dags/example_python_operator.py
[2024-10-08 16:42:41,507] {processor.py:651} INFO - DAG(s) dict_keys(['example_python_operator']) retrieved from /home/kennedy/KR/Programação/00.Estudos/DataEng/Alura/airflow-executores/venv/lib/python3.9/site-packages/airflow/example_dags/example_python_operator.py
[2024-10-08 16:42:41,968] {logging_mixin.py:115} INFO - [2024-10-08 16:42:41,968] {dag.py:2379} INFO - Sync 1 DAGs
[2024-10-08 16:42:41,998] {logging_mixin.py:115} INFO - [2024-10-08 16:42:41,997] {dag.py:2927} INFO - Setting next_dagrun for example_python_operator to None, run_after=None
[2024-10-08 16:42:42,245] {processor.py:161} INFO - Processing /home/kennedy/KR/Programação/00.Estudos/DataEng/Alura/airflow-executores/venv/lib/python3.9/site-packages/airflow/example_dags/example_python_operator.py took 1.059 seconds
[2024-10-08 16:44:09,707] {processor.py:153} INFO - Started process (PID=18260) to work on /home/kennedy/KR/Programação/00.Estudos/DataEng/Alura/airflow-executores/venv/lib/python3.9/site-packages/airflow/example_dags/example_python_operator.py
[2024-10-08 16:44:09,714] {processor.py:641} INFO - Processing file /home/kennedy/KR/Programação/00.Estudos/DataEng/Alura/airflow-executores/venv/lib/python3.9/site-packages/airflow/example_dags/example_python_operator.py for tasks to queue
[2024-10-08 16:44:09,714] {logging_mixin.py:115} INFO - [2024-10-08 16:44:09,714] {dagbag.py:507} INFO - Filling up the DagBag from /home/kennedy/KR/Programação/00.Estudos/DataEng/Alura/airflow-executores/venv/lib/python3.9/site-packages/airflow/example_dags/example_python_operator.py
[2024-10-08 16:44:09,730] {processor.py:651} INFO - DAG(s) dict_keys(['example_python_operator']) retrieved from /home/kennedy/KR/Programação/00.Estudos/DataEng/Alura/airflow-executores/venv/lib/python3.9/site-packages/airflow/example_dags/example_python_operator.py
[2024-10-08 16:44:09,742] {logging_mixin.py:115} INFO - [2024-10-08 16:44:09,742] {dag.py:2379} INFO - Sync 1 DAGs
[2024-10-08 16:44:09,755] {logging_mixin.py:115} INFO - [2024-10-08 16:44:09,755] {dag.py:2927} INFO - Setting next_dagrun for example_python_operator to None, run_after=None
[2024-10-08 16:44:11,200] {processor.py:161} INFO - Processing /home/kennedy/KR/Programação/00.Estudos/DataEng/Alura/airflow-executores/venv/lib/python3.9/site-packages/airflow/example_dags/example_python_operator.py took 1.495 seconds
[2024-10-08 16:46:41,429] {processor.py:153} INFO - Started process (PID=18944) to work on /home/kennedy/KR/Programação/00.Estudos/DataEng/Alura/airflow-executores/venv/lib/python3.9/site-packages/airflow/example_dags/example_python_operator.py
[2024-10-08 16:46:41,448] {processor.py:641} INFO - Processing file /home/kennedy/KR/Programação/00.Estudos/DataEng/Alura/airflow-executores/venv/lib/python3.9/site-packages/airflow/example_dags/example_python_operator.py for tasks to queue
[2024-10-08 16:46:41,449] {logging_mixin.py:115} INFO - [2024-10-08 16:46:41,449] {dagbag.py:507} INFO - Filling up the DagBag from /home/kennedy/KR/Programação/00.Estudos/DataEng/Alura/airflow-executores/venv/lib/python3.9/site-packages/airflow/example_dags/example_python_operator.py
[2024-10-08 16:46:41,482] {processor.py:651} INFO - DAG(s) dict_keys(['example_python_operator']) retrieved from /home/kennedy/KR/Programação/00.Estudos/DataEng/Alura/airflow-executores/venv/lib/python3.9/site-packages/airflow/example_dags/example_python_operator.py
[2024-10-08 16:46:41,497] {logging_mixin.py:115} INFO - [2024-10-08 16:46:41,497] {dag.py:2379} INFO - Sync 1 DAGs
[2024-10-08 16:46:41,509] {logging_mixin.py:115} INFO - [2024-10-08 16:46:41,509] {dag.py:2927} INFO - Setting next_dagrun for example_python_operator to None, run_after=None
[2024-10-08 16:46:43,250] {processor.py:161} INFO - Processing /home/kennedy/KR/Programação/00.Estudos/DataEng/Alura/airflow-executores/venv/lib/python3.9/site-packages/airflow/example_dags/example_python_operator.py took 1.827 seconds
[2024-10-08 16:48:00,214] {processor.py:153} INFO - Started process (PID=19224) to work on /home/kennedy/KR/Programação/00.Estudos/DataEng/Alura/airflow-executores/venv/lib/python3.9/site-packages/airflow/example_dags/example_python_operator.py
[2024-10-08 16:48:00,215] {processor.py:641} INFO - Processing file /home/kennedy/KR/Programação/00.Estudos/DataEng/Alura/airflow-executores/venv/lib/python3.9/site-packages/airflow/example_dags/example_python_operator.py for tasks to queue
[2024-10-08 16:48:00,216] {logging_mixin.py:115} INFO - [2024-10-08 16:48:00,216] {dagbag.py:507} INFO - Filling up the DagBag from /home/kennedy/KR/Programação/00.Estudos/DataEng/Alura/airflow-executores/venv/lib/python3.9/site-packages/airflow/example_dags/example_python_operator.py
[2024-10-08 16:48:00,232] {processor.py:651} INFO - DAG(s) dict_keys(['example_python_operator']) retrieved from /home/kennedy/KR/Programação/00.Estudos/DataEng/Alura/airflow-executores/venv/lib/python3.9/site-packages/airflow/example_dags/example_python_operator.py
[2024-10-08 16:48:00,245] {logging_mixin.py:115} INFO - [2024-10-08 16:48:00,245] {dag.py:2379} INFO - Sync 1 DAGs
[2024-10-08 16:48:00,259] {logging_mixin.py:115} INFO - [2024-10-08 16:48:00,259] {dag.py:2927} INFO - Setting next_dagrun for example_python_operator to None, run_after=None
[2024-10-08 16:48:00,988] {processor.py:161} INFO - Processing /home/kennedy/KR/Programação/00.Estudos/DataEng/Alura/airflow-executores/venv/lib/python3.9/site-packages/airflow/example_dags/example_python_operator.py took 0.776 seconds
[2024-10-08 16:49:05,393] {processor.py:153} INFO - Started process (PID=19282) to work on /home/kennedy/KR/Programação/00.Estudos/DataEng/Alura/airflow-executores/venv/lib/python3.9/site-packages/airflow/example_dags/example_python_operator.py
[2024-10-08 16:49:05,395] {processor.py:641} INFO - Processing file /home/kennedy/KR/Programação/00.Estudos/DataEng/Alura/airflow-executores/venv/lib/python3.9/site-packages/airflow/example_dags/example_python_operator.py for tasks to queue
[2024-10-08 16:49:05,396] {logging_mixin.py:115} INFO - [2024-10-08 16:49:05,396] {dagbag.py:507} INFO - Filling up the DagBag from /home/kennedy/KR/Programação/00.Estudos/DataEng/Alura/airflow-executores/venv/lib/python3.9/site-packages/airflow/example_dags/example_python_operator.py
[2024-10-08 16:49:05,420] {processor.py:651} INFO - DAG(s) dict_keys(['example_python_operator']) retrieved from /home/kennedy/KR/Programação/00.Estudos/DataEng/Alura/airflow-executores/venv/lib/python3.9/site-packages/airflow/example_dags/example_python_operator.py
[2024-10-08 16:49:05,433] {logging_mixin.py:115} INFO - [2024-10-08 16:49:05,433] {dag.py:2379} INFO - Sync 1 DAGs
[2024-10-08 16:49:05,450] {logging_mixin.py:115} INFO - [2024-10-08 16:49:05,449] {dag.py:2927} INFO - Setting next_dagrun for example_python_operator to None, run_after=None
[2024-10-08 16:49:06,588] {processor.py:161} INFO - Processing /home/kennedy/KR/Programação/00.Estudos/DataEng/Alura/airflow-executores/venv/lib/python3.9/site-packages/airflow/example_dags/example_python_operator.py took 1.202 seconds
[2024-10-08 16:52:04,920] {processor.py:153} INFO - Started process (PID=20806) to work on /home/kennedy/KR/Programação/00.Estudos/DataEng/Alura/airflow-executores/venv/lib/python3.9/site-packages/airflow/example_dags/example_python_operator.py
[2024-10-08 16:52:04,926] {processor.py:641} INFO - Processing file /home/kennedy/KR/Programação/00.Estudos/DataEng/Alura/airflow-executores/venv/lib/python3.9/site-packages/airflow/example_dags/example_python_operator.py for tasks to queue
[2024-10-08 16:52:04,927] {logging_mixin.py:115} INFO - [2024-10-08 16:52:04,927] {dagbag.py:507} INFO - Filling up the DagBag from /home/kennedy/KR/Programação/00.Estudos/DataEng/Alura/airflow-executores/venv/lib/python3.9/site-packages/airflow/example_dags/example_python_operator.py
[2024-10-08 16:52:04,953] {processor.py:651} INFO - DAG(s) dict_keys(['example_python_operator']) retrieved from /home/kennedy/KR/Programação/00.Estudos/DataEng/Alura/airflow-executores/venv/lib/python3.9/site-packages/airflow/example_dags/example_python_operator.py
[2024-10-08 16:52:05,402] {logging_mixin.py:115} INFO - [2024-10-08 16:52:05,402] {dag.py:2379} INFO - Sync 1 DAGs
[2024-10-08 16:52:05,436] {logging_mixin.py:115} INFO - [2024-10-08 16:52:05,436] {dag.py:2927} INFO - Setting next_dagrun for example_python_operator to None, run_after=None
[2024-10-08 16:52:05,570] {processor.py:161} INFO - Processing /home/kennedy/KR/Programação/00.Estudos/DataEng/Alura/airflow-executores/venv/lib/python3.9/site-packages/airflow/example_dags/example_python_operator.py took 0.660 seconds
[2024-10-08 17:11:58,891] {processor.py:153} INFO - Started process (PID=32777) to work on /home/kennedy/KR/Programação/00.Estudos/DataEng/Alura/airflow-executores/venv/lib/python3.9/site-packages/airflow/example_dags/example_python_operator.py
[2024-10-08 17:11:58,892] {processor.py:641} INFO - Processing file /home/kennedy/KR/Programação/00.Estudos/DataEng/Alura/airflow-executores/venv/lib/python3.9/site-packages/airflow/example_dags/example_python_operator.py for tasks to queue
[2024-10-08 17:11:58,893] {logging_mixin.py:115} INFO - [2024-10-08 17:11:58,893] {dagbag.py:507} INFO - Filling up the DagBag from /home/kennedy/KR/Programação/00.Estudos/DataEng/Alura/airflow-executores/venv/lib/python3.9/site-packages/airflow/example_dags/example_python_operator.py
[2024-10-08 17:11:58,918] {processor.py:651} INFO - DAG(s) dict_keys(['example_python_operator']) retrieved from /home/kennedy/KR/Programação/00.Estudos/DataEng/Alura/airflow-executores/venv/lib/python3.9/site-packages/airflow/example_dags/example_python_operator.py
[2024-10-08 17:11:58,930] {logging_mixin.py:115} INFO - [2024-10-08 17:11:58,930] {dag.py:2379} INFO - Sync 1 DAGs
[2024-10-08 17:11:58,941] {logging_mixin.py:115} INFO - [2024-10-08 17:11:58,941] {dag.py:2927} INFO - Setting next_dagrun for example_python_operator to None, run_after=None
[2024-10-08 17:11:59,014] {processor.py:161} INFO - Processing /home/kennedy/KR/Programação/00.Estudos/DataEng/Alura/airflow-executores/venv/lib/python3.9/site-packages/airflow/example_dags/example_python_operator.py took 0.127 seconds
[2024-10-08 17:22:34,374] {processor.py:153} INFO - Started process (PID=39904) to work on /home/kennedy/KR/Programação/00.Estudos/DataEng/Alura/airflow-executores/venv/lib/python3.9/site-packages/airflow/example_dags/example_python_operator.py
[2024-10-08 17:22:34,380] {processor.py:641} INFO - Processing file /home/kennedy/KR/Programação/00.Estudos/DataEng/Alura/airflow-executores/venv/lib/python3.9/site-packages/airflow/example_dags/example_python_operator.py for tasks to queue
[2024-10-08 17:22:34,382] {logging_mixin.py:115} INFO - [2024-10-08 17:22:34,382] {dagbag.py:507} INFO - Filling up the DagBag from /home/kennedy/KR/Programação/00.Estudos/DataEng/Alura/airflow-executores/venv/lib/python3.9/site-packages/airflow/example_dags/example_python_operator.py
[2024-10-08 17:22:34,427] {processor.py:651} INFO - DAG(s) dict_keys(['example_python_operator']) retrieved from /home/kennedy/KR/Programação/00.Estudos/DataEng/Alura/airflow-executores/venv/lib/python3.9/site-packages/airflow/example_dags/example_python_operator.py
[2024-10-08 17:22:34,449] {logging_mixin.py:115} INFO - [2024-10-08 17:22:34,448] {dag.py:2379} INFO - Sync 1 DAGs
[2024-10-08 17:22:34,463] {logging_mixin.py:115} INFO - [2024-10-08 17:22:34,463] {dag.py:2927} INFO - Setting next_dagrun for example_python_operator to None, run_after=None
[2024-10-08 17:22:34,561] {processor.py:161} INFO - Processing /home/kennedy/KR/Programação/00.Estudos/DataEng/Alura/airflow-executores/venv/lib/python3.9/site-packages/airflow/example_dags/example_python_operator.py took 0.196 seconds
