[2024-10-08 13:24:21,102] {processor.py:153} INFO - Started process (PID=37633) to work on /home/kennedy/KR/Programação/00.Estudos/DataEng/Alura/airflow-executores/venv/lib/python3.9/site-packages/airflow/example_dags/example_branch_operator.py
[2024-10-08 13:24:21,103] {processor.py:641} INFO - Processing file /home/kennedy/KR/Programação/00.Estudos/DataEng/Alura/airflow-executores/venv/lib/python3.9/site-packages/airflow/example_dags/example_branch_operator.py for tasks to queue
[2024-10-08 13:24:21,104] {logging_mixin.py:115} INFO - [2024-10-08 13:24:21,104] {dagbag.py:507} INFO - Filling up the DagBag from /home/kennedy/KR/Programação/00.Estudos/DataEng/Alura/airflow-executores/venv/lib/python3.9/site-packages/airflow/example_dags/example_branch_operator.py
[2024-10-08 13:24:21,121] {processor.py:651} INFO - DAG(s) dict_keys(['example_branch_operator']) retrieved from /home/kennedy/KR/Programação/00.Estudos/DataEng/Alura/airflow-executores/venv/lib/python3.9/site-packages/airflow/example_dags/example_branch_operator.py
[2024-10-08 13:24:21,578] {logging_mixin.py:115} INFO - [2024-10-08 13:24:21,578] {manager.py:508} INFO - Created Permission View: can delete on DAG:example_branch_operator
[2024-10-08 13:24:21,734] {logging_mixin.py:115} INFO - [2024-10-08 13:24:21,734] {manager.py:508} INFO - Created Permission View: can read on DAG:example_branch_operator
[2024-10-08 13:24:21,974] {logging_mixin.py:115} INFO - [2024-10-08 13:24:21,974] {manager.py:508} INFO - Created Permission View: can edit on DAG:example_branch_operator
[2024-10-08 13:24:21,974] {logging_mixin.py:115} INFO - [2024-10-08 13:24:21,974] {dag.py:2379} INFO - Sync 1 DAGs
[2024-10-08 13:24:21,993] {logging_mixin.py:115} INFO - [2024-10-08 13:24:21,993] {dag.py:2398} INFO - Creating ORM DAG for example_branch_operator
[2024-10-08 13:24:22,009] {logging_mixin.py:115} INFO - [2024-10-08 13:24:22,009] {dag.py:2927} INFO - Setting next_dagrun for example_branch_operator to 2024-10-07T00:00:00+00:00, run_after=2024-10-08T00:00:00+00:00
[2024-10-08 13:24:22,395] {processor.py:161} INFO - Processing /home/kennedy/KR/Programação/00.Estudos/DataEng/Alura/airflow-executores/venv/lib/python3.9/site-packages/airflow/example_dags/example_branch_operator.py took 1.298 seconds
[2024-10-08 13:26:04,345] {processor.py:153} INFO - Started process (PID=37806) to work on /home/kennedy/KR/Programação/00.Estudos/DataEng/Alura/airflow-executores/venv/lib/python3.9/site-packages/airflow/example_dags/example_branch_operator.py
[2024-10-08 13:26:04,370] {processor.py:641} INFO - Processing file /home/kennedy/KR/Programação/00.Estudos/DataEng/Alura/airflow-executores/venv/lib/python3.9/site-packages/airflow/example_dags/example_branch_operator.py for tasks to queue
[2024-10-08 13:26:04,371] {logging_mixin.py:115} INFO - [2024-10-08 13:26:04,371] {dagbag.py:507} INFO - Filling up the DagBag from /home/kennedy/KR/Programação/00.Estudos/DataEng/Alura/airflow-executores/venv/lib/python3.9/site-packages/airflow/example_dags/example_branch_operator.py
[2024-10-08 13:26:04,380] {processor.py:651} INFO - DAG(s) dict_keys(['example_branch_operator']) retrieved from /home/kennedy/KR/Programação/00.Estudos/DataEng/Alura/airflow-executores/venv/lib/python3.9/site-packages/airflow/example_dags/example_branch_operator.py
[2024-10-08 13:26:04,393] {logging_mixin.py:115} INFO - [2024-10-08 13:26:04,393] {dag.py:2379} INFO - Sync 1 DAGs
[2024-10-08 13:26:04,407] {logging_mixin.py:115} INFO - [2024-10-08 13:26:04,407] {dag.py:2927} INFO - Setting next_dagrun for example_branch_operator to 2024-10-07T00:00:00+00:00, run_after=2024-10-08T00:00:00+00:00
[2024-10-08 13:26:05,261] {processor.py:161} INFO - Processing /home/kennedy/KR/Programação/00.Estudos/DataEng/Alura/airflow-executores/venv/lib/python3.9/site-packages/airflow/example_dags/example_branch_operator.py took 0.923 seconds
[2024-10-08 13:27:12,674] {processor.py:153} INFO - Started process (PID=37944) to work on /home/kennedy/KR/Programação/00.Estudos/DataEng/Alura/airflow-executores/venv/lib/python3.9/site-packages/airflow/example_dags/example_branch_operator.py
[2024-10-08 13:27:12,689] {processor.py:641} INFO - Processing file /home/kennedy/KR/Programação/00.Estudos/DataEng/Alura/airflow-executores/venv/lib/python3.9/site-packages/airflow/example_dags/example_branch_operator.py for tasks to queue
[2024-10-08 13:27:12,690] {logging_mixin.py:115} INFO - [2024-10-08 13:27:12,690] {dagbag.py:507} INFO - Filling up the DagBag from /home/kennedy/KR/Programação/00.Estudos/DataEng/Alura/airflow-executores/venv/lib/python3.9/site-packages/airflow/example_dags/example_branch_operator.py
[2024-10-08 13:27:12,712] {processor.py:651} INFO - DAG(s) dict_keys(['example_branch_operator']) retrieved from /home/kennedy/KR/Programação/00.Estudos/DataEng/Alura/airflow-executores/venv/lib/python3.9/site-packages/airflow/example_dags/example_branch_operator.py
[2024-10-08 13:27:12,730] {logging_mixin.py:115} INFO - [2024-10-08 13:27:12,730] {dag.py:2379} INFO - Sync 1 DAGs
[2024-10-08 13:27:12,744] {logging_mixin.py:115} INFO - [2024-10-08 13:27:12,744] {dag.py:2927} INFO - Setting next_dagrun for example_branch_operator to 2024-10-07T00:00:00+00:00, run_after=2024-10-08T00:00:00+00:00
[2024-10-08 13:27:14,200] {processor.py:161} INFO - Processing /home/kennedy/KR/Programação/00.Estudos/DataEng/Alura/airflow-executores/venv/lib/python3.9/site-packages/airflow/example_dags/example_branch_operator.py took 1.533 seconds
[2024-10-08 13:28:35,584] {processor.py:153} INFO - Started process (PID=38085) to work on /home/kennedy/KR/Programação/00.Estudos/DataEng/Alura/airflow-executores/venv/lib/python3.9/site-packages/airflow/example_dags/example_branch_operator.py
[2024-10-08 13:28:35,651] {processor.py:641} INFO - Processing file /home/kennedy/KR/Programação/00.Estudos/DataEng/Alura/airflow-executores/venv/lib/python3.9/site-packages/airflow/example_dags/example_branch_operator.py for tasks to queue
[2024-10-08 13:28:35,653] {logging_mixin.py:115} INFO - [2024-10-08 13:28:35,652] {dagbag.py:507} INFO - Filling up the DagBag from /home/kennedy/KR/Programação/00.Estudos/DataEng/Alura/airflow-executores/venv/lib/python3.9/site-packages/airflow/example_dags/example_branch_operator.py
[2024-10-08 13:28:35,675] {processor.py:651} INFO - DAG(s) dict_keys(['example_branch_operator']) retrieved from /home/kennedy/KR/Programação/00.Estudos/DataEng/Alura/airflow-executores/venv/lib/python3.9/site-packages/airflow/example_dags/example_branch_operator.py
[2024-10-08 13:28:35,698] {logging_mixin.py:115} INFO - [2024-10-08 13:28:35,698] {dag.py:2379} INFO - Sync 1 DAGs
[2024-10-08 13:28:35,713] {logging_mixin.py:115} INFO - [2024-10-08 13:28:35,713] {dag.py:2927} INFO - Setting next_dagrun for example_branch_operator to 2024-10-07T00:00:00+00:00, run_after=2024-10-08T00:00:00+00:00
[2024-10-08 13:28:35,901] {processor.py:161} INFO - Processing /home/kennedy/KR/Programação/00.Estudos/DataEng/Alura/airflow-executores/venv/lib/python3.9/site-packages/airflow/example_dags/example_branch_operator.py took 0.322 seconds
[2024-10-08 13:29:51,483] {processor.py:153} INFO - Started process (PID=38521) to work on /home/kennedy/KR/Programação/00.Estudos/DataEng/Alura/airflow-executores/venv/lib/python3.9/site-packages/airflow/example_dags/example_branch_operator.py
[2024-10-08 13:29:51,522] {processor.py:641} INFO - Processing file /home/kennedy/KR/Programação/00.Estudos/DataEng/Alura/airflow-executores/venv/lib/python3.9/site-packages/airflow/example_dags/example_branch_operator.py for tasks to queue
[2024-10-08 13:29:51,524] {logging_mixin.py:115} INFO - [2024-10-08 13:29:51,524] {dagbag.py:507} INFO - Filling up the DagBag from /home/kennedy/KR/Programação/00.Estudos/DataEng/Alura/airflow-executores/venv/lib/python3.9/site-packages/airflow/example_dags/example_branch_operator.py
[2024-10-08 13:29:51,552] {processor.py:651} INFO - DAG(s) dict_keys(['example_branch_operator']) retrieved from /home/kennedy/KR/Programação/00.Estudos/DataEng/Alura/airflow-executores/venv/lib/python3.9/site-packages/airflow/example_dags/example_branch_operator.py
[2024-10-08 13:29:51,575] {logging_mixin.py:115} INFO - [2024-10-08 13:29:51,575] {dag.py:2379} INFO - Sync 1 DAGs
[2024-10-08 13:29:51,593] {logging_mixin.py:115} INFO - [2024-10-08 13:29:51,593] {dag.py:2927} INFO - Setting next_dagrun for example_branch_operator to 2024-10-07T00:00:00+00:00, run_after=2024-10-08T00:00:00+00:00
[2024-10-08 13:29:51,743] {processor.py:161} INFO - Processing /home/kennedy/KR/Programação/00.Estudos/DataEng/Alura/airflow-executores/venv/lib/python3.9/site-packages/airflow/example_dags/example_branch_operator.py took 0.266 seconds
[2024-10-08 13:30:51,860] {processor.py:153} INFO - Started process (PID=38614) to work on /home/kennedy/KR/Programação/00.Estudos/DataEng/Alura/airflow-executores/venv/lib/python3.9/site-packages/airflow/example_dags/example_branch_operator.py
[2024-10-08 13:30:52,551] {processor.py:641} INFO - Processing file /home/kennedy/KR/Programação/00.Estudos/DataEng/Alura/airflow-executores/venv/lib/python3.9/site-packages/airflow/example_dags/example_branch_operator.py for tasks to queue
[2024-10-08 13:30:52,552] {logging_mixin.py:115} INFO - [2024-10-08 13:30:52,552] {dagbag.py:507} INFO - Filling up the DagBag from /home/kennedy/KR/Programação/00.Estudos/DataEng/Alura/airflow-executores/venv/lib/python3.9/site-packages/airflow/example_dags/example_branch_operator.py
[2024-10-08 13:30:52,573] {processor.py:651} INFO - DAG(s) dict_keys(['example_branch_operator']) retrieved from /home/kennedy/KR/Programação/00.Estudos/DataEng/Alura/airflow-executores/venv/lib/python3.9/site-packages/airflow/example_dags/example_branch_operator.py
[2024-10-08 13:30:52,601] {logging_mixin.py:115} INFO - [2024-10-08 13:30:52,601] {dag.py:2379} INFO - Sync 1 DAGs
[2024-10-08 13:30:52,618] {logging_mixin.py:115} INFO - [2024-10-08 13:30:52,618] {dag.py:2927} INFO - Setting next_dagrun for example_branch_operator to 2024-10-07T00:00:00+00:00, run_after=2024-10-08T00:00:00+00:00
[2024-10-08 13:30:53,011] {processor.py:161} INFO - Processing /home/kennedy/KR/Programação/00.Estudos/DataEng/Alura/airflow-executores/venv/lib/python3.9/site-packages/airflow/example_dags/example_branch_operator.py took 1.156 seconds
[2024-10-08 13:31:55,208] {processor.py:153} INFO - Started process (PID=38727) to work on /home/kennedy/KR/Programação/00.Estudos/DataEng/Alura/airflow-executores/venv/lib/python3.9/site-packages/airflow/example_dags/example_branch_operator.py
[2024-10-08 13:31:56,334] {processor.py:641} INFO - Processing file /home/kennedy/KR/Programação/00.Estudos/DataEng/Alura/airflow-executores/venv/lib/python3.9/site-packages/airflow/example_dags/example_branch_operator.py for tasks to queue
[2024-10-08 13:31:56,336] {logging_mixin.py:115} INFO - [2024-10-08 13:31:56,335] {dagbag.py:507} INFO - Filling up the DagBag from /home/kennedy/KR/Programação/00.Estudos/DataEng/Alura/airflow-executores/venv/lib/python3.9/site-packages/airflow/example_dags/example_branch_operator.py
[2024-10-08 13:31:56,368] {processor.py:651} INFO - DAG(s) dict_keys(['example_branch_operator']) retrieved from /home/kennedy/KR/Programação/00.Estudos/DataEng/Alura/airflow-executores/venv/lib/python3.9/site-packages/airflow/example_dags/example_branch_operator.py
[2024-10-08 13:31:56,404] {logging_mixin.py:115} INFO - [2024-10-08 13:31:56,404] {dag.py:2379} INFO - Sync 1 DAGs
[2024-10-08 13:31:56,435] {logging_mixin.py:115} INFO - [2024-10-08 13:31:56,435] {dag.py:2927} INFO - Setting next_dagrun for example_branch_operator to 2024-10-07T00:00:00+00:00, run_after=2024-10-08T00:00:00+00:00
[2024-10-08 13:31:56,574] {processor.py:161} INFO - Processing /home/kennedy/KR/Programação/00.Estudos/DataEng/Alura/airflow-executores/venv/lib/python3.9/site-packages/airflow/example_dags/example_branch_operator.py took 1.372 seconds
[2024-10-08 13:33:10,756] {processor.py:153} INFO - Started process (PID=38875) to work on /home/kennedy/KR/Programação/00.Estudos/DataEng/Alura/airflow-executores/venv/lib/python3.9/site-packages/airflow/example_dags/example_branch_operator.py
[2024-10-08 13:33:10,871] {processor.py:641} INFO - Processing file /home/kennedy/KR/Programação/00.Estudos/DataEng/Alura/airflow-executores/venv/lib/python3.9/site-packages/airflow/example_dags/example_branch_operator.py for tasks to queue
[2024-10-08 13:33:10,872] {logging_mixin.py:115} INFO - [2024-10-08 13:33:10,872] {dagbag.py:507} INFO - Filling up the DagBag from /home/kennedy/KR/Programação/00.Estudos/DataEng/Alura/airflow-executores/venv/lib/python3.9/site-packages/airflow/example_dags/example_branch_operator.py
[2024-10-08 13:33:10,895] {processor.py:651} INFO - DAG(s) dict_keys(['example_branch_operator']) retrieved from /home/kennedy/KR/Programação/00.Estudos/DataEng/Alura/airflow-executores/venv/lib/python3.9/site-packages/airflow/example_dags/example_branch_operator.py
[2024-10-08 13:33:10,931] {logging_mixin.py:115} INFO - [2024-10-08 13:33:10,931] {dag.py:2379} INFO - Sync 1 DAGs
[2024-10-08 13:33:10,953] {logging_mixin.py:115} INFO - [2024-10-08 13:33:10,953] {dag.py:2927} INFO - Setting next_dagrun for example_branch_operator to 2024-10-07T00:00:00+00:00, run_after=2024-10-08T00:00:00+00:00
[2024-10-08 13:33:11,714] {processor.py:161} INFO - Processing /home/kennedy/KR/Programação/00.Estudos/DataEng/Alura/airflow-executores/venv/lib/python3.9/site-packages/airflow/example_dags/example_branch_operator.py took 0.967 seconds
[2024-10-08 13:34:18,148] {processor.py:153} INFO - Started process (PID=38973) to work on /home/kennedy/KR/Programação/00.Estudos/DataEng/Alura/airflow-executores/venv/lib/python3.9/site-packages/airflow/example_dags/example_branch_operator.py
[2024-10-08 13:34:18,254] {processor.py:641} INFO - Processing file /home/kennedy/KR/Programação/00.Estudos/DataEng/Alura/airflow-executores/venv/lib/python3.9/site-packages/airflow/example_dags/example_branch_operator.py for tasks to queue
[2024-10-08 13:34:18,254] {logging_mixin.py:115} INFO - [2024-10-08 13:34:18,254] {dagbag.py:507} INFO - Filling up the DagBag from /home/kennedy/KR/Programação/00.Estudos/DataEng/Alura/airflow-executores/venv/lib/python3.9/site-packages/airflow/example_dags/example_branch_operator.py
[2024-10-08 13:34:18,265] {processor.py:651} INFO - DAG(s) dict_keys(['example_branch_operator']) retrieved from /home/kennedy/KR/Programação/00.Estudos/DataEng/Alura/airflow-executores/venv/lib/python3.9/site-packages/airflow/example_dags/example_branch_operator.py
[2024-10-08 13:34:18,280] {logging_mixin.py:115} INFO - [2024-10-08 13:34:18,280] {dag.py:2379} INFO - Sync 1 DAGs
[2024-10-08 13:34:18,299] {logging_mixin.py:115} INFO - [2024-10-08 13:34:18,299] {dag.py:2927} INFO - Setting next_dagrun for example_branch_operator to 2024-10-07T00:00:00+00:00, run_after=2024-10-08T00:00:00+00:00
[2024-10-08 13:34:19,684] {processor.py:161} INFO - Processing /home/kennedy/KR/Programação/00.Estudos/DataEng/Alura/airflow-executores/venv/lib/python3.9/site-packages/airflow/example_dags/example_branch_operator.py took 1.538 seconds
[2024-10-08 16:37:09,429] {processor.py:153} INFO - Started process (PID=16749) to work on /home/kennedy/KR/Programação/00.Estudos/DataEng/Alura/airflow-executores/venv/lib/python3.9/site-packages/airflow/example_dags/example_branch_operator.py
[2024-10-08 16:37:09,430] {processor.py:641} INFO - Processing file /home/kennedy/KR/Programação/00.Estudos/DataEng/Alura/airflow-executores/venv/lib/python3.9/site-packages/airflow/example_dags/example_branch_operator.py for tasks to queue
[2024-10-08 16:37:09,431] {logging_mixin.py:115} INFO - [2024-10-08 16:37:09,431] {dagbag.py:507} INFO - Filling up the DagBag from /home/kennedy/KR/Programação/00.Estudos/DataEng/Alura/airflow-executores/venv/lib/python3.9/site-packages/airflow/example_dags/example_branch_operator.py
[2024-10-08 16:37:09,438] {processor.py:651} INFO - DAG(s) dict_keys(['example_branch_operator']) retrieved from /home/kennedy/KR/Programação/00.Estudos/DataEng/Alura/airflow-executores/venv/lib/python3.9/site-packages/airflow/example_dags/example_branch_operator.py
[2024-10-08 16:37:09,468] {logging_mixin.py:115} INFO - [2024-10-08 16:37:09,468] {dag.py:2379} INFO - Sync 1 DAGs
[2024-10-08 16:37:09,481] {logging_mixin.py:115} INFO - [2024-10-08 16:37:09,481] {dag.py:2927} INFO - Setting next_dagrun for example_branch_operator to 2024-10-07T00:00:00+00:00, run_after=2024-10-08T00:00:00+00:00
[2024-10-08 16:37:10,624] {processor.py:161} INFO - Processing /home/kennedy/KR/Programação/00.Estudos/DataEng/Alura/airflow-executores/venv/lib/python3.9/site-packages/airflow/example_dags/example_branch_operator.py took 1.197 seconds
[2024-10-08 16:37:55,609] {processor.py:153} INFO - Started process (PID=16815) to work on /home/kennedy/KR/Programação/00.Estudos/DataEng/Alura/airflow-executores/venv/lib/python3.9/site-packages/airflow/example_dags/example_branch_operator.py
[2024-10-08 16:37:55,611] {processor.py:641} INFO - Processing file /home/kennedy/KR/Programação/00.Estudos/DataEng/Alura/airflow-executores/venv/lib/python3.9/site-packages/airflow/example_dags/example_branch_operator.py for tasks to queue
[2024-10-08 16:37:55,612] {logging_mixin.py:115} INFO - [2024-10-08 16:37:55,612] {dagbag.py:507} INFO - Filling up the DagBag from /home/kennedy/KR/Programação/00.Estudos/DataEng/Alura/airflow-executores/venv/lib/python3.9/site-packages/airflow/example_dags/example_branch_operator.py
[2024-10-08 16:37:55,645] {processor.py:651} INFO - DAG(s) dict_keys(['example_branch_operator']) retrieved from /home/kennedy/KR/Programação/00.Estudos/DataEng/Alura/airflow-executores/venv/lib/python3.9/site-packages/airflow/example_dags/example_branch_operator.py
[2024-10-08 16:37:55,680] {logging_mixin.py:115} INFO - [2024-10-08 16:37:55,680] {dag.py:2379} INFO - Sync 1 DAGs
[2024-10-08 16:37:55,701] {logging_mixin.py:115} INFO - [2024-10-08 16:37:55,701] {dag.py:2927} INFO - Setting next_dagrun for example_branch_operator to 2024-10-07T00:00:00+00:00, run_after=2024-10-08T00:00:00+00:00
[2024-10-08 16:37:55,774] {processor.py:161} INFO - Processing /home/kennedy/KR/Programação/00.Estudos/DataEng/Alura/airflow-executores/venv/lib/python3.9/site-packages/airflow/example_dags/example_branch_operator.py took 0.172 seconds
[2024-10-08 16:39:36,784] {processor.py:153} INFO - Started process (PID=17512) to work on /home/kennedy/KR/Programação/00.Estudos/DataEng/Alura/airflow-executores/venv/lib/python3.9/site-packages/airflow/example_dags/example_branch_operator.py
[2024-10-08 16:39:36,793] {processor.py:641} INFO - Processing file /home/kennedy/KR/Programação/00.Estudos/DataEng/Alura/airflow-executores/venv/lib/python3.9/site-packages/airflow/example_dags/example_branch_operator.py for tasks to queue
[2024-10-08 16:39:36,794] {logging_mixin.py:115} INFO - [2024-10-08 16:39:36,794] {dagbag.py:507} INFO - Filling up the DagBag from /home/kennedy/KR/Programação/00.Estudos/DataEng/Alura/airflow-executores/venv/lib/python3.9/site-packages/airflow/example_dags/example_branch_operator.py
[2024-10-08 16:39:36,807] {processor.py:651} INFO - DAG(s) dict_keys(['example_branch_operator']) retrieved from /home/kennedy/KR/Programação/00.Estudos/DataEng/Alura/airflow-executores/venv/lib/python3.9/site-packages/airflow/example_dags/example_branch_operator.py
[2024-10-08 16:39:36,827] {logging_mixin.py:115} INFO - [2024-10-08 16:39:36,827] {dag.py:2379} INFO - Sync 1 DAGs
[2024-10-08 16:39:36,842] {logging_mixin.py:115} INFO - [2024-10-08 16:39:36,842] {dag.py:2927} INFO - Setting next_dagrun for example_branch_operator to 2024-10-07T00:00:00+00:00, run_after=2024-10-08T00:00:00+00:00
[2024-10-08 16:39:38,863] {processor.py:161} INFO - Processing /home/kennedy/KR/Programação/00.Estudos/DataEng/Alura/airflow-executores/venv/lib/python3.9/site-packages/airflow/example_dags/example_branch_operator.py took 2.082 seconds
[2024-10-08 16:41:58,538] {processor.py:153} INFO - Started process (PID=18092) to work on /home/kennedy/KR/Programação/00.Estudos/DataEng/Alura/airflow-executores/venv/lib/python3.9/site-packages/airflow/example_dags/example_branch_operator.py
[2024-10-08 16:41:58,543] {processor.py:641} INFO - Processing file /home/kennedy/KR/Programação/00.Estudos/DataEng/Alura/airflow-executores/venv/lib/python3.9/site-packages/airflow/example_dags/example_branch_operator.py for tasks to queue
[2024-10-08 16:41:58,544] {logging_mixin.py:115} INFO - [2024-10-08 16:41:58,544] {dagbag.py:507} INFO - Filling up the DagBag from /home/kennedy/KR/Programação/00.Estudos/DataEng/Alura/airflow-executores/venv/lib/python3.9/site-packages/airflow/example_dags/example_branch_operator.py
[2024-10-08 16:41:58,565] {processor.py:651} INFO - DAG(s) dict_keys(['example_branch_operator']) retrieved from /home/kennedy/KR/Programação/00.Estudos/DataEng/Alura/airflow-executores/venv/lib/python3.9/site-packages/airflow/example_dags/example_branch_operator.py
[2024-10-08 16:41:58,582] {logging_mixin.py:115} INFO - [2024-10-08 16:41:58,582] {dag.py:2379} INFO - Sync 1 DAGs
[2024-10-08 16:41:58,595] {logging_mixin.py:115} INFO - [2024-10-08 16:41:58,595] {dag.py:2927} INFO - Setting next_dagrun for example_branch_operator to 2024-10-07T00:00:00+00:00, run_after=2024-10-08T00:00:00+00:00
[2024-10-08 16:41:58,997] {processor.py:161} INFO - Processing /home/kennedy/KR/Programação/00.Estudos/DataEng/Alura/airflow-executores/venv/lib/python3.9/site-packages/airflow/example_dags/example_branch_operator.py took 0.465 seconds
[2024-10-08 16:43:23,150] {processor.py:153} INFO - Started process (PID=18224) to work on /home/kennedy/KR/Programação/00.Estudos/DataEng/Alura/airflow-executores/venv/lib/python3.9/site-packages/airflow/example_dags/example_branch_operator.py
[2024-10-08 16:43:24,287] {processor.py:641} INFO - Processing file /home/kennedy/KR/Programação/00.Estudos/DataEng/Alura/airflow-executores/venv/lib/python3.9/site-packages/airflow/example_dags/example_branch_operator.py for tasks to queue
[2024-10-08 16:43:24,287] {logging_mixin.py:115} INFO - [2024-10-08 16:43:24,287] {dagbag.py:507} INFO - Filling up the DagBag from /home/kennedy/KR/Programação/00.Estudos/DataEng/Alura/airflow-executores/venv/lib/python3.9/site-packages/airflow/example_dags/example_branch_operator.py
[2024-10-08 16:43:24,297] {processor.py:651} INFO - DAG(s) dict_keys(['example_branch_operator']) retrieved from /home/kennedy/KR/Programação/00.Estudos/DataEng/Alura/airflow-executores/venv/lib/python3.9/site-packages/airflow/example_dags/example_branch_operator.py
[2024-10-08 16:43:24,311] {logging_mixin.py:115} INFO - [2024-10-08 16:43:24,311] {dag.py:2379} INFO - Sync 1 DAGs
[2024-10-08 16:43:24,341] {logging_mixin.py:115} INFO - [2024-10-08 16:43:24,341] {dag.py:2927} INFO - Setting next_dagrun for example_branch_operator to 2024-10-07T00:00:00+00:00, run_after=2024-10-08T00:00:00+00:00
[2024-10-08 16:43:26,886] {processor.py:161} INFO - Processing /home/kennedy/KR/Programação/00.Estudos/DataEng/Alura/airflow-executores/venv/lib/python3.9/site-packages/airflow/example_dags/example_branch_operator.py took 3.739 seconds
[2024-10-08 16:44:52,223] {processor.py:153} INFO - Started process (PID=18304) to work on /home/kennedy/KR/Programação/00.Estudos/DataEng/Alura/airflow-executores/venv/lib/python3.9/site-packages/airflow/example_dags/example_branch_operator.py
[2024-10-08 16:44:52,239] {processor.py:641} INFO - Processing file /home/kennedy/KR/Programação/00.Estudos/DataEng/Alura/airflow-executores/venv/lib/python3.9/site-packages/airflow/example_dags/example_branch_operator.py for tasks to queue
[2024-10-08 16:44:52,240] {logging_mixin.py:115} INFO - [2024-10-08 16:44:52,240] {dagbag.py:507} INFO - Filling up the DagBag from /home/kennedy/KR/Programação/00.Estudos/DataEng/Alura/airflow-executores/venv/lib/python3.9/site-packages/airflow/example_dags/example_branch_operator.py
[2024-10-08 16:44:52,263] {processor.py:651} INFO - DAG(s) dict_keys(['example_branch_operator']) retrieved from /home/kennedy/KR/Programação/00.Estudos/DataEng/Alura/airflow-executores/venv/lib/python3.9/site-packages/airflow/example_dags/example_branch_operator.py
[2024-10-08 16:44:52,282] {logging_mixin.py:115} INFO - [2024-10-08 16:44:52,282] {dag.py:2379} INFO - Sync 1 DAGs
[2024-10-08 16:44:52,298] {logging_mixin.py:115} INFO - [2024-10-08 16:44:52,297] {dag.py:2927} INFO - Setting next_dagrun for example_branch_operator to 2024-10-07T00:00:00+00:00, run_after=2024-10-08T00:00:00+00:00
[2024-10-08 16:44:53,723] {processor.py:161} INFO - Processing /home/kennedy/KR/Programação/00.Estudos/DataEng/Alura/airflow-executores/venv/lib/python3.9/site-packages/airflow/example_dags/example_branch_operator.py took 1.507 seconds
[2024-10-08 16:47:10,081] {processor.py:153} INFO - Started process (PID=19054) to work on /home/kennedy/KR/Programação/00.Estudos/DataEng/Alura/airflow-executores/venv/lib/python3.9/site-packages/airflow/example_dags/example_branch_operator.py
[2024-10-08 16:47:11,046] {processor.py:641} INFO - Processing file /home/kennedy/KR/Programação/00.Estudos/DataEng/Alura/airflow-executores/venv/lib/python3.9/site-packages/airflow/example_dags/example_branch_operator.py for tasks to queue
[2024-10-08 16:47:11,047] {logging_mixin.py:115} INFO - [2024-10-08 16:47:11,047] {dagbag.py:507} INFO - Filling up the DagBag from /home/kennedy/KR/Programação/00.Estudos/DataEng/Alura/airflow-executores/venv/lib/python3.9/site-packages/airflow/example_dags/example_branch_operator.py
[2024-10-08 16:47:11,072] {processor.py:651} INFO - DAG(s) dict_keys(['example_branch_operator']) retrieved from /home/kennedy/KR/Programação/00.Estudos/DataEng/Alura/airflow-executores/venv/lib/python3.9/site-packages/airflow/example_dags/example_branch_operator.py
[2024-10-08 16:47:11,334] {logging_mixin.py:115} INFO - [2024-10-08 16:47:11,334] {dag.py:2379} INFO - Sync 1 DAGs
[2024-10-08 16:47:11,362] {logging_mixin.py:115} INFO - [2024-10-08 16:47:11,362] {dag.py:2927} INFO - Setting next_dagrun for example_branch_operator to 2024-10-07T00:00:00+00:00, run_after=2024-10-08T00:00:00+00:00
[2024-10-08 16:47:11,607] {processor.py:161} INFO - Processing /home/kennedy/KR/Programação/00.Estudos/DataEng/Alura/airflow-executores/venv/lib/python3.9/site-packages/airflow/example_dags/example_branch_operator.py took 1.534 seconds
[2024-10-08 16:48:29,375] {processor.py:153} INFO - Started process (PID=19244) to work on /home/kennedy/KR/Programação/00.Estudos/DataEng/Alura/airflow-executores/venv/lib/python3.9/site-packages/airflow/example_dags/example_branch_operator.py
[2024-10-08 16:48:29,383] {processor.py:641} INFO - Processing file /home/kennedy/KR/Programação/00.Estudos/DataEng/Alura/airflow-executores/venv/lib/python3.9/site-packages/airflow/example_dags/example_branch_operator.py for tasks to queue
[2024-10-08 16:48:29,383] {logging_mixin.py:115} INFO - [2024-10-08 16:48:29,383] {dagbag.py:507} INFO - Filling up the DagBag from /home/kennedy/KR/Programação/00.Estudos/DataEng/Alura/airflow-executores/venv/lib/python3.9/site-packages/airflow/example_dags/example_branch_operator.py
[2024-10-08 16:48:29,391] {processor.py:651} INFO - DAG(s) dict_keys(['example_branch_operator']) retrieved from /home/kennedy/KR/Programação/00.Estudos/DataEng/Alura/airflow-executores/venv/lib/python3.9/site-packages/airflow/example_dags/example_branch_operator.py
[2024-10-08 16:48:29,404] {logging_mixin.py:115} INFO - [2024-10-08 16:48:29,404] {dag.py:2379} INFO - Sync 1 DAGs
[2024-10-08 16:48:29,417] {logging_mixin.py:115} INFO - [2024-10-08 16:48:29,417] {dag.py:2927} INFO - Setting next_dagrun for example_branch_operator to 2024-10-07T00:00:00+00:00, run_after=2024-10-08T00:00:00+00:00
[2024-10-08 16:48:30,125] {processor.py:161} INFO - Processing /home/kennedy/KR/Programação/00.Estudos/DataEng/Alura/airflow-executores/venv/lib/python3.9/site-packages/airflow/example_dags/example_branch_operator.py took 0.752 seconds
[2024-10-08 16:49:41,862] {processor.py:153} INFO - Started process (PID=19337) to work on /home/kennedy/KR/Programação/00.Estudos/DataEng/Alura/airflow-executores/venv/lib/python3.9/site-packages/airflow/example_dags/example_branch_operator.py
[2024-10-08 16:49:41,959] {processor.py:641} INFO - Processing file /home/kennedy/KR/Programação/00.Estudos/DataEng/Alura/airflow-executores/venv/lib/python3.9/site-packages/airflow/example_dags/example_branch_operator.py for tasks to queue
[2024-10-08 16:49:41,960] {logging_mixin.py:115} INFO - [2024-10-08 16:49:41,960] {dagbag.py:507} INFO - Filling up the DagBag from /home/kennedy/KR/Programação/00.Estudos/DataEng/Alura/airflow-executores/venv/lib/python3.9/site-packages/airflow/example_dags/example_branch_operator.py
[2024-10-08 16:49:41,987] {processor.py:651} INFO - DAG(s) dict_keys(['example_branch_operator']) retrieved from /home/kennedy/KR/Programação/00.Estudos/DataEng/Alura/airflow-executores/venv/lib/python3.9/site-packages/airflow/example_dags/example_branch_operator.py
[2024-10-08 16:49:42,006] {logging_mixin.py:115} INFO - [2024-10-08 16:49:42,006] {dag.py:2379} INFO - Sync 1 DAGs
[2024-10-08 16:49:42,023] {logging_mixin.py:115} INFO - [2024-10-08 16:49:42,022] {dag.py:2927} INFO - Setting next_dagrun for example_branch_operator to 2024-10-07T00:00:00+00:00, run_after=2024-10-08T00:00:00+00:00
[2024-10-08 16:49:42,346] {processor.py:161} INFO - Processing /home/kennedy/KR/Programação/00.Estudos/DataEng/Alura/airflow-executores/venv/lib/python3.9/site-packages/airflow/example_dags/example_branch_operator.py took 0.491 seconds
[2024-10-08 17:23:05,383] {processor.py:153} INFO - Started process (PID=40156) to work on /home/kennedy/KR/Programação/00.Estudos/DataEng/Alura/airflow-executores/venv/lib/python3.9/site-packages/airflow/example_dags/example_branch_operator.py
[2024-10-08 17:23:05,502] {processor.py:641} INFO - Processing file /home/kennedy/KR/Programação/00.Estudos/DataEng/Alura/airflow-executores/venv/lib/python3.9/site-packages/airflow/example_dags/example_branch_operator.py for tasks to queue
[2024-10-08 17:23:05,674] {logging_mixin.py:115} INFO - [2024-10-08 17:23:05,673] {dagbag.py:507} INFO - Filling up the DagBag from /home/kennedy/KR/Programação/00.Estudos/DataEng/Alura/airflow-executores/venv/lib/python3.9/site-packages/airflow/example_dags/example_branch_operator.py
[2024-10-08 17:23:05,701] {processor.py:651} INFO - DAG(s) dict_keys(['example_branch_operator']) retrieved from /home/kennedy/KR/Programação/00.Estudos/DataEng/Alura/airflow-executores/venv/lib/python3.9/site-packages/airflow/example_dags/example_branch_operator.py
[2024-10-08 17:23:05,719] {logging_mixin.py:115} INFO - [2024-10-08 17:23:05,718] {dag.py:2379} INFO - Sync 1 DAGs
[2024-10-08 17:23:05,733] {logging_mixin.py:115} INFO - [2024-10-08 17:23:05,732] {dag.py:2927} INFO - Setting next_dagrun for example_branch_operator to 2024-10-07T00:00:00+00:00, run_after=2024-10-08T00:00:00+00:00
[2024-10-08 17:23:06,989] {processor.py:161} INFO - Processing /home/kennedy/KR/Programação/00.Estudos/DataEng/Alura/airflow-executores/venv/lib/python3.9/site-packages/airflow/example_dags/example_branch_operator.py took 1.612 seconds
