[2024-10-08 13:24:28,024] {processor.py:153} INFO - Started process (PID=37650) to work on /home/kennedy/KR/Programação/00.Estudos/DataEng/Alura/airflow-executores/venv/lib/python3.9/site-packages/airflow/example_dags/example_bash_operator.py
[2024-10-08 13:24:28,025] {processor.py:641} INFO - Processing file /home/kennedy/KR/Programação/00.Estudos/DataEng/Alura/airflow-executores/venv/lib/python3.9/site-packages/airflow/example_dags/example_bash_operator.py for tasks to queue
[2024-10-08 13:24:28,026] {logging_mixin.py:115} INFO - [2024-10-08 13:24:28,026] {dagbag.py:507} INFO - Filling up the DagBag from /home/kennedy/KR/Programação/00.Estudos/DataEng/Alura/airflow-executores/venv/lib/python3.9/site-packages/airflow/example_dags/example_bash_operator.py
[2024-10-08 13:24:28,042] {processor.py:651} INFO - DAG(s) dict_keys(['example_bash_operator']) retrieved from /home/kennedy/KR/Programação/00.Estudos/DataEng/Alura/airflow-executores/venv/lib/python3.9/site-packages/airflow/example_dags/example_bash_operator.py
[2024-10-08 13:24:32,200] {logging_mixin.py:115} INFO - [2024-10-08 13:24:32,200] {manager.py:508} INFO - Created Permission View: can delete on DAG:example_bash_operator
[2024-10-08 13:24:33,608] {logging_mixin.py:115} INFO - [2024-10-08 13:24:33,608] {manager.py:508} INFO - Created Permission View: can read on DAG:example_bash_operator
[2024-10-08 13:24:34,694] {logging_mixin.py:115} INFO - [2024-10-08 13:24:34,693] {manager.py:508} INFO - Created Permission View: can edit on DAG:example_bash_operator
[2024-10-08 13:24:34,694] {logging_mixin.py:115} INFO - [2024-10-08 13:24:34,694] {dag.py:2379} INFO - Sync 1 DAGs
[2024-10-08 13:24:34,705] {logging_mixin.py:115} INFO - [2024-10-08 13:24:34,705] {dag.py:2398} INFO - Creating ORM DAG for example_bash_operator
[2024-10-08 13:24:34,719] {logging_mixin.py:115} INFO - [2024-10-08 13:24:34,719] {dag.py:2927} INFO - Setting next_dagrun for example_bash_operator to 2024-10-07T00:00:00+00:00, run_after=2024-10-08T00:00:00+00:00
[2024-10-08 13:24:35,173] {processor.py:161} INFO - Processing /home/kennedy/KR/Programação/00.Estudos/DataEng/Alura/airflow-executores/venv/lib/python3.9/site-packages/airflow/example_dags/example_bash_operator.py took 7.153 seconds
[2024-10-08 13:26:08,399] {processor.py:153} INFO - Started process (PID=37809) to work on /home/kennedy/KR/Programação/00.Estudos/DataEng/Alura/airflow-executores/venv/lib/python3.9/site-packages/airflow/example_dags/example_bash_operator.py
[2024-10-08 13:26:08,401] {processor.py:641} INFO - Processing file /home/kennedy/KR/Programação/00.Estudos/DataEng/Alura/airflow-executores/venv/lib/python3.9/site-packages/airflow/example_dags/example_bash_operator.py for tasks to queue
[2024-10-08 13:26:08,402] {logging_mixin.py:115} INFO - [2024-10-08 13:26:08,402] {dagbag.py:507} INFO - Filling up the DagBag from /home/kennedy/KR/Programação/00.Estudos/DataEng/Alura/airflow-executores/venv/lib/python3.9/site-packages/airflow/example_dags/example_bash_operator.py
[2024-10-08 13:26:08,423] {processor.py:651} INFO - DAG(s) dict_keys(['example_bash_operator']) retrieved from /home/kennedy/KR/Programação/00.Estudos/DataEng/Alura/airflow-executores/venv/lib/python3.9/site-packages/airflow/example_dags/example_bash_operator.py
[2024-10-08 13:26:08,438] {logging_mixin.py:115} INFO - [2024-10-08 13:26:08,438] {dag.py:2379} INFO - Sync 1 DAGs
[2024-10-08 13:26:08,452] {logging_mixin.py:115} INFO - [2024-10-08 13:26:08,452] {dag.py:2927} INFO - Setting next_dagrun for example_bash_operator to 2024-10-07T00:00:00+00:00, run_after=2024-10-08T00:00:00+00:00
[2024-10-08 13:26:08,868] {processor.py:161} INFO - Processing /home/kennedy/KR/Programação/00.Estudos/DataEng/Alura/airflow-executores/venv/lib/python3.9/site-packages/airflow/example_dags/example_bash_operator.py took 0.475 seconds
[2024-10-08 13:27:20,038] {processor.py:153} INFO - Started process (PID=37958) to work on /home/kennedy/KR/Programação/00.Estudos/DataEng/Alura/airflow-executores/venv/lib/python3.9/site-packages/airflow/example_dags/example_bash_operator.py
[2024-10-08 13:27:20,099] {processor.py:641} INFO - Processing file /home/kennedy/KR/Programação/00.Estudos/DataEng/Alura/airflow-executores/venv/lib/python3.9/site-packages/airflow/example_dags/example_bash_operator.py for tasks to queue
[2024-10-08 13:27:20,100] {logging_mixin.py:115} INFO - [2024-10-08 13:27:20,100] {dagbag.py:507} INFO - Filling up the DagBag from /home/kennedy/KR/Programação/00.Estudos/DataEng/Alura/airflow-executores/venv/lib/python3.9/site-packages/airflow/example_dags/example_bash_operator.py
[2024-10-08 13:27:20,125] {processor.py:651} INFO - DAG(s) dict_keys(['example_bash_operator']) retrieved from /home/kennedy/KR/Programação/00.Estudos/DataEng/Alura/airflow-executores/venv/lib/python3.9/site-packages/airflow/example_dags/example_bash_operator.py
[2024-10-08 13:27:20,144] {logging_mixin.py:115} INFO - [2024-10-08 13:27:20,144] {dag.py:2379} INFO - Sync 1 DAGs
[2024-10-08 13:27:20,159] {logging_mixin.py:115} INFO - [2024-10-08 13:27:20,159] {dag.py:2927} INFO - Setting next_dagrun for example_bash_operator to 2024-10-07T00:00:00+00:00, run_after=2024-10-08T00:00:00+00:00
[2024-10-08 13:27:20,402] {processor.py:161} INFO - Processing /home/kennedy/KR/Programação/00.Estudos/DataEng/Alura/airflow-executores/venv/lib/python3.9/site-packages/airflow/example_dags/example_bash_operator.py took 0.371 seconds
[2024-10-08 13:28:40,725] {processor.py:153} INFO - Started process (PID=38092) to work on /home/kennedy/KR/Programação/00.Estudos/DataEng/Alura/airflow-executores/venv/lib/python3.9/site-packages/airflow/example_dags/example_bash_operator.py
[2024-10-08 13:28:40,886] {processor.py:641} INFO - Processing file /home/kennedy/KR/Programação/00.Estudos/DataEng/Alura/airflow-executores/venv/lib/python3.9/site-packages/airflow/example_dags/example_bash_operator.py for tasks to queue
[2024-10-08 13:28:40,887] {logging_mixin.py:115} INFO - [2024-10-08 13:28:40,887] {dagbag.py:507} INFO - Filling up the DagBag from /home/kennedy/KR/Programação/00.Estudos/DataEng/Alura/airflow-executores/venv/lib/python3.9/site-packages/airflow/example_dags/example_bash_operator.py
[2024-10-08 13:28:40,912] {processor.py:651} INFO - DAG(s) dict_keys(['example_bash_operator']) retrieved from /home/kennedy/KR/Programação/00.Estudos/DataEng/Alura/airflow-executores/venv/lib/python3.9/site-packages/airflow/example_dags/example_bash_operator.py
[2024-10-08 13:28:40,934] {logging_mixin.py:115} INFO - [2024-10-08 13:28:40,934] {dag.py:2379} INFO - Sync 1 DAGs
[2024-10-08 13:28:40,948] {logging_mixin.py:115} INFO - [2024-10-08 13:28:40,948] {dag.py:2927} INFO - Setting next_dagrun for example_bash_operator to 2024-10-07T00:00:00+00:00, run_after=2024-10-08T00:00:00+00:00
[2024-10-08 13:28:41,151] {processor.py:161} INFO - Processing /home/kennedy/KR/Programação/00.Estudos/DataEng/Alura/airflow-executores/venv/lib/python3.9/site-packages/airflow/example_dags/example_bash_operator.py took 0.433 seconds
[2024-10-08 13:29:56,868] {processor.py:153} INFO - Started process (PID=38524) to work on /home/kennedy/KR/Programação/00.Estudos/DataEng/Alura/airflow-executores/venv/lib/python3.9/site-packages/airflow/example_dags/example_bash_operator.py
[2024-10-08 13:29:56,965] {processor.py:641} INFO - Processing file /home/kennedy/KR/Programação/00.Estudos/DataEng/Alura/airflow-executores/venv/lib/python3.9/site-packages/airflow/example_dags/example_bash_operator.py for tasks to queue
[2024-10-08 13:29:56,966] {logging_mixin.py:115} INFO - [2024-10-08 13:29:56,966] {dagbag.py:507} INFO - Filling up the DagBag from /home/kennedy/KR/Programação/00.Estudos/DataEng/Alura/airflow-executores/venv/lib/python3.9/site-packages/airflow/example_dags/example_bash_operator.py
[2024-10-08 13:29:56,999] {processor.py:651} INFO - DAG(s) dict_keys(['example_bash_operator']) retrieved from /home/kennedy/KR/Programação/00.Estudos/DataEng/Alura/airflow-executores/venv/lib/python3.9/site-packages/airflow/example_dags/example_bash_operator.py
[2024-10-08 13:29:57,021] {logging_mixin.py:115} INFO - [2024-10-08 13:29:57,021] {dag.py:2379} INFO - Sync 1 DAGs
[2024-10-08 13:29:57,040] {logging_mixin.py:115} INFO - [2024-10-08 13:29:57,040] {dag.py:2927} INFO - Setting next_dagrun for example_bash_operator to 2024-10-07T00:00:00+00:00, run_after=2024-10-08T00:00:00+00:00
[2024-10-08 13:29:57,805] {processor.py:161} INFO - Processing /home/kennedy/KR/Programação/00.Estudos/DataEng/Alura/airflow-executores/venv/lib/python3.9/site-packages/airflow/example_dags/example_bash_operator.py took 0.943 seconds
[2024-10-08 13:31:22,925] {processor.py:153} INFO - Started process (PID=38655) to work on /home/kennedy/KR/Programação/00.Estudos/DataEng/Alura/airflow-executores/venv/lib/python3.9/site-packages/airflow/example_dags/example_bash_operator.py
[2024-10-08 13:31:22,953] {processor.py:641} INFO - Processing file /home/kennedy/KR/Programação/00.Estudos/DataEng/Alura/airflow-executores/venv/lib/python3.9/site-packages/airflow/example_dags/example_bash_operator.py for tasks to queue
[2024-10-08 13:31:22,954] {logging_mixin.py:115} INFO - [2024-10-08 13:31:22,953] {dagbag.py:507} INFO - Filling up the DagBag from /home/kennedy/KR/Programação/00.Estudos/DataEng/Alura/airflow-executores/venv/lib/python3.9/site-packages/airflow/example_dags/example_bash_operator.py
[2024-10-08 13:31:22,977] {processor.py:651} INFO - DAG(s) dict_keys(['example_bash_operator']) retrieved from /home/kennedy/KR/Programação/00.Estudos/DataEng/Alura/airflow-executores/venv/lib/python3.9/site-packages/airflow/example_dags/example_bash_operator.py
[2024-10-08 13:31:23,019] {logging_mixin.py:115} INFO - [2024-10-08 13:31:23,019] {dag.py:2379} INFO - Sync 1 DAGs
[2024-10-08 13:31:23,046] {logging_mixin.py:115} INFO - [2024-10-08 13:31:23,046] {dag.py:2927} INFO - Setting next_dagrun for example_bash_operator to 2024-10-07T00:00:00+00:00, run_after=2024-10-08T00:00:00+00:00
[2024-10-08 13:31:23,315] {processor.py:161} INFO - Processing /home/kennedy/KR/Programação/00.Estudos/DataEng/Alura/airflow-executores/venv/lib/python3.9/site-packages/airflow/example_dags/example_bash_operator.py took 0.397 seconds
[2024-10-08 13:32:28,518] {processor.py:153} INFO - Started process (PID=38822) to work on /home/kennedy/KR/Programação/00.Estudos/DataEng/Alura/airflow-executores/venv/lib/python3.9/site-packages/airflow/example_dags/example_bash_operator.py
[2024-10-08 13:32:28,527] {processor.py:641} INFO - Processing file /home/kennedy/KR/Programação/00.Estudos/DataEng/Alura/airflow-executores/venv/lib/python3.9/site-packages/airflow/example_dags/example_bash_operator.py for tasks to queue
[2024-10-08 13:32:28,528] {logging_mixin.py:115} INFO - [2024-10-08 13:32:28,527] {dagbag.py:507} INFO - Filling up the DagBag from /home/kennedy/KR/Programação/00.Estudos/DataEng/Alura/airflow-executores/venv/lib/python3.9/site-packages/airflow/example_dags/example_bash_operator.py
[2024-10-08 13:32:28,544] {processor.py:651} INFO - DAG(s) dict_keys(['example_bash_operator']) retrieved from /home/kennedy/KR/Programação/00.Estudos/DataEng/Alura/airflow-executores/venv/lib/python3.9/site-packages/airflow/example_dags/example_bash_operator.py
[2024-10-08 13:32:28,563] {logging_mixin.py:115} INFO - [2024-10-08 13:32:28,563] {dag.py:2379} INFO - Sync 1 DAGs
[2024-10-08 13:32:28,580] {logging_mixin.py:115} INFO - [2024-10-08 13:32:28,580] {dag.py:2927} INFO - Setting next_dagrun for example_bash_operator to 2024-10-07T00:00:00+00:00, run_after=2024-10-08T00:00:00+00:00
[2024-10-08 13:32:30,211] {processor.py:161} INFO - Processing /home/kennedy/KR/Programação/00.Estudos/DataEng/Alura/airflow-executores/venv/lib/python3.9/site-packages/airflow/example_dags/example_bash_operator.py took 1.699 seconds
[2024-10-08 13:33:48,089] {processor.py:153} INFO - Started process (PID=38922) to work on /home/kennedy/KR/Programação/00.Estudos/DataEng/Alura/airflow-executores/venv/lib/python3.9/site-packages/airflow/example_dags/example_bash_operator.py
[2024-10-08 13:33:48,923] {processor.py:641} INFO - Processing file /home/kennedy/KR/Programação/00.Estudos/DataEng/Alura/airflow-executores/venv/lib/python3.9/site-packages/airflow/example_dags/example_bash_operator.py for tasks to queue
[2024-10-08 13:33:48,925] {logging_mixin.py:115} INFO - [2024-10-08 13:33:48,925] {dagbag.py:507} INFO - Filling up the DagBag from /home/kennedy/KR/Programação/00.Estudos/DataEng/Alura/airflow-executores/venv/lib/python3.9/site-packages/airflow/example_dags/example_bash_operator.py
[2024-10-08 13:33:48,942] {processor.py:651} INFO - DAG(s) dict_keys(['example_bash_operator']) retrieved from /home/kennedy/KR/Programação/00.Estudos/DataEng/Alura/airflow-executores/venv/lib/python3.9/site-packages/airflow/example_dags/example_bash_operator.py
[2024-10-08 13:33:48,962] {logging_mixin.py:115} INFO - [2024-10-08 13:33:48,962] {dag.py:2379} INFO - Sync 1 DAGs
[2024-10-08 13:33:48,982] {logging_mixin.py:115} INFO - [2024-10-08 13:33:48,982] {dag.py:2927} INFO - Setting next_dagrun for example_bash_operator to 2024-10-07T00:00:00+00:00, run_after=2024-10-08T00:00:00+00:00
[2024-10-08 13:33:50,909] {processor.py:161} INFO - Processing /home/kennedy/KR/Programação/00.Estudos/DataEng/Alura/airflow-executores/venv/lib/python3.9/site-packages/airflow/example_dags/example_bash_operator.py took 2.823 seconds
[2024-10-08 13:34:53,320] {processor.py:153} INFO - Started process (PID=39036) to work on /home/kennedy/KR/Programação/00.Estudos/DataEng/Alura/airflow-executores/venv/lib/python3.9/site-packages/airflow/example_dags/example_bash_operator.py
[2024-10-08 13:34:53,438] {processor.py:641} INFO - Processing file /home/kennedy/KR/Programação/00.Estudos/DataEng/Alura/airflow-executores/venv/lib/python3.9/site-packages/airflow/example_dags/example_bash_operator.py for tasks to queue
[2024-10-08 13:34:53,439] {logging_mixin.py:115} INFO - [2024-10-08 13:34:53,439] {dagbag.py:507} INFO - Filling up the DagBag from /home/kennedy/KR/Programação/00.Estudos/DataEng/Alura/airflow-executores/venv/lib/python3.9/site-packages/airflow/example_dags/example_bash_operator.py
[2024-10-08 13:34:53,449] {processor.py:651} INFO - DAG(s) dict_keys(['example_bash_operator']) retrieved from /home/kennedy/KR/Programação/00.Estudos/DataEng/Alura/airflow-executores/venv/lib/python3.9/site-packages/airflow/example_dags/example_bash_operator.py
[2024-10-08 13:34:53,464] {logging_mixin.py:115} INFO - [2024-10-08 13:34:53,463] {dag.py:2379} INFO - Sync 1 DAGs
[2024-10-08 13:34:53,483] {logging_mixin.py:115} INFO - [2024-10-08 13:34:53,483] {dag.py:2927} INFO - Setting next_dagrun for example_bash_operator to 2024-10-07T00:00:00+00:00, run_after=2024-10-08T00:00:00+00:00
[2024-10-08 13:34:53,908] {processor.py:161} INFO - Processing /home/kennedy/KR/Programação/00.Estudos/DataEng/Alura/airflow-executores/venv/lib/python3.9/site-packages/airflow/example_dags/example_bash_operator.py took 0.591 seconds
[2024-10-08 16:37:13,439] {processor.py:153} INFO - Started process (PID=16752) to work on /home/kennedy/KR/Programação/00.Estudos/DataEng/Alura/airflow-executores/venv/lib/python3.9/site-packages/airflow/example_dags/example_bash_operator.py
[2024-10-08 16:37:13,463] {processor.py:641} INFO - Processing file /home/kennedy/KR/Programação/00.Estudos/DataEng/Alura/airflow-executores/venv/lib/python3.9/site-packages/airflow/example_dags/example_bash_operator.py for tasks to queue
[2024-10-08 16:37:13,464] {logging_mixin.py:115} INFO - [2024-10-08 16:37:13,464] {dagbag.py:507} INFO - Filling up the DagBag from /home/kennedy/KR/Programação/00.Estudos/DataEng/Alura/airflow-executores/venv/lib/python3.9/site-packages/airflow/example_dags/example_bash_operator.py
[2024-10-08 16:37:13,491] {processor.py:651} INFO - DAG(s) dict_keys(['example_bash_operator']) retrieved from /home/kennedy/KR/Programação/00.Estudos/DataEng/Alura/airflow-executores/venv/lib/python3.9/site-packages/airflow/example_dags/example_bash_operator.py
[2024-10-08 16:37:13,531] {logging_mixin.py:115} INFO - [2024-10-08 16:37:13,531] {dag.py:2379} INFO - Sync 1 DAGs
[2024-10-08 16:37:13,544] {logging_mixin.py:115} INFO - [2024-10-08 16:37:13,544] {dag.py:2927} INFO - Setting next_dagrun for example_bash_operator to 2024-10-07T00:00:00+00:00, run_after=2024-10-08T00:00:00+00:00
[2024-10-08 16:37:13,948] {processor.py:161} INFO - Processing /home/kennedy/KR/Programação/00.Estudos/DataEng/Alura/airflow-executores/venv/lib/python3.9/site-packages/airflow/example_dags/example_bash_operator.py took 0.515 seconds
[2024-10-08 16:38:01,782] {processor.py:153} INFO - Started process (PID=16820) to work on /home/kennedy/KR/Programação/00.Estudos/DataEng/Alura/airflow-executores/venv/lib/python3.9/site-packages/airflow/example_dags/example_bash_operator.py
[2024-10-08 16:38:01,783] {processor.py:641} INFO - Processing file /home/kennedy/KR/Programação/00.Estudos/DataEng/Alura/airflow-executores/venv/lib/python3.9/site-packages/airflow/example_dags/example_bash_operator.py for tasks to queue
[2024-10-08 16:38:01,784] {logging_mixin.py:115} INFO - [2024-10-08 16:38:01,784] {dagbag.py:507} INFO - Filling up the DagBag from /home/kennedy/KR/Programação/00.Estudos/DataEng/Alura/airflow-executores/venv/lib/python3.9/site-packages/airflow/example_dags/example_bash_operator.py
[2024-10-08 16:38:01,794] {processor.py:651} INFO - DAG(s) dict_keys(['example_bash_operator']) retrieved from /home/kennedy/KR/Programação/00.Estudos/DataEng/Alura/airflow-executores/venv/lib/python3.9/site-packages/airflow/example_dags/example_bash_operator.py
[2024-10-08 16:38:01,809] {logging_mixin.py:115} INFO - [2024-10-08 16:38:01,809] {dag.py:2379} INFO - Sync 1 DAGs
[2024-10-08 16:38:01,823] {logging_mixin.py:115} INFO - [2024-10-08 16:38:01,823] {dag.py:2927} INFO - Setting next_dagrun for example_bash_operator to 2024-10-07T00:00:00+00:00, run_after=2024-10-08T00:00:00+00:00
[2024-10-08 16:38:01,909] {processor.py:161} INFO - Processing /home/kennedy/KR/Programação/00.Estudos/DataEng/Alura/airflow-executores/venv/lib/python3.9/site-packages/airflow/example_dags/example_bash_operator.py took 0.130 seconds
[2024-10-08 16:39:45,897] {processor.py:153} INFO - Started process (PID=17522) to work on /home/kennedy/KR/Programação/00.Estudos/DataEng/Alura/airflow-executores/venv/lib/python3.9/site-packages/airflow/example_dags/example_bash_operator.py
[2024-10-08 16:39:46,024] {processor.py:641} INFO - Processing file /home/kennedy/KR/Programação/00.Estudos/DataEng/Alura/airflow-executores/venv/lib/python3.9/site-packages/airflow/example_dags/example_bash_operator.py for tasks to queue
[2024-10-08 16:39:46,025] {logging_mixin.py:115} INFO - [2024-10-08 16:39:46,025] {dagbag.py:507} INFO - Filling up the DagBag from /home/kennedy/KR/Programação/00.Estudos/DataEng/Alura/airflow-executores/venv/lib/python3.9/site-packages/airflow/example_dags/example_bash_operator.py
[2024-10-08 16:39:46,036] {processor.py:651} INFO - DAG(s) dict_keys(['example_bash_operator']) retrieved from /home/kennedy/KR/Programação/00.Estudos/DataEng/Alura/airflow-executores/venv/lib/python3.9/site-packages/airflow/example_dags/example_bash_operator.py
[2024-10-08 16:39:46,052] {logging_mixin.py:115} INFO - [2024-10-08 16:39:46,052] {dag.py:2379} INFO - Sync 1 DAGs
[2024-10-08 16:39:46,071] {logging_mixin.py:115} INFO - [2024-10-08 16:39:46,071] {dag.py:2927} INFO - Setting next_dagrun for example_bash_operator to 2024-10-07T00:00:00+00:00, run_after=2024-10-08T00:00:00+00:00
[2024-10-08 16:39:46,423] {processor.py:161} INFO - Processing /home/kennedy/KR/Programação/00.Estudos/DataEng/Alura/airflow-executores/venv/lib/python3.9/site-packages/airflow/example_dags/example_bash_operator.py took 0.529 seconds
[2024-10-08 16:42:00,983] {processor.py:153} INFO - Started process (PID=18097) to work on /home/kennedy/KR/Programação/00.Estudos/DataEng/Alura/airflow-executores/venv/lib/python3.9/site-packages/airflow/example_dags/example_bash_operator.py
[2024-10-08 16:42:00,996] {processor.py:641} INFO - Processing file /home/kennedy/KR/Programação/00.Estudos/DataEng/Alura/airflow-executores/venv/lib/python3.9/site-packages/airflow/example_dags/example_bash_operator.py for tasks to queue
[2024-10-08 16:42:00,997] {logging_mixin.py:115} INFO - [2024-10-08 16:42:00,997] {dagbag.py:507} INFO - Filling up the DagBag from /home/kennedy/KR/Programação/00.Estudos/DataEng/Alura/airflow-executores/venv/lib/python3.9/site-packages/airflow/example_dags/example_bash_operator.py
[2024-10-08 16:42:01,021] {processor.py:651} INFO - DAG(s) dict_keys(['example_bash_operator']) retrieved from /home/kennedy/KR/Programação/00.Estudos/DataEng/Alura/airflow-executores/venv/lib/python3.9/site-packages/airflow/example_dags/example_bash_operator.py
[2024-10-08 16:42:01,036] {logging_mixin.py:115} INFO - [2024-10-08 16:42:01,036] {dag.py:2379} INFO - Sync 1 DAGs
[2024-10-08 16:42:01,050] {logging_mixin.py:115} INFO - [2024-10-08 16:42:01,050] {dag.py:2927} INFO - Setting next_dagrun for example_bash_operator to 2024-10-07T00:00:00+00:00, run_after=2024-10-08T00:00:00+00:00
[2024-10-08 16:42:01,125] {processor.py:161} INFO - Processing /home/kennedy/KR/Programação/00.Estudos/DataEng/Alura/airflow-executores/venv/lib/python3.9/site-packages/airflow/example_dags/example_bash_operator.py took 0.149 seconds
[2024-10-08 16:43:33,244] {processor.py:153} INFO - Started process (PID=18233) to work on /home/kennedy/KR/Programação/00.Estudos/DataEng/Alura/airflow-executores/venv/lib/python3.9/site-packages/airflow/example_dags/example_bash_operator.py
[2024-10-08 16:43:33,271] {processor.py:641} INFO - Processing file /home/kennedy/KR/Programação/00.Estudos/DataEng/Alura/airflow-executores/venv/lib/python3.9/site-packages/airflow/example_dags/example_bash_operator.py for tasks to queue
[2024-10-08 16:43:33,271] {logging_mixin.py:115} INFO - [2024-10-08 16:43:33,271] {dagbag.py:507} INFO - Filling up the DagBag from /home/kennedy/KR/Programação/00.Estudos/DataEng/Alura/airflow-executores/venv/lib/python3.9/site-packages/airflow/example_dags/example_bash_operator.py
[2024-10-08 16:43:33,286] {processor.py:651} INFO - DAG(s) dict_keys(['example_bash_operator']) retrieved from /home/kennedy/KR/Programação/00.Estudos/DataEng/Alura/airflow-executores/venv/lib/python3.9/site-packages/airflow/example_dags/example_bash_operator.py
[2024-10-08 16:43:33,304] {logging_mixin.py:115} INFO - [2024-10-08 16:43:33,304] {dag.py:2379} INFO - Sync 1 DAGs
[2024-10-08 16:43:33,319] {logging_mixin.py:115} INFO - [2024-10-08 16:43:33,319] {dag.py:2927} INFO - Setting next_dagrun for example_bash_operator to 2024-10-07T00:00:00+00:00, run_after=2024-10-08T00:00:00+00:00
[2024-10-08 16:43:33,782] {processor.py:161} INFO - Processing /home/kennedy/KR/Programação/00.Estudos/DataEng/Alura/airflow-executores/venv/lib/python3.9/site-packages/airflow/example_dags/example_bash_operator.py took 0.540 seconds
[2024-10-08 16:45:02,528] {processor.py:153} INFO - Started process (PID=18317) to work on /home/kennedy/KR/Programação/00.Estudos/DataEng/Alura/airflow-executores/venv/lib/python3.9/site-packages/airflow/example_dags/example_bash_operator.py
[2024-10-08 16:45:03,387] {processor.py:641} INFO - Processing file /home/kennedy/KR/Programação/00.Estudos/DataEng/Alura/airflow-executores/venv/lib/python3.9/site-packages/airflow/example_dags/example_bash_operator.py for tasks to queue
[2024-10-08 16:45:03,388] {logging_mixin.py:115} INFO - [2024-10-08 16:45:03,388] {dagbag.py:507} INFO - Filling up the DagBag from /home/kennedy/KR/Programação/00.Estudos/DataEng/Alura/airflow-executores/venv/lib/python3.9/site-packages/airflow/example_dags/example_bash_operator.py
[2024-10-08 16:45:03,412] {processor.py:651} INFO - DAG(s) dict_keys(['example_bash_operator']) retrieved from /home/kennedy/KR/Programação/00.Estudos/DataEng/Alura/airflow-executores/venv/lib/python3.9/site-packages/airflow/example_dags/example_bash_operator.py
[2024-10-08 16:45:03,429] {logging_mixin.py:115} INFO - [2024-10-08 16:45:03,429] {dag.py:2379} INFO - Sync 1 DAGs
[2024-10-08 16:45:03,443] {logging_mixin.py:115} INFO - [2024-10-08 16:45:03,443] {dag.py:2927} INFO - Setting next_dagrun for example_bash_operator to 2024-10-07T00:00:00+00:00, run_after=2024-10-08T00:00:00+00:00
[2024-10-08 16:45:03,635] {processor.py:161} INFO - Processing /home/kennedy/KR/Programação/00.Estudos/DataEng/Alura/airflow-executores/venv/lib/python3.9/site-packages/airflow/example_dags/example_bash_operator.py took 1.113 seconds
[2024-10-08 16:47:15,899] {processor.py:153} INFO - Started process (PID=19060) to work on /home/kennedy/KR/Programação/00.Estudos/DataEng/Alura/airflow-executores/venv/lib/python3.9/site-packages/airflow/example_dags/example_bash_operator.py
[2024-10-08 16:47:15,907] {processor.py:641} INFO - Processing file /home/kennedy/KR/Programação/00.Estudos/DataEng/Alura/airflow-executores/venv/lib/python3.9/site-packages/airflow/example_dags/example_bash_operator.py for tasks to queue
[2024-10-08 16:47:15,908] {logging_mixin.py:115} INFO - [2024-10-08 16:47:15,908] {dagbag.py:507} INFO - Filling up the DagBag from /home/kennedy/KR/Programação/00.Estudos/DataEng/Alura/airflow-executores/venv/lib/python3.9/site-packages/airflow/example_dags/example_bash_operator.py
[2024-10-08 16:47:15,930] {processor.py:651} INFO - DAG(s) dict_keys(['example_bash_operator']) retrieved from /home/kennedy/KR/Programação/00.Estudos/DataEng/Alura/airflow-executores/venv/lib/python3.9/site-packages/airflow/example_dags/example_bash_operator.py
[2024-10-08 16:47:15,945] {logging_mixin.py:115} INFO - [2024-10-08 16:47:15,945] {dag.py:2379} INFO - Sync 1 DAGs
[2024-10-08 16:47:15,959] {logging_mixin.py:115} INFO - [2024-10-08 16:47:15,959] {dag.py:2927} INFO - Setting next_dagrun for example_bash_operator to 2024-10-07T00:00:00+00:00, run_after=2024-10-08T00:00:00+00:00
[2024-10-08 16:47:16,408] {processor.py:161} INFO - Processing /home/kennedy/KR/Programação/00.Estudos/DataEng/Alura/airflow-executores/venv/lib/python3.9/site-packages/airflow/example_dags/example_bash_operator.py took 0.516 seconds
[2024-10-08 16:48:34,638] {processor.py:153} INFO - Started process (PID=19247) to work on /home/kennedy/KR/Programação/00.Estudos/DataEng/Alura/airflow-executores/venv/lib/python3.9/site-packages/airflow/example_dags/example_bash_operator.py
[2024-10-08 16:48:34,661] {processor.py:641} INFO - Processing file /home/kennedy/KR/Programação/00.Estudos/DataEng/Alura/airflow-executores/venv/lib/python3.9/site-packages/airflow/example_dags/example_bash_operator.py for tasks to queue
[2024-10-08 16:48:34,662] {logging_mixin.py:115} INFO - [2024-10-08 16:48:34,662] {dagbag.py:507} INFO - Filling up the DagBag from /home/kennedy/KR/Programação/00.Estudos/DataEng/Alura/airflow-executores/venv/lib/python3.9/site-packages/airflow/example_dags/example_bash_operator.py
[2024-10-08 16:48:34,682] {processor.py:651} INFO - DAG(s) dict_keys(['example_bash_operator']) retrieved from /home/kennedy/KR/Programação/00.Estudos/DataEng/Alura/airflow-executores/venv/lib/python3.9/site-packages/airflow/example_dags/example_bash_operator.py
[2024-10-08 16:48:34,699] {logging_mixin.py:115} INFO - [2024-10-08 16:48:34,699] {dag.py:2379} INFO - Sync 1 DAGs
[2024-10-08 16:48:34,716] {logging_mixin.py:115} INFO - [2024-10-08 16:48:34,716] {dag.py:2927} INFO - Setting next_dagrun for example_bash_operator to 2024-10-07T00:00:00+00:00, run_after=2024-10-08T00:00:00+00:00
[2024-10-08 16:48:35,114] {processor.py:161} INFO - Processing /home/kennedy/KR/Programação/00.Estudos/DataEng/Alura/airflow-executores/venv/lib/python3.9/site-packages/airflow/example_dags/example_bash_operator.py took 0.482 seconds
[2024-10-08 16:49:46,820] {processor.py:153} INFO - Started process (PID=19344) to work on /home/kennedy/KR/Programação/00.Estudos/DataEng/Alura/airflow-executores/venv/lib/python3.9/site-packages/airflow/example_dags/example_bash_operator.py
[2024-10-08 16:49:46,831] {processor.py:641} INFO - Processing file /home/kennedy/KR/Programação/00.Estudos/DataEng/Alura/airflow-executores/venv/lib/python3.9/site-packages/airflow/example_dags/example_bash_operator.py for tasks to queue
[2024-10-08 16:49:46,832] {logging_mixin.py:115} INFO - [2024-10-08 16:49:46,832] {dagbag.py:507} INFO - Filling up the DagBag from /home/kennedy/KR/Programação/00.Estudos/DataEng/Alura/airflow-executores/venv/lib/python3.9/site-packages/airflow/example_dags/example_bash_operator.py
[2024-10-08 16:49:46,852] {processor.py:651} INFO - DAG(s) dict_keys(['example_bash_operator']) retrieved from /home/kennedy/KR/Programação/00.Estudos/DataEng/Alura/airflow-executores/venv/lib/python3.9/site-packages/airflow/example_dags/example_bash_operator.py
[2024-10-08 16:49:46,872] {logging_mixin.py:115} INFO - [2024-10-08 16:49:46,872] {dag.py:2379} INFO - Sync 1 DAGs
[2024-10-08 16:49:46,901] {logging_mixin.py:115} INFO - [2024-10-08 16:49:46,901] {dag.py:2927} INFO - Setting next_dagrun for example_bash_operator to 2024-10-07T00:00:00+00:00, run_after=2024-10-08T00:00:00+00:00
[2024-10-08 16:49:47,172] {processor.py:161} INFO - Processing /home/kennedy/KR/Programação/00.Estudos/DataEng/Alura/airflow-executores/venv/lib/python3.9/site-packages/airflow/example_dags/example_bash_operator.py took 0.357 seconds
[2024-10-08 17:23:12,672] {processor.py:153} INFO - Started process (PID=40167) to work on /home/kennedy/KR/Programação/00.Estudos/DataEng/Alura/airflow-executores/venv/lib/python3.9/site-packages/airflow/example_dags/example_bash_operator.py
[2024-10-08 17:23:12,734] {processor.py:641} INFO - Processing file /home/kennedy/KR/Programação/00.Estudos/DataEng/Alura/airflow-executores/venv/lib/python3.9/site-packages/airflow/example_dags/example_bash_operator.py for tasks to queue
[2024-10-08 17:23:12,734] {logging_mixin.py:115} INFO - [2024-10-08 17:23:12,734] {dagbag.py:507} INFO - Filling up the DagBag from /home/kennedy/KR/Programação/00.Estudos/DataEng/Alura/airflow-executores/venv/lib/python3.9/site-packages/airflow/example_dags/example_bash_operator.py
[2024-10-08 17:23:12,746] {processor.py:651} INFO - DAG(s) dict_keys(['example_bash_operator']) retrieved from /home/kennedy/KR/Programação/00.Estudos/DataEng/Alura/airflow-executores/venv/lib/python3.9/site-packages/airflow/example_dags/example_bash_operator.py
[2024-10-08 17:23:12,760] {logging_mixin.py:115} INFO - [2024-10-08 17:23:12,760] {dag.py:2379} INFO - Sync 1 DAGs
[2024-10-08 17:23:12,779] {logging_mixin.py:115} INFO - [2024-10-08 17:23:12,779] {dag.py:2927} INFO - Setting next_dagrun for example_bash_operator to 2024-10-07T00:00:00+00:00, run_after=2024-10-08T00:00:00+00:00
[2024-10-08 17:23:13,328] {processor.py:161} INFO - Processing /home/kennedy/KR/Programação/00.Estudos/DataEng/Alura/airflow-executores/venv/lib/python3.9/site-packages/airflow/example_dags/example_bash_operator.py took 0.659 seconds
