[2024-10-08 13:23:41,159] {processor.py:153} INFO - Started process (PID=37555) to work on /home/kennedy/KR/Programação/00.Estudos/DataEng/Alura/airflow-executores/venv/lib/python3.9/site-packages/airflow/example_dags/example_latest_only_with_trigger.py
[2024-10-08 13:23:41,160] {processor.py:641} INFO - Processing file /home/kennedy/KR/Programação/00.Estudos/DataEng/Alura/airflow-executores/venv/lib/python3.9/site-packages/airflow/example_dags/example_latest_only_with_trigger.py for tasks to queue
[2024-10-08 13:23:41,161] {logging_mixin.py:115} INFO - [2024-10-08 13:23:41,161] {dagbag.py:507} INFO - Filling up the DagBag from /home/kennedy/KR/Programação/00.Estudos/DataEng/Alura/airflow-executores/venv/lib/python3.9/site-packages/airflow/example_dags/example_latest_only_with_trigger.py
[2024-10-08 13:23:41,173] {processor.py:651} INFO - DAG(s) dict_keys(['latest_only_with_trigger']) retrieved from /home/kennedy/KR/Programação/00.Estudos/DataEng/Alura/airflow-executores/venv/lib/python3.9/site-packages/airflow/example_dags/example_latest_only_with_trigger.py
[2024-10-08 13:23:42,999] {logging_mixin.py:115} INFO - [2024-10-08 13:23:42,998] {manager.py:508} INFO - Created Permission View: can delete on DAG:latest_only_with_trigger
[2024-10-08 13:23:43,150] {logging_mixin.py:115} INFO - [2024-10-08 13:23:43,149] {manager.py:508} INFO - Created Permission View: can read on DAG:latest_only_with_trigger
[2024-10-08 13:23:43,374] {logging_mixin.py:115} INFO - [2024-10-08 13:23:43,374] {manager.py:508} INFO - Created Permission View: can edit on DAG:latest_only_with_trigger
[2024-10-08 13:23:43,375] {logging_mixin.py:115} INFO - [2024-10-08 13:23:43,375] {dag.py:2379} INFO - Sync 1 DAGs
[2024-10-08 13:23:43,401] {logging_mixin.py:115} INFO - [2024-10-08 13:23:43,401] {dag.py:2398} INFO - Creating ORM DAG for latest_only_with_trigger
[2024-10-08 13:23:43,426] {logging_mixin.py:115} INFO - [2024-10-08 13:23:43,426] {dag.py:2927} INFO - Setting next_dagrun for latest_only_with_trigger to 2024-10-08T12:23:43.425698+00:00, run_after=2024-10-08T16:23:43.425698+00:00
[2024-10-08 13:23:43,957] {processor.py:161} INFO - Processing /home/kennedy/KR/Programação/00.Estudos/DataEng/Alura/airflow-executores/venv/lib/python3.9/site-packages/airflow/example_dags/example_latest_only_with_trigger.py took 2.801 seconds
[2024-10-08 13:25:21,319] {processor.py:153} INFO - Started process (PID=37739) to work on /home/kennedy/KR/Programação/00.Estudos/DataEng/Alura/airflow-executores/venv/lib/python3.9/site-packages/airflow/example_dags/example_latest_only_with_trigger.py
[2024-10-08 13:25:21,321] {processor.py:641} INFO - Processing file /home/kennedy/KR/Programação/00.Estudos/DataEng/Alura/airflow-executores/venv/lib/python3.9/site-packages/airflow/example_dags/example_latest_only_with_trigger.py for tasks to queue
[2024-10-08 13:25:21,322] {logging_mixin.py:115} INFO - [2024-10-08 13:25:21,322] {dagbag.py:507} INFO - Filling up the DagBag from /home/kennedy/KR/Programação/00.Estudos/DataEng/Alura/airflow-executores/venv/lib/python3.9/site-packages/airflow/example_dags/example_latest_only_with_trigger.py
[2024-10-08 13:25:21,334] {processor.py:651} INFO - DAG(s) dict_keys(['latest_only_with_trigger']) retrieved from /home/kennedy/KR/Programação/00.Estudos/DataEng/Alura/airflow-executores/venv/lib/python3.9/site-packages/airflow/example_dags/example_latest_only_with_trigger.py
[2024-10-08 13:25:21,354] {logging_mixin.py:115} INFO - [2024-10-08 13:25:21,354] {dag.py:2379} INFO - Sync 1 DAGs
[2024-10-08 13:25:21,368] {logging_mixin.py:115} INFO - [2024-10-08 13:25:21,368] {dag.py:2927} INFO - Setting next_dagrun for latest_only_with_trigger to 2024-10-08T12:25:21.367798+00:00, run_after=2024-10-08T16:25:21.367798+00:00
[2024-10-08 13:25:21,830] {processor.py:161} INFO - Processing /home/kennedy/KR/Programação/00.Estudos/DataEng/Alura/airflow-executores/venv/lib/python3.9/site-packages/airflow/example_dags/example_latest_only_with_trigger.py took 0.517 seconds
[2024-10-08 13:26:29,194] {processor.py:153} INFO - Started process (PID=37823) to work on /home/kennedy/KR/Programação/00.Estudos/DataEng/Alura/airflow-executores/venv/lib/python3.9/site-packages/airflow/example_dags/example_latest_only_with_trigger.py
[2024-10-08 13:26:29,204] {processor.py:641} INFO - Processing file /home/kennedy/KR/Programação/00.Estudos/DataEng/Alura/airflow-executores/venv/lib/python3.9/site-packages/airflow/example_dags/example_latest_only_with_trigger.py for tasks to queue
[2024-10-08 13:26:29,205] {logging_mixin.py:115} INFO - [2024-10-08 13:26:29,204] {dagbag.py:507} INFO - Filling up the DagBag from /home/kennedy/KR/Programação/00.Estudos/DataEng/Alura/airflow-executores/venv/lib/python3.9/site-packages/airflow/example_dags/example_latest_only_with_trigger.py
[2024-10-08 13:26:29,217] {processor.py:651} INFO - DAG(s) dict_keys(['latest_only_with_trigger']) retrieved from /home/kennedy/KR/Programação/00.Estudos/DataEng/Alura/airflow-executores/venv/lib/python3.9/site-packages/airflow/example_dags/example_latest_only_with_trigger.py
[2024-10-08 13:26:29,243] {logging_mixin.py:115} INFO - [2024-10-08 13:26:29,243] {dag.py:2379} INFO - Sync 1 DAGs
[2024-10-08 13:26:29,258] {logging_mixin.py:115} INFO - [2024-10-08 13:26:29,258] {dag.py:2927} INFO - Setting next_dagrun for latest_only_with_trigger to 2024-10-08T12:26:29.258650+00:00, run_after=2024-10-08T16:26:29.258650+00:00
[2024-10-08 13:26:29,350] {processor.py:161} INFO - Processing /home/kennedy/KR/Programação/00.Estudos/DataEng/Alura/airflow-executores/venv/lib/python3.9/site-packages/airflow/example_dags/example_latest_only_with_trigger.py took 0.162 seconds
[2024-10-08 13:27:53,696] {processor.py:153} INFO - Started process (PID=38008) to work on /home/kennedy/KR/Programação/00.Estudos/DataEng/Alura/airflow-executores/venv/lib/python3.9/site-packages/airflow/example_dags/example_latest_only_with_trigger.py
[2024-10-08 13:27:54,686] {processor.py:641} INFO - Processing file /home/kennedy/KR/Programação/00.Estudos/DataEng/Alura/airflow-executores/venv/lib/python3.9/site-packages/airflow/example_dags/example_latest_only_with_trigger.py for tasks to queue
[2024-10-08 13:27:54,704] {logging_mixin.py:115} INFO - [2024-10-08 13:27:54,704] {dagbag.py:507} INFO - Filling up the DagBag from /home/kennedy/KR/Programação/00.Estudos/DataEng/Alura/airflow-executores/venv/lib/python3.9/site-packages/airflow/example_dags/example_latest_only_with_trigger.py
[2024-10-08 13:27:54,717] {processor.py:651} INFO - DAG(s) dict_keys(['latest_only_with_trigger']) retrieved from /home/kennedy/KR/Programação/00.Estudos/DataEng/Alura/airflow-executores/venv/lib/python3.9/site-packages/airflow/example_dags/example_latest_only_with_trigger.py
[2024-10-08 13:27:54,753] {logging_mixin.py:115} INFO - [2024-10-08 13:27:54,753] {dag.py:2379} INFO - Sync 1 DAGs
[2024-10-08 13:27:54,776] {logging_mixin.py:115} INFO - [2024-10-08 13:27:54,776] {dag.py:2927} INFO - Setting next_dagrun for latest_only_with_trigger to 2024-10-08T12:27:54.775692+00:00, run_after=2024-10-08T16:27:54.775692+00:00
[2024-10-08 13:27:55,427] {processor.py:161} INFO - Processing /home/kennedy/KR/Programação/00.Estudos/DataEng/Alura/airflow-executores/venv/lib/python3.9/site-packages/airflow/example_dags/example_latest_only_with_trigger.py took 1.737 seconds
[2024-10-08 13:29:11,006] {processor.py:153} INFO - Started process (PID=38141) to work on /home/kennedy/KR/Programação/00.Estudos/DataEng/Alura/airflow-executores/venv/lib/python3.9/site-packages/airflow/example_dags/example_latest_only_with_trigger.py
[2024-10-08 13:29:11,475] {processor.py:641} INFO - Processing file /home/kennedy/KR/Programação/00.Estudos/DataEng/Alura/airflow-executores/venv/lib/python3.9/site-packages/airflow/example_dags/example_latest_only_with_trigger.py for tasks to queue
[2024-10-08 13:29:11,476] {logging_mixin.py:115} INFO - [2024-10-08 13:29:11,476] {dagbag.py:507} INFO - Filling up the DagBag from /home/kennedy/KR/Programação/00.Estudos/DataEng/Alura/airflow-executores/venv/lib/python3.9/site-packages/airflow/example_dags/example_latest_only_with_trigger.py
[2024-10-08 13:29:11,489] {processor.py:651} INFO - DAG(s) dict_keys(['latest_only_with_trigger']) retrieved from /home/kennedy/KR/Programação/00.Estudos/DataEng/Alura/airflow-executores/venv/lib/python3.9/site-packages/airflow/example_dags/example_latest_only_with_trigger.py
[2024-10-08 13:29:11,517] {logging_mixin.py:115} INFO - [2024-10-08 13:29:11,517] {dag.py:2379} INFO - Sync 1 DAGs
[2024-10-08 13:29:11,532] {logging_mixin.py:115} INFO - [2024-10-08 13:29:11,532] {dag.py:2927} INFO - Setting next_dagrun for latest_only_with_trigger to 2024-10-08T12:29:11.532345+00:00, run_after=2024-10-08T16:29:11.532345+00:00
[2024-10-08 13:29:12,985] {processor.py:161} INFO - Processing /home/kennedy/KR/Programação/00.Estudos/DataEng/Alura/airflow-executores/venv/lib/python3.9/site-packages/airflow/example_dags/example_latest_only_with_trigger.py took 1.985 seconds
[2024-10-08 13:30:11,080] {processor.py:153} INFO - Started process (PID=38538) to work on /home/kennedy/KR/Programação/00.Estudos/DataEng/Alura/airflow-executores/venv/lib/python3.9/site-packages/airflow/example_dags/example_latest_only_with_trigger.py
[2024-10-08 13:30:11,089] {processor.py:641} INFO - Processing file /home/kennedy/KR/Programação/00.Estudos/DataEng/Alura/airflow-executores/venv/lib/python3.9/site-packages/airflow/example_dags/example_latest_only_with_trigger.py for tasks to queue
[2024-10-08 13:30:11,089] {logging_mixin.py:115} INFO - [2024-10-08 13:30:11,089] {dagbag.py:507} INFO - Filling up the DagBag from /home/kennedy/KR/Programação/00.Estudos/DataEng/Alura/airflow-executores/venv/lib/python3.9/site-packages/airflow/example_dags/example_latest_only_with_trigger.py
[2024-10-08 13:30:11,094] {processor.py:651} INFO - DAG(s) dict_keys(['latest_only_with_trigger']) retrieved from /home/kennedy/KR/Programação/00.Estudos/DataEng/Alura/airflow-executores/venv/lib/python3.9/site-packages/airflow/example_dags/example_latest_only_with_trigger.py
[2024-10-08 13:30:11,109] {logging_mixin.py:115} INFO - [2024-10-08 13:30:11,109] {dag.py:2379} INFO - Sync 1 DAGs
[2024-10-08 13:30:11,122] {logging_mixin.py:115} INFO - [2024-10-08 13:30:11,122] {dag.py:2927} INFO - Setting next_dagrun for latest_only_with_trigger to 2024-10-08T12:30:11.122529+00:00, run_after=2024-10-08T16:30:11.122529+00:00
[2024-10-08 13:30:11,220] {processor.py:161} INFO - Processing /home/kennedy/KR/Programação/00.Estudos/DataEng/Alura/airflow-executores/venv/lib/python3.9/site-packages/airflow/example_dags/example_latest_only_with_trigger.py took 0.146 seconds
[2024-10-08 13:31:10,420] {processor.py:153} INFO - Started process (PID=38625) to work on /home/kennedy/KR/Programação/00.Estudos/DataEng/Alura/airflow-executores/venv/lib/python3.9/site-packages/airflow/example_dags/example_latest_only_with_trigger.py
[2024-10-08 13:31:10,713] {processor.py:641} INFO - Processing file /home/kennedy/KR/Programação/00.Estudos/DataEng/Alura/airflow-executores/venv/lib/python3.9/site-packages/airflow/example_dags/example_latest_only_with_trigger.py for tasks to queue
[2024-10-08 13:31:10,715] {logging_mixin.py:115} INFO - [2024-10-08 13:31:10,715] {dagbag.py:507} INFO - Filling up the DagBag from /home/kennedy/KR/Programação/00.Estudos/DataEng/Alura/airflow-executores/venv/lib/python3.9/site-packages/airflow/example_dags/example_latest_only_with_trigger.py
[2024-10-08 13:31:10,728] {processor.py:651} INFO - DAG(s) dict_keys(['latest_only_with_trigger']) retrieved from /home/kennedy/KR/Programação/00.Estudos/DataEng/Alura/airflow-executores/venv/lib/python3.9/site-packages/airflow/example_dags/example_latest_only_with_trigger.py
[2024-10-08 13:31:10,770] {logging_mixin.py:115} INFO - [2024-10-08 13:31:10,770] {dag.py:2379} INFO - Sync 1 DAGs
[2024-10-08 13:31:10,798] {logging_mixin.py:115} INFO - [2024-10-08 13:31:10,798] {dag.py:2927} INFO - Setting next_dagrun for latest_only_with_trigger to 2024-10-08T12:31:10.797763+00:00, run_after=2024-10-08T16:31:10.797763+00:00
[2024-10-08 13:31:10,970] {processor.py:161} INFO - Processing /home/kennedy/KR/Programação/00.Estudos/DataEng/Alura/airflow-executores/venv/lib/python3.9/site-packages/airflow/example_dags/example_latest_only_with_trigger.py took 0.556 seconds
[2024-10-08 13:32:17,130] {processor.py:153} INFO - Started process (PID=38800) to work on /home/kennedy/KR/Programação/00.Estudos/DataEng/Alura/airflow-executores/venv/lib/python3.9/site-packages/airflow/example_dags/example_latest_only_with_trigger.py
[2024-10-08 13:32:17,301] {processor.py:641} INFO - Processing file /home/kennedy/KR/Programação/00.Estudos/DataEng/Alura/airflow-executores/venv/lib/python3.9/site-packages/airflow/example_dags/example_latest_only_with_trigger.py for tasks to queue
[2024-10-08 13:32:17,302] {logging_mixin.py:115} INFO - [2024-10-08 13:32:17,302] {dagbag.py:507} INFO - Filling up the DagBag from /home/kennedy/KR/Programação/00.Estudos/DataEng/Alura/airflow-executores/venv/lib/python3.9/site-packages/airflow/example_dags/example_latest_only_with_trigger.py
[2024-10-08 13:32:17,310] {processor.py:651} INFO - DAG(s) dict_keys(['latest_only_with_trigger']) retrieved from /home/kennedy/KR/Programação/00.Estudos/DataEng/Alura/airflow-executores/venv/lib/python3.9/site-packages/airflow/example_dags/example_latest_only_with_trigger.py
[2024-10-08 13:32:17,326] {logging_mixin.py:115} INFO - [2024-10-08 13:32:17,326] {dag.py:2379} INFO - Sync 1 DAGs
[2024-10-08 13:32:17,342] {logging_mixin.py:115} INFO - [2024-10-08 13:32:17,342] {dag.py:2927} INFO - Setting next_dagrun for latest_only_with_trigger to 2024-10-08T12:32:17.342364+00:00, run_after=2024-10-08T16:32:17.342364+00:00
[2024-10-08 13:32:17,600] {processor.py:161} INFO - Processing /home/kennedy/KR/Programação/00.Estudos/DataEng/Alura/airflow-executores/venv/lib/python3.9/site-packages/airflow/example_dags/example_latest_only_with_trigger.py took 0.473 seconds
[2024-10-08 13:33:37,263] {processor.py:153} INFO - Started process (PID=38910) to work on /home/kennedy/KR/Programação/00.Estudos/DataEng/Alura/airflow-executores/venv/lib/python3.9/site-packages/airflow/example_dags/example_latest_only_with_trigger.py
[2024-10-08 13:33:37,365] {processor.py:641} INFO - Processing file /home/kennedy/KR/Programação/00.Estudos/DataEng/Alura/airflow-executores/venv/lib/python3.9/site-packages/airflow/example_dags/example_latest_only_with_trigger.py for tasks to queue
[2024-10-08 13:33:37,366] {logging_mixin.py:115} INFO - [2024-10-08 13:33:37,366] {dagbag.py:507} INFO - Filling up the DagBag from /home/kennedy/KR/Programação/00.Estudos/DataEng/Alura/airflow-executores/venv/lib/python3.9/site-packages/airflow/example_dags/example_latest_only_with_trigger.py
[2024-10-08 13:33:37,380] {processor.py:651} INFO - DAG(s) dict_keys(['latest_only_with_trigger']) retrieved from /home/kennedy/KR/Programação/00.Estudos/DataEng/Alura/airflow-executores/venv/lib/python3.9/site-packages/airflow/example_dags/example_latest_only_with_trigger.py
[2024-10-08 13:33:37,414] {logging_mixin.py:115} INFO - [2024-10-08 13:33:37,414] {dag.py:2379} INFO - Sync 1 DAGs
[2024-10-08 13:33:37,435] {logging_mixin.py:115} INFO - [2024-10-08 13:33:37,435] {dag.py:2927} INFO - Setting next_dagrun for latest_only_with_trigger to 2024-10-08T12:33:37.435341+00:00, run_after=2024-10-08T16:33:37.435341+00:00
[2024-10-08 13:33:37,524] {processor.py:161} INFO - Processing /home/kennedy/KR/Programação/00.Estudos/DataEng/Alura/airflow-executores/venv/lib/python3.9/site-packages/airflow/example_dags/example_latest_only_with_trigger.py took 0.268 seconds
[2024-10-08 13:34:38,579] {processor.py:153} INFO - Started process (PID=38996) to work on /home/kennedy/KR/Programação/00.Estudos/DataEng/Alura/airflow-executores/venv/lib/python3.9/site-packages/airflow/example_dags/example_latest_only_with_trigger.py
[2024-10-08 13:34:38,663] {processor.py:641} INFO - Processing file /home/kennedy/KR/Programação/00.Estudos/DataEng/Alura/airflow-executores/venv/lib/python3.9/site-packages/airflow/example_dags/example_latest_only_with_trigger.py for tasks to queue
[2024-10-08 13:34:38,664] {logging_mixin.py:115} INFO - [2024-10-08 13:34:38,664] {dagbag.py:507} INFO - Filling up the DagBag from /home/kennedy/KR/Programação/00.Estudos/DataEng/Alura/airflow-executores/venv/lib/python3.9/site-packages/airflow/example_dags/example_latest_only_with_trigger.py
[2024-10-08 13:34:38,678] {processor.py:651} INFO - DAG(s) dict_keys(['latest_only_with_trigger']) retrieved from /home/kennedy/KR/Programação/00.Estudos/DataEng/Alura/airflow-executores/venv/lib/python3.9/site-packages/airflow/example_dags/example_latest_only_with_trigger.py
[2024-10-08 13:34:38,702] {logging_mixin.py:115} INFO - [2024-10-08 13:34:38,702] {dag.py:2379} INFO - Sync 1 DAGs
[2024-10-08 13:34:38,717] {logging_mixin.py:115} INFO - [2024-10-08 13:34:38,717] {dag.py:2927} INFO - Setting next_dagrun for latest_only_with_trigger to 2024-10-08T12:34:38.717174+00:00, run_after=2024-10-08T16:34:38.717174+00:00
[2024-10-08 13:34:39,233] {processor.py:161} INFO - Processing /home/kennedy/KR/Programação/00.Estudos/DataEng/Alura/airflow-executores/venv/lib/python3.9/site-packages/airflow/example_dags/example_latest_only_with_trigger.py took 0.661 seconds
[2024-10-08 16:36:57,205] {processor.py:153} INFO - Started process (PID=16689) to work on /home/kennedy/KR/Programação/00.Estudos/DataEng/Alura/airflow-executores/venv/lib/python3.9/site-packages/airflow/example_dags/example_latest_only_with_trigger.py
[2024-10-08 16:36:57,206] {processor.py:641} INFO - Processing file /home/kennedy/KR/Programação/00.Estudos/DataEng/Alura/airflow-executores/venv/lib/python3.9/site-packages/airflow/example_dags/example_latest_only_with_trigger.py for tasks to queue
[2024-10-08 16:36:57,207] {logging_mixin.py:115} INFO - [2024-10-08 16:36:57,207] {dagbag.py:507} INFO - Filling up the DagBag from /home/kennedy/KR/Programação/00.Estudos/DataEng/Alura/airflow-executores/venv/lib/python3.9/site-packages/airflow/example_dags/example_latest_only_with_trigger.py
[2024-10-08 16:36:57,216] {processor.py:651} INFO - DAG(s) dict_keys(['latest_only_with_trigger']) retrieved from /home/kennedy/KR/Programação/00.Estudos/DataEng/Alura/airflow-executores/venv/lib/python3.9/site-packages/airflow/example_dags/example_latest_only_with_trigger.py
[2024-10-08 16:36:57,259] {logging_mixin.py:115} INFO - [2024-10-08 16:36:57,259] {dag.py:2379} INFO - Sync 1 DAGs
[2024-10-08 16:36:57,270] {logging_mixin.py:115} INFO - [2024-10-08 16:36:57,270] {dag.py:2927} INFO - Setting next_dagrun for latest_only_with_trigger to 2024-10-08T15:36:57.270483+00:00, run_after=2024-10-08T19:36:57.270483+00:00
[2024-10-08 16:36:57,438] {processor.py:161} INFO - Processing /home/kennedy/KR/Programação/00.Estudos/DataEng/Alura/airflow-executores/venv/lib/python3.9/site-packages/airflow/example_dags/example_latest_only_with_trigger.py took 0.238 seconds
[2024-10-08 16:37:40,404] {processor.py:153} INFO - Started process (PID=16799) to work on /home/kennedy/KR/Programação/00.Estudos/DataEng/Alura/airflow-executores/venv/lib/python3.9/site-packages/airflow/example_dags/example_latest_only_with_trigger.py
[2024-10-08 16:37:40,420] {processor.py:641} INFO - Processing file /home/kennedy/KR/Programação/00.Estudos/DataEng/Alura/airflow-executores/venv/lib/python3.9/site-packages/airflow/example_dags/example_latest_only_with_trigger.py for tasks to queue
[2024-10-08 16:37:40,421] {logging_mixin.py:115} INFO - [2024-10-08 16:37:40,421] {dagbag.py:507} INFO - Filling up the DagBag from /home/kennedy/KR/Programação/00.Estudos/DataEng/Alura/airflow-executores/venv/lib/python3.9/site-packages/airflow/example_dags/example_latest_only_with_trigger.py
[2024-10-08 16:37:40,433] {processor.py:651} INFO - DAG(s) dict_keys(['latest_only_with_trigger']) retrieved from /home/kennedy/KR/Programação/00.Estudos/DataEng/Alura/airflow-executores/venv/lib/python3.9/site-packages/airflow/example_dags/example_latest_only_with_trigger.py
[2024-10-08 16:37:40,455] {logging_mixin.py:115} INFO - [2024-10-08 16:37:40,455] {dag.py:2379} INFO - Sync 1 DAGs
[2024-10-08 16:37:40,473] {logging_mixin.py:115} INFO - [2024-10-08 16:37:40,472] {dag.py:2927} INFO - Setting next_dagrun for latest_only_with_trigger to 2024-10-08T15:37:40.472718+00:00, run_after=2024-10-08T19:37:40.472718+00:00
[2024-10-08 16:37:40,879] {processor.py:161} INFO - Processing /home/kennedy/KR/Programação/00.Estudos/DataEng/Alura/airflow-executores/venv/lib/python3.9/site-packages/airflow/example_dags/example_latest_only_with_trigger.py took 0.483 seconds
[2024-10-08 16:39:12,274] {processor.py:153} INFO - Started process (PID=17475) to work on /home/kennedy/KR/Programação/00.Estudos/DataEng/Alura/airflow-executores/venv/lib/python3.9/site-packages/airflow/example_dags/example_latest_only_with_trigger.py
[2024-10-08 16:39:12,276] {processor.py:641} INFO - Processing file /home/kennedy/KR/Programação/00.Estudos/DataEng/Alura/airflow-executores/venv/lib/python3.9/site-packages/airflow/example_dags/example_latest_only_with_trigger.py for tasks to queue
[2024-10-08 16:39:12,278] {logging_mixin.py:115} INFO - [2024-10-08 16:39:12,277] {dagbag.py:507} INFO - Filling up the DagBag from /home/kennedy/KR/Programação/00.Estudos/DataEng/Alura/airflow-executores/venv/lib/python3.9/site-packages/airflow/example_dags/example_latest_only_with_trigger.py
[2024-10-08 16:39:12,299] {processor.py:651} INFO - DAG(s) dict_keys(['latest_only_with_trigger']) retrieved from /home/kennedy/KR/Programação/00.Estudos/DataEng/Alura/airflow-executores/venv/lib/python3.9/site-packages/airflow/example_dags/example_latest_only_with_trigger.py
[2024-10-08 16:39:12,325] {logging_mixin.py:115} INFO - [2024-10-08 16:39:12,324] {dag.py:2379} INFO - Sync 1 DAGs
[2024-10-08 16:39:12,350] {logging_mixin.py:115} INFO - [2024-10-08 16:39:12,350] {dag.py:2927} INFO - Setting next_dagrun for latest_only_with_trigger to 2024-10-08T15:39:12.350412+00:00, run_after=2024-10-08T19:39:12.350412+00:00
[2024-10-08 16:39:12,440] {processor.py:161} INFO - Processing /home/kennedy/KR/Programação/00.Estudos/DataEng/Alura/airflow-executores/venv/lib/python3.9/site-packages/airflow/example_dags/example_latest_only_with_trigger.py took 0.177 seconds
[2024-10-08 16:41:38,009] {processor.py:153} INFO - Started process (PID=18043) to work on /home/kennedy/KR/Programação/00.Estudos/DataEng/Alura/airflow-executores/venv/lib/python3.9/site-packages/airflow/example_dags/example_latest_only_with_trigger.py
[2024-10-08 16:41:38,011] {processor.py:641} INFO - Processing file /home/kennedy/KR/Programação/00.Estudos/DataEng/Alura/airflow-executores/venv/lib/python3.9/site-packages/airflow/example_dags/example_latest_only_with_trigger.py for tasks to queue
[2024-10-08 16:41:38,012] {logging_mixin.py:115} INFO - [2024-10-08 16:41:38,012] {dagbag.py:507} INFO - Filling up the DagBag from /home/kennedy/KR/Programação/00.Estudos/DataEng/Alura/airflow-executores/venv/lib/python3.9/site-packages/airflow/example_dags/example_latest_only_with_trigger.py
[2024-10-08 16:41:38,025] {processor.py:651} INFO - DAG(s) dict_keys(['latest_only_with_trigger']) retrieved from /home/kennedy/KR/Programação/00.Estudos/DataEng/Alura/airflow-executores/venv/lib/python3.9/site-packages/airflow/example_dags/example_latest_only_with_trigger.py
[2024-10-08 16:41:38,065] {logging_mixin.py:115} INFO - [2024-10-08 16:41:38,065] {dag.py:2379} INFO - Sync 1 DAGs
[2024-10-08 16:41:38,101] {logging_mixin.py:115} INFO - [2024-10-08 16:41:38,101] {dag.py:2927} INFO - Setting next_dagrun for latest_only_with_trigger to 2024-10-08T15:41:38.100491+00:00, run_after=2024-10-08T19:41:38.100491+00:00
[2024-10-08 16:41:39,351] {processor.py:161} INFO - Processing /home/kennedy/KR/Programação/00.Estudos/DataEng/Alura/airflow-executores/venv/lib/python3.9/site-packages/airflow/example_dags/example_latest_only_with_trigger.py took 1.347 seconds
[2024-10-08 16:43:00,112] {processor.py:153} INFO - Started process (PID=18214) to work on /home/kennedy/KR/Programação/00.Estudos/DataEng/Alura/airflow-executores/venv/lib/python3.9/site-packages/airflow/example_dags/example_latest_only_with_trigger.py
[2024-10-08 16:43:00,277] {processor.py:641} INFO - Processing file /home/kennedy/KR/Programação/00.Estudos/DataEng/Alura/airflow-executores/venv/lib/python3.9/site-packages/airflow/example_dags/example_latest_only_with_trigger.py for tasks to queue
[2024-10-08 16:43:00,279] {logging_mixin.py:115} INFO - [2024-10-08 16:43:00,278] {dagbag.py:507} INFO - Filling up the DagBag from /home/kennedy/KR/Programação/00.Estudos/DataEng/Alura/airflow-executores/venv/lib/python3.9/site-packages/airflow/example_dags/example_latest_only_with_trigger.py
[2024-10-08 16:43:00,292] {processor.py:651} INFO - DAG(s) dict_keys(['latest_only_with_trigger']) retrieved from /home/kennedy/KR/Programação/00.Estudos/DataEng/Alura/airflow-executores/venv/lib/python3.9/site-packages/airflow/example_dags/example_latest_only_with_trigger.py
[2024-10-08 16:43:00,319] {logging_mixin.py:115} INFO - [2024-10-08 16:43:00,319] {dag.py:2379} INFO - Sync 1 DAGs
[2024-10-08 16:43:00,335] {logging_mixin.py:115} INFO - [2024-10-08 16:43:00,335] {dag.py:2927} INFO - Setting next_dagrun for latest_only_with_trigger to 2024-10-08T15:43:00.334755+00:00, run_after=2024-10-08T19:43:00.334755+00:00
[2024-10-08 16:43:00,643] {processor.py:161} INFO - Processing /home/kennedy/KR/Programação/00.Estudos/DataEng/Alura/airflow-executores/venv/lib/python3.9/site-packages/airflow/example_dags/example_latest_only_with_trigger.py took 0.537 seconds
[2024-10-08 16:44:15,534] {processor.py:153} INFO - Started process (PID=18263) to work on /home/kennedy/KR/Programação/00.Estudos/DataEng/Alura/airflow-executores/venv/lib/python3.9/site-packages/airflow/example_dags/example_latest_only_with_trigger.py
[2024-10-08 16:44:15,674] {processor.py:641} INFO - Processing file /home/kennedy/KR/Programação/00.Estudos/DataEng/Alura/airflow-executores/venv/lib/python3.9/site-packages/airflow/example_dags/example_latest_only_with_trigger.py for tasks to queue
[2024-10-08 16:44:15,674] {logging_mixin.py:115} INFO - [2024-10-08 16:44:15,674] {dagbag.py:507} INFO - Filling up the DagBag from /home/kennedy/KR/Programação/00.Estudos/DataEng/Alura/airflow-executores/venv/lib/python3.9/site-packages/airflow/example_dags/example_latest_only_with_trigger.py
[2024-10-08 16:44:15,681] {processor.py:651} INFO - DAG(s) dict_keys(['latest_only_with_trigger']) retrieved from /home/kennedy/KR/Programação/00.Estudos/DataEng/Alura/airflow-executores/venv/lib/python3.9/site-packages/airflow/example_dags/example_latest_only_with_trigger.py
[2024-10-08 16:44:15,699] {logging_mixin.py:115} INFO - [2024-10-08 16:44:15,699] {dag.py:2379} INFO - Sync 1 DAGs
[2024-10-08 16:44:15,716] {logging_mixin.py:115} INFO - [2024-10-08 16:44:15,716] {dag.py:2927} INFO - Setting next_dagrun for latest_only_with_trigger to 2024-10-08T15:44:15.715867+00:00, run_after=2024-10-08T19:44:15.715867+00:00
[2024-10-08 16:44:16,207] {processor.py:161} INFO - Processing /home/kennedy/KR/Programação/00.Estudos/DataEng/Alura/airflow-executores/venv/lib/python3.9/site-packages/airflow/example_dags/example_latest_only_with_trigger.py took 0.675 seconds
[2024-10-08 16:46:50,069] {processor.py:153} INFO - Started process (PID=19002) to work on /home/kennedy/KR/Programação/00.Estudos/DataEng/Alura/airflow-executores/venv/lib/python3.9/site-packages/airflow/example_dags/example_latest_only_with_trigger.py
[2024-10-08 16:46:50,121] {processor.py:641} INFO - Processing file /home/kennedy/KR/Programação/00.Estudos/DataEng/Alura/airflow-executores/venv/lib/python3.9/site-packages/airflow/example_dags/example_latest_only_with_trigger.py for tasks to queue
[2024-10-08 16:46:50,122] {logging_mixin.py:115} INFO - [2024-10-08 16:46:50,122] {dagbag.py:507} INFO - Filling up the DagBag from /home/kennedy/KR/Programação/00.Estudos/DataEng/Alura/airflow-executores/venv/lib/python3.9/site-packages/airflow/example_dags/example_latest_only_with_trigger.py
[2024-10-08 16:46:50,135] {processor.py:651} INFO - DAG(s) dict_keys(['latest_only_with_trigger']) retrieved from /home/kennedy/KR/Programação/00.Estudos/DataEng/Alura/airflow-executores/venv/lib/python3.9/site-packages/airflow/example_dags/example_latest_only_with_trigger.py
[2024-10-08 16:46:50,161] {logging_mixin.py:115} INFO - [2024-10-08 16:46:50,161] {dag.py:2379} INFO - Sync 1 DAGs
[2024-10-08 16:46:50,176] {logging_mixin.py:115} INFO - [2024-10-08 16:46:50,176] {dag.py:2927} INFO - Setting next_dagrun for latest_only_with_trigger to 2024-10-08T15:46:50.176078+00:00, run_after=2024-10-08T19:46:50.176078+00:00
[2024-10-08 16:46:51,414] {processor.py:161} INFO - Processing /home/kennedy/KR/Programação/00.Estudos/DataEng/Alura/airflow-executores/venv/lib/python3.9/site-packages/airflow/example_dags/example_latest_only_with_trigger.py took 1.352 seconds
[2024-10-08 16:48:15,383] {processor.py:153} INFO - Started process (PID=19233) to work on /home/kennedy/KR/Programação/00.Estudos/DataEng/Alura/airflow-executores/venv/lib/python3.9/site-packages/airflow/example_dags/example_latest_only_with_trigger.py
[2024-10-08 16:48:15,544] {processor.py:641} INFO - Processing file /home/kennedy/KR/Programação/00.Estudos/DataEng/Alura/airflow-executores/venv/lib/python3.9/site-packages/airflow/example_dags/example_latest_only_with_trigger.py for tasks to queue
[2024-10-08 16:48:15,545] {logging_mixin.py:115} INFO - [2024-10-08 16:48:15,545] {dagbag.py:507} INFO - Filling up the DagBag from /home/kennedy/KR/Programação/00.Estudos/DataEng/Alura/airflow-executores/venv/lib/python3.9/site-packages/airflow/example_dags/example_latest_only_with_trigger.py
[2024-10-08 16:48:15,558] {processor.py:651} INFO - DAG(s) dict_keys(['latest_only_with_trigger']) retrieved from /home/kennedy/KR/Programação/00.Estudos/DataEng/Alura/airflow-executores/venv/lib/python3.9/site-packages/airflow/example_dags/example_latest_only_with_trigger.py
[2024-10-08 16:48:15,586] {logging_mixin.py:115} INFO - [2024-10-08 16:48:15,586] {dag.py:2379} INFO - Sync 1 DAGs
[2024-10-08 16:48:15,601] {logging_mixin.py:115} INFO - [2024-10-08 16:48:15,601] {dag.py:2927} INFO - Setting next_dagrun for latest_only_with_trigger to 2024-10-08T15:48:15.600930+00:00, run_after=2024-10-08T19:48:15.600930+00:00
[2024-10-08 16:48:16,358] {processor.py:161} INFO - Processing /home/kennedy/KR/Programação/00.Estudos/DataEng/Alura/airflow-executores/venv/lib/python3.9/site-packages/airflow/example_dags/example_latest_only_with_trigger.py took 0.981 seconds
[2024-10-08 16:49:24,058] {processor.py:153} INFO - Started process (PID=19313) to work on /home/kennedy/KR/Programação/00.Estudos/DataEng/Alura/airflow-executores/venv/lib/python3.9/site-packages/airflow/example_dags/example_latest_only_with_trigger.py
[2024-10-08 16:49:24,066] {processor.py:641} INFO - Processing file /home/kennedy/KR/Programação/00.Estudos/DataEng/Alura/airflow-executores/venv/lib/python3.9/site-packages/airflow/example_dags/example_latest_only_with_trigger.py for tasks to queue
[2024-10-08 16:49:24,067] {logging_mixin.py:115} INFO - [2024-10-08 16:49:24,067] {dagbag.py:507} INFO - Filling up the DagBag from /home/kennedy/KR/Programação/00.Estudos/DataEng/Alura/airflow-executores/venv/lib/python3.9/site-packages/airflow/example_dags/example_latest_only_with_trigger.py
[2024-10-08 16:49:24,073] {processor.py:651} INFO - DAG(s) dict_keys(['latest_only_with_trigger']) retrieved from /home/kennedy/KR/Programação/00.Estudos/DataEng/Alura/airflow-executores/venv/lib/python3.9/site-packages/airflow/example_dags/example_latest_only_with_trigger.py
[2024-10-08 16:49:24,085] {logging_mixin.py:115} INFO - [2024-10-08 16:49:24,085] {dag.py:2379} INFO - Sync 1 DAGs
[2024-10-08 16:49:24,099] {logging_mixin.py:115} INFO - [2024-10-08 16:49:24,099] {dag.py:2927} INFO - Setting next_dagrun for latest_only_with_trigger to 2024-10-08T15:49:24.099484+00:00, run_after=2024-10-08T19:49:24.099484+00:00
[2024-10-08 16:49:25,647] {processor.py:161} INFO - Processing /home/kennedy/KR/Programação/00.Estudos/DataEng/Alura/airflow-executores/venv/lib/python3.9/site-packages/airflow/example_dags/example_latest_only_with_trigger.py took 1.592 seconds
[2024-10-08 16:53:06,484] {processor.py:153} INFO - Started process (PID=21546) to work on /home/kennedy/KR/Programação/00.Estudos/DataEng/Alura/airflow-executores/venv/lib/python3.9/site-packages/airflow/example_dags/example_latest_only_with_trigger.py
[2024-10-08 16:53:06,489] {processor.py:641} INFO - Processing file /home/kennedy/KR/Programação/00.Estudos/DataEng/Alura/airflow-executores/venv/lib/python3.9/site-packages/airflow/example_dags/example_latest_only_with_trigger.py for tasks to queue
[2024-10-08 16:53:06,490] {logging_mixin.py:115} INFO - [2024-10-08 16:53:06,490] {dagbag.py:507} INFO - Filling up the DagBag from /home/kennedy/KR/Programação/00.Estudos/DataEng/Alura/airflow-executores/venv/lib/python3.9/site-packages/airflow/example_dags/example_latest_only_with_trigger.py
[2024-10-08 16:53:06,500] {processor.py:651} INFO - DAG(s) dict_keys(['latest_only_with_trigger']) retrieved from /home/kennedy/KR/Programação/00.Estudos/DataEng/Alura/airflow-executores/venv/lib/python3.9/site-packages/airflow/example_dags/example_latest_only_with_trigger.py
[2024-10-08 16:53:06,518] {logging_mixin.py:115} INFO - [2024-10-08 16:53:06,518] {dag.py:2379} INFO - Sync 1 DAGs
[2024-10-08 16:53:06,530] {logging_mixin.py:115} INFO - [2024-10-08 16:53:06,530] {dag.py:2927} INFO - Setting next_dagrun for latest_only_with_trigger to 2024-10-08T15:53:06.530637+00:00, run_after=2024-10-08T19:53:06.530637+00:00
[2024-10-08 16:53:06,830] {processor.py:161} INFO - Processing /home/kennedy/KR/Programação/00.Estudos/DataEng/Alura/airflow-executores/venv/lib/python3.9/site-packages/airflow/example_dags/example_latest_only_with_trigger.py took 0.351 seconds
[2024-10-08 17:22:48,549] {processor.py:153} INFO - Started process (PID=40095) to work on /home/kennedy/KR/Programação/00.Estudos/DataEng/Alura/airflow-executores/venv/lib/python3.9/site-packages/airflow/example_dags/example_latest_only_with_trigger.py
[2024-10-08 17:22:48,578] {processor.py:641} INFO - Processing file /home/kennedy/KR/Programação/00.Estudos/DataEng/Alura/airflow-executores/venv/lib/python3.9/site-packages/airflow/example_dags/example_latest_only_with_trigger.py for tasks to queue
[2024-10-08 17:22:48,579] {logging_mixin.py:115} INFO - [2024-10-08 17:22:48,579] {dagbag.py:507} INFO - Filling up the DagBag from /home/kennedy/KR/Programação/00.Estudos/DataEng/Alura/airflow-executores/venv/lib/python3.9/site-packages/airflow/example_dags/example_latest_only_with_trigger.py
[2024-10-08 17:22:48,591] {processor.py:651} INFO - DAG(s) dict_keys(['latest_only_with_trigger']) retrieved from /home/kennedy/KR/Programação/00.Estudos/DataEng/Alura/airflow-executores/venv/lib/python3.9/site-packages/airflow/example_dags/example_latest_only_with_trigger.py
[2024-10-08 17:22:48,614] {logging_mixin.py:115} INFO - [2024-10-08 17:22:48,614] {dag.py:2379} INFO - Sync 1 DAGs
[2024-10-08 17:22:48,628] {logging_mixin.py:115} INFO - [2024-10-08 17:22:48,628] {dag.py:2927} INFO - Setting next_dagrun for latest_only_with_trigger to 2024-10-08T16:22:48.628134+00:00, run_after=2024-10-08T20:22:48.628134+00:00
[2024-10-08 17:22:48,845] {processor.py:161} INFO - Processing /home/kennedy/KR/Programação/00.Estudos/DataEng/Alura/airflow-executores/venv/lib/python3.9/site-packages/airflow/example_dags/example_latest_only_with_trigger.py took 0.302 seconds
