[2024-10-08 13:22:28,687] {processor.py:153} INFO - Started process (PID=37352) to work on /home/kennedy/KR/Programação/00.Estudos/DataEng/Alura/airflow-executores/venv/lib/python3.9/site-packages/airflow/example_dags/example_xcomargs.py
[2024-10-08 13:22:28,688] {processor.py:641} INFO - Processing file /home/kennedy/KR/Programação/00.Estudos/DataEng/Alura/airflow-executores/venv/lib/python3.9/site-packages/airflow/example_dags/example_xcomargs.py for tasks to queue
[2024-10-08 13:22:28,689] {logging_mixin.py:115} INFO - [2024-10-08 13:22:28,689] {dagbag.py:507} INFO - Filling up the DagBag from /home/kennedy/KR/Programação/00.Estudos/DataEng/Alura/airflow-executores/venv/lib/python3.9/site-packages/airflow/example_dags/example_xcomargs.py
[2024-10-08 13:22:28,713] {processor.py:651} INFO - DAG(s) dict_keys(['example_xcom_args', 'example_xcom_args_with_operators']) retrieved from /home/kennedy/KR/Programação/00.Estudos/DataEng/Alura/airflow-executores/venv/lib/python3.9/site-packages/airflow/example_dags/example_xcomargs.py
[2024-10-08 13:22:31,306] {logging_mixin.py:115} INFO - [2024-10-08 13:22:31,305] {manager.py:508} INFO - Created Permission View: can delete on DAG:example_xcom_args
[2024-10-08 13:22:31,774] {logging_mixin.py:115} INFO - [2024-10-08 13:22:31,773] {manager.py:508} INFO - Created Permission View: can read on DAG:example_xcom_args
[2024-10-08 13:22:31,863] {logging_mixin.py:115} INFO - [2024-10-08 13:22:31,863] {manager.py:508} INFO - Created Permission View: can edit on DAG:example_xcom_args
[2024-10-08 13:22:32,048] {logging_mixin.py:115} INFO - [2024-10-08 13:22:32,048] {manager.py:508} INFO - Created Permission View: can delete on DAG:example_xcom_args_with_operators
[2024-10-08 13:22:32,253] {logging_mixin.py:115} INFO - [2024-10-08 13:22:32,253] {manager.py:508} INFO - Created Permission View: can read on DAG:example_xcom_args_with_operators
[2024-10-08 13:22:32,343] {logging_mixin.py:115} INFO - [2024-10-08 13:22:32,342] {manager.py:508} INFO - Created Permission View: can edit on DAG:example_xcom_args_with_operators
[2024-10-08 13:22:32,343] {logging_mixin.py:115} INFO - [2024-10-08 13:22:32,343] {dag.py:2379} INFO - Sync 2 DAGs
[2024-10-08 13:22:32,359] {logging_mixin.py:115} INFO - [2024-10-08 13:22:32,359] {dag.py:2398} INFO - Creating ORM DAG for example_xcom_args_with_operators
[2024-10-08 13:22:32,360] {logging_mixin.py:115} INFO - [2024-10-08 13:22:32,360] {dag.py:2398} INFO - Creating ORM DAG for example_xcom_args
[2024-10-08 13:22:32,377] {logging_mixin.py:115} INFO - [2024-10-08 13:22:32,377] {dag.py:2927} INFO - Setting next_dagrun for example_xcom_args to None, run_after=None
[2024-10-08 13:22:32,378] {logging_mixin.py:115} INFO - [2024-10-08 13:22:32,378] {dag.py:2927} INFO - Setting next_dagrun for example_xcom_args_with_operators to None, run_after=None
[2024-10-08 13:22:32,648] {processor.py:161} INFO - Processing /home/kennedy/KR/Programação/00.Estudos/DataEng/Alura/airflow-executores/venv/lib/python3.9/site-packages/airflow/example_dags/example_xcomargs.py took 3.967 seconds
[2024-10-08 13:24:49,796] {processor.py:153} INFO - Started process (PID=37715) to work on /home/kennedy/KR/Programação/00.Estudos/DataEng/Alura/airflow-executores/venv/lib/python3.9/site-packages/airflow/example_dags/example_xcomargs.py
[2024-10-08 13:24:50,001] {processor.py:641} INFO - Processing file /home/kennedy/KR/Programação/00.Estudos/DataEng/Alura/airflow-executores/venv/lib/python3.9/site-packages/airflow/example_dags/example_xcomargs.py for tasks to queue
[2024-10-08 13:24:50,003] {logging_mixin.py:115} INFO - [2024-10-08 13:24:50,002] {dagbag.py:507} INFO - Filling up the DagBag from /home/kennedy/KR/Programação/00.Estudos/DataEng/Alura/airflow-executores/venv/lib/python3.9/site-packages/airflow/example_dags/example_xcomargs.py
[2024-10-08 13:24:50,027] {processor.py:651} INFO - DAG(s) dict_keys(['example_xcom_args', 'example_xcom_args_with_operators']) retrieved from /home/kennedy/KR/Programação/00.Estudos/DataEng/Alura/airflow-executores/venv/lib/python3.9/site-packages/airflow/example_dags/example_xcomargs.py
[2024-10-08 13:24:50,087] {logging_mixin.py:115} INFO - [2024-10-08 13:24:50,087] {dag.py:2379} INFO - Sync 2 DAGs
[2024-10-08 13:24:50,105] {logging_mixin.py:115} INFO - [2024-10-08 13:24:50,105] {dag.py:2927} INFO - Setting next_dagrun for example_xcom_args to None, run_after=None
[2024-10-08 13:24:50,105] {logging_mixin.py:115} INFO - [2024-10-08 13:24:50,105] {dag.py:2927} INFO - Setting next_dagrun for example_xcom_args_with_operators to None, run_after=None
[2024-10-08 13:24:52,226] {processor.py:161} INFO - Processing /home/kennedy/KR/Programação/00.Estudos/DataEng/Alura/airflow-executores/venv/lib/python3.9/site-packages/airflow/example_dags/example_xcomargs.py took 2.435 seconds
[2024-10-08 13:25:45,998] {processor.py:153} INFO - Started process (PID=37786) to work on /home/kennedy/KR/Programação/00.Estudos/DataEng/Alura/airflow-executores/venv/lib/python3.9/site-packages/airflow/example_dags/example_xcomargs.py
[2024-10-08 13:25:46,936] {processor.py:641} INFO - Processing file /home/kennedy/KR/Programação/00.Estudos/DataEng/Alura/airflow-executores/venv/lib/python3.9/site-packages/airflow/example_dags/example_xcomargs.py for tasks to queue
[2024-10-08 13:25:46,937] {logging_mixin.py:115} INFO - [2024-10-08 13:25:46,937] {dagbag.py:507} INFO - Filling up the DagBag from /home/kennedy/KR/Programação/00.Estudos/DataEng/Alura/airflow-executores/venv/lib/python3.9/site-packages/airflow/example_dags/example_xcomargs.py
[2024-10-08 13:25:46,975] {processor.py:651} INFO - DAG(s) dict_keys(['example_xcom_args', 'example_xcom_args_with_operators']) retrieved from /home/kennedy/KR/Programação/00.Estudos/DataEng/Alura/airflow-executores/venv/lib/python3.9/site-packages/airflow/example_dags/example_xcomargs.py
[2024-10-08 13:25:46,992] {logging_mixin.py:115} INFO - [2024-10-08 13:25:46,992] {dag.py:2379} INFO - Sync 2 DAGs
[2024-10-08 13:25:47,008] {logging_mixin.py:115} INFO - [2024-10-08 13:25:47,008] {dag.py:2927} INFO - Setting next_dagrun for example_xcom_args to None, run_after=None
[2024-10-08 13:25:47,008] {logging_mixin.py:115} INFO - [2024-10-08 13:25:47,008] {dag.py:2927} INFO - Setting next_dagrun for example_xcom_args_with_operators to None, run_after=None
[2024-10-08 13:25:49,262] {processor.py:161} INFO - Processing /home/kennedy/KR/Programação/00.Estudos/DataEng/Alura/airflow-executores/venv/lib/python3.9/site-packages/airflow/example_dags/example_xcomargs.py took 3.271 seconds
[2024-10-08 13:26:44,711] {processor.py:153} INFO - Started process (PID=37835) to work on /home/kennedy/KR/Programação/00.Estudos/DataEng/Alura/airflow-executores/venv/lib/python3.9/site-packages/airflow/example_dags/example_xcomargs.py
[2024-10-08 13:26:44,719] {processor.py:641} INFO - Processing file /home/kennedy/KR/Programação/00.Estudos/DataEng/Alura/airflow-executores/venv/lib/python3.9/site-packages/airflow/example_dags/example_xcomargs.py for tasks to queue
[2024-10-08 13:26:44,720] {logging_mixin.py:115} INFO - [2024-10-08 13:26:44,720] {dagbag.py:507} INFO - Filling up the DagBag from /home/kennedy/KR/Programação/00.Estudos/DataEng/Alura/airflow-executores/venv/lib/python3.9/site-packages/airflow/example_dags/example_xcomargs.py
[2024-10-08 13:26:44,748] {processor.py:651} INFO - DAG(s) dict_keys(['example_xcom_args', 'example_xcom_args_with_operators']) retrieved from /home/kennedy/KR/Programação/00.Estudos/DataEng/Alura/airflow-executores/venv/lib/python3.9/site-packages/airflow/example_dags/example_xcomargs.py
[2024-10-08 13:26:44,762] {logging_mixin.py:115} INFO - [2024-10-08 13:26:44,762] {dag.py:2379} INFO - Sync 2 DAGs
[2024-10-08 13:26:44,779] {logging_mixin.py:115} INFO - [2024-10-08 13:26:44,779] {dag.py:2927} INFO - Setting next_dagrun for example_xcom_args to None, run_after=None
[2024-10-08 13:26:44,780] {logging_mixin.py:115} INFO - [2024-10-08 13:26:44,780] {dag.py:2927} INFO - Setting next_dagrun for example_xcom_args_with_operators to None, run_after=None
[2024-10-08 13:26:46,886] {processor.py:161} INFO - Processing /home/kennedy/KR/Programação/00.Estudos/DataEng/Alura/airflow-executores/venv/lib/python3.9/site-packages/airflow/example_dags/example_xcomargs.py took 2.181 seconds
[2024-10-08 13:27:38,258] {processor.py:153} INFO - Started process (PID=37970) to work on /home/kennedy/KR/Programação/00.Estudos/DataEng/Alura/airflow-executores/venv/lib/python3.9/site-packages/airflow/example_dags/example_xcomargs.py
[2024-10-08 13:27:38,267] {processor.py:641} INFO - Processing file /home/kennedy/KR/Programação/00.Estudos/DataEng/Alura/airflow-executores/venv/lib/python3.9/site-packages/airflow/example_dags/example_xcomargs.py for tasks to queue
[2024-10-08 13:27:38,269] {logging_mixin.py:115} INFO - [2024-10-08 13:27:38,268] {dagbag.py:507} INFO - Filling up the DagBag from /home/kennedy/KR/Programação/00.Estudos/DataEng/Alura/airflow-executores/venv/lib/python3.9/site-packages/airflow/example_dags/example_xcomargs.py
[2024-10-08 13:27:38,300] {processor.py:651} INFO - DAG(s) dict_keys(['example_xcom_args', 'example_xcom_args_with_operators']) retrieved from /home/kennedy/KR/Programação/00.Estudos/DataEng/Alura/airflow-executores/venv/lib/python3.9/site-packages/airflow/example_dags/example_xcomargs.py
[2024-10-08 13:27:38,337] {logging_mixin.py:115} INFO - [2024-10-08 13:27:38,337] {dag.py:2379} INFO - Sync 2 DAGs
[2024-10-08 13:27:38,349] {logging_mixin.py:115} INFO - [2024-10-08 13:27:38,349] {dag.py:2927} INFO - Setting next_dagrun for example_xcom_args to None, run_after=None
[2024-10-08 13:27:38,349] {logging_mixin.py:115} INFO - [2024-10-08 13:27:38,349] {dag.py:2927} INFO - Setting next_dagrun for example_xcom_args_with_operators to None, run_after=None
[2024-10-08 13:27:39,680] {processor.py:161} INFO - Processing /home/kennedy/KR/Programação/00.Estudos/DataEng/Alura/airflow-executores/venv/lib/python3.9/site-packages/airflow/example_dags/example_xcomargs.py took 1.429 seconds
[2024-10-08 13:28:48,328] {processor.py:153} INFO - Started process (PID=38122) to work on /home/kennedy/KR/Programação/00.Estudos/DataEng/Alura/airflow-executores/venv/lib/python3.9/site-packages/airflow/example_dags/example_xcomargs.py
[2024-10-08 13:28:48,610] {processor.py:641} INFO - Processing file /home/kennedy/KR/Programação/00.Estudos/DataEng/Alura/airflow-executores/venv/lib/python3.9/site-packages/airflow/example_dags/example_xcomargs.py for tasks to queue
[2024-10-08 13:28:48,611] {logging_mixin.py:115} INFO - [2024-10-08 13:28:48,611] {dagbag.py:507} INFO - Filling up the DagBag from /home/kennedy/KR/Programação/00.Estudos/DataEng/Alura/airflow-executores/venv/lib/python3.9/site-packages/airflow/example_dags/example_xcomargs.py
[2024-10-08 13:28:48,629] {processor.py:651} INFO - DAG(s) dict_keys(['example_xcom_args', 'example_xcom_args_with_operators']) retrieved from /home/kennedy/KR/Programação/00.Estudos/DataEng/Alura/airflow-executores/venv/lib/python3.9/site-packages/airflow/example_dags/example_xcomargs.py
[2024-10-08 13:28:48,645] {logging_mixin.py:115} INFO - [2024-10-08 13:28:48,645] {dag.py:2379} INFO - Sync 2 DAGs
[2024-10-08 13:28:48,666] {logging_mixin.py:115} INFO - [2024-10-08 13:28:48,666] {dag.py:2927} INFO - Setting next_dagrun for example_xcom_args to None, run_after=None
[2024-10-08 13:28:48,666] {logging_mixin.py:115} INFO - [2024-10-08 13:28:48,666] {dag.py:2927} INFO - Setting next_dagrun for example_xcom_args_with_operators to None, run_after=None
[2024-10-08 13:28:49,020] {processor.py:161} INFO - Processing /home/kennedy/KR/Programação/00.Estudos/DataEng/Alura/airflow-executores/venv/lib/python3.9/site-packages/airflow/example_dags/example_xcomargs.py took 0.696 seconds
[2024-10-08 13:29:34,202] {processor.py:153} INFO - Started process (PID=38410) to work on /home/kennedy/KR/Programação/00.Estudos/DataEng/Alura/airflow-executores/venv/lib/python3.9/site-packages/airflow/example_dags/example_xcomargs.py
[2024-10-08 13:29:34,233] {processor.py:641} INFO - Processing file /home/kennedy/KR/Programação/00.Estudos/DataEng/Alura/airflow-executores/venv/lib/python3.9/site-packages/airflow/example_dags/example_xcomargs.py for tasks to queue
[2024-10-08 13:29:34,234] {logging_mixin.py:115} INFO - [2024-10-08 13:29:34,234] {dagbag.py:507} INFO - Filling up the DagBag from /home/kennedy/KR/Programação/00.Estudos/DataEng/Alura/airflow-executores/venv/lib/python3.9/site-packages/airflow/example_dags/example_xcomargs.py
[2024-10-08 13:29:34,268] {processor.py:651} INFO - DAG(s) dict_keys(['example_xcom_args', 'example_xcom_args_with_operators']) retrieved from /home/kennedy/KR/Programação/00.Estudos/DataEng/Alura/airflow-executores/venv/lib/python3.9/site-packages/airflow/example_dags/example_xcomargs.py
[2024-10-08 13:29:34,285] {logging_mixin.py:115} INFO - [2024-10-08 13:29:34,285] {dag.py:2379} INFO - Sync 2 DAGs
[2024-10-08 13:29:34,314] {logging_mixin.py:115} INFO - [2024-10-08 13:29:34,314] {dag.py:2927} INFO - Setting next_dagrun for example_xcom_args to None, run_after=None
[2024-10-08 13:29:34,314] {logging_mixin.py:115} INFO - [2024-10-08 13:29:34,314] {dag.py:2927} INFO - Setting next_dagrun for example_xcom_args_with_operators to None, run_after=None
[2024-10-08 13:29:34,486] {processor.py:161} INFO - Processing /home/kennedy/KR/Programação/00.Estudos/DataEng/Alura/airflow-executores/venv/lib/python3.9/site-packages/airflow/example_dags/example_xcomargs.py took 0.290 seconds
[2024-10-08 13:30:31,400] {processor.py:153} INFO - Started process (PID=38571) to work on /home/kennedy/KR/Programação/00.Estudos/DataEng/Alura/airflow-executores/venv/lib/python3.9/site-packages/airflow/example_dags/example_xcomargs.py
[2024-10-08 13:30:31,440] {processor.py:641} INFO - Processing file /home/kennedy/KR/Programação/00.Estudos/DataEng/Alura/airflow-executores/venv/lib/python3.9/site-packages/airflow/example_dags/example_xcomargs.py for tasks to queue
[2024-10-08 13:30:31,442] {logging_mixin.py:115} INFO - [2024-10-08 13:30:31,442] {dagbag.py:507} INFO - Filling up the DagBag from /home/kennedy/KR/Programação/00.Estudos/DataEng/Alura/airflow-executores/venv/lib/python3.9/site-packages/airflow/example_dags/example_xcomargs.py
[2024-10-08 13:30:31,489] {processor.py:651} INFO - DAG(s) dict_keys(['example_xcom_args', 'example_xcom_args_with_operators']) retrieved from /home/kennedy/KR/Programação/00.Estudos/DataEng/Alura/airflow-executores/venv/lib/python3.9/site-packages/airflow/example_dags/example_xcomargs.py
[2024-10-08 13:30:31,543] {logging_mixin.py:115} INFO - [2024-10-08 13:30:31,543] {dag.py:2379} INFO - Sync 2 DAGs
[2024-10-08 13:30:31,557] {logging_mixin.py:115} INFO - [2024-10-08 13:30:31,557] {dag.py:2927} INFO - Setting next_dagrun for example_xcom_args to None, run_after=None
[2024-10-08 13:30:31,558] {logging_mixin.py:115} INFO - [2024-10-08 13:30:31,558] {dag.py:2927} INFO - Setting next_dagrun for example_xcom_args_with_operators to None, run_after=None
[2024-10-08 13:30:32,153] {processor.py:161} INFO - Processing /home/kennedy/KR/Programação/00.Estudos/DataEng/Alura/airflow-executores/venv/lib/python3.9/site-packages/airflow/example_dags/example_xcomargs.py took 0.760 seconds
[2024-10-08 13:31:32,077] {processor.py:153} INFO - Started process (PID=38663) to work on /home/kennedy/KR/Programação/00.Estudos/DataEng/Alura/airflow-executores/venv/lib/python3.9/site-packages/airflow/example_dags/example_xcomargs.py
[2024-10-08 13:31:32,275] {processor.py:641} INFO - Processing file /home/kennedy/KR/Programação/00.Estudos/DataEng/Alura/airflow-executores/venv/lib/python3.9/site-packages/airflow/example_dags/example_xcomargs.py for tasks to queue
[2024-10-08 13:31:32,276] {logging_mixin.py:115} INFO - [2024-10-08 13:31:32,276] {dagbag.py:507} INFO - Filling up the DagBag from /home/kennedy/KR/Programação/00.Estudos/DataEng/Alura/airflow-executores/venv/lib/python3.9/site-packages/airflow/example_dags/example_xcomargs.py
[2024-10-08 13:31:32,318] {processor.py:651} INFO - DAG(s) dict_keys(['example_xcom_args', 'example_xcom_args_with_operators']) retrieved from /home/kennedy/KR/Programação/00.Estudos/DataEng/Alura/airflow-executores/venv/lib/python3.9/site-packages/airflow/example_dags/example_xcomargs.py
[2024-10-08 13:31:32,343] {logging_mixin.py:115} INFO - [2024-10-08 13:31:32,343] {dag.py:2379} INFO - Sync 2 DAGs
[2024-10-08 13:31:32,360] {logging_mixin.py:115} INFO - [2024-10-08 13:31:32,360] {dag.py:2927} INFO - Setting next_dagrun for example_xcom_args to None, run_after=None
[2024-10-08 13:31:32,360] {logging_mixin.py:115} INFO - [2024-10-08 13:31:32,360] {dag.py:2927} INFO - Setting next_dagrun for example_xcom_args_with_operators to None, run_after=None
[2024-10-08 13:31:33,530] {processor.py:161} INFO - Processing /home/kennedy/KR/Programação/00.Estudos/DataEng/Alura/airflow-executores/venv/lib/python3.9/site-packages/airflow/example_dags/example_xcomargs.py took 1.459 seconds
[2024-10-08 13:32:44,119] {processor.py:153} INFO - Started process (PID=38836) to work on /home/kennedy/KR/Programação/00.Estudos/DataEng/Alura/airflow-executores/venv/lib/python3.9/site-packages/airflow/example_dags/example_xcomargs.py
[2024-10-08 13:32:44,124] {processor.py:641} INFO - Processing file /home/kennedy/KR/Programação/00.Estudos/DataEng/Alura/airflow-executores/venv/lib/python3.9/site-packages/airflow/example_dags/example_xcomargs.py for tasks to queue
[2024-10-08 13:32:44,125] {logging_mixin.py:115} INFO - [2024-10-08 13:32:44,125] {dagbag.py:507} INFO - Filling up the DagBag from /home/kennedy/KR/Programação/00.Estudos/DataEng/Alura/airflow-executores/venv/lib/python3.9/site-packages/airflow/example_dags/example_xcomargs.py
[2024-10-08 13:32:44,168] {processor.py:651} INFO - DAG(s) dict_keys(['example_xcom_args', 'example_xcom_args_with_operators']) retrieved from /home/kennedy/KR/Programação/00.Estudos/DataEng/Alura/airflow-executores/venv/lib/python3.9/site-packages/airflow/example_dags/example_xcomargs.py
[2024-10-08 13:32:44,222] {logging_mixin.py:115} INFO - [2024-10-08 13:32:44,222] {dag.py:2379} INFO - Sync 2 DAGs
[2024-10-08 13:32:44,238] {logging_mixin.py:115} INFO - [2024-10-08 13:32:44,238] {dag.py:2927} INFO - Setting next_dagrun for example_xcom_args to None, run_after=None
[2024-10-08 13:32:44,238] {logging_mixin.py:115} INFO - [2024-10-08 13:32:44,238] {dag.py:2927} INFO - Setting next_dagrun for example_xcom_args_with_operators to None, run_after=None
[2024-10-08 13:32:44,377] {processor.py:161} INFO - Processing /home/kennedy/KR/Programação/00.Estudos/DataEng/Alura/airflow-executores/venv/lib/python3.9/site-packages/airflow/example_dags/example_xcomargs.py took 0.264 seconds
[2024-10-08 13:33:57,931] {processor.py:153} INFO - Started process (PID=38940) to work on /home/kennedy/KR/Programação/00.Estudos/DataEng/Alura/airflow-executores/venv/lib/python3.9/site-packages/airflow/example_dags/example_xcomargs.py
[2024-10-08 13:33:57,942] {processor.py:641} INFO - Processing file /home/kennedy/KR/Programação/00.Estudos/DataEng/Alura/airflow-executores/venv/lib/python3.9/site-packages/airflow/example_dags/example_xcomargs.py for tasks to queue
[2024-10-08 13:33:57,943] {logging_mixin.py:115} INFO - [2024-10-08 13:33:57,943] {dagbag.py:507} INFO - Filling up the DagBag from /home/kennedy/KR/Programação/00.Estudos/DataEng/Alura/airflow-executores/venv/lib/python3.9/site-packages/airflow/example_dags/example_xcomargs.py
[2024-10-08 13:33:57,989] {processor.py:651} INFO - DAG(s) dict_keys(['example_xcom_args', 'example_xcom_args_with_operators']) retrieved from /home/kennedy/KR/Programação/00.Estudos/DataEng/Alura/airflow-executores/venv/lib/python3.9/site-packages/airflow/example_dags/example_xcomargs.py
[2024-10-08 13:33:58,015] {logging_mixin.py:115} INFO - [2024-10-08 13:33:58,015] {dag.py:2379} INFO - Sync 2 DAGs
[2024-10-08 13:33:58,030] {logging_mixin.py:115} INFO - [2024-10-08 13:33:58,030] {dag.py:2927} INFO - Setting next_dagrun for example_xcom_args to None, run_after=None
[2024-10-08 13:33:58,031] {logging_mixin.py:115} INFO - [2024-10-08 13:33:58,031] {dag.py:2927} INFO - Setting next_dagrun for example_xcom_args_with_operators to None, run_after=None
[2024-10-08 13:33:58,919] {processor.py:161} INFO - Processing /home/kennedy/KR/Programação/00.Estudos/DataEng/Alura/airflow-executores/venv/lib/python3.9/site-packages/airflow/example_dags/example_xcomargs.py took 0.994 seconds
[2024-10-08 15:46:37,111] {processor.py:153} INFO - Started process (PID=11108) to work on /home/kennedy/.local/lib/python3.10/site-packages/airflow/example_dags/example_xcomargs.py
[2024-10-08 15:46:37,379] {processor.py:641} INFO - Processing file /home/kennedy/.local/lib/python3.10/site-packages/airflow/example_dags/example_xcomargs.py for tasks to queue
[2024-10-08 15:46:37,380] {logging_mixin.py:115} INFO - [2024-10-08 15:46:37,380] {dagbag.py:507} INFO - Filling up the DagBag from /home/kennedy/.local/lib/python3.10/site-packages/airflow/example_dags/example_xcomargs.py
[2024-10-08 15:46:37,423] {processor.py:651} INFO - DAG(s) dict_keys(['example_xcom_args', 'example_xcom_args_with_operators']) retrieved from /home/kennedy/.local/lib/python3.10/site-packages/airflow/example_dags/example_xcomargs.py
[2024-10-08 15:46:37,468] {logging_mixin.py:115} INFO - [2024-10-08 15:46:37,468] {dag.py:2379} INFO - Sync 2 DAGs
[2024-10-08 15:46:37,485] {logging_mixin.py:115} INFO - [2024-10-08 15:46:37,485] {dag.py:2927} INFO - Setting next_dagrun for example_xcom_args to None, run_after=None
[2024-10-08 15:46:37,485] {logging_mixin.py:115} INFO - [2024-10-08 15:46:37,485] {dag.py:2927} INFO - Setting next_dagrun for example_xcom_args_with_operators to None, run_after=None
[2024-10-08 15:46:38,609] {processor.py:161} INFO - Processing /home/kennedy/.local/lib/python3.10/site-packages/airflow/example_dags/example_xcomargs.py took 1.501 seconds
[2024-10-08 16:36:21,787] {processor.py:153} INFO - Started process (PID=16397) to work on /home/kennedy/KR/Programação/00.Estudos/DataEng/Alura/airflow-executores/venv/lib/python3.9/site-packages/airflow/example_dags/example_xcomargs.py
[2024-10-08 16:36:21,808] {processor.py:641} INFO - Processing file /home/kennedy/KR/Programação/00.Estudos/DataEng/Alura/airflow-executores/venv/lib/python3.9/site-packages/airflow/example_dags/example_xcomargs.py for tasks to queue
[2024-10-08 16:36:21,810] {logging_mixin.py:115} INFO - [2024-10-08 16:36:21,809] {dagbag.py:507} INFO - Filling up the DagBag from /home/kennedy/KR/Programação/00.Estudos/DataEng/Alura/airflow-executores/venv/lib/python3.9/site-packages/airflow/example_dags/example_xcomargs.py
[2024-10-08 16:36:21,847] {processor.py:651} INFO - DAG(s) dict_keys(['example_xcom_args', 'example_xcom_args_with_operators']) retrieved from /home/kennedy/KR/Programação/00.Estudos/DataEng/Alura/airflow-executores/venv/lib/python3.9/site-packages/airflow/example_dags/example_xcomargs.py
[2024-10-08 16:36:21,900] {logging_mixin.py:115} INFO - [2024-10-08 16:36:21,900] {dag.py:2379} INFO - Sync 2 DAGs
[2024-10-08 16:36:21,918] {logging_mixin.py:115} INFO - [2024-10-08 16:36:21,918] {dag.py:2927} INFO - Setting next_dagrun for example_xcom_args to None, run_after=None
[2024-10-08 16:36:21,919] {logging_mixin.py:115} INFO - [2024-10-08 16:36:21,919] {dag.py:2927} INFO - Setting next_dagrun for example_xcom_args_with_operators to None, run_after=None
[2024-10-08 16:36:22,413] {processor.py:161} INFO - Processing /home/kennedy/KR/Programação/00.Estudos/DataEng/Alura/airflow-executores/venv/lib/python3.9/site-packages/airflow/example_dags/example_xcomargs.py took 0.633 seconds
[2024-10-08 16:37:24,429] {processor.py:153} INFO - Started process (PID=16764) to work on /home/kennedy/KR/Programação/00.Estudos/DataEng/Alura/airflow-executores/venv/lib/python3.9/site-packages/airflow/example_dags/example_xcomargs.py
[2024-10-08 16:37:24,443] {processor.py:641} INFO - Processing file /home/kennedy/KR/Programação/00.Estudos/DataEng/Alura/airflow-executores/venv/lib/python3.9/site-packages/airflow/example_dags/example_xcomargs.py for tasks to queue
[2024-10-08 16:37:24,444] {logging_mixin.py:115} INFO - [2024-10-08 16:37:24,444] {dagbag.py:507} INFO - Filling up the DagBag from /home/kennedy/KR/Programação/00.Estudos/DataEng/Alura/airflow-executores/venv/lib/python3.9/site-packages/airflow/example_dags/example_xcomargs.py
[2024-10-08 16:37:24,478] {processor.py:651} INFO - DAG(s) dict_keys(['example_xcom_args', 'example_xcom_args_with_operators']) retrieved from /home/kennedy/KR/Programação/00.Estudos/DataEng/Alura/airflow-executores/venv/lib/python3.9/site-packages/airflow/example_dags/example_xcomargs.py
[2024-10-08 16:37:24,522] {logging_mixin.py:115} INFO - [2024-10-08 16:37:24,522] {dag.py:2379} INFO - Sync 2 DAGs
[2024-10-08 16:37:24,536] {logging_mixin.py:115} INFO - [2024-10-08 16:37:24,536] {dag.py:2927} INFO - Setting next_dagrun for example_xcom_args to None, run_after=None
[2024-10-08 16:37:24,536] {logging_mixin.py:115} INFO - [2024-10-08 16:37:24,536] {dag.py:2927} INFO - Setting next_dagrun for example_xcom_args_with_operators to None, run_after=None
[2024-10-08 16:37:24,653] {processor.py:161} INFO - Processing /home/kennedy/KR/Programação/00.Estudos/DataEng/Alura/airflow-executores/venv/lib/python3.9/site-packages/airflow/example_dags/example_xcomargs.py took 0.231 seconds
[2024-10-08 16:38:41,377] {processor.py:153} INFO - Started process (PID=17239) to work on /home/kennedy/KR/Programação/00.Estudos/DataEng/Alura/airflow-executores/venv/lib/python3.9/site-packages/airflow/example_dags/example_xcomargs.py
[2024-10-08 16:38:41,503] {processor.py:641} INFO - Processing file /home/kennedy/KR/Programação/00.Estudos/DataEng/Alura/airflow-executores/venv/lib/python3.9/site-packages/airflow/example_dags/example_xcomargs.py for tasks to queue
[2024-10-08 16:38:41,505] {logging_mixin.py:115} INFO - [2024-10-08 16:38:41,504] {dagbag.py:507} INFO - Filling up the DagBag from /home/kennedy/KR/Programação/00.Estudos/DataEng/Alura/airflow-executores/venv/lib/python3.9/site-packages/airflow/example_dags/example_xcomargs.py
[2024-10-08 16:38:41,540] {processor.py:651} INFO - DAG(s) dict_keys(['example_xcom_args', 'example_xcom_args_with_operators']) retrieved from /home/kennedy/KR/Programação/00.Estudos/DataEng/Alura/airflow-executores/venv/lib/python3.9/site-packages/airflow/example_dags/example_xcomargs.py
[2024-10-08 16:38:41,575] {logging_mixin.py:115} INFO - [2024-10-08 16:38:41,575] {dag.py:2379} INFO - Sync 2 DAGs
[2024-10-08 16:38:41,587] {logging_mixin.py:115} INFO - [2024-10-08 16:38:41,587] {dag.py:2927} INFO - Setting next_dagrun for example_xcom_args to None, run_after=None
[2024-10-08 16:38:41,588] {logging_mixin.py:115} INFO - [2024-10-08 16:38:41,587] {dag.py:2927} INFO - Setting next_dagrun for example_xcom_args_with_operators to None, run_after=None
[2024-10-08 16:38:41,909] {processor.py:161} INFO - Processing /home/kennedy/KR/Programação/00.Estudos/DataEng/Alura/airflow-executores/venv/lib/python3.9/site-packages/airflow/example_dags/example_xcomargs.py took 0.538 seconds
[2024-10-08 16:40:04,833] {processor.py:153} INFO - Started process (PID=17535) to work on /home/kennedy/KR/Programação/00.Estudos/DataEng/Alura/airflow-executores/venv/lib/python3.9/site-packages/airflow/example_dags/example_xcomargs.py
[2024-10-08 16:40:04,866] {processor.py:641} INFO - Processing file /home/kennedy/KR/Programação/00.Estudos/DataEng/Alura/airflow-executores/venv/lib/python3.9/site-packages/airflow/example_dags/example_xcomargs.py for tasks to queue
[2024-10-08 16:40:04,867] {logging_mixin.py:115} INFO - [2024-10-08 16:40:04,867] {dagbag.py:507} INFO - Filling up the DagBag from /home/kennedy/KR/Programação/00.Estudos/DataEng/Alura/airflow-executores/venv/lib/python3.9/site-packages/airflow/example_dags/example_xcomargs.py
[2024-10-08 16:40:04,903] {processor.py:651} INFO - DAG(s) dict_keys(['example_xcom_args', 'example_xcom_args_with_operators']) retrieved from /home/kennedy/KR/Programação/00.Estudos/DataEng/Alura/airflow-executores/venv/lib/python3.9/site-packages/airflow/example_dags/example_xcomargs.py
[2024-10-08 16:40:04,942] {logging_mixin.py:115} INFO - [2024-10-08 16:40:04,942] {dag.py:2379} INFO - Sync 2 DAGs
[2024-10-08 16:40:04,959] {logging_mixin.py:115} INFO - [2024-10-08 16:40:04,959] {dag.py:2927} INFO - Setting next_dagrun for example_xcom_args to None, run_after=None
[2024-10-08 16:40:04,960] {logging_mixin.py:115} INFO - [2024-10-08 16:40:04,960] {dag.py:2927} INFO - Setting next_dagrun for example_xcom_args_with_operators to None, run_after=None
[2024-10-08 16:40:05,241] {processor.py:161} INFO - Processing /home/kennedy/KR/Programação/00.Estudos/DataEng/Alura/airflow-executores/venv/lib/python3.9/site-packages/airflow/example_dags/example_xcomargs.py took 0.415 seconds
[2024-10-08 16:41:07,003] {processor.py:153} INFO - Started process (PID=17880) to work on /home/kennedy/KR/Programação/00.Estudos/DataEng/Alura/airflow-executores/venv/lib/python3.9/site-packages/airflow/example_dags/example_xcomargs.py
[2024-10-08 16:41:07,020] {processor.py:641} INFO - Processing file /home/kennedy/KR/Programação/00.Estudos/DataEng/Alura/airflow-executores/venv/lib/python3.9/site-packages/airflow/example_dags/example_xcomargs.py for tasks to queue
[2024-10-08 16:41:07,020] {logging_mixin.py:115} INFO - [2024-10-08 16:41:07,020] {dagbag.py:507} INFO - Filling up the DagBag from /home/kennedy/KR/Programação/00.Estudos/DataEng/Alura/airflow-executores/venv/lib/python3.9/site-packages/airflow/example_dags/example_xcomargs.py
[2024-10-08 16:41:07,039] {processor.py:651} INFO - DAG(s) dict_keys(['example_xcom_args', 'example_xcom_args_with_operators']) retrieved from /home/kennedy/KR/Programação/00.Estudos/DataEng/Alura/airflow-executores/venv/lib/python3.9/site-packages/airflow/example_dags/example_xcomargs.py
[2024-10-08 16:41:07,085] {logging_mixin.py:115} INFO - [2024-10-08 16:41:07,085] {dag.py:2379} INFO - Sync 2 DAGs
[2024-10-08 16:41:07,101] {logging_mixin.py:115} INFO - [2024-10-08 16:41:07,101] {dag.py:2927} INFO - Setting next_dagrun for example_xcom_args to None, run_after=None
[2024-10-08 16:41:07,102] {logging_mixin.py:115} INFO - [2024-10-08 16:41:07,102] {dag.py:2927} INFO - Setting next_dagrun for example_xcom_args_with_operators to None, run_after=None
[2024-10-08 16:41:07,422] {processor.py:161} INFO - Processing /home/kennedy/KR/Programação/00.Estudos/DataEng/Alura/airflow-executores/venv/lib/python3.9/site-packages/airflow/example_dags/example_xcomargs.py took 0.423 seconds
[2024-10-08 16:42:18,324] {processor.py:153} INFO - Started process (PID=18160) to work on /home/kennedy/KR/Programação/00.Estudos/DataEng/Alura/airflow-executores/venv/lib/python3.9/site-packages/airflow/example_dags/example_xcomargs.py
[2024-10-08 16:42:18,334] {processor.py:641} INFO - Processing file /home/kennedy/KR/Programação/00.Estudos/DataEng/Alura/airflow-executores/venv/lib/python3.9/site-packages/airflow/example_dags/example_xcomargs.py for tasks to queue
[2024-10-08 16:42:18,335] {logging_mixin.py:115} INFO - [2024-10-08 16:42:18,335] {dagbag.py:507} INFO - Filling up the DagBag from /home/kennedy/KR/Programação/00.Estudos/DataEng/Alura/airflow-executores/venv/lib/python3.9/site-packages/airflow/example_dags/example_xcomargs.py
[2024-10-08 16:42:18,368] {processor.py:651} INFO - DAG(s) dict_keys(['example_xcom_args', 'example_xcom_args_with_operators']) retrieved from /home/kennedy/KR/Programação/00.Estudos/DataEng/Alura/airflow-executores/venv/lib/python3.9/site-packages/airflow/example_dags/example_xcomargs.py
[2024-10-08 16:42:18,402] {logging_mixin.py:115} INFO - [2024-10-08 16:42:18,402] {dag.py:2379} INFO - Sync 2 DAGs
[2024-10-08 16:42:18,415] {logging_mixin.py:115} INFO - [2024-10-08 16:42:18,415] {dag.py:2927} INFO - Setting next_dagrun for example_xcom_args to None, run_after=None
[2024-10-08 16:42:18,415] {logging_mixin.py:115} INFO - [2024-10-08 16:42:18,415] {dag.py:2927} INFO - Setting next_dagrun for example_xcom_args_with_operators to None, run_after=None
[2024-10-08 16:42:18,724] {processor.py:161} INFO - Processing /home/kennedy/KR/Programação/00.Estudos/DataEng/Alura/airflow-executores/venv/lib/python3.9/site-packages/airflow/example_dags/example_xcomargs.py took 0.406 seconds
[2024-10-08 16:43:45,194] {processor.py:153} INFO - Started process (PID=18248) to work on /home/kennedy/KR/Programação/00.Estudos/DataEng/Alura/airflow-executores/venv/lib/python3.9/site-packages/airflow/example_dags/example_xcomargs.py
[2024-10-08 16:43:45,209] {processor.py:641} INFO - Processing file /home/kennedy/KR/Programação/00.Estudos/DataEng/Alura/airflow-executores/venv/lib/python3.9/site-packages/airflow/example_dags/example_xcomargs.py for tasks to queue
[2024-10-08 16:43:45,210] {logging_mixin.py:115} INFO - [2024-10-08 16:43:45,210] {dagbag.py:507} INFO - Filling up the DagBag from /home/kennedy/KR/Programação/00.Estudos/DataEng/Alura/airflow-executores/venv/lib/python3.9/site-packages/airflow/example_dags/example_xcomargs.py
[2024-10-08 16:43:45,246] {processor.py:651} INFO - DAG(s) dict_keys(['example_xcom_args', 'example_xcom_args_with_operators']) retrieved from /home/kennedy/KR/Programação/00.Estudos/DataEng/Alura/airflow-executores/venv/lib/python3.9/site-packages/airflow/example_dags/example_xcomargs.py
[2024-10-08 16:43:45,281] {logging_mixin.py:115} INFO - [2024-10-08 16:43:45,281] {dag.py:2379} INFO - Sync 2 DAGs
[2024-10-08 16:43:45,293] {logging_mixin.py:115} INFO - [2024-10-08 16:43:45,293] {dag.py:2927} INFO - Setting next_dagrun for example_xcom_args to None, run_after=None
[2024-10-08 16:43:45,294] {logging_mixin.py:115} INFO - [2024-10-08 16:43:45,294] {dag.py:2927} INFO - Setting next_dagrun for example_xcom_args_with_operators to None, run_after=None
[2024-10-08 16:43:45,374] {processor.py:161} INFO - Processing /home/kennedy/KR/Programação/00.Estudos/DataEng/Alura/airflow-executores/venv/lib/python3.9/site-packages/airflow/example_dags/example_xcomargs.py took 0.186 seconds
[2024-10-08 16:44:32,755] {processor.py:153} INFO - Started process (PID=18283) to work on /home/kennedy/KR/Programação/00.Estudos/DataEng/Alura/airflow-executores/venv/lib/python3.9/site-packages/airflow/example_dags/example_xcomargs.py
[2024-10-08 16:44:32,758] {processor.py:641} INFO - Processing file /home/kennedy/KR/Programação/00.Estudos/DataEng/Alura/airflow-executores/venv/lib/python3.9/site-packages/airflow/example_dags/example_xcomargs.py for tasks to queue
[2024-10-08 16:44:32,759] {logging_mixin.py:115} INFO - [2024-10-08 16:44:32,759] {dagbag.py:507} INFO - Filling up the DagBag from /home/kennedy/KR/Programação/00.Estudos/DataEng/Alura/airflow-executores/venv/lib/python3.9/site-packages/airflow/example_dags/example_xcomargs.py
[2024-10-08 16:44:32,773] {processor.py:651} INFO - DAG(s) dict_keys(['example_xcom_args', 'example_xcom_args_with_operators']) retrieved from /home/kennedy/KR/Programação/00.Estudos/DataEng/Alura/airflow-executores/venv/lib/python3.9/site-packages/airflow/example_dags/example_xcomargs.py
[2024-10-08 16:44:32,805] {logging_mixin.py:115} INFO - [2024-10-08 16:44:32,805] {dag.py:2379} INFO - Sync 2 DAGs
[2024-10-08 16:44:32,817] {logging_mixin.py:115} INFO - [2024-10-08 16:44:32,817] {dag.py:2927} INFO - Setting next_dagrun for example_xcom_args to None, run_after=None
[2024-10-08 16:44:32,818] {logging_mixin.py:115} INFO - [2024-10-08 16:44:32,817] {dag.py:2927} INFO - Setting next_dagrun for example_xcom_args_with_operators to None, run_after=None
[2024-10-08 16:44:33,828] {processor.py:161} INFO - Processing /home/kennedy/KR/Programação/00.Estudos/DataEng/Alura/airflow-executores/venv/lib/python3.9/site-packages/airflow/example_dags/example_xcomargs.py took 1.075 seconds
[2024-10-08 16:45:18,633] {processor.py:153} INFO - Started process (PID=18333) to work on /home/kennedy/KR/Programação/00.Estudos/DataEng/Alura/airflow-executores/venv/lib/python3.9/site-packages/airflow/example_dags/example_xcomargs.py
[2024-10-08 16:45:18,637] {processor.py:641} INFO - Processing file /home/kennedy/KR/Programação/00.Estudos/DataEng/Alura/airflow-executores/venv/lib/python3.9/site-packages/airflow/example_dags/example_xcomargs.py for tasks to queue
[2024-10-08 16:45:18,638] {logging_mixin.py:115} INFO - [2024-10-08 16:45:18,637] {dagbag.py:507} INFO - Filling up the DagBag from /home/kennedy/KR/Programação/00.Estudos/DataEng/Alura/airflow-executores/venv/lib/python3.9/site-packages/airflow/example_dags/example_xcomargs.py
[2024-10-08 16:45:18,654] {processor.py:651} INFO - DAG(s) dict_keys(['example_xcom_args', 'example_xcom_args_with_operators']) retrieved from /home/kennedy/KR/Programação/00.Estudos/DataEng/Alura/airflow-executores/venv/lib/python3.9/site-packages/airflow/example_dags/example_xcomargs.py
[2024-10-08 16:45:18,691] {logging_mixin.py:115} INFO - [2024-10-08 16:45:18,691] {dag.py:2379} INFO - Sync 2 DAGs
[2024-10-08 16:45:18,706] {logging_mixin.py:115} INFO - [2024-10-08 16:45:18,706] {dag.py:2927} INFO - Setting next_dagrun for example_xcom_args to None, run_after=None
[2024-10-08 16:45:18,706] {logging_mixin.py:115} INFO - [2024-10-08 16:45:18,706] {dag.py:2927} INFO - Setting next_dagrun for example_xcom_args_with_operators to None, run_after=None
[2024-10-08 16:45:20,296] {processor.py:161} INFO - Processing /home/kennedy/KR/Programação/00.Estudos/DataEng/Alura/airflow-executores/venv/lib/python3.9/site-packages/airflow/example_dags/example_xcomargs.py took 1.665 seconds
[2024-10-08 16:46:19,932] {processor.py:153} INFO - Started process (PID=18863) to work on /home/kennedy/KR/Programação/00.Estudos/DataEng/Alura/airflow-executores/venv/lib/python3.9/site-packages/airflow/example_dags/example_xcomargs.py
[2024-10-08 16:46:19,959] {processor.py:641} INFO - Processing file /home/kennedy/KR/Programação/00.Estudos/DataEng/Alura/airflow-executores/venv/lib/python3.9/site-packages/airflow/example_dags/example_xcomargs.py for tasks to queue
[2024-10-08 16:46:19,960] {logging_mixin.py:115} INFO - [2024-10-08 16:46:19,960] {dagbag.py:507} INFO - Filling up the DagBag from /home/kennedy/KR/Programação/00.Estudos/DataEng/Alura/airflow-executores/venv/lib/python3.9/site-packages/airflow/example_dags/example_xcomargs.py
[2024-10-08 16:46:19,993] {processor.py:651} INFO - DAG(s) dict_keys(['example_xcom_args', 'example_xcom_args_with_operators']) retrieved from /home/kennedy/KR/Programação/00.Estudos/DataEng/Alura/airflow-executores/venv/lib/python3.9/site-packages/airflow/example_dags/example_xcomargs.py
[2024-10-08 16:46:20,027] {logging_mixin.py:115} INFO - [2024-10-08 16:46:20,026] {dag.py:2379} INFO - Sync 2 DAGs
[2024-10-08 16:46:20,041] {logging_mixin.py:115} INFO - [2024-10-08 16:46:20,041] {dag.py:2927} INFO - Setting next_dagrun for example_xcom_args to None, run_after=None
[2024-10-08 16:46:20,041] {logging_mixin.py:115} INFO - [2024-10-08 16:46:20,041] {dag.py:2927} INFO - Setting next_dagrun for example_xcom_args_with_operators to None, run_after=None
[2024-10-08 16:46:21,998] {processor.py:161} INFO - Processing /home/kennedy/KR/Programação/00.Estudos/DataEng/Alura/airflow-executores/venv/lib/python3.9/site-packages/airflow/example_dags/example_xcomargs.py took 2.072 seconds
[2024-10-08 16:47:37,375] {processor.py:153} INFO - Started process (PID=19094) to work on /home/kennedy/KR/Programação/00.Estudos/DataEng/Alura/airflow-executores/venv/lib/python3.9/site-packages/airflow/example_dags/example_xcomargs.py
[2024-10-08 16:47:37,385] {processor.py:641} INFO - Processing file /home/kennedy/KR/Programação/00.Estudos/DataEng/Alura/airflow-executores/venv/lib/python3.9/site-packages/airflow/example_dags/example_xcomargs.py for tasks to queue
[2024-10-08 16:47:37,386] {logging_mixin.py:115} INFO - [2024-10-08 16:47:37,386] {dagbag.py:507} INFO - Filling up the DagBag from /home/kennedy/KR/Programação/00.Estudos/DataEng/Alura/airflow-executores/venv/lib/python3.9/site-packages/airflow/example_dags/example_xcomargs.py
[2024-10-08 16:47:37,404] {processor.py:651} INFO - DAG(s) dict_keys(['example_xcom_args', 'example_xcom_args_with_operators']) retrieved from /home/kennedy/KR/Programação/00.Estudos/DataEng/Alura/airflow-executores/venv/lib/python3.9/site-packages/airflow/example_dags/example_xcomargs.py
[2024-10-08 16:47:37,444] {logging_mixin.py:115} INFO - [2024-10-08 16:47:37,443] {dag.py:2379} INFO - Sync 2 DAGs
[2024-10-08 16:47:37,458] {logging_mixin.py:115} INFO - [2024-10-08 16:47:37,458] {dag.py:2927} INFO - Setting next_dagrun for example_xcom_args to None, run_after=None
[2024-10-08 16:47:37,458] {logging_mixin.py:115} INFO - [2024-10-08 16:47:37,458] {dag.py:2927} INFO - Setting next_dagrun for example_xcom_args_with_operators to None, run_after=None
[2024-10-08 16:47:39,281] {processor.py:161} INFO - Processing /home/kennedy/KR/Programação/00.Estudos/DataEng/Alura/airflow-executores/venv/lib/python3.9/site-packages/airflow/example_dags/example_xcomargs.py took 1.910 seconds
[2024-10-08 16:48:41,997] {processor.py:153} INFO - Started process (PID=19258) to work on /home/kennedy/KR/Programação/00.Estudos/DataEng/Alura/airflow-executores/venv/lib/python3.9/site-packages/airflow/example_dags/example_xcomargs.py
[2024-10-08 16:48:42,004] {processor.py:641} INFO - Processing file /home/kennedy/KR/Programação/00.Estudos/DataEng/Alura/airflow-executores/venv/lib/python3.9/site-packages/airflow/example_dags/example_xcomargs.py for tasks to queue
[2024-10-08 16:48:42,005] {logging_mixin.py:115} INFO - [2024-10-08 16:48:42,005] {dagbag.py:507} INFO - Filling up the DagBag from /home/kennedy/KR/Programação/00.Estudos/DataEng/Alura/airflow-executores/venv/lib/python3.9/site-packages/airflow/example_dags/example_xcomargs.py
[2024-10-08 16:48:42,037] {processor.py:651} INFO - DAG(s) dict_keys(['example_xcom_args', 'example_xcom_args_with_operators']) retrieved from /home/kennedy/KR/Programação/00.Estudos/DataEng/Alura/airflow-executores/venv/lib/python3.9/site-packages/airflow/example_dags/example_xcomargs.py
[2024-10-08 16:48:42,072] {logging_mixin.py:115} INFO - [2024-10-08 16:48:42,072] {dag.py:2379} INFO - Sync 2 DAGs
[2024-10-08 16:48:42,084] {logging_mixin.py:115} INFO - [2024-10-08 16:48:42,084] {dag.py:2927} INFO - Setting next_dagrun for example_xcom_args to None, run_after=None
[2024-10-08 16:48:42,084] {logging_mixin.py:115} INFO - [2024-10-08 16:48:42,084] {dag.py:2927} INFO - Setting next_dagrun for example_xcom_args_with_operators to None, run_after=None
[2024-10-08 16:48:43,526] {processor.py:161} INFO - Processing /home/kennedy/KR/Programação/00.Estudos/DataEng/Alura/airflow-executores/venv/lib/python3.9/site-packages/airflow/example_dags/example_xcomargs.py took 1.537 seconds
[2024-10-08 16:50:34,765] {processor.py:153} INFO - Started process (PID=19779) to work on /home/kennedy/KR/Programação/00.Estudos/DataEng/Alura/airflow-executores/venv/lib/python3.9/site-packages/airflow/example_dags/example_xcomargs.py
[2024-10-08 16:50:34,805] {processor.py:641} INFO - Processing file /home/kennedy/KR/Programação/00.Estudos/DataEng/Alura/airflow-executores/venv/lib/python3.9/site-packages/airflow/example_dags/example_xcomargs.py for tasks to queue
[2024-10-08 16:50:34,806] {logging_mixin.py:115} INFO - [2024-10-08 16:50:34,806] {dagbag.py:507} INFO - Filling up the DagBag from /home/kennedy/KR/Programação/00.Estudos/DataEng/Alura/airflow-executores/venv/lib/python3.9/site-packages/airflow/example_dags/example_xcomargs.py
[2024-10-08 16:50:34,867] {processor.py:651} INFO - DAG(s) dict_keys(['example_xcom_args', 'example_xcom_args_with_operators']) retrieved from /home/kennedy/KR/Programação/00.Estudos/DataEng/Alura/airflow-executores/venv/lib/python3.9/site-packages/airflow/example_dags/example_xcomargs.py
[2024-10-08 16:50:34,935] {logging_mixin.py:115} INFO - [2024-10-08 16:50:34,935] {dag.py:2379} INFO - Sync 2 DAGs
[2024-10-08 16:50:34,949] {logging_mixin.py:115} INFO - [2024-10-08 16:50:34,949] {dag.py:2927} INFO - Setting next_dagrun for example_xcom_args to None, run_after=None
[2024-10-08 16:50:34,949] {logging_mixin.py:115} INFO - [2024-10-08 16:50:34,949] {dag.py:2927} INFO - Setting next_dagrun for example_xcom_args_with_operators to None, run_after=None
[2024-10-08 16:50:35,073] {processor.py:161} INFO - Processing /home/kennedy/KR/Programação/00.Estudos/DataEng/Alura/airflow-executores/venv/lib/python3.9/site-packages/airflow/example_dags/example_xcomargs.py took 0.316 seconds
[2024-10-08 17:02:42,753] {processor.py:153} INFO - Started process (PID=26186) to work on /home/kennedy/KR/Programação/00.Estudos/DataEng/Alura/airflow-executores/venv/lib/python3.9/site-packages/airflow/example_dags/example_xcomargs.py
[2024-10-08 17:02:42,776] {processor.py:641} INFO - Processing file /home/kennedy/KR/Programação/00.Estudos/DataEng/Alura/airflow-executores/venv/lib/python3.9/site-packages/airflow/example_dags/example_xcomargs.py for tasks to queue
[2024-10-08 17:02:42,778] {logging_mixin.py:115} INFO - [2024-10-08 17:02:42,778] {dagbag.py:507} INFO - Filling up the DagBag from /home/kennedy/KR/Programação/00.Estudos/DataEng/Alura/airflow-executores/venv/lib/python3.9/site-packages/airflow/example_dags/example_xcomargs.py
[2024-10-08 17:02:42,801] {processor.py:651} INFO - DAG(s) dict_keys(['example_xcom_args', 'example_xcom_args_with_operators']) retrieved from /home/kennedy/KR/Programação/00.Estudos/DataEng/Alura/airflow-executores/venv/lib/python3.9/site-packages/airflow/example_dags/example_xcomargs.py
[2024-10-08 17:02:42,865] {logging_mixin.py:115} INFO - [2024-10-08 17:02:42,865] {dag.py:2379} INFO - Sync 2 DAGs
[2024-10-08 17:02:42,880] {logging_mixin.py:115} INFO - [2024-10-08 17:02:42,880] {dag.py:2927} INFO - Setting next_dagrun for example_xcom_args to None, run_after=None
[2024-10-08 17:02:42,880] {logging_mixin.py:115} INFO - [2024-10-08 17:02:42,880] {dag.py:2927} INFO - Setting next_dagrun for example_xcom_args_with_operators to None, run_after=None
[2024-10-08 17:02:43,125] {processor.py:161} INFO - Processing /home/kennedy/KR/Programação/00.Estudos/DataEng/Alura/airflow-executores/venv/lib/python3.9/site-packages/airflow/example_dags/example_xcomargs.py took 0.374 seconds
[2024-10-08 17:07:38,316] {processor.py:153} INFO - Started process (PID=29664) to work on /home/kennedy/KR/Programação/00.Estudos/DataEng/Alura/airflow-executores/venv/lib/python3.9/site-packages/airflow/example_dags/example_xcomargs.py
[2024-10-08 17:07:38,467] {processor.py:641} INFO - Processing file /home/kennedy/KR/Programação/00.Estudos/DataEng/Alura/airflow-executores/venv/lib/python3.9/site-packages/airflow/example_dags/example_xcomargs.py for tasks to queue
[2024-10-08 17:07:38,468] {logging_mixin.py:115} INFO - [2024-10-08 17:07:38,468] {dagbag.py:507} INFO - Filling up the DagBag from /home/kennedy/KR/Programação/00.Estudos/DataEng/Alura/airflow-executores/venv/lib/python3.9/site-packages/airflow/example_dags/example_xcomargs.py
[2024-10-08 17:07:38,511] {processor.py:651} INFO - DAG(s) dict_keys(['example_xcom_args', 'example_xcom_args_with_operators']) retrieved from /home/kennedy/KR/Programação/00.Estudos/DataEng/Alura/airflow-executores/venv/lib/python3.9/site-packages/airflow/example_dags/example_xcomargs.py
[2024-10-08 17:07:38,578] {logging_mixin.py:115} INFO - [2024-10-08 17:07:38,578] {dag.py:2379} INFO - Sync 2 DAGs
[2024-10-08 17:07:38,598] {logging_mixin.py:115} INFO - [2024-10-08 17:07:38,598] {dag.py:2927} INFO - Setting next_dagrun for example_xcom_args to None, run_after=None
[2024-10-08 17:07:38,598] {logging_mixin.py:115} INFO - [2024-10-08 17:07:38,598] {dag.py:2927} INFO - Setting next_dagrun for example_xcom_args_with_operators to None, run_after=None
[2024-10-08 17:07:38,768] {processor.py:161} INFO - Processing /home/kennedy/KR/Programação/00.Estudos/DataEng/Alura/airflow-executores/venv/lib/python3.9/site-packages/airflow/example_dags/example_xcomargs.py took 0.459 seconds
[2024-10-08 17:18:39,467] {processor.py:153} INFO - Started process (PID=37059) to work on /home/kennedy/KR/Programação/00.Estudos/DataEng/Alura/airflow-executores/venv/lib/python3.9/site-packages/airflow/example_dags/example_xcomargs.py
[2024-10-08 17:18:39,488] {processor.py:641} INFO - Processing file /home/kennedy/KR/Programação/00.Estudos/DataEng/Alura/airflow-executores/venv/lib/python3.9/site-packages/airflow/example_dags/example_xcomargs.py for tasks to queue
[2024-10-08 17:18:39,489] {logging_mixin.py:115} INFO - [2024-10-08 17:18:39,489] {dagbag.py:507} INFO - Filling up the DagBag from /home/kennedy/KR/Programação/00.Estudos/DataEng/Alura/airflow-executores/venv/lib/python3.9/site-packages/airflow/example_dags/example_xcomargs.py
[2024-10-08 17:18:39,527] {processor.py:651} INFO - DAG(s) dict_keys(['example_xcom_args', 'example_xcom_args_with_operators']) retrieved from /home/kennedy/KR/Programação/00.Estudos/DataEng/Alura/airflow-executores/venv/lib/python3.9/site-packages/airflow/example_dags/example_xcomargs.py
[2024-10-08 17:18:39,580] {logging_mixin.py:115} INFO - [2024-10-08 17:18:39,580] {dag.py:2379} INFO - Sync 2 DAGs
[2024-10-08 17:18:39,589] {logging_mixin.py:115} INFO - [2024-10-08 17:18:39,589] {dag.py:2927} INFO - Setting next_dagrun for example_xcom_args to None, run_after=None
[2024-10-08 17:18:39,589] {logging_mixin.py:115} INFO - [2024-10-08 17:18:39,589] {dag.py:2927} INFO - Setting next_dagrun for example_xcom_args_with_operators to None, run_after=None
[2024-10-08 17:18:39,771] {processor.py:161} INFO - Processing /home/kennedy/KR/Programação/00.Estudos/DataEng/Alura/airflow-executores/venv/lib/python3.9/site-packages/airflow/example_dags/example_xcomargs.py took 0.307 seconds
