[2024-10-08 13:22:34,251] {processor.py:153} INFO - Started process (PID=37353) to work on /home/kennedy/KR/Programação/00.Estudos/DataEng/Alura/airflow-executores/venv/lib/python3.9/site-packages/airflow/example_dags/tutorial_etl_dag.py
[2024-10-08 13:22:34,251] {processor.py:641} INFO - Processing file /home/kennedy/KR/Programação/00.Estudos/DataEng/Alura/airflow-executores/venv/lib/python3.9/site-packages/airflow/example_dags/tutorial_etl_dag.py for tasks to queue
[2024-10-08 13:22:34,252] {logging_mixin.py:115} INFO - [2024-10-08 13:22:34,251] {dagbag.py:507} INFO - Filling up the DagBag from /home/kennedy/KR/Programação/00.Estudos/DataEng/Alura/airflow-executores/venv/lib/python3.9/site-packages/airflow/example_dags/tutorial_etl_dag.py
[2024-10-08 13:22:34,258] {processor.py:651} INFO - DAG(s) dict_keys(['tutorial_etl_dag']) retrieved from /home/kennedy/KR/Programação/00.Estudos/DataEng/Alura/airflow-executores/venv/lib/python3.9/site-packages/airflow/example_dags/tutorial_etl_dag.py
[2024-10-08 13:22:35,902] {logging_mixin.py:115} INFO - [2024-10-08 13:22:35,901] {manager.py:508} INFO - Created Permission View: can delete on DAG:tutorial_etl_dag
[2024-10-08 13:22:36,147] {logging_mixin.py:115} INFO - [2024-10-08 13:22:36,146] {manager.py:508} INFO - Created Permission View: can read on DAG:tutorial_etl_dag
[2024-10-08 13:22:36,248] {logging_mixin.py:115} INFO - [2024-10-08 13:22:36,248] {manager.py:508} INFO - Created Permission View: can edit on DAG:tutorial_etl_dag
[2024-10-08 13:22:36,248] {logging_mixin.py:115} INFO - [2024-10-08 13:22:36,248] {dag.py:2379} INFO - Sync 1 DAGs
[2024-10-08 13:22:36,255] {logging_mixin.py:115} INFO - [2024-10-08 13:22:36,255] {dag.py:2398} INFO - Creating ORM DAG for tutorial_etl_dag
[2024-10-08 13:22:36,263] {logging_mixin.py:115} INFO - [2024-10-08 13:22:36,263] {dag.py:2927} INFO - Setting next_dagrun for tutorial_etl_dag to None, run_after=None
[2024-10-08 13:22:36,410] {processor.py:161} INFO - Processing /home/kennedy/KR/Programação/00.Estudos/DataEng/Alura/airflow-executores/venv/lib/python3.9/site-packages/airflow/example_dags/tutorial_etl_dag.py took 2.162 seconds
[2024-10-08 13:24:52,555] {processor.py:153} INFO - Started process (PID=37717) to work on /home/kennedy/KR/Programação/00.Estudos/DataEng/Alura/airflow-executores/venv/lib/python3.9/site-packages/airflow/example_dags/tutorial_etl_dag.py
[2024-10-08 13:24:52,746] {processor.py:641} INFO - Processing file /home/kennedy/KR/Programação/00.Estudos/DataEng/Alura/airflow-executores/venv/lib/python3.9/site-packages/airflow/example_dags/tutorial_etl_dag.py for tasks to queue
[2024-10-08 13:24:52,748] {logging_mixin.py:115} INFO - [2024-10-08 13:24:52,748] {dagbag.py:507} INFO - Filling up the DagBag from /home/kennedy/KR/Programação/00.Estudos/DataEng/Alura/airflow-executores/venv/lib/python3.9/site-packages/airflow/example_dags/tutorial_etl_dag.py
[2024-10-08 13:24:52,767] {processor.py:651} INFO - DAG(s) dict_keys(['tutorial_etl_dag']) retrieved from /home/kennedy/KR/Programação/00.Estudos/DataEng/Alura/airflow-executores/venv/lib/python3.9/site-packages/airflow/example_dags/tutorial_etl_dag.py
[2024-10-08 13:24:52,809] {logging_mixin.py:115} INFO - [2024-10-08 13:24:52,809] {dag.py:2379} INFO - Sync 1 DAGs
[2024-10-08 13:24:52,837] {logging_mixin.py:115} INFO - [2024-10-08 13:24:52,837] {dag.py:2927} INFO - Setting next_dagrun for tutorial_etl_dag to None, run_after=None
[2024-10-08 13:24:53,047] {processor.py:161} INFO - Processing /home/kennedy/KR/Programação/00.Estudos/DataEng/Alura/airflow-executores/venv/lib/python3.9/site-packages/airflow/example_dags/tutorial_etl_dag.py took 0.499 seconds
[2024-10-08 13:25:49,550] {processor.py:153} INFO - Started process (PID=37788) to work on /home/kennedy/KR/Programação/00.Estudos/DataEng/Alura/airflow-executores/venv/lib/python3.9/site-packages/airflow/example_dags/tutorial_etl_dag.py
[2024-10-08 13:25:49,560] {processor.py:641} INFO - Processing file /home/kennedy/KR/Programação/00.Estudos/DataEng/Alura/airflow-executores/venv/lib/python3.9/site-packages/airflow/example_dags/tutorial_etl_dag.py for tasks to queue
[2024-10-08 13:25:49,563] {logging_mixin.py:115} INFO - [2024-10-08 13:25:49,563] {dagbag.py:507} INFO - Filling up the DagBag from /home/kennedy/KR/Programação/00.Estudos/DataEng/Alura/airflow-executores/venv/lib/python3.9/site-packages/airflow/example_dags/tutorial_etl_dag.py
[2024-10-08 13:25:49,587] {processor.py:651} INFO - DAG(s) dict_keys(['tutorial_etl_dag']) retrieved from /home/kennedy/KR/Programação/00.Estudos/DataEng/Alura/airflow-executores/venv/lib/python3.9/site-packages/airflow/example_dags/tutorial_etl_dag.py
[2024-10-08 13:25:49,643] {logging_mixin.py:115} INFO - [2024-10-08 13:25:49,643] {dag.py:2379} INFO - Sync 1 DAGs
[2024-10-08 13:25:49,675] {logging_mixin.py:115} INFO - [2024-10-08 13:25:49,675] {dag.py:2927} INFO - Setting next_dagrun for tutorial_etl_dag to None, run_after=None
[2024-10-08 13:25:50,132] {processor.py:161} INFO - Processing /home/kennedy/KR/Programação/00.Estudos/DataEng/Alura/airflow-executores/venv/lib/python3.9/site-packages/airflow/example_dags/tutorial_etl_dag.py took 0.592 seconds
[2024-10-08 13:26:49,768] {processor.py:153} INFO - Started process (PID=37857) to work on /home/kennedy/KR/Programação/00.Estudos/DataEng/Alura/airflow-executores/venv/lib/python3.9/site-packages/airflow/example_dags/tutorial_etl_dag.py
[2024-10-08 13:26:49,820] {processor.py:641} INFO - Processing file /home/kennedy/KR/Programação/00.Estudos/DataEng/Alura/airflow-executores/venv/lib/python3.9/site-packages/airflow/example_dags/tutorial_etl_dag.py for tasks to queue
[2024-10-08 13:26:49,821] {logging_mixin.py:115} INFO - [2024-10-08 13:26:49,821] {dagbag.py:507} INFO - Filling up the DagBag from /home/kennedy/KR/Programação/00.Estudos/DataEng/Alura/airflow-executores/venv/lib/python3.9/site-packages/airflow/example_dags/tutorial_etl_dag.py
[2024-10-08 13:26:49,836] {processor.py:651} INFO - DAG(s) dict_keys(['tutorial_etl_dag']) retrieved from /home/kennedy/KR/Programação/00.Estudos/DataEng/Alura/airflow-executores/venv/lib/python3.9/site-packages/airflow/example_dags/tutorial_etl_dag.py
[2024-10-08 13:26:49,859] {logging_mixin.py:115} INFO - [2024-10-08 13:26:49,859] {dag.py:2379} INFO - Sync 1 DAGs
[2024-10-08 13:26:49,875] {logging_mixin.py:115} INFO - [2024-10-08 13:26:49,875] {dag.py:2927} INFO - Setting next_dagrun for tutorial_etl_dag to None, run_after=None
[2024-10-08 13:26:52,594] {processor.py:161} INFO - Processing /home/kennedy/KR/Programação/00.Estudos/DataEng/Alura/airflow-executores/venv/lib/python3.9/site-packages/airflow/example_dags/tutorial_etl_dag.py took 2.833 seconds
[2024-10-08 13:27:39,995] {processor.py:153} INFO - Started process (PID=37971) to work on /home/kennedy/KR/Programação/00.Estudos/DataEng/Alura/airflow-executores/venv/lib/python3.9/site-packages/airflow/example_dags/tutorial_etl_dag.py
[2024-10-08 13:27:40,009] {processor.py:641} INFO - Processing file /home/kennedy/KR/Programação/00.Estudos/DataEng/Alura/airflow-executores/venv/lib/python3.9/site-packages/airflow/example_dags/tutorial_etl_dag.py for tasks to queue
[2024-10-08 13:27:40,011] {logging_mixin.py:115} INFO - [2024-10-08 13:27:40,011] {dagbag.py:507} INFO - Filling up the DagBag from /home/kennedy/KR/Programação/00.Estudos/DataEng/Alura/airflow-executores/venv/lib/python3.9/site-packages/airflow/example_dags/tutorial_etl_dag.py
[2024-10-08 13:27:40,028] {processor.py:651} INFO - DAG(s) dict_keys(['tutorial_etl_dag']) retrieved from /home/kennedy/KR/Programação/00.Estudos/DataEng/Alura/airflow-executores/venv/lib/python3.9/site-packages/airflow/example_dags/tutorial_etl_dag.py
[2024-10-08 13:27:40,049] {logging_mixin.py:115} INFO - [2024-10-08 13:27:40,049] {dag.py:2379} INFO - Sync 1 DAGs
[2024-10-08 13:27:40,063] {logging_mixin.py:115} INFO - [2024-10-08 13:27:40,063] {dag.py:2927} INFO - Setting next_dagrun for tutorial_etl_dag to None, run_after=None
[2024-10-08 13:27:40,148] {processor.py:161} INFO - Processing /home/kennedy/KR/Programação/00.Estudos/DataEng/Alura/airflow-executores/venv/lib/python3.9/site-packages/airflow/example_dags/tutorial_etl_dag.py took 0.159 seconds
[2024-10-08 13:28:51,034] {processor.py:153} INFO - Started process (PID=38126) to work on /home/kennedy/KR/Programação/00.Estudos/DataEng/Alura/airflow-executores/venv/lib/python3.9/site-packages/airflow/example_dags/tutorial_etl_dag.py
[2024-10-08 13:28:51,219] {processor.py:641} INFO - Processing file /home/kennedy/KR/Programação/00.Estudos/DataEng/Alura/airflow-executores/venv/lib/python3.9/site-packages/airflow/example_dags/tutorial_etl_dag.py for tasks to queue
[2024-10-08 13:28:51,219] {logging_mixin.py:115} INFO - [2024-10-08 13:28:51,219] {dagbag.py:507} INFO - Filling up the DagBag from /home/kennedy/KR/Programação/00.Estudos/DataEng/Alura/airflow-executores/venv/lib/python3.9/site-packages/airflow/example_dags/tutorial_etl_dag.py
[2024-10-08 13:28:51,226] {processor.py:651} INFO - DAG(s) dict_keys(['tutorial_etl_dag']) retrieved from /home/kennedy/KR/Programação/00.Estudos/DataEng/Alura/airflow-executores/venv/lib/python3.9/site-packages/airflow/example_dags/tutorial_etl_dag.py
[2024-10-08 13:28:51,241] {logging_mixin.py:115} INFO - [2024-10-08 13:28:51,241] {dag.py:2379} INFO - Sync 1 DAGs
[2024-10-08 13:28:51,257] {logging_mixin.py:115} INFO - [2024-10-08 13:28:51,257] {dag.py:2927} INFO - Setting next_dagrun for tutorial_etl_dag to None, run_after=None
[2024-10-08 13:28:51,628] {processor.py:161} INFO - Processing /home/kennedy/KR/Programação/00.Estudos/DataEng/Alura/airflow-executores/venv/lib/python3.9/site-packages/airflow/example_dags/tutorial_etl_dag.py took 0.596 seconds
[2024-10-08 13:29:35,549] {processor.py:153} INFO - Started process (PID=38433) to work on /home/kennedy/KR/Programação/00.Estudos/DataEng/Alura/airflow-executores/venv/lib/python3.9/site-packages/airflow/example_dags/tutorial_etl_dag.py
[2024-10-08 13:29:35,574] {processor.py:641} INFO - Processing file /home/kennedy/KR/Programação/00.Estudos/DataEng/Alura/airflow-executores/venv/lib/python3.9/site-packages/airflow/example_dags/tutorial_etl_dag.py for tasks to queue
[2024-10-08 13:29:35,575] {logging_mixin.py:115} INFO - [2024-10-08 13:29:35,575] {dagbag.py:507} INFO - Filling up the DagBag from /home/kennedy/KR/Programação/00.Estudos/DataEng/Alura/airflow-executores/venv/lib/python3.9/site-packages/airflow/example_dags/tutorial_etl_dag.py
[2024-10-08 13:29:35,581] {processor.py:651} INFO - DAG(s) dict_keys(['tutorial_etl_dag']) retrieved from /home/kennedy/KR/Programação/00.Estudos/DataEng/Alura/airflow-executores/venv/lib/python3.9/site-packages/airflow/example_dags/tutorial_etl_dag.py
[2024-10-08 13:29:35,597] {logging_mixin.py:115} INFO - [2024-10-08 13:29:35,597] {dag.py:2379} INFO - Sync 1 DAGs
[2024-10-08 13:29:35,615] {logging_mixin.py:115} INFO - [2024-10-08 13:29:35,615] {dag.py:2927} INFO - Setting next_dagrun for tutorial_etl_dag to None, run_after=None
[2024-10-08 13:29:35,765] {processor.py:161} INFO - Processing /home/kennedy/KR/Programação/00.Estudos/DataEng/Alura/airflow-executores/venv/lib/python3.9/site-packages/airflow/example_dags/tutorial_etl_dag.py took 0.218 seconds
[2024-10-08 13:30:32,718] {processor.py:153} INFO - Started process (PID=38572) to work on /home/kennedy/KR/Programação/00.Estudos/DataEng/Alura/airflow-executores/venv/lib/python3.9/site-packages/airflow/example_dags/tutorial_etl_dag.py
[2024-10-08 13:30:32,848] {processor.py:641} INFO - Processing file /home/kennedy/KR/Programação/00.Estudos/DataEng/Alura/airflow-executores/venv/lib/python3.9/site-packages/airflow/example_dags/tutorial_etl_dag.py for tasks to queue
[2024-10-08 13:30:32,850] {logging_mixin.py:115} INFO - [2024-10-08 13:30:32,849] {dagbag.py:507} INFO - Filling up the DagBag from /home/kennedy/KR/Programação/00.Estudos/DataEng/Alura/airflow-executores/venv/lib/python3.9/site-packages/airflow/example_dags/tutorial_etl_dag.py
[2024-10-08 13:30:32,867] {processor.py:651} INFO - DAG(s) dict_keys(['tutorial_etl_dag']) retrieved from /home/kennedy/KR/Programação/00.Estudos/DataEng/Alura/airflow-executores/venv/lib/python3.9/site-packages/airflow/example_dags/tutorial_etl_dag.py
[2024-10-08 13:30:32,905] {logging_mixin.py:115} INFO - [2024-10-08 13:30:32,904] {dag.py:2379} INFO - Sync 1 DAGs
[2024-10-08 13:30:32,931] {logging_mixin.py:115} INFO - [2024-10-08 13:30:32,931] {dag.py:2927} INFO - Setting next_dagrun for tutorial_etl_dag to None, run_after=None
[2024-10-08 13:30:33,031] {processor.py:161} INFO - Processing /home/kennedy/KR/Programação/00.Estudos/DataEng/Alura/airflow-executores/venv/lib/python3.9/site-packages/airflow/example_dags/tutorial_etl_dag.py took 0.319 seconds
[2024-10-08 13:31:35,150] {processor.py:153} INFO - Started process (PID=38664) to work on /home/kennedy/KR/Programação/00.Estudos/DataEng/Alura/airflow-executores/venv/lib/python3.9/site-packages/airflow/example_dags/tutorial_etl_dag.py
[2024-10-08 13:31:35,215] {processor.py:641} INFO - Processing file /home/kennedy/KR/Programação/00.Estudos/DataEng/Alura/airflow-executores/venv/lib/python3.9/site-packages/airflow/example_dags/tutorial_etl_dag.py for tasks to queue
[2024-10-08 13:31:35,216] {logging_mixin.py:115} INFO - [2024-10-08 13:31:35,216] {dagbag.py:507} INFO - Filling up the DagBag from /home/kennedy/KR/Programação/00.Estudos/DataEng/Alura/airflow-executores/venv/lib/python3.9/site-packages/airflow/example_dags/tutorial_etl_dag.py
[2024-10-08 13:31:35,230] {processor.py:651} INFO - DAG(s) dict_keys(['tutorial_etl_dag']) retrieved from /home/kennedy/KR/Programação/00.Estudos/DataEng/Alura/airflow-executores/venv/lib/python3.9/site-packages/airflow/example_dags/tutorial_etl_dag.py
[2024-10-08 13:31:35,268] {logging_mixin.py:115} INFO - [2024-10-08 13:31:35,268] {dag.py:2379} INFO - Sync 1 DAGs
[2024-10-08 13:31:35,290] {logging_mixin.py:115} INFO - [2024-10-08 13:31:35,290] {dag.py:2927} INFO - Setting next_dagrun for tutorial_etl_dag to None, run_after=None
[2024-10-08 13:31:35,897] {processor.py:161} INFO - Processing /home/kennedy/KR/Programação/00.Estudos/DataEng/Alura/airflow-executores/venv/lib/python3.9/site-packages/airflow/example_dags/tutorial_etl_dag.py took 0.754 seconds
[2024-10-08 13:32:45,458] {processor.py:153} INFO - Started process (PID=38837) to work on /home/kennedy/KR/Programação/00.Estudos/DataEng/Alura/airflow-executores/venv/lib/python3.9/site-packages/airflow/example_dags/tutorial_etl_dag.py
[2024-10-08 13:32:46,045] {processor.py:641} INFO - Processing file /home/kennedy/KR/Programação/00.Estudos/DataEng/Alura/airflow-executores/venv/lib/python3.9/site-packages/airflow/example_dags/tutorial_etl_dag.py for tasks to queue
[2024-10-08 13:32:46,046] {logging_mixin.py:115} INFO - [2024-10-08 13:32:46,046] {dagbag.py:507} INFO - Filling up the DagBag from /home/kennedy/KR/Programação/00.Estudos/DataEng/Alura/airflow-executores/venv/lib/python3.9/site-packages/airflow/example_dags/tutorial_etl_dag.py
[2024-10-08 13:32:46,055] {processor.py:651} INFO - DAG(s) dict_keys(['tutorial_etl_dag']) retrieved from /home/kennedy/KR/Programação/00.Estudos/DataEng/Alura/airflow-executores/venv/lib/python3.9/site-packages/airflow/example_dags/tutorial_etl_dag.py
[2024-10-08 13:32:46,081] {logging_mixin.py:115} INFO - [2024-10-08 13:32:46,081] {dag.py:2379} INFO - Sync 1 DAGs
[2024-10-08 13:32:46,107] {logging_mixin.py:115} INFO - [2024-10-08 13:32:46,107] {dag.py:2927} INFO - Setting next_dagrun for tutorial_etl_dag to None, run_after=None
[2024-10-08 13:32:48,485] {processor.py:161} INFO - Processing /home/kennedy/KR/Programação/00.Estudos/DataEng/Alura/airflow-executores/venv/lib/python3.9/site-packages/airflow/example_dags/tutorial_etl_dag.py took 3.030 seconds
[2024-10-08 13:34:00,122] {processor.py:153} INFO - Started process (PID=38941) to work on /home/kennedy/KR/Programação/00.Estudos/DataEng/Alura/airflow-executores/venv/lib/python3.9/site-packages/airflow/example_dags/tutorial_etl_dag.py
[2024-10-08 13:34:00,152] {processor.py:641} INFO - Processing file /home/kennedy/KR/Programação/00.Estudos/DataEng/Alura/airflow-executores/venv/lib/python3.9/site-packages/airflow/example_dags/tutorial_etl_dag.py for tasks to queue
[2024-10-08 13:34:00,153] {logging_mixin.py:115} INFO - [2024-10-08 13:34:00,153] {dagbag.py:507} INFO - Filling up the DagBag from /home/kennedy/KR/Programação/00.Estudos/DataEng/Alura/airflow-executores/venv/lib/python3.9/site-packages/airflow/example_dags/tutorial_etl_dag.py
[2024-10-08 13:34:00,169] {processor.py:651} INFO - DAG(s) dict_keys(['tutorial_etl_dag']) retrieved from /home/kennedy/KR/Programação/00.Estudos/DataEng/Alura/airflow-executores/venv/lib/python3.9/site-packages/airflow/example_dags/tutorial_etl_dag.py
[2024-10-08 13:34:00,198] {logging_mixin.py:115} INFO - [2024-10-08 13:34:00,198] {dag.py:2379} INFO - Sync 1 DAGs
[2024-10-08 13:34:00,214] {logging_mixin.py:115} INFO - [2024-10-08 13:34:00,214] {dag.py:2927} INFO - Setting next_dagrun for tutorial_etl_dag to None, run_after=None
[2024-10-08 13:34:01,599] {processor.py:161} INFO - Processing /home/kennedy/KR/Programação/00.Estudos/DataEng/Alura/airflow-executores/venv/lib/python3.9/site-packages/airflow/example_dags/tutorial_etl_dag.py took 1.483 seconds
[2024-10-08 15:46:40,768] {processor.py:153} INFO - Started process (PID=11142) to work on /home/kennedy/.local/lib/python3.10/site-packages/airflow/example_dags/tutorial_etl_dag.py
[2024-10-08 15:46:40,820] {processor.py:641} INFO - Processing file /home/kennedy/.local/lib/python3.10/site-packages/airflow/example_dags/tutorial_etl_dag.py for tasks to queue
[2024-10-08 15:46:40,821] {logging_mixin.py:115} INFO - [2024-10-08 15:46:40,821] {dagbag.py:507} INFO - Filling up the DagBag from /home/kennedy/.local/lib/python3.10/site-packages/airflow/example_dags/tutorial_etl_dag.py
[2024-10-08 15:46:40,831] {processor.py:651} INFO - DAG(s) dict_keys(['tutorial_etl_dag']) retrieved from /home/kennedy/.local/lib/python3.10/site-packages/airflow/example_dags/tutorial_etl_dag.py
[2024-10-08 15:46:40,878] {logging_mixin.py:115} INFO - [2024-10-08 15:46:40,878] {dag.py:2379} INFO - Sync 1 DAGs
[2024-10-08 15:46:40,905] {logging_mixin.py:115} INFO - [2024-10-08 15:46:40,905] {dag.py:2927} INFO - Setting next_dagrun for tutorial_etl_dag to None, run_after=None
[2024-10-08 15:46:41,186] {processor.py:161} INFO - Processing /home/kennedy/.local/lib/python3.10/site-packages/airflow/example_dags/tutorial_etl_dag.py took 0.422 seconds
[2024-10-08 16:36:24,508] {processor.py:153} INFO - Started process (PID=16452) to work on /home/kennedy/KR/Programação/00.Estudos/DataEng/Alura/airflow-executores/venv/lib/python3.9/site-packages/airflow/example_dags/tutorial_etl_dag.py
[2024-10-08 16:36:24,601] {processor.py:641} INFO - Processing file /home/kennedy/KR/Programação/00.Estudos/DataEng/Alura/airflow-executores/venv/lib/python3.9/site-packages/airflow/example_dags/tutorial_etl_dag.py for tasks to queue
[2024-10-08 16:36:24,603] {logging_mixin.py:115} INFO - [2024-10-08 16:36:24,602] {dagbag.py:507} INFO - Filling up the DagBag from /home/kennedy/KR/Programação/00.Estudos/DataEng/Alura/airflow-executores/venv/lib/python3.9/site-packages/airflow/example_dags/tutorial_etl_dag.py
[2024-10-08 16:36:24,631] {processor.py:651} INFO - DAG(s) dict_keys(['tutorial_etl_dag']) retrieved from /home/kennedy/KR/Programação/00.Estudos/DataEng/Alura/airflow-executores/venv/lib/python3.9/site-packages/airflow/example_dags/tutorial_etl_dag.py
[2024-10-08 16:36:24,736] {logging_mixin.py:115} INFO - [2024-10-08 16:36:24,736] {dag.py:2379} INFO - Sync 1 DAGs
[2024-10-08 16:36:24,753] {logging_mixin.py:115} INFO - [2024-10-08 16:36:24,753] {dag.py:2927} INFO - Setting next_dagrun for tutorial_etl_dag to None, run_after=None
[2024-10-08 16:36:24,930] {processor.py:161} INFO - Processing /home/kennedy/KR/Programação/00.Estudos/DataEng/Alura/airflow-executores/venv/lib/python3.9/site-packages/airflow/example_dags/tutorial_etl_dag.py took 0.426 seconds
[2024-10-08 16:37:25,884] {processor.py:153} INFO - Started process (PID=16769) to work on /home/kennedy/KR/Programação/00.Estudos/DataEng/Alura/airflow-executores/venv/lib/python3.9/site-packages/airflow/example_dags/tutorial_etl_dag.py
[2024-10-08 16:37:25,895] {processor.py:641} INFO - Processing file /home/kennedy/KR/Programação/00.Estudos/DataEng/Alura/airflow-executores/venv/lib/python3.9/site-packages/airflow/example_dags/tutorial_etl_dag.py for tasks to queue
[2024-10-08 16:37:25,896] {logging_mixin.py:115} INFO - [2024-10-08 16:37:25,896] {dagbag.py:507} INFO - Filling up the DagBag from /home/kennedy/KR/Programação/00.Estudos/DataEng/Alura/airflow-executores/venv/lib/python3.9/site-packages/airflow/example_dags/tutorial_etl_dag.py
[2024-10-08 16:37:25,910] {processor.py:651} INFO - DAG(s) dict_keys(['tutorial_etl_dag']) retrieved from /home/kennedy/KR/Programação/00.Estudos/DataEng/Alura/airflow-executores/venv/lib/python3.9/site-packages/airflow/example_dags/tutorial_etl_dag.py
[2024-10-08 16:37:25,926] {logging_mixin.py:115} INFO - [2024-10-08 16:37:25,926] {dag.py:2379} INFO - Sync 1 DAGs
[2024-10-08 16:37:25,939] {logging_mixin.py:115} INFO - [2024-10-08 16:37:25,938] {dag.py:2927} INFO - Setting next_dagrun for tutorial_etl_dag to None, run_after=None
[2024-10-08 16:37:26,391] {processor.py:161} INFO - Processing /home/kennedy/KR/Programação/00.Estudos/DataEng/Alura/airflow-executores/venv/lib/python3.9/site-packages/airflow/example_dags/tutorial_etl_dag.py took 0.514 seconds
[2024-10-08 16:38:43,034] {processor.py:153} INFO - Started process (PID=17262) to work on /home/kennedy/KR/Programação/00.Estudos/DataEng/Alura/airflow-executores/venv/lib/python3.9/site-packages/airflow/example_dags/tutorial_etl_dag.py
[2024-10-08 16:38:43,186] {processor.py:641} INFO - Processing file /home/kennedy/KR/Programação/00.Estudos/DataEng/Alura/airflow-executores/venv/lib/python3.9/site-packages/airflow/example_dags/tutorial_etl_dag.py for tasks to queue
[2024-10-08 16:38:43,187] {logging_mixin.py:115} INFO - [2024-10-08 16:38:43,187] {dagbag.py:507} INFO - Filling up the DagBag from /home/kennedy/KR/Programação/00.Estudos/DataEng/Alura/airflow-executores/venv/lib/python3.9/site-packages/airflow/example_dags/tutorial_etl_dag.py
[2024-10-08 16:38:43,205] {processor.py:651} INFO - DAG(s) dict_keys(['tutorial_etl_dag']) retrieved from /home/kennedy/KR/Programação/00.Estudos/DataEng/Alura/airflow-executores/venv/lib/python3.9/site-packages/airflow/example_dags/tutorial_etl_dag.py
[2024-10-08 16:38:43,467] {logging_mixin.py:115} INFO - [2024-10-08 16:38:43,467] {dag.py:2379} INFO - Sync 1 DAGs
[2024-10-08 16:38:43,495] {logging_mixin.py:115} INFO - [2024-10-08 16:38:43,495] {dag.py:2927} INFO - Setting next_dagrun for tutorial_etl_dag to None, run_after=None
[2024-10-08 16:38:43,731] {processor.py:161} INFO - Processing /home/kennedy/KR/Programação/00.Estudos/DataEng/Alura/airflow-executores/venv/lib/python3.9/site-packages/airflow/example_dags/tutorial_etl_dag.py took 0.703 seconds
[2024-10-08 16:40:05,550] {processor.py:153} INFO - Started process (PID=17536) to work on /home/kennedy/KR/Programação/00.Estudos/DataEng/Alura/airflow-executores/venv/lib/python3.9/site-packages/airflow/example_dags/tutorial_etl_dag.py
[2024-10-08 16:40:05,558] {processor.py:641} INFO - Processing file /home/kennedy/KR/Programação/00.Estudos/DataEng/Alura/airflow-executores/venv/lib/python3.9/site-packages/airflow/example_dags/tutorial_etl_dag.py for tasks to queue
[2024-10-08 16:40:05,559] {logging_mixin.py:115} INFO - [2024-10-08 16:40:05,559] {dagbag.py:507} INFO - Filling up the DagBag from /home/kennedy/KR/Programação/00.Estudos/DataEng/Alura/airflow-executores/venv/lib/python3.9/site-packages/airflow/example_dags/tutorial_etl_dag.py
[2024-10-08 16:40:05,575] {processor.py:651} INFO - DAG(s) dict_keys(['tutorial_etl_dag']) retrieved from /home/kennedy/KR/Programação/00.Estudos/DataEng/Alura/airflow-executores/venv/lib/python3.9/site-packages/airflow/example_dags/tutorial_etl_dag.py
[2024-10-08 16:40:05,596] {logging_mixin.py:115} INFO - [2024-10-08 16:40:05,596] {dag.py:2379} INFO - Sync 1 DAGs
[2024-10-08 16:40:05,610] {logging_mixin.py:115} INFO - [2024-10-08 16:40:05,610] {dag.py:2927} INFO - Setting next_dagrun for tutorial_etl_dag to None, run_after=None
[2024-10-08 16:40:05,690] {processor.py:161} INFO - Processing /home/kennedy/KR/Programação/00.Estudos/DataEng/Alura/airflow-executores/venv/lib/python3.9/site-packages/airflow/example_dags/tutorial_etl_dag.py took 0.146 seconds
[2024-10-08 16:41:08,663] {processor.py:153} INFO - Started process (PID=17910) to work on /home/kennedy/KR/Programação/00.Estudos/DataEng/Alura/airflow-executores/venv/lib/python3.9/site-packages/airflow/example_dags/tutorial_etl_dag.py
[2024-10-08 16:41:08,670] {processor.py:641} INFO - Processing file /home/kennedy/KR/Programação/00.Estudos/DataEng/Alura/airflow-executores/venv/lib/python3.9/site-packages/airflow/example_dags/tutorial_etl_dag.py for tasks to queue
[2024-10-08 16:41:08,671] {logging_mixin.py:115} INFO - [2024-10-08 16:41:08,671] {dagbag.py:507} INFO - Filling up the DagBag from /home/kennedy/KR/Programação/00.Estudos/DataEng/Alura/airflow-executores/venv/lib/python3.9/site-packages/airflow/example_dags/tutorial_etl_dag.py
[2024-10-08 16:41:08,687] {processor.py:651} INFO - DAG(s) dict_keys(['tutorial_etl_dag']) retrieved from /home/kennedy/KR/Programação/00.Estudos/DataEng/Alura/airflow-executores/venv/lib/python3.9/site-packages/airflow/example_dags/tutorial_etl_dag.py
[2024-10-08 16:41:08,705] {logging_mixin.py:115} INFO - [2024-10-08 16:41:08,705] {dag.py:2379} INFO - Sync 1 DAGs
[2024-10-08 16:41:08,721] {logging_mixin.py:115} INFO - [2024-10-08 16:41:08,721] {dag.py:2927} INFO - Setting next_dagrun for tutorial_etl_dag to None, run_after=None
[2024-10-08 16:41:10,692] {processor.py:161} INFO - Processing /home/kennedy/KR/Programação/00.Estudos/DataEng/Alura/airflow-executores/venv/lib/python3.9/site-packages/airflow/example_dags/tutorial_etl_dag.py took 2.035 seconds
[2024-10-08 16:42:19,947] {processor.py:153} INFO - Started process (PID=18161) to work on /home/kennedy/KR/Programação/00.Estudos/DataEng/Alura/airflow-executores/venv/lib/python3.9/site-packages/airflow/example_dags/tutorial_etl_dag.py
[2024-10-08 16:42:20,083] {processor.py:641} INFO - Processing file /home/kennedy/KR/Programação/00.Estudos/DataEng/Alura/airflow-executores/venv/lib/python3.9/site-packages/airflow/example_dags/tutorial_etl_dag.py for tasks to queue
[2024-10-08 16:42:20,084] {logging_mixin.py:115} INFO - [2024-10-08 16:42:20,084] {dagbag.py:507} INFO - Filling up the DagBag from /home/kennedy/KR/Programação/00.Estudos/DataEng/Alura/airflow-executores/venv/lib/python3.9/site-packages/airflow/example_dags/tutorial_etl_dag.py
[2024-10-08 16:42:20,101] {processor.py:651} INFO - DAG(s) dict_keys(['tutorial_etl_dag']) retrieved from /home/kennedy/KR/Programação/00.Estudos/DataEng/Alura/airflow-executores/venv/lib/python3.9/site-packages/airflow/example_dags/tutorial_etl_dag.py
[2024-10-08 16:42:20,123] {logging_mixin.py:115} INFO - [2024-10-08 16:42:20,123] {dag.py:2379} INFO - Sync 1 DAGs
[2024-10-08 16:42:20,137] {logging_mixin.py:115} INFO - [2024-10-08 16:42:20,137] {dag.py:2927} INFO - Setting next_dagrun for tutorial_etl_dag to None, run_after=None
[2024-10-08 16:42:20,471] {processor.py:161} INFO - Processing /home/kennedy/KR/Programação/00.Estudos/DataEng/Alura/airflow-executores/venv/lib/python3.9/site-packages/airflow/example_dags/tutorial_etl_dag.py took 0.528 seconds
[2024-10-08 16:43:46,535] {processor.py:153} INFO - Started process (PID=18249) to work on /home/kennedy/KR/Programação/00.Estudos/DataEng/Alura/airflow-executores/venv/lib/python3.9/site-packages/airflow/example_dags/tutorial_etl_dag.py
[2024-10-08 16:43:47,529] {processor.py:641} INFO - Processing file /home/kennedy/KR/Programação/00.Estudos/DataEng/Alura/airflow-executores/venv/lib/python3.9/site-packages/airflow/example_dags/tutorial_etl_dag.py for tasks to queue
[2024-10-08 16:43:47,530] {logging_mixin.py:115} INFO - [2024-10-08 16:43:47,530] {dagbag.py:507} INFO - Filling up the DagBag from /home/kennedy/KR/Programação/00.Estudos/DataEng/Alura/airflow-executores/venv/lib/python3.9/site-packages/airflow/example_dags/tutorial_etl_dag.py
[2024-10-08 16:43:47,546] {processor.py:651} INFO - DAG(s) dict_keys(['tutorial_etl_dag']) retrieved from /home/kennedy/KR/Programação/00.Estudos/DataEng/Alura/airflow-executores/venv/lib/python3.9/site-packages/airflow/example_dags/tutorial_etl_dag.py
[2024-10-08 16:43:47,569] {logging_mixin.py:115} INFO - [2024-10-08 16:43:47,569] {dag.py:2379} INFO - Sync 1 DAGs
[2024-10-08 16:43:47,585] {logging_mixin.py:115} INFO - [2024-10-08 16:43:47,585] {dag.py:2927} INFO - Setting next_dagrun for tutorial_etl_dag to None, run_after=None
[2024-10-08 16:43:48,510] {processor.py:161} INFO - Processing /home/kennedy/KR/Programação/00.Estudos/DataEng/Alura/airflow-executores/venv/lib/python3.9/site-packages/airflow/example_dags/tutorial_etl_dag.py took 1.982 seconds
[2024-10-08 16:44:34,999] {processor.py:153} INFO - Started process (PID=18285) to work on /home/kennedy/KR/Programação/00.Estudos/DataEng/Alura/airflow-executores/venv/lib/python3.9/site-packages/airflow/example_dags/tutorial_etl_dag.py
[2024-10-08 16:44:35,013] {processor.py:641} INFO - Processing file /home/kennedy/KR/Programação/00.Estudos/DataEng/Alura/airflow-executores/venv/lib/python3.9/site-packages/airflow/example_dags/tutorial_etl_dag.py for tasks to queue
[2024-10-08 16:44:35,014] {logging_mixin.py:115} INFO - [2024-10-08 16:44:35,014] {dagbag.py:507} INFO - Filling up the DagBag from /home/kennedy/KR/Programação/00.Estudos/DataEng/Alura/airflow-executores/venv/lib/python3.9/site-packages/airflow/example_dags/tutorial_etl_dag.py
[2024-10-08 16:44:35,030] {processor.py:651} INFO - DAG(s) dict_keys(['tutorial_etl_dag']) retrieved from /home/kennedy/KR/Programação/00.Estudos/DataEng/Alura/airflow-executores/venv/lib/python3.9/site-packages/airflow/example_dags/tutorial_etl_dag.py
[2024-10-08 16:44:35,051] {logging_mixin.py:115} INFO - [2024-10-08 16:44:35,051] {dag.py:2379} INFO - Sync 1 DAGs
[2024-10-08 16:44:35,065] {logging_mixin.py:115} INFO - [2024-10-08 16:44:35,065] {dag.py:2927} INFO - Setting next_dagrun for tutorial_etl_dag to None, run_after=None
[2024-10-08 16:44:36,217] {processor.py:161} INFO - Processing /home/kennedy/KR/Programação/00.Estudos/DataEng/Alura/airflow-executores/venv/lib/python3.9/site-packages/airflow/example_dags/tutorial_etl_dag.py took 1.225 seconds
[2024-10-08 16:45:22,299] {processor.py:153} INFO - Started process (PID=18334) to work on /home/kennedy/KR/Programação/00.Estudos/DataEng/Alura/airflow-executores/venv/lib/python3.9/site-packages/airflow/example_dags/tutorial_etl_dag.py
[2024-10-08 16:45:22,310] {processor.py:641} INFO - Processing file /home/kennedy/KR/Programação/00.Estudos/DataEng/Alura/airflow-executores/venv/lib/python3.9/site-packages/airflow/example_dags/tutorial_etl_dag.py for tasks to queue
[2024-10-08 16:45:22,312] {logging_mixin.py:115} INFO - [2024-10-08 16:45:22,311] {dagbag.py:507} INFO - Filling up the DagBag from /home/kennedy/KR/Programação/00.Estudos/DataEng/Alura/airflow-executores/venv/lib/python3.9/site-packages/airflow/example_dags/tutorial_etl_dag.py
[2024-10-08 16:45:22,327] {processor.py:651} INFO - DAG(s) dict_keys(['tutorial_etl_dag']) retrieved from /home/kennedy/KR/Programação/00.Estudos/DataEng/Alura/airflow-executores/venv/lib/python3.9/site-packages/airflow/example_dags/tutorial_etl_dag.py
[2024-10-08 16:45:22,347] {logging_mixin.py:115} INFO - [2024-10-08 16:45:22,347] {dag.py:2379} INFO - Sync 1 DAGs
[2024-10-08 16:45:22,360] {logging_mixin.py:115} INFO - [2024-10-08 16:45:22,360] {dag.py:2927} INFO - Setting next_dagrun for tutorial_etl_dag to None, run_after=None
[2024-10-08 16:45:23,582] {processor.py:161} INFO - Processing /home/kennedy/KR/Programação/00.Estudos/DataEng/Alura/airflow-executores/venv/lib/python3.9/site-packages/airflow/example_dags/tutorial_etl_dag.py took 1.289 seconds
[2024-10-08 16:46:23,074] {processor.py:153} INFO - Started process (PID=18891) to work on /home/kennedy/KR/Programação/00.Estudos/DataEng/Alura/airflow-executores/venv/lib/python3.9/site-packages/airflow/example_dags/tutorial_etl_dag.py
[2024-10-08 16:46:23,093] {processor.py:641} INFO - Processing file /home/kennedy/KR/Programação/00.Estudos/DataEng/Alura/airflow-executores/venv/lib/python3.9/site-packages/airflow/example_dags/tutorial_etl_dag.py for tasks to queue
[2024-10-08 16:46:23,094] {logging_mixin.py:115} INFO - [2024-10-08 16:46:23,094] {dagbag.py:507} INFO - Filling up the DagBag from /home/kennedy/KR/Programação/00.Estudos/DataEng/Alura/airflow-executores/venv/lib/python3.9/site-packages/airflow/example_dags/tutorial_etl_dag.py
[2024-10-08 16:46:23,113] {processor.py:651} INFO - DAG(s) dict_keys(['tutorial_etl_dag']) retrieved from /home/kennedy/KR/Programação/00.Estudos/DataEng/Alura/airflow-executores/venv/lib/python3.9/site-packages/airflow/example_dags/tutorial_etl_dag.py
[2024-10-08 16:46:23,561] {logging_mixin.py:115} INFO - [2024-10-08 16:46:23,561] {dag.py:2379} INFO - Sync 1 DAGs
[2024-10-08 16:46:23,575] {logging_mixin.py:115} INFO - [2024-10-08 16:46:23,574] {dag.py:2927} INFO - Setting next_dagrun for tutorial_etl_dag to None, run_after=None
[2024-10-08 16:46:23,651] {processor.py:161} INFO - Processing /home/kennedy/KR/Programação/00.Estudos/DataEng/Alura/airflow-executores/venv/lib/python3.9/site-packages/airflow/example_dags/tutorial_etl_dag.py took 0.583 seconds
[2024-10-08 16:47:42,684] {processor.py:153} INFO - Started process (PID=19109) to work on /home/kennedy/KR/Programação/00.Estudos/DataEng/Alura/airflow-executores/venv/lib/python3.9/site-packages/airflow/example_dags/tutorial_etl_dag.py
[2024-10-08 16:47:42,707] {processor.py:641} INFO - Processing file /home/kennedy/KR/Programação/00.Estudos/DataEng/Alura/airflow-executores/venv/lib/python3.9/site-packages/airflow/example_dags/tutorial_etl_dag.py for tasks to queue
[2024-10-08 16:47:42,708] {logging_mixin.py:115} INFO - [2024-10-08 16:47:42,708] {dagbag.py:507} INFO - Filling up the DagBag from /home/kennedy/KR/Programação/00.Estudos/DataEng/Alura/airflow-executores/venv/lib/python3.9/site-packages/airflow/example_dags/tutorial_etl_dag.py
[2024-10-08 16:47:42,717] {processor.py:651} INFO - DAG(s) dict_keys(['tutorial_etl_dag']) retrieved from /home/kennedy/KR/Programação/00.Estudos/DataEng/Alura/airflow-executores/venv/lib/python3.9/site-packages/airflow/example_dags/tutorial_etl_dag.py
[2024-10-08 16:47:42,738] {logging_mixin.py:115} INFO - [2024-10-08 16:47:42,738] {dag.py:2379} INFO - Sync 1 DAGs
[2024-10-08 16:47:42,757] {logging_mixin.py:115} INFO - [2024-10-08 16:47:42,757] {dag.py:2927} INFO - Setting next_dagrun for tutorial_etl_dag to None, run_after=None
[2024-10-08 16:47:43,006] {processor.py:161} INFO - Processing /home/kennedy/KR/Programação/00.Estudos/DataEng/Alura/airflow-executores/venv/lib/python3.9/site-packages/airflow/example_dags/tutorial_etl_dag.py took 0.326 seconds
[2024-10-08 16:48:44,330] {processor.py:153} INFO - Started process (PID=19259) to work on /home/kennedy/KR/Programação/00.Estudos/DataEng/Alura/airflow-executores/venv/lib/python3.9/site-packages/airflow/example_dags/tutorial_etl_dag.py
[2024-10-08 16:48:44,370] {processor.py:641} INFO - Processing file /home/kennedy/KR/Programação/00.Estudos/DataEng/Alura/airflow-executores/venv/lib/python3.9/site-packages/airflow/example_dags/tutorial_etl_dag.py for tasks to queue
[2024-10-08 16:48:44,371] {logging_mixin.py:115} INFO - [2024-10-08 16:48:44,371] {dagbag.py:507} INFO - Filling up the DagBag from /home/kennedy/KR/Programação/00.Estudos/DataEng/Alura/airflow-executores/venv/lib/python3.9/site-packages/airflow/example_dags/tutorial_etl_dag.py
[2024-10-08 16:48:44,379] {processor.py:651} INFO - DAG(s) dict_keys(['tutorial_etl_dag']) retrieved from /home/kennedy/KR/Programação/00.Estudos/DataEng/Alura/airflow-executores/venv/lib/python3.9/site-packages/airflow/example_dags/tutorial_etl_dag.py
[2024-10-08 16:48:44,395] {logging_mixin.py:115} INFO - [2024-10-08 16:48:44,394] {dag.py:2379} INFO - Sync 1 DAGs
[2024-10-08 16:48:44,410] {logging_mixin.py:115} INFO - [2024-10-08 16:48:44,410] {dag.py:2927} INFO - Setting next_dagrun for tutorial_etl_dag to None, run_after=None
[2024-10-08 16:48:44,630] {processor.py:161} INFO - Processing /home/kennedy/KR/Programação/00.Estudos/DataEng/Alura/airflow-executores/venv/lib/python3.9/site-packages/airflow/example_dags/tutorial_etl_dag.py took 0.304 seconds
[2024-10-08 16:50:36,296] {processor.py:153} INFO - Started process (PID=19802) to work on /home/kennedy/KR/Programação/00.Estudos/DataEng/Alura/airflow-executores/venv/lib/python3.9/site-packages/airflow/example_dags/tutorial_etl_dag.py
[2024-10-08 16:50:36,324] {processor.py:641} INFO - Processing file /home/kennedy/KR/Programação/00.Estudos/DataEng/Alura/airflow-executores/venv/lib/python3.9/site-packages/airflow/example_dags/tutorial_etl_dag.py for tasks to queue
[2024-10-08 16:50:36,325] {logging_mixin.py:115} INFO - [2024-10-08 16:50:36,324] {dagbag.py:507} INFO - Filling up the DagBag from /home/kennedy/KR/Programação/00.Estudos/DataEng/Alura/airflow-executores/venv/lib/python3.9/site-packages/airflow/example_dags/tutorial_etl_dag.py
[2024-10-08 16:50:36,341] {processor.py:651} INFO - DAG(s) dict_keys(['tutorial_etl_dag']) retrieved from /home/kennedy/KR/Programação/00.Estudos/DataEng/Alura/airflow-executores/venv/lib/python3.9/site-packages/airflow/example_dags/tutorial_etl_dag.py
[2024-10-08 16:50:36,366] {logging_mixin.py:115} INFO - [2024-10-08 16:50:36,366] {dag.py:2379} INFO - Sync 1 DAGs
[2024-10-08 16:50:36,384] {logging_mixin.py:115} INFO - [2024-10-08 16:50:36,384] {dag.py:2927} INFO - Setting next_dagrun for tutorial_etl_dag to None, run_after=None
[2024-10-08 16:50:36,625] {processor.py:161} INFO - Processing /home/kennedy/KR/Programação/00.Estudos/DataEng/Alura/airflow-executores/venv/lib/python3.9/site-packages/airflow/example_dags/tutorial_etl_dag.py took 0.336 seconds
[2024-10-08 17:02:44,544] {processor.py:153} INFO - Started process (PID=26187) to work on /home/kennedy/KR/Programação/00.Estudos/DataEng/Alura/airflow-executores/venv/lib/python3.9/site-packages/airflow/example_dags/tutorial_etl_dag.py
[2024-10-08 17:02:46,064] {processor.py:641} INFO - Processing file /home/kennedy/KR/Programação/00.Estudos/DataEng/Alura/airflow-executores/venv/lib/python3.9/site-packages/airflow/example_dags/tutorial_etl_dag.py for tasks to queue
[2024-10-08 17:02:46,069] {logging_mixin.py:115} INFO - [2024-10-08 17:02:46,069] {dagbag.py:507} INFO - Filling up the DagBag from /home/kennedy/KR/Programação/00.Estudos/DataEng/Alura/airflow-executores/venv/lib/python3.9/site-packages/airflow/example_dags/tutorial_etl_dag.py
[2024-10-08 17:02:46,084] {processor.py:651} INFO - DAG(s) dict_keys(['tutorial_etl_dag']) retrieved from /home/kennedy/KR/Programação/00.Estudos/DataEng/Alura/airflow-executores/venv/lib/python3.9/site-packages/airflow/example_dags/tutorial_etl_dag.py
[2024-10-08 17:02:46,113] {logging_mixin.py:115} INFO - [2024-10-08 17:02:46,113] {dag.py:2379} INFO - Sync 1 DAGs
[2024-10-08 17:02:46,143] {logging_mixin.py:115} INFO - [2024-10-08 17:02:46,143] {dag.py:2927} INFO - Setting next_dagrun for tutorial_etl_dag to None, run_after=None
[2024-10-08 17:02:46,296] {processor.py:161} INFO - Processing /home/kennedy/KR/Programação/00.Estudos/DataEng/Alura/airflow-executores/venv/lib/python3.9/site-packages/airflow/example_dags/tutorial_etl_dag.py took 1.758 seconds
[2024-10-08 17:07:40,826] {processor.py:153} INFO - Started process (PID=29718) to work on /home/kennedy/KR/Programação/00.Estudos/DataEng/Alura/airflow-executores/venv/lib/python3.9/site-packages/airflow/example_dags/tutorial_etl_dag.py
[2024-10-08 17:07:41,102] {processor.py:641} INFO - Processing file /home/kennedy/KR/Programação/00.Estudos/DataEng/Alura/airflow-executores/venv/lib/python3.9/site-packages/airflow/example_dags/tutorial_etl_dag.py for tasks to queue
[2024-10-08 17:07:41,103] {logging_mixin.py:115} INFO - [2024-10-08 17:07:41,103] {dagbag.py:507} INFO - Filling up the DagBag from /home/kennedy/KR/Programação/00.Estudos/DataEng/Alura/airflow-executores/venv/lib/python3.9/site-packages/airflow/example_dags/tutorial_etl_dag.py
[2024-10-08 17:07:41,119] {processor.py:651} INFO - DAG(s) dict_keys(['tutorial_etl_dag']) retrieved from /home/kennedy/KR/Programação/00.Estudos/DataEng/Alura/airflow-executores/venv/lib/python3.9/site-packages/airflow/example_dags/tutorial_etl_dag.py
[2024-10-08 17:07:41,142] {logging_mixin.py:115} INFO - [2024-10-08 17:07:41,142] {dag.py:2379} INFO - Sync 1 DAGs
[2024-10-08 17:07:41,154] {logging_mixin.py:115} INFO - [2024-10-08 17:07:41,154] {dag.py:2927} INFO - Setting next_dagrun for tutorial_etl_dag to None, run_after=None
[2024-10-08 17:07:42,478] {processor.py:161} INFO - Processing /home/kennedy/KR/Programação/00.Estudos/DataEng/Alura/airflow-executores/venv/lib/python3.9/site-packages/airflow/example_dags/tutorial_etl_dag.py took 1.654 seconds
[2024-10-08 17:18:41,171] {processor.py:153} INFO - Started process (PID=37082) to work on /home/kennedy/KR/Programação/00.Estudos/DataEng/Alura/airflow-executores/venv/lib/python3.9/site-packages/airflow/example_dags/tutorial_etl_dag.py
[2024-10-08 17:18:41,172] {processor.py:641} INFO - Processing file /home/kennedy/KR/Programação/00.Estudos/DataEng/Alura/airflow-executores/venv/lib/python3.9/site-packages/airflow/example_dags/tutorial_etl_dag.py for tasks to queue
[2024-10-08 17:18:41,173] {logging_mixin.py:115} INFO - [2024-10-08 17:18:41,173] {dagbag.py:507} INFO - Filling up the DagBag from /home/kennedy/KR/Programação/00.Estudos/DataEng/Alura/airflow-executores/venv/lib/python3.9/site-packages/airflow/example_dags/tutorial_etl_dag.py
[2024-10-08 17:18:41,181] {processor.py:651} INFO - DAG(s) dict_keys(['tutorial_etl_dag']) retrieved from /home/kennedy/KR/Programação/00.Estudos/DataEng/Alura/airflow-executores/venv/lib/python3.9/site-packages/airflow/example_dags/tutorial_etl_dag.py
[2024-10-08 17:18:41,196] {logging_mixin.py:115} INFO - [2024-10-08 17:18:41,196] {dag.py:2379} INFO - Sync 1 DAGs
[2024-10-08 17:18:41,212] {logging_mixin.py:115} INFO - [2024-10-08 17:18:41,212] {dag.py:2927} INFO - Setting next_dagrun for tutorial_etl_dag to None, run_after=None
[2024-10-08 17:18:42,298] {processor.py:161} INFO - Processing /home/kennedy/KR/Programação/00.Estudos/DataEng/Alura/airflow-executores/venv/lib/python3.9/site-packages/airflow/example_dags/tutorial_etl_dag.py took 1.130 seconds
