[2024-10-08 13:22:14,687] {processor.py:153} INFO - Started process (PID=37292) to work on /home/kennedy/KR/Programação/00.Estudos/DataEng/Alura/airflow-executores/venv/lib/python3.9/site-packages/airflow/example_dags/tutorial_taskflow_api_etl.py
[2024-10-08 13:22:14,688] {processor.py:641} INFO - Processing file /home/kennedy/KR/Programação/00.Estudos/DataEng/Alura/airflow-executores/venv/lib/python3.9/site-packages/airflow/example_dags/tutorial_taskflow_api_etl.py for tasks to queue
[2024-10-08 13:22:14,689] {logging_mixin.py:115} INFO - [2024-10-08 13:22:14,689] {dagbag.py:507} INFO - Filling up the DagBag from /home/kennedy/KR/Programação/00.Estudos/DataEng/Alura/airflow-executores/venv/lib/python3.9/site-packages/airflow/example_dags/tutorial_taskflow_api_etl.py
[2024-10-08 13:22:14,723] {processor.py:651} INFO - DAG(s) dict_keys(['tutorial_taskflow_api_etl']) retrieved from /home/kennedy/KR/Programação/00.Estudos/DataEng/Alura/airflow-executores/venv/lib/python3.9/site-packages/airflow/example_dags/tutorial_taskflow_api_etl.py
[2024-10-08 13:22:17,708] {logging_mixin.py:115} INFO - [2024-10-08 13:22:17,707] {manager.py:508} INFO - Created Permission View: can delete on DAG:tutorial_taskflow_api_etl
[2024-10-08 13:22:19,293] {logging_mixin.py:115} INFO - [2024-10-08 13:22:19,293] {manager.py:508} INFO - Created Permission View: can read on DAG:tutorial_taskflow_api_etl
[2024-10-08 13:22:19,981] {logging_mixin.py:115} INFO - [2024-10-08 13:22:19,981] {manager.py:508} INFO - Created Permission View: can edit on DAG:tutorial_taskflow_api_etl
[2024-10-08 13:22:19,981] {logging_mixin.py:115} INFO - [2024-10-08 13:22:19,981] {dag.py:2379} INFO - Sync 1 DAGs
[2024-10-08 13:22:19,998] {logging_mixin.py:115} INFO - [2024-10-08 13:22:19,997] {dag.py:2398} INFO - Creating ORM DAG for tutorial_taskflow_api_etl
[2024-10-08 13:22:20,015] {logging_mixin.py:115} INFO - [2024-10-08 13:22:20,015] {dag.py:2927} INFO - Setting next_dagrun for tutorial_taskflow_api_etl to None, run_after=None
[2024-10-08 13:22:20,271] {processor.py:161} INFO - Processing /home/kennedy/KR/Programação/00.Estudos/DataEng/Alura/airflow-executores/venv/lib/python3.9/site-packages/airflow/example_dags/tutorial_taskflow_api_etl.py took 5.590 seconds
[2024-10-08 13:24:46,776] {processor.py:153} INFO - Started process (PID=37713) to work on /home/kennedy/KR/Programação/00.Estudos/DataEng/Alura/airflow-executores/venv/lib/python3.9/site-packages/airflow/example_dags/tutorial_taskflow_api_etl.py
[2024-10-08 13:24:46,784] {processor.py:641} INFO - Processing file /home/kennedy/KR/Programação/00.Estudos/DataEng/Alura/airflow-executores/venv/lib/python3.9/site-packages/airflow/example_dags/tutorial_taskflow_api_etl.py for tasks to queue
[2024-10-08 13:24:46,785] {logging_mixin.py:115} INFO - [2024-10-08 13:24:46,785] {dagbag.py:507} INFO - Filling up the DagBag from /home/kennedy/KR/Programação/00.Estudos/DataEng/Alura/airflow-executores/venv/lib/python3.9/site-packages/airflow/example_dags/tutorial_taskflow_api_etl.py
[2024-10-08 13:24:46,826] {processor.py:651} INFO - DAG(s) dict_keys(['tutorial_taskflow_api_etl']) retrieved from /home/kennedy/KR/Programação/00.Estudos/DataEng/Alura/airflow-executores/venv/lib/python3.9/site-packages/airflow/example_dags/tutorial_taskflow_api_etl.py
[2024-10-08 13:24:46,892] {logging_mixin.py:115} INFO - [2024-10-08 13:24:46,891] {dag.py:2379} INFO - Sync 1 DAGs
[2024-10-08 13:24:46,910] {logging_mixin.py:115} INFO - [2024-10-08 13:24:46,910] {dag.py:2927} INFO - Setting next_dagrun for tutorial_taskflow_api_etl to None, run_after=None
[2024-10-08 13:24:47,265] {processor.py:161} INFO - Processing /home/kennedy/KR/Programação/00.Estudos/DataEng/Alura/airflow-executores/venv/lib/python3.9/site-packages/airflow/example_dags/tutorial_taskflow_api_etl.py took 0.498 seconds
[2024-10-08 13:25:43,466] {processor.py:153} INFO - Started process (PID=37783) to work on /home/kennedy/KR/Programação/00.Estudos/DataEng/Alura/airflow-executores/venv/lib/python3.9/site-packages/airflow/example_dags/tutorial_taskflow_api_etl.py
[2024-10-08 13:25:43,491] {processor.py:641} INFO - Processing file /home/kennedy/KR/Programação/00.Estudos/DataEng/Alura/airflow-executores/venv/lib/python3.9/site-packages/airflow/example_dags/tutorial_taskflow_api_etl.py for tasks to queue
[2024-10-08 13:25:43,492] {logging_mixin.py:115} INFO - [2024-10-08 13:25:43,492] {dagbag.py:507} INFO - Filling up the DagBag from /home/kennedy/KR/Programação/00.Estudos/DataEng/Alura/airflow-executores/venv/lib/python3.9/site-packages/airflow/example_dags/tutorial_taskflow_api_etl.py
[2024-10-08 13:25:43,506] {processor.py:651} INFO - DAG(s) dict_keys(['tutorial_taskflow_api_etl']) retrieved from /home/kennedy/KR/Programação/00.Estudos/DataEng/Alura/airflow-executores/venv/lib/python3.9/site-packages/airflow/example_dags/tutorial_taskflow_api_etl.py
[2024-10-08 13:25:43,542] {logging_mixin.py:115} INFO - [2024-10-08 13:25:43,542] {dag.py:2379} INFO - Sync 1 DAGs
[2024-10-08 13:25:43,553] {logging_mixin.py:115} INFO - [2024-10-08 13:25:43,553] {dag.py:2927} INFO - Setting next_dagrun for tutorial_taskflow_api_etl to None, run_after=None
[2024-10-08 13:25:43,736] {processor.py:161} INFO - Processing /home/kennedy/KR/Programação/00.Estudos/DataEng/Alura/airflow-executores/venv/lib/python3.9/site-packages/airflow/example_dags/tutorial_taskflow_api_etl.py took 0.275 seconds
[2024-10-08 13:26:42,057] {processor.py:153} INFO - Started process (PID=37833) to work on /home/kennedy/KR/Programação/00.Estudos/DataEng/Alura/airflow-executores/venv/lib/python3.9/site-packages/airflow/example_dags/tutorial_taskflow_api_etl.py
[2024-10-08 13:26:42,063] {processor.py:641} INFO - Processing file /home/kennedy/KR/Programação/00.Estudos/DataEng/Alura/airflow-executores/venv/lib/python3.9/site-packages/airflow/example_dags/tutorial_taskflow_api_etl.py for tasks to queue
[2024-10-08 13:26:42,064] {logging_mixin.py:115} INFO - [2024-10-08 13:26:42,064] {dagbag.py:507} INFO - Filling up the DagBag from /home/kennedy/KR/Programação/00.Estudos/DataEng/Alura/airflow-executores/venv/lib/python3.9/site-packages/airflow/example_dags/tutorial_taskflow_api_etl.py
[2024-10-08 13:26:42,091] {processor.py:651} INFO - DAG(s) dict_keys(['tutorial_taskflow_api_etl']) retrieved from /home/kennedy/KR/Programação/00.Estudos/DataEng/Alura/airflow-executores/venv/lib/python3.9/site-packages/airflow/example_dags/tutorial_taskflow_api_etl.py
[2024-10-08 13:26:42,105] {logging_mixin.py:115} INFO - [2024-10-08 13:26:42,105] {dag.py:2379} INFO - Sync 1 DAGs
[2024-10-08 13:26:42,120] {logging_mixin.py:115} INFO - [2024-10-08 13:26:42,120] {dag.py:2927} INFO - Setting next_dagrun for tutorial_taskflow_api_etl to None, run_after=None
[2024-10-08 13:26:42,214] {processor.py:161} INFO - Processing /home/kennedy/KR/Programação/00.Estudos/DataEng/Alura/airflow-executores/venv/lib/python3.9/site-packages/airflow/example_dags/tutorial_taskflow_api_etl.py took 0.164 seconds
[2024-10-08 13:27:33,251] {processor.py:153} INFO - Started process (PID=37968) to work on /home/kennedy/KR/Programação/00.Estudos/DataEng/Alura/airflow-executores/venv/lib/python3.9/site-packages/airflow/example_dags/tutorial_taskflow_api_etl.py
[2024-10-08 13:27:33,339] {processor.py:641} INFO - Processing file /home/kennedy/KR/Programação/00.Estudos/DataEng/Alura/airflow-executores/venv/lib/python3.9/site-packages/airflow/example_dags/tutorial_taskflow_api_etl.py for tasks to queue
[2024-10-08 13:27:33,340] {logging_mixin.py:115} INFO - [2024-10-08 13:27:33,340] {dagbag.py:507} INFO - Filling up the DagBag from /home/kennedy/KR/Programação/00.Estudos/DataEng/Alura/airflow-executores/venv/lib/python3.9/site-packages/airflow/example_dags/tutorial_taskflow_api_etl.py
[2024-10-08 13:27:33,376] {processor.py:651} INFO - DAG(s) dict_keys(['tutorial_taskflow_api_etl']) retrieved from /home/kennedy/KR/Programação/00.Estudos/DataEng/Alura/airflow-executores/venv/lib/python3.9/site-packages/airflow/example_dags/tutorial_taskflow_api_etl.py
[2024-10-08 13:27:33,414] {logging_mixin.py:115} INFO - [2024-10-08 13:27:33,414] {dag.py:2379} INFO - Sync 1 DAGs
[2024-10-08 13:27:33,425] {logging_mixin.py:115} INFO - [2024-10-08 13:27:33,425] {dag.py:2927} INFO - Setting next_dagrun for tutorial_taskflow_api_etl to None, run_after=None
[2024-10-08 13:27:34,804] {processor.py:161} INFO - Processing /home/kennedy/KR/Programação/00.Estudos/DataEng/Alura/airflow-executores/venv/lib/python3.9/site-packages/airflow/example_dags/tutorial_taskflow_api_etl.py took 1.560 seconds
[2024-10-08 13:28:14,512] {processor.py:153} INFO - Started process (PID=38018) to work on /home/kennedy/KR/Programação/00.Estudos/DataEng/Alura/airflow-executores/venv/lib/python3.9/site-packages/airflow/example_dags/tutorial_taskflow_api_etl.py
[2024-10-08 13:28:14,519] {processor.py:641} INFO - Processing file /home/kennedy/KR/Programação/00.Estudos/DataEng/Alura/airflow-executores/venv/lib/python3.9/site-packages/airflow/example_dags/tutorial_taskflow_api_etl.py for tasks to queue
[2024-10-08 13:28:14,520] {logging_mixin.py:115} INFO - [2024-10-08 13:28:14,520] {dagbag.py:507} INFO - Filling up the DagBag from /home/kennedy/KR/Programação/00.Estudos/DataEng/Alura/airflow-executores/venv/lib/python3.9/site-packages/airflow/example_dags/tutorial_taskflow_api_etl.py
[2024-10-08 13:28:14,551] {processor.py:651} INFO - DAG(s) dict_keys(['tutorial_taskflow_api_etl']) retrieved from /home/kennedy/KR/Programação/00.Estudos/DataEng/Alura/airflow-executores/venv/lib/python3.9/site-packages/airflow/example_dags/tutorial_taskflow_api_etl.py
[2024-10-08 13:28:14,567] {logging_mixin.py:115} INFO - [2024-10-08 13:28:14,567] {dag.py:2379} INFO - Sync 1 DAGs
[2024-10-08 13:28:14,584] {logging_mixin.py:115} INFO - [2024-10-08 13:28:14,584] {dag.py:2927} INFO - Setting next_dagrun for tutorial_taskflow_api_etl to None, run_after=None
[2024-10-08 13:28:15,859] {processor.py:161} INFO - Processing /home/kennedy/KR/Programação/00.Estudos/DataEng/Alura/airflow-executores/venv/lib/python3.9/site-packages/airflow/example_dags/tutorial_taskflow_api_etl.py took 1.354 seconds
[2024-10-08 13:29:31,613] {processor.py:153} INFO - Started process (PID=38383) to work on /home/kennedy/KR/Programação/00.Estudos/DataEng/Alura/airflow-executores/venv/lib/python3.9/site-packages/airflow/example_dags/tutorial_taskflow_api_etl.py
[2024-10-08 13:29:31,628] {processor.py:641} INFO - Processing file /home/kennedy/KR/Programação/00.Estudos/DataEng/Alura/airflow-executores/venv/lib/python3.9/site-packages/airflow/example_dags/tutorial_taskflow_api_etl.py for tasks to queue
[2024-10-08 13:29:31,628] {logging_mixin.py:115} INFO - [2024-10-08 13:29:31,628] {dagbag.py:507} INFO - Filling up the DagBag from /home/kennedy/KR/Programação/00.Estudos/DataEng/Alura/airflow-executores/venv/lib/python3.9/site-packages/airflow/example_dags/tutorial_taskflow_api_etl.py
[2024-10-08 13:29:31,641] {processor.py:651} INFO - DAG(s) dict_keys(['tutorial_taskflow_api_etl']) retrieved from /home/kennedy/KR/Programação/00.Estudos/DataEng/Alura/airflow-executores/venv/lib/python3.9/site-packages/airflow/example_dags/tutorial_taskflow_api_etl.py
[2024-10-08 13:29:31,675] {logging_mixin.py:115} INFO - [2024-10-08 13:29:31,675] {dag.py:2379} INFO - Sync 1 DAGs
[2024-10-08 13:29:31,686] {logging_mixin.py:115} INFO - [2024-10-08 13:29:31,686] {dag.py:2927} INFO - Setting next_dagrun for tutorial_taskflow_api_etl to None, run_after=None
[2024-10-08 13:29:31,809] {processor.py:161} INFO - Processing /home/kennedy/KR/Programação/00.Estudos/DataEng/Alura/airflow-executores/venv/lib/python3.9/site-packages/airflow/example_dags/tutorial_taskflow_api_etl.py took 0.198 seconds
[2024-10-08 13:30:26,026] {processor.py:153} INFO - Started process (PID=38566) to work on /home/kennedy/KR/Programação/00.Estudos/DataEng/Alura/airflow-executores/venv/lib/python3.9/site-packages/airflow/example_dags/tutorial_taskflow_api_etl.py
[2024-10-08 13:30:26,306] {processor.py:641} INFO - Processing file /home/kennedy/KR/Programação/00.Estudos/DataEng/Alura/airflow-executores/venv/lib/python3.9/site-packages/airflow/example_dags/tutorial_taskflow_api_etl.py for tasks to queue
[2024-10-08 13:30:26,307] {logging_mixin.py:115} INFO - [2024-10-08 13:30:26,307] {dagbag.py:507} INFO - Filling up the DagBag from /home/kennedy/KR/Programação/00.Estudos/DataEng/Alura/airflow-executores/venv/lib/python3.9/site-packages/airflow/example_dags/tutorial_taskflow_api_etl.py
[2024-10-08 13:30:26,339] {processor.py:651} INFO - DAG(s) dict_keys(['tutorial_taskflow_api_etl']) retrieved from /home/kennedy/KR/Programação/00.Estudos/DataEng/Alura/airflow-executores/venv/lib/python3.9/site-packages/airflow/example_dags/tutorial_taskflow_api_etl.py
[2024-10-08 13:30:26,381] {logging_mixin.py:115} INFO - [2024-10-08 13:30:26,381] {dag.py:2379} INFO - Sync 1 DAGs
[2024-10-08 13:30:26,395] {logging_mixin.py:115} INFO - [2024-10-08 13:30:26,395] {dag.py:2927} INFO - Setting next_dagrun for tutorial_taskflow_api_etl to None, run_after=None
[2024-10-08 13:30:27,458] {processor.py:161} INFO - Processing /home/kennedy/KR/Programação/00.Estudos/DataEng/Alura/airflow-executores/venv/lib/python3.9/site-packages/airflow/example_dags/tutorial_taskflow_api_etl.py took 1.438 seconds
[2024-10-08 13:31:28,547] {processor.py:153} INFO - Started process (PID=38661) to work on /home/kennedy/KR/Programação/00.Estudos/DataEng/Alura/airflow-executores/venv/lib/python3.9/site-packages/airflow/example_dags/tutorial_taskflow_api_etl.py
[2024-10-08 13:31:28,549] {processor.py:641} INFO - Processing file /home/kennedy/KR/Programação/00.Estudos/DataEng/Alura/airflow-executores/venv/lib/python3.9/site-packages/airflow/example_dags/tutorial_taskflow_api_etl.py for tasks to queue
[2024-10-08 13:31:28,550] {logging_mixin.py:115} INFO - [2024-10-08 13:31:28,550] {dagbag.py:507} INFO - Filling up the DagBag from /home/kennedy/KR/Programação/00.Estudos/DataEng/Alura/airflow-executores/venv/lib/python3.9/site-packages/airflow/example_dags/tutorial_taskflow_api_etl.py
[2024-10-08 13:31:28,588] {processor.py:651} INFO - DAG(s) dict_keys(['tutorial_taskflow_api_etl']) retrieved from /home/kennedy/KR/Programação/00.Estudos/DataEng/Alura/airflow-executores/venv/lib/python3.9/site-packages/airflow/example_dags/tutorial_taskflow_api_etl.py
[2024-10-08 13:31:28,613] {logging_mixin.py:115} INFO - [2024-10-08 13:31:28,612] {dag.py:2379} INFO - Sync 1 DAGs
[2024-10-08 13:31:28,630] {logging_mixin.py:115} INFO - [2024-10-08 13:31:28,630] {dag.py:2927} INFO - Setting next_dagrun for tutorial_taskflow_api_etl to None, run_after=None
[2024-10-08 13:31:29,404] {processor.py:161} INFO - Processing /home/kennedy/KR/Programação/00.Estudos/DataEng/Alura/airflow-executores/venv/lib/python3.9/site-packages/airflow/example_dags/tutorial_taskflow_api_etl.py took 0.862 seconds
[2024-10-08 13:32:39,677] {processor.py:153} INFO - Started process (PID=38828) to work on /home/kennedy/KR/Programação/00.Estudos/DataEng/Alura/airflow-executores/venv/lib/python3.9/site-packages/airflow/example_dags/tutorial_taskflow_api_etl.py
[2024-10-08 13:32:39,679] {processor.py:641} INFO - Processing file /home/kennedy/KR/Programação/00.Estudos/DataEng/Alura/airflow-executores/venv/lib/python3.9/site-packages/airflow/example_dags/tutorial_taskflow_api_etl.py for tasks to queue
[2024-10-08 13:32:39,680] {logging_mixin.py:115} INFO - [2024-10-08 13:32:39,679] {dagbag.py:507} INFO - Filling up the DagBag from /home/kennedy/KR/Programação/00.Estudos/DataEng/Alura/airflow-executores/venv/lib/python3.9/site-packages/airflow/example_dags/tutorial_taskflow_api_etl.py
[2024-10-08 13:32:39,717] {processor.py:651} INFO - DAG(s) dict_keys(['tutorial_taskflow_api_etl']) retrieved from /home/kennedy/KR/Programação/00.Estudos/DataEng/Alura/airflow-executores/venv/lib/python3.9/site-packages/airflow/example_dags/tutorial_taskflow_api_etl.py
[2024-10-08 13:32:39,771] {logging_mixin.py:115} INFO - [2024-10-08 13:32:39,771] {dag.py:2379} INFO - Sync 1 DAGs
[2024-10-08 13:32:39,784] {logging_mixin.py:115} INFO - [2024-10-08 13:32:39,783] {dag.py:2927} INFO - Setting next_dagrun for tutorial_taskflow_api_etl to None, run_after=None
[2024-10-08 13:32:41,166] {processor.py:161} INFO - Processing /home/kennedy/KR/Programação/00.Estudos/DataEng/Alura/airflow-executores/venv/lib/python3.9/site-packages/airflow/example_dags/tutorial_taskflow_api_etl.py took 1.495 seconds
[2024-10-08 13:33:23,231] {processor.py:153} INFO - Started process (PID=38902) to work on /home/kennedy/KR/Programação/00.Estudos/DataEng/Alura/airflow-executores/venv/lib/python3.9/site-packages/airflow/example_dags/tutorial_taskflow_api_etl.py
[2024-10-08 13:33:23,308] {processor.py:641} INFO - Processing file /home/kennedy/KR/Programação/00.Estudos/DataEng/Alura/airflow-executores/venv/lib/python3.9/site-packages/airflow/example_dags/tutorial_taskflow_api_etl.py for tasks to queue
[2024-10-08 13:33:23,309] {logging_mixin.py:115} INFO - [2024-10-08 13:33:23,309] {dagbag.py:507} INFO - Filling up the DagBag from /home/kennedy/KR/Programação/00.Estudos/DataEng/Alura/airflow-executores/venv/lib/python3.9/site-packages/airflow/example_dags/tutorial_taskflow_api_etl.py
[2024-10-08 13:33:23,360] {processor.py:651} INFO - DAG(s) dict_keys(['tutorial_taskflow_api_etl']) retrieved from /home/kennedy/KR/Programação/00.Estudos/DataEng/Alura/airflow-executores/venv/lib/python3.9/site-packages/airflow/example_dags/tutorial_taskflow_api_etl.py
[2024-10-08 13:33:23,387] {logging_mixin.py:115} INFO - [2024-10-08 13:33:23,387] {dag.py:2379} INFO - Sync 1 DAGs
[2024-10-08 13:33:23,407] {logging_mixin.py:115} INFO - [2024-10-08 13:33:23,407] {dag.py:2927} INFO - Setting next_dagrun for tutorial_taskflow_api_etl to None, run_after=None
[2024-10-08 13:33:24,195] {processor.py:161} INFO - Processing /home/kennedy/KR/Programação/00.Estudos/DataEng/Alura/airflow-executores/venv/lib/python3.9/site-packages/airflow/example_dags/tutorial_taskflow_api_etl.py took 0.970 seconds
[2024-10-08 13:34:21,927] {processor.py:153} INFO - Started process (PID=38975) to work on /home/kennedy/KR/Programação/00.Estudos/DataEng/Alura/airflow-executores/venv/lib/python3.9/site-packages/airflow/example_dags/tutorial_taskflow_api_etl.py
[2024-10-08 13:34:23,339] {processor.py:641} INFO - Processing file /home/kennedy/KR/Programação/00.Estudos/DataEng/Alura/airflow-executores/venv/lib/python3.9/site-packages/airflow/example_dags/tutorial_taskflow_api_etl.py for tasks to queue
[2024-10-08 13:34:23,341] {logging_mixin.py:115} INFO - [2024-10-08 13:34:23,340] {dagbag.py:507} INFO - Filling up the DagBag from /home/kennedy/KR/Programação/00.Estudos/DataEng/Alura/airflow-executores/venv/lib/python3.9/site-packages/airflow/example_dags/tutorial_taskflow_api_etl.py
[2024-10-08 13:34:23,374] {processor.py:651} INFO - DAG(s) dict_keys(['tutorial_taskflow_api_etl']) retrieved from /home/kennedy/KR/Programação/00.Estudos/DataEng/Alura/airflow-executores/venv/lib/python3.9/site-packages/airflow/example_dags/tutorial_taskflow_api_etl.py
[2024-10-08 13:34:23,390] {logging_mixin.py:115} INFO - [2024-10-08 13:34:23,390] {dag.py:2379} INFO - Sync 1 DAGs
[2024-10-08 13:34:23,407] {logging_mixin.py:115} INFO - [2024-10-08 13:34:23,407] {dag.py:2927} INFO - Setting next_dagrun for tutorial_taskflow_api_etl to None, run_after=None
[2024-10-08 13:34:23,508] {processor.py:161} INFO - Processing /home/kennedy/KR/Programação/00.Estudos/DataEng/Alura/airflow-executores/venv/lib/python3.9/site-packages/airflow/example_dags/tutorial_taskflow_api_etl.py took 1.587 seconds
[2024-10-08 15:46:34,937] {processor.py:153} INFO - Started process (PID=11077) to work on /home/kennedy/.local/lib/python3.10/site-packages/airflow/example_dags/tutorial_taskflow_api_etl.py
[2024-10-08 15:46:34,950] {processor.py:641} INFO - Processing file /home/kennedy/.local/lib/python3.10/site-packages/airflow/example_dags/tutorial_taskflow_api_etl.py for tasks to queue
[2024-10-08 15:46:34,951] {logging_mixin.py:115} INFO - [2024-10-08 15:46:34,951] {dagbag.py:507} INFO - Filling up the DagBag from /home/kennedy/.local/lib/python3.10/site-packages/airflow/example_dags/tutorial_taskflow_api_etl.py
[2024-10-08 15:46:35,317] {processor.py:651} INFO - DAG(s) dict_keys(['tutorial_taskflow_api_etl']) retrieved from /home/kennedy/.local/lib/python3.10/site-packages/airflow/example_dags/tutorial_taskflow_api_etl.py
[2024-10-08 15:46:35,386] {logging_mixin.py:115} INFO - [2024-10-08 15:46:35,386] {dag.py:2379} INFO - Sync 1 DAGs
[2024-10-08 15:46:35,408] {logging_mixin.py:115} INFO - [2024-10-08 15:46:35,408] {dag.py:2927} INFO - Setting next_dagrun for tutorial_taskflow_api_etl to None, run_after=None
[2024-10-08 15:46:35,537] {processor.py:161} INFO - Processing /home/kennedy/.local/lib/python3.10/site-packages/airflow/example_dags/tutorial_taskflow_api_etl.py took 0.603 seconds
[2024-10-08 16:36:18,607] {processor.py:153} INFO - Started process (PID=16363) to work on /home/kennedy/KR/Programação/00.Estudos/DataEng/Alura/airflow-executores/venv/lib/python3.9/site-packages/airflow/example_dags/tutorial_taskflow_api_etl.py
[2024-10-08 16:36:18,724] {processor.py:641} INFO - Processing file /home/kennedy/KR/Programação/00.Estudos/DataEng/Alura/airflow-executores/venv/lib/python3.9/site-packages/airflow/example_dags/tutorial_taskflow_api_etl.py for tasks to queue
[2024-10-08 16:36:18,725] {logging_mixin.py:115} INFO - [2024-10-08 16:36:18,725] {dagbag.py:507} INFO - Filling up the DagBag from /home/kennedy/KR/Programação/00.Estudos/DataEng/Alura/airflow-executores/venv/lib/python3.9/site-packages/airflow/example_dags/tutorial_taskflow_api_etl.py
[2024-10-08 16:36:18,757] {processor.py:651} INFO - DAG(s) dict_keys(['tutorial_taskflow_api_etl']) retrieved from /home/kennedy/KR/Programação/00.Estudos/DataEng/Alura/airflow-executores/venv/lib/python3.9/site-packages/airflow/example_dags/tutorial_taskflow_api_etl.py
[2024-10-08 16:36:18,839] {logging_mixin.py:115} INFO - [2024-10-08 16:36:18,839] {dag.py:2379} INFO - Sync 1 DAGs
[2024-10-08 16:36:18,871] {logging_mixin.py:115} INFO - [2024-10-08 16:36:18,871] {dag.py:2927} INFO - Setting next_dagrun for tutorial_taskflow_api_etl to None, run_after=None
[2024-10-08 16:36:19,028] {processor.py:161} INFO - Processing /home/kennedy/KR/Programação/00.Estudos/DataEng/Alura/airflow-executores/venv/lib/python3.9/site-packages/airflow/example_dags/tutorial_taskflow_api_etl.py took 0.424 seconds
[2024-10-08 16:37:22,168] {processor.py:153} INFO - Started process (PID=16762) to work on /home/kennedy/KR/Programação/00.Estudos/DataEng/Alura/airflow-executores/venv/lib/python3.9/site-packages/airflow/example_dags/tutorial_taskflow_api_etl.py
[2024-10-08 16:37:22,173] {processor.py:641} INFO - Processing file /home/kennedy/KR/Programação/00.Estudos/DataEng/Alura/airflow-executores/venv/lib/python3.9/site-packages/airflow/example_dags/tutorial_taskflow_api_etl.py for tasks to queue
[2024-10-08 16:37:22,174] {logging_mixin.py:115} INFO - [2024-10-08 16:37:22,174] {dagbag.py:507} INFO - Filling up the DagBag from /home/kennedy/KR/Programação/00.Estudos/DataEng/Alura/airflow-executores/venv/lib/python3.9/site-packages/airflow/example_dags/tutorial_taskflow_api_etl.py
[2024-10-08 16:37:22,187] {processor.py:651} INFO - DAG(s) dict_keys(['tutorial_taskflow_api_etl']) retrieved from /home/kennedy/KR/Programação/00.Estudos/DataEng/Alura/airflow-executores/venv/lib/python3.9/site-packages/airflow/example_dags/tutorial_taskflow_api_etl.py
[2024-10-08 16:37:22,217] {logging_mixin.py:115} INFO - [2024-10-08 16:37:22,216] {dag.py:2379} INFO - Sync 1 DAGs
[2024-10-08 16:37:22,229] {logging_mixin.py:115} INFO - [2024-10-08 16:37:22,229] {dag.py:2927} INFO - Setting next_dagrun for tutorial_taskflow_api_etl to None, run_after=None
[2024-10-08 16:37:22,586] {processor.py:161} INFO - Processing /home/kennedy/KR/Programação/00.Estudos/DataEng/Alura/airflow-executores/venv/lib/python3.9/site-packages/airflow/example_dags/tutorial_taskflow_api_etl.py took 0.420 seconds
[2024-10-08 16:38:31,707] {processor.py:153} INFO - Started process (PID=17116) to work on /home/kennedy/KR/Programação/00.Estudos/DataEng/Alura/airflow-executores/venv/lib/python3.9/site-packages/airflow/example_dags/tutorial_taskflow_api_etl.py
[2024-10-08 16:38:31,717] {processor.py:641} INFO - Processing file /home/kennedy/KR/Programação/00.Estudos/DataEng/Alura/airflow-executores/venv/lib/python3.9/site-packages/airflow/example_dags/tutorial_taskflow_api_etl.py for tasks to queue
[2024-10-08 16:38:31,717] {logging_mixin.py:115} INFO - [2024-10-08 16:38:31,717] {dagbag.py:507} INFO - Filling up the DagBag from /home/kennedy/KR/Programação/00.Estudos/DataEng/Alura/airflow-executores/venv/lib/python3.9/site-packages/airflow/example_dags/tutorial_taskflow_api_etl.py
[2024-10-08 16:38:31,752] {processor.py:651} INFO - DAG(s) dict_keys(['tutorial_taskflow_api_etl']) retrieved from /home/kennedy/KR/Programação/00.Estudos/DataEng/Alura/airflow-executores/venv/lib/python3.9/site-packages/airflow/example_dags/tutorial_taskflow_api_etl.py
[2024-10-08 16:38:31,840] {logging_mixin.py:115} INFO - [2024-10-08 16:38:31,840] {dag.py:2379} INFO - Sync 1 DAGs
[2024-10-08 16:38:31,872] {logging_mixin.py:115} INFO - [2024-10-08 16:38:31,872] {dag.py:2927} INFO - Setting next_dagrun for tutorial_taskflow_api_etl to None, run_after=None
[2024-10-08 16:38:31,999] {processor.py:161} INFO - Processing /home/kennedy/KR/Programação/00.Estudos/DataEng/Alura/airflow-executores/venv/lib/python3.9/site-packages/airflow/example_dags/tutorial_taskflow_api_etl.py took 0.296 seconds
[2024-10-08 16:39:57,703] {processor.py:153} INFO - Started process (PID=17531) to work on /home/kennedy/KR/Programação/00.Estudos/DataEng/Alura/airflow-executores/venv/lib/python3.9/site-packages/airflow/example_dags/tutorial_taskflow_api_etl.py
[2024-10-08 16:39:58,430] {processor.py:641} INFO - Processing file /home/kennedy/KR/Programação/00.Estudos/DataEng/Alura/airflow-executores/venv/lib/python3.9/site-packages/airflow/example_dags/tutorial_taskflow_api_etl.py for tasks to queue
[2024-10-08 16:39:58,431] {logging_mixin.py:115} INFO - [2024-10-08 16:39:58,431] {dagbag.py:507} INFO - Filling up the DagBag from /home/kennedy/KR/Programação/00.Estudos/DataEng/Alura/airflow-executores/venv/lib/python3.9/site-packages/airflow/example_dags/tutorial_taskflow_api_etl.py
[2024-10-08 16:39:58,449] {processor.py:651} INFO - DAG(s) dict_keys(['tutorial_taskflow_api_etl']) retrieved from /home/kennedy/KR/Programação/00.Estudos/DataEng/Alura/airflow-executores/venv/lib/python3.9/site-packages/airflow/example_dags/tutorial_taskflow_api_etl.py
[2024-10-08 16:39:59,545] {logging_mixin.py:115} INFO - [2024-10-08 16:39:59,545] {dag.py:2379} INFO - Sync 1 DAGs
[2024-10-08 16:39:59,557] {logging_mixin.py:115} INFO - [2024-10-08 16:39:59,557] {dag.py:2927} INFO - Setting next_dagrun for tutorial_taskflow_api_etl to None, run_after=None
[2024-10-08 16:40:00,917] {processor.py:161} INFO - Processing /home/kennedy/KR/Programação/00.Estudos/DataEng/Alura/airflow-executores/venv/lib/python3.9/site-packages/airflow/example_dags/tutorial_taskflow_api_etl.py took 3.217 seconds
[2024-10-08 16:40:59,082] {processor.py:153} INFO - Started process (PID=17835) to work on /home/kennedy/KR/Programação/00.Estudos/DataEng/Alura/airflow-executores/venv/lib/python3.9/site-packages/airflow/example_dags/tutorial_taskflow_api_etl.py
[2024-10-08 16:40:59,083] {processor.py:641} INFO - Processing file /home/kennedy/KR/Programação/00.Estudos/DataEng/Alura/airflow-executores/venv/lib/python3.9/site-packages/airflow/example_dags/tutorial_taskflow_api_etl.py for tasks to queue
[2024-10-08 16:40:59,084] {logging_mixin.py:115} INFO - [2024-10-08 16:40:59,084] {dagbag.py:507} INFO - Filling up the DagBag from /home/kennedy/KR/Programação/00.Estudos/DataEng/Alura/airflow-executores/venv/lib/python3.9/site-packages/airflow/example_dags/tutorial_taskflow_api_etl.py
[2024-10-08 16:40:59,101] {processor.py:651} INFO - DAG(s) dict_keys(['tutorial_taskflow_api_etl']) retrieved from /home/kennedy/KR/Programação/00.Estudos/DataEng/Alura/airflow-executores/venv/lib/python3.9/site-packages/airflow/example_dags/tutorial_taskflow_api_etl.py
[2024-10-08 16:40:59,135] {logging_mixin.py:115} INFO - [2024-10-08 16:40:59,135] {dag.py:2379} INFO - Sync 1 DAGs
[2024-10-08 16:40:59,150] {logging_mixin.py:115} INFO - [2024-10-08 16:40:59,150] {dag.py:2927} INFO - Setting next_dagrun for tutorial_taskflow_api_etl to None, run_after=None
[2024-10-08 16:41:00,948] {processor.py:161} INFO - Processing /home/kennedy/KR/Programação/00.Estudos/DataEng/Alura/airflow-executores/venv/lib/python3.9/site-packages/airflow/example_dags/tutorial_taskflow_api_etl.py took 1.870 seconds
[2024-10-08 16:42:14,609] {processor.py:153} INFO - Started process (PID=18158) to work on /home/kennedy/KR/Programação/00.Estudos/DataEng/Alura/airflow-executores/venv/lib/python3.9/site-packages/airflow/example_dags/tutorial_taskflow_api_etl.py
[2024-10-08 16:42:14,776] {processor.py:641} INFO - Processing file /home/kennedy/KR/Programação/00.Estudos/DataEng/Alura/airflow-executores/venv/lib/python3.9/site-packages/airflow/example_dags/tutorial_taskflow_api_etl.py for tasks to queue
[2024-10-08 16:42:14,778] {logging_mixin.py:115} INFO - [2024-10-08 16:42:14,777] {dagbag.py:507} INFO - Filling up the DagBag from /home/kennedy/KR/Programação/00.Estudos/DataEng/Alura/airflow-executores/venv/lib/python3.9/site-packages/airflow/example_dags/tutorial_taskflow_api_etl.py
[2024-10-08 16:42:14,813] {processor.py:651} INFO - DAG(s) dict_keys(['tutorial_taskflow_api_etl']) retrieved from /home/kennedy/KR/Programação/00.Estudos/DataEng/Alura/airflow-executores/venv/lib/python3.9/site-packages/airflow/example_dags/tutorial_taskflow_api_etl.py
[2024-10-08 16:42:14,848] {logging_mixin.py:115} INFO - [2024-10-08 16:42:14,848] {dag.py:2379} INFO - Sync 1 DAGs
[2024-10-08 16:42:14,861] {logging_mixin.py:115} INFO - [2024-10-08 16:42:14,861] {dag.py:2927} INFO - Setting next_dagrun for tutorial_taskflow_api_etl to None, run_after=None
[2024-10-08 16:42:15,513] {processor.py:161} INFO - Processing /home/kennedy/KR/Programação/00.Estudos/DataEng/Alura/airflow-executores/venv/lib/python3.9/site-packages/airflow/example_dags/tutorial_taskflow_api_etl.py took 0.910 seconds
[2024-10-08 16:43:42,741] {processor.py:153} INFO - Started process (PID=18246) to work on /home/kennedy/KR/Programação/00.Estudos/DataEng/Alura/airflow-executores/venv/lib/python3.9/site-packages/airflow/example_dags/tutorial_taskflow_api_etl.py
[2024-10-08 16:43:42,754] {processor.py:641} INFO - Processing file /home/kennedy/KR/Programação/00.Estudos/DataEng/Alura/airflow-executores/venv/lib/python3.9/site-packages/airflow/example_dags/tutorial_taskflow_api_etl.py for tasks to queue
[2024-10-08 16:43:42,755] {logging_mixin.py:115} INFO - [2024-10-08 16:43:42,755] {dagbag.py:507} INFO - Filling up the DagBag from /home/kennedy/KR/Programação/00.Estudos/DataEng/Alura/airflow-executores/venv/lib/python3.9/site-packages/airflow/example_dags/tutorial_taskflow_api_etl.py
[2024-10-08 16:43:42,788] {processor.py:651} INFO - DAG(s) dict_keys(['tutorial_taskflow_api_etl']) retrieved from /home/kennedy/KR/Programação/00.Estudos/DataEng/Alura/airflow-executores/venv/lib/python3.9/site-packages/airflow/example_dags/tutorial_taskflow_api_etl.py
[2024-10-08 16:43:42,821] {logging_mixin.py:115} INFO - [2024-10-08 16:43:42,821] {dag.py:2379} INFO - Sync 1 DAGs
[2024-10-08 16:43:42,833] {logging_mixin.py:115} INFO - [2024-10-08 16:43:42,833] {dag.py:2927} INFO - Setting next_dagrun for tutorial_taskflow_api_etl to None, run_after=None
[2024-10-08 16:43:42,971] {processor.py:161} INFO - Processing /home/kennedy/KR/Programação/00.Estudos/DataEng/Alura/airflow-executores/venv/lib/python3.9/site-packages/airflow/example_dags/tutorial_taskflow_api_etl.py took 0.232 seconds
[2024-10-08 16:44:28,759] {processor.py:153} INFO - Started process (PID=18280) to work on /home/kennedy/KR/Programação/00.Estudos/DataEng/Alura/airflow-executores/venv/lib/python3.9/site-packages/airflow/example_dags/tutorial_taskflow_api_etl.py
[2024-10-08 16:44:28,774] {processor.py:641} INFO - Processing file /home/kennedy/KR/Programação/00.Estudos/DataEng/Alura/airflow-executores/venv/lib/python3.9/site-packages/airflow/example_dags/tutorial_taskflow_api_etl.py for tasks to queue
[2024-10-08 16:44:28,775] {logging_mixin.py:115} INFO - [2024-10-08 16:44:28,775] {dagbag.py:507} INFO - Filling up the DagBag from /home/kennedy/KR/Programação/00.Estudos/DataEng/Alura/airflow-executores/venv/lib/python3.9/site-packages/airflow/example_dags/tutorial_taskflow_api_etl.py
[2024-10-08 16:44:28,811] {processor.py:651} INFO - DAG(s) dict_keys(['tutorial_taskflow_api_etl']) retrieved from /home/kennedy/KR/Programação/00.Estudos/DataEng/Alura/airflow-executores/venv/lib/python3.9/site-packages/airflow/example_dags/tutorial_taskflow_api_etl.py
[2024-10-08 16:44:28,846] {logging_mixin.py:115} INFO - [2024-10-08 16:44:28,846] {dag.py:2379} INFO - Sync 1 DAGs
[2024-10-08 16:44:28,859] {logging_mixin.py:115} INFO - [2024-10-08 16:44:28,859] {dag.py:2927} INFO - Setting next_dagrun for tutorial_taskflow_api_etl to None, run_after=None
[2024-10-08 16:44:30,239] {processor.py:161} INFO - Processing /home/kennedy/KR/Programação/00.Estudos/DataEng/Alura/airflow-executores/venv/lib/python3.9/site-packages/airflow/example_dags/tutorial_taskflow_api_etl.py took 1.482 seconds
[2024-10-08 16:45:15,851] {processor.py:153} INFO - Started process (PID=18330) to work on /home/kennedy/KR/Programação/00.Estudos/DataEng/Alura/airflow-executores/venv/lib/python3.9/site-packages/airflow/example_dags/tutorial_taskflow_api_etl.py
[2024-10-08 16:45:15,856] {processor.py:641} INFO - Processing file /home/kennedy/KR/Programação/00.Estudos/DataEng/Alura/airflow-executores/venv/lib/python3.9/site-packages/airflow/example_dags/tutorial_taskflow_api_etl.py for tasks to queue
[2024-10-08 16:45:15,857] {logging_mixin.py:115} INFO - [2024-10-08 16:45:15,857] {dagbag.py:507} INFO - Filling up the DagBag from /home/kennedy/KR/Programação/00.Estudos/DataEng/Alura/airflow-executores/venv/lib/python3.9/site-packages/airflow/example_dags/tutorial_taskflow_api_etl.py
[2024-10-08 16:45:15,887] {processor.py:651} INFO - DAG(s) dict_keys(['tutorial_taskflow_api_etl']) retrieved from /home/kennedy/KR/Programação/00.Estudos/DataEng/Alura/airflow-executores/venv/lib/python3.9/site-packages/airflow/example_dags/tutorial_taskflow_api_etl.py
[2024-10-08 16:45:15,920] {logging_mixin.py:115} INFO - [2024-10-08 16:45:15,920] {dag.py:2379} INFO - Sync 1 DAGs
[2024-10-08 16:45:15,932] {logging_mixin.py:115} INFO - [2024-10-08 16:45:15,932] {dag.py:2927} INFO - Setting next_dagrun for tutorial_taskflow_api_etl to None, run_after=None
[2024-10-08 16:45:16,084] {processor.py:161} INFO - Processing /home/kennedy/KR/Programação/00.Estudos/DataEng/Alura/airflow-executores/venv/lib/python3.9/site-packages/airflow/example_dags/tutorial_taskflow_api_etl.py took 0.238 seconds
[2024-10-08 16:46:06,875] {processor.py:153} INFO - Started process (PID=18699) to work on /home/kennedy/KR/Programação/00.Estudos/DataEng/Alura/airflow-executores/venv/lib/python3.9/site-packages/airflow/example_dags/tutorial_taskflow_api_etl.py
[2024-10-08 16:46:07,589] {processor.py:641} INFO - Processing file /home/kennedy/KR/Programação/00.Estudos/DataEng/Alura/airflow-executores/venv/lib/python3.9/site-packages/airflow/example_dags/tutorial_taskflow_api_etl.py for tasks to queue
[2024-10-08 16:46:07,591] {logging_mixin.py:115} INFO - [2024-10-08 16:46:07,591] {dagbag.py:507} INFO - Filling up the DagBag from /home/kennedy/KR/Programação/00.Estudos/DataEng/Alura/airflow-executores/venv/lib/python3.9/site-packages/airflow/example_dags/tutorial_taskflow_api_etl.py
[2024-10-08 16:46:07,627] {processor.py:651} INFO - DAG(s) dict_keys(['tutorial_taskflow_api_etl']) retrieved from /home/kennedy/KR/Programação/00.Estudos/DataEng/Alura/airflow-executores/venv/lib/python3.9/site-packages/airflow/example_dags/tutorial_taskflow_api_etl.py
[2024-10-08 16:46:08,223] {logging_mixin.py:115} INFO - [2024-10-08 16:46:08,223] {dag.py:2379} INFO - Sync 1 DAGs
[2024-10-08 16:46:08,256] {logging_mixin.py:115} INFO - [2024-10-08 16:46:08,256] {dag.py:2927} INFO - Setting next_dagrun for tutorial_taskflow_api_etl to None, run_after=None
[2024-10-08 16:46:08,397] {processor.py:161} INFO - Processing /home/kennedy/KR/Programação/00.Estudos/DataEng/Alura/airflow-executores/venv/lib/python3.9/site-packages/airflow/example_dags/tutorial_taskflow_api_etl.py took 1.525 seconds
[2024-10-08 16:47:28,694] {processor.py:153} INFO - Started process (PID=19084) to work on /home/kennedy/KR/Programação/00.Estudos/DataEng/Alura/airflow-executores/venv/lib/python3.9/site-packages/airflow/example_dags/tutorial_taskflow_api_etl.py
[2024-10-08 16:47:28,702] {processor.py:641} INFO - Processing file /home/kennedy/KR/Programação/00.Estudos/DataEng/Alura/airflow-executores/venv/lib/python3.9/site-packages/airflow/example_dags/tutorial_taskflow_api_etl.py for tasks to queue
[2024-10-08 16:47:28,703] {logging_mixin.py:115} INFO - [2024-10-08 16:47:28,703] {dagbag.py:507} INFO - Filling up the DagBag from /home/kennedy/KR/Programação/00.Estudos/DataEng/Alura/airflow-executores/venv/lib/python3.9/site-packages/airflow/example_dags/tutorial_taskflow_api_etl.py
[2024-10-08 16:47:28,733] {processor.py:651} INFO - DAG(s) dict_keys(['tutorial_taskflow_api_etl']) retrieved from /home/kennedy/KR/Programação/00.Estudos/DataEng/Alura/airflow-executores/venv/lib/python3.9/site-packages/airflow/example_dags/tutorial_taskflow_api_etl.py
[2024-10-08 16:47:28,767] {logging_mixin.py:115} INFO - [2024-10-08 16:47:28,767] {dag.py:2379} INFO - Sync 1 DAGs
[2024-10-08 16:47:28,782] {logging_mixin.py:115} INFO - [2024-10-08 16:47:28,782] {dag.py:2927} INFO - Setting next_dagrun for tutorial_taskflow_api_etl to None, run_after=None
[2024-10-08 16:47:30,992] {processor.py:161} INFO - Processing /home/kennedy/KR/Programação/00.Estudos/DataEng/Alura/airflow-executores/venv/lib/python3.9/site-packages/airflow/example_dags/tutorial_taskflow_api_etl.py took 2.305 seconds
[2024-10-08 16:48:12,038] {processor.py:153} INFO - Started process (PID=19231) to work on /home/kennedy/KR/Programação/00.Estudos/DataEng/Alura/airflow-executores/venv/lib/python3.9/site-packages/airflow/example_dags/tutorial_taskflow_api_etl.py
[2024-10-08 16:48:12,056] {processor.py:641} INFO - Processing file /home/kennedy/KR/Programação/00.Estudos/DataEng/Alura/airflow-executores/venv/lib/python3.9/site-packages/airflow/example_dags/tutorial_taskflow_api_etl.py for tasks to queue
[2024-10-08 16:48:12,057] {logging_mixin.py:115} INFO - [2024-10-08 16:48:12,056] {dagbag.py:507} INFO - Filling up the DagBag from /home/kennedy/KR/Programação/00.Estudos/DataEng/Alura/airflow-executores/venv/lib/python3.9/site-packages/airflow/example_dags/tutorial_taskflow_api_etl.py
[2024-10-08 16:48:12,088] {processor.py:651} INFO - DAG(s) dict_keys(['tutorial_taskflow_api_etl']) retrieved from /home/kennedy/KR/Programação/00.Estudos/DataEng/Alura/airflow-executores/venv/lib/python3.9/site-packages/airflow/example_dags/tutorial_taskflow_api_etl.py
[2024-10-08 16:48:12,123] {logging_mixin.py:115} INFO - [2024-10-08 16:48:12,123] {dag.py:2379} INFO - Sync 1 DAGs
[2024-10-08 16:48:12,138] {logging_mixin.py:115} INFO - [2024-10-08 16:48:12,138] {dag.py:2927} INFO - Setting next_dagrun for tutorial_taskflow_api_etl to None, run_after=None
[2024-10-08 16:48:13,379] {processor.py:161} INFO - Processing /home/kennedy/KR/Programação/00.Estudos/DataEng/Alura/airflow-executores/venv/lib/python3.9/site-packages/airflow/example_dags/tutorial_taskflow_api_etl.py took 1.348 seconds
[2024-10-08 16:49:20,080] {processor.py:153} INFO - Started process (PID=19310) to work on /home/kennedy/KR/Programação/00.Estudos/DataEng/Alura/airflow-executores/venv/lib/python3.9/site-packages/airflow/example_dags/tutorial_taskflow_api_etl.py
[2024-10-08 16:49:20,103] {processor.py:641} INFO - Processing file /home/kennedy/KR/Programação/00.Estudos/DataEng/Alura/airflow-executores/venv/lib/python3.9/site-packages/airflow/example_dags/tutorial_taskflow_api_etl.py for tasks to queue
[2024-10-08 16:49:20,104] {logging_mixin.py:115} INFO - [2024-10-08 16:49:20,104] {dagbag.py:507} INFO - Filling up the DagBag from /home/kennedy/KR/Programação/00.Estudos/DataEng/Alura/airflow-executores/venv/lib/python3.9/site-packages/airflow/example_dags/tutorial_taskflow_api_etl.py
[2024-10-08 16:49:20,134] {processor.py:651} INFO - DAG(s) dict_keys(['tutorial_taskflow_api_etl']) retrieved from /home/kennedy/KR/Programação/00.Estudos/DataEng/Alura/airflow-executores/venv/lib/python3.9/site-packages/airflow/example_dags/tutorial_taskflow_api_etl.py
[2024-10-08 16:49:21,522] {logging_mixin.py:115} INFO - [2024-10-08 16:49:21,521] {dag.py:2379} INFO - Sync 1 DAGs
[2024-10-08 16:49:21,533] {logging_mixin.py:115} INFO - [2024-10-08 16:49:21,533] {dag.py:2927} INFO - Setting next_dagrun for tutorial_taskflow_api_etl to None, run_after=None
[2024-10-08 16:49:21,619] {processor.py:161} INFO - Processing /home/kennedy/KR/Programação/00.Estudos/DataEng/Alura/airflow-executores/venv/lib/python3.9/site-packages/airflow/example_dags/tutorial_taskflow_api_etl.py took 1.547 seconds
[2024-10-08 16:50:31,218] {processor.py:153} INFO - Started process (PID=19747) to work on /home/kennedy/KR/Programação/00.Estudos/DataEng/Alura/airflow-executores/venv/lib/python3.9/site-packages/airflow/example_dags/tutorial_taskflow_api_etl.py
[2024-10-08 16:50:31,304] {processor.py:641} INFO - Processing file /home/kennedy/KR/Programação/00.Estudos/DataEng/Alura/airflow-executores/venv/lib/python3.9/site-packages/airflow/example_dags/tutorial_taskflow_api_etl.py for tasks to queue
[2024-10-08 16:50:31,304] {logging_mixin.py:115} INFO - [2024-10-08 16:50:31,304] {dagbag.py:507} INFO - Filling up the DagBag from /home/kennedy/KR/Programação/00.Estudos/DataEng/Alura/airflow-executores/venv/lib/python3.9/site-packages/airflow/example_dags/tutorial_taskflow_api_etl.py
[2024-10-08 16:50:31,321] {processor.py:651} INFO - DAG(s) dict_keys(['tutorial_taskflow_api_etl']) retrieved from /home/kennedy/KR/Programação/00.Estudos/DataEng/Alura/airflow-executores/venv/lib/python3.9/site-packages/airflow/example_dags/tutorial_taskflow_api_etl.py
[2024-10-08 16:50:31,383] {logging_mixin.py:115} INFO - [2024-10-08 16:50:31,383] {dag.py:2379} INFO - Sync 1 DAGs
[2024-10-08 16:50:31,398] {logging_mixin.py:115} INFO - [2024-10-08 16:50:31,398] {dag.py:2927} INFO - Setting next_dagrun for tutorial_taskflow_api_etl to None, run_after=None
[2024-10-08 16:50:31,745] {processor.py:161} INFO - Processing /home/kennedy/KR/Programação/00.Estudos/DataEng/Alura/airflow-executores/venv/lib/python3.9/site-packages/airflow/example_dags/tutorial_taskflow_api_etl.py took 0.535 seconds
[2024-10-08 17:01:06,414] {processor.py:153} INFO - Started process (PID=25032) to work on /home/kennedy/KR/Programação/00.Estudos/DataEng/Alura/airflow-executores/venv/lib/python3.9/site-packages/airflow/example_dags/tutorial_taskflow_api_etl.py
[2024-10-08 17:01:06,426] {processor.py:641} INFO - Processing file /home/kennedy/KR/Programação/00.Estudos/DataEng/Alura/airflow-executores/venv/lib/python3.9/site-packages/airflow/example_dags/tutorial_taskflow_api_etl.py for tasks to queue
[2024-10-08 17:01:06,427] {logging_mixin.py:115} INFO - [2024-10-08 17:01:06,427] {dagbag.py:507} INFO - Filling up the DagBag from /home/kennedy/KR/Programação/00.Estudos/DataEng/Alura/airflow-executores/venv/lib/python3.9/site-packages/airflow/example_dags/tutorial_taskflow_api_etl.py
[2024-10-08 17:01:06,460] {processor.py:651} INFO - DAG(s) dict_keys(['tutorial_taskflow_api_etl']) retrieved from /home/kennedy/KR/Programação/00.Estudos/DataEng/Alura/airflow-executores/venv/lib/python3.9/site-packages/airflow/example_dags/tutorial_taskflow_api_etl.py
[2024-10-08 17:01:06,495] {logging_mixin.py:115} INFO - [2024-10-08 17:01:06,495] {dag.py:2379} INFO - Sync 1 DAGs
[2024-10-08 17:01:06,503] {logging_mixin.py:115} INFO - [2024-10-08 17:01:06,503] {dag.py:2927} INFO - Setting next_dagrun for tutorial_taskflow_api_etl to None, run_after=None
[2024-10-08 17:01:06,585] {processor.py:161} INFO - Processing /home/kennedy/KR/Programação/00.Estudos/DataEng/Alura/airflow-executores/venv/lib/python3.9/site-packages/airflow/example_dags/tutorial_taskflow_api_etl.py took 0.173 seconds
[2024-10-08 17:06:04,732] {processor.py:153} INFO - Started process (PID=28642) to work on /home/kennedy/KR/Programação/00.Estudos/DataEng/Alura/airflow-executores/venv/lib/python3.9/site-packages/airflow/example_dags/tutorial_taskflow_api_etl.py
[2024-10-08 17:06:04,755] {processor.py:641} INFO - Processing file /home/kennedy/KR/Programação/00.Estudos/DataEng/Alura/airflow-executores/venv/lib/python3.9/site-packages/airflow/example_dags/tutorial_taskflow_api_etl.py for tasks to queue
[2024-10-08 17:06:04,756] {logging_mixin.py:115} INFO - [2024-10-08 17:06:04,756] {dagbag.py:507} INFO - Filling up the DagBag from /home/kennedy/KR/Programação/00.Estudos/DataEng/Alura/airflow-executores/venv/lib/python3.9/site-packages/airflow/example_dags/tutorial_taskflow_api_etl.py
[2024-10-08 17:06:04,790] {processor.py:651} INFO - DAG(s) dict_keys(['tutorial_taskflow_api_etl']) retrieved from /home/kennedy/KR/Programação/00.Estudos/DataEng/Alura/airflow-executores/venv/lib/python3.9/site-packages/airflow/example_dags/tutorial_taskflow_api_etl.py
[2024-10-08 17:06:04,824] {logging_mixin.py:115} INFO - [2024-10-08 17:06:04,824] {dag.py:2379} INFO - Sync 1 DAGs
[2024-10-08 17:06:04,833] {logging_mixin.py:115} INFO - [2024-10-08 17:06:04,833] {dag.py:2927} INFO - Setting next_dagrun for tutorial_taskflow_api_etl to None, run_after=None
[2024-10-08 17:06:05,339] {processor.py:161} INFO - Processing /home/kennedy/KR/Programação/00.Estudos/DataEng/Alura/airflow-executores/venv/lib/python3.9/site-packages/airflow/example_dags/tutorial_taskflow_api_etl.py took 0.613 seconds
[2024-10-08 17:17:18,351] {processor.py:153} INFO - Started process (PID=36089) to work on /home/kennedy/KR/Programação/00.Estudos/DataEng/Alura/airflow-executores/venv/lib/python3.9/site-packages/airflow/example_dags/tutorial_taskflow_api_etl.py
[2024-10-08 17:17:18,449] {processor.py:641} INFO - Processing file /home/kennedy/KR/Programação/00.Estudos/DataEng/Alura/airflow-executores/venv/lib/python3.9/site-packages/airflow/example_dags/tutorial_taskflow_api_etl.py for tasks to queue
[2024-10-08 17:17:18,451] {logging_mixin.py:115} INFO - [2024-10-08 17:17:18,450] {dagbag.py:507} INFO - Filling up the DagBag from /home/kennedy/KR/Programação/00.Estudos/DataEng/Alura/airflow-executores/venv/lib/python3.9/site-packages/airflow/example_dags/tutorial_taskflow_api_etl.py
[2024-10-08 17:17:18,501] {processor.py:651} INFO - DAG(s) dict_keys(['tutorial_taskflow_api_etl']) retrieved from /home/kennedy/KR/Programação/00.Estudos/DataEng/Alura/airflow-executores/venv/lib/python3.9/site-packages/airflow/example_dags/tutorial_taskflow_api_etl.py
[2024-10-08 17:17:19,046] {logging_mixin.py:115} INFO - [2024-10-08 17:17:19,046] {dag.py:2379} INFO - Sync 1 DAGs
[2024-10-08 17:17:19,064] {logging_mixin.py:115} INFO - [2024-10-08 17:17:19,064] {dag.py:2927} INFO - Setting next_dagrun for tutorial_taskflow_api_etl to None, run_after=None
[2024-10-08 17:17:19,154] {processor.py:161} INFO - Processing /home/kennedy/KR/Programação/00.Estudos/DataEng/Alura/airflow-executores/venv/lib/python3.9/site-packages/airflow/example_dags/tutorial_taskflow_api_etl.py took 0.809 seconds
