[2024-10-08 13:22:22,236] {processor.py:153} INFO - Started process (PID=37347) to work on /home/kennedy/KR/Programação/00.Estudos/DataEng/Alura/airflow-executores/venv/lib/python3.9/site-packages/airflow/example_dags/tutorial.py
[2024-10-08 13:22:22,236] {processor.py:641} INFO - Processing file /home/kennedy/KR/Programação/00.Estudos/DataEng/Alura/airflow-executores/venv/lib/python3.9/site-packages/airflow/example_dags/tutorial.py for tasks to queue
[2024-10-08 13:22:22,236] {logging_mixin.py:115} INFO - [2024-10-08 13:22:22,236] {dagbag.py:507} INFO - Filling up the DagBag from /home/kennedy/KR/Programação/00.Estudos/DataEng/Alura/airflow-executores/venv/lib/python3.9/site-packages/airflow/example_dags/tutorial.py
[2024-10-08 13:22:22,240] {processor.py:651} INFO - DAG(s) dict_keys(['tutorial']) retrieved from /home/kennedy/KR/Programação/00.Estudos/DataEng/Alura/airflow-executores/venv/lib/python3.9/site-packages/airflow/example_dags/tutorial.py
[2024-10-08 13:22:23,667] {logging_mixin.py:115} INFO - [2024-10-08 13:22:23,667] {manager.py:508} INFO - Created Permission View: can delete on DAG:tutorial
[2024-10-08 13:22:23,883] {logging_mixin.py:115} INFO - [2024-10-08 13:22:23,883] {manager.py:508} INFO - Created Permission View: can read on DAG:tutorial
[2024-10-08 13:22:24,047] {logging_mixin.py:115} INFO - [2024-10-08 13:22:24,047] {manager.py:508} INFO - Created Permission View: can edit on DAG:tutorial
[2024-10-08 13:22:24,048] {logging_mixin.py:115} INFO - [2024-10-08 13:22:24,047] {dag.py:2379} INFO - Sync 1 DAGs
[2024-10-08 13:22:24,066] {logging_mixin.py:115} INFO - [2024-10-08 13:22:24,066] {dag.py:2398} INFO - Creating ORM DAG for tutorial
[2024-10-08 13:22:24,086] {logging_mixin.py:115} INFO - [2024-10-08 13:22:24,086] {dag.py:2927} INFO - Setting next_dagrun for tutorial to 2024-10-07T16:22:24.086139+00:00, run_after=2024-10-08T16:22:24.086139+00:00
[2024-10-08 13:22:25,425] {processor.py:161} INFO - Processing /home/kennedy/KR/Programação/00.Estudos/DataEng/Alura/airflow-executores/venv/lib/python3.9/site-packages/airflow/example_dags/tutorial.py took 3.192 seconds
[2024-10-08 13:24:48,548] {processor.py:153} INFO - Started process (PID=37714) to work on /home/kennedy/KR/Programação/00.Estudos/DataEng/Alura/airflow-executores/venv/lib/python3.9/site-packages/airflow/example_dags/tutorial.py
[2024-10-08 13:24:48,557] {processor.py:641} INFO - Processing file /home/kennedy/KR/Programação/00.Estudos/DataEng/Alura/airflow-executores/venv/lib/python3.9/site-packages/airflow/example_dags/tutorial.py for tasks to queue
[2024-10-08 13:24:48,559] {logging_mixin.py:115} INFO - [2024-10-08 13:24:48,558] {dagbag.py:507} INFO - Filling up the DagBag from /home/kennedy/KR/Programação/00.Estudos/DataEng/Alura/airflow-executores/venv/lib/python3.9/site-packages/airflow/example_dags/tutorial.py
[2024-10-08 13:24:48,571] {processor.py:651} INFO - DAG(s) dict_keys(['tutorial']) retrieved from /home/kennedy/KR/Programação/00.Estudos/DataEng/Alura/airflow-executores/venv/lib/python3.9/site-packages/airflow/example_dags/tutorial.py
[2024-10-08 13:24:48,590] {logging_mixin.py:115} INFO - [2024-10-08 13:24:48,590] {dag.py:2379} INFO - Sync 1 DAGs
[2024-10-08 13:24:48,610] {logging_mixin.py:115} INFO - [2024-10-08 13:24:48,609] {dag.py:2927} INFO - Setting next_dagrun for tutorial to 2024-10-07T16:24:48.609680+00:00, run_after=2024-10-08T16:24:48.609680+00:00
[2024-10-08 13:24:48,715] {processor.py:161} INFO - Processing /home/kennedy/KR/Programação/00.Estudos/DataEng/Alura/airflow-executores/venv/lib/python3.9/site-packages/airflow/example_dags/tutorial.py took 0.171 seconds
[2024-10-08 13:25:44,530] {processor.py:153} INFO - Started process (PID=37784) to work on /home/kennedy/KR/Programação/00.Estudos/DataEng/Alura/airflow-executores/venv/lib/python3.9/site-packages/airflow/example_dags/tutorial.py
[2024-10-08 13:25:44,539] {processor.py:641} INFO - Processing file /home/kennedy/KR/Programação/00.Estudos/DataEng/Alura/airflow-executores/venv/lib/python3.9/site-packages/airflow/example_dags/tutorial.py for tasks to queue
[2024-10-08 13:25:44,540] {logging_mixin.py:115} INFO - [2024-10-08 13:25:44,540] {dagbag.py:507} INFO - Filling up the DagBag from /home/kennedy/KR/Programação/00.Estudos/DataEng/Alura/airflow-executores/venv/lib/python3.9/site-packages/airflow/example_dags/tutorial.py
[2024-10-08 13:25:44,544] {processor.py:651} INFO - DAG(s) dict_keys(['tutorial']) retrieved from /home/kennedy/KR/Programação/00.Estudos/DataEng/Alura/airflow-executores/venv/lib/python3.9/site-packages/airflow/example_dags/tutorial.py
[2024-10-08 13:25:44,557] {logging_mixin.py:115} INFO - [2024-10-08 13:25:44,557] {dag.py:2379} INFO - Sync 1 DAGs
[2024-10-08 13:25:44,570] {logging_mixin.py:115} INFO - [2024-10-08 13:25:44,570] {dag.py:2927} INFO - Setting next_dagrun for tutorial to 2024-10-07T16:25:44.570531+00:00, run_after=2024-10-08T16:25:44.570531+00:00
[2024-10-08 13:25:44,790] {processor.py:161} INFO - Processing /home/kennedy/KR/Programação/00.Estudos/DataEng/Alura/airflow-executores/venv/lib/python3.9/site-packages/airflow/example_dags/tutorial.py took 0.263 seconds
[2024-10-08 13:26:43,312] {processor.py:153} INFO - Started process (PID=37834) to work on /home/kennedy/KR/Programação/00.Estudos/DataEng/Alura/airflow-executores/venv/lib/python3.9/site-packages/airflow/example_dags/tutorial.py
[2024-10-08 13:26:43,314] {processor.py:641} INFO - Processing file /home/kennedy/KR/Programação/00.Estudos/DataEng/Alura/airflow-executores/venv/lib/python3.9/site-packages/airflow/example_dags/tutorial.py for tasks to queue
[2024-10-08 13:26:43,315] {logging_mixin.py:115} INFO - [2024-10-08 13:26:43,315] {dagbag.py:507} INFO - Filling up the DagBag from /home/kennedy/KR/Programação/00.Estudos/DataEng/Alura/airflow-executores/venv/lib/python3.9/site-packages/airflow/example_dags/tutorial.py
[2024-10-08 13:26:43,327] {processor.py:651} INFO - DAG(s) dict_keys(['tutorial']) retrieved from /home/kennedy/KR/Programação/00.Estudos/DataEng/Alura/airflow-executores/venv/lib/python3.9/site-packages/airflow/example_dags/tutorial.py
[2024-10-08 13:26:43,345] {logging_mixin.py:115} INFO - [2024-10-08 13:26:43,345] {dag.py:2379} INFO - Sync 1 DAGs
[2024-10-08 13:26:43,358] {logging_mixin.py:115} INFO - [2024-10-08 13:26:43,358] {dag.py:2927} INFO - Setting next_dagrun for tutorial to 2024-10-07T16:26:43.358365+00:00, run_after=2024-10-08T16:26:43.358365+00:00
[2024-10-08 13:26:44,056] {processor.py:161} INFO - Processing /home/kennedy/KR/Programação/00.Estudos/DataEng/Alura/airflow-executores/venv/lib/python3.9/site-packages/airflow/example_dags/tutorial.py took 0.750 seconds
[2024-10-08 13:27:35,995] {processor.py:153} INFO - Started process (PID=37969) to work on /home/kennedy/KR/Programação/00.Estudos/DataEng/Alura/airflow-executores/venv/lib/python3.9/site-packages/airflow/example_dags/tutorial.py
[2024-10-08 13:27:35,997] {processor.py:641} INFO - Processing file /home/kennedy/KR/Programação/00.Estudos/DataEng/Alura/airflow-executores/venv/lib/python3.9/site-packages/airflow/example_dags/tutorial.py for tasks to queue
[2024-10-08 13:27:35,998] {logging_mixin.py:115} INFO - [2024-10-08 13:27:35,998] {dagbag.py:507} INFO - Filling up the DagBag from /home/kennedy/KR/Programação/00.Estudos/DataEng/Alura/airflow-executores/venv/lib/python3.9/site-packages/airflow/example_dags/tutorial.py
[2024-10-08 13:27:36,009] {processor.py:651} INFO - DAG(s) dict_keys(['tutorial']) retrieved from /home/kennedy/KR/Programação/00.Estudos/DataEng/Alura/airflow-executores/venv/lib/python3.9/site-packages/airflow/example_dags/tutorial.py
[2024-10-08 13:27:36,027] {logging_mixin.py:115} INFO - [2024-10-08 13:27:36,027] {dag.py:2379} INFO - Sync 1 DAGs
[2024-10-08 13:27:36,043] {logging_mixin.py:115} INFO - [2024-10-08 13:27:36,043] {dag.py:2927} INFO - Setting next_dagrun for tutorial to 2024-10-07T16:27:36.042901+00:00, run_after=2024-10-08T16:27:36.042901+00:00
[2024-10-08 13:27:37,154] {processor.py:161} INFO - Processing /home/kennedy/KR/Programação/00.Estudos/DataEng/Alura/airflow-executores/venv/lib/python3.9/site-packages/airflow/example_dags/tutorial.py took 1.165 seconds
[2024-10-08 13:28:16,960] {processor.py:153} INFO - Started process (PID=38044) to work on /home/kennedy/KR/Programação/00.Estudos/DataEng/Alura/airflow-executores/venv/lib/python3.9/site-packages/airflow/example_dags/tutorial.py
[2024-10-08 13:28:17,081] {processor.py:641} INFO - Processing file /home/kennedy/KR/Programação/00.Estudos/DataEng/Alura/airflow-executores/venv/lib/python3.9/site-packages/airflow/example_dags/tutorial.py for tasks to queue
[2024-10-08 13:28:17,081] {logging_mixin.py:115} INFO - [2024-10-08 13:28:17,081] {dagbag.py:507} INFO - Filling up the DagBag from /home/kennedy/KR/Programação/00.Estudos/DataEng/Alura/airflow-executores/venv/lib/python3.9/site-packages/airflow/example_dags/tutorial.py
[2024-10-08 13:28:17,086] {processor.py:651} INFO - DAG(s) dict_keys(['tutorial']) retrieved from /home/kennedy/KR/Programação/00.Estudos/DataEng/Alura/airflow-executores/venv/lib/python3.9/site-packages/airflow/example_dags/tutorial.py
[2024-10-08 13:28:17,102] {logging_mixin.py:115} INFO - [2024-10-08 13:28:17,102] {dag.py:2379} INFO - Sync 1 DAGs
[2024-10-08 13:28:17,123] {logging_mixin.py:115} INFO - [2024-10-08 13:28:17,123] {dag.py:2927} INFO - Setting next_dagrun for tutorial to 2024-10-07T16:28:17.122897+00:00, run_after=2024-10-08T16:28:17.122897+00:00
[2024-10-08 13:28:18,429] {processor.py:161} INFO - Processing /home/kennedy/KR/Programação/00.Estudos/DataEng/Alura/airflow-executores/venv/lib/python3.9/site-packages/airflow/example_dags/tutorial.py took 1.472 seconds
[2024-10-08 13:29:32,963] {processor.py:153} INFO - Started process (PID=38397) to work on /home/kennedy/KR/Programação/00.Estudos/DataEng/Alura/airflow-executores/venv/lib/python3.9/site-packages/airflow/example_dags/tutorial.py
[2024-10-08 13:29:32,972] {processor.py:641} INFO - Processing file /home/kennedy/KR/Programação/00.Estudos/DataEng/Alura/airflow-executores/venv/lib/python3.9/site-packages/airflow/example_dags/tutorial.py for tasks to queue
[2024-10-08 13:29:32,972] {logging_mixin.py:115} INFO - [2024-10-08 13:29:32,972] {dagbag.py:507} INFO - Filling up the DagBag from /home/kennedy/KR/Programação/00.Estudos/DataEng/Alura/airflow-executores/venv/lib/python3.9/site-packages/airflow/example_dags/tutorial.py
[2024-10-08 13:29:32,978] {processor.py:651} INFO - DAG(s) dict_keys(['tutorial']) retrieved from /home/kennedy/KR/Programação/00.Estudos/DataEng/Alura/airflow-executores/venv/lib/python3.9/site-packages/airflow/example_dags/tutorial.py
[2024-10-08 13:29:32,993] {logging_mixin.py:115} INFO - [2024-10-08 13:29:32,993] {dag.py:2379} INFO - Sync 1 DAGs
[2024-10-08 13:29:33,015] {logging_mixin.py:115} INFO - [2024-10-08 13:29:33,015] {dag.py:2927} INFO - Setting next_dagrun for tutorial to 2024-10-07T16:29:33.015087+00:00, run_after=2024-10-08T16:29:33.015087+00:00
[2024-10-08 13:29:33,114] {processor.py:161} INFO - Processing /home/kennedy/KR/Programação/00.Estudos/DataEng/Alura/airflow-executores/venv/lib/python3.9/site-packages/airflow/example_dags/tutorial.py took 0.155 seconds
[2024-10-08 13:30:27,711] {processor.py:153} INFO - Started process (PID=38567) to work on /home/kennedy/KR/Programação/00.Estudos/DataEng/Alura/airflow-executores/venv/lib/python3.9/site-packages/airflow/example_dags/tutorial.py
[2024-10-08 13:30:27,725] {processor.py:641} INFO - Processing file /home/kennedy/KR/Programação/00.Estudos/DataEng/Alura/airflow-executores/venv/lib/python3.9/site-packages/airflow/example_dags/tutorial.py for tasks to queue
[2024-10-08 13:30:27,725] {logging_mixin.py:115} INFO - [2024-10-08 13:30:27,725] {dagbag.py:507} INFO - Filling up the DagBag from /home/kennedy/KR/Programação/00.Estudos/DataEng/Alura/airflow-executores/venv/lib/python3.9/site-packages/airflow/example_dags/tutorial.py
[2024-10-08 13:30:27,736] {processor.py:651} INFO - DAG(s) dict_keys(['tutorial']) retrieved from /home/kennedy/KR/Programação/00.Estudos/DataEng/Alura/airflow-executores/venv/lib/python3.9/site-packages/airflow/example_dags/tutorial.py
[2024-10-08 13:30:27,761] {logging_mixin.py:115} INFO - [2024-10-08 13:30:27,761] {dag.py:2379} INFO - Sync 1 DAGs
[2024-10-08 13:30:27,777] {logging_mixin.py:115} INFO - [2024-10-08 13:30:27,777] {dag.py:2927} INFO - Setting next_dagrun for tutorial to 2024-10-07T16:30:27.776895+00:00, run_after=2024-10-08T16:30:27.776895+00:00
[2024-10-08 13:30:30,118] {processor.py:161} INFO - Processing /home/kennedy/KR/Programação/00.Estudos/DataEng/Alura/airflow-executores/venv/lib/python3.9/site-packages/airflow/example_dags/tutorial.py took 2.412 seconds
[2024-10-08 13:31:30,517] {processor.py:153} INFO - Started process (PID=38662) to work on /home/kennedy/KR/Programação/00.Estudos/DataEng/Alura/airflow-executores/venv/lib/python3.9/site-packages/airflow/example_dags/tutorial.py
[2024-10-08 13:31:30,577] {processor.py:641} INFO - Processing file /home/kennedy/KR/Programação/00.Estudos/DataEng/Alura/airflow-executores/venv/lib/python3.9/site-packages/airflow/example_dags/tutorial.py for tasks to queue
[2024-10-08 13:31:30,578] {logging_mixin.py:115} INFO - [2024-10-08 13:31:30,577] {dagbag.py:507} INFO - Filling up the DagBag from /home/kennedy/KR/Programação/00.Estudos/DataEng/Alura/airflow-executores/venv/lib/python3.9/site-packages/airflow/example_dags/tutorial.py
[2024-10-08 13:31:30,589] {processor.py:651} INFO - DAG(s) dict_keys(['tutorial']) retrieved from /home/kennedy/KR/Programação/00.Estudos/DataEng/Alura/airflow-executores/venv/lib/python3.9/site-packages/airflow/example_dags/tutorial.py
[2024-10-08 13:31:30,619] {logging_mixin.py:115} INFO - [2024-10-08 13:31:30,618] {dag.py:2379} INFO - Sync 1 DAGs
[2024-10-08 13:31:30,643] {logging_mixin.py:115} INFO - [2024-10-08 13:31:30,643] {dag.py:2927} INFO - Setting next_dagrun for tutorial to 2024-10-07T16:31:30.643022+00:00, run_after=2024-10-08T16:31:30.643022+00:00
[2024-10-08 13:31:30,959] {processor.py:161} INFO - Processing /home/kennedy/KR/Programação/00.Estudos/DataEng/Alura/airflow-executores/venv/lib/python3.9/site-packages/airflow/example_dags/tutorial.py took 0.450 seconds
[2024-10-08 13:32:41,440] {processor.py:153} INFO - Started process (PID=38834) to work on /home/kennedy/KR/Programação/00.Estudos/DataEng/Alura/airflow-executores/venv/lib/python3.9/site-packages/airflow/example_dags/tutorial.py
[2024-10-08 13:32:41,456] {processor.py:641} INFO - Processing file /home/kennedy/KR/Programação/00.Estudos/DataEng/Alura/airflow-executores/venv/lib/python3.9/site-packages/airflow/example_dags/tutorial.py for tasks to queue
[2024-10-08 13:32:41,457] {logging_mixin.py:115} INFO - [2024-10-08 13:32:41,457] {dagbag.py:507} INFO - Filling up the DagBag from /home/kennedy/KR/Programação/00.Estudos/DataEng/Alura/airflow-executores/venv/lib/python3.9/site-packages/airflow/example_dags/tutorial.py
[2024-10-08 13:32:41,471] {processor.py:651} INFO - DAG(s) dict_keys(['tutorial']) retrieved from /home/kennedy/KR/Programação/00.Estudos/DataEng/Alura/airflow-executores/venv/lib/python3.9/site-packages/airflow/example_dags/tutorial.py
[2024-10-08 13:32:41,510] {logging_mixin.py:115} INFO - [2024-10-08 13:32:41,509] {dag.py:2379} INFO - Sync 1 DAGs
[2024-10-08 13:32:41,548] {logging_mixin.py:115} INFO - [2024-10-08 13:32:41,548] {dag.py:2927} INFO - Setting next_dagrun for tutorial to 2024-10-07T16:32:41.548375+00:00, run_after=2024-10-08T16:32:41.548375+00:00
[2024-10-08 13:32:41,827] {processor.py:161} INFO - Processing /home/kennedy/KR/Programação/00.Estudos/DataEng/Alura/airflow-executores/venv/lib/python3.9/site-packages/airflow/example_dags/tutorial.py took 0.394 seconds
[2024-10-08 13:33:25,447] {processor.py:153} INFO - Started process (PID=38903) to work on /home/kennedy/KR/Programação/00.Estudos/DataEng/Alura/airflow-executores/venv/lib/python3.9/site-packages/airflow/example_dags/tutorial.py
[2024-10-08 13:33:25,834] {processor.py:641} INFO - Processing file /home/kennedy/KR/Programação/00.Estudos/DataEng/Alura/airflow-executores/venv/lib/python3.9/site-packages/airflow/example_dags/tutorial.py for tasks to queue
[2024-10-08 13:33:25,835] {logging_mixin.py:115} INFO - [2024-10-08 13:33:25,835] {dagbag.py:507} INFO - Filling up the DagBag from /home/kennedy/KR/Programação/00.Estudos/DataEng/Alura/airflow-executores/venv/lib/python3.9/site-packages/airflow/example_dags/tutorial.py
[2024-10-08 13:33:25,848] {processor.py:651} INFO - DAG(s) dict_keys(['tutorial']) retrieved from /home/kennedy/KR/Programação/00.Estudos/DataEng/Alura/airflow-executores/venv/lib/python3.9/site-packages/airflow/example_dags/tutorial.py
[2024-10-08 13:33:25,882] {logging_mixin.py:115} INFO - [2024-10-08 13:33:25,882] {dag.py:2379} INFO - Sync 1 DAGs
[2024-10-08 13:33:25,921] {logging_mixin.py:115} INFO - [2024-10-08 13:33:25,920] {dag.py:2927} INFO - Setting next_dagrun for tutorial to 2024-10-07T16:33:25.920415+00:00, run_after=2024-10-08T16:33:25.920415+00:00
[2024-10-08 13:33:26,042] {processor.py:161} INFO - Processing /home/kennedy/KR/Programação/00.Estudos/DataEng/Alura/airflow-executores/venv/lib/python3.9/site-packages/airflow/example_dags/tutorial.py took 0.602 seconds
[2024-10-08 13:34:24,571] {processor.py:153} INFO - Started process (PID=38976) to work on /home/kennedy/KR/Programação/00.Estudos/DataEng/Alura/airflow-executores/venv/lib/python3.9/site-packages/airflow/example_dags/tutorial.py
[2024-10-08 13:34:25,018] {processor.py:641} INFO - Processing file /home/kennedy/KR/Programação/00.Estudos/DataEng/Alura/airflow-executores/venv/lib/python3.9/site-packages/airflow/example_dags/tutorial.py for tasks to queue
[2024-10-08 13:34:25,019] {logging_mixin.py:115} INFO - [2024-10-08 13:34:25,019] {dagbag.py:507} INFO - Filling up the DagBag from /home/kennedy/KR/Programação/00.Estudos/DataEng/Alura/airflow-executores/venv/lib/python3.9/site-packages/airflow/example_dags/tutorial.py
[2024-10-08 13:34:25,031] {processor.py:651} INFO - DAG(s) dict_keys(['tutorial']) retrieved from /home/kennedy/KR/Programação/00.Estudos/DataEng/Alura/airflow-executores/venv/lib/python3.9/site-packages/airflow/example_dags/tutorial.py
[2024-10-08 13:34:25,052] {logging_mixin.py:115} INFO - [2024-10-08 13:34:25,052] {dag.py:2379} INFO - Sync 1 DAGs
[2024-10-08 13:34:25,067] {logging_mixin.py:115} INFO - [2024-10-08 13:34:25,067] {dag.py:2927} INFO - Setting next_dagrun for tutorial to 2024-10-07T16:34:25.066878+00:00, run_after=2024-10-08T16:34:25.066878+00:00
[2024-10-08 13:34:26,352] {processor.py:161} INFO - Processing /home/kennedy/KR/Programação/00.Estudos/DataEng/Alura/airflow-executores/venv/lib/python3.9/site-packages/airflow/example_dags/tutorial.py took 1.785 seconds
[2024-10-08 15:46:35,758] {processor.py:153} INFO - Started process (PID=11107) to work on /home/kennedy/.local/lib/python3.10/site-packages/airflow/example_dags/tutorial.py
[2024-10-08 15:46:35,759] {processor.py:641} INFO - Processing file /home/kennedy/.local/lib/python3.10/site-packages/airflow/example_dags/tutorial.py for tasks to queue
[2024-10-08 15:46:35,760] {logging_mixin.py:115} INFO - [2024-10-08 15:46:35,760] {dagbag.py:507} INFO - Filling up the DagBag from /home/kennedy/.local/lib/python3.10/site-packages/airflow/example_dags/tutorial.py
[2024-10-08 15:46:35,766] {processor.py:651} INFO - DAG(s) dict_keys(['tutorial']) retrieved from /home/kennedy/.local/lib/python3.10/site-packages/airflow/example_dags/tutorial.py
[2024-10-08 15:46:35,821] {logging_mixin.py:115} INFO - [2024-10-08 15:46:35,821] {dag.py:2379} INFO - Sync 1 DAGs
[2024-10-08 15:46:35,840] {logging_mixin.py:115} INFO - [2024-10-08 15:46:35,840] {dag.py:2927} INFO - Setting next_dagrun for tutorial to 2024-10-07T18:46:35.840353+00:00, run_after=2024-10-08T18:46:35.840353+00:00
[2024-10-08 15:46:35,988] {processor.py:161} INFO - Processing /home/kennedy/.local/lib/python3.10/site-packages/airflow/example_dags/tutorial.py took 0.233 seconds
[2024-10-08 16:36:20,166] {processor.py:153} INFO - Started process (PID=16365) to work on /home/kennedy/KR/Programação/00.Estudos/DataEng/Alura/airflow-executores/venv/lib/python3.9/site-packages/airflow/example_dags/tutorial.py
[2024-10-08 16:36:20,168] {processor.py:641} INFO - Processing file /home/kennedy/KR/Programação/00.Estudos/DataEng/Alura/airflow-executores/venv/lib/python3.9/site-packages/airflow/example_dags/tutorial.py for tasks to queue
[2024-10-08 16:36:20,169] {logging_mixin.py:115} INFO - [2024-10-08 16:36:20,169] {dagbag.py:507} INFO - Filling up the DagBag from /home/kennedy/KR/Programação/00.Estudos/DataEng/Alura/airflow-executores/venv/lib/python3.9/site-packages/airflow/example_dags/tutorial.py
[2024-10-08 16:36:20,185] {processor.py:651} INFO - DAG(s) dict_keys(['tutorial']) retrieved from /home/kennedy/KR/Programação/00.Estudos/DataEng/Alura/airflow-executores/venv/lib/python3.9/site-packages/airflow/example_dags/tutorial.py
[2024-10-08 16:36:20,233] {logging_mixin.py:115} INFO - [2024-10-08 16:36:20,233] {dag.py:2379} INFO - Sync 1 DAGs
[2024-10-08 16:36:20,250] {logging_mixin.py:115} INFO - [2024-10-08 16:36:20,250] {dag.py:2927} INFO - Setting next_dagrun for tutorial to 2024-10-07T19:36:20.250432+00:00, run_after=2024-10-08T19:36:20.250432+00:00
[2024-10-08 16:36:21,439] {processor.py:161} INFO - Processing /home/kennedy/KR/Programação/00.Estudos/DataEng/Alura/airflow-executores/venv/lib/python3.9/site-packages/airflow/example_dags/tutorial.py took 1.282 seconds
[2024-10-08 16:37:23,738] {processor.py:153} INFO - Started process (PID=16763) to work on /home/kennedy/KR/Programação/00.Estudos/DataEng/Alura/airflow-executores/venv/lib/python3.9/site-packages/airflow/example_dags/tutorial.py
[2024-10-08 16:37:23,790] {processor.py:641} INFO - Processing file /home/kennedy/KR/Programação/00.Estudos/DataEng/Alura/airflow-executores/venv/lib/python3.9/site-packages/airflow/example_dags/tutorial.py for tasks to queue
[2024-10-08 16:37:23,791] {logging_mixin.py:115} INFO - [2024-10-08 16:37:23,791] {dagbag.py:507} INFO - Filling up the DagBag from /home/kennedy/KR/Programação/00.Estudos/DataEng/Alura/airflow-executores/venv/lib/python3.9/site-packages/airflow/example_dags/tutorial.py
[2024-10-08 16:37:23,805] {processor.py:651} INFO - DAG(s) dict_keys(['tutorial']) retrieved from /home/kennedy/KR/Programação/00.Estudos/DataEng/Alura/airflow-executores/venv/lib/python3.9/site-packages/airflow/example_dags/tutorial.py
[2024-10-08 16:37:23,828] {logging_mixin.py:115} INFO - [2024-10-08 16:37:23,828] {dag.py:2379} INFO - Sync 1 DAGs
[2024-10-08 16:37:23,842] {logging_mixin.py:115} INFO - [2024-10-08 16:37:23,842] {dag.py:2927} INFO - Setting next_dagrun for tutorial to 2024-10-07T19:37:23.842175+00:00, run_after=2024-10-08T19:37:23.842175+00:00
[2024-10-08 16:37:23,943] {processor.py:161} INFO - Processing /home/kennedy/KR/Programação/00.Estudos/DataEng/Alura/airflow-executores/venv/lib/python3.9/site-packages/airflow/example_dags/tutorial.py took 0.211 seconds
[2024-10-08 16:38:33,151] {processor.py:153} INFO - Started process (PID=17143) to work on /home/kennedy/KR/Programação/00.Estudos/DataEng/Alura/airflow-executores/venv/lib/python3.9/site-packages/airflow/example_dags/tutorial.py
[2024-10-08 16:38:33,247] {processor.py:641} INFO - Processing file /home/kennedy/KR/Programação/00.Estudos/DataEng/Alura/airflow-executores/venv/lib/python3.9/site-packages/airflow/example_dags/tutorial.py for tasks to queue
[2024-10-08 16:38:33,248] {logging_mixin.py:115} INFO - [2024-10-08 16:38:33,248] {dagbag.py:507} INFO - Filling up the DagBag from /home/kennedy/KR/Programação/00.Estudos/DataEng/Alura/airflow-executores/venv/lib/python3.9/site-packages/airflow/example_dags/tutorial.py
[2024-10-08 16:38:33,257] {processor.py:651} INFO - DAG(s) dict_keys(['tutorial']) retrieved from /home/kennedy/KR/Programação/00.Estudos/DataEng/Alura/airflow-executores/venv/lib/python3.9/site-packages/airflow/example_dags/tutorial.py
[2024-10-08 16:38:37,385] {logging_mixin.py:115} INFO - [2024-10-08 16:38:37,385] {dag.py:2379} INFO - Sync 1 DAGs
[2024-10-08 16:38:37,421] {logging_mixin.py:115} INFO - [2024-10-08 16:38:37,421] {dag.py:2927} INFO - Setting next_dagrun for tutorial to 2024-10-07T19:38:37.421325+00:00, run_after=2024-10-08T19:38:37.421325+00:00
[2024-10-08 16:38:38,778] {processor.py:161} INFO - Processing /home/kennedy/KR/Programação/00.Estudos/DataEng/Alura/airflow-executores/venv/lib/python3.9/site-packages/airflow/example_dags/tutorial.py took 5.634 seconds
[2024-10-08 16:40:03,292] {processor.py:153} INFO - Started process (PID=17534) to work on /home/kennedy/KR/Programação/00.Estudos/DataEng/Alura/airflow-executores/venv/lib/python3.9/site-packages/airflow/example_dags/tutorial.py
[2024-10-08 16:40:03,293] {processor.py:641} INFO - Processing file /home/kennedy/KR/Programação/00.Estudos/DataEng/Alura/airflow-executores/venv/lib/python3.9/site-packages/airflow/example_dags/tutorial.py for tasks to queue
[2024-10-08 16:40:03,294] {logging_mixin.py:115} INFO - [2024-10-08 16:40:03,294] {dagbag.py:507} INFO - Filling up the DagBag from /home/kennedy/KR/Programação/00.Estudos/DataEng/Alura/airflow-executores/venv/lib/python3.9/site-packages/airflow/example_dags/tutorial.py
[2024-10-08 16:40:03,306] {processor.py:651} INFO - DAG(s) dict_keys(['tutorial']) retrieved from /home/kennedy/KR/Programação/00.Estudos/DataEng/Alura/airflow-executores/venv/lib/python3.9/site-packages/airflow/example_dags/tutorial.py
[2024-10-08 16:40:03,326] {logging_mixin.py:115} INFO - [2024-10-08 16:40:03,326] {dag.py:2379} INFO - Sync 1 DAGs
[2024-10-08 16:40:03,339] {logging_mixin.py:115} INFO - [2024-10-08 16:40:03,339] {dag.py:2927} INFO - Setting next_dagrun for tutorial to 2024-10-07T19:40:03.339305+00:00, run_after=2024-10-08T19:40:03.339305+00:00
[2024-10-08 16:40:03,744] {processor.py:161} INFO - Processing /home/kennedy/KR/Programação/00.Estudos/DataEng/Alura/airflow-executores/venv/lib/python3.9/site-packages/airflow/example_dags/tutorial.py took 0.459 seconds
[2024-10-08 16:41:03,277] {processor.py:153} INFO - Started process (PID=17850) to work on /home/kennedy/KR/Programação/00.Estudos/DataEng/Alura/airflow-executores/venv/lib/python3.9/site-packages/airflow/example_dags/tutorial.py
[2024-10-08 16:41:04,643] {processor.py:641} INFO - Processing file /home/kennedy/KR/Programação/00.Estudos/DataEng/Alura/airflow-executores/venv/lib/python3.9/site-packages/airflow/example_dags/tutorial.py for tasks to queue
[2024-10-08 16:41:04,645] {logging_mixin.py:115} INFO - [2024-10-08 16:41:04,644] {dagbag.py:507} INFO - Filling up the DagBag from /home/kennedy/KR/Programação/00.Estudos/DataEng/Alura/airflow-executores/venv/lib/python3.9/site-packages/airflow/example_dags/tutorial.py
[2024-10-08 16:41:04,657] {processor.py:651} INFO - DAG(s) dict_keys(['tutorial']) retrieved from /home/kennedy/KR/Programação/00.Estudos/DataEng/Alura/airflow-executores/venv/lib/python3.9/site-packages/airflow/example_dags/tutorial.py
[2024-10-08 16:41:04,922] {logging_mixin.py:115} INFO - [2024-10-08 16:41:04,922] {dag.py:2379} INFO - Sync 1 DAGs
[2024-10-08 16:41:04,950] {logging_mixin.py:115} INFO - [2024-10-08 16:41:04,950] {dag.py:2927} INFO - Setting next_dagrun for tutorial to 2024-10-07T19:41:04.950151+00:00, run_after=2024-10-08T19:41:04.950151+00:00
[2024-10-08 16:41:05,200] {processor.py:161} INFO - Processing /home/kennedy/KR/Programação/00.Estudos/DataEng/Alura/airflow-executores/venv/lib/python3.9/site-packages/airflow/example_dags/tutorial.py took 1.926 seconds
[2024-10-08 16:42:16,664] {processor.py:153} INFO - Started process (PID=18159) to work on /home/kennedy/KR/Programação/00.Estudos/DataEng/Alura/airflow-executores/venv/lib/python3.9/site-packages/airflow/example_dags/tutorial.py
[2024-10-08 16:42:16,665] {processor.py:641} INFO - Processing file /home/kennedy/KR/Programação/00.Estudos/DataEng/Alura/airflow-executores/venv/lib/python3.9/site-packages/airflow/example_dags/tutorial.py for tasks to queue
[2024-10-08 16:42:16,666] {logging_mixin.py:115} INFO - [2024-10-08 16:42:16,666] {dagbag.py:507} INFO - Filling up the DagBag from /home/kennedy/KR/Programação/00.Estudos/DataEng/Alura/airflow-executores/venv/lib/python3.9/site-packages/airflow/example_dags/tutorial.py
[2024-10-08 16:42:16,678] {processor.py:651} INFO - DAG(s) dict_keys(['tutorial']) retrieved from /home/kennedy/KR/Programação/00.Estudos/DataEng/Alura/airflow-executores/venv/lib/python3.9/site-packages/airflow/example_dags/tutorial.py
[2024-10-08 16:42:16,698] {logging_mixin.py:115} INFO - [2024-10-08 16:42:16,697] {dag.py:2379} INFO - Sync 1 DAGs
[2024-10-08 16:42:16,711] {logging_mixin.py:115} INFO - [2024-10-08 16:42:16,711] {dag.py:2927} INFO - Setting next_dagrun for tutorial to 2024-10-07T19:42:16.710957+00:00, run_after=2024-10-08T19:42:16.710957+00:00
[2024-10-08 16:42:17,194] {processor.py:161} INFO - Processing /home/kennedy/KR/Programação/00.Estudos/DataEng/Alura/airflow-executores/venv/lib/python3.9/site-packages/airflow/example_dags/tutorial.py took 0.537 seconds
[2024-10-08 16:43:44,083] {processor.py:153} INFO - Started process (PID=18247) to work on /home/kennedy/KR/Programação/00.Estudos/DataEng/Alura/airflow-executores/venv/lib/python3.9/site-packages/airflow/example_dags/tutorial.py
[2024-10-08 16:43:44,091] {processor.py:641} INFO - Processing file /home/kennedy/KR/Programação/00.Estudos/DataEng/Alura/airflow-executores/venv/lib/python3.9/site-packages/airflow/example_dags/tutorial.py for tasks to queue
[2024-10-08 16:43:44,091] {logging_mixin.py:115} INFO - [2024-10-08 16:43:44,091] {dagbag.py:507} INFO - Filling up the DagBag from /home/kennedy/KR/Programação/00.Estudos/DataEng/Alura/airflow-executores/venv/lib/python3.9/site-packages/airflow/example_dags/tutorial.py
[2024-10-08 16:43:44,097] {processor.py:651} INFO - DAG(s) dict_keys(['tutorial']) retrieved from /home/kennedy/KR/Programação/00.Estudos/DataEng/Alura/airflow-executores/venv/lib/python3.9/site-packages/airflow/example_dags/tutorial.py
[2024-10-08 16:43:44,115] {logging_mixin.py:115} INFO - [2024-10-08 16:43:44,114] {dag.py:2379} INFO - Sync 1 DAGs
[2024-10-08 16:43:44,131] {logging_mixin.py:115} INFO - [2024-10-08 16:43:44,131] {dag.py:2927} INFO - Setting next_dagrun for tutorial to 2024-10-07T19:43:44.131205+00:00, run_after=2024-10-08T19:43:44.131205+00:00
[2024-10-08 16:43:44,985] {processor.py:161} INFO - Processing /home/kennedy/KR/Programação/00.Estudos/DataEng/Alura/airflow-executores/venv/lib/python3.9/site-packages/airflow/example_dags/tutorial.py took 0.905 seconds
[2024-10-08 16:44:31,290] {processor.py:153} INFO - Started process (PID=18282) to work on /home/kennedy/KR/Programação/00.Estudos/DataEng/Alura/airflow-executores/venv/lib/python3.9/site-packages/airflow/example_dags/tutorial.py
[2024-10-08 16:44:31,302] {processor.py:641} INFO - Processing file /home/kennedy/KR/Programação/00.Estudos/DataEng/Alura/airflow-executores/venv/lib/python3.9/site-packages/airflow/example_dags/tutorial.py for tasks to queue
[2024-10-08 16:44:31,303] {logging_mixin.py:115} INFO - [2024-10-08 16:44:31,303] {dagbag.py:507} INFO - Filling up the DagBag from /home/kennedy/KR/Programação/00.Estudos/DataEng/Alura/airflow-executores/venv/lib/python3.9/site-packages/airflow/example_dags/tutorial.py
[2024-10-08 16:44:31,308] {processor.py:651} INFO - DAG(s) dict_keys(['tutorial']) retrieved from /home/kennedy/KR/Programação/00.Estudos/DataEng/Alura/airflow-executores/venv/lib/python3.9/site-packages/airflow/example_dags/tutorial.py
[2024-10-08 16:44:31,322] {logging_mixin.py:115} INFO - [2024-10-08 16:44:31,322] {dag.py:2379} INFO - Sync 1 DAGs
[2024-10-08 16:44:31,336] {logging_mixin.py:115} INFO - [2024-10-08 16:44:31,336] {dag.py:2927} INFO - Setting next_dagrun for tutorial to 2024-10-07T19:44:31.336279+00:00, run_after=2024-10-08T19:44:31.336279+00:00
[2024-10-08 16:44:31,597] {processor.py:161} INFO - Processing /home/kennedy/KR/Programação/00.Estudos/DataEng/Alura/airflow-executores/venv/lib/python3.9/site-packages/airflow/example_dags/tutorial.py took 0.309 seconds
[2024-10-08 16:45:17,210] {processor.py:153} INFO - Started process (PID=18331) to work on /home/kennedy/KR/Programação/00.Estudos/DataEng/Alura/airflow-executores/venv/lib/python3.9/site-packages/airflow/example_dags/tutorial.py
[2024-10-08 16:45:17,219] {processor.py:641} INFO - Processing file /home/kennedy/KR/Programação/00.Estudos/DataEng/Alura/airflow-executores/venv/lib/python3.9/site-packages/airflow/example_dags/tutorial.py for tasks to queue
[2024-10-08 16:45:17,221] {logging_mixin.py:115} INFO - [2024-10-08 16:45:17,220] {dagbag.py:507} INFO - Filling up the DagBag from /home/kennedy/KR/Programação/00.Estudos/DataEng/Alura/airflow-executores/venv/lib/python3.9/site-packages/airflow/example_dags/tutorial.py
[2024-10-08 16:45:17,234] {processor.py:651} INFO - DAG(s) dict_keys(['tutorial']) retrieved from /home/kennedy/KR/Programação/00.Estudos/DataEng/Alura/airflow-executores/venv/lib/python3.9/site-packages/airflow/example_dags/tutorial.py
[2024-10-08 16:45:17,257] {logging_mixin.py:115} INFO - [2024-10-08 16:45:17,257] {dag.py:2379} INFO - Sync 1 DAGs
[2024-10-08 16:45:17,271] {logging_mixin.py:115} INFO - [2024-10-08 16:45:17,271] {dag.py:2927} INFO - Setting next_dagrun for tutorial to 2024-10-07T19:45:17.270771+00:00, run_after=2024-10-08T19:45:17.270771+00:00
[2024-10-08 16:45:17,562] {processor.py:161} INFO - Processing /home/kennedy/KR/Programação/00.Estudos/DataEng/Alura/airflow-executores/venv/lib/python3.9/site-packages/airflow/example_dags/tutorial.py took 0.358 seconds
[2024-10-08 16:46:09,146] {processor.py:153} INFO - Started process (PID=18759) to work on /home/kennedy/KR/Programação/00.Estudos/DataEng/Alura/airflow-executores/venv/lib/python3.9/site-packages/airflow/example_dags/tutorial.py
[2024-10-08 16:46:09,260] {processor.py:641} INFO - Processing file /home/kennedy/KR/Programação/00.Estudos/DataEng/Alura/airflow-executores/venv/lib/python3.9/site-packages/airflow/example_dags/tutorial.py for tasks to queue
[2024-10-08 16:46:09,261] {logging_mixin.py:115} INFO - [2024-10-08 16:46:09,261] {dagbag.py:507} INFO - Filling up the DagBag from /home/kennedy/KR/Programação/00.Estudos/DataEng/Alura/airflow-executores/venv/lib/python3.9/site-packages/airflow/example_dags/tutorial.py
[2024-10-08 16:46:09,267] {processor.py:651} INFO - DAG(s) dict_keys(['tutorial']) retrieved from /home/kennedy/KR/Programação/00.Estudos/DataEng/Alura/airflow-executores/venv/lib/python3.9/site-packages/airflow/example_dags/tutorial.py
[2024-10-08 16:46:10,250] {logging_mixin.py:115} INFO - [2024-10-08 16:46:10,250] {dag.py:2379} INFO - Sync 1 DAGs
[2024-10-08 16:46:10,307] {logging_mixin.py:115} INFO - [2024-10-08 16:46:10,306] {dag.py:2927} INFO - Setting next_dagrun for tutorial to 2024-10-07T19:46:10.305855+00:00, run_after=2024-10-08T19:46:10.305855+00:00
[2024-10-08 16:46:11,789] {processor.py:161} INFO - Processing /home/kennedy/KR/Programação/00.Estudos/DataEng/Alura/airflow-executores/venv/lib/python3.9/site-packages/airflow/example_dags/tutorial.py took 2.647 seconds
[2024-10-08 16:47:34,437] {processor.py:153} INFO - Started process (PID=19092) to work on /home/kennedy/KR/Programação/00.Estudos/DataEng/Alura/airflow-executores/venv/lib/python3.9/site-packages/airflow/example_dags/tutorial.py
[2024-10-08 16:47:34,639] {processor.py:641} INFO - Processing file /home/kennedy/KR/Programação/00.Estudos/DataEng/Alura/airflow-executores/venv/lib/python3.9/site-packages/airflow/example_dags/tutorial.py for tasks to queue
[2024-10-08 16:47:34,641] {logging_mixin.py:115} INFO - [2024-10-08 16:47:34,640] {dagbag.py:507} INFO - Filling up the DagBag from /home/kennedy/KR/Programação/00.Estudos/DataEng/Alura/airflow-executores/venv/lib/python3.9/site-packages/airflow/example_dags/tutorial.py
[2024-10-08 16:47:34,649] {processor.py:651} INFO - DAG(s) dict_keys(['tutorial']) retrieved from /home/kennedy/KR/Programação/00.Estudos/DataEng/Alura/airflow-executores/venv/lib/python3.9/site-packages/airflow/example_dags/tutorial.py
[2024-10-08 16:47:34,668] {logging_mixin.py:115} INFO - [2024-10-08 16:47:34,668] {dag.py:2379} INFO - Sync 1 DAGs
[2024-10-08 16:47:34,683] {logging_mixin.py:115} INFO - [2024-10-08 16:47:34,683] {dag.py:2927} INFO - Setting next_dagrun for tutorial to 2024-10-07T19:47:34.682827+00:00, run_after=2024-10-08T19:47:34.682827+00:00
[2024-10-08 16:47:36,303] {processor.py:161} INFO - Processing /home/kennedy/KR/Programação/00.Estudos/DataEng/Alura/airflow-executores/venv/lib/python3.9/site-packages/airflow/example_dags/tutorial.py took 1.874 seconds
[2024-10-08 16:48:40,343] {processor.py:153} INFO - Started process (PID=19256) to work on /home/kennedy/KR/Programação/00.Estudos/DataEng/Alura/airflow-executores/venv/lib/python3.9/site-packages/airflow/example_dags/tutorial.py
[2024-10-08 16:48:40,497] {processor.py:641} INFO - Processing file /home/kennedy/KR/Programação/00.Estudos/DataEng/Alura/airflow-executores/venv/lib/python3.9/site-packages/airflow/example_dags/tutorial.py for tasks to queue
[2024-10-08 16:48:40,498] {logging_mixin.py:115} INFO - [2024-10-08 16:48:40,498] {dagbag.py:507} INFO - Filling up the DagBag from /home/kennedy/KR/Programação/00.Estudos/DataEng/Alura/airflow-executores/venv/lib/python3.9/site-packages/airflow/example_dags/tutorial.py
[2024-10-08 16:48:40,507] {processor.py:651} INFO - DAG(s) dict_keys(['tutorial']) retrieved from /home/kennedy/KR/Programação/00.Estudos/DataEng/Alura/airflow-executores/venv/lib/python3.9/site-packages/airflow/example_dags/tutorial.py
[2024-10-08 16:48:40,524] {logging_mixin.py:115} INFO - [2024-10-08 16:48:40,524] {dag.py:2379} INFO - Sync 1 DAGs
[2024-10-08 16:48:40,541] {logging_mixin.py:115} INFO - [2024-10-08 16:48:40,540] {dag.py:2927} INFO - Setting next_dagrun for tutorial to 2024-10-07T19:48:40.540681+00:00, run_after=2024-10-08T19:48:40.540681+00:00
[2024-10-08 16:48:40,837] {processor.py:161} INFO - Processing /home/kennedy/KR/Programação/00.Estudos/DataEng/Alura/airflow-executores/venv/lib/python3.9/site-packages/airflow/example_dags/tutorial.py took 0.500 seconds
[2024-10-08 16:50:32,860] {processor.py:153} INFO - Started process (PID=19778) to work on /home/kennedy/KR/Programação/00.Estudos/DataEng/Alura/airflow-executores/venv/lib/python3.9/site-packages/airflow/example_dags/tutorial.py
[2024-10-08 16:50:32,870] {processor.py:641} INFO - Processing file /home/kennedy/KR/Programação/00.Estudos/DataEng/Alura/airflow-executores/venv/lib/python3.9/site-packages/airflow/example_dags/tutorial.py for tasks to queue
[2024-10-08 16:50:32,871] {logging_mixin.py:115} INFO - [2024-10-08 16:50:32,871] {dagbag.py:507} INFO - Filling up the DagBag from /home/kennedy/KR/Programação/00.Estudos/DataEng/Alura/airflow-executores/venv/lib/python3.9/site-packages/airflow/example_dags/tutorial.py
[2024-10-08 16:50:32,885] {processor.py:651} INFO - DAG(s) dict_keys(['tutorial']) retrieved from /home/kennedy/KR/Programação/00.Estudos/DataEng/Alura/airflow-executores/venv/lib/python3.9/site-packages/airflow/example_dags/tutorial.py
[2024-10-08 16:50:32,904] {logging_mixin.py:115} INFO - [2024-10-08 16:50:32,904] {dag.py:2379} INFO - Sync 1 DAGs
[2024-10-08 16:50:32,920] {logging_mixin.py:115} INFO - [2024-10-08 16:50:32,920] {dag.py:2927} INFO - Setting next_dagrun for tutorial to 2024-10-07T19:50:32.920435+00:00, run_after=2024-10-08T19:50:32.920435+00:00
[2024-10-08 16:50:33,586] {processor.py:161} INFO - Processing /home/kennedy/KR/Programação/00.Estudos/DataEng/Alura/airflow-executores/venv/lib/python3.9/site-packages/airflow/example_dags/tutorial.py took 0.732 seconds
[2024-10-08 17:01:56,028] {processor.py:153} INFO - Started process (PID=25565) to work on /home/kennedy/KR/Programação/00.Estudos/DataEng/Alura/airflow-executores/venv/lib/python3.9/site-packages/airflow/example_dags/tutorial.py
[2024-10-08 17:01:56,210] {processor.py:641} INFO - Processing file /home/kennedy/KR/Programação/00.Estudos/DataEng/Alura/airflow-executores/venv/lib/python3.9/site-packages/airflow/example_dags/tutorial.py for tasks to queue
[2024-10-08 17:01:56,211] {logging_mixin.py:115} INFO - [2024-10-08 17:01:56,211] {dagbag.py:507} INFO - Filling up the DagBag from /home/kennedy/KR/Programação/00.Estudos/DataEng/Alura/airflow-executores/venv/lib/python3.9/site-packages/airflow/example_dags/tutorial.py
[2024-10-08 17:01:56,220] {processor.py:651} INFO - DAG(s) dict_keys(['tutorial']) retrieved from /home/kennedy/KR/Programação/00.Estudos/DataEng/Alura/airflow-executores/venv/lib/python3.9/site-packages/airflow/example_dags/tutorial.py
[2024-10-08 17:01:56,234] {logging_mixin.py:115} INFO - [2024-10-08 17:01:56,234] {dag.py:2379} INFO - Sync 1 DAGs
[2024-10-08 17:01:56,248] {logging_mixin.py:115} INFO - [2024-10-08 17:01:56,248] {dag.py:2927} INFO - Setting next_dagrun for tutorial to 2024-10-07T20:01:56.247967+00:00, run_after=2024-10-08T20:01:56.247967+00:00
[2024-10-08 17:01:56,517] {processor.py:161} INFO - Processing /home/kennedy/KR/Programação/00.Estudos/DataEng/Alura/airflow-executores/venv/lib/python3.9/site-packages/airflow/example_dags/tutorial.py took 0.491 seconds
[2024-10-08 17:06:52,678] {processor.py:153} INFO - Started process (PID=29144) to work on /home/kennedy/KR/Programação/00.Estudos/DataEng/Alura/airflow-executores/venv/lib/python3.9/site-packages/airflow/example_dags/tutorial.py
[2024-10-08 17:06:52,686] {processor.py:641} INFO - Processing file /home/kennedy/KR/Programação/00.Estudos/DataEng/Alura/airflow-executores/venv/lib/python3.9/site-packages/airflow/example_dags/tutorial.py for tasks to queue
[2024-10-08 17:06:52,686] {logging_mixin.py:115} INFO - [2024-10-08 17:06:52,686] {dagbag.py:507} INFO - Filling up the DagBag from /home/kennedy/KR/Programação/00.Estudos/DataEng/Alura/airflow-executores/venv/lib/python3.9/site-packages/airflow/example_dags/tutorial.py
[2024-10-08 17:06:52,693] {processor.py:651} INFO - DAG(s) dict_keys(['tutorial']) retrieved from /home/kennedy/KR/Programação/00.Estudos/DataEng/Alura/airflow-executores/venv/lib/python3.9/site-packages/airflow/example_dags/tutorial.py
[2024-10-08 17:06:52,708] {logging_mixin.py:115} INFO - [2024-10-08 17:06:52,708] {dag.py:2379} INFO - Sync 1 DAGs
[2024-10-08 17:06:52,721] {logging_mixin.py:115} INFO - [2024-10-08 17:06:52,721] {dag.py:2927} INFO - Setting next_dagrun for tutorial to 2024-10-07T20:06:52.720839+00:00, run_after=2024-10-08T20:06:52.720839+00:00
[2024-10-08 17:06:54,098] {processor.py:161} INFO - Processing /home/kennedy/KR/Programação/00.Estudos/DataEng/Alura/airflow-executores/venv/lib/python3.9/site-packages/airflow/example_dags/tutorial.py took 1.423 seconds
[2024-10-08 17:17:56,359] {processor.py:153} INFO - Started process (PID=36547) to work on /home/kennedy/KR/Programação/00.Estudos/DataEng/Alura/airflow-executores/venv/lib/python3.9/site-packages/airflow/example_dags/tutorial.py
[2024-10-08 17:17:56,371] {processor.py:641} INFO - Processing file /home/kennedy/KR/Programação/00.Estudos/DataEng/Alura/airflow-executores/venv/lib/python3.9/site-packages/airflow/example_dags/tutorial.py for tasks to queue
[2024-10-08 17:17:56,372] {logging_mixin.py:115} INFO - [2024-10-08 17:17:56,372] {dagbag.py:507} INFO - Filling up the DagBag from /home/kennedy/KR/Programação/00.Estudos/DataEng/Alura/airflow-executores/venv/lib/python3.9/site-packages/airflow/example_dags/tutorial.py
[2024-10-08 17:17:56,386] {processor.py:651} INFO - DAG(s) dict_keys(['tutorial']) retrieved from /home/kennedy/KR/Programação/00.Estudos/DataEng/Alura/airflow-executores/venv/lib/python3.9/site-packages/airflow/example_dags/tutorial.py
[2024-10-08 17:17:56,418] {logging_mixin.py:115} INFO - [2024-10-08 17:17:56,418] {dag.py:2379} INFO - Sync 1 DAGs
[2024-10-08 17:17:56,446] {logging_mixin.py:115} INFO - [2024-10-08 17:17:56,445] {dag.py:2927} INFO - Setting next_dagrun for tutorial to 2024-10-07T20:17:56.445676+00:00, run_after=2024-10-08T20:17:56.445676+00:00
[2024-10-08 17:17:56,551] {processor.py:161} INFO - Processing /home/kennedy/KR/Programação/00.Estudos/DataEng/Alura/airflow-executores/venv/lib/python3.9/site-packages/airflow/example_dags/tutorial.py took 0.201 seconds
