[2024-10-09 10:49:09,899] {taskinstance.py:1159} INFO - Dependencies all met for <TaskInstance: get_crypto_dag.AVAX scheduled__2024-10-08T00:00:00+00:00 [queued]>
[2024-10-09 10:49:09,909] {taskinstance.py:1159} INFO - Dependencies all met for <TaskInstance: get_crypto_dag.AVAX scheduled__2024-10-08T00:00:00+00:00 [queued]>
[2024-10-09 10:49:09,910] {taskinstance.py:1356} INFO - 
--------------------------------------------------------------------------------
[2024-10-09 10:49:09,910] {taskinstance.py:1357} INFO - Starting attempt 1 of 1
[2024-10-09 10:49:09,910] {taskinstance.py:1358} INFO - 
--------------------------------------------------------------------------------
[2024-10-09 10:49:10,334] {taskinstance.py:1377} INFO - Executing <Task(_PythonDecoratedOperator): AVAX> on 2024-10-08 00:00:00+00:00
[2024-10-09 10:49:10,345] {standard_task_runner.py:52} INFO - Started process 79916 to run task
[2024-10-09 10:49:10,352] {standard_task_runner.py:79} INFO - Running: ['airflow', 'tasks', 'run', 'get_crypto_dag', 'AVAX', 'scheduled__2024-10-08T00:00:00+00:00', '--job-id', '506', '--raw', '--subdir', 'DAGS_FOLDER/get_crypto.py', '--cfg-path', '/tmp/tmpp5tbsvd2', '--error-file', '/tmp/tmp9blpu77i']
[2024-10-09 10:49:10,353] {standard_task_runner.py:80} INFO - Job 506: Subtask AVAX
[2024-10-09 10:49:11,425] {task_command.py:370} INFO - Running <TaskInstance: get_crypto_dag.AVAX scheduled__2024-10-08T00:00:00+00:00 [running]> on host ken
[2024-10-09 10:49:12,061] {taskinstance.py:1569} INFO - Exporting the following env vars:
AIRFLOW_CTX_DAG_OWNER=airflow
AIRFLOW_CTX_DAG_ID=get_crypto_dag
AIRFLOW_CTX_TASK_ID=AVAX
AIRFLOW_CTX_EXECUTION_DATE=2024-10-08T00:00:00+00:00
AIRFLOW_CTX_TRY_NUMBER=1
AIRFLOW_CTX_DAG_RUN_ID=scheduled__2024-10-08T00:00:00+00:00
[2024-10-09 10:49:15,399] {history.py:122} ERROR - $AVAX: possibly delisted; no timezone found
[2024-10-09 10:49:25,414] {python.py:173} INFO - Done. Returned value was: None
[2024-10-09 10:49:25,465] {taskinstance.py:1395} INFO - Marking task as SUCCESS. dag_id=get_crypto_dag, task_id=AVAX, execution_date=20241008T000000, start_date=20241009T134909, end_date=20241009T134925
[2024-10-09 10:49:25,547] {local_task_job.py:156} INFO - Task exited with return code 0
[2024-10-09 10:49:25,746] {local_task_job.py:273} INFO - 0 downstream tasks scheduled from follow-on schedule check
