[2024-10-08 17:16:28,709] {taskinstance.py:1159} INFO - Dependencies all met for <TaskInstance: get_stocks_dag.TSLA scheduled__2024-09-19T00:00:00+00:00 [queued]>
[2024-10-08 17:16:28,715] {taskinstance.py:1159} INFO - Dependencies all met for <TaskInstance: get_stocks_dag.TSLA scheduled__2024-09-19T00:00:00+00:00 [queued]>
[2024-10-08 17:16:28,715] {taskinstance.py:1356} INFO - 
--------------------------------------------------------------------------------
[2024-10-08 17:16:28,715] {taskinstance.py:1357} INFO - Starting attempt 1 of 1
[2024-10-08 17:16:28,715] {taskinstance.py:1358} INFO - 
--------------------------------------------------------------------------------
[2024-10-08 17:16:30,120] {taskinstance.py:1377} INFO - Executing <Task(_PythonDecoratedOperator): TSLA> on 2024-09-19 00:00:00+00:00
[2024-10-08 17:16:30,132] {standard_task_runner.py:52} INFO - Started process 35468 to run task
[2024-10-08 17:16:30,141] {standard_task_runner.py:79} INFO - Running: ['airflow', 'tasks', 'run', 'get_stocks_dag', 'TSLA', 'scheduled__2024-09-19T00:00:00+00:00', '--job-id', '149', '--raw', '--subdir', 'DAGS_FOLDER/get_stocks.py', '--cfg-path', '/tmp/tmpshl52s2v', '--error-file', '/tmp/tmpsqjupfjl']
[2024-10-08 17:16:30,144] {standard_task_runner.py:80} INFO - Job 149: Subtask TSLA
[2024-10-08 17:16:31,460] {task_command.py:370} INFO - Running <TaskInstance: get_stocks_dag.TSLA scheduled__2024-09-19T00:00:00+00:00 [running]> on host ken
[2024-10-08 17:16:32,221] {taskinstance.py:1569} INFO - Exporting the following env vars:
AIRFLOW_CTX_DAG_OWNER=airflow
AIRFLOW_CTX_DAG_ID=get_stocks_dag
AIRFLOW_CTX_TASK_ID=TSLA
AIRFLOW_CTX_EXECUTION_DATE=2024-09-19T00:00:00+00:00
AIRFLOW_CTX_TRY_NUMBER=1
AIRFLOW_CTX_DAG_RUN_ID=scheduled__2024-09-19T00:00:00+00:00
[2024-10-08 17:16:32,656] {python.py:173} INFO - Done. Returned value was: None
[2024-10-08 17:16:32,661] {taskinstance.py:1395} INFO - Marking task as SUCCESS. dag_id=get_stocks_dag, task_id=TSLA, execution_date=20240919T000000, start_date=20241008T201628, end_date=20241008T201632
[2024-10-08 17:16:32,922] {local_task_job.py:156} INFO - Task exited with return code 0
[2024-10-08 17:16:32,939] {local_task_job.py:273} INFO - 0 downstream tasks scheduled from follow-on schedule check
[2024-10-08 23:21:27,499] {taskinstance.py:1159} INFO - Dependencies all met for <TaskInstance: get_stocks_dag.TSLA scheduled__2024-09-19T00:00:00+00:00 [queued]>
[2024-10-08 23:21:27,608] {taskinstance.py:1159} INFO - Dependencies all met for <TaskInstance: get_stocks_dag.TSLA scheduled__2024-09-19T00:00:00+00:00 [queued]>
[2024-10-08 23:21:27,609] {taskinstance.py:1356} INFO - 
--------------------------------------------------------------------------------
[2024-10-08 23:21:27,609] {taskinstance.py:1357} INFO - Starting attempt 1 of 1
[2024-10-08 23:21:27,609] {taskinstance.py:1358} INFO - 
--------------------------------------------------------------------------------
[2024-10-08 23:21:27,793] {taskinstance.py:1377} INFO - Executing <Task(_PythonDecoratedOperator): TSLA> on 2024-09-19 00:00:00+00:00
[2024-10-08 23:21:27,824] {standard_task_runner.py:52} INFO - Started process 20902 to run task
[2024-10-08 23:21:27,858] {standard_task_runner.py:79} INFO - Running: ['airflow', 'tasks', 'run', 'get_stocks_dag', 'TSLA', 'scheduled__2024-09-19T00:00:00+00:00', '--job-id', '5', '--raw', '--subdir', 'DAGS_FOLDER/get_stocks.py', '--cfg-path', '/tmp/tmpeyoxyor0', '--error-file', '/tmp/tmpl77j29r5']
[2024-10-08 23:21:27,860] {standard_task_runner.py:80} INFO - Job 5: Subtask TSLA
[2024-10-08 23:21:28,326] {task_command.py:370} INFO - Running <TaskInstance: get_stocks_dag.TSLA scheduled__2024-09-19T00:00:00+00:00 [running]> on host ken
[2024-10-08 23:21:29,240] {taskinstance.py:1569} INFO - Exporting the following env vars:
AIRFLOW_CTX_DAG_OWNER=airflow
AIRFLOW_CTX_DAG_ID=get_stocks_dag
AIRFLOW_CTX_TASK_ID=TSLA
AIRFLOW_CTX_EXECUTION_DATE=2024-09-19T00:00:00+00:00
AIRFLOW_CTX_TRY_NUMBER=1
AIRFLOW_CTX_DAG_RUN_ID=scheduled__2024-09-19T00:00:00+00:00
[2024-10-08 23:21:31,403] {python.py:173} INFO - Done. Returned value was: None
[2024-10-08 23:21:31,539] {taskinstance.py:1395} INFO - Marking task as SUCCESS. dag_id=get_stocks_dag, task_id=TSLA, execution_date=20240919T000000, start_date=20241009T022127, end_date=20241009T022131
[2024-10-08 23:21:31,649] {local_task_job.py:156} INFO - Task exited with return code 0
[2024-10-08 23:21:31,885] {local_task_job.py:273} INFO - 0 downstream tasks scheduled from follow-on schedule check
[2024-10-09 00:58:55,685] {taskinstance.py:1159} INFO - Dependencies all met for <TaskInstance: get_stocks_dag.TSLA scheduled__2024-09-19T00:00:00+00:00 [queued]>
[2024-10-09 00:58:55,722] {taskinstance.py:1159} INFO - Dependencies all met for <TaskInstance: get_stocks_dag.TSLA scheduled__2024-09-19T00:00:00+00:00 [queued]>
[2024-10-09 00:58:55,722] {taskinstance.py:1356} INFO - 
--------------------------------------------------------------------------------
[2024-10-09 00:58:55,722] {taskinstance.py:1357} INFO - Starting attempt 1 of 1
[2024-10-09 00:58:55,723] {taskinstance.py:1358} INFO - 
--------------------------------------------------------------------------------
[2024-10-09 00:58:56,003] {taskinstance.py:1377} INFO - Executing <Task(_PythonDecoratedOperator): TSLA> on 2024-09-19 00:00:00+00:00
[2024-10-09 00:58:56,020] {standard_task_runner.py:52} INFO - Started process 36072 to run task
[2024-10-09 00:58:56,034] {standard_task_runner.py:79} INFO - Running: ['airflow', 'tasks', 'run', 'get_stocks_dag', 'TSLA', 'scheduled__2024-09-19T00:00:00+00:00', '--job-id', '77', '--raw', '--subdir', 'DAGS_FOLDER/get_stocks.py', '--cfg-path', '/tmp/tmptotxmsx_', '--error-file', '/tmp/tmpz9pt2l0v']
[2024-10-09 00:58:56,038] {standard_task_runner.py:80} INFO - Job 77: Subtask TSLA
[2024-10-09 00:58:56,249] {task_command.py:370} INFO - Running <TaskInstance: get_stocks_dag.TSLA scheduled__2024-09-19T00:00:00+00:00 [running]> on host ken
[2024-10-09 00:58:56,449] {taskinstance.py:1569} INFO - Exporting the following env vars:
AIRFLOW_CTX_DAG_OWNER=airflow
AIRFLOW_CTX_DAG_ID=get_stocks_dag
AIRFLOW_CTX_TASK_ID=TSLA
AIRFLOW_CTX_EXECUTION_DATE=2024-09-19T00:00:00+00:00
AIRFLOW_CTX_TRY_NUMBER=1
AIRFLOW_CTX_DAG_RUN_ID=scheduled__2024-09-19T00:00:00+00:00
[2024-10-09 00:59:06,876] {history.py:244} ERROR - $TSLA: possibly delisted; no price data found  (1h 2024-09-18 -> 2024-09-19)
[2024-10-09 00:59:06,884] {python.py:173} INFO - Done. Returned value was: None
[2024-10-09 00:59:06,942] {taskinstance.py:1395} INFO - Marking task as SUCCESS. dag_id=get_stocks_dag, task_id=TSLA, execution_date=20240919T000000, start_date=20241009T035855, end_date=20241009T035906
[2024-10-09 00:59:08,177] {local_task_job.py:156} INFO - Task exited with return code 0
[2024-10-09 00:59:08,300] {local_task_job.py:273} INFO - 0 downstream tasks scheduled from follow-on schedule check
[2024-10-09 09:33:33,838] {taskinstance.py:1159} INFO - Dependencies all met for <TaskInstance: get_stocks_dag.TSLA scheduled__2024-09-19T00:00:00+00:00 [queued]>
[2024-10-09 09:33:33,864] {taskinstance.py:1159} INFO - Dependencies all met for <TaskInstance: get_stocks_dag.TSLA scheduled__2024-09-19T00:00:00+00:00 [queued]>
[2024-10-09 09:33:33,864] {taskinstance.py:1356} INFO - 
--------------------------------------------------------------------------------
[2024-10-09 09:33:33,864] {taskinstance.py:1357} INFO - Starting attempt 1 of 1
[2024-10-09 09:33:33,864] {taskinstance.py:1358} INFO - 
--------------------------------------------------------------------------------
[2024-10-09 09:33:35,225] {taskinstance.py:1377} INFO - Executing <Task(_PythonDecoratedOperator): TSLA> on 2024-09-19 00:00:00+00:00
[2024-10-09 09:33:35,247] {standard_task_runner.py:52} INFO - Started process 13556 to run task
[2024-10-09 09:33:35,261] {standard_task_runner.py:79} INFO - Running: ['airflow', 'tasks', 'run', 'get_stocks_dag', 'TSLA', 'scheduled__2024-09-19T00:00:00+00:00', '--job-id', '145', '--raw', '--subdir', 'DAGS_FOLDER/get_stocks.py', '--cfg-path', '/tmp/tmpa5__h05z', '--error-file', '/tmp/tmp3w4xe_ok']
[2024-10-09 09:33:35,264] {standard_task_runner.py:80} INFO - Job 145: Subtask TSLA
[2024-10-09 09:33:35,729] {task_command.py:370} INFO - Running <TaskInstance: get_stocks_dag.TSLA scheduled__2024-09-19T00:00:00+00:00 [running]> on host ken
[2024-10-09 09:33:36,418] {taskinstance.py:1569} INFO - Exporting the following env vars:
AIRFLOW_CTX_DAG_OWNER=airflow
AIRFLOW_CTX_DAG_ID=get_stocks_dag
AIRFLOW_CTX_TASK_ID=TSLA
AIRFLOW_CTX_EXECUTION_DATE=2024-09-19T00:00:00+00:00
AIRFLOW_CTX_TRY_NUMBER=1
AIRFLOW_CTX_DAG_RUN_ID=scheduled__2024-09-19T00:00:00+00:00
[2024-10-09 09:33:36,826] {python.py:173} INFO - Done. Returned value was: None
[2024-10-09 09:33:36,855] {taskinstance.py:1395} INFO - Marking task as SUCCESS. dag_id=get_stocks_dag, task_id=TSLA, execution_date=20240919T000000, start_date=20241009T123333, end_date=20241009T123336
[2024-10-09 09:33:37,047] {local_task_job.py:156} INFO - Task exited with return code 0
[2024-10-09 09:33:37,444] {local_task_job.py:273} INFO - 0 downstream tasks scheduled from follow-on schedule check
[2024-10-09 09:42:47,413] {taskinstance.py:1159} INFO - Dependencies all met for <TaskInstance: get_stocks_dag.TSLA scheduled__2024-09-19T00:00:00+00:00 [queued]>
[2024-10-09 09:42:47,441] {taskinstance.py:1159} INFO - Dependencies all met for <TaskInstance: get_stocks_dag.TSLA scheduled__2024-09-19T00:00:00+00:00 [queued]>
[2024-10-09 09:42:47,441] {taskinstance.py:1356} INFO - 
--------------------------------------------------------------------------------
[2024-10-09 09:42:47,441] {taskinstance.py:1357} INFO - Starting attempt 1 of 1
[2024-10-09 09:42:47,441] {taskinstance.py:1358} INFO - 
--------------------------------------------------------------------------------
[2024-10-09 09:42:47,476] {taskinstance.py:1377} INFO - Executing <Task(_PythonDecoratedOperator): TSLA> on 2024-09-19 00:00:00+00:00
[2024-10-09 09:42:47,485] {standard_task_runner.py:52} INFO - Started process 20730 to run task
[2024-10-09 09:42:47,490] {standard_task_runner.py:79} INFO - Running: ['airflow', 'tasks', 'run', 'get_stocks_dag', 'TSLA', 'scheduled__2024-09-19T00:00:00+00:00', '--job-id', '209', '--raw', '--subdir', 'DAGS_FOLDER/get_stocks.py', '--cfg-path', '/tmp/tmpowzvjb9p', '--error-file', '/tmp/tmpx9von7e1']
[2024-10-09 09:42:47,492] {standard_task_runner.py:80} INFO - Job 209: Subtask TSLA
[2024-10-09 09:42:47,847] {task_command.py:370} INFO - Running <TaskInstance: get_stocks_dag.TSLA scheduled__2024-09-19T00:00:00+00:00 [running]> on host ken
[2024-10-09 09:42:47,991] {taskinstance.py:1569} INFO - Exporting the following env vars:
AIRFLOW_CTX_DAG_OWNER=airflow
AIRFLOW_CTX_DAG_ID=get_stocks_dag
AIRFLOW_CTX_TASK_ID=TSLA
AIRFLOW_CTX_EXECUTION_DATE=2024-09-19T00:00:00+00:00
AIRFLOW_CTX_TRY_NUMBER=1
AIRFLOW_CTX_DAG_RUN_ID=scheduled__2024-09-19T00:00:00+00:00
[2024-10-09 09:42:48,784] {python.py:173} INFO - Done. Returned value was: None
[2024-10-09 09:42:49,066] {taskinstance.py:1395} INFO - Marking task as SUCCESS. dag_id=get_stocks_dag, task_id=TSLA, execution_date=20240919T000000, start_date=20241009T124247, end_date=20241009T124249
[2024-10-09 09:42:49,190] {local_task_job.py:156} INFO - Task exited with return code 0
[2024-10-09 09:42:49,478] {local_task_job.py:273} INFO - 0 downstream tasks scheduled from follow-on schedule check
[2024-10-09 09:46:55,007] {taskinstance.py:1159} INFO - Dependencies all met for <TaskInstance: get_stocks_dag.TSLA scheduled__2024-09-19T00:00:00+00:00 [queued]>
[2024-10-09 09:46:55,033] {taskinstance.py:1159} INFO - Dependencies all met for <TaskInstance: get_stocks_dag.TSLA scheduled__2024-09-19T00:00:00+00:00 [queued]>
[2024-10-09 09:46:55,033] {taskinstance.py:1356} INFO - 
--------------------------------------------------------------------------------
[2024-10-09 09:46:55,033] {taskinstance.py:1357} INFO - Starting attempt 1 of 1
[2024-10-09 09:46:55,033] {taskinstance.py:1358} INFO - 
--------------------------------------------------------------------------------
[2024-10-09 09:46:55,072] {taskinstance.py:1377} INFO - Executing <Task(_PythonDecoratedOperator): TSLA> on 2024-09-19 00:00:00+00:00
[2024-10-09 09:46:55,081] {standard_task_runner.py:52} INFO - Started process 27111 to run task
[2024-10-09 09:46:55,085] {standard_task_runner.py:79} INFO - Running: ['airflow', 'tasks', 'run', 'get_stocks_dag', 'TSLA', 'scheduled__2024-09-19T00:00:00+00:00', '--job-id', '273', '--raw', '--subdir', 'DAGS_FOLDER/get_stocks.py', '--cfg-path', '/tmp/tmp3w540n57', '--error-file', '/tmp/tmpt7bzvkm2']
[2024-10-09 09:46:55,086] {standard_task_runner.py:80} INFO - Job 273: Subtask TSLA
[2024-10-09 09:46:55,397] {task_command.py:370} INFO - Running <TaskInstance: get_stocks_dag.TSLA scheduled__2024-09-19T00:00:00+00:00 [running]> on host ken
[2024-10-09 09:46:55,908] {taskinstance.py:1569} INFO - Exporting the following env vars:
AIRFLOW_CTX_DAG_OWNER=airflow
AIRFLOW_CTX_DAG_ID=get_stocks_dag
AIRFLOW_CTX_TASK_ID=TSLA
AIRFLOW_CTX_EXECUTION_DATE=2024-09-19T00:00:00+00:00
AIRFLOW_CTX_TRY_NUMBER=1
AIRFLOW_CTX_DAG_RUN_ID=scheduled__2024-09-19T00:00:00+00:00
[2024-10-09 09:46:57,123] {python.py:173} INFO - Done. Returned value was: None
[2024-10-09 09:46:57,143] {taskinstance.py:1395} INFO - Marking task as SUCCESS. dag_id=get_stocks_dag, task_id=TSLA, execution_date=20240919T000000, start_date=20241009T124655, end_date=20241009T124657
[2024-10-09 09:46:57,346] {local_task_job.py:156} INFO - Task exited with return code 0
[2024-10-09 09:46:57,619] {local_task_job.py:273} INFO - 0 downstream tasks scheduled from follow-on schedule check
[2024-10-09 10:32:52,704] {taskinstance.py:1159} INFO - Dependencies all met for <TaskInstance: get_stocks_dag.TSLA scheduled__2024-09-19T00:00:00+00:00 [queued]>
[2024-10-09 10:32:52,789] {taskinstance.py:1159} INFO - Dependencies all met for <TaskInstance: get_stocks_dag.TSLA scheduled__2024-09-19T00:00:00+00:00 [queued]>
[2024-10-09 10:32:52,882] {taskinstance.py:1356} INFO - 
--------------------------------------------------------------------------------
[2024-10-09 10:32:52,883] {taskinstance.py:1357} INFO - Starting attempt 1 of 1
[2024-10-09 10:32:52,883] {taskinstance.py:1358} INFO - 
--------------------------------------------------------------------------------
[2024-10-09 10:32:53,197] {taskinstance.py:1377} INFO - Executing <Task(_PythonDecoratedOperator): TSLA> on 2024-09-19 00:00:00+00:00
[2024-10-09 10:32:53,204] {standard_task_runner.py:52} INFO - Started process 56816 to run task
[2024-10-09 10:32:53,210] {standard_task_runner.py:79} INFO - Running: ['airflow', 'tasks', 'run', 'get_stocks_dag', 'TSLA', 'scheduled__2024-09-19T00:00:00+00:00', '--job-id', '378', '--raw', '--subdir', 'DAGS_FOLDER/get_stocks.py', '--cfg-path', '/tmp/tmpg8w5jn1l', '--error-file', '/tmp/tmpa6ta5xei']
[2024-10-09 10:32:53,212] {standard_task_runner.py:80} INFO - Job 378: Subtask TSLA
[2024-10-09 10:32:53,871] {task_command.py:370} INFO - Running <TaskInstance: get_stocks_dag.TSLA scheduled__2024-09-19T00:00:00+00:00 [running]> on host ken
[2024-10-09 10:32:54,615] {taskinstance.py:1569} INFO - Exporting the following env vars:
AIRFLOW_CTX_DAG_OWNER=airflow
AIRFLOW_CTX_DAG_ID=get_stocks_dag
AIRFLOW_CTX_TASK_ID=TSLA
AIRFLOW_CTX_EXECUTION_DATE=2024-09-19T00:00:00+00:00
AIRFLOW_CTX_TRY_NUMBER=1
AIRFLOW_CTX_DAG_RUN_ID=scheduled__2024-09-19T00:00:00+00:00
[2024-10-09 10:33:05,194] {python.py:173} INFO - Done. Returned value was: None
[2024-10-09 10:33:05,248] {taskinstance.py:1395} INFO - Marking task as SUCCESS. dag_id=get_stocks_dag, task_id=TSLA, execution_date=20240919T000000, start_date=20241009T133252, end_date=20241009T133305
[2024-10-09 10:33:05,331] {local_task_job.py:156} INFO - Task exited with return code 0
[2024-10-09 10:33:05,387] {local_task_job.py:273} INFO - 0 downstream tasks scheduled from follow-on schedule check
