[2024-10-08 17:15:15,652] {taskinstance.py:1159} INFO - Dependencies all met for <TaskInstance: get_stocks_dag.GOOG scheduled__2024-09-17T00:00:00+00:00 [queued]>
[2024-10-08 17:15:15,657] {taskinstance.py:1159} INFO - Dependencies all met for <TaskInstance: get_stocks_dag.GOOG scheduled__2024-09-17T00:00:00+00:00 [queued]>
[2024-10-08 17:15:15,657] {taskinstance.py:1356} INFO - 
--------------------------------------------------------------------------------
[2024-10-08 17:15:15,657] {taskinstance.py:1357} INFO - Starting attempt 1 of 1
[2024-10-08 17:15:15,657] {taskinstance.py:1358} INFO - 
--------------------------------------------------------------------------------
[2024-10-08 17:15:15,778] {taskinstance.py:1377} INFO - Executing <Task(_PythonDecoratedOperator): GOOG> on 2024-09-17 00:00:00+00:00
[2024-10-08 17:15:15,791] {standard_task_runner.py:52} INFO - Started process 34549 to run task
[2024-10-08 17:15:15,800] {standard_task_runner.py:79} INFO - Running: ['airflow', 'tasks', 'run', 'get_stocks_dag', 'GOOG', 'scheduled__2024-09-17T00:00:00+00:00', '--job-id', '140', '--raw', '--subdir', 'DAGS_FOLDER/get_stocks.py', '--cfg-path', '/tmp/tmp1z8kxf90', '--error-file', '/tmp/tmpx2ixtnfd']
[2024-10-08 17:15:15,802] {standard_task_runner.py:80} INFO - Job 140: Subtask GOOG
[2024-10-08 17:15:15,955] {task_command.py:370} INFO - Running <TaskInstance: get_stocks_dag.GOOG scheduled__2024-09-17T00:00:00+00:00 [running]> on host ken
[2024-10-08 17:15:16,515] {taskinstance.py:1569} INFO - Exporting the following env vars:
AIRFLOW_CTX_DAG_OWNER=airflow
AIRFLOW_CTX_DAG_ID=get_stocks_dag
AIRFLOW_CTX_TASK_ID=GOOG
AIRFLOW_CTX_EXECUTION_DATE=2024-09-17T00:00:00+00:00
AIRFLOW_CTX_TRY_NUMBER=1
AIRFLOW_CTX_DAG_RUN_ID=scheduled__2024-09-17T00:00:00+00:00
[2024-10-08 17:15:17,309] {python.py:173} INFO - Done. Returned value was: None
[2024-10-08 17:15:17,315] {taskinstance.py:1395} INFO - Marking task as SUCCESS. dag_id=get_stocks_dag, task_id=GOOG, execution_date=20240917T000000, start_date=20241008T201515, end_date=20241008T201517
[2024-10-08 17:15:17,540] {local_task_job.py:156} INFO - Task exited with return code 0
[2024-10-08 17:15:17,567] {local_task_job.py:273} INFO - 0 downstream tasks scheduled from follow-on schedule check
[2024-10-08 23:21:28,395] {taskinstance.py:1159} INFO - Dependencies all met for <TaskInstance: get_stocks_dag.GOOG scheduled__2024-09-17T00:00:00+00:00 [queued]>
[2024-10-08 23:21:28,451] {taskinstance.py:1159} INFO - Dependencies all met for <TaskInstance: get_stocks_dag.GOOG scheduled__2024-09-17T00:00:00+00:00 [queued]>
[2024-10-08 23:21:28,474] {taskinstance.py:1356} INFO - 
--------------------------------------------------------------------------------
[2024-10-08 23:21:28,475] {taskinstance.py:1357} INFO - Starting attempt 1 of 1
[2024-10-08 23:21:28,475] {taskinstance.py:1358} INFO - 
--------------------------------------------------------------------------------
[2024-10-08 23:21:28,557] {taskinstance.py:1377} INFO - Executing <Task(_PythonDecoratedOperator): GOOG> on 2024-09-17 00:00:00+00:00
[2024-10-08 23:21:28,622] {standard_task_runner.py:79} INFO - Running: ['airflow', 'tasks', 'run', 'get_stocks_dag', 'GOOG', 'scheduled__2024-09-17T00:00:00+00:00', '--job-id', '13', '--raw', '--subdir', 'DAGS_FOLDER/get_stocks.py', '--cfg-path', '/tmp/tmpn76f64ag', '--error-file', '/tmp/tmpiqsxhlck']
[2024-10-08 23:21:28,624] {standard_task_runner.py:80} INFO - Job 13: Subtask GOOG
[2024-10-08 23:21:28,618] {standard_task_runner.py:52} INFO - Started process 20980 to run task
[2024-10-08 23:21:29,353] {task_command.py:370} INFO - Running <TaskInstance: get_stocks_dag.GOOG scheduled__2024-09-17T00:00:00+00:00 [running]> on host ken
[2024-10-08 23:21:29,892] {taskinstance.py:1569} INFO - Exporting the following env vars:
AIRFLOW_CTX_DAG_OWNER=airflow
AIRFLOW_CTX_DAG_ID=get_stocks_dag
AIRFLOW_CTX_TASK_ID=GOOG
AIRFLOW_CTX_EXECUTION_DATE=2024-09-17T00:00:00+00:00
AIRFLOW_CTX_TRY_NUMBER=1
AIRFLOW_CTX_DAG_RUN_ID=scheduled__2024-09-17T00:00:00+00:00
[2024-10-08 23:21:31,403] {python.py:173} INFO - Done. Returned value was: None
[2024-10-08 23:21:31,454] {taskinstance.py:1395} INFO - Marking task as SUCCESS. dag_id=get_stocks_dag, task_id=GOOG, execution_date=20240917T000000, start_date=20241009T022128, end_date=20241009T022131
[2024-10-08 23:21:31,566] {local_task_job.py:156} INFO - Task exited with return code 0
[2024-10-08 23:21:31,720] {local_task_job.py:273} INFO - 0 downstream tasks scheduled from follow-on schedule check
[2024-10-09 00:58:19,287] {taskinstance.py:1159} INFO - Dependencies all met for <TaskInstance: get_stocks_dag.GOOG scheduled__2024-09-17T00:00:00+00:00 [queued]>
[2024-10-09 00:58:19,303] {taskinstance.py:1159} INFO - Dependencies all met for <TaskInstance: get_stocks_dag.GOOG scheduled__2024-09-17T00:00:00+00:00 [queued]>
[2024-10-09 00:58:19,304] {taskinstance.py:1356} INFO - 
--------------------------------------------------------------------------------
[2024-10-09 00:58:19,304] {taskinstance.py:1357} INFO - Starting attempt 1 of 1
[2024-10-09 00:58:19,304] {taskinstance.py:1358} INFO - 
--------------------------------------------------------------------------------
[2024-10-09 00:58:19,335] {taskinstance.py:1377} INFO - Executing <Task(_PythonDecoratedOperator): GOOG> on 2024-09-17 00:00:00+00:00
[2024-10-09 00:58:19,341] {standard_task_runner.py:52} INFO - Started process 34566 to run task
[2024-10-09 00:58:19,345] {standard_task_runner.py:79} INFO - Running: ['airflow', 'tasks', 'run', 'get_stocks_dag', 'GOOG', 'scheduled__2024-09-17T00:00:00+00:00', '--job-id', '70', '--raw', '--subdir', 'DAGS_FOLDER/get_stocks.py', '--cfg-path', '/tmp/tmp89iub7_g', '--error-file', '/tmp/tmpx6lq8j71']
[2024-10-09 00:58:19,345] {standard_task_runner.py:80} INFO - Job 70: Subtask GOOG
[2024-10-09 00:58:19,512] {task_command.py:370} INFO - Running <TaskInstance: get_stocks_dag.GOOG scheduled__2024-09-17T00:00:00+00:00 [running]> on host ken
[2024-10-09 00:58:19,730] {taskinstance.py:1569} INFO - Exporting the following env vars:
AIRFLOW_CTX_DAG_OWNER=airflow
AIRFLOW_CTX_DAG_ID=get_stocks_dag
AIRFLOW_CTX_TASK_ID=GOOG
AIRFLOW_CTX_EXECUTION_DATE=2024-09-17T00:00:00+00:00
AIRFLOW_CTX_TRY_NUMBER=1
AIRFLOW_CTX_DAG_RUN_ID=scheduled__2024-09-17T00:00:00+00:00
[2024-10-09 00:58:26,724] {history.py:244} ERROR - $GOOG: possibly delisted; no price data found  (1h 2024-09-16 -> 2024-09-17)
[2024-10-09 00:58:26,741] {python.py:173} INFO - Done. Returned value was: None
[2024-10-09 00:58:26,804] {taskinstance.py:1395} INFO - Marking task as SUCCESS. dag_id=get_stocks_dag, task_id=GOOG, execution_date=20240917T000000, start_date=20241009T035819, end_date=20241009T035826
[2024-10-09 00:58:26,881] {local_task_job.py:156} INFO - Task exited with return code 0
[2024-10-09 00:58:27,017] {local_task_job.py:273} INFO - 0 downstream tasks scheduled from follow-on schedule check
[2024-10-09 09:33:13,697] {taskinstance.py:1159} INFO - Dependencies all met for <TaskInstance: get_stocks_dag.GOOG scheduled__2024-09-17T00:00:00+00:00 [queued]>
[2024-10-09 09:33:13,725] {taskinstance.py:1159} INFO - Dependencies all met for <TaskInstance: get_stocks_dag.GOOG scheduled__2024-09-17T00:00:00+00:00 [queued]>
[2024-10-09 09:33:13,726] {taskinstance.py:1356} INFO - 
--------------------------------------------------------------------------------
[2024-10-09 09:33:13,726] {taskinstance.py:1357} INFO - Starting attempt 1 of 1
[2024-10-09 09:33:13,726] {taskinstance.py:1358} INFO - 
--------------------------------------------------------------------------------
[2024-10-09 09:33:13,775] {taskinstance.py:1377} INFO - Executing <Task(_PythonDecoratedOperator): GOOG> on 2024-09-17 00:00:00+00:00
[2024-10-09 09:33:13,784] {standard_task_runner.py:52} INFO - Started process 12590 to run task
[2024-10-09 09:33:13,787] {standard_task_runner.py:79} INFO - Running: ['airflow', 'tasks', 'run', 'get_stocks_dag', 'GOOG', 'scheduled__2024-09-17T00:00:00+00:00', '--job-id', '134', '--raw', '--subdir', 'DAGS_FOLDER/get_stocks.py', '--cfg-path', '/tmp/tmpqqhh2fx3', '--error-file', '/tmp/tmp9f45opka']
[2024-10-09 09:33:13,788] {standard_task_runner.py:80} INFO - Job 134: Subtask GOOG
[2024-10-09 09:33:13,962] {task_command.py:370} INFO - Running <TaskInstance: get_stocks_dag.GOOG scheduled__2024-09-17T00:00:00+00:00 [running]> on host ken
[2024-10-09 09:33:14,158] {taskinstance.py:1569} INFO - Exporting the following env vars:
AIRFLOW_CTX_DAG_OWNER=airflow
AIRFLOW_CTX_DAG_ID=get_stocks_dag
AIRFLOW_CTX_TASK_ID=GOOG
AIRFLOW_CTX_EXECUTION_DATE=2024-09-17T00:00:00+00:00
AIRFLOW_CTX_TRY_NUMBER=1
AIRFLOW_CTX_DAG_RUN_ID=scheduled__2024-09-17T00:00:00+00:00
[2024-10-09 09:33:14,909] {python.py:173} INFO - Done. Returned value was: None
[2024-10-09 09:33:14,945] {taskinstance.py:1395} INFO - Marking task as SUCCESS. dag_id=get_stocks_dag, task_id=GOOG, execution_date=20240917T000000, start_date=20241009T123313, end_date=20241009T123314
[2024-10-09 09:33:15,330] {local_task_job.py:156} INFO - Task exited with return code 0
[2024-10-09 09:33:15,477] {local_task_job.py:273} INFO - 0 downstream tasks scheduled from follow-on schedule check
[2024-10-09 09:42:26,021] {taskinstance.py:1159} INFO - Dependencies all met for <TaskInstance: get_stocks_dag.GOOG scheduled__2024-09-17T00:00:00+00:00 [queued]>
[2024-10-09 09:42:26,048] {taskinstance.py:1159} INFO - Dependencies all met for <TaskInstance: get_stocks_dag.GOOG scheduled__2024-09-17T00:00:00+00:00 [queued]>
[2024-10-09 09:42:26,048] {taskinstance.py:1356} INFO - 
--------------------------------------------------------------------------------
[2024-10-09 09:42:26,048] {taskinstance.py:1357} INFO - Starting attempt 1 of 1
[2024-10-09 09:42:26,048] {taskinstance.py:1358} INFO - 
--------------------------------------------------------------------------------
[2024-10-09 09:42:27,400] {taskinstance.py:1377} INFO - Executing <Task(_PythonDecoratedOperator): GOOG> on 2024-09-17 00:00:00+00:00
[2024-10-09 09:42:27,417] {standard_task_runner.py:52} INFO - Started process 20005 to run task
[2024-10-09 09:42:27,428] {standard_task_runner.py:79} INFO - Running: ['airflow', 'tasks', 'run', 'get_stocks_dag', 'GOOG', 'scheduled__2024-09-17T00:00:00+00:00', '--job-id', '200', '--raw', '--subdir', 'DAGS_FOLDER/get_stocks.py', '--cfg-path', '/tmp/tmp_1z33xzo', '--error-file', '/tmp/tmpi2fv654n']
[2024-10-09 09:42:27,432] {standard_task_runner.py:80} INFO - Job 200: Subtask GOOG
[2024-10-09 09:42:27,818] {task_command.py:370} INFO - Running <TaskInstance: get_stocks_dag.GOOG scheduled__2024-09-17T00:00:00+00:00 [running]> on host ken
[2024-10-09 09:42:27,949] {taskinstance.py:1569} INFO - Exporting the following env vars:
AIRFLOW_CTX_DAG_OWNER=airflow
AIRFLOW_CTX_DAG_ID=get_stocks_dag
AIRFLOW_CTX_TASK_ID=GOOG
AIRFLOW_CTX_EXECUTION_DATE=2024-09-17T00:00:00+00:00
AIRFLOW_CTX_TRY_NUMBER=1
AIRFLOW_CTX_DAG_RUN_ID=scheduled__2024-09-17T00:00:00+00:00
[2024-10-09 09:42:28,683] {python.py:173} INFO - Done. Returned value was: None
[2024-10-09 09:42:29,880] {taskinstance.py:1395} INFO - Marking task as SUCCESS. dag_id=get_stocks_dag, task_id=GOOG, execution_date=20240917T000000, start_date=20241009T124226, end_date=20241009T124229
[2024-10-09 09:42:30,216] {local_task_job.py:156} INFO - Task exited with return code 0
[2024-10-09 09:42:30,578] {local_task_job.py:273} INFO - 0 downstream tasks scheduled from follow-on schedule check
[2024-10-09 09:46:31,032] {taskinstance.py:1159} INFO - Dependencies all met for <TaskInstance: get_stocks_dag.GOOG scheduled__2024-09-17T00:00:00+00:00 [queued]>
[2024-10-09 09:46:31,069] {taskinstance.py:1159} INFO - Dependencies all met for <TaskInstance: get_stocks_dag.GOOG scheduled__2024-09-17T00:00:00+00:00 [queued]>
[2024-10-09 09:46:31,069] {taskinstance.py:1356} INFO - 
--------------------------------------------------------------------------------
[2024-10-09 09:46:31,069] {taskinstance.py:1357} INFO - Starting attempt 1 of 1
[2024-10-09 09:46:31,069] {taskinstance.py:1358} INFO - 
--------------------------------------------------------------------------------
[2024-10-09 09:46:31,115] {taskinstance.py:1377} INFO - Executing <Task(_PythonDecoratedOperator): GOOG> on 2024-09-17 00:00:00+00:00
[2024-10-09 09:46:31,121] {standard_task_runner.py:52} INFO - Started process 26292 to run task
[2024-10-09 09:46:31,124] {standard_task_runner.py:79} INFO - Running: ['airflow', 'tasks', 'run', 'get_stocks_dag', 'GOOG', 'scheduled__2024-09-17T00:00:00+00:00', '--job-id', '264', '--raw', '--subdir', 'DAGS_FOLDER/get_stocks.py', '--cfg-path', '/tmp/tmpvpje6zzb', '--error-file', '/tmp/tmpzo8uwyi7']
[2024-10-09 09:46:31,125] {standard_task_runner.py:80} INFO - Job 264: Subtask GOOG
[2024-10-09 09:46:31,385] {task_command.py:370} INFO - Running <TaskInstance: get_stocks_dag.GOOG scheduled__2024-09-17T00:00:00+00:00 [running]> on host ken
[2024-10-09 09:46:31,511] {taskinstance.py:1569} INFO - Exporting the following env vars:
AIRFLOW_CTX_DAG_OWNER=airflow
AIRFLOW_CTX_DAG_ID=get_stocks_dag
AIRFLOW_CTX_TASK_ID=GOOG
AIRFLOW_CTX_EXECUTION_DATE=2024-09-17T00:00:00+00:00
AIRFLOW_CTX_TRY_NUMBER=1
AIRFLOW_CTX_DAG_RUN_ID=scheduled__2024-09-17T00:00:00+00:00
[2024-10-09 09:46:31,900] {python.py:173} INFO - Done. Returned value was: None
[2024-10-09 09:46:32,291] {taskinstance.py:1395} INFO - Marking task as SUCCESS. dag_id=get_stocks_dag, task_id=GOOG, execution_date=20240917T000000, start_date=20241009T124631, end_date=20241009T124632
[2024-10-09 09:46:32,501] {local_task_job.py:156} INFO - Task exited with return code 0
[2024-10-09 09:46:33,100] {local_task_job.py:273} INFO - 0 downstream tasks scheduled from follow-on schedule check
[2024-10-09 10:06:27,787] {taskinstance.py:1159} INFO - Dependencies all met for <TaskInstance: get_stocks_dag.GOOG scheduled__2024-09-17T00:00:00+00:00 [queued]>
[2024-10-09 10:06:27,810] {taskinstance.py:1159} INFO - Dependencies all met for <TaskInstance: get_stocks_dag.GOOG scheduled__2024-09-17T00:00:00+00:00 [queued]>
[2024-10-09 10:06:27,810] {taskinstance.py:1356} INFO - 
--------------------------------------------------------------------------------
[2024-10-09 10:06:27,810] {taskinstance.py:1357} INFO - Starting attempt 1 of 1
[2024-10-09 10:06:27,810] {taskinstance.py:1358} INFO - 
--------------------------------------------------------------------------------
[2024-10-09 10:06:27,838] {taskinstance.py:1377} INFO - Executing <Task(_PythonDecoratedOperator): GOOG> on 2024-09-17 00:00:00+00:00
[2024-10-09 10:06:27,844] {standard_task_runner.py:52} INFO - Started process 40473 to run task
[2024-10-09 10:06:27,851] {standard_task_runner.py:79} INFO - Running: ['airflow', 'tasks', 'run', 'get_stocks_dag', 'GOOG', 'scheduled__2024-09-17T00:00:00+00:00', '--job-id', '328', '--raw', '--subdir', 'DAGS_FOLDER/get_stocks.py', '--cfg-path', '/tmp/tmptbu1h0zi', '--error-file', '/tmp/tmp7sy3jbl9']
[2024-10-09 10:06:27,853] {standard_task_runner.py:80} INFO - Job 328: Subtask GOOG
[2024-10-09 10:06:28,205] {task_command.py:370} INFO - Running <TaskInstance: get_stocks_dag.GOOG scheduled__2024-09-17T00:00:00+00:00 [running]> on host ken
[2024-10-09 10:06:28,406] {taskinstance.py:1569} INFO - Exporting the following env vars:
AIRFLOW_CTX_DAG_OWNER=airflow
AIRFLOW_CTX_DAG_ID=get_stocks_dag
AIRFLOW_CTX_TASK_ID=GOOG
AIRFLOW_CTX_EXECUTION_DATE=2024-09-17T00:00:00+00:00
AIRFLOW_CTX_TRY_NUMBER=1
AIRFLOW_CTX_DAG_RUN_ID=scheduled__2024-09-17T00:00:00+00:00
[2024-10-09 10:06:38,857] {python.py:173} INFO - Done. Returned value was: None
[2024-10-09 10:06:38,906] {taskinstance.py:1395} INFO - Marking task as SUCCESS. dag_id=get_stocks_dag, task_id=GOOG, execution_date=20240917T000000, start_date=20241009T130627, end_date=20241009T130638
[2024-10-09 10:06:39,144] {local_task_job.py:156} INFO - Task exited with return code 0
[2024-10-09 10:06:39,505] {local_task_job.py:273} INFO - 0 downstream tasks scheduled from follow-on schedule check
[2024-10-09 10:29:55,938] {taskinstance.py:1159} INFO - Dependencies all met for <TaskInstance: get_stocks_dag.GOOG scheduled__2024-09-17T00:00:00+00:00 [queued]>
[2024-10-09 10:29:55,967] {taskinstance.py:1159} INFO - Dependencies all met for <TaskInstance: get_stocks_dag.GOOG scheduled__2024-09-17T00:00:00+00:00 [queued]>
[2024-10-09 10:29:55,967] {taskinstance.py:1356} INFO - 
--------------------------------------------------------------------------------
[2024-10-09 10:29:55,967] {taskinstance.py:1357} INFO - Starting attempt 1 of 1
[2024-10-09 10:29:55,967] {taskinstance.py:1358} INFO - 
--------------------------------------------------------------------------------
[2024-10-09 10:29:56,011] {taskinstance.py:1377} INFO - Executing <Task(_PythonDecoratedOperator): GOOG> on 2024-09-17 00:00:00+00:00
[2024-10-09 10:29:56,021] {standard_task_runner.py:52} INFO - Started process 52448 to run task
[2024-10-09 10:29:56,026] {standard_task_runner.py:79} INFO - Running: ['airflow', 'tasks', 'run', 'get_stocks_dag', 'GOOG', 'scheduled__2024-09-17T00:00:00+00:00', '--job-id', '355', '--raw', '--subdir', 'DAGS_FOLDER/get_stocks.py', '--cfg-path', '/tmp/tmpcpd0g1fl', '--error-file', '/tmp/tmppt125dzx']
[2024-10-09 10:29:56,029] {standard_task_runner.py:80} INFO - Job 355: Subtask GOOG
[2024-10-09 10:29:56,368] {task_command.py:370} INFO - Running <TaskInstance: get_stocks_dag.GOOG scheduled__2024-09-17T00:00:00+00:00 [running]> on host ken
[2024-10-09 10:29:56,506] {taskinstance.py:1569} INFO - Exporting the following env vars:
AIRFLOW_CTX_DAG_OWNER=airflow
AIRFLOW_CTX_DAG_ID=get_stocks_dag
AIRFLOW_CTX_TASK_ID=GOOG
AIRFLOW_CTX_EXECUTION_DATE=2024-09-17T00:00:00+00:00
AIRFLOW_CTX_TRY_NUMBER=1
AIRFLOW_CTX_DAG_RUN_ID=scheduled__2024-09-17T00:00:00+00:00
[2024-10-09 10:30:07,347] {python.py:173} INFO - Done. Returned value was: None
[2024-10-09 10:30:07,416] {taskinstance.py:1395} INFO - Marking task as SUCCESS. dag_id=get_stocks_dag, task_id=GOOG, execution_date=20240917T000000, start_date=20241009T132955, end_date=20241009T133007
[2024-10-09 10:30:07,735] {local_task_job.py:156} INFO - Task exited with return code 0
[2024-10-09 10:30:08,872] {local_task_job.py:273} INFO - 0 downstream tasks scheduled from follow-on schedule check
