[2024-10-08 17:22:08,601] {taskinstance.py:1159} INFO - Dependencies all met for <TaskInstance: get_stocks_dag.GOOG scheduled__2024-10-02T00:00:00+00:00 [queued]>
[2024-10-08 17:22:08,610] {taskinstance.py:1159} INFO - Dependencies all met for <TaskInstance: get_stocks_dag.GOOG scheduled__2024-10-02T00:00:00+00:00 [queued]>
[2024-10-08 17:22:08,610] {taskinstance.py:1356} INFO - 
--------------------------------------------------------------------------------
[2024-10-08 17:22:08,610] {taskinstance.py:1357} INFO - Starting attempt 1 of 1
[2024-10-08 17:22:08,610] {taskinstance.py:1358} INFO - 
--------------------------------------------------------------------------------
[2024-10-08 17:22:08,730] {taskinstance.py:1377} INFO - Executing <Task(_PythonDecoratedOperator): GOOG> on 2024-10-02 00:00:00+00:00
[2024-10-08 17:22:08,739] {standard_task_runner.py:52} INFO - Started process 39596 to run task
[2024-10-08 17:22:08,747] {standard_task_runner.py:79} INFO - Running: ['airflow', 'tasks', 'run', 'get_stocks_dag', 'GOOG', 'scheduled__2024-10-02T00:00:00+00:00', '--job-id', '184', '--raw', '--subdir', 'DAGS_FOLDER/get_stocks.py', '--cfg-path', '/tmp/tmpfjk9p1ph', '--error-file', '/tmp/tmpn68gp836']
[2024-10-08 17:22:08,748] {standard_task_runner.py:80} INFO - Job 184: Subtask GOOG
[2024-10-08 17:22:08,904] {task_command.py:370} INFO - Running <TaskInstance: get_stocks_dag.GOOG scheduled__2024-10-02T00:00:00+00:00 [running]> on host ken
[2024-10-08 17:22:10,033] {taskinstance.py:1569} INFO - Exporting the following env vars:
AIRFLOW_CTX_DAG_OWNER=airflow
AIRFLOW_CTX_DAG_ID=get_stocks_dag
AIRFLOW_CTX_TASK_ID=GOOG
AIRFLOW_CTX_EXECUTION_DATE=2024-10-02T00:00:00+00:00
AIRFLOW_CTX_TRY_NUMBER=1
AIRFLOW_CTX_DAG_RUN_ID=scheduled__2024-10-02T00:00:00+00:00
[2024-10-08 17:22:10,859] {python.py:173} INFO - Done. Returned value was: None
[2024-10-08 17:22:10,875] {taskinstance.py:1395} INFO - Marking task as SUCCESS. dag_id=get_stocks_dag, task_id=GOOG, execution_date=20241002T000000, start_date=20241008T202208, end_date=20241008T202210
[2024-10-08 17:22:12,336] {local_task_job.py:156} INFO - Task exited with return code 0
[2024-10-08 17:22:12,381] {local_task_job.py:273} INFO - 0 downstream tasks scheduled from follow-on schedule check
[2024-10-08 23:21:56,705] {taskinstance.py:1159} INFO - Dependencies all met for <TaskInstance: get_stocks_dag.GOOG scheduled__2024-10-02T00:00:00+00:00 [queued]>
[2024-10-08 23:21:56,776] {taskinstance.py:1159} INFO - Dependencies all met for <TaskInstance: get_stocks_dag.GOOG scheduled__2024-10-02T00:00:00+00:00 [queued]>
[2024-10-08 23:21:56,776] {taskinstance.py:1356} INFO - 
--------------------------------------------------------------------------------
[2024-10-08 23:21:56,776] {taskinstance.py:1357} INFO - Starting attempt 1 of 1
[2024-10-08 23:21:56,776] {taskinstance.py:1358} INFO - 
--------------------------------------------------------------------------------
[2024-10-08 23:21:57,100] {taskinstance.py:1377} INFO - Executing <Task(_PythonDecoratedOperator): GOOG> on 2024-10-02 00:00:00+00:00
[2024-10-08 23:21:57,139] {standard_task_runner.py:52} INFO - Started process 23080 to run task
[2024-10-08 23:21:57,162] {standard_task_runner.py:79} INFO - Running: ['airflow', 'tasks', 'run', 'get_stocks_dag', 'GOOG', 'scheduled__2024-10-02T00:00:00+00:00', '--job-id', '49', '--raw', '--subdir', 'DAGS_FOLDER/get_stocks.py', '--cfg-path', '/tmp/tmppo638lkv', '--error-file', '/tmp/tmp9go14ace']
[2024-10-08 23:21:57,168] {standard_task_runner.py:80} INFO - Job 49: Subtask GOOG
[2024-10-08 23:21:57,801] {task_command.py:370} INFO - Running <TaskInstance: get_stocks_dag.GOOG scheduled__2024-10-02T00:00:00+00:00 [running]> on host ken
[2024-10-08 23:21:58,285] {taskinstance.py:1569} INFO - Exporting the following env vars:
AIRFLOW_CTX_DAG_OWNER=airflow
AIRFLOW_CTX_DAG_ID=get_stocks_dag
AIRFLOW_CTX_TASK_ID=GOOG
AIRFLOW_CTX_EXECUTION_DATE=2024-10-02T00:00:00+00:00
AIRFLOW_CTX_TRY_NUMBER=1
AIRFLOW_CTX_DAG_RUN_ID=scheduled__2024-10-02T00:00:00+00:00
[2024-10-08 23:21:59,520] {python.py:173} INFO - Done. Returned value was: None
[2024-10-08 23:22:00,105] {taskinstance.py:1395} INFO - Marking task as SUCCESS. dag_id=get_stocks_dag, task_id=GOOG, execution_date=20241002T000000, start_date=20241009T022156, end_date=20241009T022200
[2024-10-08 23:22:00,268] {local_task_job.py:156} INFO - Task exited with return code 0
[2024-10-08 23:22:00,560] {local_task_job.py:273} INFO - 0 downstream tasks scheduled from follow-on schedule check
[2024-10-09 01:01:28,786] {taskinstance.py:1159} INFO - Dependencies all met for <TaskInstance: get_stocks_dag.GOOG scheduled__2024-10-02T00:00:00+00:00 [queued]>
[2024-10-09 01:01:28,819] {taskinstance.py:1159} INFO - Dependencies all met for <TaskInstance: get_stocks_dag.GOOG scheduled__2024-10-02T00:00:00+00:00 [queued]>
[2024-10-09 01:01:28,819] {taskinstance.py:1356} INFO - 
--------------------------------------------------------------------------------
[2024-10-09 01:01:28,819] {taskinstance.py:1357} INFO - Starting attempt 1 of 1
[2024-10-09 01:01:28,819] {taskinstance.py:1358} INFO - 
--------------------------------------------------------------------------------
[2024-10-09 01:01:29,212] {taskinstance.py:1377} INFO - Executing <Task(_PythonDecoratedOperator): GOOG> on 2024-10-02 00:00:00+00:00
[2024-10-09 01:01:29,219] {standard_task_runner.py:52} INFO - Started process 42973 to run task
[2024-10-09 01:01:29,224] {standard_task_runner.py:79} INFO - Running: ['airflow', 'tasks', 'run', 'get_stocks_dag', 'GOOG', 'scheduled__2024-10-02T00:00:00+00:00', '--job-id', '114', '--raw', '--subdir', 'DAGS_FOLDER/get_stocks.py', '--cfg-path', '/tmp/tmpdk5ho3hl', '--error-file', '/tmp/tmpfr3zuls8']
[2024-10-09 01:01:29,225] {standard_task_runner.py:80} INFO - Job 114: Subtask GOOG
[2024-10-09 01:01:29,398] {task_command.py:370} INFO - Running <TaskInstance: get_stocks_dag.GOOG scheduled__2024-10-02T00:00:00+00:00 [running]> on host ken
[2024-10-09 01:01:29,657] {taskinstance.py:1569} INFO - Exporting the following env vars:
AIRFLOW_CTX_DAG_OWNER=airflow
AIRFLOW_CTX_DAG_ID=get_stocks_dag
AIRFLOW_CTX_TASK_ID=GOOG
AIRFLOW_CTX_EXECUTION_DATE=2024-10-02T00:00:00+00:00
AIRFLOW_CTX_TRY_NUMBER=1
AIRFLOW_CTX_DAG_RUN_ID=scheduled__2024-10-02T00:00:00+00:00
[2024-10-09 01:01:47,884] {history.py:244} ERROR - $GOOG: possibly delisted; no price data found  (1h 2024-10-01 -> 2024-10-02)
[2024-10-09 01:01:47,891] {python.py:173} INFO - Done. Returned value was: None
[2024-10-09 01:01:47,930] {taskinstance.py:1395} INFO - Marking task as SUCCESS. dag_id=get_stocks_dag, task_id=GOOG, execution_date=20241002T000000, start_date=20241009T040128, end_date=20241009T040147
[2024-10-09 01:01:48,041] {local_task_job.py:156} INFO - Task exited with return code 0
[2024-10-09 01:01:48,337] {local_task_job.py:273} INFO - 0 downstream tasks scheduled from follow-on schedule check
[2024-10-09 09:34:53,889] {taskinstance.py:1159} INFO - Dependencies all met for <TaskInstance: get_stocks_dag.GOOG scheduled__2024-10-02T00:00:00+00:00 [queued]>
[2024-10-09 09:34:53,926] {taskinstance.py:1159} INFO - Dependencies all met for <TaskInstance: get_stocks_dag.GOOG scheduled__2024-10-02T00:00:00+00:00 [queued]>
[2024-10-09 09:34:53,926] {taskinstance.py:1356} INFO - 
--------------------------------------------------------------------------------
[2024-10-09 09:34:53,927] {taskinstance.py:1357} INFO - Starting attempt 1 of 1
[2024-10-09 09:34:53,927] {taskinstance.py:1358} INFO - 
--------------------------------------------------------------------------------
[2024-10-09 09:34:53,993] {taskinstance.py:1377} INFO - Executing <Task(_PythonDecoratedOperator): GOOG> on 2024-10-02 00:00:00+00:00
[2024-10-09 09:34:54,001] {standard_task_runner.py:52} INFO - Started process 16275 to run task
[2024-10-09 09:34:54,007] {standard_task_runner.py:79} INFO - Running: ['airflow', 'tasks', 'run', 'get_stocks_dag', 'GOOG', 'scheduled__2024-10-02T00:00:00+00:00', '--job-id', '180', '--raw', '--subdir', 'DAGS_FOLDER/get_stocks.py', '--cfg-path', '/tmp/tmplr7ba304', '--error-file', '/tmp/tmpuzqpf664']
[2024-10-09 09:34:54,008] {standard_task_runner.py:80} INFO - Job 180: Subtask GOOG
[2024-10-09 09:34:54,361] {task_command.py:370} INFO - Running <TaskInstance: get_stocks_dag.GOOG scheduled__2024-10-02T00:00:00+00:00 [running]> on host ken
[2024-10-09 09:34:54,560] {taskinstance.py:1569} INFO - Exporting the following env vars:
AIRFLOW_CTX_DAG_OWNER=airflow
AIRFLOW_CTX_DAG_ID=get_stocks_dag
AIRFLOW_CTX_TASK_ID=GOOG
AIRFLOW_CTX_EXECUTION_DATE=2024-10-02T00:00:00+00:00
AIRFLOW_CTX_TRY_NUMBER=1
AIRFLOW_CTX_DAG_RUN_ID=scheduled__2024-10-02T00:00:00+00:00
[2024-10-09 09:34:55,028] {python.py:173} INFO - Done. Returned value was: None
[2024-10-09 09:34:55,058] {taskinstance.py:1395} INFO - Marking task as SUCCESS. dag_id=get_stocks_dag, task_id=GOOG, execution_date=20241002T000000, start_date=20241009T123453, end_date=20241009T123455
[2024-10-09 09:34:55,304] {local_task_job.py:156} INFO - Task exited with return code 0
[2024-10-09 09:34:56,171] {local_task_job.py:273} INFO - 0 downstream tasks scheduled from follow-on schedule check
[2024-10-09 09:44:28,133] {taskinstance.py:1159} INFO - Dependencies all met for <TaskInstance: get_stocks_dag.GOOG scheduled__2024-10-02T00:00:00+00:00 [queued]>
[2024-10-09 09:44:28,157] {taskinstance.py:1159} INFO - Dependencies all met for <TaskInstance: get_stocks_dag.GOOG scheduled__2024-10-02T00:00:00+00:00 [queued]>
[2024-10-09 09:44:28,158] {taskinstance.py:1356} INFO - 
--------------------------------------------------------------------------------
[2024-10-09 09:44:28,158] {taskinstance.py:1357} INFO - Starting attempt 1 of 1
[2024-10-09 09:44:28,158] {taskinstance.py:1358} INFO - 
--------------------------------------------------------------------------------
[2024-10-09 09:44:28,225] {taskinstance.py:1377} INFO - Executing <Task(_PythonDecoratedOperator): GOOG> on 2024-10-02 00:00:00+00:00
[2024-10-09 09:44:28,238] {standard_task_runner.py:52} INFO - Started process 24228 to run task
[2024-10-09 09:44:28,246] {standard_task_runner.py:79} INFO - Running: ['airflow', 'tasks', 'run', 'get_stocks_dag', 'GOOG', 'scheduled__2024-10-02T00:00:00+00:00', '--job-id', '244', '--raw', '--subdir', 'DAGS_FOLDER/get_stocks.py', '--cfg-path', '/tmp/tmpiz2_a3mk', '--error-file', '/tmp/tmpt8kv82h4']
[2024-10-09 09:44:28,250] {standard_task_runner.py:80} INFO - Job 244: Subtask GOOG
[2024-10-09 09:44:28,671] {task_command.py:370} INFO - Running <TaskInstance: get_stocks_dag.GOOG scheduled__2024-10-02T00:00:00+00:00 [running]> on host ken
[2024-10-09 09:44:28,821] {taskinstance.py:1569} INFO - Exporting the following env vars:
AIRFLOW_CTX_DAG_OWNER=airflow
AIRFLOW_CTX_DAG_ID=get_stocks_dag
AIRFLOW_CTX_TASK_ID=GOOG
AIRFLOW_CTX_EXECUTION_DATE=2024-10-02T00:00:00+00:00
AIRFLOW_CTX_TRY_NUMBER=1
AIRFLOW_CTX_DAG_RUN_ID=scheduled__2024-10-02T00:00:00+00:00
[2024-10-09 09:44:30,071] {python.py:173} INFO - Done. Returned value was: None
[2024-10-09 09:44:30,266] {taskinstance.py:1395} INFO - Marking task as SUCCESS. dag_id=get_stocks_dag, task_id=GOOG, execution_date=20241002T000000, start_date=20241009T124428, end_date=20241009T124430
[2024-10-09 09:44:30,346] {local_task_job.py:156} INFO - Task exited with return code 0
[2024-10-09 09:44:30,566] {local_task_job.py:273} INFO - 0 downstream tasks scheduled from follow-on schedule check
[2024-10-09 09:48:30,363] {taskinstance.py:1159} INFO - Dependencies all met for <TaskInstance: get_stocks_dag.GOOG scheduled__2024-10-02T00:00:00+00:00 [queued]>
[2024-10-09 09:48:30,394] {taskinstance.py:1159} INFO - Dependencies all met for <TaskInstance: get_stocks_dag.GOOG scheduled__2024-10-02T00:00:00+00:00 [queued]>
[2024-10-09 09:48:30,395] {taskinstance.py:1356} INFO - 
--------------------------------------------------------------------------------
[2024-10-09 09:48:30,395] {taskinstance.py:1357} INFO - Starting attempt 1 of 1
[2024-10-09 09:48:30,395] {taskinstance.py:1358} INFO - 
--------------------------------------------------------------------------------
[2024-10-09 09:48:30,472] {taskinstance.py:1377} INFO - Executing <Task(_PythonDecoratedOperator): GOOG> on 2024-10-02 00:00:00+00:00
[2024-10-09 09:48:30,495] {standard_task_runner.py:52} INFO - Started process 30679 to run task
[2024-10-09 09:48:30,506] {standard_task_runner.py:79} INFO - Running: ['airflow', 'tasks', 'run', 'get_stocks_dag', 'GOOG', 'scheduled__2024-10-02T00:00:00+00:00', '--job-id', '308', '--raw', '--subdir', 'DAGS_FOLDER/get_stocks.py', '--cfg-path', '/tmp/tmpssioulkt', '--error-file', '/tmp/tmpi8_reqbl']
[2024-10-09 09:48:30,512] {standard_task_runner.py:80} INFO - Job 308: Subtask GOOG
[2024-10-09 09:48:30,840] {task_command.py:370} INFO - Running <TaskInstance: get_stocks_dag.GOOG scheduled__2024-10-02T00:00:00+00:00 [running]> on host ken
[2024-10-09 09:48:30,994] {taskinstance.py:1569} INFO - Exporting the following env vars:
AIRFLOW_CTX_DAG_OWNER=airflow
AIRFLOW_CTX_DAG_ID=get_stocks_dag
AIRFLOW_CTX_TASK_ID=GOOG
AIRFLOW_CTX_EXECUTION_DATE=2024-10-02T00:00:00+00:00
AIRFLOW_CTX_TRY_NUMBER=1
AIRFLOW_CTX_DAG_RUN_ID=scheduled__2024-10-02T00:00:00+00:00
[2024-10-09 09:48:31,542] {python.py:173} INFO - Done. Returned value was: None
[2024-10-09 09:48:31,568] {taskinstance.py:1395} INFO - Marking task as SUCCESS. dag_id=get_stocks_dag, task_id=GOOG, execution_date=20241002T000000, start_date=20241009T124830, end_date=20241009T124831
[2024-10-09 09:48:33,127] {local_task_job.py:156} INFO - Task exited with return code 0
[2024-10-09 09:48:34,014] {local_task_job.py:273} INFO - 0 downstream tasks scheduled from follow-on schedule check
[2024-10-09 10:43:31,545] {taskinstance.py:1159} INFO - Dependencies all met for <TaskInstance: get_stocks_dag.GOOG scheduled__2024-10-02T00:00:00+00:00 [queued]>
[2024-10-09 10:43:31,569] {taskinstance.py:1159} INFO - Dependencies all met for <TaskInstance: get_stocks_dag.GOOG scheduled__2024-10-02T00:00:00+00:00 [queued]>
[2024-10-09 10:43:31,570] {taskinstance.py:1356} INFO - 
--------------------------------------------------------------------------------
[2024-10-09 10:43:31,570] {taskinstance.py:1357} INFO - Starting attempt 1 of 1
[2024-10-09 10:43:31,570] {taskinstance.py:1358} INFO - 
--------------------------------------------------------------------------------
[2024-10-09 10:43:31,599] {taskinstance.py:1377} INFO - Executing <Task(_PythonDecoratedOperator): GOOG> on 2024-10-02 00:00:00+00:00
[2024-10-09 10:43:31,608] {standard_task_runner.py:52} INFO - Started process 71868 to run task
[2024-10-09 10:43:31,612] {standard_task_runner.py:79} INFO - Running: ['airflow', 'tasks', 'run', 'get_stocks_dag', 'GOOG', 'scheduled__2024-10-02T00:00:00+00:00', '--job-id', '463', '--raw', '--subdir', 'DAGS_FOLDER/get_stocks.py', '--cfg-path', '/tmp/tmpfu0pzrql', '--error-file', '/tmp/tmpkb_jz8gs']
[2024-10-09 10:43:31,613] {standard_task_runner.py:80} INFO - Job 463: Subtask GOOG
[2024-10-09 10:43:31,956] {task_command.py:370} INFO - Running <TaskInstance: get_stocks_dag.GOOG scheduled__2024-10-02T00:00:00+00:00 [running]> on host ken
[2024-10-09 10:43:32,132] {taskinstance.py:1569} INFO - Exporting the following env vars:
AIRFLOW_CTX_DAG_OWNER=airflow
AIRFLOW_CTX_DAG_ID=get_stocks_dag
AIRFLOW_CTX_TASK_ID=GOOG
AIRFLOW_CTX_EXECUTION_DATE=2024-10-02T00:00:00+00:00
AIRFLOW_CTX_TRY_NUMBER=1
AIRFLOW_CTX_DAG_RUN_ID=scheduled__2024-10-02T00:00:00+00:00
[2024-10-09 10:43:42,726] {python.py:173} INFO - Done. Returned value was: None
[2024-10-09 10:43:42,765] {taskinstance.py:1395} INFO - Marking task as SUCCESS. dag_id=get_stocks_dag, task_id=GOOG, execution_date=20241002T000000, start_date=20241009T134331, end_date=20241009T134342
[2024-10-09 10:43:43,006] {local_task_job.py:156} INFO - Task exited with return code 0
[2024-10-09 10:43:43,468] {local_task_job.py:273} INFO - 0 downstream tasks scheduled from follow-on schedule check
