[2024-10-09 10:42:13,002] {taskinstance.py:1159} INFO - Dependencies all met for <TaskInstance: get_crypto_dag.BTC scheduled__2024-10-01T00:00:00+00:00 [queued]>
[2024-10-09 10:42:13,012] {taskinstance.py:1159} INFO - Dependencies all met for <TaskInstance: get_crypto_dag.BTC scheduled__2024-10-01T00:00:00+00:00 [queued]>
[2024-10-09 10:42:13,012] {taskinstance.py:1356} INFO - 
--------------------------------------------------------------------------------
[2024-10-09 10:42:13,012] {taskinstance.py:1357} INFO - Starting attempt 1 of 1
[2024-10-09 10:42:13,013] {taskinstance.py:1358} INFO - 
--------------------------------------------------------------------------------
[2024-10-09 10:42:13,119] {taskinstance.py:1377} INFO - Executing <Task(_PythonDecoratedOperator): BTC> on 2024-10-01 00:00:00+00:00
[2024-10-09 10:42:13,126] {standard_task_runner.py:52} INFO - Started process 69772 to run task
[2024-10-09 10:42:13,132] {standard_task_runner.py:79} INFO - Running: ['airflow', 'tasks', 'run', 'get_crypto_dag', 'BTC', 'scheduled__2024-10-01T00:00:00+00:00', '--job-id', '453', '--raw', '--subdir', 'DAGS_FOLDER/get_crypto.py', '--cfg-path', '/tmp/tmpulnmbsaa', '--error-file', '/tmp/tmp3llnp6i3']
[2024-10-09 10:42:13,134] {standard_task_runner.py:80} INFO - Job 453: Subtask BTC
[2024-10-09 10:42:13,469] {task_command.py:370} INFO - Running <TaskInstance: get_crypto_dag.BTC scheduled__2024-10-01T00:00:00+00:00 [running]> on host ken
[2024-10-09 10:42:13,686] {taskinstance.py:1569} INFO - Exporting the following env vars:
AIRFLOW_CTX_DAG_OWNER=airflow
AIRFLOW_CTX_DAG_ID=get_crypto_dag
AIRFLOW_CTX_TASK_ID=BTC
AIRFLOW_CTX_EXECUTION_DATE=2024-10-01T00:00:00+00:00
AIRFLOW_CTX_TRY_NUMBER=1
AIRFLOW_CTX_DAG_RUN_ID=scheduled__2024-10-01T00:00:00+00:00
[2024-10-09 10:42:24,682] {python.py:173} INFO - Done. Returned value was: None
[2024-10-09 10:42:24,706] {taskinstance.py:1395} INFO - Marking task as SUCCESS. dag_id=get_crypto_dag, task_id=BTC, execution_date=20241001T000000, start_date=20241009T134213, end_date=20241009T134224
[2024-10-09 10:42:24,787] {local_task_job.py:156} INFO - Task exited with return code 0
[2024-10-09 10:42:25,136] {local_task_job.py:273} INFO - 0 downstream tasks scheduled from follow-on schedule check
