[2024-10-09 10:37:55,409] {taskinstance.py:1159} INFO - Dependencies all met for <TaskInstance: get_crypto_dag.ETH scheduled__2024-09-26T00:00:00+00:00 [queued]>
[2024-10-09 10:37:55,440] {taskinstance.py:1159} INFO - Dependencies all met for <TaskInstance: get_crypto_dag.ETH scheduled__2024-09-26T00:00:00+00:00 [queued]>
[2024-10-09 10:37:55,441] {taskinstance.py:1356} INFO - 
--------------------------------------------------------------------------------
[2024-10-09 10:37:55,441] {taskinstance.py:1357} INFO - Starting attempt 1 of 1
[2024-10-09 10:37:55,441] {taskinstance.py:1358} INFO - 
--------------------------------------------------------------------------------
[2024-10-09 10:37:55,945] {taskinstance.py:1377} INFO - Executing <Task(_PythonDecoratedOperator): ETH> on 2024-09-26 00:00:00+00:00
[2024-10-09 10:37:55,957] {standard_task_runner.py:52} INFO - Started process 63870 to run task
[2024-10-09 10:37:55,960] {standard_task_runner.py:79} INFO - Running: ['airflow', 'tasks', 'run', 'get_crypto_dag', 'ETH', 'scheduled__2024-09-26T00:00:00+00:00', '--job-id', '420', '--raw', '--subdir', 'DAGS_FOLDER/get_crypto.py', '--cfg-path', '/tmp/tmpuf58zz4q', '--error-file', '/tmp/tmpsugohtv9']
[2024-10-09 10:37:55,961] {standard_task_runner.py:80} INFO - Job 420: Subtask ETH
[2024-10-09 10:37:56,779] {task_command.py:370} INFO - Running <TaskInstance: get_crypto_dag.ETH scheduled__2024-09-26T00:00:00+00:00 [running]> on host ken
[2024-10-09 10:37:58,062] {taskinstance.py:1569} INFO - Exporting the following env vars:
AIRFLOW_CTX_DAG_OWNER=airflow
AIRFLOW_CTX_DAG_ID=get_crypto_dag
AIRFLOW_CTX_TASK_ID=ETH
AIRFLOW_CTX_EXECUTION_DATE=2024-09-26T00:00:00+00:00
AIRFLOW_CTX_TRY_NUMBER=1
AIRFLOW_CTX_DAG_RUN_ID=scheduled__2024-09-26T00:00:00+00:00
[2024-10-09 10:38:08,883] {python.py:173} INFO - Done. Returned value was: None
[2024-10-09 10:38:08,918] {taskinstance.py:1395} INFO - Marking task as SUCCESS. dag_id=get_crypto_dag, task_id=ETH, execution_date=20240926T000000, start_date=20241009T133755, end_date=20241009T133808
[2024-10-09 10:38:09,000] {local_task_job.py:156} INFO - Task exited with return code 0
[2024-10-09 10:38:09,087] {local_task_job.py:273} INFO - 0 downstream tasks scheduled from follow-on schedule check
