[2024-10-08 17:15:22,133] {taskinstance.py:1159} INFO - Dependencies all met for <TaskInstance: get_stocks_dag.TSLA scheduled__2024-09-17T00:00:00+00:00 [queued]>
[2024-10-08 17:15:23,577] {taskinstance.py:1159} INFO - Dependencies all met for <TaskInstance: get_stocks_dag.TSLA scheduled__2024-09-17T00:00:00+00:00 [queued]>
[2024-10-08 17:15:23,577] {taskinstance.py:1356} INFO - 
--------------------------------------------------------------------------------
[2024-10-08 17:15:23,578] {taskinstance.py:1357} INFO - Starting attempt 1 of 1
[2024-10-08 17:15:23,578] {taskinstance.py:1358} INFO - 
--------------------------------------------------------------------------------
[2024-10-08 17:15:24,775] {taskinstance.py:1377} INFO - Executing <Task(_PythonDecoratedOperator): TSLA> on 2024-09-17 00:00:00+00:00
[2024-10-08 17:15:24,786] {standard_task_runner.py:52} INFO - Started process 34668 to run task
[2024-10-08 17:15:24,794] {standard_task_runner.py:79} INFO - Running: ['airflow', 'tasks', 'run', 'get_stocks_dag', 'TSLA', 'scheduled__2024-09-17T00:00:00+00:00', '--job-id', '141', '--raw', '--subdir', 'DAGS_FOLDER/get_stocks.py', '--cfg-path', '/tmp/tmp81tu8t5o', '--error-file', '/tmp/tmpcxw7wcvu']
[2024-10-08 17:15:24,797] {standard_task_runner.py:80} INFO - Job 141: Subtask TSLA
[2024-10-08 17:15:25,251] {task_command.py:370} INFO - Running <TaskInstance: get_stocks_dag.TSLA scheduled__2024-09-17T00:00:00+00:00 [running]> on host ken
[2024-10-08 17:15:25,503] {taskinstance.py:1569} INFO - Exporting the following env vars:
AIRFLOW_CTX_DAG_OWNER=airflow
AIRFLOW_CTX_DAG_ID=get_stocks_dag
AIRFLOW_CTX_TASK_ID=TSLA
AIRFLOW_CTX_EXECUTION_DATE=2024-09-17T00:00:00+00:00
AIRFLOW_CTX_TRY_NUMBER=1
AIRFLOW_CTX_DAG_RUN_ID=scheduled__2024-09-17T00:00:00+00:00
[2024-10-08 17:15:26,137] {python.py:173} INFO - Done. Returned value was: None
[2024-10-08 17:15:26,145] {taskinstance.py:1395} INFO - Marking task as SUCCESS. dag_id=get_stocks_dag, task_id=TSLA, execution_date=20240917T000000, start_date=20241008T201522, end_date=20241008T201526
[2024-10-08 17:15:27,256] {local_task_job.py:156} INFO - Task exited with return code 0
[2024-10-08 17:15:27,308] {local_task_job.py:273} INFO - 0 downstream tasks scheduled from follow-on schedule check
[2024-10-08 23:21:27,826] {taskinstance.py:1159} INFO - Dependencies all met for <TaskInstance: get_stocks_dag.TSLA scheduled__2024-09-17T00:00:00+00:00 [queued]>
[2024-10-08 23:21:27,880] {taskinstance.py:1159} INFO - Dependencies all met for <TaskInstance: get_stocks_dag.TSLA scheduled__2024-09-17T00:00:00+00:00 [queued]>
[2024-10-08 23:21:27,881] {taskinstance.py:1356} INFO - 
--------------------------------------------------------------------------------
[2024-10-08 23:21:27,881] {taskinstance.py:1357} INFO - Starting attempt 1 of 1
[2024-10-08 23:21:27,881] {taskinstance.py:1358} INFO - 
--------------------------------------------------------------------------------
[2024-10-08 23:21:27,944] {taskinstance.py:1377} INFO - Executing <Task(_PythonDecoratedOperator): TSLA> on 2024-09-17 00:00:00+00:00
[2024-10-08 23:21:27,960] {standard_task_runner.py:52} INFO - Started process 20916 to run task
[2024-10-08 23:21:28,012] {standard_task_runner.py:79} INFO - Running: ['airflow', 'tasks', 'run', 'get_stocks_dag', 'TSLA', 'scheduled__2024-09-17T00:00:00+00:00', '--job-id', '8', '--raw', '--subdir', 'DAGS_FOLDER/get_stocks.py', '--cfg-path', '/tmp/tmp_xdmt56r', '--error-file', '/tmp/tmpvsxsxtw8']
[2024-10-08 23:21:28,013] {standard_task_runner.py:80} INFO - Job 8: Subtask TSLA
[2024-10-08 23:21:28,607] {task_command.py:370} INFO - Running <TaskInstance: get_stocks_dag.TSLA scheduled__2024-09-17T00:00:00+00:00 [running]> on host ken
[2024-10-08 23:21:29,588] {taskinstance.py:1569} INFO - Exporting the following env vars:
AIRFLOW_CTX_DAG_OWNER=airflow
AIRFLOW_CTX_DAG_ID=get_stocks_dag
AIRFLOW_CTX_TASK_ID=TSLA
AIRFLOW_CTX_EXECUTION_DATE=2024-09-17T00:00:00+00:00
AIRFLOW_CTX_TRY_NUMBER=1
AIRFLOW_CTX_DAG_RUN_ID=scheduled__2024-09-17T00:00:00+00:00
[2024-10-08 23:21:33,498] {python.py:173} INFO - Done. Returned value was: None
[2024-10-08 23:21:33,569] {taskinstance.py:1395} INFO - Marking task as SUCCESS. dag_id=get_stocks_dag, task_id=TSLA, execution_date=20240917T000000, start_date=20241009T022127, end_date=20241009T022133
[2024-10-08 23:21:33,714] {local_task_job.py:156} INFO - Task exited with return code 0
[2024-10-08 23:21:33,922] {local_task_job.py:273} INFO - 0 downstream tasks scheduled from follow-on schedule check
[2024-10-09 00:58:19,092] {taskinstance.py:1159} INFO - Dependencies all met for <TaskInstance: get_stocks_dag.TSLA scheduled__2024-09-17T00:00:00+00:00 [queued]>
[2024-10-09 00:58:19,115] {taskinstance.py:1159} INFO - Dependencies all met for <TaskInstance: get_stocks_dag.TSLA scheduled__2024-09-17T00:00:00+00:00 [queued]>
[2024-10-09 00:58:19,115] {taskinstance.py:1356} INFO - 
--------------------------------------------------------------------------------
[2024-10-09 00:58:19,115] {taskinstance.py:1357} INFO - Starting attempt 1 of 1
[2024-10-09 00:58:19,115] {taskinstance.py:1358} INFO - 
--------------------------------------------------------------------------------
[2024-10-09 00:58:19,269] {taskinstance.py:1377} INFO - Executing <Task(_PythonDecoratedOperator): TSLA> on 2024-09-17 00:00:00+00:00
[2024-10-09 00:58:19,283] {standard_task_runner.py:52} INFO - Started process 34564 to run task
[2024-10-09 00:58:19,292] {standard_task_runner.py:79} INFO - Running: ['airflow', 'tasks', 'run', 'get_stocks_dag', 'TSLA', 'scheduled__2024-09-17T00:00:00+00:00', '--job-id', '69', '--raw', '--subdir', 'DAGS_FOLDER/get_stocks.py', '--cfg-path', '/tmp/tmpib9atg_s', '--error-file', '/tmp/tmphcmnf1gw']
[2024-10-09 00:58:19,294] {standard_task_runner.py:80} INFO - Job 69: Subtask TSLA
[2024-10-09 00:58:19,469] {task_command.py:370} INFO - Running <TaskInstance: get_stocks_dag.TSLA scheduled__2024-09-17T00:00:00+00:00 [running]> on host ken
[2024-10-09 00:58:19,678] {taskinstance.py:1569} INFO - Exporting the following env vars:
AIRFLOW_CTX_DAG_OWNER=airflow
AIRFLOW_CTX_DAG_ID=get_stocks_dag
AIRFLOW_CTX_TASK_ID=TSLA
AIRFLOW_CTX_EXECUTION_DATE=2024-09-17T00:00:00+00:00
AIRFLOW_CTX_TRY_NUMBER=1
AIRFLOW_CTX_DAG_RUN_ID=scheduled__2024-09-17T00:00:00+00:00
[2024-10-09 00:58:20,177] {python.py:173} INFO - Done. Returned value was: None
[2024-10-09 00:58:20,212] {taskinstance.py:1395} INFO - Marking task as SUCCESS. dag_id=get_stocks_dag, task_id=TSLA, execution_date=20240917T000000, start_date=20241009T035819, end_date=20241009T035820
[2024-10-09 00:58:20,270] {local_task_job.py:156} INFO - Task exited with return code 0
[2024-10-09 00:58:20,350] {local_task_job.py:273} INFO - 0 downstream tasks scheduled from follow-on schedule check
[2024-10-09 09:33:13,962] {taskinstance.py:1159} INFO - Dependencies all met for <TaskInstance: get_stocks_dag.TSLA scheduled__2024-09-17T00:00:00+00:00 [queued]>
[2024-10-09 09:33:14,000] {taskinstance.py:1159} INFO - Dependencies all met for <TaskInstance: get_stocks_dag.TSLA scheduled__2024-09-17T00:00:00+00:00 [queued]>
[2024-10-09 09:33:14,000] {taskinstance.py:1356} INFO - 
--------------------------------------------------------------------------------
[2024-10-09 09:33:14,000] {taskinstance.py:1357} INFO - Starting attempt 1 of 1
[2024-10-09 09:33:14,000] {taskinstance.py:1358} INFO - 
--------------------------------------------------------------------------------
[2024-10-09 09:33:14,042] {taskinstance.py:1377} INFO - Executing <Task(_PythonDecoratedOperator): TSLA> on 2024-09-17 00:00:00+00:00
[2024-10-09 09:33:14,048] {standard_task_runner.py:52} INFO - Started process 12629 to run task
[2024-10-09 09:33:14,051] {standard_task_runner.py:79} INFO - Running: ['airflow', 'tasks', 'run', 'get_stocks_dag', 'TSLA', 'scheduled__2024-09-17T00:00:00+00:00', '--job-id', '135', '--raw', '--subdir', 'DAGS_FOLDER/get_stocks.py', '--cfg-path', '/tmp/tmpuhrg8fyf', '--error-file', '/tmp/tmp0w64mw8b']
[2024-10-09 09:33:14,052] {standard_task_runner.py:80} INFO - Job 135: Subtask TSLA
[2024-10-09 09:33:14,190] {task_command.py:370} INFO - Running <TaskInstance: get_stocks_dag.TSLA scheduled__2024-09-17T00:00:00+00:00 [running]> on host ken
[2024-10-09 09:33:14,450] {taskinstance.py:1569} INFO - Exporting the following env vars:
AIRFLOW_CTX_DAG_OWNER=airflow
AIRFLOW_CTX_DAG_ID=get_stocks_dag
AIRFLOW_CTX_TASK_ID=TSLA
AIRFLOW_CTX_EXECUTION_DATE=2024-09-17T00:00:00+00:00
AIRFLOW_CTX_TRY_NUMBER=1
AIRFLOW_CTX_DAG_RUN_ID=scheduled__2024-09-17T00:00:00+00:00
[2024-10-09 09:33:14,950] {python.py:173} INFO - Done. Returned value was: None
[2024-10-09 09:33:15,299] {taskinstance.py:1395} INFO - Marking task as SUCCESS. dag_id=get_stocks_dag, task_id=TSLA, execution_date=20240917T000000, start_date=20241009T123313, end_date=20241009T123315
[2024-10-09 09:33:15,390] {local_task_job.py:156} INFO - Task exited with return code 0
[2024-10-09 09:33:15,524] {local_task_job.py:273} INFO - 0 downstream tasks scheduled from follow-on schedule check
[2024-10-09 09:42:27,551] {taskinstance.py:1159} INFO - Dependencies all met for <TaskInstance: get_stocks_dag.TSLA scheduled__2024-09-17T00:00:00+00:00 [queued]>
[2024-10-09 09:42:27,576] {taskinstance.py:1159} INFO - Dependencies all met for <TaskInstance: get_stocks_dag.TSLA scheduled__2024-09-17T00:00:00+00:00 [queued]>
[2024-10-09 09:42:27,577] {taskinstance.py:1356} INFO - 
--------------------------------------------------------------------------------
[2024-10-09 09:42:27,577] {taskinstance.py:1357} INFO - Starting attempt 1 of 1
[2024-10-09 09:42:27,577] {taskinstance.py:1358} INFO - 
--------------------------------------------------------------------------------
[2024-10-09 09:42:27,605] {taskinstance.py:1377} INFO - Executing <Task(_PythonDecoratedOperator): TSLA> on 2024-09-17 00:00:00+00:00
[2024-10-09 09:42:27,618] {standard_task_runner.py:52} INFO - Started process 20010 to run task
[2024-10-09 09:42:27,621] {standard_task_runner.py:79} INFO - Running: ['airflow', 'tasks', 'run', 'get_stocks_dag', 'TSLA', 'scheduled__2024-09-17T00:00:00+00:00', '--job-id', '201', '--raw', '--subdir', 'DAGS_FOLDER/get_stocks.py', '--cfg-path', '/tmp/tmpm9lyj4v2', '--error-file', '/tmp/tmpb3c85z1j']
[2024-10-09 09:42:27,622] {standard_task_runner.py:80} INFO - Job 201: Subtask TSLA
[2024-10-09 09:42:27,928] {task_command.py:370} INFO - Running <TaskInstance: get_stocks_dag.TSLA scheduled__2024-09-17T00:00:00+00:00 [running]> on host ken
[2024-10-09 09:42:28,048] {taskinstance.py:1569} INFO - Exporting the following env vars:
AIRFLOW_CTX_DAG_OWNER=airflow
AIRFLOW_CTX_DAG_ID=get_stocks_dag
AIRFLOW_CTX_TASK_ID=TSLA
AIRFLOW_CTX_EXECUTION_DATE=2024-09-17T00:00:00+00:00
AIRFLOW_CTX_TRY_NUMBER=1
AIRFLOW_CTX_DAG_RUN_ID=scheduled__2024-09-17T00:00:00+00:00
[2024-10-09 09:42:28,828] {python.py:173} INFO - Done. Returned value was: None
[2024-10-09 09:42:30,149] {taskinstance.py:1395} INFO - Marking task as SUCCESS. dag_id=get_stocks_dag, task_id=TSLA, execution_date=20240917T000000, start_date=20241009T124227, end_date=20241009T124230
[2024-10-09 09:42:30,324] {local_task_job.py:156} INFO - Task exited with return code 0
[2024-10-09 09:42:30,963] {local_task_job.py:273} INFO - 0 downstream tasks scheduled from follow-on schedule check
[2024-10-09 09:46:34,694] {taskinstance.py:1159} INFO - Dependencies all met for <TaskInstance: get_stocks_dag.TSLA scheduled__2024-09-17T00:00:00+00:00 [queued]>
[2024-10-09 09:46:34,746] {taskinstance.py:1159} INFO - Dependencies all met for <TaskInstance: get_stocks_dag.TSLA scheduled__2024-09-17T00:00:00+00:00 [queued]>
[2024-10-09 09:46:34,746] {taskinstance.py:1356} INFO - 
--------------------------------------------------------------------------------
[2024-10-09 09:46:34,746] {taskinstance.py:1357} INFO - Starting attempt 1 of 1
[2024-10-09 09:46:34,746] {taskinstance.py:1358} INFO - 
--------------------------------------------------------------------------------
[2024-10-09 09:46:34,792] {taskinstance.py:1377} INFO - Executing <Task(_PythonDecoratedOperator): TSLA> on 2024-09-17 00:00:00+00:00
[2024-10-09 09:46:34,798] {standard_task_runner.py:52} INFO - Started process 26439 to run task
[2024-10-09 09:46:34,801] {standard_task_runner.py:79} INFO - Running: ['airflow', 'tasks', 'run', 'get_stocks_dag', 'TSLA', 'scheduled__2024-09-17T00:00:00+00:00', '--job-id', '266', '--raw', '--subdir', 'DAGS_FOLDER/get_stocks.py', '--cfg-path', '/tmp/tmpqkn69awp', '--error-file', '/tmp/tmpwt_me0s_']
[2024-10-09 09:46:34,802] {standard_task_runner.py:80} INFO - Job 266: Subtask TSLA
[2024-10-09 09:46:35,038] {task_command.py:370} INFO - Running <TaskInstance: get_stocks_dag.TSLA scheduled__2024-09-17T00:00:00+00:00 [running]> on host ken
[2024-10-09 09:46:35,337] {taskinstance.py:1569} INFO - Exporting the following env vars:
AIRFLOW_CTX_DAG_OWNER=airflow
AIRFLOW_CTX_DAG_ID=get_stocks_dag
AIRFLOW_CTX_TASK_ID=TSLA
AIRFLOW_CTX_EXECUTION_DATE=2024-09-17T00:00:00+00:00
AIRFLOW_CTX_TRY_NUMBER=1
AIRFLOW_CTX_DAG_RUN_ID=scheduled__2024-09-17T00:00:00+00:00
[2024-10-09 09:46:36,628] {python.py:173} INFO - Done. Returned value was: None
[2024-10-09 09:46:36,709] {taskinstance.py:1395} INFO - Marking task as SUCCESS. dag_id=get_stocks_dag, task_id=TSLA, execution_date=20240917T000000, start_date=20241009T124634, end_date=20241009T124636
[2024-10-09 09:46:37,022] {local_task_job.py:156} INFO - Task exited with return code 0
[2024-10-09 09:46:37,223] {local_task_job.py:273} INFO - 0 downstream tasks scheduled from follow-on schedule check
[2024-10-09 10:06:12,467] {taskinstance.py:1159} INFO - Dependencies all met for <TaskInstance: get_stocks_dag.TSLA scheduled__2024-09-17T00:00:00+00:00 [queued]>
[2024-10-09 10:06:12,497] {taskinstance.py:1159} INFO - Dependencies all met for <TaskInstance: get_stocks_dag.TSLA scheduled__2024-09-17T00:00:00+00:00 [queued]>
[2024-10-09 10:06:12,497] {taskinstance.py:1356} INFO - 
--------------------------------------------------------------------------------
[2024-10-09 10:06:12,497] {taskinstance.py:1357} INFO - Starting attempt 1 of 1
[2024-10-09 10:06:12,498] {taskinstance.py:1358} INFO - 
--------------------------------------------------------------------------------
[2024-10-09 10:06:12,776] {taskinstance.py:1377} INFO - Executing <Task(_PythonDecoratedOperator): TSLA> on 2024-09-17 00:00:00+00:00
[2024-10-09 10:06:12,790] {standard_task_runner.py:52} INFO - Started process 40173 to run task
[2024-10-09 10:06:12,800] {standard_task_runner.py:79} INFO - Running: ['airflow', 'tasks', 'run', 'get_stocks_dag', 'TSLA', 'scheduled__2024-09-17T00:00:00+00:00', '--job-id', '327', '--raw', '--subdir', 'DAGS_FOLDER/get_stocks.py', '--cfg-path', '/tmp/tmp1oupb0uz', '--error-file', '/tmp/tmpor08t42p']
[2024-10-09 10:06:12,806] {standard_task_runner.py:80} INFO - Job 327: Subtask TSLA
[2024-10-09 10:06:13,689] {task_command.py:370} INFO - Running <TaskInstance: get_stocks_dag.TSLA scheduled__2024-09-17T00:00:00+00:00 [running]> on host ken
[2024-10-09 10:06:14,243] {taskinstance.py:1569} INFO - Exporting the following env vars:
AIRFLOW_CTX_DAG_OWNER=airflow
AIRFLOW_CTX_DAG_ID=get_stocks_dag
AIRFLOW_CTX_TASK_ID=TSLA
AIRFLOW_CTX_EXECUTION_DATE=2024-09-17T00:00:00+00:00
AIRFLOW_CTX_TRY_NUMBER=1
AIRFLOW_CTX_DAG_RUN_ID=scheduled__2024-09-17T00:00:00+00:00
[2024-10-09 10:06:24,722] {python.py:173} INFO - Done. Returned value was: None
[2024-10-09 10:06:25,272] {taskinstance.py:1395} INFO - Marking task as SUCCESS. dag_id=get_stocks_dag, task_id=TSLA, execution_date=20240917T000000, start_date=20241009T130612, end_date=20241009T130625
[2024-10-09 10:06:25,416] {local_task_job.py:156} INFO - Task exited with return code 0
[2024-10-09 10:06:25,720] {local_task_job.py:273} INFO - 0 downstream tasks scheduled from follow-on schedule check
[2024-10-09 10:30:11,293] {taskinstance.py:1159} INFO - Dependencies all met for <TaskInstance: get_stocks_dag.TSLA scheduled__2024-09-17T00:00:00+00:00 [queued]>
[2024-10-09 10:30:11,380] {taskinstance.py:1159} INFO - Dependencies all met for <TaskInstance: get_stocks_dag.TSLA scheduled__2024-09-17T00:00:00+00:00 [queued]>
[2024-10-09 10:30:11,381] {taskinstance.py:1356} INFO - 
--------------------------------------------------------------------------------
[2024-10-09 10:30:11,381] {taskinstance.py:1357} INFO - Starting attempt 1 of 1
[2024-10-09 10:30:11,381] {taskinstance.py:1358} INFO - 
--------------------------------------------------------------------------------
[2024-10-09 10:30:11,529] {taskinstance.py:1377} INFO - Executing <Task(_PythonDecoratedOperator): TSLA> on 2024-09-17 00:00:00+00:00
[2024-10-09 10:30:11,539] {standard_task_runner.py:52} INFO - Started process 52817 to run task
[2024-10-09 10:30:11,545] {standard_task_runner.py:79} INFO - Running: ['airflow', 'tasks', 'run', 'get_stocks_dag', 'TSLA', 'scheduled__2024-09-17T00:00:00+00:00', '--job-id', '358', '--raw', '--subdir', 'DAGS_FOLDER/get_stocks.py', '--cfg-path', '/tmp/tmp2z_21od3', '--error-file', '/tmp/tmpci_c1h54']
[2024-10-09 10:30:11,547] {standard_task_runner.py:80} INFO - Job 358: Subtask TSLA
[2024-10-09 10:30:11,955] {task_command.py:370} INFO - Running <TaskInstance: get_stocks_dag.TSLA scheduled__2024-09-17T00:00:00+00:00 [running]> on host ken
[2024-10-09 10:30:12,554] {taskinstance.py:1569} INFO - Exporting the following env vars:
AIRFLOW_CTX_DAG_OWNER=airflow
AIRFLOW_CTX_DAG_ID=get_stocks_dag
AIRFLOW_CTX_TASK_ID=TSLA
AIRFLOW_CTX_EXECUTION_DATE=2024-09-17T00:00:00+00:00
AIRFLOW_CTX_TRY_NUMBER=1
AIRFLOW_CTX_DAG_RUN_ID=scheduled__2024-09-17T00:00:00+00:00
[2024-10-09 10:30:23,066] {python.py:173} INFO - Done. Returned value was: None
[2024-10-09 10:30:23,118] {taskinstance.py:1395} INFO - Marking task as SUCCESS. dag_id=get_stocks_dag, task_id=TSLA, execution_date=20240917T000000, start_date=20241009T133011, end_date=20241009T133023
[2024-10-09 10:30:23,194] {local_task_job.py:156} INFO - Task exited with return code 0
[2024-10-09 10:30:23,309] {local_task_job.py:273} INFO - 0 downstream tasks scheduled from follow-on schedule check
