[2024-10-08 17:18:51,997] {taskinstance.py:1159} INFO - Dependencies all met for <TaskInstance: get_stocks_dag.MSFT scheduled__2024-09-25T00:00:00+00:00 [queued]>
[2024-10-08 17:18:52,002] {taskinstance.py:1159} INFO - Dependencies all met for <TaskInstance: get_stocks_dag.MSFT scheduled__2024-09-25T00:00:00+00:00 [queued]>
[2024-10-08 17:18:52,002] {taskinstance.py:1356} INFO - 
--------------------------------------------------------------------------------
[2024-10-08 17:18:52,002] {taskinstance.py:1357} INFO - Starting attempt 1 of 1
[2024-10-08 17:18:52,002] {taskinstance.py:1358} INFO - 
--------------------------------------------------------------------------------
[2024-10-08 17:18:53,134] {taskinstance.py:1377} INFO - Executing <Task(_PythonDecoratedOperator): MSFT> on 2024-09-25 00:00:00+00:00
[2024-10-08 17:18:53,144] {standard_task_runner.py:52} INFO - Started process 37239 to run task
[2024-10-08 17:18:53,151] {standard_task_runner.py:79} INFO - Running: ['airflow', 'tasks', 'run', 'get_stocks_dag', 'MSFT', 'scheduled__2024-09-25T00:00:00+00:00', '--job-id', '163', '--raw', '--subdir', 'DAGS_FOLDER/get_stocks.py', '--cfg-path', '/tmp/tmpzcqswe52', '--error-file', '/tmp/tmpy4acnjsq']
[2024-10-08 17:18:53,153] {standard_task_runner.py:80} INFO - Job 163: Subtask MSFT
[2024-10-08 17:18:54,171] {task_command.py:370} INFO - Running <TaskInstance: get_stocks_dag.MSFT scheduled__2024-09-25T00:00:00+00:00 [running]> on host ken
[2024-10-08 17:18:56,997] {taskinstance.py:1569} INFO - Exporting the following env vars:
AIRFLOW_CTX_DAG_OWNER=airflow
AIRFLOW_CTX_DAG_ID=get_stocks_dag
AIRFLOW_CTX_TASK_ID=MSFT
AIRFLOW_CTX_EXECUTION_DATE=2024-09-25T00:00:00+00:00
AIRFLOW_CTX_TRY_NUMBER=1
AIRFLOW_CTX_DAG_RUN_ID=scheduled__2024-09-25T00:00:00+00:00
[2024-10-08 17:18:57,693] {python.py:173} INFO - Done. Returned value was: None
[2024-10-08 17:18:57,698] {taskinstance.py:1395} INFO - Marking task as SUCCESS. dag_id=get_stocks_dag, task_id=MSFT, execution_date=20240925T000000, start_date=20241008T201851, end_date=20241008T201857
[2024-10-08 17:18:59,250] {local_task_job.py:156} INFO - Task exited with return code 0
[2024-10-08 17:18:59,264] {local_task_job.py:273} INFO - 0 downstream tasks scheduled from follow-on schedule check
[2024-10-08 23:21:36,175] {taskinstance.py:1159} INFO - Dependencies all met for <TaskInstance: get_stocks_dag.MSFT scheduled__2024-09-25T00:00:00+00:00 [queued]>
[2024-10-08 23:21:36,434] {taskinstance.py:1159} INFO - Dependencies all met for <TaskInstance: get_stocks_dag.MSFT scheduled__2024-09-25T00:00:00+00:00 [queued]>
[2024-10-08 23:21:36,435] {taskinstance.py:1356} INFO - 
--------------------------------------------------------------------------------
[2024-10-08 23:21:36,435] {taskinstance.py:1357} INFO - Starting attempt 1 of 1
[2024-10-08 23:21:36,435] {taskinstance.py:1358} INFO - 
--------------------------------------------------------------------------------
[2024-10-08 23:21:36,613] {taskinstance.py:1377} INFO - Executing <Task(_PythonDecoratedOperator): MSFT> on 2024-09-25 00:00:00+00:00
[2024-10-08 23:21:36,640] {standard_task_runner.py:52} INFO - Started process 21621 to run task
[2024-10-08 23:21:36,665] {standard_task_runner.py:79} INFO - Running: ['airflow', 'tasks', 'run', 'get_stocks_dag', 'MSFT', 'scheduled__2024-09-25T00:00:00+00:00', '--job-id', '20', '--raw', '--subdir', 'DAGS_FOLDER/get_stocks.py', '--cfg-path', '/tmp/tmpku6zurxu', '--error-file', '/tmp/tmpqnw9bojh']
[2024-10-08 23:21:36,667] {standard_task_runner.py:80} INFO - Job 20: Subtask MSFT
[2024-10-08 23:21:37,121] {task_command.py:370} INFO - Running <TaskInstance: get_stocks_dag.MSFT scheduled__2024-09-25T00:00:00+00:00 [running]> on host ken
[2024-10-08 23:21:37,760] {taskinstance.py:1569} INFO - Exporting the following env vars:
AIRFLOW_CTX_DAG_OWNER=airflow
AIRFLOW_CTX_DAG_ID=get_stocks_dag
AIRFLOW_CTX_TASK_ID=MSFT
AIRFLOW_CTX_EXECUTION_DATE=2024-09-25T00:00:00+00:00
AIRFLOW_CTX_TRY_NUMBER=1
AIRFLOW_CTX_DAG_RUN_ID=scheduled__2024-09-25T00:00:00+00:00
[2024-10-08 23:21:39,843] {python.py:173} INFO - Done. Returned value was: None
[2024-10-08 23:21:40,086] {taskinstance.py:1395} INFO - Marking task as SUCCESS. dag_id=get_stocks_dag, task_id=MSFT, execution_date=20240925T000000, start_date=20241009T022136, end_date=20241009T022140
[2024-10-08 23:21:40,205] {local_task_job.py:156} INFO - Task exited with return code 0
[2024-10-08 23:21:40,430] {local_task_job.py:273} INFO - 0 downstream tasks scheduled from follow-on schedule check
[2024-10-09 01:00:24,871] {taskinstance.py:1159} INFO - Dependencies all met for <TaskInstance: get_stocks_dag.MSFT scheduled__2024-09-25T00:00:00+00:00 [queued]>
[2024-10-09 01:00:24,881] {taskinstance.py:1159} INFO - Dependencies all met for <TaskInstance: get_stocks_dag.MSFT scheduled__2024-09-25T00:00:00+00:00 [queued]>
[2024-10-09 01:00:24,881] {taskinstance.py:1356} INFO - 
--------------------------------------------------------------------------------
[2024-10-09 01:00:24,881] {taskinstance.py:1357} INFO - Starting attempt 1 of 1
[2024-10-09 01:00:24,881] {taskinstance.py:1358} INFO - 
--------------------------------------------------------------------------------
[2024-10-09 01:00:24,920] {taskinstance.py:1377} INFO - Executing <Task(_PythonDecoratedOperator): MSFT> on 2024-09-25 00:00:00+00:00
[2024-10-09 01:00:24,930] {standard_task_runner.py:52} INFO - Started process 40034 to run task
[2024-10-09 01:00:24,938] {standard_task_runner.py:79} INFO - Running: ['airflow', 'tasks', 'run', 'get_stocks_dag', 'MSFT', 'scheduled__2024-09-25T00:00:00+00:00', '--job-id', '94', '--raw', '--subdir', 'DAGS_FOLDER/get_stocks.py', '--cfg-path', '/tmp/tmpif20l6x1', '--error-file', '/tmp/tmpexfz5im4']
[2024-10-09 01:00:24,939] {standard_task_runner.py:80} INFO - Job 94: Subtask MSFT
[2024-10-09 01:00:25,114] {task_command.py:370} INFO - Running <TaskInstance: get_stocks_dag.MSFT scheduled__2024-09-25T00:00:00+00:00 [running]> on host ken
[2024-10-09 01:00:25,520] {taskinstance.py:1569} INFO - Exporting the following env vars:
AIRFLOW_CTX_DAG_OWNER=airflow
AIRFLOW_CTX_DAG_ID=get_stocks_dag
AIRFLOW_CTX_TASK_ID=MSFT
AIRFLOW_CTX_EXECUTION_DATE=2024-09-25T00:00:00+00:00
AIRFLOW_CTX_TRY_NUMBER=1
AIRFLOW_CTX_DAG_RUN_ID=scheduled__2024-09-25T00:00:00+00:00
[2024-10-09 01:00:29,175] {history.py:244} ERROR - $MSFT: possibly delisted; no price data found  (1h 2024-09-24 -> 2024-09-25)
[2024-10-09 01:00:29,178] {python.py:173} INFO - Done. Returned value was: None
[2024-10-09 01:00:30,167] {taskinstance.py:1395} INFO - Marking task as SUCCESS. dag_id=get_stocks_dag, task_id=MSFT, execution_date=20240925T000000, start_date=20241009T040024, end_date=20241009T040030
[2024-10-09 01:00:30,238] {local_task_job.py:156} INFO - Task exited with return code 0
[2024-10-09 01:00:30,310] {local_task_job.py:273} INFO - 0 downstream tasks scheduled from follow-on schedule check
[2024-10-09 09:34:07,771] {taskinstance.py:1159} INFO - Dependencies all met for <TaskInstance: get_stocks_dag.MSFT scheduled__2024-09-25T00:00:00+00:00 [queued]>
[2024-10-09 09:34:07,901] {taskinstance.py:1159} INFO - Dependencies all met for <TaskInstance: get_stocks_dag.MSFT scheduled__2024-09-25T00:00:00+00:00 [queued]>
[2024-10-09 09:34:07,901] {taskinstance.py:1356} INFO - 
--------------------------------------------------------------------------------
[2024-10-09 09:34:07,901] {taskinstance.py:1357} INFO - Starting attempt 1 of 1
[2024-10-09 09:34:07,901] {taskinstance.py:1358} INFO - 
--------------------------------------------------------------------------------
[2024-10-09 09:34:08,390] {taskinstance.py:1377} INFO - Executing <Task(_PythonDecoratedOperator): MSFT> on 2024-09-25 00:00:00+00:00
[2024-10-09 09:34:08,404] {standard_task_runner.py:52} INFO - Started process 14684 to run task
[2024-10-09 09:34:08,411] {standard_task_runner.py:79} INFO - Running: ['airflow', 'tasks', 'run', 'get_stocks_dag', 'MSFT', 'scheduled__2024-09-25T00:00:00+00:00', '--job-id', '159', '--raw', '--subdir', 'DAGS_FOLDER/get_stocks.py', '--cfg-path', '/tmp/tmp5foq1j2c', '--error-file', '/tmp/tmpm2lo4t0x']
[2024-10-09 09:34:08,414] {standard_task_runner.py:80} INFO - Job 159: Subtask MSFT
[2024-10-09 09:34:09,211] {task_command.py:370} INFO - Running <TaskInstance: get_stocks_dag.MSFT scheduled__2024-09-25T00:00:00+00:00 [running]> on host ken
[2024-10-09 09:34:09,826] {taskinstance.py:1569} INFO - Exporting the following env vars:
AIRFLOW_CTX_DAG_OWNER=airflow
AIRFLOW_CTX_DAG_ID=get_stocks_dag
AIRFLOW_CTX_TASK_ID=MSFT
AIRFLOW_CTX_EXECUTION_DATE=2024-09-25T00:00:00+00:00
AIRFLOW_CTX_TRY_NUMBER=1
AIRFLOW_CTX_DAG_RUN_ID=scheduled__2024-09-25T00:00:00+00:00
[2024-10-09 09:34:10,230] {python.py:173} INFO - Done. Returned value was: None
[2024-10-09 09:34:10,254] {taskinstance.py:1395} INFO - Marking task as SUCCESS. dag_id=get_stocks_dag, task_id=MSFT, execution_date=20240925T000000, start_date=20241009T123407, end_date=20241009T123410
[2024-10-09 09:34:10,353] {local_task_job.py:156} INFO - Task exited with return code 0
[2024-10-09 09:34:10,681] {local_task_job.py:273} INFO - 0 downstream tasks scheduled from follow-on schedule check
[2024-10-09 09:43:32,466] {taskinstance.py:1159} INFO - Dependencies all met for <TaskInstance: get_stocks_dag.MSFT scheduled__2024-09-25T00:00:00+00:00 [queued]>
[2024-10-09 09:43:32,487] {taskinstance.py:1159} INFO - Dependencies all met for <TaskInstance: get_stocks_dag.MSFT scheduled__2024-09-25T00:00:00+00:00 [queued]>
[2024-10-09 09:43:32,487] {taskinstance.py:1356} INFO - 
--------------------------------------------------------------------------------
[2024-10-09 09:43:32,488] {taskinstance.py:1357} INFO - Starting attempt 1 of 1
[2024-10-09 09:43:32,488] {taskinstance.py:1358} INFO - 
--------------------------------------------------------------------------------
[2024-10-09 09:43:33,718] {taskinstance.py:1377} INFO - Executing <Task(_PythonDecoratedOperator): MSFT> on 2024-09-25 00:00:00+00:00
[2024-10-09 09:43:33,732] {standard_task_runner.py:52} INFO - Started process 22330 to run task
[2024-10-09 09:43:33,741] {standard_task_runner.py:79} INFO - Running: ['airflow', 'tasks', 'run', 'get_stocks_dag', 'MSFT', 'scheduled__2024-09-25T00:00:00+00:00', '--job-id', '223', '--raw', '--subdir', 'DAGS_FOLDER/get_stocks.py', '--cfg-path', '/tmp/tmp9lu1kq4h', '--error-file', '/tmp/tmpzfxhvh_i']
[2024-10-09 09:43:33,744] {standard_task_runner.py:80} INFO - Job 223: Subtask MSFT
[2024-10-09 09:43:34,402] {task_command.py:370} INFO - Running <TaskInstance: get_stocks_dag.MSFT scheduled__2024-09-25T00:00:00+00:00 [running]> on host ken
[2024-10-09 09:43:34,769] {taskinstance.py:1569} INFO - Exporting the following env vars:
AIRFLOW_CTX_DAG_OWNER=airflow
AIRFLOW_CTX_DAG_ID=get_stocks_dag
AIRFLOW_CTX_TASK_ID=MSFT
AIRFLOW_CTX_EXECUTION_DATE=2024-09-25T00:00:00+00:00
AIRFLOW_CTX_TRY_NUMBER=1
AIRFLOW_CTX_DAG_RUN_ID=scheduled__2024-09-25T00:00:00+00:00
[2024-10-09 09:43:35,790] {python.py:173} INFO - Done. Returned value was: None
[2024-10-09 09:43:36,974] {taskinstance.py:1395} INFO - Marking task as SUCCESS. dag_id=get_stocks_dag, task_id=MSFT, execution_date=20240925T000000, start_date=20241009T124332, end_date=20241009T124336
[2024-10-09 09:43:37,809] {local_task_job.py:156} INFO - Task exited with return code 0
[2024-10-09 09:43:38,434] {local_task_job.py:273} INFO - 0 downstream tasks scheduled from follow-on schedule check
[2024-10-09 09:47:38,397] {taskinstance.py:1159} INFO - Dependencies all met for <TaskInstance: get_stocks_dag.MSFT scheduled__2024-09-25T00:00:00+00:00 [queued]>
[2024-10-09 09:47:38,417] {taskinstance.py:1159} INFO - Dependencies all met for <TaskInstance: get_stocks_dag.MSFT scheduled__2024-09-25T00:00:00+00:00 [queued]>
[2024-10-09 09:47:38,417] {taskinstance.py:1356} INFO - 
--------------------------------------------------------------------------------
[2024-10-09 09:47:38,417] {taskinstance.py:1357} INFO - Starting attempt 1 of 1
[2024-10-09 09:47:38,417] {taskinstance.py:1358} INFO - 
--------------------------------------------------------------------------------
[2024-10-09 09:47:39,404] {taskinstance.py:1377} INFO - Executing <Task(_PythonDecoratedOperator): MSFT> on 2024-09-25 00:00:00+00:00
[2024-10-09 09:47:39,423] {standard_task_runner.py:52} INFO - Started process 28732 to run task
[2024-10-09 09:47:39,435] {standard_task_runner.py:79} INFO - Running: ['airflow', 'tasks', 'run', 'get_stocks_dag', 'MSFT', 'scheduled__2024-09-25T00:00:00+00:00', '--job-id', '287', '--raw', '--subdir', 'DAGS_FOLDER/get_stocks.py', '--cfg-path', '/tmp/tmptz3ttzkx', '--error-file', '/tmp/tmpoy3qoj8s']
[2024-10-09 09:47:39,438] {standard_task_runner.py:80} INFO - Job 287: Subtask MSFT
[2024-10-09 09:47:40,166] {task_command.py:370} INFO - Running <TaskInstance: get_stocks_dag.MSFT scheduled__2024-09-25T00:00:00+00:00 [running]> on host ken
[2024-10-09 09:47:41,867] {taskinstance.py:1569} INFO - Exporting the following env vars:
AIRFLOW_CTX_DAG_OWNER=airflow
AIRFLOW_CTX_DAG_ID=get_stocks_dag
AIRFLOW_CTX_TASK_ID=MSFT
AIRFLOW_CTX_EXECUTION_DATE=2024-09-25T00:00:00+00:00
AIRFLOW_CTX_TRY_NUMBER=1
AIRFLOW_CTX_DAG_RUN_ID=scheduled__2024-09-25T00:00:00+00:00
[2024-10-09 09:47:42,824] {python.py:173} INFO - Done. Returned value was: None
[2024-10-09 09:47:42,858] {taskinstance.py:1395} INFO - Marking task as SUCCESS. dag_id=get_stocks_dag, task_id=MSFT, execution_date=20240925T000000, start_date=20241009T124738, end_date=20241009T124742
[2024-10-09 09:47:43,830] {local_task_job.py:156} INFO - Task exited with return code 0
[2024-10-09 09:47:44,132] {local_task_job.py:273} INFO - 0 downstream tasks scheduled from follow-on schedule check
[2024-10-09 10:37:06,447] {taskinstance.py:1159} INFO - Dependencies all met for <TaskInstance: get_stocks_dag.MSFT scheduled__2024-09-25T00:00:00+00:00 [queued]>
[2024-10-09 10:37:06,488] {taskinstance.py:1159} INFO - Dependencies all met for <TaskInstance: get_stocks_dag.MSFT scheduled__2024-09-25T00:00:00+00:00 [queued]>
[2024-10-09 10:37:06,488] {taskinstance.py:1356} INFO - 
--------------------------------------------------------------------------------
[2024-10-09 10:37:06,488] {taskinstance.py:1357} INFO - Starting attempt 1 of 1
[2024-10-09 10:37:06,489] {taskinstance.py:1358} INFO - 
--------------------------------------------------------------------------------
[2024-10-09 10:37:06,564] {taskinstance.py:1377} INFO - Executing <Task(_PythonDecoratedOperator): MSFT> on 2024-09-25 00:00:00+00:00
[2024-10-09 10:37:06,576] {standard_task_runner.py:52} INFO - Started process 62760 to run task
[2024-10-09 10:37:06,584] {standard_task_runner.py:79} INFO - Running: ['airflow', 'tasks', 'run', 'get_stocks_dag', 'MSFT', 'scheduled__2024-09-25T00:00:00+00:00', '--job-id', '413', '--raw', '--subdir', 'DAGS_FOLDER/get_stocks.py', '--cfg-path', '/tmp/tmpu0vk2c6n', '--error-file', '/tmp/tmp4or6hdxk']
[2024-10-09 10:37:06,586] {standard_task_runner.py:80} INFO - Job 413: Subtask MSFT
[2024-10-09 10:37:06,947] {task_command.py:370} INFO - Running <TaskInstance: get_stocks_dag.MSFT scheduled__2024-09-25T00:00:00+00:00 [running]> on host ken
[2024-10-09 10:37:07,114] {taskinstance.py:1569} INFO - Exporting the following env vars:
AIRFLOW_CTX_DAG_OWNER=airflow
AIRFLOW_CTX_DAG_ID=get_stocks_dag
AIRFLOW_CTX_TASK_ID=MSFT
AIRFLOW_CTX_EXECUTION_DATE=2024-09-25T00:00:00+00:00
AIRFLOW_CTX_TRY_NUMBER=1
AIRFLOW_CTX_DAG_RUN_ID=scheduled__2024-09-25T00:00:00+00:00
[2024-10-09 10:37:17,704] {python.py:173} INFO - Done. Returned value was: None
[2024-10-09 10:37:17,750] {taskinstance.py:1395} INFO - Marking task as SUCCESS. dag_id=get_stocks_dag, task_id=MSFT, execution_date=20240925T000000, start_date=20241009T133706, end_date=20241009T133717
[2024-10-09 10:37:17,828] {local_task_job.py:156} INFO - Task exited with return code 0
[2024-10-09 10:37:19,453] {local_task_job.py:273} INFO - 0 downstream tasks scheduled from follow-on schedule check
