[2024-10-09 10:30:23,859] {taskinstance.py:1159} INFO - Dependencies all met for <TaskInstance: get_crypto_dag.ETH scheduled__2024-09-17T00:00:00+00:00 [queued]>
[2024-10-09 10:30:23,876] {taskinstance.py:1159} INFO - Dependencies all met for <TaskInstance: get_crypto_dag.ETH scheduled__2024-09-17T00:00:00+00:00 [queued]>
[2024-10-09 10:30:23,876] {taskinstance.py:1356} INFO - 
--------------------------------------------------------------------------------
[2024-10-09 10:30:23,876] {taskinstance.py:1357} INFO - Starting attempt 1 of 1
[2024-10-09 10:30:23,876] {taskinstance.py:1358} INFO - 
--------------------------------------------------------------------------------
[2024-10-09 10:30:23,907] {taskinstance.py:1377} INFO - Executing <Task(_PythonDecoratedOperator): ETH> on 2024-09-17 00:00:00+00:00
[2024-10-09 10:30:23,915] {standard_task_runner.py:52} INFO - Started process 53158 to run task
[2024-10-09 10:30:23,923] {standard_task_runner.py:79} INFO - Running: ['airflow', 'tasks', 'run', 'get_crypto_dag', 'ETH', 'scheduled__2024-09-17T00:00:00+00:00', '--job-id', '359', '--raw', '--subdir', 'DAGS_FOLDER/get_crypto.py', '--cfg-path', '/tmp/tmpl17sl9lh', '--error-file', '/tmp/tmpcbvdi3e4']
[2024-10-09 10:30:23,925] {standard_task_runner.py:80} INFO - Job 359: Subtask ETH
[2024-10-09 10:30:24,298] {task_command.py:370} INFO - Running <TaskInstance: get_crypto_dag.ETH scheduled__2024-09-17T00:00:00+00:00 [running]> on host ken
[2024-10-09 10:30:24,490] {taskinstance.py:1569} INFO - Exporting the following env vars:
AIRFLOW_CTX_DAG_OWNER=airflow
AIRFLOW_CTX_DAG_ID=get_crypto_dag
AIRFLOW_CTX_TASK_ID=ETH
AIRFLOW_CTX_EXECUTION_DATE=2024-09-17T00:00:00+00:00
AIRFLOW_CTX_TRY_NUMBER=1
AIRFLOW_CTX_DAG_RUN_ID=scheduled__2024-09-17T00:00:00+00:00
[2024-10-09 10:30:35,068] {python.py:173} INFO - Done. Returned value was: None
[2024-10-09 10:30:35,093] {taskinstance.py:1395} INFO - Marking task as SUCCESS. dag_id=get_crypto_dag, task_id=ETH, execution_date=20240917T000000, start_date=20241009T133023, end_date=20241009T133035
[2024-10-09 10:30:35,150] {local_task_job.py:156} INFO - Task exited with return code 0
[2024-10-09 10:30:35,586] {local_task_job.py:273} INFO - 0 downstream tasks scheduled from follow-on schedule check
