[2024-10-08 16:58:25,456] {taskinstance.py:1159} INFO - Dependencies all met for <TaskInstance: get_stocks_dag.MSFT scheduled__2022-01-11T00:00:00+00:00 [queued]>
[2024-10-08 16:58:25,460] {taskinstance.py:1159} INFO - Dependencies all met for <TaskInstance: get_stocks_dag.MSFT scheduled__2022-01-11T00:00:00+00:00 [queued]>
[2024-10-08 16:58:25,460] {taskinstance.py:1356} INFO - 
--------------------------------------------------------------------------------
[2024-10-08 16:58:25,461] {taskinstance.py:1357} INFO - Starting attempt 1 of 1
[2024-10-08 16:58:25,461] {taskinstance.py:1358} INFO - 
--------------------------------------------------------------------------------
[2024-10-08 16:58:27,806] {taskinstance.py:1377} INFO - Executing <Task(_PythonDecoratedOperator): MSFT> on 2022-01-11 00:00:00+00:00
[2024-10-08 16:58:27,812] {standard_task_runner.py:52} INFO - Started process 23406 to run task
[2024-10-08 16:58:27,817] {standard_task_runner.py:79} INFO - Running: ['airflow', 'tasks', 'run', 'get_stocks_dag', 'MSFT', 'scheduled__2022-01-11T00:00:00+00:00', '--job-id', '48', '--raw', '--subdir', 'DAGS_FOLDER/get_stocks.py', '--cfg-path', '/tmp/tmpjkfquju9', '--error-file', '/tmp/tmph2c7ujep']
[2024-10-08 16:58:27,817] {standard_task_runner.py:80} INFO - Job 48: Subtask MSFT
[2024-10-08 16:58:27,989] {task_command.py:370} INFO - Running <TaskInstance: get_stocks_dag.MSFT scheduled__2022-01-11T00:00:00+00:00 [running]> on host ken
[2024-10-08 16:58:28,194] {taskinstance.py:1569} INFO - Exporting the following env vars:
AIRFLOW_CTX_DAG_OWNER=airflow
AIRFLOW_CTX_DAG_ID=get_stocks_dag
AIRFLOW_CTX_TASK_ID=MSFT
AIRFLOW_CTX_EXECUTION_DATE=2022-01-11T00:00:00+00:00
AIRFLOW_CTX_TRY_NUMBER=1
AIRFLOW_CTX_DAG_RUN_ID=scheduled__2022-01-11T00:00:00+00:00
[2024-10-08 16:58:32,537] {history.py:244} ERROR - $MSFT: possibly delisted; no price data found  (1h 2022-01-10 -> 2022-01-11) (Yahoo error = "1h data not available for startTime=1641790800 and endTime=1641877200. The requested range must be within the last 730 days.")
[2024-10-08 16:58:32,539] {python.py:173} INFO - Done. Returned value was: None
[2024-10-08 16:58:33,779] {taskinstance.py:1395} INFO - Marking task as SUCCESS. dag_id=get_stocks_dag, task_id=MSFT, execution_date=20220111T000000, start_date=20241008T195825, end_date=20241008T195833
[2024-10-08 16:58:34,329] {local_task_job.py:156} INFO - Task exited with return code 0
[2024-10-08 16:58:34,342] {local_task_job.py:273} INFO - 0 downstream tasks scheduled from follow-on schedule check
