[2024-10-09 10:36:50,562] {taskinstance.py:1159} INFO - Dependencies all met for <TaskInstance: get_crypto_dag.BTC scheduled__2024-09-25T00:00:00+00:00 [queued]>
[2024-10-09 10:36:50,589] {taskinstance.py:1159} INFO - Dependencies all met for <TaskInstance: get_crypto_dag.BTC scheduled__2024-09-25T00:00:00+00:00 [queued]>
[2024-10-09 10:36:50,589] {taskinstance.py:1356} INFO - 
--------------------------------------------------------------------------------
[2024-10-09 10:36:50,590] {taskinstance.py:1357} INFO - Starting attempt 1 of 1
[2024-10-09 10:36:50,590] {taskinstance.py:1358} INFO - 
--------------------------------------------------------------------------------
[2024-10-09 10:36:50,646] {taskinstance.py:1377} INFO - Executing <Task(_PythonDecoratedOperator): BTC> on 2024-09-25 00:00:00+00:00
[2024-10-09 10:36:50,662] {standard_task_runner.py:52} INFO - Started process 62377 to run task
[2024-10-09 10:36:50,674] {standard_task_runner.py:79} INFO - Running: ['airflow', 'tasks', 'run', 'get_crypto_dag', 'BTC', 'scheduled__2024-09-25T00:00:00+00:00', '--job-id', '411', '--raw', '--subdir', 'DAGS_FOLDER/get_crypto.py', '--cfg-path', '/tmp/tmppglnmwb7', '--error-file', '/tmp/tmpszpw7vqj']
[2024-10-09 10:36:50,678] {standard_task_runner.py:80} INFO - Job 411: Subtask BTC
[2024-10-09 10:36:51,434] {task_command.py:370} INFO - Running <TaskInstance: get_crypto_dag.BTC scheduled__2024-09-25T00:00:00+00:00 [running]> on host ken
[2024-10-09 10:36:51,968] {taskinstance.py:1569} INFO - Exporting the following env vars:
AIRFLOW_CTX_DAG_OWNER=airflow
AIRFLOW_CTX_DAG_ID=get_crypto_dag
AIRFLOW_CTX_TASK_ID=BTC
AIRFLOW_CTX_EXECUTION_DATE=2024-09-25T00:00:00+00:00
AIRFLOW_CTX_TRY_NUMBER=1
AIRFLOW_CTX_DAG_RUN_ID=scheduled__2024-09-25T00:00:00+00:00
[2024-10-09 10:37:02,559] {python.py:173} INFO - Done. Returned value was: None
[2024-10-09 10:37:02,611] {taskinstance.py:1395} INFO - Marking task as SUCCESS. dag_id=get_crypto_dag, task_id=BTC, execution_date=20240925T000000, start_date=20241009T133650, end_date=20241009T133702
[2024-10-09 10:37:03,020] {local_task_job.py:156} INFO - Task exited with return code 0
[2024-10-09 10:37:03,295] {local_task_job.py:273} INFO - 0 downstream tasks scheduled from follow-on schedule check
