[2024-10-09 10:46:53,345] {taskinstance.py:1159} INFO - Dependencies all met for <TaskInstance: get_crypto_dag.ETH scheduled__2024-10-05T00:00:00+00:00 [queued]>
[2024-10-09 10:46:53,371] {taskinstance.py:1159} INFO - Dependencies all met for <TaskInstance: get_crypto_dag.ETH scheduled__2024-10-05T00:00:00+00:00 [queued]>
[2024-10-09 10:46:53,371] {taskinstance.py:1356} INFO - 
--------------------------------------------------------------------------------
[2024-10-09 10:46:53,372] {taskinstance.py:1357} INFO - Starting attempt 1 of 1
[2024-10-09 10:46:53,372] {taskinstance.py:1358} INFO - 
--------------------------------------------------------------------------------
[2024-10-09 10:46:53,803] {taskinstance.py:1377} INFO - Executing <Task(_PythonDecoratedOperator): ETH> on 2024-10-05 00:00:00+00:00
[2024-10-09 10:46:53,819] {standard_task_runner.py:52} INFO - Started process 76685 to run task
[2024-10-09 10:46:53,832] {standard_task_runner.py:79} INFO - Running: ['airflow', 'tasks', 'run', 'get_crypto_dag', 'ETH', 'scheduled__2024-10-05T00:00:00+00:00', '--job-id', '488', '--raw', '--subdir', 'DAGS_FOLDER/get_crypto.py', '--cfg-path', '/tmp/tmpyl5rox8b', '--error-file', '/tmp/tmpfxwfvke6']
[2024-10-09 10:46:53,835] {standard_task_runner.py:80} INFO - Job 488: Subtask ETH
[2024-10-09 10:46:54,230] {task_command.py:370} INFO - Running <TaskInstance: get_crypto_dag.ETH scheduled__2024-10-05T00:00:00+00:00 [running]> on host ken
[2024-10-09 10:46:54,446] {taskinstance.py:1569} INFO - Exporting the following env vars:
AIRFLOW_CTX_DAG_OWNER=airflow
AIRFLOW_CTX_DAG_ID=get_crypto_dag
AIRFLOW_CTX_TASK_ID=ETH
AIRFLOW_CTX_EXECUTION_DATE=2024-10-05T00:00:00+00:00
AIRFLOW_CTX_TRY_NUMBER=1
AIRFLOW_CTX_DAG_RUN_ID=scheduled__2024-10-05T00:00:00+00:00
[2024-10-09 10:47:05,132] {python.py:173} INFO - Done. Returned value was: None
[2024-10-09 10:47:05,158] {taskinstance.py:1395} INFO - Marking task as SUCCESS. dag_id=get_crypto_dag, task_id=ETH, execution_date=20241005T000000, start_date=20241009T134653, end_date=20241009T134705
[2024-10-09 10:47:05,226] {local_task_job.py:156} INFO - Task exited with return code 0
[2024-10-09 10:47:05,460] {local_task_job.py:273} INFO - 0 downstream tasks scheduled from follow-on schedule check
