[2024-10-08 17:05:03,045] {taskinstance.py:1159} INFO - Dependencies all met for <TaskInstance: get_stocks_dag.GOOG scheduled__2022-01-21T00:00:00+00:00 [queued]>
[2024-10-08 17:05:03,051] {taskinstance.py:1159} INFO - Dependencies all met for <TaskInstance: get_stocks_dag.GOOG scheduled__2022-01-21T00:00:00+00:00 [queued]>
[2024-10-08 17:05:03,051] {taskinstance.py:1356} INFO - 
--------------------------------------------------------------------------------
[2024-10-08 17:05:03,051] {taskinstance.py:1357} INFO - Starting attempt 1 of 1
[2024-10-08 17:05:03,051] {taskinstance.py:1358} INFO - 
--------------------------------------------------------------------------------
[2024-10-08 17:05:03,171] {taskinstance.py:1377} INFO - Executing <Task(_PythonDecoratedOperator): GOOG> on 2022-01-21 00:00:00+00:00
[2024-10-08 17:05:03,178] {standard_task_runner.py:52} INFO - Started process 27924 to run task
[2024-10-08 17:05:03,181] {standard_task_runner.py:79} INFO - Running: ['airflow', 'tasks', 'run', 'get_stocks_dag', 'GOOG', 'scheduled__2022-01-21T00:00:00+00:00', '--job-id', '81', '--raw', '--subdir', 'DAGS_FOLDER/get_stocks.py', '--cfg-path', '/tmp/tmpldiijye_', '--error-file', '/tmp/tmpkwdjo51h']
[2024-10-08 17:05:03,182] {standard_task_runner.py:80} INFO - Job 81: Subtask GOOG
[2024-10-08 17:05:03,343] {task_command.py:370} INFO - Running <TaskInstance: get_stocks_dag.GOOG scheduled__2022-01-21T00:00:00+00:00 [running]> on host ken
[2024-10-08 17:05:03,604] {taskinstance.py:1569} INFO - Exporting the following env vars:
AIRFLOW_CTX_DAG_OWNER=airflow
AIRFLOW_CTX_DAG_ID=get_stocks_dag
AIRFLOW_CTX_TASK_ID=GOOG
AIRFLOW_CTX_EXECUTION_DATE=2022-01-21T00:00:00+00:00
AIRFLOW_CTX_TRY_NUMBER=1
AIRFLOW_CTX_DAG_RUN_ID=scheduled__2022-01-21T00:00:00+00:00
[2024-10-08 17:05:07,630] {history.py:244} ERROR - $GOOG: possibly delisted; no price data found  (1h 2022-01-20 -> 2022-01-21) (Yahoo error = "1h data not available for startTime=1642654800 and endTime=1642741200. The requested range must be within the last 730 days.")
[2024-10-08 17:05:07,638] {python.py:173} INFO - Done. Returned value was: None
[2024-10-08 17:05:07,653] {taskinstance.py:1395} INFO - Marking task as SUCCESS. dag_id=get_stocks_dag, task_id=GOOG, execution_date=20220121T000000, start_date=20241008T200503, end_date=20241008T200507
[2024-10-08 17:05:08,275] {local_task_job.py:156} INFO - Task exited with return code 0
[2024-10-08 17:05:08,284] {local_task_job.py:273} INFO - 0 downstream tasks scheduled from follow-on schedule check
