[2024-10-08 17:17:30,290] {taskinstance.py:1159} INFO - Dependencies all met for <TaskInstance: get_stocks_dag.AAPL scheduled__2024-09-21T00:00:00+00:00 [queued]>
[2024-10-08 17:17:30,297] {taskinstance.py:1159} INFO - Dependencies all met for <TaskInstance: get_stocks_dag.AAPL scheduled__2024-09-21T00:00:00+00:00 [queued]>
[2024-10-08 17:17:30,298] {taskinstance.py:1356} INFO - 
--------------------------------------------------------------------------------
[2024-10-08 17:17:30,298] {taskinstance.py:1357} INFO - Starting attempt 1 of 1
[2024-10-08 17:17:30,298] {taskinstance.py:1358} INFO - 
--------------------------------------------------------------------------------
[2024-10-08 17:17:30,446] {taskinstance.py:1377} INFO - Executing <Task(_PythonDecoratedOperator): AAPL> on 2024-09-21 00:00:00+00:00
[2024-10-08 17:17:30,454] {standard_task_runner.py:52} INFO - Started process 36208 to run task
[2024-10-08 17:17:30,459] {standard_task_runner.py:79} INFO - Running: ['airflow', 'tasks', 'run', 'get_stocks_dag', 'AAPL', 'scheduled__2024-09-21T00:00:00+00:00', '--job-id', '154', '--raw', '--subdir', 'DAGS_FOLDER/get_stocks.py', '--cfg-path', '/tmp/tmpsv93px2u', '--error-file', '/tmp/tmp4j_gfv_x']
[2024-10-08 17:17:30,460] {standard_task_runner.py:80} INFO - Job 154: Subtask AAPL
[2024-10-08 17:17:31,601] {task_command.py:370} INFO - Running <TaskInstance: get_stocks_dag.AAPL scheduled__2024-09-21T00:00:00+00:00 [running]> on host ken
[2024-10-08 17:17:33,215] {taskinstance.py:1569} INFO - Exporting the following env vars:
AIRFLOW_CTX_DAG_OWNER=airflow
AIRFLOW_CTX_DAG_ID=get_stocks_dag
AIRFLOW_CTX_TASK_ID=AAPL
AIRFLOW_CTX_EXECUTION_DATE=2024-09-21T00:00:00+00:00
AIRFLOW_CTX_TRY_NUMBER=1
AIRFLOW_CTX_DAG_RUN_ID=scheduled__2024-09-21T00:00:00+00:00
[2024-10-08 17:17:33,816] {python.py:173} INFO - Done. Returned value was: None
[2024-10-08 17:17:33,822] {taskinstance.py:1395} INFO - Marking task as SUCCESS. dag_id=get_stocks_dag, task_id=AAPL, execution_date=20240921T000000, start_date=20241008T201730, end_date=20241008T201733
[2024-10-08 17:17:34,891] {local_task_job.py:156} INFO - Task exited with return code 0
[2024-10-08 17:17:34,911] {local_task_job.py:273} INFO - 0 downstream tasks scheduled from follow-on schedule check
[2024-10-08 23:21:36,193] {taskinstance.py:1159} INFO - Dependencies all met for <TaskInstance: get_stocks_dag.AAPL scheduled__2024-09-21T00:00:00+00:00 [queued]>
[2024-10-08 23:21:36,401] {taskinstance.py:1159} INFO - Dependencies all met for <TaskInstance: get_stocks_dag.AAPL scheduled__2024-09-21T00:00:00+00:00 [queued]>
[2024-10-08 23:21:36,402] {taskinstance.py:1356} INFO - 
--------------------------------------------------------------------------------
[2024-10-08 23:21:36,402] {taskinstance.py:1357} INFO - Starting attempt 1 of 1
[2024-10-08 23:21:36,402] {taskinstance.py:1358} INFO - 
--------------------------------------------------------------------------------
[2024-10-08 23:21:36,612] {taskinstance.py:1377} INFO - Executing <Task(_PythonDecoratedOperator): AAPL> on 2024-09-21 00:00:00+00:00
[2024-10-08 23:21:36,658] {standard_task_runner.py:52} INFO - Started process 21623 to run task
[2024-10-08 23:21:36,672] {standard_task_runner.py:79} INFO - Running: ['airflow', 'tasks', 'run', 'get_stocks_dag', 'AAPL', 'scheduled__2024-09-21T00:00:00+00:00', '--job-id', '21', '--raw', '--subdir', 'DAGS_FOLDER/get_stocks.py', '--cfg-path', '/tmp/tmp2bzjgpbn', '--error-file', '/tmp/tmpe9s1yiro']
[2024-10-08 23:21:36,678] {standard_task_runner.py:80} INFO - Job 21: Subtask AAPL
[2024-10-08 23:21:37,030] {task_command.py:370} INFO - Running <TaskInstance: get_stocks_dag.AAPL scheduled__2024-09-21T00:00:00+00:00 [running]> on host ken
[2024-10-08 23:21:37,975] {taskinstance.py:1569} INFO - Exporting the following env vars:
AIRFLOW_CTX_DAG_OWNER=airflow
AIRFLOW_CTX_DAG_ID=get_stocks_dag
AIRFLOW_CTX_TASK_ID=AAPL
AIRFLOW_CTX_EXECUTION_DATE=2024-09-21T00:00:00+00:00
AIRFLOW_CTX_TRY_NUMBER=1
AIRFLOW_CTX_DAG_RUN_ID=scheduled__2024-09-21T00:00:00+00:00
[2024-10-08 23:21:41,290] {history.py:244} ERROR - $AAPL: possibly delisted; no price data found  (1h 2024-09-20 -> 2024-09-21)
[2024-10-08 23:21:41,323] {python.py:173} INFO - Done. Returned value was: None
[2024-10-08 23:21:41,443] {taskinstance.py:1395} INFO - Marking task as SUCCESS. dag_id=get_stocks_dag, task_id=AAPL, execution_date=20240921T000000, start_date=20241009T022136, end_date=20241009T022141
[2024-10-08 23:21:41,965] {local_task_job.py:156} INFO - Task exited with return code 0
[2024-10-08 23:21:42,233] {local_task_job.py:273} INFO - 0 downstream tasks scheduled from follow-on schedule check
[2024-10-09 00:59:44,545] {taskinstance.py:1159} INFO - Dependencies all met for <TaskInstance: get_stocks_dag.AAPL scheduled__2024-09-21T00:00:00+00:00 [queued]>
[2024-10-09 00:59:44,565] {taskinstance.py:1159} INFO - Dependencies all met for <TaskInstance: get_stocks_dag.AAPL scheduled__2024-09-21T00:00:00+00:00 [queued]>
[2024-10-09 00:59:44,566] {taskinstance.py:1356} INFO - 
--------------------------------------------------------------------------------
[2024-10-09 00:59:44,566] {taskinstance.py:1357} INFO - Starting attempt 1 of 1
[2024-10-09 00:59:44,566] {taskinstance.py:1358} INFO - 
--------------------------------------------------------------------------------
[2024-10-09 00:59:44,649] {taskinstance.py:1377} INFO - Executing <Task(_PythonDecoratedOperator): AAPL> on 2024-09-21 00:00:00+00:00
[2024-10-09 00:59:44,663] {standard_task_runner.py:52} INFO - Started process 38128 to run task
[2024-10-09 00:59:44,672] {standard_task_runner.py:79} INFO - Running: ['airflow', 'tasks', 'run', 'get_stocks_dag', 'AAPL', 'scheduled__2024-09-21T00:00:00+00:00', '--job-id', '85', '--raw', '--subdir', 'DAGS_FOLDER/get_stocks.py', '--cfg-path', '/tmp/tmpvbxt_9od', '--error-file', '/tmp/tmpl3xf654_']
[2024-10-09 00:59:44,675] {standard_task_runner.py:80} INFO - Job 85: Subtask AAPL
[2024-10-09 00:59:44,816] {task_command.py:370} INFO - Running <TaskInstance: get_stocks_dag.AAPL scheduled__2024-09-21T00:00:00+00:00 [running]> on host ken
[2024-10-09 00:59:44,945] {taskinstance.py:1569} INFO - Exporting the following env vars:
AIRFLOW_CTX_DAG_OWNER=airflow
AIRFLOW_CTX_DAG_ID=get_stocks_dag
AIRFLOW_CTX_TASK_ID=AAPL
AIRFLOW_CTX_EXECUTION_DATE=2024-09-21T00:00:00+00:00
AIRFLOW_CTX_TRY_NUMBER=1
AIRFLOW_CTX_DAG_RUN_ID=scheduled__2024-09-21T00:00:00+00:00
[2024-10-09 00:59:55,230] {history.py:244} ERROR - $AAPL: possibly delisted; no price data found  (1h 2024-09-20 -> 2024-09-21)
[2024-10-09 00:59:55,237] {python.py:173} INFO - Done. Returned value was: None
[2024-10-09 00:59:55,264] {taskinstance.py:1395} INFO - Marking task as SUCCESS. dag_id=get_stocks_dag, task_id=AAPL, execution_date=20240921T000000, start_date=20241009T035944, end_date=20241009T035955
[2024-10-09 00:59:55,329] {local_task_job.py:156} INFO - Task exited with return code 0
[2024-10-09 00:59:55,381] {local_task_job.py:273} INFO - 0 downstream tasks scheduled from follow-on schedule check
[2024-10-09 09:33:47,971] {taskinstance.py:1159} INFO - Dependencies all met for <TaskInstance: get_stocks_dag.AAPL scheduled__2024-09-21T00:00:00+00:00 [queued]>
[2024-10-09 09:33:48,262] {taskinstance.py:1159} INFO - Dependencies all met for <TaskInstance: get_stocks_dag.AAPL scheduled__2024-09-21T00:00:00+00:00 [queued]>
[2024-10-09 09:33:48,263] {taskinstance.py:1356} INFO - 
--------------------------------------------------------------------------------
[2024-10-09 09:33:48,263] {taskinstance.py:1357} INFO - Starting attempt 1 of 1
[2024-10-09 09:33:48,263] {taskinstance.py:1358} INFO - 
--------------------------------------------------------------------------------
[2024-10-09 09:33:48,380] {taskinstance.py:1377} INFO - Executing <Task(_PythonDecoratedOperator): AAPL> on 2024-09-21 00:00:00+00:00
[2024-10-09 09:33:48,386] {standard_task_runner.py:52} INFO - Started process 13950 to run task
[2024-10-09 09:33:48,391] {standard_task_runner.py:79} INFO - Running: ['airflow', 'tasks', 'run', 'get_stocks_dag', 'AAPL', 'scheduled__2024-09-21T00:00:00+00:00', '--job-id', '150', '--raw', '--subdir', 'DAGS_FOLDER/get_stocks.py', '--cfg-path', '/tmp/tmp_zjfckfs', '--error-file', '/tmp/tmpibgezxzg']
[2024-10-09 09:33:48,392] {standard_task_runner.py:80} INFO - Job 150: Subtask AAPL
[2024-10-09 09:33:48,791] {task_command.py:370} INFO - Running <TaskInstance: get_stocks_dag.AAPL scheduled__2024-09-21T00:00:00+00:00 [running]> on host ken
[2024-10-09 09:33:48,961] {taskinstance.py:1569} INFO - Exporting the following env vars:
AIRFLOW_CTX_DAG_OWNER=airflow
AIRFLOW_CTX_DAG_ID=get_stocks_dag
AIRFLOW_CTX_TASK_ID=AAPL
AIRFLOW_CTX_EXECUTION_DATE=2024-09-21T00:00:00+00:00
AIRFLOW_CTX_TRY_NUMBER=1
AIRFLOW_CTX_DAG_RUN_ID=scheduled__2024-09-21T00:00:00+00:00
[2024-10-09 09:33:49,877] {python.py:173} INFO - Done. Returned value was: None
[2024-10-09 09:33:49,905] {taskinstance.py:1395} INFO - Marking task as SUCCESS. dag_id=get_stocks_dag, task_id=AAPL, execution_date=20240921T000000, start_date=20241009T123348, end_date=20241009T123349
[2024-10-09 09:33:50,330] {local_task_job.py:156} INFO - Task exited with return code 0
[2024-10-09 09:33:50,833] {local_task_job.py:273} INFO - 0 downstream tasks scheduled from follow-on schedule check
[2024-10-09 09:43:01,061] {taskinstance.py:1159} INFO - Dependencies all met for <TaskInstance: get_stocks_dag.AAPL scheduled__2024-09-21T00:00:00+00:00 [queued]>
[2024-10-09 09:43:01,100] {taskinstance.py:1159} INFO - Dependencies all met for <TaskInstance: get_stocks_dag.AAPL scheduled__2024-09-21T00:00:00+00:00 [queued]>
[2024-10-09 09:43:01,100] {taskinstance.py:1356} INFO - 
--------------------------------------------------------------------------------
[2024-10-09 09:43:01,101] {taskinstance.py:1357} INFO - Starting attempt 1 of 1
[2024-10-09 09:43:01,101] {taskinstance.py:1358} INFO - 
--------------------------------------------------------------------------------
[2024-10-09 09:43:01,234] {taskinstance.py:1377} INFO - Executing <Task(_PythonDecoratedOperator): AAPL> on 2024-09-21 00:00:00+00:00
[2024-10-09 09:43:01,251] {standard_task_runner.py:52} INFO - Started process 21225 to run task
[2024-10-09 09:43:01,262] {standard_task_runner.py:79} INFO - Running: ['airflow', 'tasks', 'run', 'get_stocks_dag', 'AAPL', 'scheduled__2024-09-21T00:00:00+00:00', '--job-id', '214', '--raw', '--subdir', 'DAGS_FOLDER/get_stocks.py', '--cfg-path', '/tmp/tmpovsuj253', '--error-file', '/tmp/tmpklmbj64l']
[2024-10-09 09:43:01,266] {standard_task_runner.py:80} INFO - Job 214: Subtask AAPL
[2024-10-09 09:43:01,637] {task_command.py:370} INFO - Running <TaskInstance: get_stocks_dag.AAPL scheduled__2024-09-21T00:00:00+00:00 [running]> on host ken
[2024-10-09 09:43:01,771] {taskinstance.py:1569} INFO - Exporting the following env vars:
AIRFLOW_CTX_DAG_OWNER=airflow
AIRFLOW_CTX_DAG_ID=get_stocks_dag
AIRFLOW_CTX_TASK_ID=AAPL
AIRFLOW_CTX_EXECUTION_DATE=2024-09-21T00:00:00+00:00
AIRFLOW_CTX_TRY_NUMBER=1
AIRFLOW_CTX_DAG_RUN_ID=scheduled__2024-09-21T00:00:00+00:00
[2024-10-09 09:43:07,044] {python.py:173} INFO - Done. Returned value was: None
[2024-10-09 09:43:07,108] {taskinstance.py:1395} INFO - Marking task as SUCCESS. dag_id=get_stocks_dag, task_id=AAPL, execution_date=20240921T000000, start_date=20241009T124301, end_date=20241009T124307
[2024-10-09 09:43:07,542] {local_task_job.py:156} INFO - Task exited with return code 0
[2024-10-09 09:43:08,149] {local_task_job.py:273} INFO - 0 downstream tasks scheduled from follow-on schedule check
[2024-10-09 09:47:15,166] {taskinstance.py:1159} INFO - Dependencies all met for <TaskInstance: get_stocks_dag.AAPL scheduled__2024-09-21T00:00:00+00:00 [queued]>
[2024-10-09 09:47:15,209] {taskinstance.py:1159} INFO - Dependencies all met for <TaskInstance: get_stocks_dag.AAPL scheduled__2024-09-21T00:00:00+00:00 [queued]>
[2024-10-09 09:47:15,210] {taskinstance.py:1356} INFO - 
--------------------------------------------------------------------------------
[2024-10-09 09:47:15,210] {taskinstance.py:1357} INFO - Starting attempt 1 of 1
[2024-10-09 09:47:15,210] {taskinstance.py:1358} INFO - 
--------------------------------------------------------------------------------
[2024-10-09 09:47:15,264] {taskinstance.py:1377} INFO - Executing <Task(_PythonDecoratedOperator): AAPL> on 2024-09-21 00:00:00+00:00
[2024-10-09 09:47:15,283] {standard_task_runner.py:52} INFO - Started process 27826 to run task
[2024-10-09 09:47:15,292] {standard_task_runner.py:79} INFO - Running: ['airflow', 'tasks', 'run', 'get_stocks_dag', 'AAPL', 'scheduled__2024-09-21T00:00:00+00:00', '--job-id', '278', '--raw', '--subdir', 'DAGS_FOLDER/get_stocks.py', '--cfg-path', '/tmp/tmpx9pn8_f6', '--error-file', '/tmp/tmp4ku2wf5i']
[2024-10-09 09:47:15,296] {standard_task_runner.py:80} INFO - Job 278: Subtask AAPL
[2024-10-09 09:47:15,678] {task_command.py:370} INFO - Running <TaskInstance: get_stocks_dag.AAPL scheduled__2024-09-21T00:00:00+00:00 [running]> on host ken
[2024-10-09 09:47:15,877] {taskinstance.py:1569} INFO - Exporting the following env vars:
AIRFLOW_CTX_DAG_OWNER=airflow
AIRFLOW_CTX_DAG_ID=get_stocks_dag
AIRFLOW_CTX_TASK_ID=AAPL
AIRFLOW_CTX_EXECUTION_DATE=2024-09-21T00:00:00+00:00
AIRFLOW_CTX_TRY_NUMBER=1
AIRFLOW_CTX_DAG_RUN_ID=scheduled__2024-09-21T00:00:00+00:00
[2024-10-09 09:47:17,120] {python.py:173} INFO - Done. Returned value was: None
[2024-10-09 09:47:17,154] {taskinstance.py:1395} INFO - Marking task as SUCCESS. dag_id=get_stocks_dag, task_id=AAPL, execution_date=20240921T000000, start_date=20241009T124715, end_date=20241009T124717
[2024-10-09 09:47:17,238] {local_task_job.py:156} INFO - Task exited with return code 0
[2024-10-09 09:47:17,330] {local_task_job.py:273} INFO - 0 downstream tasks scheduled from follow-on schedule check
[2024-10-09 10:34:23,366] {taskinstance.py:1159} INFO - Dependencies all met for <TaskInstance: get_stocks_dag.AAPL scheduled__2024-09-21T00:00:00+00:00 [queued]>
[2024-10-09 10:34:23,489] {taskinstance.py:1159} INFO - Dependencies all met for <TaskInstance: get_stocks_dag.AAPL scheduled__2024-09-21T00:00:00+00:00 [queued]>
[2024-10-09 10:34:23,489] {taskinstance.py:1356} INFO - 
--------------------------------------------------------------------------------
[2024-10-09 10:34:23,489] {taskinstance.py:1357} INFO - Starting attempt 1 of 1
[2024-10-09 10:34:23,489] {taskinstance.py:1358} INFO - 
--------------------------------------------------------------------------------
[2024-10-09 10:34:23,624] {taskinstance.py:1377} INFO - Executing <Task(_PythonDecoratedOperator): AAPL> on 2024-09-21 00:00:00+00:00
[2024-10-09 10:34:23,639] {standard_task_runner.py:52} INFO - Started process 58798 to run task
[2024-10-09 10:34:23,647] {standard_task_runner.py:79} INFO - Running: ['airflow', 'tasks', 'run', 'get_stocks_dag', 'AAPL', 'scheduled__2024-09-21T00:00:00+00:00', '--job-id', '390', '--raw', '--subdir', 'DAGS_FOLDER/get_stocks.py', '--cfg-path', '/tmp/tmpv8mj7exc', '--error-file', '/tmp/tmpkgylfs1e']
[2024-10-09 10:34:23,648] {standard_task_runner.py:80} INFO - Job 390: Subtask AAPL
[2024-10-09 10:34:23,931] {task_command.py:370} INFO - Running <TaskInstance: get_stocks_dag.AAPL scheduled__2024-09-21T00:00:00+00:00 [running]> on host ken
[2024-10-09 10:34:24,516] {taskinstance.py:1569} INFO - Exporting the following env vars:
AIRFLOW_CTX_DAG_OWNER=airflow
AIRFLOW_CTX_DAG_ID=get_stocks_dag
AIRFLOW_CTX_TASK_ID=AAPL
AIRFLOW_CTX_EXECUTION_DATE=2024-09-21T00:00:00+00:00
AIRFLOW_CTX_TRY_NUMBER=1
AIRFLOW_CTX_DAG_RUN_ID=scheduled__2024-09-21T00:00:00+00:00
[2024-10-09 10:34:35,092] {python.py:173} INFO - Done. Returned value was: None
[2024-10-09 10:34:35,145] {taskinstance.py:1395} INFO - Marking task as SUCCESS. dag_id=get_stocks_dag, task_id=AAPL, execution_date=20240921T000000, start_date=20241009T133423, end_date=20241009T133435
[2024-10-09 10:34:35,396] {local_task_job.py:156} INFO - Task exited with return code 0
[2024-10-09 10:34:36,226] {local_task_job.py:273} INFO - 0 downstream tasks scheduled from follow-on schedule check
