[2024-10-08 17:14:50,359] {taskinstance.py:1159} INFO - Dependencies all met for <TaskInstance: get_stocks_dag.AAPL scheduled__2024-09-17T00:00:00+00:00 [queued]>
[2024-10-08 17:14:50,369] {taskinstance.py:1159} INFO - Dependencies all met for <TaskInstance: get_stocks_dag.AAPL scheduled__2024-09-17T00:00:00+00:00 [queued]>
[2024-10-08 17:14:50,370] {taskinstance.py:1356} INFO - 
--------------------------------------------------------------------------------
[2024-10-08 17:14:50,370] {taskinstance.py:1357} INFO - Starting attempt 1 of 1
[2024-10-08 17:14:50,370] {taskinstance.py:1358} INFO - 
--------------------------------------------------------------------------------
[2024-10-08 17:14:51,034] {taskinstance.py:1377} INFO - Executing <Task(_PythonDecoratedOperator): AAPL> on 2024-09-17 00:00:00+00:00
[2024-10-08 17:14:51,042] {standard_task_runner.py:52} INFO - Started process 34302 to run task
[2024-10-08 17:14:51,046] {standard_task_runner.py:79} INFO - Running: ['airflow', 'tasks', 'run', 'get_stocks_dag', 'AAPL', 'scheduled__2024-09-17T00:00:00+00:00', '--job-id', '138', '--raw', '--subdir', 'DAGS_FOLDER/get_stocks.py', '--cfg-path', '/tmp/tmpmlf8u10f', '--error-file', '/tmp/tmpdtgn1lpf']
[2024-10-08 17:14:51,047] {standard_task_runner.py:80} INFO - Job 138: Subtask AAPL
[2024-10-08 17:14:51,331] {task_command.py:370} INFO - Running <TaskInstance: get_stocks_dag.AAPL scheduled__2024-09-17T00:00:00+00:00 [running]> on host ken
[2024-10-08 17:14:51,634] {taskinstance.py:1569} INFO - Exporting the following env vars:
AIRFLOW_CTX_DAG_OWNER=airflow
AIRFLOW_CTX_DAG_ID=get_stocks_dag
AIRFLOW_CTX_TASK_ID=AAPL
AIRFLOW_CTX_EXECUTION_DATE=2024-09-17T00:00:00+00:00
AIRFLOW_CTX_TRY_NUMBER=1
AIRFLOW_CTX_DAG_RUN_ID=scheduled__2024-09-17T00:00:00+00:00
[2024-10-08 17:14:52,387] {python.py:173} INFO - Done. Returned value was: None
[2024-10-08 17:14:52,393] {taskinstance.py:1395} INFO - Marking task as SUCCESS. dag_id=get_stocks_dag, task_id=AAPL, execution_date=20240917T000000, start_date=20241008T201450, end_date=20241008T201452
[2024-10-08 17:14:53,506] {local_task_job.py:156} INFO - Task exited with return code 0
[2024-10-08 17:14:54,153] {local_task_job.py:273} INFO - 0 downstream tasks scheduled from follow-on schedule check
[2024-10-08 23:21:27,509] {taskinstance.py:1159} INFO - Dependencies all met for <TaskInstance: get_stocks_dag.AAPL scheduled__2024-09-17T00:00:00+00:00 [queued]>
[2024-10-08 23:21:27,647] {taskinstance.py:1159} INFO - Dependencies all met for <TaskInstance: get_stocks_dag.AAPL scheduled__2024-09-17T00:00:00+00:00 [queued]>
[2024-10-08 23:21:27,648] {taskinstance.py:1356} INFO - 
--------------------------------------------------------------------------------
[2024-10-08 23:21:27,648] {taskinstance.py:1357} INFO - Starting attempt 1 of 1
[2024-10-08 23:21:27,649] {taskinstance.py:1358} INFO - 
--------------------------------------------------------------------------------
[2024-10-08 23:21:27,814] {taskinstance.py:1377} INFO - Executing <Task(_PythonDecoratedOperator): AAPL> on 2024-09-17 00:00:00+00:00
[2024-10-08 23:21:27,851] {standard_task_runner.py:52} INFO - Started process 20903 to run task
[2024-10-08 23:21:27,882] {standard_task_runner.py:79} INFO - Running: ['airflow', 'tasks', 'run', 'get_stocks_dag', 'AAPL', 'scheduled__2024-09-17T00:00:00+00:00', '--job-id', '3', '--raw', '--subdir', 'DAGS_FOLDER/get_stocks.py', '--cfg-path', '/tmp/tmpldvpk0f6', '--error-file', '/tmp/tmpigubmp7f']
[2024-10-08 23:21:27,894] {standard_task_runner.py:80} INFO - Job 3: Subtask AAPL
[2024-10-08 23:21:28,193] {task_command.py:370} INFO - Running <TaskInstance: get_stocks_dag.AAPL scheduled__2024-09-17T00:00:00+00:00 [running]> on host ken
[2024-10-08 23:21:29,197] {taskinstance.py:1569} INFO - Exporting the following env vars:
AIRFLOW_CTX_DAG_OWNER=airflow
AIRFLOW_CTX_DAG_ID=get_stocks_dag
AIRFLOW_CTX_TASK_ID=AAPL
AIRFLOW_CTX_EXECUTION_DATE=2024-09-17T00:00:00+00:00
AIRFLOW_CTX_TRY_NUMBER=1
AIRFLOW_CTX_DAG_RUN_ID=scheduled__2024-09-17T00:00:00+00:00
[2024-10-08 23:21:32,054] {python.py:173} INFO - Done. Returned value was: None
[2024-10-08 23:21:32,102] {taskinstance.py:1395} INFO - Marking task as SUCCESS. dag_id=get_stocks_dag, task_id=AAPL, execution_date=20240917T000000, start_date=20241009T022127, end_date=20241009T022132
[2024-10-08 23:21:32,180] {local_task_job.py:156} INFO - Task exited with return code 0
[2024-10-08 23:21:32,304] {local_task_job.py:273} INFO - 0 downstream tasks scheduled from follow-on schedule check
[2024-10-09 00:58:24,725] {taskinstance.py:1159} INFO - Dependencies all met for <TaskInstance: get_stocks_dag.AAPL scheduled__2024-09-17T00:00:00+00:00 [queued]>
[2024-10-09 00:58:24,756] {taskinstance.py:1159} INFO - Dependencies all met for <TaskInstance: get_stocks_dag.AAPL scheduled__2024-09-17T00:00:00+00:00 [queued]>
[2024-10-09 00:58:24,756] {taskinstance.py:1356} INFO - 
--------------------------------------------------------------------------------
[2024-10-09 00:58:24,756] {taskinstance.py:1357} INFO - Starting attempt 1 of 1
[2024-10-09 00:58:24,756] {taskinstance.py:1358} INFO - 
--------------------------------------------------------------------------------
[2024-10-09 00:58:24,795] {taskinstance.py:1377} INFO - Executing <Task(_PythonDecoratedOperator): AAPL> on 2024-09-17 00:00:00+00:00
[2024-10-09 00:58:24,806] {standard_task_runner.py:52} INFO - Started process 34774 to run task
[2024-10-09 00:58:24,809] {standard_task_runner.py:79} INFO - Running: ['airflow', 'tasks', 'run', 'get_stocks_dag', 'AAPL', 'scheduled__2024-09-17T00:00:00+00:00', '--job-id', '72', '--raw', '--subdir', 'DAGS_FOLDER/get_stocks.py', '--cfg-path', '/tmp/tmpw5d9vj1l', '--error-file', '/tmp/tmps19236wi']
[2024-10-09 00:58:24,810] {standard_task_runner.py:80} INFO - Job 72: Subtask AAPL
[2024-10-09 00:58:24,923] {task_command.py:370} INFO - Running <TaskInstance: get_stocks_dag.AAPL scheduled__2024-09-17T00:00:00+00:00 [running]> on host ken
[2024-10-09 00:58:25,093] {taskinstance.py:1569} INFO - Exporting the following env vars:
AIRFLOW_CTX_DAG_OWNER=airflow
AIRFLOW_CTX_DAG_ID=get_stocks_dag
AIRFLOW_CTX_TASK_ID=AAPL
AIRFLOW_CTX_EXECUTION_DATE=2024-09-17T00:00:00+00:00
AIRFLOW_CTX_TRY_NUMBER=1
AIRFLOW_CTX_DAG_RUN_ID=scheduled__2024-09-17T00:00:00+00:00
[2024-10-09 00:58:39,803] {history.py:244} ERROR - $AAPL: possibly delisted; no price data found  (1h 2024-09-16 -> 2024-09-17)
[2024-10-09 00:58:39,817] {python.py:173} INFO - Done. Returned value was: None
[2024-10-09 00:58:39,871] {taskinstance.py:1395} INFO - Marking task as SUCCESS. dag_id=get_stocks_dag, task_id=AAPL, execution_date=20240917T000000, start_date=20241009T035824, end_date=20241009T035839
[2024-10-09 00:58:40,408] {local_task_job.py:156} INFO - Task exited with return code 0
[2024-10-09 00:58:40,485] {local_task_job.py:273} INFO - 0 downstream tasks scheduled from follow-on schedule check
[2024-10-09 09:33:17,521] {taskinstance.py:1159} INFO - Dependencies all met for <TaskInstance: get_stocks_dag.AAPL scheduled__2024-09-17T00:00:00+00:00 [queued]>
[2024-10-09 09:33:17,729] {taskinstance.py:1159} INFO - Dependencies all met for <TaskInstance: get_stocks_dag.AAPL scheduled__2024-09-17T00:00:00+00:00 [queued]>
[2024-10-09 09:33:17,729] {taskinstance.py:1356} INFO - 
--------------------------------------------------------------------------------
[2024-10-09 09:33:17,729] {taskinstance.py:1357} INFO - Starting attempt 1 of 1
[2024-10-09 09:33:17,730] {taskinstance.py:1358} INFO - 
--------------------------------------------------------------------------------
[2024-10-09 09:33:18,145] {taskinstance.py:1377} INFO - Executing <Task(_PythonDecoratedOperator): AAPL> on 2024-09-17 00:00:00+00:00
[2024-10-09 09:33:18,154] {standard_task_runner.py:52} INFO - Started process 12777 to run task
[2024-10-09 09:33:18,160] {standard_task_runner.py:79} INFO - Running: ['airflow', 'tasks', 'run', 'get_stocks_dag', 'AAPL', 'scheduled__2024-09-17T00:00:00+00:00', '--job-id', '136', '--raw', '--subdir', 'DAGS_FOLDER/get_stocks.py', '--cfg-path', '/tmp/tmpxz8z4re6', '--error-file', '/tmp/tmpws11i015']
[2024-10-09 09:33:18,162] {standard_task_runner.py:80} INFO - Job 136: Subtask AAPL
[2024-10-09 09:33:18,278] {task_command.py:370} INFO - Running <TaskInstance: get_stocks_dag.AAPL scheduled__2024-09-17T00:00:00+00:00 [running]> on host ken
[2024-10-09 09:33:18,441] {taskinstance.py:1569} INFO - Exporting the following env vars:
AIRFLOW_CTX_DAG_OWNER=airflow
AIRFLOW_CTX_DAG_ID=get_stocks_dag
AIRFLOW_CTX_TASK_ID=AAPL
AIRFLOW_CTX_EXECUTION_DATE=2024-09-17T00:00:00+00:00
AIRFLOW_CTX_TRY_NUMBER=1
AIRFLOW_CTX_DAG_RUN_ID=scheduled__2024-09-17T00:00:00+00:00
[2024-10-09 09:33:19,173] {python.py:173} INFO - Done. Returned value was: None
[2024-10-09 09:33:19,196] {taskinstance.py:1395} INFO - Marking task as SUCCESS. dag_id=get_stocks_dag, task_id=AAPL, execution_date=20240917T000000, start_date=20241009T123317, end_date=20241009T123319
[2024-10-09 09:33:19,257] {local_task_job.py:156} INFO - Task exited with return code 0
[2024-10-09 09:33:19,345] {local_task_job.py:273} INFO - 0 downstream tasks scheduled from follow-on schedule check
[2024-10-09 09:42:22,683] {taskinstance.py:1159} INFO - Dependencies all met for <TaskInstance: get_stocks_dag.AAPL scheduled__2024-09-17T00:00:00+00:00 [queued]>
[2024-10-09 09:42:22,712] {taskinstance.py:1159} INFO - Dependencies all met for <TaskInstance: get_stocks_dag.AAPL scheduled__2024-09-17T00:00:00+00:00 [queued]>
[2024-10-09 09:42:22,713] {taskinstance.py:1356} INFO - 
--------------------------------------------------------------------------------
[2024-10-09 09:42:22,714] {taskinstance.py:1357} INFO - Starting attempt 1 of 1
[2024-10-09 09:42:22,714] {taskinstance.py:1358} INFO - 
--------------------------------------------------------------------------------
[2024-10-09 09:42:22,760] {taskinstance.py:1377} INFO - Executing <Task(_PythonDecoratedOperator): AAPL> on 2024-09-17 00:00:00+00:00
[2024-10-09 09:42:22,773] {standard_task_runner.py:52} INFO - Started process 19867 to run task
[2024-10-09 09:42:22,783] {standard_task_runner.py:79} INFO - Running: ['airflow', 'tasks', 'run', 'get_stocks_dag', 'AAPL', 'scheduled__2024-09-17T00:00:00+00:00', '--job-id', '198', '--raw', '--subdir', 'DAGS_FOLDER/get_stocks.py', '--cfg-path', '/tmp/tmpw1gaymwq', '--error-file', '/tmp/tmpczj75ak3']
[2024-10-09 09:42:22,785] {standard_task_runner.py:80} INFO - Job 198: Subtask AAPL
[2024-10-09 09:42:23,133] {task_command.py:370} INFO - Running <TaskInstance: get_stocks_dag.AAPL scheduled__2024-09-17T00:00:00+00:00 [running]> on host ken
[2024-10-09 09:42:23,297] {taskinstance.py:1569} INFO - Exporting the following env vars:
AIRFLOW_CTX_DAG_OWNER=airflow
AIRFLOW_CTX_DAG_ID=get_stocks_dag
AIRFLOW_CTX_TASK_ID=AAPL
AIRFLOW_CTX_EXECUTION_DATE=2024-09-17T00:00:00+00:00
AIRFLOW_CTX_TRY_NUMBER=1
AIRFLOW_CTX_DAG_RUN_ID=scheduled__2024-09-17T00:00:00+00:00
[2024-10-09 09:42:23,821] {python.py:173} INFO - Done. Returned value was: None
[2024-10-09 09:42:23,894] {taskinstance.py:1395} INFO - Marking task as SUCCESS. dag_id=get_stocks_dag, task_id=AAPL, execution_date=20240917T000000, start_date=20241009T124222, end_date=20241009T124223
[2024-10-09 09:42:24,122] {local_task_job.py:156} INFO - Task exited with return code 0
[2024-10-09 09:42:24,732] {local_task_job.py:273} INFO - 0 downstream tasks scheduled from follow-on schedule check
[2024-10-09 09:46:28,143] {taskinstance.py:1159} INFO - Dependencies all met for <TaskInstance: get_stocks_dag.AAPL scheduled__2024-09-17T00:00:00+00:00 [queued]>
[2024-10-09 09:46:28,169] {taskinstance.py:1159} INFO - Dependencies all met for <TaskInstance: get_stocks_dag.AAPL scheduled__2024-09-17T00:00:00+00:00 [queued]>
[2024-10-09 09:46:28,169] {taskinstance.py:1356} INFO - 
--------------------------------------------------------------------------------
[2024-10-09 09:46:28,169] {taskinstance.py:1357} INFO - Starting attempt 1 of 1
[2024-10-09 09:46:28,170] {taskinstance.py:1358} INFO - 
--------------------------------------------------------------------------------
[2024-10-09 09:46:28,213] {taskinstance.py:1377} INFO - Executing <Task(_PythonDecoratedOperator): AAPL> on 2024-09-17 00:00:00+00:00
[2024-10-09 09:46:28,219] {standard_task_runner.py:52} INFO - Started process 26109 to run task
[2024-10-09 09:46:28,222] {standard_task_runner.py:79} INFO - Running: ['airflow', 'tasks', 'run', 'get_stocks_dag', 'AAPL', 'scheduled__2024-09-17T00:00:00+00:00', '--job-id', '263', '--raw', '--subdir', 'DAGS_FOLDER/get_stocks.py', '--cfg-path', '/tmp/tmpfk9izszp', '--error-file', '/tmp/tmpj3gspn5g']
[2024-10-09 09:46:28,223] {standard_task_runner.py:80} INFO - Job 263: Subtask AAPL
[2024-10-09 09:46:28,474] {task_command.py:370} INFO - Running <TaskInstance: get_stocks_dag.AAPL scheduled__2024-09-17T00:00:00+00:00 [running]> on host ken
[2024-10-09 09:46:28,925] {taskinstance.py:1569} INFO - Exporting the following env vars:
AIRFLOW_CTX_DAG_OWNER=airflow
AIRFLOW_CTX_DAG_ID=get_stocks_dag
AIRFLOW_CTX_TASK_ID=AAPL
AIRFLOW_CTX_EXECUTION_DATE=2024-09-17T00:00:00+00:00
AIRFLOW_CTX_TRY_NUMBER=1
AIRFLOW_CTX_DAG_RUN_ID=scheduled__2024-09-17T00:00:00+00:00
[2024-10-09 09:46:29,355] {python.py:173} INFO - Done. Returned value was: None
[2024-10-09 09:46:29,383] {taskinstance.py:1395} INFO - Marking task as SUCCESS. dag_id=get_stocks_dag, task_id=AAPL, execution_date=20240917T000000, start_date=20241009T124628, end_date=20241009T124629
[2024-10-09 09:46:29,438] {local_task_job.py:156} INFO - Task exited with return code 0
[2024-10-09 09:46:29,680] {local_task_job.py:273} INFO - 0 downstream tasks scheduled from follow-on schedule check
[2024-10-09 10:07:29,459] {taskinstance.py:1159} INFO - Dependencies all met for <TaskInstance: get_stocks_dag.AAPL scheduled__2024-09-17T00:00:00+00:00 [queued]>
[2024-10-09 10:07:29,519] {taskinstance.py:1159} INFO - Dependencies all met for <TaskInstance: get_stocks_dag.AAPL scheduled__2024-09-17T00:00:00+00:00 [queued]>
[2024-10-09 10:07:29,520] {taskinstance.py:1356} INFO - 
--------------------------------------------------------------------------------
[2024-10-09 10:07:29,520] {taskinstance.py:1357} INFO - Starting attempt 1 of 1
[2024-10-09 10:07:29,520] {taskinstance.py:1358} INFO - 
--------------------------------------------------------------------------------
[2024-10-09 10:07:29,587] {taskinstance.py:1377} INFO - Executing <Task(_PythonDecoratedOperator): AAPL> on 2024-09-17 00:00:00+00:00
[2024-10-09 10:07:29,600] {standard_task_runner.py:52} INFO - Started process 41675 to run task
[2024-10-09 10:07:29,604] {standard_task_runner.py:79} INFO - Running: ['airflow', 'tasks', 'run', 'get_stocks_dag', 'AAPL', 'scheduled__2024-09-17T00:00:00+00:00', '--job-id', '332', '--raw', '--subdir', 'DAGS_FOLDER/get_stocks.py', '--cfg-path', '/tmp/tmpc8vol430', '--error-file', '/tmp/tmp4rielmnp']
[2024-10-09 10:07:29,605] {standard_task_runner.py:80} INFO - Job 332: Subtask AAPL
[2024-10-09 10:07:30,004] {task_command.py:370} INFO - Running <TaskInstance: get_stocks_dag.AAPL scheduled__2024-09-17T00:00:00+00:00 [running]> on host ken
[2024-10-09 10:07:30,220] {taskinstance.py:1569} INFO - Exporting the following env vars:
AIRFLOW_CTX_DAG_OWNER=airflow
AIRFLOW_CTX_DAG_ID=get_stocks_dag
AIRFLOW_CTX_TASK_ID=AAPL
AIRFLOW_CTX_EXECUTION_DATE=2024-09-17T00:00:00+00:00
AIRFLOW_CTX_TRY_NUMBER=1
AIRFLOW_CTX_DAG_RUN_ID=scheduled__2024-09-17T00:00:00+00:00
[2024-10-09 10:07:41,073] {python.py:173} INFO - Done. Returned value was: None
[2024-10-09 10:07:42,019] {taskinstance.py:1395} INFO - Marking task as SUCCESS. dag_id=get_stocks_dag, task_id=AAPL, execution_date=20240917T000000, start_date=20241009T130729, end_date=20241009T130742
[2024-10-09 10:07:42,378] {local_task_job.py:156} INFO - Task exited with return code 0
[2024-10-09 10:07:42,477] {local_task_job.py:273} INFO - 0 downstream tasks scheduled from follow-on schedule check
[2024-10-09 10:30:10,405] {taskinstance.py:1159} INFO - Dependencies all met for <TaskInstance: get_stocks_dag.AAPL scheduled__2024-09-17T00:00:00+00:00 [queued]>
[2024-10-09 10:30:10,462] {taskinstance.py:1159} INFO - Dependencies all met for <TaskInstance: get_stocks_dag.AAPL scheduled__2024-09-17T00:00:00+00:00 [queued]>
[2024-10-09 10:30:10,462] {taskinstance.py:1356} INFO - 
--------------------------------------------------------------------------------
[2024-10-09 10:30:10,462] {taskinstance.py:1357} INFO - Starting attempt 1 of 1
[2024-10-09 10:30:10,462] {taskinstance.py:1358} INFO - 
--------------------------------------------------------------------------------
[2024-10-09 10:30:10,527] {taskinstance.py:1377} INFO - Executing <Task(_PythonDecoratedOperator): AAPL> on 2024-09-17 00:00:00+00:00
[2024-10-09 10:30:10,536] {standard_task_runner.py:52} INFO - Started process 52794 to run task
[2024-10-09 10:30:10,543] {standard_task_runner.py:79} INFO - Running: ['airflow', 'tasks', 'run', 'get_stocks_dag', 'AAPL', 'scheduled__2024-09-17T00:00:00+00:00', '--job-id', '357', '--raw', '--subdir', 'DAGS_FOLDER/get_stocks.py', '--cfg-path', '/tmp/tmpuis5j5bu', '--error-file', '/tmp/tmpe9ldnbu3']
[2024-10-09 10:30:10,545] {standard_task_runner.py:80} INFO - Job 357: Subtask AAPL
[2024-10-09 10:30:10,838] {task_command.py:370} INFO - Running <TaskInstance: get_stocks_dag.AAPL scheduled__2024-09-17T00:00:00+00:00 [running]> on host ken
[2024-10-09 10:30:10,998] {taskinstance.py:1569} INFO - Exporting the following env vars:
AIRFLOW_CTX_DAG_OWNER=airflow
AIRFLOW_CTX_DAG_ID=get_stocks_dag
AIRFLOW_CTX_TASK_ID=AAPL
AIRFLOW_CTX_EXECUTION_DATE=2024-09-17T00:00:00+00:00
AIRFLOW_CTX_TRY_NUMBER=1
AIRFLOW_CTX_DAG_RUN_ID=scheduled__2024-09-17T00:00:00+00:00
[2024-10-09 10:30:21,476] {python.py:173} INFO - Done. Returned value was: None
[2024-10-09 10:30:21,551] {taskinstance.py:1395} INFO - Marking task as SUCCESS. dag_id=get_stocks_dag, task_id=AAPL, execution_date=20240917T000000, start_date=20241009T133010, end_date=20241009T133021
[2024-10-09 10:30:21,728] {local_task_job.py:156} INFO - Task exited with return code 0
[2024-10-09 10:30:22,064] {local_task_job.py:273} INFO - 0 downstream tasks scheduled from follow-on schedule check
