[2024-10-08 17:16:40,188] {taskinstance.py:1159} INFO - Dependencies all met for <TaskInstance: get_stocks_dag.AAPL scheduled__2024-09-20T00:00:00+00:00 [queued]>
[2024-10-08 17:16:40,206] {taskinstance.py:1159} INFO - Dependencies all met for <TaskInstance: get_stocks_dag.AAPL scheduled__2024-09-20T00:00:00+00:00 [queued]>
[2024-10-08 17:16:40,206] {taskinstance.py:1356} INFO - 
--------------------------------------------------------------------------------
[2024-10-08 17:16:40,206] {taskinstance.py:1357} INFO - Starting attempt 1 of 1
[2024-10-08 17:16:40,206] {taskinstance.py:1358} INFO - 
--------------------------------------------------------------------------------
[2024-10-08 17:16:40,719] {taskinstance.py:1377} INFO - Executing <Task(_PythonDecoratedOperator): AAPL> on 2024-09-20 00:00:00+00:00
[2024-10-08 17:16:40,727] {standard_task_runner.py:52} INFO - Started process 35612 to run task
[2024-10-08 17:16:40,732] {standard_task_runner.py:79} INFO - Running: ['airflow', 'tasks', 'run', 'get_stocks_dag', 'AAPL', 'scheduled__2024-09-20T00:00:00+00:00', '--job-id', '150', '--raw', '--subdir', 'DAGS_FOLDER/get_stocks.py', '--cfg-path', '/tmp/tmp_2zjcknm', '--error-file', '/tmp/tmp8sn90456']
[2024-10-08 17:16:40,735] {standard_task_runner.py:80} INFO - Job 150: Subtask AAPL
[2024-10-08 17:16:41,247] {task_command.py:370} INFO - Running <TaskInstance: get_stocks_dag.AAPL scheduled__2024-09-20T00:00:00+00:00 [running]> on host ken
[2024-10-08 17:16:43,009] {taskinstance.py:1569} INFO - Exporting the following env vars:
AIRFLOW_CTX_DAG_OWNER=airflow
AIRFLOW_CTX_DAG_ID=get_stocks_dag
AIRFLOW_CTX_TASK_ID=AAPL
AIRFLOW_CTX_EXECUTION_DATE=2024-09-20T00:00:00+00:00
AIRFLOW_CTX_TRY_NUMBER=1
AIRFLOW_CTX_DAG_RUN_ID=scheduled__2024-09-20T00:00:00+00:00
[2024-10-08 17:16:43,745] {python.py:173} INFO - Done. Returned value was: None
[2024-10-08 17:16:43,758] {taskinstance.py:1395} INFO - Marking task as SUCCESS. dag_id=get_stocks_dag, task_id=AAPL, execution_date=20240920T000000, start_date=20241008T201640, end_date=20241008T201643
[2024-10-08 17:16:44,129] {local_task_job.py:156} INFO - Task exited with return code 0
[2024-10-08 17:16:44,179] {local_task_job.py:273} INFO - 0 downstream tasks scheduled from follow-on schedule check
[2024-10-08 23:21:29,636] {taskinstance.py:1159} INFO - Dependencies all met for <TaskInstance: get_stocks_dag.AAPL scheduled__2024-09-20T00:00:00+00:00 [queued]>
[2024-10-08 23:21:29,695] {taskinstance.py:1159} INFO - Dependencies all met for <TaskInstance: get_stocks_dag.AAPL scheduled__2024-09-20T00:00:00+00:00 [queued]>
[2024-10-08 23:21:29,695] {taskinstance.py:1356} INFO - 
--------------------------------------------------------------------------------
[2024-10-08 23:21:29,695] {taskinstance.py:1357} INFO - Starting attempt 1 of 1
[2024-10-08 23:21:29,695] {taskinstance.py:1358} INFO - 
--------------------------------------------------------------------------------
[2024-10-08 23:21:29,772] {taskinstance.py:1377} INFO - Executing <Task(_PythonDecoratedOperator): AAPL> on 2024-09-20 00:00:00+00:00
[2024-10-08 23:21:29,782] {standard_task_runner.py:52} INFO - Started process 21175 to run task
[2024-10-08 23:21:29,796] {standard_task_runner.py:79} INFO - Running: ['airflow', 'tasks', 'run', 'get_stocks_dag', 'AAPL', 'scheduled__2024-09-20T00:00:00+00:00', '--job-id', '17', '--raw', '--subdir', 'DAGS_FOLDER/get_stocks.py', '--cfg-path', '/tmp/tmpg9rniaqy', '--error-file', '/tmp/tmpe7zun4f3']
[2024-10-08 23:21:29,798] {standard_task_runner.py:80} INFO - Job 17: Subtask AAPL
[2024-10-08 23:21:30,063] {task_command.py:370} INFO - Running <TaskInstance: get_stocks_dag.AAPL scheduled__2024-09-20T00:00:00+00:00 [running]> on host ken
[2024-10-08 23:21:30,340] {taskinstance.py:1569} INFO - Exporting the following env vars:
AIRFLOW_CTX_DAG_OWNER=airflow
AIRFLOW_CTX_DAG_ID=get_stocks_dag
AIRFLOW_CTX_TASK_ID=AAPL
AIRFLOW_CTX_EXECUTION_DATE=2024-09-20T00:00:00+00:00
AIRFLOW_CTX_TRY_NUMBER=1
AIRFLOW_CTX_DAG_RUN_ID=scheduled__2024-09-20T00:00:00+00:00
[2024-10-08 23:21:31,406] {python.py:173} INFO - Done. Returned value was: None
[2024-10-08 23:21:31,674] {taskinstance.py:1395} INFO - Marking task as SUCCESS. dag_id=get_stocks_dag, task_id=AAPL, execution_date=20240920T000000, start_date=20241009T022129, end_date=20241009T022131
[2024-10-08 23:21:31,784] {local_task_job.py:156} INFO - Task exited with return code 0
[2024-10-08 23:21:31,971] {local_task_job.py:273} INFO - 0 downstream tasks scheduled from follow-on schedule check
[2024-10-09 00:59:29,139] {taskinstance.py:1159} INFO - Dependencies all met for <TaskInstance: get_stocks_dag.AAPL scheduled__2024-09-20T00:00:00+00:00 [queued]>
[2024-10-09 00:59:29,153] {taskinstance.py:1159} INFO - Dependencies all met for <TaskInstance: get_stocks_dag.AAPL scheduled__2024-09-20T00:00:00+00:00 [queued]>
[2024-10-09 00:59:29,153] {taskinstance.py:1356} INFO - 
--------------------------------------------------------------------------------
[2024-10-09 00:59:29,153] {taskinstance.py:1357} INFO - Starting attempt 1 of 1
[2024-10-09 00:59:29,153] {taskinstance.py:1358} INFO - 
--------------------------------------------------------------------------------
[2024-10-09 00:59:30,300] {taskinstance.py:1377} INFO - Executing <Task(_PythonDecoratedOperator): AAPL> on 2024-09-20 00:00:00+00:00
[2024-10-09 00:59:30,315] {standard_task_runner.py:52} INFO - Started process 37560 to run task
[2024-10-09 00:59:30,323] {standard_task_runner.py:79} INFO - Running: ['airflow', 'tasks', 'run', 'get_stocks_dag', 'AAPL', 'scheduled__2024-09-20T00:00:00+00:00', '--job-id', '83', '--raw', '--subdir', 'DAGS_FOLDER/get_stocks.py', '--cfg-path', '/tmp/tmpbjc5oegs', '--error-file', '/tmp/tmpl7xmeajn']
[2024-10-09 00:59:30,324] {standard_task_runner.py:80} INFO - Job 83: Subtask AAPL
[2024-10-09 00:59:30,587] {task_command.py:370} INFO - Running <TaskInstance: get_stocks_dag.AAPL scheduled__2024-09-20T00:00:00+00:00 [running]> on host ken
[2024-10-09 00:59:30,742] {taskinstance.py:1569} INFO - Exporting the following env vars:
AIRFLOW_CTX_DAG_OWNER=airflow
AIRFLOW_CTX_DAG_ID=get_stocks_dag
AIRFLOW_CTX_TASK_ID=AAPL
AIRFLOW_CTX_EXECUTION_DATE=2024-09-20T00:00:00+00:00
AIRFLOW_CTX_TRY_NUMBER=1
AIRFLOW_CTX_DAG_RUN_ID=scheduled__2024-09-20T00:00:00+00:00
[2024-10-09 00:59:40,989] {history.py:244} ERROR - $AAPL: possibly delisted; no price data found  (1h 2024-09-19 -> 2024-09-20)
[2024-10-09 00:59:40,995] {python.py:173} INFO - Done. Returned value was: None
[2024-10-09 00:59:41,094] {taskinstance.py:1395} INFO - Marking task as SUCCESS. dag_id=get_stocks_dag, task_id=AAPL, execution_date=20240920T000000, start_date=20241009T035929, end_date=20241009T035941
[2024-10-09 00:59:41,428] {local_task_job.py:156} INFO - Task exited with return code 0
[2024-10-09 00:59:41,758] {local_task_job.py:273} INFO - 0 downstream tasks scheduled from follow-on schedule check
[2024-10-09 09:33:38,327] {taskinstance.py:1159} INFO - Dependencies all met for <TaskInstance: get_stocks_dag.AAPL scheduled__2024-09-20T00:00:00+00:00 [queued]>
[2024-10-09 09:33:38,347] {taskinstance.py:1159} INFO - Dependencies all met for <TaskInstance: get_stocks_dag.AAPL scheduled__2024-09-20T00:00:00+00:00 [queued]>
[2024-10-09 09:33:38,348] {taskinstance.py:1356} INFO - 
--------------------------------------------------------------------------------
[2024-10-09 09:33:38,348] {taskinstance.py:1357} INFO - Starting attempt 1 of 1
[2024-10-09 09:33:38,348] {taskinstance.py:1358} INFO - 
--------------------------------------------------------------------------------
[2024-10-09 09:33:38,395] {taskinstance.py:1377} INFO - Executing <Task(_PythonDecoratedOperator): AAPL> on 2024-09-20 00:00:00+00:00
[2024-10-09 09:33:38,404] {standard_task_runner.py:52} INFO - Started process 13615 to run task
[2024-10-09 09:33:38,411] {standard_task_runner.py:79} INFO - Running: ['airflow', 'tasks', 'run', 'get_stocks_dag', 'AAPL', 'scheduled__2024-09-20T00:00:00+00:00', '--job-id', '146', '--raw', '--subdir', 'DAGS_FOLDER/get_stocks.py', '--cfg-path', '/tmp/tmpqq43xsle', '--error-file', '/tmp/tmph96r3uml']
[2024-10-09 09:33:38,413] {standard_task_runner.py:80} INFO - Job 146: Subtask AAPL
[2024-10-09 09:33:38,719] {task_command.py:370} INFO - Running <TaskInstance: get_stocks_dag.AAPL scheduled__2024-09-20T00:00:00+00:00 [running]> on host ken
[2024-10-09 09:33:40,689] {taskinstance.py:1569} INFO - Exporting the following env vars:
AIRFLOW_CTX_DAG_OWNER=airflow
AIRFLOW_CTX_DAG_ID=get_stocks_dag
AIRFLOW_CTX_TASK_ID=AAPL
AIRFLOW_CTX_EXECUTION_DATE=2024-09-20T00:00:00+00:00
AIRFLOW_CTX_TRY_NUMBER=1
AIRFLOW_CTX_DAG_RUN_ID=scheduled__2024-09-20T00:00:00+00:00
[2024-10-09 09:33:41,979] {python.py:173} INFO - Done. Returned value was: None
[2024-10-09 09:33:42,031] {taskinstance.py:1395} INFO - Marking task as SUCCESS. dag_id=get_stocks_dag, task_id=AAPL, execution_date=20240920T000000, start_date=20241009T123338, end_date=20241009T123342
[2024-10-09 09:33:42,126] {local_task_job.py:156} INFO - Task exited with return code 0
[2024-10-09 09:33:42,469] {local_task_job.py:273} INFO - 0 downstream tasks scheduled from follow-on schedule check
[2024-10-09 09:42:55,346] {taskinstance.py:1159} INFO - Dependencies all met for <TaskInstance: get_stocks_dag.AAPL scheduled__2024-09-20T00:00:00+00:00 [queued]>
[2024-10-09 09:42:55,368] {taskinstance.py:1159} INFO - Dependencies all met for <TaskInstance: get_stocks_dag.AAPL scheduled__2024-09-20T00:00:00+00:00 [queued]>
[2024-10-09 09:42:55,368] {taskinstance.py:1356} INFO - 
--------------------------------------------------------------------------------
[2024-10-09 09:42:55,368] {taskinstance.py:1357} INFO - Starting attempt 1 of 1
[2024-10-09 09:42:55,368] {taskinstance.py:1358} INFO - 
--------------------------------------------------------------------------------
[2024-10-09 09:42:55,435] {taskinstance.py:1377} INFO - Executing <Task(_PythonDecoratedOperator): AAPL> on 2024-09-20 00:00:00+00:00
[2024-10-09 09:42:55,443] {standard_task_runner.py:52} INFO - Started process 21046 to run task
[2024-10-09 09:42:55,450] {standard_task_runner.py:79} INFO - Running: ['airflow', 'tasks', 'run', 'get_stocks_dag', 'AAPL', 'scheduled__2024-09-20T00:00:00+00:00', '--job-id', '212', '--raw', '--subdir', 'DAGS_FOLDER/get_stocks.py', '--cfg-path', '/tmp/tmpz2ljs3gr', '--error-file', '/tmp/tmpe__o9fve']
[2024-10-09 09:42:55,453] {standard_task_runner.py:80} INFO - Job 212: Subtask AAPL
[2024-10-09 09:42:55,910] {task_command.py:370} INFO - Running <TaskInstance: get_stocks_dag.AAPL scheduled__2024-09-20T00:00:00+00:00 [running]> on host ken
[2024-10-09 09:42:56,183] {taskinstance.py:1569} INFO - Exporting the following env vars:
AIRFLOW_CTX_DAG_OWNER=airflow
AIRFLOW_CTX_DAG_ID=get_stocks_dag
AIRFLOW_CTX_TASK_ID=AAPL
AIRFLOW_CTX_EXECUTION_DATE=2024-09-20T00:00:00+00:00
AIRFLOW_CTX_TRY_NUMBER=1
AIRFLOW_CTX_DAG_RUN_ID=scheduled__2024-09-20T00:00:00+00:00
[2024-10-09 09:42:57,832] {python.py:173} INFO - Done. Returned value was: None
[2024-10-09 09:42:57,860] {taskinstance.py:1395} INFO - Marking task as SUCCESS. dag_id=get_stocks_dag, task_id=AAPL, execution_date=20240920T000000, start_date=20241009T124255, end_date=20241009T124257
[2024-10-09 09:42:57,924] {local_task_job.py:156} INFO - Task exited with return code 0
[2024-10-09 09:42:58,535] {local_task_job.py:273} INFO - 0 downstream tasks scheduled from follow-on schedule check
[2024-10-09 09:46:59,743] {taskinstance.py:1159} INFO - Dependencies all met for <TaskInstance: get_stocks_dag.AAPL scheduled__2024-09-20T00:00:00+00:00 [queued]>
[2024-10-09 09:46:59,763] {taskinstance.py:1159} INFO - Dependencies all met for <TaskInstance: get_stocks_dag.AAPL scheduled__2024-09-20T00:00:00+00:00 [queued]>
[2024-10-09 09:46:59,764] {taskinstance.py:1356} INFO - 
--------------------------------------------------------------------------------
[2024-10-09 09:46:59,764] {taskinstance.py:1357} INFO - Starting attempt 1 of 1
[2024-10-09 09:46:59,764] {taskinstance.py:1358} INFO - 
--------------------------------------------------------------------------------
[2024-10-09 09:47:00,342] {taskinstance.py:1377} INFO - Executing <Task(_PythonDecoratedOperator): AAPL> on 2024-09-20 00:00:00+00:00
[2024-10-09 09:47:00,352] {standard_task_runner.py:52} INFO - Started process 27274 to run task
[2024-10-09 09:47:00,359] {standard_task_runner.py:79} INFO - Running: ['airflow', 'tasks', 'run', 'get_stocks_dag', 'AAPL', 'scheduled__2024-09-20T00:00:00+00:00', '--job-id', '274', '--raw', '--subdir', 'DAGS_FOLDER/get_stocks.py', '--cfg-path', '/tmp/tmpxvexsb_6', '--error-file', '/tmp/tmpqki_osc3']
[2024-10-09 09:47:00,361] {standard_task_runner.py:80} INFO - Job 274: Subtask AAPL
[2024-10-09 09:47:00,658] {task_command.py:370} INFO - Running <TaskInstance: get_stocks_dag.AAPL scheduled__2024-09-20T00:00:00+00:00 [running]> on host ken
[2024-10-09 09:47:00,822] {taskinstance.py:1569} INFO - Exporting the following env vars:
AIRFLOW_CTX_DAG_OWNER=airflow
AIRFLOW_CTX_DAG_ID=get_stocks_dag
AIRFLOW_CTX_TASK_ID=AAPL
AIRFLOW_CTX_EXECUTION_DATE=2024-09-20T00:00:00+00:00
AIRFLOW_CTX_TRY_NUMBER=1
AIRFLOW_CTX_DAG_RUN_ID=scheduled__2024-09-20T00:00:00+00:00
[2024-10-09 09:47:02,489] {python.py:173} INFO - Done. Returned value was: None
[2024-10-09 09:47:02,534] {taskinstance.py:1395} INFO - Marking task as SUCCESS. dag_id=get_stocks_dag, task_id=AAPL, execution_date=20240920T000000, start_date=20241009T124659, end_date=20241009T124702
[2024-10-09 09:47:03,706] {local_task_job.py:156} INFO - Task exited with return code 0
[2024-10-09 09:47:03,834] {local_task_job.py:273} INFO - 0 downstream tasks scheduled from follow-on schedule check
[2024-10-09 10:33:27,013] {taskinstance.py:1159} INFO - Dependencies all met for <TaskInstance: get_stocks_dag.AAPL scheduled__2024-09-20T00:00:00+00:00 [queued]>
[2024-10-09 10:33:27,055] {taskinstance.py:1159} INFO - Dependencies all met for <TaskInstance: get_stocks_dag.AAPL scheduled__2024-09-20T00:00:00+00:00 [queued]>
[2024-10-09 10:33:27,055] {taskinstance.py:1356} INFO - 
--------------------------------------------------------------------------------
[2024-10-09 10:33:27,055] {taskinstance.py:1357} INFO - Starting attempt 1 of 1
[2024-10-09 10:33:27,055] {taskinstance.py:1358} INFO - 
--------------------------------------------------------------------------------
[2024-10-09 10:33:27,109] {taskinstance.py:1377} INFO - Executing <Task(_PythonDecoratedOperator): AAPL> on 2024-09-20 00:00:00+00:00
[2024-10-09 10:33:27,121] {standard_task_runner.py:52} INFO - Started process 57572 to run task
[2024-10-09 10:33:27,130] {standard_task_runner.py:79} INFO - Running: ['airflow', 'tasks', 'run', 'get_stocks_dag', 'AAPL', 'scheduled__2024-09-20T00:00:00+00:00', '--job-id', '382', '--raw', '--subdir', 'DAGS_FOLDER/get_stocks.py', '--cfg-path', '/tmp/tmpt2ivsze8', '--error-file', '/tmp/tmpf7esq2z2']
[2024-10-09 10:33:27,134] {standard_task_runner.py:80} INFO - Job 382: Subtask AAPL
[2024-10-09 10:33:27,485] {task_command.py:370} INFO - Running <TaskInstance: get_stocks_dag.AAPL scheduled__2024-09-20T00:00:00+00:00 [running]> on host ken
[2024-10-09 10:33:27,638] {taskinstance.py:1569} INFO - Exporting the following env vars:
AIRFLOW_CTX_DAG_OWNER=airflow
AIRFLOW_CTX_DAG_ID=get_stocks_dag
AIRFLOW_CTX_TASK_ID=AAPL
AIRFLOW_CTX_EXECUTION_DATE=2024-09-20T00:00:00+00:00
AIRFLOW_CTX_TRY_NUMBER=1
AIRFLOW_CTX_DAG_RUN_ID=scheduled__2024-09-20T00:00:00+00:00
[2024-10-09 10:33:38,134] {python.py:173} INFO - Done. Returned value was: None
[2024-10-09 10:33:38,170] {taskinstance.py:1395} INFO - Marking task as SUCCESS. dag_id=get_stocks_dag, task_id=AAPL, execution_date=20240920T000000, start_date=20241009T133327, end_date=20241009T133338
[2024-10-09 10:33:38,370] {local_task_job.py:156} INFO - Task exited with return code 0
[2024-10-09 10:33:38,612] {local_task_job.py:273} INFO - 0 downstream tasks scheduled from follow-on schedule check
