[2024-10-09 10:09:11,872] {taskinstance.py:1159} INFO - Dependencies all met for <TaskInstance: get_crypto_dag.ETH scheduled__2024-09-16T00:00:00+00:00 [queued]>
[2024-10-09 10:09:11,886] {taskinstance.py:1159} INFO - Dependencies all met for <TaskInstance: get_crypto_dag.ETH scheduled__2024-09-16T00:00:00+00:00 [queued]>
[2024-10-09 10:09:11,886] {taskinstance.py:1356} INFO - 
--------------------------------------------------------------------------------
[2024-10-09 10:09:11,886] {taskinstance.py:1357} INFO - Starting attempt 1 of 1
[2024-10-09 10:09:11,886] {taskinstance.py:1358} INFO - 
--------------------------------------------------------------------------------
[2024-10-09 10:09:12,073] {taskinstance.py:1377} INFO - Executing <Task(_PythonDecoratedOperator): ETH> on 2024-09-16 00:00:00+00:00
[2024-10-09 10:09:12,114] {standard_task_runner.py:52} INFO - Started process 43648 to run task
[2024-10-09 10:09:12,116] {standard_task_runner.py:79} INFO - Running: ['airflow', 'tasks', 'run', 'get_crypto_dag', 'ETH', 'scheduled__2024-09-16T00:00:00+00:00', '--job-id', '338', '--raw', '--subdir', 'DAGS_FOLDER/get_crypto.py', '--cfg-path', '/tmp/tmpy9xoinem', '--error-file', '/tmp/tmp4ba1dg2n']
[2024-10-09 10:09:12,125] {standard_task_runner.py:80} INFO - Job 338: Subtask ETH
[2024-10-09 10:09:12,510] {task_command.py:370} INFO - Running <TaskInstance: get_crypto_dag.ETH scheduled__2024-09-16T00:00:00+00:00 [running]> on host ken
[2024-10-09 10:09:12,785] {taskinstance.py:1569} INFO - Exporting the following env vars:
AIRFLOW_CTX_DAG_OWNER=airflow
AIRFLOW_CTX_DAG_ID=get_crypto_dag
AIRFLOW_CTX_TASK_ID=ETH
AIRFLOW_CTX_EXECUTION_DATE=2024-09-16T00:00:00+00:00
AIRFLOW_CTX_TRY_NUMBER=1
AIRFLOW_CTX_DAG_RUN_ID=scheduled__2024-09-16T00:00:00+00:00
[2024-10-09 10:09:13,203] {history.py:244} ERROR - $ETH: possibly delisted; no price data found  (1h 2024-09-15 -> 2024-09-16)
[2024-10-09 10:09:23,216] {python.py:173} INFO - Done. Returned value was: None
[2024-10-09 10:09:23,268] {taskinstance.py:1395} INFO - Marking task as SUCCESS. dag_id=get_crypto_dag, task_id=ETH, execution_date=20240916T000000, start_date=20241009T130911, end_date=20241009T130923
[2024-10-09 10:09:23,375] {local_task_job.py:156} INFO - Task exited with return code 0
[2024-10-09 10:09:23,624] {local_task_job.py:273} INFO - 0 downstream tasks scheduled from follow-on schedule check
[2024-10-09 10:29:21,327] {taskinstance.py:1159} INFO - Dependencies all met for <TaskInstance: get_crypto_dag.ETH scheduled__2024-09-16T00:00:00+00:00 [queued]>
[2024-10-09 10:29:21,368] {taskinstance.py:1159} INFO - Dependencies all met for <TaskInstance: get_crypto_dag.ETH scheduled__2024-09-16T00:00:00+00:00 [queued]>
[2024-10-09 10:29:21,368] {taskinstance.py:1356} INFO - 
--------------------------------------------------------------------------------
[2024-10-09 10:29:21,368] {taskinstance.py:1357} INFO - Starting attempt 1 of 1
[2024-10-09 10:29:21,368] {taskinstance.py:1358} INFO - 
--------------------------------------------------------------------------------
[2024-10-09 10:29:21,405] {taskinstance.py:1377} INFO - Executing <Task(_PythonDecoratedOperator): ETH> on 2024-09-16 00:00:00+00:00
[2024-10-09 10:29:21,420] {standard_task_runner.py:52} INFO - Started process 51761 to run task
[2024-10-09 10:29:21,430] {standard_task_runner.py:79} INFO - Running: ['airflow', 'tasks', 'run', 'get_crypto_dag', 'ETH', 'scheduled__2024-09-16T00:00:00+00:00', '--job-id', '352', '--raw', '--subdir', 'DAGS_FOLDER/get_crypto.py', '--cfg-path', '/tmp/tmp6ntfoq7_', '--error-file', '/tmp/tmp1y36ulhq']
[2024-10-09 10:29:21,433] {standard_task_runner.py:80} INFO - Job 352: Subtask ETH
[2024-10-09 10:29:22,007] {task_command.py:370} INFO - Running <TaskInstance: get_crypto_dag.ETH scheduled__2024-09-16T00:00:00+00:00 [running]> on host ken
[2024-10-09 10:29:22,192] {taskinstance.py:1569} INFO - Exporting the following env vars:
AIRFLOW_CTX_DAG_OWNER=airflow
AIRFLOW_CTX_DAG_ID=get_crypto_dag
AIRFLOW_CTX_TASK_ID=ETH
AIRFLOW_CTX_EXECUTION_DATE=2024-09-16T00:00:00+00:00
AIRFLOW_CTX_TRY_NUMBER=1
AIRFLOW_CTX_DAG_RUN_ID=scheduled__2024-09-16T00:00:00+00:00
[2024-10-09 10:29:22,567] {history.py:244} ERROR - $ETH: possibly delisted; no price data found  (1h 2024-09-15 -> 2024-09-16)
[2024-10-09 10:29:32,582] {python.py:173} INFO - Done. Returned value was: None
[2024-10-09 10:29:32,643] {taskinstance.py:1395} INFO - Marking task as SUCCESS. dag_id=get_crypto_dag, task_id=ETH, execution_date=20240916T000000, start_date=20241009T132921, end_date=20241009T132932
[2024-10-09 10:29:32,754] {local_task_job.py:156} INFO - Task exited with return code 0
[2024-10-09 10:29:33,089] {local_task_job.py:273} INFO - 0 downstream tasks scheduled from follow-on schedule check
