[2024-10-09 10:32:03,404] {taskinstance.py:1159} INFO - Dependencies all met for <TaskInstance: get_crypto_dag.ETH scheduled__2024-09-19T00:00:00+00:00 [queued]>
[2024-10-09 10:32:03,415] {taskinstance.py:1159} INFO - Dependencies all met for <TaskInstance: get_crypto_dag.ETH scheduled__2024-09-19T00:00:00+00:00 [queued]>
[2024-10-09 10:32:03,415] {taskinstance.py:1356} INFO - 
--------------------------------------------------------------------------------
[2024-10-09 10:32:03,415] {taskinstance.py:1357} INFO - Starting attempt 1 of 1
[2024-10-09 10:32:03,415] {taskinstance.py:1358} INFO - 
--------------------------------------------------------------------------------
[2024-10-09 10:32:03,445] {taskinstance.py:1377} INFO - Executing <Task(_PythonDecoratedOperator): ETH> on 2024-09-19 00:00:00+00:00
[2024-10-09 10:32:03,456] {standard_task_runner.py:52} INFO - Started process 55646 to run task
[2024-10-09 10:32:03,464] {standard_task_runner.py:79} INFO - Running: ['airflow', 'tasks', 'run', 'get_crypto_dag', 'ETH', 'scheduled__2024-09-19T00:00:00+00:00', '--job-id', '372', '--raw', '--subdir', 'DAGS_FOLDER/get_crypto.py', '--cfg-path', '/tmp/tmp0r_qhaxl', '--error-file', '/tmp/tmp5jj17k9k']
[2024-10-09 10:32:03,466] {standard_task_runner.py:80} INFO - Job 372: Subtask ETH
[2024-10-09 10:32:03,710] {task_command.py:370} INFO - Running <TaskInstance: get_crypto_dag.ETH scheduled__2024-09-19T00:00:00+00:00 [running]> on host ken
[2024-10-09 10:32:03,838] {taskinstance.py:1569} INFO - Exporting the following env vars:
AIRFLOW_CTX_DAG_OWNER=airflow
AIRFLOW_CTX_DAG_ID=get_crypto_dag
AIRFLOW_CTX_TASK_ID=ETH
AIRFLOW_CTX_EXECUTION_DATE=2024-09-19T00:00:00+00:00
AIRFLOW_CTX_TRY_NUMBER=1
AIRFLOW_CTX_DAG_RUN_ID=scheduled__2024-09-19T00:00:00+00:00
[2024-10-09 10:32:14,463] {python.py:173} INFO - Done. Returned value was: None
[2024-10-09 10:32:14,506] {taskinstance.py:1395} INFO - Marking task as SUCCESS. dag_id=get_crypto_dag, task_id=ETH, execution_date=20240919T000000, start_date=20241009T133203, end_date=20241009T133214
[2024-10-09 10:32:15,956] {local_task_job.py:156} INFO - Task exited with return code 0
[2024-10-09 10:32:16,566] {local_task_job.py:273} INFO - 0 downstream tasks scheduled from follow-on schedule check
