[2024-10-08 17:06:30,467] {taskinstance.py:1159} INFO - Dependencies all met for <TaskInstance: get_stocks_dag.GOOG scheduled__2022-01-25T00:00:00+00:00 [queued]>
[2024-10-08 17:06:30,473] {taskinstance.py:1159} INFO - Dependencies all met for <TaskInstance: get_stocks_dag.GOOG scheduled__2022-01-25T00:00:00+00:00 [queued]>
[2024-10-08 17:06:30,473] {taskinstance.py:1356} INFO - 
--------------------------------------------------------------------------------
[2024-10-08 17:06:30,473] {taskinstance.py:1357} INFO - Starting attempt 1 of 1
[2024-10-08 17:06:30,473] {taskinstance.py:1358} INFO - 
--------------------------------------------------------------------------------
[2024-10-08 17:06:31,276] {taskinstance.py:1377} INFO - Executing <Task(_PythonDecoratedOperator): GOOG> on 2022-01-25 00:00:00+00:00
[2024-10-08 17:06:31,286] {standard_task_runner.py:52} INFO - Started process 28956 to run task
[2024-10-08 17:06:31,293] {standard_task_runner.py:79} INFO - Running: ['airflow', 'tasks', 'run', 'get_stocks_dag', 'GOOG', 'scheduled__2022-01-25T00:00:00+00:00', '--job-id', '89', '--raw', '--subdir', 'DAGS_FOLDER/get_stocks.py', '--cfg-path', '/tmp/tmpk8tjogbc', '--error-file', '/tmp/tmptpnfjbbs']
[2024-10-08 17:06:31,295] {standard_task_runner.py:80} INFO - Job 89: Subtask GOOG
[2024-10-08 17:06:31,973] {task_command.py:370} INFO - Running <TaskInstance: get_stocks_dag.GOOG scheduled__2022-01-25T00:00:00+00:00 [running]> on host ken
[2024-10-08 17:06:32,171] {taskinstance.py:1569} INFO - Exporting the following env vars:
AIRFLOW_CTX_DAG_OWNER=airflow
AIRFLOW_CTX_DAG_ID=get_stocks_dag
AIRFLOW_CTX_TASK_ID=GOOG
AIRFLOW_CTX_EXECUTION_DATE=2022-01-25T00:00:00+00:00
AIRFLOW_CTX_TRY_NUMBER=1
AIRFLOW_CTX_DAG_RUN_ID=scheduled__2022-01-25T00:00:00+00:00
[2024-10-08 17:06:36,099] {history.py:244} ERROR - $GOOG: possibly delisted; no price data found  (1h 2022-01-24 -> 2022-01-25) (Yahoo error = "1h data not available for startTime=1643000400 and endTime=1643086800. The requested range must be within the last 730 days.")
[2024-10-08 17:06:36,106] {python.py:173} INFO - Done. Returned value was: None
[2024-10-08 17:06:36,120] {taskinstance.py:1395} INFO - Marking task as SUCCESS. dag_id=get_stocks_dag, task_id=GOOG, execution_date=20220125T000000, start_date=20241008T200630, end_date=20241008T200636
[2024-10-08 17:06:37,282] {local_task_job.py:156} INFO - Task exited with return code 0
[2024-10-08 17:06:37,291] {local_task_job.py:273} INFO - 0 downstream tasks scheduled from follow-on schedule check
