[2024-10-08 17:21:33,011] {taskinstance.py:1159} INFO - Dependencies all met for <TaskInstance: get_stocks_dag.GOOG scheduled__2024-10-01T00:00:00+00:00 [queued]>
[2024-10-08 17:21:33,017] {taskinstance.py:1159} INFO - Dependencies all met for <TaskInstance: get_stocks_dag.GOOG scheduled__2024-10-01T00:00:00+00:00 [queued]>
[2024-10-08 17:21:33,017] {taskinstance.py:1356} INFO - 
--------------------------------------------------------------------------------
[2024-10-08 17:21:33,018] {taskinstance.py:1357} INFO - Starting attempt 1 of 1
[2024-10-08 17:21:33,018] {taskinstance.py:1358} INFO - 
--------------------------------------------------------------------------------
[2024-10-08 17:21:33,130] {taskinstance.py:1377} INFO - Executing <Task(_PythonDecoratedOperator): GOOG> on 2024-10-01 00:00:00+00:00
[2024-10-08 17:21:33,139] {standard_task_runner.py:52} INFO - Started process 39130 to run task
[2024-10-08 17:21:33,145] {standard_task_runner.py:79} INFO - Running: ['airflow', 'tasks', 'run', 'get_stocks_dag', 'GOOG', 'scheduled__2024-10-01T00:00:00+00:00', '--job-id', '180', '--raw', '--subdir', 'DAGS_FOLDER/get_stocks.py', '--cfg-path', '/tmp/tmphhi3ncvi', '--error-file', '/tmp/tmp10vs7dp4']
[2024-10-08 17:21:33,146] {standard_task_runner.py:80} INFO - Job 180: Subtask GOOG
[2024-10-08 17:21:33,264] {task_command.py:370} INFO - Running <TaskInstance: get_stocks_dag.GOOG scheduled__2024-10-01T00:00:00+00:00 [running]> on host ken
[2024-10-08 17:21:33,627] {taskinstance.py:1569} INFO - Exporting the following env vars:
AIRFLOW_CTX_DAG_OWNER=airflow
AIRFLOW_CTX_DAG_ID=get_stocks_dag
AIRFLOW_CTX_TASK_ID=GOOG
AIRFLOW_CTX_EXECUTION_DATE=2024-10-01T00:00:00+00:00
AIRFLOW_CTX_TRY_NUMBER=1
AIRFLOW_CTX_DAG_RUN_ID=scheduled__2024-10-01T00:00:00+00:00
[2024-10-08 17:21:34,578] {python.py:173} INFO - Done. Returned value was: None
[2024-10-08 17:21:34,585] {taskinstance.py:1395} INFO - Marking task as SUCCESS. dag_id=get_stocks_dag, task_id=GOOG, execution_date=20241001T000000, start_date=20241008T202133, end_date=20241008T202134
[2024-10-08 17:21:34,682] {local_task_job.py:156} INFO - Task exited with return code 0
[2024-10-08 17:21:34,714] {local_task_job.py:273} INFO - 0 downstream tasks scheduled from follow-on schedule check
[2024-10-08 23:21:45,598] {taskinstance.py:1159} INFO - Dependencies all met for <TaskInstance: get_stocks_dag.GOOG scheduled__2024-10-01T00:00:00+00:00 [queued]>
[2024-10-08 23:21:45,624] {taskinstance.py:1159} INFO - Dependencies all met for <TaskInstance: get_stocks_dag.GOOG scheduled__2024-10-01T00:00:00+00:00 [queued]>
[2024-10-08 23:21:45,625] {taskinstance.py:1356} INFO - 
--------------------------------------------------------------------------------
[2024-10-08 23:21:45,626] {taskinstance.py:1357} INFO - Starting attempt 1 of 1
[2024-10-08 23:21:45,626] {taskinstance.py:1358} INFO - 
--------------------------------------------------------------------------------
[2024-10-08 23:21:45,666] {taskinstance.py:1377} INFO - Executing <Task(_PythonDecoratedOperator): GOOG> on 2024-10-01 00:00:00+00:00
[2024-10-08 23:21:45,677] {standard_task_runner.py:52} INFO - Started process 22394 to run task
[2024-10-08 23:21:45,681] {standard_task_runner.py:79} INFO - Running: ['airflow', 'tasks', 'run', 'get_stocks_dag', 'GOOG', 'scheduled__2024-10-01T00:00:00+00:00', '--job-id', '46', '--raw', '--subdir', 'DAGS_FOLDER/get_stocks.py', '--cfg-path', '/tmp/tmp5bwce93e', '--error-file', '/tmp/tmpfqu8usdb']
[2024-10-08 23:21:45,682] {standard_task_runner.py:80} INFO - Job 46: Subtask GOOG
[2024-10-08 23:21:45,824] {task_command.py:370} INFO - Running <TaskInstance: get_stocks_dag.GOOG scheduled__2024-10-01T00:00:00+00:00 [running]> on host ken
[2024-10-08 23:21:45,976] {taskinstance.py:1569} INFO - Exporting the following env vars:
AIRFLOW_CTX_DAG_OWNER=airflow
AIRFLOW_CTX_DAG_ID=get_stocks_dag
AIRFLOW_CTX_TASK_ID=GOOG
AIRFLOW_CTX_EXECUTION_DATE=2024-10-01T00:00:00+00:00
AIRFLOW_CTX_TRY_NUMBER=1
AIRFLOW_CTX_DAG_RUN_ID=scheduled__2024-10-01T00:00:00+00:00
[2024-10-08 23:21:47,512] {python.py:173} INFO - Done. Returned value was: None
[2024-10-08 23:21:48,679] {taskinstance.py:1395} INFO - Marking task as SUCCESS. dag_id=get_stocks_dag, task_id=GOOG, execution_date=20241001T000000, start_date=20241009T022145, end_date=20241009T022148
[2024-10-08 23:21:48,791] {local_task_job.py:156} INFO - Task exited with return code 0
[2024-10-08 23:21:48,925] {local_task_job.py:273} INFO - 0 downstream tasks scheduled from follow-on schedule check
[2024-10-09 01:01:15,050] {taskinstance.py:1159} INFO - Dependencies all met for <TaskInstance: get_stocks_dag.GOOG scheduled__2024-10-01T00:00:00+00:00 [queued]>
[2024-10-09 01:01:15,065] {taskinstance.py:1159} INFO - Dependencies all met for <TaskInstance: get_stocks_dag.GOOG scheduled__2024-10-01T00:00:00+00:00 [queued]>
[2024-10-09 01:01:15,065] {taskinstance.py:1356} INFO - 
--------------------------------------------------------------------------------
[2024-10-09 01:01:15,066] {taskinstance.py:1357} INFO - Starting attempt 1 of 1
[2024-10-09 01:01:15,066] {taskinstance.py:1358} INFO - 
--------------------------------------------------------------------------------
[2024-10-09 01:01:15,113] {taskinstance.py:1377} INFO - Executing <Task(_PythonDecoratedOperator): GOOG> on 2024-10-01 00:00:00+00:00
[2024-10-09 01:01:15,119] {standard_task_runner.py:52} INFO - Started process 42205 to run task
[2024-10-09 01:01:15,123] {standard_task_runner.py:79} INFO - Running: ['airflow', 'tasks', 'run', 'get_stocks_dag', 'GOOG', 'scheduled__2024-10-01T00:00:00+00:00', '--job-id', '111', '--raw', '--subdir', 'DAGS_FOLDER/get_stocks.py', '--cfg-path', '/tmp/tmpk_cyrhox', '--error-file', '/tmp/tmpyrrt7n4w']
[2024-10-09 01:01:15,124] {standard_task_runner.py:80} INFO - Job 111: Subtask GOOG
[2024-10-09 01:01:15,275] {task_command.py:370} INFO - Running <TaskInstance: get_stocks_dag.GOOG scheduled__2024-10-01T00:00:00+00:00 [running]> on host ken
[2024-10-09 01:01:15,456] {taskinstance.py:1569} INFO - Exporting the following env vars:
AIRFLOW_CTX_DAG_OWNER=airflow
AIRFLOW_CTX_DAG_ID=get_stocks_dag
AIRFLOW_CTX_TASK_ID=GOOG
AIRFLOW_CTX_EXECUTION_DATE=2024-10-01T00:00:00+00:00
AIRFLOW_CTX_TRY_NUMBER=1
AIRFLOW_CTX_DAG_RUN_ID=scheduled__2024-10-01T00:00:00+00:00
[2024-10-09 01:01:18,745] {history.py:244} ERROR - $GOOG: possibly delisted; no price data found  (1h 2024-09-30 -> 2024-10-01)
[2024-10-09 01:01:18,766] {python.py:173} INFO - Done. Returned value was: None
[2024-10-09 01:01:19,162] {taskinstance.py:1395} INFO - Marking task as SUCCESS. dag_id=get_stocks_dag, task_id=GOOG, execution_date=20241001T000000, start_date=20241009T040115, end_date=20241009T040119
[2024-10-09 01:01:19,833] {local_task_job.py:156} INFO - Task exited with return code 0
[2024-10-09 01:01:19,933] {local_task_job.py:273} INFO - 0 downstream tasks scheduled from follow-on schedule check
[2024-10-09 09:34:41,064] {taskinstance.py:1159} INFO - Dependencies all met for <TaskInstance: get_stocks_dag.GOOG scheduled__2024-10-01T00:00:00+00:00 [queued]>
[2024-10-09 09:34:41,083] {taskinstance.py:1159} INFO - Dependencies all met for <TaskInstance: get_stocks_dag.GOOG scheduled__2024-10-01T00:00:00+00:00 [queued]>
[2024-10-09 09:34:41,083] {taskinstance.py:1356} INFO - 
--------------------------------------------------------------------------------
[2024-10-09 09:34:41,083] {taskinstance.py:1357} INFO - Starting attempt 1 of 1
[2024-10-09 09:34:41,084] {taskinstance.py:1358} INFO - 
--------------------------------------------------------------------------------
[2024-10-09 09:34:41,128] {taskinstance.py:1377} INFO - Executing <Task(_PythonDecoratedOperator): GOOG> on 2024-10-01 00:00:00+00:00
[2024-10-09 09:34:41,135] {standard_task_runner.py:52} INFO - Started process 15901 to run task
[2024-10-09 09:34:41,139] {standard_task_runner.py:79} INFO - Running: ['airflow', 'tasks', 'run', 'get_stocks_dag', 'GOOG', 'scheduled__2024-10-01T00:00:00+00:00', '--job-id', '176', '--raw', '--subdir', 'DAGS_FOLDER/get_stocks.py', '--cfg-path', '/tmp/tmp7k0v965z', '--error-file', '/tmp/tmpip4ofju1']
[2024-10-09 09:34:41,141] {standard_task_runner.py:80} INFO - Job 176: Subtask GOOG
[2024-10-09 09:34:41,407] {task_command.py:370} INFO - Running <TaskInstance: get_stocks_dag.GOOG scheduled__2024-10-01T00:00:00+00:00 [running]> on host ken
[2024-10-09 09:34:41,532] {taskinstance.py:1569} INFO - Exporting the following env vars:
AIRFLOW_CTX_DAG_OWNER=airflow
AIRFLOW_CTX_DAG_ID=get_stocks_dag
AIRFLOW_CTX_TASK_ID=GOOG
AIRFLOW_CTX_EXECUTION_DATE=2024-10-01T00:00:00+00:00
AIRFLOW_CTX_TRY_NUMBER=1
AIRFLOW_CTX_DAG_RUN_ID=scheduled__2024-10-01T00:00:00+00:00
[2024-10-09 09:34:43,254] {python.py:173} INFO - Done. Returned value was: None
[2024-10-09 09:34:43,769] {taskinstance.py:1395} INFO - Marking task as SUCCESS. dag_id=get_stocks_dag, task_id=GOOG, execution_date=20241001T000000, start_date=20241009T123441, end_date=20241009T123443
[2024-10-09 09:34:43,840] {local_task_job.py:156} INFO - Task exited with return code 0
[2024-10-09 09:34:44,063] {local_task_job.py:273} INFO - 0 downstream tasks scheduled from follow-on schedule check
[2024-10-09 09:44:17,385] {taskinstance.py:1159} INFO - Dependencies all met for <TaskInstance: get_stocks_dag.GOOG scheduled__2024-10-01T00:00:00+00:00 [queued]>
[2024-10-09 09:44:17,416] {taskinstance.py:1159} INFO - Dependencies all met for <TaskInstance: get_stocks_dag.GOOG scheduled__2024-10-01T00:00:00+00:00 [queued]>
[2024-10-09 09:44:17,416] {taskinstance.py:1356} INFO - 
--------------------------------------------------------------------------------
[2024-10-09 09:44:17,416] {taskinstance.py:1357} INFO - Starting attempt 1 of 1
[2024-10-09 09:44:17,416] {taskinstance.py:1358} INFO - 
--------------------------------------------------------------------------------
[2024-10-09 09:44:17,458] {taskinstance.py:1377} INFO - Executing <Task(_PythonDecoratedOperator): GOOG> on 2024-10-01 00:00:00+00:00
[2024-10-09 09:44:17,465] {standard_task_runner.py:52} INFO - Started process 23823 to run task
[2024-10-09 09:44:17,469] {standard_task_runner.py:79} INFO - Running: ['airflow', 'tasks', 'run', 'get_stocks_dag', 'GOOG', 'scheduled__2024-10-01T00:00:00+00:00', '--job-id', '240', '--raw', '--subdir', 'DAGS_FOLDER/get_stocks.py', '--cfg-path', '/tmp/tmp4jri7ntg', '--error-file', '/tmp/tmp0m9_rgfx']
[2024-10-09 09:44:17,470] {standard_task_runner.py:80} INFO - Job 240: Subtask GOOG
[2024-10-09 09:44:17,717] {task_command.py:370} INFO - Running <TaskInstance: get_stocks_dag.GOOG scheduled__2024-10-01T00:00:00+00:00 [running]> on host ken
[2024-10-09 09:44:17,838] {taskinstance.py:1569} INFO - Exporting the following env vars:
AIRFLOW_CTX_DAG_OWNER=airflow
AIRFLOW_CTX_DAG_ID=get_stocks_dag
AIRFLOW_CTX_TASK_ID=GOOG
AIRFLOW_CTX_EXECUTION_DATE=2024-10-01T00:00:00+00:00
AIRFLOW_CTX_TRY_NUMBER=1
AIRFLOW_CTX_DAG_RUN_ID=scheduled__2024-10-01T00:00:00+00:00
[2024-10-09 09:44:18,445] {python.py:173} INFO - Done. Returned value was: None
[2024-10-09 09:44:18,502] {taskinstance.py:1395} INFO - Marking task as SUCCESS. dag_id=get_stocks_dag, task_id=GOOG, execution_date=20241001T000000, start_date=20241009T124417, end_date=20241009T124418
[2024-10-09 09:44:18,603] {local_task_job.py:156} INFO - Task exited with return code 0
[2024-10-09 09:44:20,582] {local_task_job.py:273} INFO - 0 downstream tasks scheduled from follow-on schedule check
[2024-10-09 09:48:18,483] {taskinstance.py:1159} INFO - Dependencies all met for <TaskInstance: get_stocks_dag.GOOG scheduled__2024-10-01T00:00:00+00:00 [queued]>
[2024-10-09 09:48:18,507] {taskinstance.py:1159} INFO - Dependencies all met for <TaskInstance: get_stocks_dag.GOOG scheduled__2024-10-01T00:00:00+00:00 [queued]>
[2024-10-09 09:48:18,507] {taskinstance.py:1356} INFO - 
--------------------------------------------------------------------------------
[2024-10-09 09:48:18,508] {taskinstance.py:1357} INFO - Starting attempt 1 of 1
[2024-10-09 09:48:18,508] {taskinstance.py:1358} INFO - 
--------------------------------------------------------------------------------
[2024-10-09 09:48:18,550] {taskinstance.py:1377} INFO - Executing <Task(_PythonDecoratedOperator): GOOG> on 2024-10-01 00:00:00+00:00
[2024-10-09 09:48:18,556] {standard_task_runner.py:52} INFO - Started process 30210 to run task
[2024-10-09 09:48:18,561] {standard_task_runner.py:79} INFO - Running: ['airflow', 'tasks', 'run', 'get_stocks_dag', 'GOOG', 'scheduled__2024-10-01T00:00:00+00:00', '--job-id', '304', '--raw', '--subdir', 'DAGS_FOLDER/get_stocks.py', '--cfg-path', '/tmp/tmpgqx0tv6x', '--error-file', '/tmp/tmpz_mmpdsh']
[2024-10-09 09:48:18,564] {standard_task_runner.py:80} INFO - Job 304: Subtask GOOG
[2024-10-09 09:48:18,974] {task_command.py:370} INFO - Running <TaskInstance: get_stocks_dag.GOOG scheduled__2024-10-01T00:00:00+00:00 [running]> on host ken
[2024-10-09 09:48:19,125] {taskinstance.py:1569} INFO - Exporting the following env vars:
AIRFLOW_CTX_DAG_OWNER=airflow
AIRFLOW_CTX_DAG_ID=get_stocks_dag
AIRFLOW_CTX_TASK_ID=GOOG
AIRFLOW_CTX_EXECUTION_DATE=2024-10-01T00:00:00+00:00
AIRFLOW_CTX_TRY_NUMBER=1
AIRFLOW_CTX_DAG_RUN_ID=scheduled__2024-10-01T00:00:00+00:00
[2024-10-09 09:48:19,753] {python.py:173} INFO - Done. Returned value was: None
[2024-10-09 09:48:20,823] {taskinstance.py:1395} INFO - Marking task as SUCCESS. dag_id=get_stocks_dag, task_id=GOOG, execution_date=20241001T000000, start_date=20241009T124818, end_date=20241009T124820
[2024-10-09 09:48:20,946] {local_task_job.py:156} INFO - Task exited with return code 0
[2024-10-09 09:48:21,250] {local_task_job.py:273} INFO - 0 downstream tasks scheduled from follow-on schedule check
[2024-10-09 10:42:33,446] {taskinstance.py:1159} INFO - Dependencies all met for <TaskInstance: get_stocks_dag.GOOG scheduled__2024-10-01T00:00:00+00:00 [queued]>
[2024-10-09 10:42:33,514] {taskinstance.py:1159} INFO - Dependencies all met for <TaskInstance: get_stocks_dag.GOOG scheduled__2024-10-01T00:00:00+00:00 [queued]>
[2024-10-09 10:42:33,514] {taskinstance.py:1356} INFO - 
--------------------------------------------------------------------------------
[2024-10-09 10:42:33,515] {taskinstance.py:1357} INFO - Starting attempt 1 of 1
[2024-10-09 10:42:33,515] {taskinstance.py:1358} INFO - 
--------------------------------------------------------------------------------
[2024-10-09 10:42:33,590] {taskinstance.py:1377} INFO - Executing <Task(_PythonDecoratedOperator): GOOG> on 2024-10-01 00:00:00+00:00
[2024-10-09 10:42:33,616] {standard_task_runner.py:52} INFO - Started process 70349 to run task
[2024-10-09 10:42:33,627] {standard_task_runner.py:79} INFO - Running: ['airflow', 'tasks', 'run', 'get_stocks_dag', 'GOOG', 'scheduled__2024-10-01T00:00:00+00:00', '--job-id', '456', '--raw', '--subdir', 'DAGS_FOLDER/get_stocks.py', '--cfg-path', '/tmp/tmpcu_wncu7', '--error-file', '/tmp/tmpac2nmv0j']
[2024-10-09 10:42:33,629] {standard_task_runner.py:80} INFO - Job 456: Subtask GOOG
[2024-10-09 10:42:33,951] {task_command.py:370} INFO - Running <TaskInstance: get_stocks_dag.GOOG scheduled__2024-10-01T00:00:00+00:00 [running]> on host ken
[2024-10-09 10:42:34,076] {taskinstance.py:1569} INFO - Exporting the following env vars:
AIRFLOW_CTX_DAG_OWNER=airflow
AIRFLOW_CTX_DAG_ID=get_stocks_dag
AIRFLOW_CTX_TASK_ID=GOOG
AIRFLOW_CTX_EXECUTION_DATE=2024-10-01T00:00:00+00:00
AIRFLOW_CTX_TRY_NUMBER=1
AIRFLOW_CTX_DAG_RUN_ID=scheduled__2024-10-01T00:00:00+00:00
[2024-10-09 10:42:44,864] {python.py:173} INFO - Done. Returned value was: None
[2024-10-09 10:42:45,101] {taskinstance.py:1395} INFO - Marking task as SUCCESS. dag_id=get_stocks_dag, task_id=GOOG, execution_date=20241001T000000, start_date=20241009T134233, end_date=20241009T134245
[2024-10-09 10:42:45,247] {local_task_job.py:156} INFO - Task exited with return code 0
[2024-10-09 10:42:45,508] {local_task_job.py:273} INFO - 0 downstream tasks scheduled from follow-on schedule check
