[2024-10-08 17:20:47,339] {taskinstance.py:1159} INFO - Dependencies all met for <TaskInstance: get_stocks_dag.MSFT scheduled__2024-09-28T00:00:00+00:00 [queued]>
[2024-10-08 17:20:47,344] {taskinstance.py:1159} INFO - Dependencies all met for <TaskInstance: get_stocks_dag.MSFT scheduled__2024-09-28T00:00:00+00:00 [queued]>
[2024-10-08 17:20:47,344] {taskinstance.py:1356} INFO - 
--------------------------------------------------------------------------------
[2024-10-08 17:20:47,344] {taskinstance.py:1357} INFO - Starting attempt 1 of 1
[2024-10-08 17:20:47,344] {taskinstance.py:1358} INFO - 
--------------------------------------------------------------------------------
[2024-10-08 17:20:47,460] {taskinstance.py:1377} INFO - Executing <Task(_PythonDecoratedOperator): MSFT> on 2024-09-28 00:00:00+00:00
[2024-10-08 17:20:47,470] {standard_task_runner.py:52} INFO - Started process 38588 to run task
[2024-10-08 17:20:47,477] {standard_task_runner.py:79} INFO - Running: ['airflow', 'tasks', 'run', 'get_stocks_dag', 'MSFT', 'scheduled__2024-09-28T00:00:00+00:00', '--job-id', '175', '--raw', '--subdir', 'DAGS_FOLDER/get_stocks.py', '--cfg-path', '/tmp/tmpgcc1v_2k', '--error-file', '/tmp/tmpaz7njjhd']
[2024-10-08 17:20:47,479] {standard_task_runner.py:80} INFO - Job 175: Subtask MSFT
[2024-10-08 17:20:47,628] {task_command.py:370} INFO - Running <TaskInstance: get_stocks_dag.MSFT scheduled__2024-09-28T00:00:00+00:00 [running]> on host ken
[2024-10-08 17:20:47,990] {taskinstance.py:1569} INFO - Exporting the following env vars:
AIRFLOW_CTX_DAG_OWNER=airflow
AIRFLOW_CTX_DAG_ID=get_stocks_dag
AIRFLOW_CTX_TASK_ID=MSFT
AIRFLOW_CTX_EXECUTION_DATE=2024-09-28T00:00:00+00:00
AIRFLOW_CTX_TRY_NUMBER=1
AIRFLOW_CTX_DAG_RUN_ID=scheduled__2024-09-28T00:00:00+00:00
[2024-10-08 17:20:48,899] {python.py:173} INFO - Done. Returned value was: None
[2024-10-08 17:20:48,905] {taskinstance.py:1395} INFO - Marking task as SUCCESS. dag_id=get_stocks_dag, task_id=MSFT, execution_date=20240928T000000, start_date=20241008T202047, end_date=20241008T202048
[2024-10-08 17:20:50,583] {local_task_job.py:156} INFO - Task exited with return code 0
[2024-10-08 17:20:51,749] {local_task_job.py:273} INFO - 0 downstream tasks scheduled from follow-on schedule check
[2024-10-08 23:21:44,312] {taskinstance.py:1159} INFO - Dependencies all met for <TaskInstance: get_stocks_dag.MSFT scheduled__2024-09-28T00:00:00+00:00 [queued]>
[2024-10-08 23:21:44,355] {taskinstance.py:1159} INFO - Dependencies all met for <TaskInstance: get_stocks_dag.MSFT scheduled__2024-09-28T00:00:00+00:00 [queued]>
[2024-10-08 23:21:44,356] {taskinstance.py:1356} INFO - 
--------------------------------------------------------------------------------
[2024-10-08 23:21:44,357] {taskinstance.py:1357} INFO - Starting attempt 1 of 1
[2024-10-08 23:21:44,357] {taskinstance.py:1358} INFO - 
--------------------------------------------------------------------------------
[2024-10-08 23:21:44,441] {taskinstance.py:1377} INFO - Executing <Task(_PythonDecoratedOperator): MSFT> on 2024-09-28 00:00:00+00:00
[2024-10-08 23:21:44,485] {standard_task_runner.py:52} INFO - Started process 22336 to run task
[2024-10-08 23:21:44,493] {standard_task_runner.py:79} INFO - Running: ['airflow', 'tasks', 'run', 'get_stocks_dag', 'MSFT', 'scheduled__2024-09-28T00:00:00+00:00', '--job-id', '40', '--raw', '--subdir', 'DAGS_FOLDER/get_stocks.py', '--cfg-path', '/tmp/tmp7q623a9d', '--error-file', '/tmp/tmpovg7rc37']
[2024-10-08 23:21:44,496] {standard_task_runner.py:80} INFO - Job 40: Subtask MSFT
[2024-10-08 23:21:44,708] {task_command.py:370} INFO - Running <TaskInstance: get_stocks_dag.MSFT scheduled__2024-09-28T00:00:00+00:00 [running]> on host ken
[2024-10-08 23:21:45,003] {taskinstance.py:1569} INFO - Exporting the following env vars:
AIRFLOW_CTX_DAG_OWNER=airflow
AIRFLOW_CTX_DAG_ID=get_stocks_dag
AIRFLOW_CTX_TASK_ID=MSFT
AIRFLOW_CTX_EXECUTION_DATE=2024-09-28T00:00:00+00:00
AIRFLOW_CTX_TRY_NUMBER=1
AIRFLOW_CTX_DAG_RUN_ID=scheduled__2024-09-28T00:00:00+00:00
[2024-10-08 23:21:47,796] {python.py:173} INFO - Done. Returned value was: None
[2024-10-08 23:21:48,728] {taskinstance.py:1395} INFO - Marking task as SUCCESS. dag_id=get_stocks_dag, task_id=MSFT, execution_date=20240928T000000, start_date=20241009T022144, end_date=20241009T022148
[2024-10-08 23:21:48,867] {local_task_job.py:156} INFO - Task exited with return code 0
[2024-10-08 23:21:49,008] {local_task_job.py:273} INFO - 0 downstream tasks scheduled from follow-on schedule check
[2024-10-09 01:00:57,245] {taskinstance.py:1159} INFO - Dependencies all met for <TaskInstance: get_stocks_dag.MSFT scheduled__2024-09-28T00:00:00+00:00 [queued]>
[2024-10-09 01:00:57,268] {taskinstance.py:1159} INFO - Dependencies all met for <TaskInstance: get_stocks_dag.MSFT scheduled__2024-09-28T00:00:00+00:00 [queued]>
[2024-10-09 01:00:57,268] {taskinstance.py:1356} INFO - 
--------------------------------------------------------------------------------
[2024-10-09 01:00:57,268] {taskinstance.py:1357} INFO - Starting attempt 1 of 1
[2024-10-09 01:00:57,268] {taskinstance.py:1358} INFO - 
--------------------------------------------------------------------------------
[2024-10-09 01:00:58,460] {taskinstance.py:1377} INFO - Executing <Task(_PythonDecoratedOperator): MSFT> on 2024-09-28 00:00:00+00:00
[2024-10-09 01:00:58,468] {standard_task_runner.py:52} INFO - Started process 41585 to run task
[2024-10-09 01:00:58,471] {standard_task_runner.py:79} INFO - Running: ['airflow', 'tasks', 'run', 'get_stocks_dag', 'MSFT', 'scheduled__2024-09-28T00:00:00+00:00', '--job-id', '106', '--raw', '--subdir', 'DAGS_FOLDER/get_stocks.py', '--cfg-path', '/tmp/tmp8h6pxstf', '--error-file', '/tmp/tmpvr8uj4zr']
[2024-10-09 01:00:58,472] {standard_task_runner.py:80} INFO - Job 106: Subtask MSFT
[2024-10-09 01:00:58,563] {task_command.py:370} INFO - Running <TaskInstance: get_stocks_dag.MSFT scheduled__2024-09-28T00:00:00+00:00 [running]> on host ken
[2024-10-09 01:00:58,705] {taskinstance.py:1569} INFO - Exporting the following env vars:
AIRFLOW_CTX_DAG_OWNER=airflow
AIRFLOW_CTX_DAG_ID=get_stocks_dag
AIRFLOW_CTX_TASK_ID=MSFT
AIRFLOW_CTX_EXECUTION_DATE=2024-09-28T00:00:00+00:00
AIRFLOW_CTX_TRY_NUMBER=1
AIRFLOW_CTX_DAG_RUN_ID=scheduled__2024-09-28T00:00:00+00:00
[2024-10-09 01:01:02,366] {history.py:244} ERROR - $MSFT: possibly delisted; no price data found  (1h 2024-09-27 -> 2024-09-28)
[2024-10-09 01:01:02,373] {python.py:173} INFO - Done. Returned value was: None
[2024-10-09 01:01:02,401] {taskinstance.py:1395} INFO - Marking task as SUCCESS. dag_id=get_stocks_dag, task_id=MSFT, execution_date=20240928T000000, start_date=20241009T040057, end_date=20241009T040102
[2024-10-09 01:01:02,703] {local_task_job.py:156} INFO - Task exited with return code 0
[2024-10-09 01:01:02,923] {local_task_job.py:273} INFO - 0 downstream tasks scheduled from follow-on schedule check
[2024-10-09 09:34:33,530] {taskinstance.py:1159} INFO - Dependencies all met for <TaskInstance: get_stocks_dag.MSFT scheduled__2024-09-28T00:00:00+00:00 [queued]>
[2024-10-09 09:34:33,554] {taskinstance.py:1159} INFO - Dependencies all met for <TaskInstance: get_stocks_dag.MSFT scheduled__2024-09-28T00:00:00+00:00 [queued]>
[2024-10-09 09:34:33,555] {taskinstance.py:1356} INFO - 
--------------------------------------------------------------------------------
[2024-10-09 09:34:33,555] {taskinstance.py:1357} INFO - Starting attempt 1 of 1
[2024-10-09 09:34:33,555] {taskinstance.py:1358} INFO - 
--------------------------------------------------------------------------------
[2024-10-09 09:34:33,588] {taskinstance.py:1377} INFO - Executing <Task(_PythonDecoratedOperator): MSFT> on 2024-09-28 00:00:00+00:00
[2024-10-09 09:34:33,596] {standard_task_runner.py:52} INFO - Started process 15579 to run task
[2024-10-09 09:34:33,601] {standard_task_runner.py:79} INFO - Running: ['airflow', 'tasks', 'run', 'get_stocks_dag', 'MSFT', 'scheduled__2024-09-28T00:00:00+00:00', '--job-id', '171', '--raw', '--subdir', 'DAGS_FOLDER/get_stocks.py', '--cfg-path', '/tmp/tmpj26jh9u9', '--error-file', '/tmp/tmpt9v2wlyc']
[2024-10-09 09:34:33,602] {standard_task_runner.py:80} INFO - Job 171: Subtask MSFT
[2024-10-09 09:34:33,917] {task_command.py:370} INFO - Running <TaskInstance: get_stocks_dag.MSFT scheduled__2024-09-28T00:00:00+00:00 [running]> on host ken
[2024-10-09 09:34:34,090] {taskinstance.py:1569} INFO - Exporting the following env vars:
AIRFLOW_CTX_DAG_OWNER=airflow
AIRFLOW_CTX_DAG_ID=get_stocks_dag
AIRFLOW_CTX_TASK_ID=MSFT
AIRFLOW_CTX_EXECUTION_DATE=2024-09-28T00:00:00+00:00
AIRFLOW_CTX_TRY_NUMBER=1
AIRFLOW_CTX_DAG_RUN_ID=scheduled__2024-09-28T00:00:00+00:00
[2024-10-09 09:34:34,458] {python.py:173} INFO - Done. Returned value was: None
[2024-10-09 09:34:34,483] {taskinstance.py:1395} INFO - Marking task as SUCCESS. dag_id=get_stocks_dag, task_id=MSFT, execution_date=20240928T000000, start_date=20241009T123433, end_date=20241009T123434
[2024-10-09 09:34:34,536] {local_task_job.py:156} INFO - Task exited with return code 0
[2024-10-09 09:34:34,752] {local_task_job.py:273} INFO - 0 downstream tasks scheduled from follow-on schedule check
[2024-10-09 09:44:03,496] {taskinstance.py:1159} INFO - Dependencies all met for <TaskInstance: get_stocks_dag.MSFT scheduled__2024-09-28T00:00:00+00:00 [queued]>
[2024-10-09 09:44:03,519] {taskinstance.py:1159} INFO - Dependencies all met for <TaskInstance: get_stocks_dag.MSFT scheduled__2024-09-28T00:00:00+00:00 [queued]>
[2024-10-09 09:44:03,519] {taskinstance.py:1356} INFO - 
--------------------------------------------------------------------------------
[2024-10-09 09:44:03,519] {taskinstance.py:1357} INFO - Starting attempt 1 of 1
[2024-10-09 09:44:03,519] {taskinstance.py:1358} INFO - 
--------------------------------------------------------------------------------
[2024-10-09 09:44:03,551] {taskinstance.py:1377} INFO - Executing <Task(_PythonDecoratedOperator): MSFT> on 2024-09-28 00:00:00+00:00
[2024-10-09 09:44:03,560] {standard_task_runner.py:52} INFO - Started process 23354 to run task
[2024-10-09 09:44:03,565] {standard_task_runner.py:79} INFO - Running: ['airflow', 'tasks', 'run', 'get_stocks_dag', 'MSFT', 'scheduled__2024-09-28T00:00:00+00:00', '--job-id', '235', '--raw', '--subdir', 'DAGS_FOLDER/get_stocks.py', '--cfg-path', '/tmp/tmp4vbtyocz', '--error-file', '/tmp/tmp10idxoi7']
[2024-10-09 09:44:03,565] {standard_task_runner.py:80} INFO - Job 235: Subtask MSFT
[2024-10-09 09:44:03,832] {task_command.py:370} INFO - Running <TaskInstance: get_stocks_dag.MSFT scheduled__2024-09-28T00:00:00+00:00 [running]> on host ken
[2024-10-09 09:44:04,000] {taskinstance.py:1569} INFO - Exporting the following env vars:
AIRFLOW_CTX_DAG_OWNER=airflow
AIRFLOW_CTX_DAG_ID=get_stocks_dag
AIRFLOW_CTX_TASK_ID=MSFT
AIRFLOW_CTX_EXECUTION_DATE=2024-09-28T00:00:00+00:00
AIRFLOW_CTX_TRY_NUMBER=1
AIRFLOW_CTX_DAG_RUN_ID=scheduled__2024-09-28T00:00:00+00:00
[2024-10-09 09:44:04,716] {python.py:173} INFO - Done. Returned value was: None
[2024-10-09 09:44:06,152] {taskinstance.py:1395} INFO - Marking task as SUCCESS. dag_id=get_stocks_dag, task_id=MSFT, execution_date=20240928T000000, start_date=20241009T124403, end_date=20241009T124406
[2024-10-09 09:44:06,231] {local_task_job.py:156} INFO - Task exited with return code 0
[2024-10-09 09:44:06,315] {local_task_job.py:273} INFO - 0 downstream tasks scheduled from follow-on schedule check
[2024-10-09 09:48:08,990] {taskinstance.py:1159} INFO - Dependencies all met for <TaskInstance: get_stocks_dag.MSFT scheduled__2024-09-28T00:00:00+00:00 [queued]>
[2024-10-09 09:48:09,010] {taskinstance.py:1159} INFO - Dependencies all met for <TaskInstance: get_stocks_dag.MSFT scheduled__2024-09-28T00:00:00+00:00 [queued]>
[2024-10-09 09:48:09,011] {taskinstance.py:1356} INFO - 
--------------------------------------------------------------------------------
[2024-10-09 09:48:09,011] {taskinstance.py:1357} INFO - Starting attempt 1 of 1
[2024-10-09 09:48:09,011] {taskinstance.py:1358} INFO - 
--------------------------------------------------------------------------------
[2024-10-09 09:48:09,205] {taskinstance.py:1377} INFO - Executing <Task(_PythonDecoratedOperator): MSFT> on 2024-09-28 00:00:00+00:00
[2024-10-09 09:48:09,227] {standard_task_runner.py:52} INFO - Started process 29864 to run task
[2024-10-09 09:48:09,246] {standard_task_runner.py:79} INFO - Running: ['airflow', 'tasks', 'run', 'get_stocks_dag', 'MSFT', 'scheduled__2024-09-28T00:00:00+00:00', '--job-id', '299', '--raw', '--subdir', 'DAGS_FOLDER/get_stocks.py', '--cfg-path', '/tmp/tmplpvv15c4', '--error-file', '/tmp/tmp76fywv_u']
[2024-10-09 09:48:09,250] {standard_task_runner.py:80} INFO - Job 299: Subtask MSFT
[2024-10-09 09:48:09,685] {task_command.py:370} INFO - Running <TaskInstance: get_stocks_dag.MSFT scheduled__2024-09-28T00:00:00+00:00 [running]> on host ken
[2024-10-09 09:48:09,839] {taskinstance.py:1569} INFO - Exporting the following env vars:
AIRFLOW_CTX_DAG_OWNER=airflow
AIRFLOW_CTX_DAG_ID=get_stocks_dag
AIRFLOW_CTX_TASK_ID=MSFT
AIRFLOW_CTX_EXECUTION_DATE=2024-09-28T00:00:00+00:00
AIRFLOW_CTX_TRY_NUMBER=1
AIRFLOW_CTX_DAG_RUN_ID=scheduled__2024-09-28T00:00:00+00:00
[2024-10-09 09:48:10,333] {python.py:173} INFO - Done. Returned value was: None
[2024-10-09 09:48:10,900] {taskinstance.py:1395} INFO - Marking task as SUCCESS. dag_id=get_stocks_dag, task_id=MSFT, execution_date=20240928T000000, start_date=20241009T124808, end_date=20241009T124810
[2024-10-09 09:48:11,033] {local_task_job.py:156} INFO - Task exited with return code 0
[2024-10-09 09:48:11,391] {local_task_job.py:273} INFO - 0 downstream tasks scheduled from follow-on schedule check
[2024-10-09 10:40:18,913] {taskinstance.py:1159} INFO - Dependencies all met for <TaskInstance: get_stocks_dag.MSFT scheduled__2024-09-28T00:00:00+00:00 [queued]>
[2024-10-09 10:40:18,945] {taskinstance.py:1159} INFO - Dependencies all met for <TaskInstance: get_stocks_dag.MSFT scheduled__2024-09-28T00:00:00+00:00 [queued]>
[2024-10-09 10:40:18,945] {taskinstance.py:1356} INFO - 
--------------------------------------------------------------------------------
[2024-10-09 10:40:18,945] {taskinstance.py:1357} INFO - Starting attempt 1 of 1
[2024-10-09 10:40:18,945] {taskinstance.py:1358} INFO - 
--------------------------------------------------------------------------------
[2024-10-09 10:40:18,996] {taskinstance.py:1377} INFO - Executing <Task(_PythonDecoratedOperator): MSFT> on 2024-09-28 00:00:00+00:00
[2024-10-09 10:40:19,009] {standard_task_runner.py:52} INFO - Started process 67045 to run task
[2024-10-09 10:40:19,015] {standard_task_runner.py:79} INFO - Running: ['airflow', 'tasks', 'run', 'get_stocks_dag', 'MSFT', 'scheduled__2024-09-28T00:00:00+00:00', '--job-id', '438', '--raw', '--subdir', 'DAGS_FOLDER/get_stocks.py', '--cfg-path', '/tmp/tmp0_tnl6sp', '--error-file', '/tmp/tmpouymyrsn']
[2024-10-09 10:40:19,017] {standard_task_runner.py:80} INFO - Job 438: Subtask MSFT
[2024-10-09 10:40:19,483] {task_command.py:370} INFO - Running <TaskInstance: get_stocks_dag.MSFT scheduled__2024-09-28T00:00:00+00:00 [running]> on host ken
[2024-10-09 10:40:19,704] {taskinstance.py:1569} INFO - Exporting the following env vars:
AIRFLOW_CTX_DAG_OWNER=airflow
AIRFLOW_CTX_DAG_ID=get_stocks_dag
AIRFLOW_CTX_TASK_ID=MSFT
AIRFLOW_CTX_EXECUTION_DATE=2024-09-28T00:00:00+00:00
AIRFLOW_CTX_TRY_NUMBER=1
AIRFLOW_CTX_DAG_RUN_ID=scheduled__2024-09-28T00:00:00+00:00
[2024-10-09 10:40:30,161] {python.py:173} INFO - Done. Returned value was: None
[2024-10-09 10:40:30,542] {taskinstance.py:1395} INFO - Marking task as SUCCESS. dag_id=get_stocks_dag, task_id=MSFT, execution_date=20240928T000000, start_date=20241009T134018, end_date=20241009T134030
[2024-10-09 10:40:30,708] {local_task_job.py:156} INFO - Task exited with return code 0
[2024-10-09 10:40:30,915] {local_task_job.py:273} INFO - 0 downstream tasks scheduled from follow-on schedule check
