[2024-10-09 10:45:32,896] {taskinstance.py:1159} INFO - Dependencies all met for <TaskInstance: get_crypto_dag.ETH scheduled__2024-10-04T00:00:00+00:00 [queued]>
[2024-10-09 10:45:32,913] {taskinstance.py:1159} INFO - Dependencies all met for <TaskInstance: get_crypto_dag.ETH scheduled__2024-10-04T00:00:00+00:00 [queued]>
[2024-10-09 10:45:32,914] {taskinstance.py:1356} INFO - 
--------------------------------------------------------------------------------
[2024-10-09 10:45:32,914] {taskinstance.py:1357} INFO - Starting attempt 1 of 1
[2024-10-09 10:45:32,914] {taskinstance.py:1358} INFO - 
--------------------------------------------------------------------------------
[2024-10-09 10:45:33,132] {taskinstance.py:1377} INFO - Executing <Task(_PythonDecoratedOperator): ETH> on 2024-10-04 00:00:00+00:00
[2024-10-09 10:45:33,142] {standard_task_runner.py:52} INFO - Started process 74863 to run task
[2024-10-09 10:45:33,149] {standard_task_runner.py:79} INFO - Running: ['airflow', 'tasks', 'run', 'get_crypto_dag', 'ETH', 'scheduled__2024-10-04T00:00:00+00:00', '--job-id', '477', '--raw', '--subdir', 'DAGS_FOLDER/get_crypto.py', '--cfg-path', '/tmp/tmpdez5vjwm', '--error-file', '/tmp/tmp0f69idas']
[2024-10-09 10:45:33,151] {standard_task_runner.py:80} INFO - Job 477: Subtask ETH
[2024-10-09 10:45:33,741] {task_command.py:370} INFO - Running <TaskInstance: get_crypto_dag.ETH scheduled__2024-10-04T00:00:00+00:00 [running]> on host ken
[2024-10-09 10:45:33,906] {taskinstance.py:1569} INFO - Exporting the following env vars:
AIRFLOW_CTX_DAG_OWNER=airflow
AIRFLOW_CTX_DAG_ID=get_crypto_dag
AIRFLOW_CTX_TASK_ID=ETH
AIRFLOW_CTX_EXECUTION_DATE=2024-10-04T00:00:00+00:00
AIRFLOW_CTX_TRY_NUMBER=1
AIRFLOW_CTX_DAG_RUN_ID=scheduled__2024-10-04T00:00:00+00:00
[2024-10-09 10:45:44,595] {python.py:173} INFO - Done. Returned value was: None
[2024-10-09 10:45:44,656] {taskinstance.py:1395} INFO - Marking task as SUCCESS. dag_id=get_crypto_dag, task_id=ETH, execution_date=20241004T000000, start_date=20241009T134532, end_date=20241009T134544
[2024-10-09 10:45:44,736] {local_task_job.py:156} INFO - Task exited with return code 0
[2024-10-09 10:45:45,038] {local_task_job.py:273} INFO - 0 downstream tasks scheduled from follow-on schedule check
