[2024-10-08 17:21:49,790] {taskinstance.py:1159} INFO - Dependencies all met for <TaskInstance: get_stocks_dag.AAPL scheduled__2024-10-02T00:00:00+00:00 [queued]>
[2024-10-08 17:21:49,809] {taskinstance.py:1159} INFO - Dependencies all met for <TaskInstance: get_stocks_dag.AAPL scheduled__2024-10-02T00:00:00+00:00 [queued]>
[2024-10-08 17:21:49,810] {taskinstance.py:1356} INFO - 
--------------------------------------------------------------------------------
[2024-10-08 17:21:49,810] {taskinstance.py:1357} INFO - Starting attempt 1 of 1
[2024-10-08 17:21:49,810] {taskinstance.py:1358} INFO - 
--------------------------------------------------------------------------------
[2024-10-08 17:21:50,066] {taskinstance.py:1377} INFO - Executing <Task(_PythonDecoratedOperator): AAPL> on 2024-10-02 00:00:00+00:00
[2024-10-08 17:21:50,077] {standard_task_runner.py:52} INFO - Started process 39320 to run task
[2024-10-08 17:21:50,084] {standard_task_runner.py:79} INFO - Running: ['airflow', 'tasks', 'run', 'get_stocks_dag', 'AAPL', 'scheduled__2024-10-02T00:00:00+00:00', '--job-id', '182', '--raw', '--subdir', 'DAGS_FOLDER/get_stocks.py', '--cfg-path', '/tmp/tmpc94yfhu8', '--error-file', '/tmp/tmpuxncj0gl']
[2024-10-08 17:21:50,085] {standard_task_runner.py:80} INFO - Job 182: Subtask AAPL
[2024-10-08 17:21:50,338] {task_command.py:370} INFO - Running <TaskInstance: get_stocks_dag.AAPL scheduled__2024-10-02T00:00:00+00:00 [running]> on host ken
[2024-10-08 17:21:51,283] {taskinstance.py:1569} INFO - Exporting the following env vars:
AIRFLOW_CTX_DAG_OWNER=airflow
AIRFLOW_CTX_DAG_ID=get_stocks_dag
AIRFLOW_CTX_TASK_ID=AAPL
AIRFLOW_CTX_EXECUTION_DATE=2024-10-02T00:00:00+00:00
AIRFLOW_CTX_TRY_NUMBER=1
AIRFLOW_CTX_DAG_RUN_ID=scheduled__2024-10-02T00:00:00+00:00
[2024-10-08 17:21:52,050] {python.py:173} INFO - Done. Returned value was: None
[2024-10-08 17:21:52,061] {taskinstance.py:1395} INFO - Marking task as SUCCESS. dag_id=get_stocks_dag, task_id=AAPL, execution_date=20241002T000000, start_date=20241008T202149, end_date=20241008T202152
[2024-10-08 17:21:53,147] {local_task_job.py:156} INFO - Task exited with return code 0
[2024-10-08 17:21:53,172] {local_task_job.py:273} INFO - 0 downstream tasks scheduled from follow-on schedule check
[2024-10-08 23:21:57,139] {taskinstance.py:1159} INFO - Dependencies all met for <TaskInstance: get_stocks_dag.AAPL scheduled__2024-10-02T00:00:00+00:00 [queued]>
[2024-10-08 23:21:57,293] {taskinstance.py:1159} INFO - Dependencies all met for <TaskInstance: get_stocks_dag.AAPL scheduled__2024-10-02T00:00:00+00:00 [queued]>
[2024-10-08 23:21:57,293] {taskinstance.py:1356} INFO - 
--------------------------------------------------------------------------------
[2024-10-08 23:21:57,293] {taskinstance.py:1357} INFO - Starting attempt 1 of 1
[2024-10-08 23:21:57,294] {taskinstance.py:1358} INFO - 
--------------------------------------------------------------------------------
[2024-10-08 23:21:57,523] {taskinstance.py:1377} INFO - Executing <Task(_PythonDecoratedOperator): AAPL> on 2024-10-02 00:00:00+00:00
[2024-10-08 23:21:57,554] {standard_task_runner.py:52} INFO - Started process 23148 to run task
[2024-10-08 23:21:57,575] {standard_task_runner.py:79} INFO - Running: ['airflow', 'tasks', 'run', 'get_stocks_dag', 'AAPL', 'scheduled__2024-10-02T00:00:00+00:00', '--job-id', '50', '--raw', '--subdir', 'DAGS_FOLDER/get_stocks.py', '--cfg-path', '/tmp/tmpvkahloln', '--error-file', '/tmp/tmpza9ltizl']
[2024-10-08 23:21:57,580] {standard_task_runner.py:80} INFO - Job 50: Subtask AAPL
[2024-10-08 23:21:57,875] {task_command.py:370} INFO - Running <TaskInstance: get_stocks_dag.AAPL scheduled__2024-10-02T00:00:00+00:00 [running]> on host ken
[2024-10-08 23:21:58,326] {taskinstance.py:1569} INFO - Exporting the following env vars:
AIRFLOW_CTX_DAG_OWNER=airflow
AIRFLOW_CTX_DAG_ID=get_stocks_dag
AIRFLOW_CTX_TASK_ID=AAPL
AIRFLOW_CTX_EXECUTION_DATE=2024-10-02T00:00:00+00:00
AIRFLOW_CTX_TRY_NUMBER=1
AIRFLOW_CTX_DAG_RUN_ID=scheduled__2024-10-02T00:00:00+00:00
[2024-10-08 23:21:59,766] {python.py:173} INFO - Done. Returned value was: None
[2024-10-08 23:22:00,274] {taskinstance.py:1395} INFO - Marking task as SUCCESS. dag_id=get_stocks_dag, task_id=AAPL, execution_date=20241002T000000, start_date=20241009T022157, end_date=20241009T022200
[2024-10-08 23:22:00,415] {local_task_job.py:156} INFO - Task exited with return code 0
[2024-10-08 23:22:00,696] {local_task_job.py:273} INFO - 0 downstream tasks scheduled from follow-on schedule check
[2024-10-09 01:01:22,662] {taskinstance.py:1159} INFO - Dependencies all met for <TaskInstance: get_stocks_dag.AAPL scheduled__2024-10-02T00:00:00+00:00 [queued]>
[2024-10-09 01:01:22,719] {taskinstance.py:1159} INFO - Dependencies all met for <TaskInstance: get_stocks_dag.AAPL scheduled__2024-10-02T00:00:00+00:00 [queued]>
[2024-10-09 01:01:22,719] {taskinstance.py:1356} INFO - 
--------------------------------------------------------------------------------
[2024-10-09 01:01:22,719] {taskinstance.py:1357} INFO - Starting attempt 1 of 1
[2024-10-09 01:01:22,719] {taskinstance.py:1358} INFO - 
--------------------------------------------------------------------------------
[2024-10-09 01:01:22,818] {taskinstance.py:1377} INFO - Executing <Task(_PythonDecoratedOperator): AAPL> on 2024-10-02 00:00:00+00:00
[2024-10-09 01:01:22,824] {standard_task_runner.py:52} INFO - Started process 42631 to run task
[2024-10-09 01:01:22,829] {standard_task_runner.py:79} INFO - Running: ['airflow', 'tasks', 'run', 'get_stocks_dag', 'AAPL', 'scheduled__2024-10-02T00:00:00+00:00', '--job-id', '113', '--raw', '--subdir', 'DAGS_FOLDER/get_stocks.py', '--cfg-path', '/tmp/tmp7j4rchup', '--error-file', '/tmp/tmp4fgq4n0x']
[2024-10-09 01:01:22,830] {standard_task_runner.py:80} INFO - Job 113: Subtask AAPL
[2024-10-09 01:01:23,285] {task_command.py:370} INFO - Running <TaskInstance: get_stocks_dag.AAPL scheduled__2024-10-02T00:00:00+00:00 [running]> on host ken
[2024-10-09 01:01:23,461] {taskinstance.py:1569} INFO - Exporting the following env vars:
AIRFLOW_CTX_DAG_OWNER=airflow
AIRFLOW_CTX_DAG_ID=get_stocks_dag
AIRFLOW_CTX_TASK_ID=AAPL
AIRFLOW_CTX_EXECUTION_DATE=2024-10-02T00:00:00+00:00
AIRFLOW_CTX_TRY_NUMBER=1
AIRFLOW_CTX_DAG_RUN_ID=scheduled__2024-10-02T00:00:00+00:00
[2024-10-09 01:01:26,607] {history.py:244} ERROR - $AAPL: possibly delisted; no price data found  (1h 2024-10-01 -> 2024-10-02)
[2024-10-09 01:01:26,611] {python.py:173} INFO - Done. Returned value was: None
[2024-10-09 01:01:26,638] {taskinstance.py:1395} INFO - Marking task as SUCCESS. dag_id=get_stocks_dag, task_id=AAPL, execution_date=20241002T000000, start_date=20241009T040122, end_date=20241009T040126
[2024-10-09 01:01:26,980] {local_task_job.py:156} INFO - Task exited with return code 0
[2024-10-09 01:01:27,274] {local_task_job.py:273} INFO - 0 downstream tasks scheduled from follow-on schedule check
[2024-10-09 09:34:47,490] {taskinstance.py:1159} INFO - Dependencies all met for <TaskInstance: get_stocks_dag.AAPL scheduled__2024-10-02T00:00:00+00:00 [queued]>
[2024-10-09 09:34:47,512] {taskinstance.py:1159} INFO - Dependencies all met for <TaskInstance: get_stocks_dag.AAPL scheduled__2024-10-02T00:00:00+00:00 [queued]>
[2024-10-09 09:34:47,512] {taskinstance.py:1356} INFO - 
--------------------------------------------------------------------------------
[2024-10-09 09:34:47,512] {taskinstance.py:1357} INFO - Starting attempt 1 of 1
[2024-10-09 09:34:47,512] {taskinstance.py:1358} INFO - 
--------------------------------------------------------------------------------
[2024-10-09 09:34:47,663] {taskinstance.py:1377} INFO - Executing <Task(_PythonDecoratedOperator): AAPL> on 2024-10-02 00:00:00+00:00
[2024-10-09 09:34:47,675] {standard_task_runner.py:52} INFO - Started process 16076 to run task
[2024-10-09 09:34:47,684] {standard_task_runner.py:79} INFO - Running: ['airflow', 'tasks', 'run', 'get_stocks_dag', 'AAPL', 'scheduled__2024-10-02T00:00:00+00:00', '--job-id', '178', '--raw', '--subdir', 'DAGS_FOLDER/get_stocks.py', '--cfg-path', '/tmp/tmp5wyl8amd', '--error-file', '/tmp/tmpe0qeqagz']
[2024-10-09 09:34:47,687] {standard_task_runner.py:80} INFO - Job 178: Subtask AAPL
[2024-10-09 09:34:48,081] {task_command.py:370} INFO - Running <TaskInstance: get_stocks_dag.AAPL scheduled__2024-10-02T00:00:00+00:00 [running]> on host ken
[2024-10-09 09:34:48,263] {taskinstance.py:1569} INFO - Exporting the following env vars:
AIRFLOW_CTX_DAG_OWNER=airflow
AIRFLOW_CTX_DAG_ID=get_stocks_dag
AIRFLOW_CTX_TASK_ID=AAPL
AIRFLOW_CTX_EXECUTION_DATE=2024-10-02T00:00:00+00:00
AIRFLOW_CTX_TRY_NUMBER=1
AIRFLOW_CTX_DAG_RUN_ID=scheduled__2024-10-02T00:00:00+00:00
[2024-10-09 09:34:49,088] {python.py:173} INFO - Done. Returned value was: None
[2024-10-09 09:34:49,111] {taskinstance.py:1395} INFO - Marking task as SUCCESS. dag_id=get_stocks_dag, task_id=AAPL, execution_date=20241002T000000, start_date=20241009T123447, end_date=20241009T123449
[2024-10-09 09:34:49,179] {local_task_job.py:156} INFO - Task exited with return code 0
[2024-10-09 09:34:49,291] {local_task_job.py:273} INFO - 0 downstream tasks scheduled from follow-on schedule check
[2024-10-09 09:44:23,824] {taskinstance.py:1159} INFO - Dependencies all met for <TaskInstance: get_stocks_dag.AAPL scheduled__2024-10-02T00:00:00+00:00 [queued]>
[2024-10-09 09:44:23,993] {taskinstance.py:1159} INFO - Dependencies all met for <TaskInstance: get_stocks_dag.AAPL scheduled__2024-10-02T00:00:00+00:00 [queued]>
[2024-10-09 09:44:23,993] {taskinstance.py:1356} INFO - 
--------------------------------------------------------------------------------
[2024-10-09 09:44:23,993] {taskinstance.py:1357} INFO - Starting attempt 1 of 1
[2024-10-09 09:44:23,993] {taskinstance.py:1358} INFO - 
--------------------------------------------------------------------------------
[2024-10-09 09:44:24,174] {taskinstance.py:1377} INFO - Executing <Task(_PythonDecoratedOperator): AAPL> on 2024-10-02 00:00:00+00:00
[2024-10-09 09:44:24,203] {standard_task_runner.py:52} INFO - Started process 24044 to run task
[2024-10-09 09:44:24,212] {standard_task_runner.py:79} INFO - Running: ['airflow', 'tasks', 'run', 'get_stocks_dag', 'AAPL', 'scheduled__2024-10-02T00:00:00+00:00', '--job-id', '242', '--raw', '--subdir', 'DAGS_FOLDER/get_stocks.py', '--cfg-path', '/tmp/tmprwpqjyxm', '--error-file', '/tmp/tmp2lo7anzt']
[2024-10-09 09:44:24,215] {standard_task_runner.py:80} INFO - Job 242: Subtask AAPL
[2024-10-09 09:44:24,811] {task_command.py:370} INFO - Running <TaskInstance: get_stocks_dag.AAPL scheduled__2024-10-02T00:00:00+00:00 [running]> on host ken
[2024-10-09 09:44:25,039] {taskinstance.py:1569} INFO - Exporting the following env vars:
AIRFLOW_CTX_DAG_OWNER=airflow
AIRFLOW_CTX_DAG_ID=get_stocks_dag
AIRFLOW_CTX_TASK_ID=AAPL
AIRFLOW_CTX_EXECUTION_DATE=2024-10-02T00:00:00+00:00
AIRFLOW_CTX_TRY_NUMBER=1
AIRFLOW_CTX_DAG_RUN_ID=scheduled__2024-10-02T00:00:00+00:00
[2024-10-09 09:44:25,429] {python.py:173} INFO - Done. Returned value was: None
[2024-10-09 09:44:25,458] {taskinstance.py:1395} INFO - Marking task as SUCCESS. dag_id=get_stocks_dag, task_id=AAPL, execution_date=20241002T000000, start_date=20241009T124423, end_date=20241009T124425
[2024-10-09 09:44:25,512] {local_task_job.py:156} INFO - Task exited with return code 0
[2024-10-09 09:44:25,901] {local_task_job.py:273} INFO - 0 downstream tasks scheduled from follow-on schedule check
[2024-10-09 09:48:25,649] {taskinstance.py:1159} INFO - Dependencies all met for <TaskInstance: get_stocks_dag.AAPL scheduled__2024-10-02T00:00:00+00:00 [queued]>
[2024-10-09 09:48:25,678] {taskinstance.py:1159} INFO - Dependencies all met for <TaskInstance: get_stocks_dag.AAPL scheduled__2024-10-02T00:00:00+00:00 [queued]>
[2024-10-09 09:48:25,678] {taskinstance.py:1356} INFO - 
--------------------------------------------------------------------------------
[2024-10-09 09:48:25,679] {taskinstance.py:1357} INFO - Starting attempt 1 of 1
[2024-10-09 09:48:25,679] {taskinstance.py:1358} INFO - 
--------------------------------------------------------------------------------
[2024-10-09 09:48:25,709] {taskinstance.py:1377} INFO - Executing <Task(_PythonDecoratedOperator): AAPL> on 2024-10-02 00:00:00+00:00
[2024-10-09 09:48:25,717] {standard_task_runner.py:52} INFO - Started process 30488 to run task
[2024-10-09 09:48:25,720] {standard_task_runner.py:79} INFO - Running: ['airflow', 'tasks', 'run', 'get_stocks_dag', 'AAPL', 'scheduled__2024-10-02T00:00:00+00:00', '--job-id', '307', '--raw', '--subdir', 'DAGS_FOLDER/get_stocks.py', '--cfg-path', '/tmp/tmp11wqt3cs', '--error-file', '/tmp/tmprnt1_t9m']
[2024-10-09 09:48:25,721] {standard_task_runner.py:80} INFO - Job 307: Subtask AAPL
[2024-10-09 09:48:26,032] {task_command.py:370} INFO - Running <TaskInstance: get_stocks_dag.AAPL scheduled__2024-10-02T00:00:00+00:00 [running]> on host ken
[2024-10-09 09:48:26,737] {taskinstance.py:1569} INFO - Exporting the following env vars:
AIRFLOW_CTX_DAG_OWNER=airflow
AIRFLOW_CTX_DAG_ID=get_stocks_dag
AIRFLOW_CTX_TASK_ID=AAPL
AIRFLOW_CTX_EXECUTION_DATE=2024-10-02T00:00:00+00:00
AIRFLOW_CTX_TRY_NUMBER=1
AIRFLOW_CTX_DAG_RUN_ID=scheduled__2024-10-02T00:00:00+00:00
[2024-10-09 09:48:27,194] {python.py:173} INFO - Done. Returned value was: None
[2024-10-09 09:48:27,228] {taskinstance.py:1395} INFO - Marking task as SUCCESS. dag_id=get_stocks_dag, task_id=AAPL, execution_date=20241002T000000, start_date=20241009T124825, end_date=20241009T124827
[2024-10-09 09:48:27,299] {local_task_job.py:156} INFO - Task exited with return code 0
[2024-10-09 09:48:27,860] {local_task_job.py:273} INFO - 0 downstream tasks scheduled from follow-on schedule check
[2024-10-09 10:43:00,209] {taskinstance.py:1159} INFO - Dependencies all met for <TaskInstance: get_stocks_dag.AAPL scheduled__2024-10-02T00:00:00+00:00 [queued]>
[2024-10-09 10:43:00,221] {taskinstance.py:1159} INFO - Dependencies all met for <TaskInstance: get_stocks_dag.AAPL scheduled__2024-10-02T00:00:00+00:00 [queued]>
[2024-10-09 10:43:00,221] {taskinstance.py:1356} INFO - 
--------------------------------------------------------------------------------
[2024-10-09 10:43:00,221] {taskinstance.py:1357} INFO - Starting attempt 1 of 1
[2024-10-09 10:43:00,221] {taskinstance.py:1358} INFO - 
--------------------------------------------------------------------------------
[2024-10-09 10:43:00,607] {taskinstance.py:1377} INFO - Executing <Task(_PythonDecoratedOperator): AAPL> on 2024-10-02 00:00:00+00:00
[2024-10-09 10:43:00,615] {standard_task_runner.py:52} INFO - Started process 71000 to run task
[2024-10-09 10:43:00,619] {standard_task_runner.py:79} INFO - Running: ['airflow', 'tasks', 'run', 'get_stocks_dag', 'AAPL', 'scheduled__2024-10-02T00:00:00+00:00', '--job-id', '459', '--raw', '--subdir', 'DAGS_FOLDER/get_stocks.py', '--cfg-path', '/tmp/tmpisiu6lkl', '--error-file', '/tmp/tmpd7g7v2yx']
[2024-10-09 10:43:00,620] {standard_task_runner.py:80} INFO - Job 459: Subtask AAPL
[2024-10-09 10:43:00,921] {task_command.py:370} INFO - Running <TaskInstance: get_stocks_dag.AAPL scheduled__2024-10-02T00:00:00+00:00 [running]> on host ken
[2024-10-09 10:43:01,492] {taskinstance.py:1569} INFO - Exporting the following env vars:
AIRFLOW_CTX_DAG_OWNER=airflow
AIRFLOW_CTX_DAG_ID=get_stocks_dag
AIRFLOW_CTX_TASK_ID=AAPL
AIRFLOW_CTX_EXECUTION_DATE=2024-10-02T00:00:00+00:00
AIRFLOW_CTX_TRY_NUMBER=1
AIRFLOW_CTX_DAG_RUN_ID=scheduled__2024-10-02T00:00:00+00:00
[2024-10-09 10:43:12,033] {python.py:173} INFO - Done. Returned value was: None
[2024-10-09 10:43:12,062] {taskinstance.py:1395} INFO - Marking task as SUCCESS. dag_id=get_stocks_dag, task_id=AAPL, execution_date=20241002T000000, start_date=20241009T134300, end_date=20241009T134312
[2024-10-09 10:43:12,268] {local_task_job.py:156} INFO - Task exited with return code 0
[2024-10-09 10:43:12,888] {local_task_job.py:273} INFO - 0 downstream tasks scheduled from follow-on schedule check
