[2024-10-08 16:58:14,830] {taskinstance.py:1159} INFO - Dependencies all met for <TaskInstance: get_stocks_dag.AAPL scheduled__2022-01-11T00:00:00+00:00 [queued]>
[2024-10-08 16:58:14,843] {taskinstance.py:1159} INFO - Dependencies all met for <TaskInstance: get_stocks_dag.AAPL scheduled__2022-01-11T00:00:00+00:00 [queued]>
[2024-10-08 16:58:14,843] {taskinstance.py:1356} INFO - 
--------------------------------------------------------------------------------
[2024-10-08 16:58:14,843] {taskinstance.py:1357} INFO - Starting attempt 1 of 1
[2024-10-08 16:58:14,843] {taskinstance.py:1358} INFO - 
--------------------------------------------------------------------------------
[2024-10-08 16:58:14,930] {taskinstance.py:1377} INFO - Executing <Task(_PythonDecoratedOperator): AAPL> on 2022-01-11 00:00:00+00:00
[2024-10-08 16:58:14,937] {standard_task_runner.py:52} INFO - Started process 23261 to run task
[2024-10-08 16:58:14,941] {standard_task_runner.py:79} INFO - Running: ['airflow', 'tasks', 'run', 'get_stocks_dag', 'AAPL', 'scheduled__2022-01-11T00:00:00+00:00', '--job-id', '47', '--raw', '--subdir', 'DAGS_FOLDER/get_stocks.py', '--cfg-path', '/tmp/tmpb31i3ibw', '--error-file', '/tmp/tmpr4r2ynus']
[2024-10-08 16:58:14,942] {standard_task_runner.py:80} INFO - Job 47: Subtask AAPL
[2024-10-08 16:58:15,108] {task_command.py:370} INFO - Running <TaskInstance: get_stocks_dag.AAPL scheduled__2022-01-11T00:00:00+00:00 [running]> on host ken
[2024-10-08 16:58:15,978] {taskinstance.py:1569} INFO - Exporting the following env vars:
AIRFLOW_CTX_DAG_OWNER=airflow
AIRFLOW_CTX_DAG_ID=get_stocks_dag
AIRFLOW_CTX_TASK_ID=AAPL
AIRFLOW_CTX_EXECUTION_DATE=2022-01-11T00:00:00+00:00
AIRFLOW_CTX_TRY_NUMBER=1
AIRFLOW_CTX_DAG_RUN_ID=scheduled__2022-01-11T00:00:00+00:00
[2024-10-08 16:58:20,255] {history.py:244} ERROR - $AAPL: possibly delisted; no price data found  (1h 2022-01-10 -> 2022-01-11) (Yahoo error = "1h data not available for startTime=1641790800 and endTime=1641877200. The requested range must be within the last 730 days.")
[2024-10-08 16:58:20,263] {python.py:173} INFO - Done. Returned value was: None
[2024-10-08 16:58:20,352] {taskinstance.py:1395} INFO - Marking task as SUCCESS. dag_id=get_stocks_dag, task_id=AAPL, execution_date=20220111T000000, start_date=20241008T195814, end_date=20241008T195820
[2024-10-08 16:58:20,456] {local_task_job.py:156} INFO - Task exited with return code 0
[2024-10-08 16:58:20,470] {local_task_job.py:273} INFO - 0 downstream tasks scheduled from follow-on schedule check
