[2024-10-08 17:09:49,714] {taskinstance.py:1159} INFO - Dependencies all met for <TaskInstance: get_stocks_dag.TSLA scheduled__2022-02-01T00:00:00+00:00 [queued]>
[2024-10-08 17:09:49,719] {taskinstance.py:1159} INFO - Dependencies all met for <TaskInstance: get_stocks_dag.TSLA scheduled__2022-02-01T00:00:00+00:00 [queued]>
[2024-10-08 17:09:49,719] {taskinstance.py:1356} INFO - 
--------------------------------------------------------------------------------
[2024-10-08 17:09:49,719] {taskinstance.py:1357} INFO - Starting attempt 1 of 1
[2024-10-08 17:09:49,720] {taskinstance.py:1358} INFO - 
--------------------------------------------------------------------------------
[2024-10-08 17:09:51,005] {taskinstance.py:1377} INFO - Executing <Task(_PythonDecoratedOperator): TSLA> on 2022-02-01 00:00:00+00:00
[2024-10-08 17:09:51,015] {standard_task_runner.py:52} INFO - Started process 31344 to run task
[2024-10-08 17:09:51,021] {standard_task_runner.py:79} INFO - Running: ['airflow', 'tasks', 'run', 'get_stocks_dag', 'TSLA', 'scheduled__2022-02-01T00:00:00+00:00', '--job-id', '110', '--raw', '--subdir', 'DAGS_FOLDER/get_stocks.py', '--cfg-path', '/tmp/tmp6vdwt6fb', '--error-file', '/tmp/tmpm4lm8ax9']
[2024-10-08 17:09:51,022] {standard_task_runner.py:80} INFO - Job 110: Subtask TSLA
[2024-10-08 17:09:52,769] {task_command.py:370} INFO - Running <TaskInstance: get_stocks_dag.TSLA scheduled__2022-02-01T00:00:00+00:00 [running]> on host ken
[2024-10-08 17:09:55,202] {taskinstance.py:1569} INFO - Exporting the following env vars:
AIRFLOW_CTX_DAG_OWNER=airflow
AIRFLOW_CTX_DAG_ID=get_stocks_dag
AIRFLOW_CTX_TASK_ID=TSLA
AIRFLOW_CTX_EXECUTION_DATE=2022-02-01T00:00:00+00:00
AIRFLOW_CTX_TRY_NUMBER=1
AIRFLOW_CTX_DAG_RUN_ID=scheduled__2022-02-01T00:00:00+00:00
[2024-10-08 17:09:58,657] {history.py:244} ERROR - $TSLA: possibly delisted; no price data found  (1h 2022-01-31 -> 2022-02-01) (Yahoo error = "1h data not available for startTime=1643605200 and endTime=1643691600. The requested range must be within the last 730 days.")
[2024-10-08 17:09:58,662] {python.py:173} INFO - Done. Returned value was: None
[2024-10-08 17:09:58,672] {taskinstance.py:1395} INFO - Marking task as SUCCESS. dag_id=get_stocks_dag, task_id=TSLA, execution_date=20220201T000000, start_date=20241008T200949, end_date=20241008T200958
[2024-10-08 17:10:00,356] {local_task_job.py:156} INFO - Task exited with return code 0
[2024-10-08 17:10:00,383] {local_task_job.py:273} INFO - 0 downstream tasks scheduled from follow-on schedule check
