[2024-10-08 17:18:14,186] {taskinstance.py:1159} INFO - Dependencies all met for <TaskInstance: get_stocks_dag.MSFT scheduled__2024-09-24T00:00:00+00:00 [queued]>
[2024-10-08 17:18:14,198] {taskinstance.py:1159} INFO - Dependencies all met for <TaskInstance: get_stocks_dag.MSFT scheduled__2024-09-24T00:00:00+00:00 [queued]>
[2024-10-08 17:18:14,198] {taskinstance.py:1356} INFO - 
--------------------------------------------------------------------------------
[2024-10-08 17:18:14,198] {taskinstance.py:1357} INFO - Starting attempt 1 of 1
[2024-10-08 17:18:14,198] {taskinstance.py:1358} INFO - 
--------------------------------------------------------------------------------
[2024-10-08 17:18:14,317] {taskinstance.py:1377} INFO - Executing <Task(_PythonDecoratedOperator): MSFT> on 2024-09-24 00:00:00+00:00
[2024-10-08 17:18:14,328] {standard_task_runner.py:52} INFO - Started process 36755 to run task
[2024-10-08 17:18:14,337] {standard_task_runner.py:79} INFO - Running: ['airflow', 'tasks', 'run', 'get_stocks_dag', 'MSFT', 'scheduled__2024-09-24T00:00:00+00:00', '--job-id', '159', '--raw', '--subdir', 'DAGS_FOLDER/get_stocks.py', '--cfg-path', '/tmp/tmp2wxcl4ei', '--error-file', '/tmp/tmptch0kyka']
[2024-10-08 17:18:14,340] {standard_task_runner.py:80} INFO - Job 159: Subtask MSFT
[2024-10-08 17:18:14,686] {task_command.py:370} INFO - Running <TaskInstance: get_stocks_dag.MSFT scheduled__2024-09-24T00:00:00+00:00 [running]> on host ken
[2024-10-08 17:18:15,733] {taskinstance.py:1569} INFO - Exporting the following env vars:
AIRFLOW_CTX_DAG_OWNER=airflow
AIRFLOW_CTX_DAG_ID=get_stocks_dag
AIRFLOW_CTX_TASK_ID=MSFT
AIRFLOW_CTX_EXECUTION_DATE=2024-09-24T00:00:00+00:00
AIRFLOW_CTX_TRY_NUMBER=1
AIRFLOW_CTX_DAG_RUN_ID=scheduled__2024-09-24T00:00:00+00:00
[2024-10-08 17:18:16,223] {python.py:173} INFO - Done. Returned value was: None
[2024-10-08 17:18:16,242] {taskinstance.py:1395} INFO - Marking task as SUCCESS. dag_id=get_stocks_dag, task_id=MSFT, execution_date=20240924T000000, start_date=20241008T201814, end_date=20241008T201816
[2024-10-08 17:18:16,400] {local_task_job.py:156} INFO - Task exited with return code 0
[2024-10-08 17:18:16,454] {local_task_job.py:273} INFO - 0 downstream tasks scheduled from follow-on schedule check
[2024-10-08 23:21:36,273] {taskinstance.py:1159} INFO - Dependencies all met for <TaskInstance: get_stocks_dag.MSFT scheduled__2024-09-24T00:00:00+00:00 [queued]>
[2024-10-08 23:21:36,438] {taskinstance.py:1159} INFO - Dependencies all met for <TaskInstance: get_stocks_dag.MSFT scheduled__2024-09-24T00:00:00+00:00 [queued]>
[2024-10-08 23:21:36,438] {taskinstance.py:1356} INFO - 
--------------------------------------------------------------------------------
[2024-10-08 23:21:36,438] {taskinstance.py:1357} INFO - Starting attempt 1 of 1
[2024-10-08 23:21:36,438] {taskinstance.py:1358} INFO - 
--------------------------------------------------------------------------------
[2024-10-08 23:21:36,618] {taskinstance.py:1377} INFO - Executing <Task(_PythonDecoratedOperator): MSFT> on 2024-09-24 00:00:00+00:00
[2024-10-08 23:21:36,640] {standard_task_runner.py:52} INFO - Started process 21620 to run task
[2024-10-08 23:21:36,696] {standard_task_runner.py:79} INFO - Running: ['airflow', 'tasks', 'run', 'get_stocks_dag', 'MSFT', 'scheduled__2024-09-24T00:00:00+00:00', '--job-id', '23', '--raw', '--subdir', 'DAGS_FOLDER/get_stocks.py', '--cfg-path', '/tmp/tmp8obsapcu', '--error-file', '/tmp/tmplih7lt45']
[2024-10-08 23:21:36,697] {standard_task_runner.py:80} INFO - Job 23: Subtask MSFT
[2024-10-08 23:21:37,074] {task_command.py:370} INFO - Running <TaskInstance: get_stocks_dag.MSFT scheduled__2024-09-24T00:00:00+00:00 [running]> on host ken
[2024-10-08 23:21:37,982] {taskinstance.py:1569} INFO - Exporting the following env vars:
AIRFLOW_CTX_DAG_OWNER=airflow
AIRFLOW_CTX_DAG_ID=get_stocks_dag
AIRFLOW_CTX_TASK_ID=MSFT
AIRFLOW_CTX_EXECUTION_DATE=2024-09-24T00:00:00+00:00
AIRFLOW_CTX_TRY_NUMBER=1
AIRFLOW_CTX_DAG_RUN_ID=scheduled__2024-09-24T00:00:00+00:00
[2024-10-08 23:21:39,630] {python.py:173} INFO - Done. Returned value was: None
[2024-10-08 23:21:39,676] {taskinstance.py:1395} INFO - Marking task as SUCCESS. dag_id=get_stocks_dag, task_id=MSFT, execution_date=20240924T000000, start_date=20241009T022136, end_date=20241009T022139
[2024-10-08 23:21:39,755] {local_task_job.py:156} INFO - Task exited with return code 0
[2024-10-08 23:21:40,067] {local_task_job.py:273} INFO - 0 downstream tasks scheduled from follow-on schedule check
[2024-10-09 01:00:02,442] {taskinstance.py:1159} INFO - Dependencies all met for <TaskInstance: get_stocks_dag.MSFT scheduled__2024-09-24T00:00:00+00:00 [queued]>
[2024-10-09 01:00:02,472] {taskinstance.py:1159} INFO - Dependencies all met for <TaskInstance: get_stocks_dag.MSFT scheduled__2024-09-24T00:00:00+00:00 [queued]>
[2024-10-09 01:00:02,473] {taskinstance.py:1356} INFO - 
--------------------------------------------------------------------------------
[2024-10-09 01:00:02,473] {taskinstance.py:1357} INFO - Starting attempt 1 of 1
[2024-10-09 01:00:02,473] {taskinstance.py:1358} INFO - 
--------------------------------------------------------------------------------
[2024-10-09 01:00:02,529] {taskinstance.py:1377} INFO - Executing <Task(_PythonDecoratedOperator): MSFT> on 2024-09-24 00:00:00+00:00
[2024-10-09 01:00:02,539] {standard_task_runner.py:52} INFO - Started process 38956 to run task
[2024-10-09 01:00:02,547] {standard_task_runner.py:79} INFO - Running: ['airflow', 'tasks', 'run', 'get_stocks_dag', 'MSFT', 'scheduled__2024-09-24T00:00:00+00:00', '--job-id', '89', '--raw', '--subdir', 'DAGS_FOLDER/get_stocks.py', '--cfg-path', '/tmp/tmpurqy4oe_', '--error-file', '/tmp/tmp400tzhnu']
[2024-10-09 01:00:02,548] {standard_task_runner.py:80} INFO - Job 89: Subtask MSFT
[2024-10-09 01:00:02,709] {task_command.py:370} INFO - Running <TaskInstance: get_stocks_dag.MSFT scheduled__2024-09-24T00:00:00+00:00 [running]> on host ken
[2024-10-09 01:00:02,828] {taskinstance.py:1569} INFO - Exporting the following env vars:
AIRFLOW_CTX_DAG_OWNER=airflow
AIRFLOW_CTX_DAG_ID=get_stocks_dag
AIRFLOW_CTX_TASK_ID=MSFT
AIRFLOW_CTX_EXECUTION_DATE=2024-09-24T00:00:00+00:00
AIRFLOW_CTX_TRY_NUMBER=1
AIRFLOW_CTX_DAG_RUN_ID=scheduled__2024-09-24T00:00:00+00:00
[2024-10-09 01:00:13,120] {history.py:244} ERROR - $MSFT: possibly delisted; no price data found  (1h 2024-09-23 -> 2024-09-24)
[2024-10-09 01:00:13,128] {python.py:173} INFO - Done. Returned value was: None
[2024-10-09 01:00:13,169] {taskinstance.py:1395} INFO - Marking task as SUCCESS. dag_id=get_stocks_dag, task_id=MSFT, execution_date=20240924T000000, start_date=20241009T040002, end_date=20241009T040013
[2024-10-09 01:00:13,344] {local_task_job.py:156} INFO - Task exited with return code 0
[2024-10-09 01:00:13,416] {local_task_job.py:273} INFO - 0 downstream tasks scheduled from follow-on schedule check
[2024-10-09 09:34:00,424] {taskinstance.py:1159} INFO - Dependencies all met for <TaskInstance: get_stocks_dag.MSFT scheduled__2024-09-24T00:00:00+00:00 [queued]>
[2024-10-09 09:34:00,454] {taskinstance.py:1159} INFO - Dependencies all met for <TaskInstance: get_stocks_dag.MSFT scheduled__2024-09-24T00:00:00+00:00 [queued]>
[2024-10-09 09:34:00,455] {taskinstance.py:1356} INFO - 
--------------------------------------------------------------------------------
[2024-10-09 09:34:00,455] {taskinstance.py:1357} INFO - Starting attempt 1 of 1
[2024-10-09 09:34:00,456] {taskinstance.py:1358} INFO - 
--------------------------------------------------------------------------------
[2024-10-09 09:34:00,494] {taskinstance.py:1377} INFO - Executing <Task(_PythonDecoratedOperator): MSFT> on 2024-09-24 00:00:00+00:00
[2024-10-09 09:34:00,506] {standard_task_runner.py:52} INFO - Started process 14451 to run task
[2024-10-09 09:34:00,513] {standard_task_runner.py:79} INFO - Running: ['airflow', 'tasks', 'run', 'get_stocks_dag', 'MSFT', 'scheduled__2024-09-24T00:00:00+00:00', '--job-id', '155', '--raw', '--subdir', 'DAGS_FOLDER/get_stocks.py', '--cfg-path', '/tmp/tmpndtl592f', '--error-file', '/tmp/tmptsuaa058']
[2024-10-09 09:34:00,515] {standard_task_runner.py:80} INFO - Job 155: Subtask MSFT
[2024-10-09 09:34:01,045] {task_command.py:370} INFO - Running <TaskInstance: get_stocks_dag.MSFT scheduled__2024-09-24T00:00:00+00:00 [running]> on host ken
[2024-10-09 09:34:01,231] {taskinstance.py:1569} INFO - Exporting the following env vars:
AIRFLOW_CTX_DAG_OWNER=airflow
AIRFLOW_CTX_DAG_ID=get_stocks_dag
AIRFLOW_CTX_TASK_ID=MSFT
AIRFLOW_CTX_EXECUTION_DATE=2024-09-24T00:00:00+00:00
AIRFLOW_CTX_TRY_NUMBER=1
AIRFLOW_CTX_DAG_RUN_ID=scheduled__2024-09-24T00:00:00+00:00
[2024-10-09 09:34:01,665] {python.py:173} INFO - Done. Returned value was: None
[2024-10-09 09:34:01,710] {taskinstance.py:1395} INFO - Marking task as SUCCESS. dag_id=get_stocks_dag, task_id=MSFT, execution_date=20240924T000000, start_date=20241009T123400, end_date=20241009T123401
[2024-10-09 09:34:02,255] {local_task_job.py:156} INFO - Task exited with return code 0
[2024-10-09 09:34:03,039] {local_task_job.py:273} INFO - 0 downstream tasks scheduled from follow-on schedule check
[2024-10-09 09:43:20,499] {taskinstance.py:1159} INFO - Dependencies all met for <TaskInstance: get_stocks_dag.MSFT scheduled__2024-09-24T00:00:00+00:00 [queued]>
[2024-10-09 09:43:20,518] {taskinstance.py:1159} INFO - Dependencies all met for <TaskInstance: get_stocks_dag.MSFT scheduled__2024-09-24T00:00:00+00:00 [queued]>
[2024-10-09 09:43:20,518] {taskinstance.py:1356} INFO - 
--------------------------------------------------------------------------------
[2024-10-09 09:43:20,518] {taskinstance.py:1357} INFO - Starting attempt 1 of 1
[2024-10-09 09:43:20,518] {taskinstance.py:1358} INFO - 
--------------------------------------------------------------------------------
[2024-10-09 09:43:22,058] {taskinstance.py:1377} INFO - Executing <Task(_PythonDecoratedOperator): MSFT> on 2024-09-24 00:00:00+00:00
[2024-10-09 09:43:22,073] {standard_task_runner.py:52} INFO - Started process 21946 to run task
[2024-10-09 09:43:22,081] {standard_task_runner.py:79} INFO - Running: ['airflow', 'tasks', 'run', 'get_stocks_dag', 'MSFT', 'scheduled__2024-09-24T00:00:00+00:00', '--job-id', '219', '--raw', '--subdir', 'DAGS_FOLDER/get_stocks.py', '--cfg-path', '/tmp/tmp2l3dydji', '--error-file', '/tmp/tmpa_bc7uzr']
[2024-10-09 09:43:22,083] {standard_task_runner.py:80} INFO - Job 219: Subtask MSFT
[2024-10-09 09:43:22,792] {task_command.py:370} INFO - Running <TaskInstance: get_stocks_dag.MSFT scheduled__2024-09-24T00:00:00+00:00 [running]> on host ken
[2024-10-09 09:43:23,647] {taskinstance.py:1569} INFO - Exporting the following env vars:
AIRFLOW_CTX_DAG_OWNER=airflow
AIRFLOW_CTX_DAG_ID=get_stocks_dag
AIRFLOW_CTX_TASK_ID=MSFT
AIRFLOW_CTX_EXECUTION_DATE=2024-09-24T00:00:00+00:00
AIRFLOW_CTX_TRY_NUMBER=1
AIRFLOW_CTX_DAG_RUN_ID=scheduled__2024-09-24T00:00:00+00:00
[2024-10-09 09:43:24,625] {python.py:173} INFO - Done. Returned value was: None
[2024-10-09 09:43:24,645] {taskinstance.py:1395} INFO - Marking task as SUCCESS. dag_id=get_stocks_dag, task_id=MSFT, execution_date=20240924T000000, start_date=20241009T124320, end_date=20241009T124324
[2024-10-09 09:43:24,700] {local_task_job.py:156} INFO - Task exited with return code 0
[2024-10-09 09:43:24,896] {local_task_job.py:273} INFO - 0 downstream tasks scheduled from follow-on schedule check
[2024-10-09 09:47:28,234] {taskinstance.py:1159} INFO - Dependencies all met for <TaskInstance: get_stocks_dag.MSFT scheduled__2024-09-24T00:00:00+00:00 [queued]>
[2024-10-09 09:47:28,257] {taskinstance.py:1159} INFO - Dependencies all met for <TaskInstance: get_stocks_dag.MSFT scheduled__2024-09-24T00:00:00+00:00 [queued]>
[2024-10-09 09:47:28,257] {taskinstance.py:1356} INFO - 
--------------------------------------------------------------------------------
[2024-10-09 09:47:28,258] {taskinstance.py:1357} INFO - Starting attempt 1 of 1
[2024-10-09 09:47:28,258] {taskinstance.py:1358} INFO - 
--------------------------------------------------------------------------------
[2024-10-09 09:47:28,806] {taskinstance.py:1377} INFO - Executing <Task(_PythonDecoratedOperator): MSFT> on 2024-09-24 00:00:00+00:00
[2024-10-09 09:47:28,824] {standard_task_runner.py:52} INFO - Started process 28301 to run task
[2024-10-09 09:47:28,832] {standard_task_runner.py:79} INFO - Running: ['airflow', 'tasks', 'run', 'get_stocks_dag', 'MSFT', 'scheduled__2024-09-24T00:00:00+00:00', '--job-id', '283', '--raw', '--subdir', 'DAGS_FOLDER/get_stocks.py', '--cfg-path', '/tmp/tmpmip27e9p', '--error-file', '/tmp/tmpvxqaoeg9']
[2024-10-09 09:47:28,834] {standard_task_runner.py:80} INFO - Job 283: Subtask MSFT
[2024-10-09 09:47:29,297] {task_command.py:370} INFO - Running <TaskInstance: get_stocks_dag.MSFT scheduled__2024-09-24T00:00:00+00:00 [running]> on host ken
[2024-10-09 09:47:30,557] {taskinstance.py:1569} INFO - Exporting the following env vars:
AIRFLOW_CTX_DAG_OWNER=airflow
AIRFLOW_CTX_DAG_ID=get_stocks_dag
AIRFLOW_CTX_TASK_ID=MSFT
AIRFLOW_CTX_EXECUTION_DATE=2024-09-24T00:00:00+00:00
AIRFLOW_CTX_TRY_NUMBER=1
AIRFLOW_CTX_DAG_RUN_ID=scheduled__2024-09-24T00:00:00+00:00
[2024-10-09 09:47:31,722] {python.py:173} INFO - Done. Returned value was: None
[2024-10-09 09:47:31,753] {taskinstance.py:1395} INFO - Marking task as SUCCESS. dag_id=get_stocks_dag, task_id=MSFT, execution_date=20240924T000000, start_date=20241009T124728, end_date=20241009T124731
[2024-10-09 09:47:31,820] {local_task_job.py:156} INFO - Task exited with return code 0
[2024-10-09 09:47:32,038] {local_task_job.py:273} INFO - 0 downstream tasks scheduled from follow-on schedule check
[2024-10-09 10:36:35,889] {taskinstance.py:1159} INFO - Dependencies all met for <TaskInstance: get_stocks_dag.MSFT scheduled__2024-09-24T00:00:00+00:00 [queued]>
[2024-10-09 10:36:35,958] {taskinstance.py:1159} INFO - Dependencies all met for <TaskInstance: get_stocks_dag.MSFT scheduled__2024-09-24T00:00:00+00:00 [queued]>
[2024-10-09 10:36:35,958] {taskinstance.py:1356} INFO - 
--------------------------------------------------------------------------------
[2024-10-09 10:36:35,958] {taskinstance.py:1357} INFO - Starting attempt 1 of 1
[2024-10-09 10:36:35,958] {taskinstance.py:1358} INFO - 
--------------------------------------------------------------------------------
[2024-10-09 10:36:36,133] {taskinstance.py:1377} INFO - Executing <Task(_PythonDecoratedOperator): MSFT> on 2024-09-24 00:00:00+00:00
[2024-10-09 10:36:36,146] {standard_task_runner.py:52} INFO - Started process 62000 to run task
[2024-10-09 10:36:36,157] {standard_task_runner.py:79} INFO - Running: ['airflow', 'tasks', 'run', 'get_stocks_dag', 'MSFT', 'scheduled__2024-09-24T00:00:00+00:00', '--job-id', '409', '--raw', '--subdir', 'DAGS_FOLDER/get_stocks.py', '--cfg-path', '/tmp/tmpdj_35fxv', '--error-file', '/tmp/tmpsw2vnza0']
[2024-10-09 10:36:36,160] {standard_task_runner.py:80} INFO - Job 409: Subtask MSFT
[2024-10-09 10:36:36,571] {task_command.py:370} INFO - Running <TaskInstance: get_stocks_dag.MSFT scheduled__2024-09-24T00:00:00+00:00 [running]> on host ken
[2024-10-09 10:36:37,221] {taskinstance.py:1569} INFO - Exporting the following env vars:
AIRFLOW_CTX_DAG_OWNER=airflow
AIRFLOW_CTX_DAG_ID=get_stocks_dag
AIRFLOW_CTX_TASK_ID=MSFT
AIRFLOW_CTX_EXECUTION_DATE=2024-09-24T00:00:00+00:00
AIRFLOW_CTX_TRY_NUMBER=1
AIRFLOW_CTX_DAG_RUN_ID=scheduled__2024-09-24T00:00:00+00:00
[2024-10-09 10:36:47,803] {python.py:173} INFO - Done. Returned value was: None
[2024-10-09 10:36:47,878] {taskinstance.py:1395} INFO - Marking task as SUCCESS. dag_id=get_stocks_dag, task_id=MSFT, execution_date=20240924T000000, start_date=20241009T133635, end_date=20241009T133647
[2024-10-09 10:36:48,174] {local_task_job.py:156} INFO - Task exited with return code 0
[2024-10-09 10:36:48,603] {local_task_job.py:273} INFO - 0 downstream tasks scheduled from follow-on schedule check
