[2024-10-09 10:30:45,601] {taskinstance.py:1159} INFO - Dependencies all met for <TaskInstance: get_crypto_dag.BTC scheduled__2024-09-17T00:00:00+00:00 [queued]>
[2024-10-09 10:30:45,627] {taskinstance.py:1159} INFO - Dependencies all met for <TaskInstance: get_crypto_dag.BTC scheduled__2024-09-17T00:00:00+00:00 [queued]>
[2024-10-09 10:30:45,628] {taskinstance.py:1356} INFO - 
--------------------------------------------------------------------------------
[2024-10-09 10:30:45,628] {taskinstance.py:1357} INFO - Starting attempt 1 of 1
[2024-10-09 10:30:45,629] {taskinstance.py:1358} INFO - 
--------------------------------------------------------------------------------
[2024-10-09 10:30:46,134] {taskinstance.py:1377} INFO - Executing <Task(_PythonDecoratedOperator): BTC> on 2024-09-17 00:00:00+00:00
[2024-10-09 10:30:46,146] {standard_task_runner.py:52} INFO - Started process 53616 to run task
[2024-10-09 10:30:46,150] {standard_task_runner.py:79} INFO - Running: ['airflow', 'tasks', 'run', 'get_crypto_dag', 'BTC', 'scheduled__2024-09-17T00:00:00+00:00', '--job-id', '362', '--raw', '--subdir', 'DAGS_FOLDER/get_crypto.py', '--cfg-path', '/tmp/tmp4d1g3xh_', '--error-file', '/tmp/tmpepamyy4w']
[2024-10-09 10:30:46,151] {standard_task_runner.py:80} INFO - Job 362: Subtask BTC
[2024-10-09 10:30:46,636] {task_command.py:370} INFO - Running <TaskInstance: get_crypto_dag.BTC scheduled__2024-09-17T00:00:00+00:00 [running]> on host ken
[2024-10-09 10:30:47,169] {taskinstance.py:1569} INFO - Exporting the following env vars:
AIRFLOW_CTX_DAG_OWNER=airflow
AIRFLOW_CTX_DAG_ID=get_crypto_dag
AIRFLOW_CTX_TASK_ID=BTC
AIRFLOW_CTX_EXECUTION_DATE=2024-09-17T00:00:00+00:00
AIRFLOW_CTX_TRY_NUMBER=1
AIRFLOW_CTX_DAG_RUN_ID=scheduled__2024-09-17T00:00:00+00:00
[2024-10-09 10:30:57,636] {python.py:173} INFO - Done. Returned value was: None
[2024-10-09 10:30:57,663] {taskinstance.py:1395} INFO - Marking task as SUCCESS. dag_id=get_crypto_dag, task_id=BTC, execution_date=20240917T000000, start_date=20241009T133045, end_date=20241009T133057
[2024-10-09 10:30:58,130] {local_task_job.py:156} INFO - Task exited with return code 0
[2024-10-09 10:30:58,391] {local_task_job.py:273} INFO - 0 downstream tasks scheduled from follow-on schedule check
