[2024-10-08 17:20:13,220] {taskinstance.py:1159} INFO - Dependencies all met for <TaskInstance: get_stocks_dag.MSFT scheduled__2024-09-27T00:00:00+00:00 [queued]>
[2024-10-08 17:20:13,228] {taskinstance.py:1159} INFO - Dependencies all met for <TaskInstance: get_stocks_dag.MSFT scheduled__2024-09-27T00:00:00+00:00 [queued]>
[2024-10-08 17:20:13,229] {taskinstance.py:1356} INFO - 
--------------------------------------------------------------------------------
[2024-10-08 17:20:13,229] {taskinstance.py:1357} INFO - Starting attempt 1 of 1
[2024-10-08 17:20:13,229] {taskinstance.py:1358} INFO - 
--------------------------------------------------------------------------------
[2024-10-08 17:20:13,342] {taskinstance.py:1377} INFO - Executing <Task(_PythonDecoratedOperator): MSFT> on 2024-09-27 00:00:00+00:00
[2024-10-08 17:20:13,352] {standard_task_runner.py:52} INFO - Started process 38178 to run task
[2024-10-08 17:20:13,358] {standard_task_runner.py:79} INFO - Running: ['airflow', 'tasks', 'run', 'get_stocks_dag', 'MSFT', 'scheduled__2024-09-27T00:00:00+00:00', '--job-id', '171', '--raw', '--subdir', 'DAGS_FOLDER/get_stocks.py', '--cfg-path', '/tmp/tmpewlv56ny', '--error-file', '/tmp/tmp_vxr7xsa']
[2024-10-08 17:20:13,360] {standard_task_runner.py:80} INFO - Job 171: Subtask MSFT
[2024-10-08 17:20:13,461] {task_command.py:370} INFO - Running <TaskInstance: get_stocks_dag.MSFT scheduled__2024-09-27T00:00:00+00:00 [running]> on host ken
[2024-10-08 17:20:13,854] {taskinstance.py:1569} INFO - Exporting the following env vars:
AIRFLOW_CTX_DAG_OWNER=airflow
AIRFLOW_CTX_DAG_ID=get_stocks_dag
AIRFLOW_CTX_TASK_ID=MSFT
AIRFLOW_CTX_EXECUTION_DATE=2024-09-27T00:00:00+00:00
AIRFLOW_CTX_TRY_NUMBER=1
AIRFLOW_CTX_DAG_RUN_ID=scheduled__2024-09-27T00:00:00+00:00
[2024-10-08 17:20:14,375] {python.py:173} INFO - Done. Returned value was: None
[2024-10-08 17:20:14,383] {taskinstance.py:1395} INFO - Marking task as SUCCESS. dag_id=get_stocks_dag, task_id=MSFT, execution_date=20240927T000000, start_date=20241008T202013, end_date=20241008T202014
[2024-10-08 17:20:15,256] {local_task_job.py:156} INFO - Task exited with return code 0
[2024-10-08 17:20:15,276] {local_task_job.py:273} INFO - 0 downstream tasks scheduled from follow-on schedule check
[2024-10-08 23:21:42,765] {taskinstance.py:1159} INFO - Dependencies all met for <TaskInstance: get_stocks_dag.MSFT scheduled__2024-09-27T00:00:00+00:00 [queued]>
[2024-10-08 23:21:42,857] {taskinstance.py:1159} INFO - Dependencies all met for <TaskInstance: get_stocks_dag.MSFT scheduled__2024-09-27T00:00:00+00:00 [queued]>
[2024-10-08 23:21:42,857] {taskinstance.py:1356} INFO - 
--------------------------------------------------------------------------------
[2024-10-08 23:21:42,857] {taskinstance.py:1357} INFO - Starting attempt 1 of 1
[2024-10-08 23:21:42,857] {taskinstance.py:1358} INFO - 
--------------------------------------------------------------------------------
[2024-10-08 23:21:42,974] {taskinstance.py:1377} INFO - Executing <Task(_PythonDecoratedOperator): MSFT> on 2024-09-27 00:00:00+00:00
[2024-10-08 23:21:43,007] {standard_task_runner.py:52} INFO - Started process 22168 to run task
[2024-10-08 23:21:43,010] {standard_task_runner.py:79} INFO - Running: ['airflow', 'tasks', 'run', 'get_stocks_dag', 'MSFT', 'scheduled__2024-09-27T00:00:00+00:00', '--job-id', '37', '--raw', '--subdir', 'DAGS_FOLDER/get_stocks.py', '--cfg-path', '/tmp/tmpd_uf93af', '--error-file', '/tmp/tmpvsuw2wxm']
[2024-10-08 23:21:43,014] {standard_task_runner.py:80} INFO - Job 37: Subtask MSFT
[2024-10-08 23:21:43,420] {task_command.py:370} INFO - Running <TaskInstance: get_stocks_dag.MSFT scheduled__2024-09-27T00:00:00+00:00 [running]> on host ken
[2024-10-08 23:21:43,956] {taskinstance.py:1569} INFO - Exporting the following env vars:
AIRFLOW_CTX_DAG_OWNER=airflow
AIRFLOW_CTX_DAG_ID=get_stocks_dag
AIRFLOW_CTX_TASK_ID=MSFT
AIRFLOW_CTX_EXECUTION_DATE=2024-09-27T00:00:00+00:00
AIRFLOW_CTX_TRY_NUMBER=1
AIRFLOW_CTX_DAG_RUN_ID=scheduled__2024-09-27T00:00:00+00:00
[2024-10-08 23:21:48,663] {python.py:173} INFO - Done. Returned value was: None
[2024-10-08 23:21:48,715] {taskinstance.py:1395} INFO - Marking task as SUCCESS. dag_id=get_stocks_dag, task_id=MSFT, execution_date=20240927T000000, start_date=20241009T022142, end_date=20241009T022148
[2024-10-08 23:21:48,799] {local_task_job.py:156} INFO - Task exited with return code 0
[2024-10-08 23:21:48,962] {local_task_job.py:273} INFO - 0 downstream tasks scheduled from follow-on schedule check
[2024-10-09 01:00:45,529] {taskinstance.py:1159} INFO - Dependencies all met for <TaskInstance: get_stocks_dag.MSFT scheduled__2024-09-27T00:00:00+00:00 [queued]>
[2024-10-09 01:00:45,538] {taskinstance.py:1159} INFO - Dependencies all met for <TaskInstance: get_stocks_dag.MSFT scheduled__2024-09-27T00:00:00+00:00 [queued]>
[2024-10-09 01:00:45,538] {taskinstance.py:1356} INFO - 
--------------------------------------------------------------------------------
[2024-10-09 01:00:45,538] {taskinstance.py:1357} INFO - Starting attempt 1 of 1
[2024-10-09 01:00:45,538] {taskinstance.py:1358} INFO - 
--------------------------------------------------------------------------------
[2024-10-09 01:00:45,705] {taskinstance.py:1377} INFO - Executing <Task(_PythonDecoratedOperator): MSFT> on 2024-09-27 00:00:00+00:00
[2024-10-09 01:00:45,717] {standard_task_runner.py:52} INFO - Started process 40840 to run task
[2024-10-09 01:00:45,725] {standard_task_runner.py:79} INFO - Running: ['airflow', 'tasks', 'run', 'get_stocks_dag', 'MSFT', 'scheduled__2024-09-27T00:00:00+00:00', '--job-id', '102', '--raw', '--subdir', 'DAGS_FOLDER/get_stocks.py', '--cfg-path', '/tmp/tmpiu5h07rk', '--error-file', '/tmp/tmph023eu2j']
[2024-10-09 01:00:45,727] {standard_task_runner.py:80} INFO - Job 102: Subtask MSFT
[2024-10-09 01:00:45,848] {task_command.py:370} INFO - Running <TaskInstance: get_stocks_dag.MSFT scheduled__2024-09-27T00:00:00+00:00 [running]> on host ken
[2024-10-09 01:00:45,954] {taskinstance.py:1569} INFO - Exporting the following env vars:
AIRFLOW_CTX_DAG_OWNER=airflow
AIRFLOW_CTX_DAG_ID=get_stocks_dag
AIRFLOW_CTX_TASK_ID=MSFT
AIRFLOW_CTX_EXECUTION_DATE=2024-09-27T00:00:00+00:00
AIRFLOW_CTX_TRY_NUMBER=1
AIRFLOW_CTX_DAG_RUN_ID=scheduled__2024-09-27T00:00:00+00:00
[2024-10-09 01:00:50,484] {history.py:244} ERROR - $MSFT: possibly delisted; no price data found  (1h 2024-09-26 -> 2024-09-27)
[2024-10-09 01:00:50,487] {python.py:173} INFO - Done. Returned value was: None
[2024-10-09 01:00:50,509] {taskinstance.py:1395} INFO - Marking task as SUCCESS. dag_id=get_stocks_dag, task_id=MSFT, execution_date=20240927T000000, start_date=20241009T040045, end_date=20241009T040050
[2024-10-09 01:00:50,553] {local_task_job.py:156} INFO - Task exited with return code 0
[2024-10-09 01:00:50,617] {local_task_job.py:273} INFO - 0 downstream tasks scheduled from follow-on schedule check
[2024-10-09 09:34:23,574] {taskinstance.py:1159} INFO - Dependencies all met for <TaskInstance: get_stocks_dag.MSFT scheduled__2024-09-27T00:00:00+00:00 [queued]>
[2024-10-09 09:34:23,586] {taskinstance.py:1159} INFO - Dependencies all met for <TaskInstance: get_stocks_dag.MSFT scheduled__2024-09-27T00:00:00+00:00 [queued]>
[2024-10-09 09:34:23,586] {taskinstance.py:1356} INFO - 
--------------------------------------------------------------------------------
[2024-10-09 09:34:23,586] {taskinstance.py:1357} INFO - Starting attempt 1 of 1
[2024-10-09 09:34:23,586] {taskinstance.py:1358} INFO - 
--------------------------------------------------------------------------------
[2024-10-09 09:34:23,615] {taskinstance.py:1377} INFO - Executing <Task(_PythonDecoratedOperator): MSFT> on 2024-09-27 00:00:00+00:00
[2024-10-09 09:34:23,627] {standard_task_runner.py:52} INFO - Started process 15183 to run task
[2024-10-09 09:34:23,636] {standard_task_runner.py:79} INFO - Running: ['airflow', 'tasks', 'run', 'get_stocks_dag', 'MSFT', 'scheduled__2024-09-27T00:00:00+00:00', '--job-id', '167', '--raw', '--subdir', 'DAGS_FOLDER/get_stocks.py', '--cfg-path', '/tmp/tmpfokz6gw6', '--error-file', '/tmp/tmpd2655my2']
[2024-10-09 09:34:23,639] {standard_task_runner.py:80} INFO - Job 167: Subtask MSFT
[2024-10-09 09:34:24,037] {task_command.py:370} INFO - Running <TaskInstance: get_stocks_dag.MSFT scheduled__2024-09-27T00:00:00+00:00 [running]> on host ken
[2024-10-09 09:34:24,845] {taskinstance.py:1569} INFO - Exporting the following env vars:
AIRFLOW_CTX_DAG_OWNER=airflow
AIRFLOW_CTX_DAG_ID=get_stocks_dag
AIRFLOW_CTX_TASK_ID=MSFT
AIRFLOW_CTX_EXECUTION_DATE=2024-09-27T00:00:00+00:00
AIRFLOW_CTX_TRY_NUMBER=1
AIRFLOW_CTX_DAG_RUN_ID=scheduled__2024-09-27T00:00:00+00:00
[2024-10-09 09:34:25,879] {python.py:173} INFO - Done. Returned value was: None
[2024-10-09 09:34:26,058] {taskinstance.py:1395} INFO - Marking task as SUCCESS. dag_id=get_stocks_dag, task_id=MSFT, execution_date=20240927T000000, start_date=20241009T123423, end_date=20241009T123426
[2024-10-09 09:34:26,423] {local_task_job.py:156} INFO - Task exited with return code 0
[2024-10-09 09:34:27,065] {local_task_job.py:273} INFO - 0 downstream tasks scheduled from follow-on schedule check
[2024-10-09 09:43:50,833] {taskinstance.py:1159} INFO - Dependencies all met for <TaskInstance: get_stocks_dag.MSFT scheduled__2024-09-27T00:00:00+00:00 [queued]>
[2024-10-09 09:43:50,857] {taskinstance.py:1159} INFO - Dependencies all met for <TaskInstance: get_stocks_dag.MSFT scheduled__2024-09-27T00:00:00+00:00 [queued]>
[2024-10-09 09:43:50,857] {taskinstance.py:1356} INFO - 
--------------------------------------------------------------------------------
[2024-10-09 09:43:50,857] {taskinstance.py:1357} INFO - Starting attempt 1 of 1
[2024-10-09 09:43:50,857] {taskinstance.py:1358} INFO - 
--------------------------------------------------------------------------------
[2024-10-09 09:43:51,814] {taskinstance.py:1377} INFO - Executing <Task(_PythonDecoratedOperator): MSFT> on 2024-09-27 00:00:00+00:00
[2024-10-09 09:43:51,826] {standard_task_runner.py:52} INFO - Started process 22921 to run task
[2024-10-09 09:43:51,835] {standard_task_runner.py:79} INFO - Running: ['airflow', 'tasks', 'run', 'get_stocks_dag', 'MSFT', 'scheduled__2024-09-27T00:00:00+00:00', '--job-id', '231', '--raw', '--subdir', 'DAGS_FOLDER/get_stocks.py', '--cfg-path', '/tmp/tmpkkh1f2ml', '--error-file', '/tmp/tmpe20s451r']
[2024-10-09 09:43:51,837] {standard_task_runner.py:80} INFO - Job 231: Subtask MSFT
[2024-10-09 09:43:53,495] {task_command.py:370} INFO - Running <TaskInstance: get_stocks_dag.MSFT scheduled__2024-09-27T00:00:00+00:00 [running]> on host ken
[2024-10-09 09:43:54,395] {taskinstance.py:1569} INFO - Exporting the following env vars:
AIRFLOW_CTX_DAG_OWNER=airflow
AIRFLOW_CTX_DAG_ID=get_stocks_dag
AIRFLOW_CTX_TASK_ID=MSFT
AIRFLOW_CTX_EXECUTION_DATE=2024-09-27T00:00:00+00:00
AIRFLOW_CTX_TRY_NUMBER=1
AIRFLOW_CTX_DAG_RUN_ID=scheduled__2024-09-27T00:00:00+00:00
[2024-10-09 09:43:54,787] {python.py:173} INFO - Done. Returned value was: None
[2024-10-09 09:43:54,811] {taskinstance.py:1395} INFO - Marking task as SUCCESS. dag_id=get_stocks_dag, task_id=MSFT, execution_date=20240927T000000, start_date=20241009T124350, end_date=20241009T124354
[2024-10-09 09:43:55,219] {local_task_job.py:156} INFO - Task exited with return code 0
[2024-10-09 09:43:55,548] {local_task_job.py:273} INFO - 0 downstream tasks scheduled from follow-on schedule check
[2024-10-09 09:48:01,607] {taskinstance.py:1159} INFO - Dependencies all met for <TaskInstance: get_stocks_dag.MSFT scheduled__2024-09-27T00:00:00+00:00 [queued]>
[2024-10-09 09:48:01,645] {taskinstance.py:1159} INFO - Dependencies all met for <TaskInstance: get_stocks_dag.MSFT scheduled__2024-09-27T00:00:00+00:00 [queued]>
[2024-10-09 09:48:01,646] {taskinstance.py:1356} INFO - 
--------------------------------------------------------------------------------
[2024-10-09 09:48:01,646] {taskinstance.py:1357} INFO - Starting attempt 1 of 1
[2024-10-09 09:48:01,646] {taskinstance.py:1358} INFO - 
--------------------------------------------------------------------------------
[2024-10-09 09:48:01,977] {taskinstance.py:1377} INFO - Executing <Task(_PythonDecoratedOperator): MSFT> on 2024-09-27 00:00:00+00:00
[2024-10-09 09:48:01,999] {standard_task_runner.py:52} INFO - Started process 29532 to run task
[2024-10-09 09:48:02,020] {standard_task_runner.py:79} INFO - Running: ['airflow', 'tasks', 'run', 'get_stocks_dag', 'MSFT', 'scheduled__2024-09-27T00:00:00+00:00', '--job-id', '296', '--raw', '--subdir', 'DAGS_FOLDER/get_stocks.py', '--cfg-path', '/tmp/tmp50g8qc2h', '--error-file', '/tmp/tmpxrldza8t']
[2024-10-09 09:48:02,023] {standard_task_runner.py:80} INFO - Job 296: Subtask MSFT
[2024-10-09 09:48:02,475] {task_command.py:370} INFO - Running <TaskInstance: get_stocks_dag.MSFT scheduled__2024-09-27T00:00:00+00:00 [running]> on host ken
[2024-10-09 09:48:02,676] {taskinstance.py:1569} INFO - Exporting the following env vars:
AIRFLOW_CTX_DAG_OWNER=airflow
AIRFLOW_CTX_DAG_ID=get_stocks_dag
AIRFLOW_CTX_TASK_ID=MSFT
AIRFLOW_CTX_EXECUTION_DATE=2024-09-27T00:00:00+00:00
AIRFLOW_CTX_TRY_NUMBER=1
AIRFLOW_CTX_DAG_RUN_ID=scheduled__2024-09-27T00:00:00+00:00
[2024-10-09 09:48:03,190] {python.py:173} INFO - Done. Returned value was: None
[2024-10-09 09:48:03,212] {taskinstance.py:1395} INFO - Marking task as SUCCESS. dag_id=get_stocks_dag, task_id=MSFT, execution_date=20240927T000000, start_date=20241009T124801, end_date=20241009T124803
[2024-10-09 09:48:03,284] {local_task_job.py:156} INFO - Task exited with return code 0
[2024-10-09 09:48:03,551] {local_task_job.py:273} INFO - 0 downstream tasks scheduled from follow-on schedule check
[2024-10-09 10:38:55,454] {taskinstance.py:1159} INFO - Dependencies all met for <TaskInstance: get_stocks_dag.MSFT scheduled__2024-09-27T00:00:00+00:00 [queued]>
[2024-10-09 10:38:55,480] {taskinstance.py:1159} INFO - Dependencies all met for <TaskInstance: get_stocks_dag.MSFT scheduled__2024-09-27T00:00:00+00:00 [queued]>
[2024-10-09 10:38:55,480] {taskinstance.py:1356} INFO - 
--------------------------------------------------------------------------------
[2024-10-09 10:38:55,480] {taskinstance.py:1357} INFO - Starting attempt 1 of 1
[2024-10-09 10:38:55,481] {taskinstance.py:1358} INFO - 
--------------------------------------------------------------------------------
[2024-10-09 10:38:55,532] {taskinstance.py:1377} INFO - Executing <Task(_PythonDecoratedOperator): MSFT> on 2024-09-27 00:00:00+00:00
[2024-10-09 10:38:55,541] {standard_task_runner.py:52} INFO - Started process 65160 to run task
[2024-10-09 10:38:55,546] {standard_task_runner.py:79} INFO - Running: ['airflow', 'tasks', 'run', 'get_stocks_dag', 'MSFT', 'scheduled__2024-09-27T00:00:00+00:00', '--job-id', '428', '--raw', '--subdir', 'DAGS_FOLDER/get_stocks.py', '--cfg-path', '/tmp/tmpagz1k_va', '--error-file', '/tmp/tmpvgqx9eis']
[2024-10-09 10:38:55,548] {standard_task_runner.py:80} INFO - Job 428: Subtask MSFT
[2024-10-09 10:38:55,867] {task_command.py:370} INFO - Running <TaskInstance: get_stocks_dag.MSFT scheduled__2024-09-27T00:00:00+00:00 [running]> on host ken
[2024-10-09 10:38:56,413] {taskinstance.py:1569} INFO - Exporting the following env vars:
AIRFLOW_CTX_DAG_OWNER=airflow
AIRFLOW_CTX_DAG_ID=get_stocks_dag
AIRFLOW_CTX_TASK_ID=MSFT
AIRFLOW_CTX_EXECUTION_DATE=2024-09-27T00:00:00+00:00
AIRFLOW_CTX_TRY_NUMBER=1
AIRFLOW_CTX_DAG_RUN_ID=scheduled__2024-09-27T00:00:00+00:00
[2024-10-09 10:39:07,019] {python.py:173} INFO - Done. Returned value was: None
[2024-10-09 10:39:07,162] {taskinstance.py:1395} INFO - Marking task as SUCCESS. dag_id=get_stocks_dag, task_id=MSFT, execution_date=20240927T000000, start_date=20241009T133855, end_date=20241009T133907
[2024-10-09 10:39:07,218] {local_task_job.py:156} INFO - Task exited with return code 0
[2024-10-09 10:39:07,783] {local_task_job.py:273} INFO - 0 downstream tasks scheduled from follow-on schedule check
