[2024-10-08 17:15:33,400] {taskinstance.py:1159} INFO - Dependencies all met for <TaskInstance: get_stocks_dag.AAPL scheduled__2024-09-18T00:00:00+00:00 [queued]>
[2024-10-08 17:15:33,408] {taskinstance.py:1159} INFO - Dependencies all met for <TaskInstance: get_stocks_dag.AAPL scheduled__2024-09-18T00:00:00+00:00 [queued]>
[2024-10-08 17:15:33,409] {taskinstance.py:1356} INFO - 
--------------------------------------------------------------------------------
[2024-10-08 17:15:33,409] {taskinstance.py:1357} INFO - Starting attempt 1 of 1
[2024-10-08 17:15:33,409] {taskinstance.py:1358} INFO - 
--------------------------------------------------------------------------------
[2024-10-08 17:15:33,510] {taskinstance.py:1377} INFO - Executing <Task(_PythonDecoratedOperator): AAPL> on 2024-09-18 00:00:00+00:00
[2024-10-08 17:15:33,515] {standard_task_runner.py:52} INFO - Started process 34733 to run task
[2024-10-08 17:15:33,519] {standard_task_runner.py:79} INFO - Running: ['airflow', 'tasks', 'run', 'get_stocks_dag', 'AAPL', 'scheduled__2024-09-18T00:00:00+00:00', '--job-id', '142', '--raw', '--subdir', 'DAGS_FOLDER/get_stocks.py', '--cfg-path', '/tmp/tmpmat12kew', '--error-file', '/tmp/tmp3ch2_r1q']
[2024-10-08 17:15:33,520] {standard_task_runner.py:80} INFO - Job 142: Subtask AAPL
[2024-10-08 17:15:33,703] {task_command.py:370} INFO - Running <TaskInstance: get_stocks_dag.AAPL scheduled__2024-09-18T00:00:00+00:00 [running]> on host ken
[2024-10-08 17:15:34,415] {taskinstance.py:1569} INFO - Exporting the following env vars:
AIRFLOW_CTX_DAG_OWNER=airflow
AIRFLOW_CTX_DAG_ID=get_stocks_dag
AIRFLOW_CTX_TASK_ID=AAPL
AIRFLOW_CTX_EXECUTION_DATE=2024-09-18T00:00:00+00:00
AIRFLOW_CTX_TRY_NUMBER=1
AIRFLOW_CTX_DAG_RUN_ID=scheduled__2024-09-18T00:00:00+00:00
[2024-10-08 17:15:35,128] {python.py:173} INFO - Done. Returned value was: None
[2024-10-08 17:15:35,137] {taskinstance.py:1395} INFO - Marking task as SUCCESS. dag_id=get_stocks_dag, task_id=AAPL, execution_date=20240918T000000, start_date=20241008T201533, end_date=20241008T201535
[2024-10-08 17:15:35,298] {local_task_job.py:156} INFO - Task exited with return code 0
[2024-10-08 17:15:35,346] {local_task_job.py:273} INFO - 0 downstream tasks scheduled from follow-on schedule check
[2024-10-08 23:21:27,702] {taskinstance.py:1159} INFO - Dependencies all met for <TaskInstance: get_stocks_dag.AAPL scheduled__2024-09-18T00:00:00+00:00 [queued]>
[2024-10-08 23:21:27,751] {taskinstance.py:1159} INFO - Dependencies all met for <TaskInstance: get_stocks_dag.AAPL scheduled__2024-09-18T00:00:00+00:00 [queued]>
[2024-10-08 23:21:27,754] {taskinstance.py:1356} INFO - 
--------------------------------------------------------------------------------
[2024-10-08 23:21:27,755] {taskinstance.py:1357} INFO - Starting attempt 1 of 1
[2024-10-08 23:21:27,755] {taskinstance.py:1358} INFO - 
--------------------------------------------------------------------------------
[2024-10-08 23:21:27,871] {taskinstance.py:1377} INFO - Executing <Task(_PythonDecoratedOperator): AAPL> on 2024-09-18 00:00:00+00:00
[2024-10-08 23:21:27,895] {standard_task_runner.py:52} INFO - Started process 20907 to run task
[2024-10-08 23:21:27,945] {standard_task_runner.py:79} INFO - Running: ['airflow', 'tasks', 'run', 'get_stocks_dag', 'AAPL', 'scheduled__2024-09-18T00:00:00+00:00', '--job-id', '6', '--raw', '--subdir', 'DAGS_FOLDER/get_stocks.py', '--cfg-path', '/tmp/tmpai3fky23', '--error-file', '/tmp/tmpobc5yobz']
[2024-10-08 23:21:27,946] {standard_task_runner.py:80} INFO - Job 6: Subtask AAPL
[2024-10-08 23:21:28,496] {task_command.py:370} INFO - Running <TaskInstance: get_stocks_dag.AAPL scheduled__2024-09-18T00:00:00+00:00 [running]> on host ken
[2024-10-08 23:21:29,324] {taskinstance.py:1569} INFO - Exporting the following env vars:
AIRFLOW_CTX_DAG_OWNER=airflow
AIRFLOW_CTX_DAG_ID=get_stocks_dag
AIRFLOW_CTX_TASK_ID=AAPL
AIRFLOW_CTX_EXECUTION_DATE=2024-09-18T00:00:00+00:00
AIRFLOW_CTX_TRY_NUMBER=1
AIRFLOW_CTX_DAG_RUN_ID=scheduled__2024-09-18T00:00:00+00:00
[2024-10-08 23:21:33,597] {history.py:244} ERROR - $AAPL: possibly delisted; no price data found  (1h 2024-09-17 -> 2024-09-18)
[2024-10-08 23:21:33,647] {python.py:173} INFO - Done. Returned value was: None
[2024-10-08 23:21:33,718] {taskinstance.py:1395} INFO - Marking task as SUCCESS. dag_id=get_stocks_dag, task_id=AAPL, execution_date=20240918T000000, start_date=20241009T022127, end_date=20241009T022133
[2024-10-08 23:21:33,859] {local_task_job.py:156} INFO - Task exited with return code 0
[2024-10-08 23:21:34,120] {local_task_job.py:273} INFO - 0 downstream tasks scheduled from follow-on schedule check
[2024-10-09 00:58:50,072] {taskinstance.py:1159} INFO - Dependencies all met for <TaskInstance: get_stocks_dag.AAPL scheduled__2024-09-18T00:00:00+00:00 [queued]>
[2024-10-09 00:58:50,098] {taskinstance.py:1159} INFO - Dependencies all met for <TaskInstance: get_stocks_dag.AAPL scheduled__2024-09-18T00:00:00+00:00 [queued]>
[2024-10-09 00:58:50,099] {taskinstance.py:1356} INFO - 
--------------------------------------------------------------------------------
[2024-10-09 00:58:50,099] {taskinstance.py:1357} INFO - Starting attempt 1 of 1
[2024-10-09 00:58:50,099] {taskinstance.py:1358} INFO - 
--------------------------------------------------------------------------------
[2024-10-09 00:58:50,140] {taskinstance.py:1377} INFO - Executing <Task(_PythonDecoratedOperator): AAPL> on 2024-09-18 00:00:00+00:00
[2024-10-09 00:58:50,149] {standard_task_runner.py:52} INFO - Started process 35887 to run task
[2024-10-09 00:58:50,155] {standard_task_runner.py:79} INFO - Running: ['airflow', 'tasks', 'run', 'get_stocks_dag', 'AAPL', 'scheduled__2024-09-18T00:00:00+00:00', '--job-id', '76', '--raw', '--subdir', 'DAGS_FOLDER/get_stocks.py', '--cfg-path', '/tmp/tmpqci9in80', '--error-file', '/tmp/tmpkzn66ou3']
[2024-10-09 00:58:50,158] {standard_task_runner.py:80} INFO - Job 76: Subtask AAPL
[2024-10-09 00:58:50,268] {task_command.py:370} INFO - Running <TaskInstance: get_stocks_dag.AAPL scheduled__2024-09-18T00:00:00+00:00 [running]> on host ken
[2024-10-09 00:58:50,410] {taskinstance.py:1569} INFO - Exporting the following env vars:
AIRFLOW_CTX_DAG_OWNER=airflow
AIRFLOW_CTX_DAG_ID=get_stocks_dag
AIRFLOW_CTX_TASK_ID=AAPL
AIRFLOW_CTX_EXECUTION_DATE=2024-09-18T00:00:00+00:00
AIRFLOW_CTX_TRY_NUMBER=1
AIRFLOW_CTX_DAG_RUN_ID=scheduled__2024-09-18T00:00:00+00:00
[2024-10-09 00:59:00,743] {history.py:244} ERROR - $AAPL: possibly delisted; no price data found  (1h 2024-09-17 -> 2024-09-18)
[2024-10-09 00:59:00,747] {python.py:173} INFO - Done. Returned value was: None
[2024-10-09 00:59:00,782] {taskinstance.py:1395} INFO - Marking task as SUCCESS. dag_id=get_stocks_dag, task_id=AAPL, execution_date=20240918T000000, start_date=20241009T035850, end_date=20241009T035900
[2024-10-09 00:59:00,980] {local_task_job.py:156} INFO - Task exited with return code 0
[2024-10-09 00:59:01,251] {local_task_job.py:273} INFO - 0 downstream tasks scheduled from follow-on schedule check
[2024-10-09 09:33:20,540] {taskinstance.py:1159} INFO - Dependencies all met for <TaskInstance: get_stocks_dag.AAPL scheduled__2024-09-18T00:00:00+00:00 [queued]>
[2024-10-09 09:33:20,562] {taskinstance.py:1159} INFO - Dependencies all met for <TaskInstance: get_stocks_dag.AAPL scheduled__2024-09-18T00:00:00+00:00 [queued]>
[2024-10-09 09:33:20,562] {taskinstance.py:1356} INFO - 
--------------------------------------------------------------------------------
[2024-10-09 09:33:20,563] {taskinstance.py:1357} INFO - Starting attempt 1 of 1
[2024-10-09 09:33:20,563] {taskinstance.py:1358} INFO - 
--------------------------------------------------------------------------------
[2024-10-09 09:33:20,602] {taskinstance.py:1377} INFO - Executing <Task(_PythonDecoratedOperator): AAPL> on 2024-09-18 00:00:00+00:00
[2024-10-09 09:33:20,610] {standard_task_runner.py:52} INFO - Started process 12935 to run task
[2024-10-09 09:33:20,612] {standard_task_runner.py:79} INFO - Running: ['airflow', 'tasks', 'run', 'get_stocks_dag', 'AAPL', 'scheduled__2024-09-18T00:00:00+00:00', '--job-id', '138', '--raw', '--subdir', 'DAGS_FOLDER/get_stocks.py', '--cfg-path', '/tmp/tmpwwqgjyw4', '--error-file', '/tmp/tmpwvp52tm_']
[2024-10-09 09:33:20,613] {standard_task_runner.py:80} INFO - Job 138: Subtask AAPL
[2024-10-09 09:33:20,883] {task_command.py:370} INFO - Running <TaskInstance: get_stocks_dag.AAPL scheduled__2024-09-18T00:00:00+00:00 [running]> on host ken
[2024-10-09 09:33:21,034] {taskinstance.py:1569} INFO - Exporting the following env vars:
AIRFLOW_CTX_DAG_OWNER=airflow
AIRFLOW_CTX_DAG_ID=get_stocks_dag
AIRFLOW_CTX_TASK_ID=AAPL
AIRFLOW_CTX_EXECUTION_DATE=2024-09-18T00:00:00+00:00
AIRFLOW_CTX_TRY_NUMBER=1
AIRFLOW_CTX_DAG_RUN_ID=scheduled__2024-09-18T00:00:00+00:00
[2024-10-09 09:33:21,461] {python.py:173} INFO - Done. Returned value was: None
[2024-10-09 09:33:21,505] {taskinstance.py:1395} INFO - Marking task as SUCCESS. dag_id=get_stocks_dag, task_id=AAPL, execution_date=20240918T000000, start_date=20241009T123320, end_date=20241009T123321
[2024-10-09 09:33:21,588] {local_task_job.py:156} INFO - Task exited with return code 0
[2024-10-09 09:33:22,295] {local_task_job.py:273} INFO - 0 downstream tasks scheduled from follow-on schedule check
[2024-10-09 09:42:34,101] {taskinstance.py:1159} INFO - Dependencies all met for <TaskInstance: get_stocks_dag.AAPL scheduled__2024-09-18T00:00:00+00:00 [queued]>
[2024-10-09 09:42:34,153] {taskinstance.py:1159} INFO - Dependencies all met for <TaskInstance: get_stocks_dag.AAPL scheduled__2024-09-18T00:00:00+00:00 [queued]>
[2024-10-09 09:42:34,154] {taskinstance.py:1356} INFO - 
--------------------------------------------------------------------------------
[2024-10-09 09:42:34,154] {taskinstance.py:1357} INFO - Starting attempt 1 of 1
[2024-10-09 09:42:34,154] {taskinstance.py:1358} INFO - 
--------------------------------------------------------------------------------
[2024-10-09 09:42:34,328] {taskinstance.py:1377} INFO - Executing <Task(_PythonDecoratedOperator): AAPL> on 2024-09-18 00:00:00+00:00
[2024-10-09 09:42:34,343] {standard_task_runner.py:52} INFO - Started process 20224 to run task
[2024-10-09 09:42:34,356] {standard_task_runner.py:79} INFO - Running: ['airflow', 'tasks', 'run', 'get_stocks_dag', 'AAPL', 'scheduled__2024-09-18T00:00:00+00:00', '--job-id', '202', '--raw', '--subdir', 'DAGS_FOLDER/get_stocks.py', '--cfg-path', '/tmp/tmpi3s_8xgd', '--error-file', '/tmp/tmprd8uv8zp']
[2024-10-09 09:42:34,360] {standard_task_runner.py:80} INFO - Job 202: Subtask AAPL
[2024-10-09 09:42:34,761] {task_command.py:370} INFO - Running <TaskInstance: get_stocks_dag.AAPL scheduled__2024-09-18T00:00:00+00:00 [running]> on host ken
[2024-10-09 09:42:34,914] {taskinstance.py:1569} INFO - Exporting the following env vars:
AIRFLOW_CTX_DAG_OWNER=airflow
AIRFLOW_CTX_DAG_ID=get_stocks_dag
AIRFLOW_CTX_TASK_ID=AAPL
AIRFLOW_CTX_EXECUTION_DATE=2024-09-18T00:00:00+00:00
AIRFLOW_CTX_TRY_NUMBER=1
AIRFLOW_CTX_DAG_RUN_ID=scheduled__2024-09-18T00:00:00+00:00
[2024-10-09 09:42:36,233] {python.py:173} INFO - Done. Returned value was: None
[2024-10-09 09:42:36,835] {taskinstance.py:1395} INFO - Marking task as SUCCESS. dag_id=get_stocks_dag, task_id=AAPL, execution_date=20240918T000000, start_date=20241009T124234, end_date=20241009T124236
[2024-10-09 09:42:36,942] {local_task_job.py:156} INFO - Task exited with return code 0
[2024-10-09 09:42:38,553] {local_task_job.py:273} INFO - 0 downstream tasks scheduled from follow-on schedule check
[2024-10-09 09:46:34,661] {taskinstance.py:1159} INFO - Dependencies all met for <TaskInstance: get_stocks_dag.AAPL scheduled__2024-09-18T00:00:00+00:00 [queued]>
[2024-10-09 09:46:34,676] {taskinstance.py:1159} INFO - Dependencies all met for <TaskInstance: get_stocks_dag.AAPL scheduled__2024-09-18T00:00:00+00:00 [queued]>
[2024-10-09 09:46:34,677] {taskinstance.py:1356} INFO - 
--------------------------------------------------------------------------------
[2024-10-09 09:46:34,677] {taskinstance.py:1357} INFO - Starting attempt 1 of 1
[2024-10-09 09:46:34,677] {taskinstance.py:1358} INFO - 
--------------------------------------------------------------------------------
[2024-10-09 09:46:34,726] {taskinstance.py:1377} INFO - Executing <Task(_PythonDecoratedOperator): AAPL> on 2024-09-18 00:00:00+00:00
[2024-10-09 09:46:34,731] {standard_task_runner.py:52} INFO - Started process 26436 to run task
[2024-10-09 09:46:34,734] {standard_task_runner.py:79} INFO - Running: ['airflow', 'tasks', 'run', 'get_stocks_dag', 'AAPL', 'scheduled__2024-09-18T00:00:00+00:00', '--job-id', '265', '--raw', '--subdir', 'DAGS_FOLDER/get_stocks.py', '--cfg-path', '/tmp/tmpnvrr5__c', '--error-file', '/tmp/tmpmsieu4j9']
[2024-10-09 09:46:34,735] {standard_task_runner.py:80} INFO - Job 265: Subtask AAPL
[2024-10-09 09:46:34,966] {task_command.py:370} INFO - Running <TaskInstance: get_stocks_dag.AAPL scheduled__2024-09-18T00:00:00+00:00 [running]> on host ken
[2024-10-09 09:46:35,317] {taskinstance.py:1569} INFO - Exporting the following env vars:
AIRFLOW_CTX_DAG_OWNER=airflow
AIRFLOW_CTX_DAG_ID=get_stocks_dag
AIRFLOW_CTX_TASK_ID=AAPL
AIRFLOW_CTX_EXECUTION_DATE=2024-09-18T00:00:00+00:00
AIRFLOW_CTX_TRY_NUMBER=1
AIRFLOW_CTX_DAG_RUN_ID=scheduled__2024-09-18T00:00:00+00:00
[2024-10-09 09:46:36,629] {python.py:173} INFO - Done. Returned value was: None
[2024-10-09 09:46:36,708] {taskinstance.py:1395} INFO - Marking task as SUCCESS. dag_id=get_stocks_dag, task_id=AAPL, execution_date=20240918T000000, start_date=20241009T124634, end_date=20241009T124636
[2024-10-09 09:46:36,998] {local_task_job.py:156} INFO - Task exited with return code 0
[2024-10-09 09:46:37,206] {local_task_job.py:273} INFO - 0 downstream tasks scheduled from follow-on schedule check
[2024-10-09 10:28:45,806] {taskinstance.py:1149} INFO - Dependencies not met for <TaskInstance: get_stocks_dag.AAPL scheduled__2024-09-18T00:00:00+00:00 [scheduled]>, dependency 'Task Instance State' FAILED: Task is in the 'scheduled' state.
[2024-10-09 10:28:45,923] {local_task_job.py:101} INFO - Task is not able to be run
[2024-10-09 10:31:47,925] {taskinstance.py:1159} INFO - Dependencies all met for <TaskInstance: get_stocks_dag.AAPL scheduled__2024-09-18T00:00:00+00:00 [queued]>
[2024-10-09 10:31:48,119] {taskinstance.py:1159} INFO - Dependencies all met for <TaskInstance: get_stocks_dag.AAPL scheduled__2024-09-18T00:00:00+00:00 [queued]>
[2024-10-09 10:31:48,119] {taskinstance.py:1356} INFO - 
--------------------------------------------------------------------------------
[2024-10-09 10:31:48,119] {taskinstance.py:1357} INFO - Starting attempt 1 of 1
[2024-10-09 10:31:48,119] {taskinstance.py:1358} INFO - 
--------------------------------------------------------------------------------
[2024-10-09 10:31:48,384] {taskinstance.py:1377} INFO - Executing <Task(_PythonDecoratedOperator): AAPL> on 2024-09-18 00:00:00+00:00
[2024-10-09 10:31:48,390] {standard_task_runner.py:52} INFO - Started process 55195 to run task
[2024-10-09 10:31:48,394] {standard_task_runner.py:79} INFO - Running: ['airflow', 'tasks', 'run', 'get_stocks_dag', 'AAPL', 'scheduled__2024-09-18T00:00:00+00:00', '--job-id', '370', '--raw', '--subdir', 'DAGS_FOLDER/get_stocks.py', '--cfg-path', '/tmp/tmpoa88eiao', '--error-file', '/tmp/tmpjvkoh5vh']
[2024-10-09 10:31:48,395] {standard_task_runner.py:80} INFO - Job 370: Subtask AAPL
[2024-10-09 10:31:48,658] {task_command.py:370} INFO - Running <TaskInstance: get_stocks_dag.AAPL scheduled__2024-09-18T00:00:00+00:00 [running]> on host ken
[2024-10-09 10:31:48,788] {taskinstance.py:1569} INFO - Exporting the following env vars:
AIRFLOW_CTX_DAG_OWNER=airflow
AIRFLOW_CTX_DAG_ID=get_stocks_dag
AIRFLOW_CTX_TASK_ID=AAPL
AIRFLOW_CTX_EXECUTION_DATE=2024-09-18T00:00:00+00:00
AIRFLOW_CTX_TRY_NUMBER=1
AIRFLOW_CTX_DAG_RUN_ID=scheduled__2024-09-18T00:00:00+00:00
[2024-10-09 10:31:59,381] {python.py:173} INFO - Done. Returned value was: None
[2024-10-09 10:31:59,409] {taskinstance.py:1395} INFO - Marking task as SUCCESS. dag_id=get_stocks_dag, task_id=AAPL, execution_date=20240918T000000, start_date=20241009T133148, end_date=20241009T133159
[2024-10-09 10:32:00,009] {local_task_job.py:156} INFO - Task exited with return code 0
[2024-10-09 10:32:00,603] {local_task_job.py:273} INFO - 0 downstream tasks scheduled from follow-on schedule check
