[2024-10-08 17:01:37,036] {taskinstance.py:1159} INFO - Dependencies all met for <TaskInstance: get_stocks_dag.GOOG scheduled__2022-01-15T00:00:00+00:00 [queued]>
[2024-10-08 17:01:37,040] {taskinstance.py:1159} INFO - Dependencies all met for <TaskInstance: get_stocks_dag.GOOG scheduled__2022-01-15T00:00:00+00:00 [queued]>
[2024-10-08 17:01:37,040] {taskinstance.py:1356} INFO - 
--------------------------------------------------------------------------------
[2024-10-08 17:01:37,040] {taskinstance.py:1357} INFO - Starting attempt 1 of 1
[2024-10-08 17:01:37,040] {taskinstance.py:1358} INFO - 
--------------------------------------------------------------------------------
[2024-10-08 17:01:37,223] {taskinstance.py:1377} INFO - Executing <Task(_PythonDecoratedOperator): GOOG> on 2022-01-15 00:00:00+00:00
[2024-10-08 17:01:37,233] {standard_task_runner.py:52} INFO - Started process 25334 to run task
[2024-10-08 17:01:37,241] {standard_task_runner.py:79} INFO - Running: ['airflow', 'tasks', 'run', 'get_stocks_dag', 'GOOG', 'scheduled__2022-01-15T00:00:00+00:00', '--job-id', '65', '--raw', '--subdir', 'DAGS_FOLDER/get_stocks.py', '--cfg-path', '/tmp/tmpcici9s89', '--error-file', '/tmp/tmpu246hm5q']
[2024-10-08 17:01:37,242] {standard_task_runner.py:80} INFO - Job 65: Subtask GOOG
[2024-10-08 17:01:37,483] {task_command.py:370} INFO - Running <TaskInstance: get_stocks_dag.GOOG scheduled__2022-01-15T00:00:00+00:00 [running]> on host ken
[2024-10-08 17:01:37,751] {taskinstance.py:1569} INFO - Exporting the following env vars:
AIRFLOW_CTX_DAG_OWNER=airflow
AIRFLOW_CTX_DAG_ID=get_stocks_dag
AIRFLOW_CTX_TASK_ID=GOOG
AIRFLOW_CTX_EXECUTION_DATE=2022-01-15T00:00:00+00:00
AIRFLOW_CTX_TRY_NUMBER=1
AIRFLOW_CTX_DAG_RUN_ID=scheduled__2022-01-15T00:00:00+00:00
[2024-10-08 17:01:41,977] {history.py:244} ERROR - $GOOG: possibly delisted; no price data found  (1h 2022-01-14 -> 2022-01-15) (Yahoo error = "1h data not available for startTime=1642136400 and endTime=1642222800. The requested range must be within the last 730 days.")
[2024-10-08 17:01:41,984] {python.py:173} INFO - Done. Returned value was: None
[2024-10-08 17:01:41,989] {taskinstance.py:1395} INFO - Marking task as SUCCESS. dag_id=get_stocks_dag, task_id=GOOG, execution_date=20220115T000000, start_date=20241008T200137, end_date=20241008T200141
[2024-10-08 17:01:42,115] {local_task_job.py:156} INFO - Task exited with return code 0
[2024-10-08 17:01:42,135] {local_task_job.py:273} INFO - 0 downstream tasks scheduled from follow-on schedule check
