[2024-10-09 10:33:27,034] {taskinstance.py:1159} INFO - Dependencies all met for <TaskInstance: get_crypto_dag.BTC scheduled__2024-09-20T00:00:00+00:00 [queued]>
[2024-10-09 10:33:27,043] {taskinstance.py:1159} INFO - Dependencies all met for <TaskInstance: get_crypto_dag.BTC scheduled__2024-09-20T00:00:00+00:00 [queued]>
[2024-10-09 10:33:27,043] {taskinstance.py:1356} INFO - 
--------------------------------------------------------------------------------
[2024-10-09 10:33:27,043] {taskinstance.py:1357} INFO - Starting attempt 1 of 1
[2024-10-09 10:33:27,043] {taskinstance.py:1358} INFO - 
--------------------------------------------------------------------------------
[2024-10-09 10:33:27,091] {taskinstance.py:1377} INFO - Executing <Task(_PythonDecoratedOperator): BTC> on 2024-09-20 00:00:00+00:00
[2024-10-09 10:33:27,104] {standard_task_runner.py:52} INFO - Started process 57571 to run task
[2024-10-09 10:33:27,112] {standard_task_runner.py:79} INFO - Running: ['airflow', 'tasks', 'run', 'get_crypto_dag', 'BTC', 'scheduled__2024-09-20T00:00:00+00:00', '--job-id', '383', '--raw', '--subdir', 'DAGS_FOLDER/get_crypto.py', '--cfg-path', '/tmp/tmpo3l0doaj', '--error-file', '/tmp/tmpskq4bnwg']
[2024-10-09 10:33:27,116] {standard_task_runner.py:80} INFO - Job 383: Subtask BTC
[2024-10-09 10:33:27,474] {task_command.py:370} INFO - Running <TaskInstance: get_crypto_dag.BTC scheduled__2024-09-20T00:00:00+00:00 [running]> on host ken
[2024-10-09 10:33:27,621] {taskinstance.py:1569} INFO - Exporting the following env vars:
AIRFLOW_CTX_DAG_OWNER=airflow
AIRFLOW_CTX_DAG_ID=get_crypto_dag
AIRFLOW_CTX_TASK_ID=BTC
AIRFLOW_CTX_EXECUTION_DATE=2024-09-20T00:00:00+00:00
AIRFLOW_CTX_TRY_NUMBER=1
AIRFLOW_CTX_DAG_RUN_ID=scheduled__2024-09-20T00:00:00+00:00
[2024-10-09 10:33:38,980] {python.py:173} INFO - Done. Returned value was: None
[2024-10-09 10:33:39,032] {taskinstance.py:1395} INFO - Marking task as SUCCESS. dag_id=get_crypto_dag, task_id=BTC, execution_date=20240920T000000, start_date=20241009T133327, end_date=20241009T133339
[2024-10-09 10:33:39,242] {local_task_job.py:156} INFO - Task exited with return code 0
[2024-10-09 10:33:39,723] {local_task_job.py:273} INFO - 0 downstream tasks scheduled from follow-on schedule check
