[2024-10-09 10:08:04,089] {taskinstance.py:1159} INFO - Dependencies all met for <TaskInstance: get_crypto_dag.AVAX scheduled__2024-09-15T00:00:00+00:00 [queued]>
[2024-10-09 10:08:04,103] {taskinstance.py:1159} INFO - Dependencies all met for <TaskInstance: get_crypto_dag.AVAX scheduled__2024-09-15T00:00:00+00:00 [queued]>
[2024-10-09 10:08:04,103] {taskinstance.py:1356} INFO - 
--------------------------------------------------------------------------------
[2024-10-09 10:08:04,103] {taskinstance.py:1357} INFO - Starting attempt 1 of 1
[2024-10-09 10:08:04,103] {taskinstance.py:1358} INFO - 
--------------------------------------------------------------------------------
[2024-10-09 10:08:04,151] {taskinstance.py:1377} INFO - Executing <Task(_PythonDecoratedOperator): AVAX> on 2024-09-15 00:00:00+00:00
[2024-10-09 10:08:04,162] {standard_task_runner.py:52} INFO - Started process 42343 to run task
[2024-10-09 10:08:04,166] {standard_task_runner.py:79} INFO - Running: ['airflow', 'tasks', 'run', 'get_crypto_dag', 'AVAX', 'scheduled__2024-09-15T00:00:00+00:00', '--job-id', '334', '--raw', '--subdir', 'DAGS_FOLDER/get_crypto.py', '--cfg-path', '/tmp/tmpmlbxxcad', '--error-file', '/tmp/tmpoub2y9px']
[2024-10-09 10:08:04,169] {standard_task_runner.py:80} INFO - Job 334: Subtask AVAX
[2024-10-09 10:08:04,572] {task_command.py:370} INFO - Running <TaskInstance: get_crypto_dag.AVAX scheduled__2024-09-15T00:00:00+00:00 [running]> on host ken
[2024-10-09 10:08:04,779] {taskinstance.py:1569} INFO - Exporting the following env vars:
AIRFLOW_CTX_DAG_OWNER=airflow
AIRFLOW_CTX_DAG_ID=get_crypto_dag
AIRFLOW_CTX_TASK_ID=AVAX
AIRFLOW_CTX_EXECUTION_DATE=2024-09-15T00:00:00+00:00
AIRFLOW_CTX_TRY_NUMBER=1
AIRFLOW_CTX_DAG_RUN_ID=scheduled__2024-09-15T00:00:00+00:00
[2024-10-09 10:08:07,905] {history.py:122} ERROR - $AVAX: possibly delisted; no timezone found
[2024-10-09 10:08:17,922] {python.py:173} INFO - Done. Returned value was: None
[2024-10-09 10:08:17,944] {taskinstance.py:1395} INFO - Marking task as SUCCESS. dag_id=get_crypto_dag, task_id=AVAX, execution_date=20240915T000000, start_date=20241009T130804, end_date=20241009T130817
[2024-10-09 10:08:18,033] {local_task_job.py:156} INFO - Task exited with return code 0
[2024-10-09 10:08:19,590] {local_task_job.py:273} INFO - 0 downstream tasks scheduled from follow-on schedule check
[2024-10-09 10:28:47,970] {taskinstance.py:1159} INFO - Dependencies all met for <TaskInstance: get_crypto_dag.AVAX scheduled__2024-09-15T00:00:00+00:00 [queued]>
[2024-10-09 10:28:48,004] {taskinstance.py:1159} INFO - Dependencies all met for <TaskInstance: get_crypto_dag.AVAX scheduled__2024-09-15T00:00:00+00:00 [queued]>
[2024-10-09 10:28:48,004] {taskinstance.py:1356} INFO - 
--------------------------------------------------------------------------------
[2024-10-09 10:28:48,005] {taskinstance.py:1357} INFO - Starting attempt 1 of 1
[2024-10-09 10:28:48,005] {taskinstance.py:1358} INFO - 
--------------------------------------------------------------------------------
[2024-10-09 10:28:48,089] {taskinstance.py:1377} INFO - Executing <Task(_PythonDecoratedOperator): AVAX> on 2024-09-15 00:00:00+00:00
[2024-10-09 10:28:48,098] {standard_task_runner.py:52} INFO - Started process 51052 to run task
[2024-10-09 10:28:48,105] {standard_task_runner.py:79} INFO - Running: ['airflow', 'tasks', 'run', 'get_crypto_dag', 'AVAX', 'scheduled__2024-09-15T00:00:00+00:00', '--job-id', '347', '--raw', '--subdir', 'DAGS_FOLDER/get_crypto.py', '--cfg-path', '/tmp/tmpxyhyez2w', '--error-file', '/tmp/tmp9p8kvg7c']
[2024-10-09 10:28:48,106] {standard_task_runner.py:80} INFO - Job 347: Subtask AVAX
[2024-10-09 10:28:48,462] {task_command.py:370} INFO - Running <TaskInstance: get_crypto_dag.AVAX scheduled__2024-09-15T00:00:00+00:00 [running]> on host ken
[2024-10-09 10:28:48,639] {taskinstance.py:1569} INFO - Exporting the following env vars:
AIRFLOW_CTX_DAG_OWNER=airflow
AIRFLOW_CTX_DAG_ID=get_crypto_dag
AIRFLOW_CTX_TASK_ID=AVAX
AIRFLOW_CTX_EXECUTION_DATE=2024-09-15T00:00:00+00:00
AIRFLOW_CTX_TRY_NUMBER=1
AIRFLOW_CTX_DAG_RUN_ID=scheduled__2024-09-15T00:00:00+00:00
[2024-10-09 10:28:52,098] {history.py:122} ERROR - $AVAX: possibly delisted; no timezone found
[2024-10-09 10:29:02,118] {python.py:173} INFO - Done. Returned value was: None
[2024-10-09 10:29:02,259] {taskinstance.py:1395} INFO - Marking task as SUCCESS. dag_id=get_crypto_dag, task_id=AVAX, execution_date=20240915T000000, start_date=20241009T132847, end_date=20241009T132902
[2024-10-09 10:29:02,329] {local_task_job.py:156} INFO - Task exited with return code 0
[2024-10-09 10:29:02,616] {local_task_job.py:273} INFO - 0 downstream tasks scheduled from follow-on schedule check
