[2024-10-08 17:17:10,729] {taskinstance.py:1159} INFO - Dependencies all met for <TaskInstance: get_stocks_dag.TSLA scheduled__2024-09-20T00:00:00+00:00 [queued]>
[2024-10-08 17:17:10,735] {taskinstance.py:1159} INFO - Dependencies all met for <TaskInstance: get_stocks_dag.TSLA scheduled__2024-09-20T00:00:00+00:00 [queued]>
[2024-10-08 17:17:10,735] {taskinstance.py:1356} INFO - 
--------------------------------------------------------------------------------
[2024-10-08 17:17:10,735] {taskinstance.py:1357} INFO - Starting attempt 1 of 1
[2024-10-08 17:17:10,735] {taskinstance.py:1358} INFO - 
--------------------------------------------------------------------------------
[2024-10-08 17:17:10,811] {taskinstance.py:1377} INFO - Executing <Task(_PythonDecoratedOperator): TSLA> on 2024-09-20 00:00:00+00:00
[2024-10-08 17:17:10,815] {standard_task_runner.py:52} INFO - Started process 36000 to run task
[2024-10-08 17:17:10,818] {standard_task_runner.py:79} INFO - Running: ['airflow', 'tasks', 'run', 'get_stocks_dag', 'TSLA', 'scheduled__2024-09-20T00:00:00+00:00', '--job-id', '153', '--raw', '--subdir', 'DAGS_FOLDER/get_stocks.py', '--cfg-path', '/tmp/tmphyauvp14', '--error-file', '/tmp/tmp14gc61x3']
[2024-10-08 17:17:10,819] {standard_task_runner.py:80} INFO - Job 153: Subtask TSLA
[2024-10-08 17:17:12,721] {task_command.py:370} INFO - Running <TaskInstance: get_stocks_dag.TSLA scheduled__2024-09-20T00:00:00+00:00 [running]> on host ken
[2024-10-08 17:17:15,217] {taskinstance.py:1569} INFO - Exporting the following env vars:
AIRFLOW_CTX_DAG_OWNER=airflow
AIRFLOW_CTX_DAG_ID=get_stocks_dag
AIRFLOW_CTX_TASK_ID=TSLA
AIRFLOW_CTX_EXECUTION_DATE=2024-09-20T00:00:00+00:00
AIRFLOW_CTX_TRY_NUMBER=1
AIRFLOW_CTX_DAG_RUN_ID=scheduled__2024-09-20T00:00:00+00:00
[2024-10-08 17:17:15,737] {python.py:173} INFO - Done. Returned value was: None
[2024-10-08 17:17:15,746] {taskinstance.py:1395} INFO - Marking task as SUCCESS. dag_id=get_stocks_dag, task_id=TSLA, execution_date=20240920T000000, start_date=20241008T201710, end_date=20241008T201715
[2024-10-08 17:17:15,852] {local_task_job.py:156} INFO - Task exited with return code 0
[2024-10-08 17:17:15,878] {local_task_job.py:273} INFO - 0 downstream tasks scheduled from follow-on schedule check
[2024-10-08 23:21:27,691] {taskinstance.py:1159} INFO - Dependencies all met for <TaskInstance: get_stocks_dag.TSLA scheduled__2024-09-20T00:00:00+00:00 [queued]>
[2024-10-08 23:21:27,758] {taskinstance.py:1159} INFO - Dependencies all met for <TaskInstance: get_stocks_dag.TSLA scheduled__2024-09-20T00:00:00+00:00 [queued]>
[2024-10-08 23:21:27,759] {taskinstance.py:1356} INFO - 
--------------------------------------------------------------------------------
[2024-10-08 23:21:27,759] {taskinstance.py:1357} INFO - Starting attempt 1 of 1
[2024-10-08 23:21:27,759] {taskinstance.py:1358} INFO - 
--------------------------------------------------------------------------------
[2024-10-08 23:21:27,893] {taskinstance.py:1377} INFO - Executing <Task(_PythonDecoratedOperator): TSLA> on 2024-09-20 00:00:00+00:00
[2024-10-08 23:21:27,946] {standard_task_runner.py:52} INFO - Started process 20912 to run task
[2024-10-08 23:21:27,963] {standard_task_runner.py:79} INFO - Running: ['airflow', 'tasks', 'run', 'get_stocks_dag', 'TSLA', 'scheduled__2024-09-20T00:00:00+00:00', '--job-id', '9', '--raw', '--subdir', 'DAGS_FOLDER/get_stocks.py', '--cfg-path', '/tmp/tmpq_ik8dgq', '--error-file', '/tmp/tmp7iuvk9yg']
[2024-10-08 23:21:27,964] {standard_task_runner.py:80} INFO - Job 9: Subtask TSLA
[2024-10-08 23:21:28,456] {task_command.py:370} INFO - Running <TaskInstance: get_stocks_dag.TSLA scheduled__2024-09-20T00:00:00+00:00 [running]> on host ken
[2024-10-08 23:21:29,477] {taskinstance.py:1569} INFO - Exporting the following env vars:
AIRFLOW_CTX_DAG_OWNER=airflow
AIRFLOW_CTX_DAG_ID=get_stocks_dag
AIRFLOW_CTX_TASK_ID=TSLA
AIRFLOW_CTX_EXECUTION_DATE=2024-09-20T00:00:00+00:00
AIRFLOW_CTX_TRY_NUMBER=1
AIRFLOW_CTX_DAG_RUN_ID=scheduled__2024-09-20T00:00:00+00:00
[2024-10-08 23:21:31,397] {python.py:173} INFO - Done. Returned value was: None
[2024-10-08 23:21:31,542] {taskinstance.py:1395} INFO - Marking task as SUCCESS. dag_id=get_stocks_dag, task_id=TSLA, execution_date=20240920T000000, start_date=20241009T022127, end_date=20241009T022131
[2024-10-08 23:21:31,708] {local_task_job.py:156} INFO - Task exited with return code 0
[2024-10-08 23:21:31,870] {local_task_job.py:273} INFO - 0 downstream tasks scheduled from follow-on schedule check
[2024-10-09 00:59:16,419] {taskinstance.py:1159} INFO - Dependencies all met for <TaskInstance: get_stocks_dag.TSLA scheduled__2024-09-20T00:00:00+00:00 [queued]>
[2024-10-09 00:59:16,442] {taskinstance.py:1159} INFO - Dependencies all met for <TaskInstance: get_stocks_dag.TSLA scheduled__2024-09-20T00:00:00+00:00 [queued]>
[2024-10-09 00:59:16,443] {taskinstance.py:1356} INFO - 
--------------------------------------------------------------------------------
[2024-10-09 00:59:16,443] {taskinstance.py:1357} INFO - Starting attempt 1 of 1
[2024-10-09 00:59:16,443] {taskinstance.py:1358} INFO - 
--------------------------------------------------------------------------------
[2024-10-09 00:59:16,488] {taskinstance.py:1377} INFO - Executing <Task(_PythonDecoratedOperator): TSLA> on 2024-09-20 00:00:00+00:00
[2024-10-09 00:59:16,495] {standard_task_runner.py:52} INFO - Started process 36898 to run task
[2024-10-09 00:59:16,499] {standard_task_runner.py:79} INFO - Running: ['airflow', 'tasks', 'run', 'get_stocks_dag', 'TSLA', 'scheduled__2024-09-20T00:00:00+00:00', '--job-id', '81', '--raw', '--subdir', 'DAGS_FOLDER/get_stocks.py', '--cfg-path', '/tmp/tmpgvp2gh7s', '--error-file', '/tmp/tmpzv_vxb3y']
[2024-10-09 00:59:16,500] {standard_task_runner.py:80} INFO - Job 81: Subtask TSLA
[2024-10-09 00:59:16,603] {task_command.py:370} INFO - Running <TaskInstance: get_stocks_dag.TSLA scheduled__2024-09-20T00:00:00+00:00 [running]> on host ken
[2024-10-09 00:59:16,894] {taskinstance.py:1569} INFO - Exporting the following env vars:
AIRFLOW_CTX_DAG_OWNER=airflow
AIRFLOW_CTX_DAG_ID=get_stocks_dag
AIRFLOW_CTX_TASK_ID=TSLA
AIRFLOW_CTX_EXECUTION_DATE=2024-09-20T00:00:00+00:00
AIRFLOW_CTX_TRY_NUMBER=1
AIRFLOW_CTX_DAG_RUN_ID=scheduled__2024-09-20T00:00:00+00:00
[2024-10-09 00:59:27,550] {history.py:244} ERROR - $TSLA: possibly delisted; no price data found  (1h 2024-09-19 -> 2024-09-20)
[2024-10-09 00:59:27,557] {python.py:173} INFO - Done. Returned value was: None
[2024-10-09 00:59:27,601] {taskinstance.py:1395} INFO - Marking task as SUCCESS. dag_id=get_stocks_dag, task_id=TSLA, execution_date=20240920T000000, start_date=20241009T035916, end_date=20241009T035927
[2024-10-09 00:59:27,897] {local_task_job.py:156} INFO - Task exited with return code 0
[2024-10-09 00:59:28,148] {local_task_job.py:273} INFO - 0 downstream tasks scheduled from follow-on schedule check
[2024-10-09 09:33:45,847] {taskinstance.py:1159} INFO - Dependencies all met for <TaskInstance: get_stocks_dag.TSLA scheduled__2024-09-20T00:00:00+00:00 [queued]>
[2024-10-09 09:33:45,872] {taskinstance.py:1159} INFO - Dependencies all met for <TaskInstance: get_stocks_dag.TSLA scheduled__2024-09-20T00:00:00+00:00 [queued]>
[2024-10-09 09:33:45,873] {taskinstance.py:1356} INFO - 
--------------------------------------------------------------------------------
[2024-10-09 09:33:45,873] {taskinstance.py:1357} INFO - Starting attempt 1 of 1
[2024-10-09 09:33:45,873] {taskinstance.py:1358} INFO - 
--------------------------------------------------------------------------------
[2024-10-09 09:33:45,907] {taskinstance.py:1377} INFO - Executing <Task(_PythonDecoratedOperator): TSLA> on 2024-09-20 00:00:00+00:00
[2024-10-09 09:33:45,915] {standard_task_runner.py:52} INFO - Started process 13909 to run task
[2024-10-09 09:33:45,921] {standard_task_runner.py:79} INFO - Running: ['airflow', 'tasks', 'run', 'get_stocks_dag', 'TSLA', 'scheduled__2024-09-20T00:00:00+00:00', '--job-id', '149', '--raw', '--subdir', 'DAGS_FOLDER/get_stocks.py', '--cfg-path', '/tmp/tmpppag1eg6', '--error-file', '/tmp/tmp1h_sfwpu']
[2024-10-09 09:33:45,922] {standard_task_runner.py:80} INFO - Job 149: Subtask TSLA
[2024-10-09 09:33:46,220] {task_command.py:370} INFO - Running <TaskInstance: get_stocks_dag.TSLA scheduled__2024-09-20T00:00:00+00:00 [running]> on host ken
[2024-10-09 09:33:46,891] {taskinstance.py:1569} INFO - Exporting the following env vars:
AIRFLOW_CTX_DAG_OWNER=airflow
AIRFLOW_CTX_DAG_ID=get_stocks_dag
AIRFLOW_CTX_TASK_ID=TSLA
AIRFLOW_CTX_EXECUTION_DATE=2024-09-20T00:00:00+00:00
AIRFLOW_CTX_TRY_NUMBER=1
AIRFLOW_CTX_DAG_RUN_ID=scheduled__2024-09-20T00:00:00+00:00
[2024-10-09 09:33:47,779] {python.py:173} INFO - Done. Returned value was: None
[2024-10-09 09:33:47,805] {taskinstance.py:1395} INFO - Marking task as SUCCESS. dag_id=get_stocks_dag, task_id=TSLA, execution_date=20240920T000000, start_date=20241009T123345, end_date=20241009T123347
[2024-10-09 09:33:48,186] {local_task_job.py:156} INFO - Task exited with return code 0
[2024-10-09 09:33:48,413] {local_task_job.py:273} INFO - 0 downstream tasks scheduled from follow-on schedule check
[2024-10-09 09:42:51,988] {taskinstance.py:1159} INFO - Dependencies all met for <TaskInstance: get_stocks_dag.TSLA scheduled__2024-09-20T00:00:00+00:00 [queued]>
[2024-10-09 09:42:52,021] {taskinstance.py:1159} INFO - Dependencies all met for <TaskInstance: get_stocks_dag.TSLA scheduled__2024-09-20T00:00:00+00:00 [queued]>
[2024-10-09 09:42:52,021] {taskinstance.py:1356} INFO - 
--------------------------------------------------------------------------------
[2024-10-09 09:42:52,022] {taskinstance.py:1357} INFO - Starting attempt 1 of 1
[2024-10-09 09:42:52,022] {taskinstance.py:1358} INFO - 
--------------------------------------------------------------------------------
[2024-10-09 09:42:52,088] {taskinstance.py:1377} INFO - Executing <Task(_PythonDecoratedOperator): TSLA> on 2024-09-20 00:00:00+00:00
[2024-10-09 09:42:52,106] {standard_task_runner.py:52} INFO - Started process 20928 to run task
[2024-10-09 09:42:52,114] {standard_task_runner.py:79} INFO - Running: ['airflow', 'tasks', 'run', 'get_stocks_dag', 'TSLA', 'scheduled__2024-09-20T00:00:00+00:00', '--job-id', '211', '--raw', '--subdir', 'DAGS_FOLDER/get_stocks.py', '--cfg-path', '/tmp/tmpj7pjbzcf', '--error-file', '/tmp/tmp3dgx0__i']
[2024-10-09 09:42:52,118] {standard_task_runner.py:80} INFO - Job 211: Subtask TSLA
[2024-10-09 09:42:52,503] {task_command.py:370} INFO - Running <TaskInstance: get_stocks_dag.TSLA scheduled__2024-09-20T00:00:00+00:00 [running]> on host ken
[2024-10-09 09:42:52,659] {taskinstance.py:1569} INFO - Exporting the following env vars:
AIRFLOW_CTX_DAG_OWNER=airflow
AIRFLOW_CTX_DAG_ID=get_stocks_dag
AIRFLOW_CTX_TASK_ID=TSLA
AIRFLOW_CTX_EXECUTION_DATE=2024-09-20T00:00:00+00:00
AIRFLOW_CTX_TRY_NUMBER=1
AIRFLOW_CTX_DAG_RUN_ID=scheduled__2024-09-20T00:00:00+00:00
[2024-10-09 09:42:54,421] {python.py:173} INFO - Done. Returned value was: None
[2024-10-09 09:42:55,174] {taskinstance.py:1395} INFO - Marking task as SUCCESS. dag_id=get_stocks_dag, task_id=TSLA, execution_date=20240920T000000, start_date=20241009T124251, end_date=20241009T124255
[2024-10-09 09:42:55,381] {local_task_job.py:156} INFO - Task exited with return code 0
[2024-10-09 09:42:55,480] {local_task_job.py:273} INFO - 0 downstream tasks scheduled from follow-on schedule check
[2024-10-09 09:47:14,828] {taskinstance.py:1159} INFO - Dependencies all met for <TaskInstance: get_stocks_dag.TSLA scheduled__2024-09-20T00:00:00+00:00 [queued]>
[2024-10-09 09:47:14,842] {taskinstance.py:1159} INFO - Dependencies all met for <TaskInstance: get_stocks_dag.TSLA scheduled__2024-09-20T00:00:00+00:00 [queued]>
[2024-10-09 09:47:14,842] {taskinstance.py:1356} INFO - 
--------------------------------------------------------------------------------
[2024-10-09 09:47:14,842] {taskinstance.py:1357} INFO - Starting attempt 1 of 1
[2024-10-09 09:47:14,842] {taskinstance.py:1358} INFO - 
--------------------------------------------------------------------------------
[2024-10-09 09:47:15,064] {taskinstance.py:1377} INFO - Executing <Task(_PythonDecoratedOperator): TSLA> on 2024-09-20 00:00:00+00:00
[2024-10-09 09:47:15,082] {standard_task_runner.py:52} INFO - Started process 27823 to run task
[2024-10-09 09:47:15,093] {standard_task_runner.py:79} INFO - Running: ['airflow', 'tasks', 'run', 'get_stocks_dag', 'TSLA', 'scheduled__2024-09-20T00:00:00+00:00', '--job-id', '277', '--raw', '--subdir', 'DAGS_FOLDER/get_stocks.py', '--cfg-path', '/tmp/tmp_rcfb_iq', '--error-file', '/tmp/tmpyukvwhne']
[2024-10-09 09:47:15,096] {standard_task_runner.py:80} INFO - Job 277: Subtask TSLA
[2024-10-09 09:47:15,587] {task_command.py:370} INFO - Running <TaskInstance: get_stocks_dag.TSLA scheduled__2024-09-20T00:00:00+00:00 [running]> on host ken
[2024-10-09 09:47:15,759] {taskinstance.py:1569} INFO - Exporting the following env vars:
AIRFLOW_CTX_DAG_OWNER=airflow
AIRFLOW_CTX_DAG_ID=get_stocks_dag
AIRFLOW_CTX_TASK_ID=TSLA
AIRFLOW_CTX_EXECUTION_DATE=2024-09-20T00:00:00+00:00
AIRFLOW_CTX_TRY_NUMBER=1
AIRFLOW_CTX_DAG_RUN_ID=scheduled__2024-09-20T00:00:00+00:00
[2024-10-09 09:47:16,615] {python.py:173} INFO - Done. Returned value was: None
[2024-10-09 09:47:16,677] {taskinstance.py:1395} INFO - Marking task as SUCCESS. dag_id=get_stocks_dag, task_id=TSLA, execution_date=20240920T000000, start_date=20241009T124714, end_date=20241009T124716
[2024-10-09 09:47:17,237] {local_task_job.py:156} INFO - Task exited with return code 0
[2024-10-09 09:47:17,490] {local_task_job.py:273} INFO - 0 downstream tasks scheduled from follow-on schedule check
[2024-10-09 10:33:41,105] {taskinstance.py:1159} INFO - Dependencies all met for <TaskInstance: get_stocks_dag.TSLA scheduled__2024-09-20T00:00:00+00:00 [queued]>
[2024-10-09 10:33:41,256] {taskinstance.py:1159} INFO - Dependencies all met for <TaskInstance: get_stocks_dag.TSLA scheduled__2024-09-20T00:00:00+00:00 [queued]>
[2024-10-09 10:33:41,256] {taskinstance.py:1356} INFO - 
--------------------------------------------------------------------------------
[2024-10-09 10:33:41,256] {taskinstance.py:1357} INFO - Starting attempt 1 of 1
[2024-10-09 10:33:41,257] {taskinstance.py:1358} INFO - 
--------------------------------------------------------------------------------
[2024-10-09 10:33:41,516] {taskinstance.py:1377} INFO - Executing <Task(_PythonDecoratedOperator): TSLA> on 2024-09-20 00:00:00+00:00
[2024-10-09 10:33:41,537] {standard_task_runner.py:52} INFO - Started process 57913 to run task
[2024-10-09 10:33:41,549] {standard_task_runner.py:79} INFO - Running: ['airflow', 'tasks', 'run', 'get_stocks_dag', 'TSLA', 'scheduled__2024-09-20T00:00:00+00:00', '--job-id', '385', '--raw', '--subdir', 'DAGS_FOLDER/get_stocks.py', '--cfg-path', '/tmp/tmpg298jsx6', '--error-file', '/tmp/tmpq4bfz8if']
[2024-10-09 10:33:41,551] {standard_task_runner.py:80} INFO - Job 385: Subtask TSLA
[2024-10-09 10:33:41,954] {task_command.py:370} INFO - Running <TaskInstance: get_stocks_dag.TSLA scheduled__2024-09-20T00:00:00+00:00 [running]> on host ken
[2024-10-09 10:33:42,104] {taskinstance.py:1569} INFO - Exporting the following env vars:
AIRFLOW_CTX_DAG_OWNER=airflow
AIRFLOW_CTX_DAG_ID=get_stocks_dag
AIRFLOW_CTX_TASK_ID=TSLA
AIRFLOW_CTX_EXECUTION_DATE=2024-09-20T00:00:00+00:00
AIRFLOW_CTX_TRY_NUMBER=1
AIRFLOW_CTX_DAG_RUN_ID=scheduled__2024-09-20T00:00:00+00:00
[2024-10-09 10:33:52,757] {python.py:173} INFO - Done. Returned value was: None
[2024-10-09 10:33:52,782] {taskinstance.py:1395} INFO - Marking task as SUCCESS. dag_id=get_stocks_dag, task_id=TSLA, execution_date=20240920T000000, start_date=20241009T133341, end_date=20241009T133352
[2024-10-09 10:33:53,863] {local_task_job.py:156} INFO - Task exited with return code 0
[2024-10-09 10:33:54,173] {local_task_job.py:273} INFO - 0 downstream tasks scheduled from follow-on schedule check
