[2024-10-08 17:16:06,340] {taskinstance.py:1159} INFO - Dependencies all met for <TaskInstance: get_stocks_dag.AAPL scheduled__2024-09-19T00:00:00+00:00 [queued]>
[2024-10-08 17:16:06,346] {taskinstance.py:1159} INFO - Dependencies all met for <TaskInstance: get_stocks_dag.AAPL scheduled__2024-09-19T00:00:00+00:00 [queued]>
[2024-10-08 17:16:06,347] {taskinstance.py:1356} INFO - 
--------------------------------------------------------------------------------
[2024-10-08 17:16:06,347] {taskinstance.py:1357} INFO - Starting attempt 1 of 1
[2024-10-08 17:16:06,347] {taskinstance.py:1358} INFO - 
--------------------------------------------------------------------------------
[2024-10-08 17:16:06,448] {taskinstance.py:1377} INFO - Executing <Task(_PythonDecoratedOperator): AAPL> on 2024-09-19 00:00:00+00:00
[2024-10-08 17:16:06,453] {standard_task_runner.py:52} INFO - Started process 35169 to run task
[2024-10-08 17:16:06,456] {standard_task_runner.py:79} INFO - Running: ['airflow', 'tasks', 'run', 'get_stocks_dag', 'AAPL', 'scheduled__2024-09-19T00:00:00+00:00', '--job-id', '146', '--raw', '--subdir', 'DAGS_FOLDER/get_stocks.py', '--cfg-path', '/tmp/tmp8wpl7lb1', '--error-file', '/tmp/tmppc20ef7f']
[2024-10-08 17:16:06,457] {standard_task_runner.py:80} INFO - Job 146: Subtask AAPL
[2024-10-08 17:16:06,607] {task_command.py:370} INFO - Running <TaskInstance: get_stocks_dag.AAPL scheduled__2024-09-19T00:00:00+00:00 [running]> on host ken
[2024-10-08 17:16:06,873] {taskinstance.py:1569} INFO - Exporting the following env vars:
AIRFLOW_CTX_DAG_OWNER=airflow
AIRFLOW_CTX_DAG_ID=get_stocks_dag
AIRFLOW_CTX_TASK_ID=AAPL
AIRFLOW_CTX_EXECUTION_DATE=2024-09-19T00:00:00+00:00
AIRFLOW_CTX_TRY_NUMBER=1
AIRFLOW_CTX_DAG_RUN_ID=scheduled__2024-09-19T00:00:00+00:00
[2024-10-08 17:16:07,504] {python.py:173} INFO - Done. Returned value was: None
[2024-10-08 17:16:07,510] {taskinstance.py:1395} INFO - Marking task as SUCCESS. dag_id=get_stocks_dag, task_id=AAPL, execution_date=20240919T000000, start_date=20241008T201606, end_date=20241008T201607
[2024-10-08 17:16:07,672] {local_task_job.py:156} INFO - Task exited with return code 0
[2024-10-08 17:16:07,706] {local_task_job.py:273} INFO - 0 downstream tasks scheduled from follow-on schedule check
[2024-10-08 23:21:28,364] {taskinstance.py:1159} INFO - Dependencies all met for <TaskInstance: get_stocks_dag.AAPL scheduled__2024-09-19T00:00:00+00:00 [queued]>
[2024-10-08 23:21:28,397] {taskinstance.py:1159} INFO - Dependencies all met for <TaskInstance: get_stocks_dag.AAPL scheduled__2024-09-19T00:00:00+00:00 [queued]>
[2024-10-08 23:21:28,398] {taskinstance.py:1356} INFO - 
--------------------------------------------------------------------------------
[2024-10-08 23:21:28,398] {taskinstance.py:1357} INFO - Starting attempt 1 of 1
[2024-10-08 23:21:28,399] {taskinstance.py:1358} INFO - 
--------------------------------------------------------------------------------
[2024-10-08 23:21:28,508] {taskinstance.py:1377} INFO - Executing <Task(_PythonDecoratedOperator): AAPL> on 2024-09-19 00:00:00+00:00
[2024-10-08 23:21:28,545] {standard_task_runner.py:52} INFO - Started process 20968 to run task
[2024-10-08 23:21:28,593] {standard_task_runner.py:79} INFO - Running: ['airflow', 'tasks', 'run', 'get_stocks_dag', 'AAPL', 'scheduled__2024-09-19T00:00:00+00:00', '--job-id', '14', '--raw', '--subdir', 'DAGS_FOLDER/get_stocks.py', '--cfg-path', '/tmp/tmp2lzs6c8c', '--error-file', '/tmp/tmpus68j_q3']
[2024-10-08 23:21:28,630] {standard_task_runner.py:80} INFO - Job 14: Subtask AAPL
[2024-10-08 23:21:29,383] {task_command.py:370} INFO - Running <TaskInstance: get_stocks_dag.AAPL scheduled__2024-09-19T00:00:00+00:00 [running]> on host ken
[2024-10-08 23:21:29,889] {taskinstance.py:1569} INFO - Exporting the following env vars:
AIRFLOW_CTX_DAG_OWNER=airflow
AIRFLOW_CTX_DAG_ID=get_stocks_dag
AIRFLOW_CTX_TASK_ID=AAPL
AIRFLOW_CTX_EXECUTION_DATE=2024-09-19T00:00:00+00:00
AIRFLOW_CTX_TRY_NUMBER=1
AIRFLOW_CTX_DAG_RUN_ID=scheduled__2024-09-19T00:00:00+00:00
[2024-10-08 23:21:31,400] {python.py:173} INFO - Done. Returned value was: None
[2024-10-08 23:21:31,451] {taskinstance.py:1395} INFO - Marking task as SUCCESS. dag_id=get_stocks_dag, task_id=AAPL, execution_date=20240919T000000, start_date=20241009T022128, end_date=20241009T022131
[2024-10-08 23:21:31,572] {local_task_job.py:156} INFO - Task exited with return code 0
[2024-10-08 23:21:31,803] {local_task_job.py:273} INFO - 0 downstream tasks scheduled from follow-on schedule check
[2024-10-09 00:59:13,182] {taskinstance.py:1159} INFO - Dependencies all met for <TaskInstance: get_stocks_dag.AAPL scheduled__2024-09-19T00:00:00+00:00 [queued]>
[2024-10-09 00:59:13,205] {taskinstance.py:1159} INFO - Dependencies all met for <TaskInstance: get_stocks_dag.AAPL scheduled__2024-09-19T00:00:00+00:00 [queued]>
[2024-10-09 00:59:13,205] {taskinstance.py:1356} INFO - 
--------------------------------------------------------------------------------
[2024-10-09 00:59:13,205] {taskinstance.py:1357} INFO - Starting attempt 1 of 1
[2024-10-09 00:59:13,205] {taskinstance.py:1358} INFO - 
--------------------------------------------------------------------------------
[2024-10-09 00:59:14,243] {taskinstance.py:1377} INFO - Executing <Task(_PythonDecoratedOperator): AAPL> on 2024-09-19 00:00:00+00:00
[2024-10-09 00:59:14,249] {standard_task_runner.py:52} INFO - Started process 36815 to run task
[2024-10-09 00:59:14,253] {standard_task_runner.py:79} INFO - Running: ['airflow', 'tasks', 'run', 'get_stocks_dag', 'AAPL', 'scheduled__2024-09-19T00:00:00+00:00', '--job-id', '80', '--raw', '--subdir', 'DAGS_FOLDER/get_stocks.py', '--cfg-path', '/tmp/tmp9r3bz275', '--error-file', '/tmp/tmpbsyxbosv']
[2024-10-09 00:59:14,282] {standard_task_runner.py:80} INFO - Job 80: Subtask AAPL
[2024-10-09 00:59:14,461] {task_command.py:370} INFO - Running <TaskInstance: get_stocks_dag.AAPL scheduled__2024-09-19T00:00:00+00:00 [running]> on host ken
[2024-10-09 00:59:14,601] {taskinstance.py:1569} INFO - Exporting the following env vars:
AIRFLOW_CTX_DAG_OWNER=airflow
AIRFLOW_CTX_DAG_ID=get_stocks_dag
AIRFLOW_CTX_TASK_ID=AAPL
AIRFLOW_CTX_EXECUTION_DATE=2024-09-19T00:00:00+00:00
AIRFLOW_CTX_TRY_NUMBER=1
AIRFLOW_CTX_DAG_RUN_ID=scheduled__2024-09-19T00:00:00+00:00
[2024-10-09 00:59:15,377] {python.py:173} INFO - Done. Returned value was: None
[2024-10-09 00:59:15,400] {taskinstance.py:1395} INFO - Marking task as SUCCESS. dag_id=get_stocks_dag, task_id=AAPL, execution_date=20240919T000000, start_date=20241009T035913, end_date=20241009T035915
[2024-10-09 00:59:15,462] {local_task_job.py:156} INFO - Task exited with return code 0
[2024-10-09 00:59:15,536] {local_task_job.py:273} INFO - 0 downstream tasks scheduled from follow-on schedule check
[2024-10-09 09:33:28,755] {taskinstance.py:1159} INFO - Dependencies all met for <TaskInstance: get_stocks_dag.AAPL scheduled__2024-09-19T00:00:00+00:00 [queued]>
[2024-10-09 09:33:28,771] {taskinstance.py:1159} INFO - Dependencies all met for <TaskInstance: get_stocks_dag.AAPL scheduled__2024-09-19T00:00:00+00:00 [queued]>
[2024-10-09 09:33:28,771] {taskinstance.py:1356} INFO - 
--------------------------------------------------------------------------------
[2024-10-09 09:33:28,771] {taskinstance.py:1357} INFO - Starting attempt 1 of 1
[2024-10-09 09:33:28,771] {taskinstance.py:1358} INFO - 
--------------------------------------------------------------------------------
[2024-10-09 09:33:28,902] {taskinstance.py:1377} INFO - Executing <Task(_PythonDecoratedOperator): AAPL> on 2024-09-19 00:00:00+00:00
[2024-10-09 09:33:28,907] {standard_task_runner.py:52} INFO - Started process 13255 to run task
[2024-10-09 09:33:28,913] {standard_task_runner.py:79} INFO - Running: ['airflow', 'tasks', 'run', 'get_stocks_dag', 'AAPL', 'scheduled__2024-09-19T00:00:00+00:00', '--job-id', '142', '--raw', '--subdir', 'DAGS_FOLDER/get_stocks.py', '--cfg-path', '/tmp/tmppezh6lxh', '--error-file', '/tmp/tmpk89g11rp']
[2024-10-09 09:33:28,915] {standard_task_runner.py:80} INFO - Job 142: Subtask AAPL
[2024-10-09 09:33:29,200] {task_command.py:370} INFO - Running <TaskInstance: get_stocks_dag.AAPL scheduled__2024-09-19T00:00:00+00:00 [running]> on host ken
[2024-10-09 09:33:29,334] {taskinstance.py:1569} INFO - Exporting the following env vars:
AIRFLOW_CTX_DAG_OWNER=airflow
AIRFLOW_CTX_DAG_ID=get_stocks_dag
AIRFLOW_CTX_TASK_ID=AAPL
AIRFLOW_CTX_EXECUTION_DATE=2024-09-19T00:00:00+00:00
AIRFLOW_CTX_TRY_NUMBER=1
AIRFLOW_CTX_DAG_RUN_ID=scheduled__2024-09-19T00:00:00+00:00
[2024-10-09 09:33:29,940] {python.py:173} INFO - Done. Returned value was: None
[2024-10-09 09:33:29,982] {taskinstance.py:1395} INFO - Marking task as SUCCESS. dag_id=get_stocks_dag, task_id=AAPL, execution_date=20240919T000000, start_date=20241009T123328, end_date=20241009T123329
[2024-10-09 09:33:30,053] {local_task_job.py:156} INFO - Task exited with return code 0
[2024-10-09 09:33:30,156] {local_task_job.py:273} INFO - 0 downstream tasks scheduled from follow-on schedule check
[2024-10-09 09:42:41,678] {taskinstance.py:1159} INFO - Dependencies all met for <TaskInstance: get_stocks_dag.AAPL scheduled__2024-09-19T00:00:00+00:00 [queued]>
[2024-10-09 09:42:41,694] {taskinstance.py:1159} INFO - Dependencies all met for <TaskInstance: get_stocks_dag.AAPL scheduled__2024-09-19T00:00:00+00:00 [queued]>
[2024-10-09 09:42:41,694] {taskinstance.py:1356} INFO - 
--------------------------------------------------------------------------------
[2024-10-09 09:42:41,694] {taskinstance.py:1357} INFO - Starting attempt 1 of 1
[2024-10-09 09:42:41,694] {taskinstance.py:1358} INFO - 
--------------------------------------------------------------------------------
[2024-10-09 09:42:42,846] {taskinstance.py:1377} INFO - Executing <Task(_PythonDecoratedOperator): AAPL> on 2024-09-19 00:00:00+00:00
[2024-10-09 09:42:42,861] {standard_task_runner.py:52} INFO - Started process 20565 to run task
[2024-10-09 09:42:42,874] {standard_task_runner.py:79} INFO - Running: ['airflow', 'tasks', 'run', 'get_stocks_dag', 'AAPL', 'scheduled__2024-09-19T00:00:00+00:00', '--job-id', '206', '--raw', '--subdir', 'DAGS_FOLDER/get_stocks.py', '--cfg-path', '/tmp/tmpyylxc48w', '--error-file', '/tmp/tmpsved4ibp']
[2024-10-09 09:42:42,876] {standard_task_runner.py:80} INFO - Job 206: Subtask AAPL
[2024-10-09 09:42:43,353] {task_command.py:370} INFO - Running <TaskInstance: get_stocks_dag.AAPL scheduled__2024-09-19T00:00:00+00:00 [running]> on host ken
[2024-10-09 09:42:43,500] {taskinstance.py:1569} INFO - Exporting the following env vars:
AIRFLOW_CTX_DAG_OWNER=airflow
AIRFLOW_CTX_DAG_ID=get_stocks_dag
AIRFLOW_CTX_TASK_ID=AAPL
AIRFLOW_CTX_EXECUTION_DATE=2024-09-19T00:00:00+00:00
AIRFLOW_CTX_TRY_NUMBER=1
AIRFLOW_CTX_DAG_RUN_ID=scheduled__2024-09-19T00:00:00+00:00
[2024-10-09 09:42:43,930] {python.py:173} INFO - Done. Returned value was: None
[2024-10-09 09:42:43,950] {taskinstance.py:1395} INFO - Marking task as SUCCESS. dag_id=get_stocks_dag, task_id=AAPL, execution_date=20240919T000000, start_date=20241009T124241, end_date=20241009T124243
[2024-10-09 09:42:44,018] {local_task_job.py:156} INFO - Task exited with return code 0
[2024-10-09 09:42:44,092] {local_task_job.py:273} INFO - 0 downstream tasks scheduled from follow-on schedule check
[2024-10-09 09:46:44,716] {taskinstance.py:1159} INFO - Dependencies all met for <TaskInstance: get_stocks_dag.AAPL scheduled__2024-09-19T00:00:00+00:00 [queued]>
[2024-10-09 09:46:45,055] {taskinstance.py:1159} INFO - Dependencies all met for <TaskInstance: get_stocks_dag.AAPL scheduled__2024-09-19T00:00:00+00:00 [queued]>
[2024-10-09 09:46:45,055] {taskinstance.py:1356} INFO - 
--------------------------------------------------------------------------------
[2024-10-09 09:46:45,055] {taskinstance.py:1357} INFO - Starting attempt 1 of 1
[2024-10-09 09:46:45,055] {taskinstance.py:1358} INFO - 
--------------------------------------------------------------------------------
[2024-10-09 09:46:45,933] {taskinstance.py:1377} INFO - Executing <Task(_PythonDecoratedOperator): AAPL> on 2024-09-19 00:00:00+00:00
[2024-10-09 09:46:45,948] {standard_task_runner.py:52} INFO - Started process 26731 to run task
[2024-10-09 09:46:45,953] {standard_task_runner.py:79} INFO - Running: ['airflow', 'tasks', 'run', 'get_stocks_dag', 'AAPL', 'scheduled__2024-09-19T00:00:00+00:00', '--job-id', '270', '--raw', '--subdir', 'DAGS_FOLDER/get_stocks.py', '--cfg-path', '/tmp/tmppaoqg1li', '--error-file', '/tmp/tmp1x8lgo_1']
[2024-10-09 09:46:45,954] {standard_task_runner.py:80} INFO - Job 270: Subtask AAPL
[2024-10-09 09:46:46,266] {task_command.py:370} INFO - Running <TaskInstance: get_stocks_dag.AAPL scheduled__2024-09-19T00:00:00+00:00 [running]> on host ken
[2024-10-09 09:46:46,433] {taskinstance.py:1569} INFO - Exporting the following env vars:
AIRFLOW_CTX_DAG_OWNER=airflow
AIRFLOW_CTX_DAG_ID=get_stocks_dag
AIRFLOW_CTX_TASK_ID=AAPL
AIRFLOW_CTX_EXECUTION_DATE=2024-09-19T00:00:00+00:00
AIRFLOW_CTX_TRY_NUMBER=1
AIRFLOW_CTX_DAG_RUN_ID=scheduled__2024-09-19T00:00:00+00:00
[2024-10-09 09:46:47,396] {python.py:173} INFO - Done. Returned value was: None
[2024-10-09 09:46:47,423] {taskinstance.py:1395} INFO - Marking task as SUCCESS. dag_id=get_stocks_dag, task_id=AAPL, execution_date=20240919T000000, start_date=20241009T124645, end_date=20241009T124647
[2024-10-09 09:46:48,695] {local_task_job.py:156} INFO - Task exited with return code 0
[2024-10-09 09:46:48,779] {local_task_job.py:273} INFO - 0 downstream tasks scheduled from follow-on schedule check
[2024-10-09 10:32:27,571] {taskinstance.py:1159} INFO - Dependencies all met for <TaskInstance: get_stocks_dag.AAPL scheduled__2024-09-19T00:00:00+00:00 [queued]>
[2024-10-09 10:32:27,609] {taskinstance.py:1159} INFO - Dependencies all met for <TaskInstance: get_stocks_dag.AAPL scheduled__2024-09-19T00:00:00+00:00 [queued]>
[2024-10-09 10:32:27,609] {taskinstance.py:1356} INFO - 
--------------------------------------------------------------------------------
[2024-10-09 10:32:27,609] {taskinstance.py:1357} INFO - Starting attempt 1 of 1
[2024-10-09 10:32:27,609] {taskinstance.py:1358} INFO - 
--------------------------------------------------------------------------------
[2024-10-09 10:32:27,643] {taskinstance.py:1377} INFO - Executing <Task(_PythonDecoratedOperator): AAPL> on 2024-09-19 00:00:00+00:00
[2024-10-09 10:32:27,650] {standard_task_runner.py:52} INFO - Started process 56233 to run task
[2024-10-09 10:32:27,655] {standard_task_runner.py:79} INFO - Running: ['airflow', 'tasks', 'run', 'get_stocks_dag', 'AAPL', 'scheduled__2024-09-19T00:00:00+00:00', '--job-id', '375', '--raw', '--subdir', 'DAGS_FOLDER/get_stocks.py', '--cfg-path', '/tmp/tmpwm37t7mn', '--error-file', '/tmp/tmp1klnd3e1']
[2024-10-09 10:32:27,656] {standard_task_runner.py:80} INFO - Job 375: Subtask AAPL
[2024-10-09 10:32:27,921] {task_command.py:370} INFO - Running <TaskInstance: get_stocks_dag.AAPL scheduled__2024-09-19T00:00:00+00:00 [running]> on host ken
[2024-10-09 10:32:28,054] {taskinstance.py:1569} INFO - Exporting the following env vars:
AIRFLOW_CTX_DAG_OWNER=airflow
AIRFLOW_CTX_DAG_ID=get_stocks_dag
AIRFLOW_CTX_TASK_ID=AAPL
AIRFLOW_CTX_EXECUTION_DATE=2024-09-19T00:00:00+00:00
AIRFLOW_CTX_TRY_NUMBER=1
AIRFLOW_CTX_DAG_RUN_ID=scheduled__2024-09-19T00:00:00+00:00
[2024-10-09 10:32:38,469] {python.py:173} INFO - Done. Returned value was: None
[2024-10-09 10:32:38,517] {taskinstance.py:1395} INFO - Marking task as SUCCESS. dag_id=get_stocks_dag, task_id=AAPL, execution_date=20240919T000000, start_date=20241009T133227, end_date=20241009T133238
[2024-10-09 10:32:39,820] {local_task_job.py:156} INFO - Task exited with return code 0
[2024-10-09 10:32:39,908] {local_task_job.py:273} INFO - 0 downstream tasks scheduled from follow-on schedule check
