[2024-10-08 17:18:32,354] {taskinstance.py:1159} INFO - Dependencies all met for <TaskInstance: get_stocks_dag.TSLA scheduled__2024-09-24T00:00:00+00:00 [queued]>
[2024-10-08 17:18:32,365] {taskinstance.py:1159} INFO - Dependencies all met for <TaskInstance: get_stocks_dag.TSLA scheduled__2024-09-24T00:00:00+00:00 [queued]>
[2024-10-08 17:18:32,366] {taskinstance.py:1356} INFO - 
--------------------------------------------------------------------------------
[2024-10-08 17:18:32,366] {taskinstance.py:1357} INFO - Starting attempt 1 of 1
[2024-10-08 17:18:32,366] {taskinstance.py:1358} INFO - 
--------------------------------------------------------------------------------
[2024-10-08 17:18:33,573] {taskinstance.py:1377} INFO - Executing <Task(_PythonDecoratedOperator): TSLA> on 2024-09-24 00:00:00+00:00
[2024-10-08 17:18:33,585] {standard_task_runner.py:52} INFO - Started process 36996 to run task
[2024-10-08 17:18:33,594] {standard_task_runner.py:79} INFO - Running: ['airflow', 'tasks', 'run', 'get_stocks_dag', 'TSLA', 'scheduled__2024-09-24T00:00:00+00:00', '--job-id', '161', '--raw', '--subdir', 'DAGS_FOLDER/get_stocks.py', '--cfg-path', '/tmp/tmpmz0t9jy6', '--error-file', '/tmp/tmp5ttsipz1']
[2024-10-08 17:18:33,596] {standard_task_runner.py:80} INFO - Job 161: Subtask TSLA
[2024-10-08 17:18:35,533] {task_command.py:370} INFO - Running <TaskInstance: get_stocks_dag.TSLA scheduled__2024-09-24T00:00:00+00:00 [running]> on host ken
[2024-10-08 17:18:37,743] {taskinstance.py:1569} INFO - Exporting the following env vars:
AIRFLOW_CTX_DAG_OWNER=airflow
AIRFLOW_CTX_DAG_ID=get_stocks_dag
AIRFLOW_CTX_TASK_ID=TSLA
AIRFLOW_CTX_EXECUTION_DATE=2024-09-24T00:00:00+00:00
AIRFLOW_CTX_TRY_NUMBER=1
AIRFLOW_CTX_DAG_RUN_ID=scheduled__2024-09-24T00:00:00+00:00
[2024-10-08 17:18:38,185] {python.py:173} INFO - Done. Returned value was: None
[2024-10-08 17:18:38,247] {taskinstance.py:1395} INFO - Marking task as SUCCESS. dag_id=get_stocks_dag, task_id=TSLA, execution_date=20240924T000000, start_date=20241008T201832, end_date=20241008T201838
[2024-10-08 17:18:38,424] {local_task_job.py:156} INFO - Task exited with return code 0
[2024-10-08 17:18:38,462] {local_task_job.py:273} INFO - 0 downstream tasks scheduled from follow-on schedule check
[2024-10-08 23:21:37,081] {taskinstance.py:1159} INFO - Dependencies all met for <TaskInstance: get_stocks_dag.TSLA scheduled__2024-09-24T00:00:00+00:00 [queued]>
[2024-10-08 23:21:37,518] {taskinstance.py:1159} INFO - Dependencies all met for <TaskInstance: get_stocks_dag.TSLA scheduled__2024-09-24T00:00:00+00:00 [queued]>
[2024-10-08 23:21:37,519] {taskinstance.py:1356} INFO - 
--------------------------------------------------------------------------------
[2024-10-08 23:21:37,519] {taskinstance.py:1357} INFO - Starting attempt 1 of 1
[2024-10-08 23:21:37,519] {taskinstance.py:1358} INFO - 
--------------------------------------------------------------------------------
[2024-10-08 23:21:37,657] {taskinstance.py:1377} INFO - Executing <Task(_PythonDecoratedOperator): TSLA> on 2024-09-24 00:00:00+00:00
[2024-10-08 23:21:37,707] {standard_task_runner.py:52} INFO - Started process 21745 to run task
[2024-10-08 23:21:37,709] {standard_task_runner.py:79} INFO - Running: ['airflow', 'tasks', 'run', 'get_stocks_dag', 'TSLA', 'scheduled__2024-09-24T00:00:00+00:00', '--job-id', '29', '--raw', '--subdir', 'DAGS_FOLDER/get_stocks.py', '--cfg-path', '/tmp/tmpvfm8ukh6', '--error-file', '/tmp/tmpwd92k7q8']
[2024-10-08 23:21:37,718] {standard_task_runner.py:80} INFO - Job 29: Subtask TSLA
[2024-10-08 23:21:38,132] {task_command.py:370} INFO - Running <TaskInstance: get_stocks_dag.TSLA scheduled__2024-09-24T00:00:00+00:00 [running]> on host ken
[2024-10-08 23:21:38,646] {taskinstance.py:1569} INFO - Exporting the following env vars:
AIRFLOW_CTX_DAG_OWNER=airflow
AIRFLOW_CTX_DAG_ID=get_stocks_dag
AIRFLOW_CTX_TASK_ID=TSLA
AIRFLOW_CTX_EXECUTION_DATE=2024-09-24T00:00:00+00:00
AIRFLOW_CTX_TRY_NUMBER=1
AIRFLOW_CTX_DAG_RUN_ID=scheduled__2024-09-24T00:00:00+00:00
[2024-10-08 23:21:52,048] {history.py:244} ERROR - $TSLA: possibly delisted; no price data found  (1h 2024-09-23 -> 2024-09-24)
[2024-10-08 23:21:52,058] {python.py:173} INFO - Done. Returned value was: None
[2024-10-08 23:21:52,080] {taskinstance.py:1395} INFO - Marking task as SUCCESS. dag_id=get_stocks_dag, task_id=TSLA, execution_date=20240924T000000, start_date=20241009T022137, end_date=20241009T022152
[2024-10-08 23:21:52,784] {local_task_job.py:156} INFO - Task exited with return code 0
[2024-10-08 23:21:53,409] {local_task_job.py:273} INFO - 0 downstream tasks scheduled from follow-on schedule check
[2024-10-09 01:00:19,439] {taskinstance.py:1159} INFO - Dependencies all met for <TaskInstance: get_stocks_dag.TSLA scheduled__2024-09-24T00:00:00+00:00 [queued]>
[2024-10-09 01:00:19,448] {taskinstance.py:1159} INFO - Dependencies all met for <TaskInstance: get_stocks_dag.TSLA scheduled__2024-09-24T00:00:00+00:00 [queued]>
[2024-10-09 01:00:19,448] {taskinstance.py:1356} INFO - 
--------------------------------------------------------------------------------
[2024-10-09 01:00:19,448] {taskinstance.py:1357} INFO - Starting attempt 1 of 1
[2024-10-09 01:00:19,448] {taskinstance.py:1358} INFO - 
--------------------------------------------------------------------------------
[2024-10-09 01:00:19,480] {taskinstance.py:1377} INFO - Executing <Task(_PythonDecoratedOperator): TSLA> on 2024-09-24 00:00:00+00:00
[2024-10-09 01:00:19,488] {standard_task_runner.py:52} INFO - Started process 39820 to run task
[2024-10-09 01:00:19,492] {standard_task_runner.py:79} INFO - Running: ['airflow', 'tasks', 'run', 'get_stocks_dag', 'TSLA', 'scheduled__2024-09-24T00:00:00+00:00', '--job-id', '92', '--raw', '--subdir', 'DAGS_FOLDER/get_stocks.py', '--cfg-path', '/tmp/tmpfhr6eax6', '--error-file', '/tmp/tmpbtffz8dh']
[2024-10-09 01:00:19,493] {standard_task_runner.py:80} INFO - Job 92: Subtask TSLA
[2024-10-09 01:00:19,612] {task_command.py:370} INFO - Running <TaskInstance: get_stocks_dag.TSLA scheduled__2024-09-24T00:00:00+00:00 [running]> on host ken
[2024-10-09 01:00:19,732] {taskinstance.py:1569} INFO - Exporting the following env vars:
AIRFLOW_CTX_DAG_OWNER=airflow
AIRFLOW_CTX_DAG_ID=get_stocks_dag
AIRFLOW_CTX_TASK_ID=TSLA
AIRFLOW_CTX_EXECUTION_DATE=2024-09-24T00:00:00+00:00
AIRFLOW_CTX_TRY_NUMBER=1
AIRFLOW_CTX_DAG_RUN_ID=scheduled__2024-09-24T00:00:00+00:00
[2024-10-09 01:00:23,655] {history.py:244} ERROR - $TSLA: possibly delisted; no price data found  (1h 2024-09-23 -> 2024-09-24)
[2024-10-09 01:00:23,657] {python.py:173} INFO - Done. Returned value was: None
[2024-10-09 01:00:23,673] {taskinstance.py:1395} INFO - Marking task as SUCCESS. dag_id=get_stocks_dag, task_id=TSLA, execution_date=20240924T000000, start_date=20241009T040019, end_date=20241009T040023
[2024-10-09 01:00:23,722] {local_task_job.py:156} INFO - Task exited with return code 0
[2024-10-09 01:00:23,830] {local_task_job.py:273} INFO - 0 downstream tasks scheduled from follow-on schedule check
[2024-10-09 09:34:04,047] {taskinstance.py:1159} INFO - Dependencies all met for <TaskInstance: get_stocks_dag.TSLA scheduled__2024-09-24T00:00:00+00:00 [queued]>
[2024-10-09 09:34:04,065] {taskinstance.py:1159} INFO - Dependencies all met for <TaskInstance: get_stocks_dag.TSLA scheduled__2024-09-24T00:00:00+00:00 [queued]>
[2024-10-09 09:34:04,066] {taskinstance.py:1356} INFO - 
--------------------------------------------------------------------------------
[2024-10-09 09:34:04,066] {taskinstance.py:1357} INFO - Starting attempt 1 of 1
[2024-10-09 09:34:04,066] {taskinstance.py:1358} INFO - 
--------------------------------------------------------------------------------
[2024-10-09 09:34:04,107] {taskinstance.py:1377} INFO - Executing <Task(_PythonDecoratedOperator): TSLA> on 2024-09-24 00:00:00+00:00
[2024-10-09 09:34:04,114] {standard_task_runner.py:52} INFO - Started process 14561 to run task
[2024-10-09 09:34:04,121] {standard_task_runner.py:79} INFO - Running: ['airflow', 'tasks', 'run', 'get_stocks_dag', 'TSLA', 'scheduled__2024-09-24T00:00:00+00:00', '--job-id', '157', '--raw', '--subdir', 'DAGS_FOLDER/get_stocks.py', '--cfg-path', '/tmp/tmple59epnr', '--error-file', '/tmp/tmpshq89jng']
[2024-10-09 09:34:04,122] {standard_task_runner.py:80} INFO - Job 157: Subtask TSLA
[2024-10-09 09:34:04,434] {task_command.py:370} INFO - Running <TaskInstance: get_stocks_dag.TSLA scheduled__2024-09-24T00:00:00+00:00 [running]> on host ken
[2024-10-09 09:34:04,646] {taskinstance.py:1569} INFO - Exporting the following env vars:
AIRFLOW_CTX_DAG_OWNER=airflow
AIRFLOW_CTX_DAG_ID=get_stocks_dag
AIRFLOW_CTX_TASK_ID=TSLA
AIRFLOW_CTX_EXECUTION_DATE=2024-09-24T00:00:00+00:00
AIRFLOW_CTX_TRY_NUMBER=1
AIRFLOW_CTX_DAG_RUN_ID=scheduled__2024-09-24T00:00:00+00:00
[2024-10-09 09:34:05,124] {python.py:173} INFO - Done. Returned value was: None
[2024-10-09 09:34:05,154] {taskinstance.py:1395} INFO - Marking task as SUCCESS. dag_id=get_stocks_dag, task_id=TSLA, execution_date=20240924T000000, start_date=20241009T123404, end_date=20241009T123405
[2024-10-09 09:34:05,657] {local_task_job.py:156} INFO - Task exited with return code 0
[2024-10-09 09:34:05,901] {local_task_job.py:273} INFO - 0 downstream tasks scheduled from follow-on schedule check
[2024-10-09 09:43:27,262] {taskinstance.py:1159} INFO - Dependencies all met for <TaskInstance: get_stocks_dag.TSLA scheduled__2024-09-24T00:00:00+00:00 [queued]>
[2024-10-09 09:43:27,615] {taskinstance.py:1159} INFO - Dependencies all met for <TaskInstance: get_stocks_dag.TSLA scheduled__2024-09-24T00:00:00+00:00 [queued]>
[2024-10-09 09:43:27,615] {taskinstance.py:1356} INFO - 
--------------------------------------------------------------------------------
[2024-10-09 09:43:27,615] {taskinstance.py:1357} INFO - Starting attempt 1 of 1
[2024-10-09 09:43:27,615] {taskinstance.py:1358} INFO - 
--------------------------------------------------------------------------------
[2024-10-09 09:43:27,913] {taskinstance.py:1377} INFO - Executing <Task(_PythonDecoratedOperator): TSLA> on 2024-09-24 00:00:00+00:00
[2024-10-09 09:43:27,928] {standard_task_runner.py:52} INFO - Started process 22192 to run task
[2024-10-09 09:43:27,934] {standard_task_runner.py:79} INFO - Running: ['airflow', 'tasks', 'run', 'get_stocks_dag', 'TSLA', 'scheduled__2024-09-24T00:00:00+00:00', '--job-id', '222', '--raw', '--subdir', 'DAGS_FOLDER/get_stocks.py', '--cfg-path', '/tmp/tmp20_hw19y', '--error-file', '/tmp/tmpv46qjl1t']
[2024-10-09 09:43:27,936] {standard_task_runner.py:80} INFO - Job 222: Subtask TSLA
[2024-10-09 09:43:28,498] {task_command.py:370} INFO - Running <TaskInstance: get_stocks_dag.TSLA scheduled__2024-09-24T00:00:00+00:00 [running]> on host ken
[2024-10-09 09:43:28,690] {taskinstance.py:1569} INFO - Exporting the following env vars:
AIRFLOW_CTX_DAG_OWNER=airflow
AIRFLOW_CTX_DAG_ID=get_stocks_dag
AIRFLOW_CTX_TASK_ID=TSLA
AIRFLOW_CTX_EXECUTION_DATE=2024-09-24T00:00:00+00:00
AIRFLOW_CTX_TRY_NUMBER=1
AIRFLOW_CTX_DAG_RUN_ID=scheduled__2024-09-24T00:00:00+00:00
[2024-10-09 09:43:29,416] {python.py:173} INFO - Done. Returned value was: None
[2024-10-09 09:43:29,439] {taskinstance.py:1395} INFO - Marking task as SUCCESS. dag_id=get_stocks_dag, task_id=TSLA, execution_date=20240924T000000, start_date=20241009T124327, end_date=20241009T124329
[2024-10-09 09:43:30,836] {local_task_job.py:156} INFO - Task exited with return code 0
[2024-10-09 09:43:31,359] {local_task_job.py:273} INFO - 0 downstream tasks scheduled from follow-on schedule check
[2024-10-09 09:47:33,433] {taskinstance.py:1159} INFO - Dependencies all met for <TaskInstance: get_stocks_dag.TSLA scheduled__2024-09-24T00:00:00+00:00 [queued]>
[2024-10-09 09:47:33,479] {taskinstance.py:1159} INFO - Dependencies all met for <TaskInstance: get_stocks_dag.TSLA scheduled__2024-09-24T00:00:00+00:00 [queued]>
[2024-10-09 09:47:33,480] {taskinstance.py:1356} INFO - 
--------------------------------------------------------------------------------
[2024-10-09 09:47:33,480] {taskinstance.py:1357} INFO - Starting attempt 1 of 1
[2024-10-09 09:47:33,480] {taskinstance.py:1358} INFO - 
--------------------------------------------------------------------------------
[2024-10-09 09:47:33,868] {taskinstance.py:1377} INFO - Executing <Task(_PythonDecoratedOperator): TSLA> on 2024-09-24 00:00:00+00:00
[2024-10-09 09:47:33,878] {standard_task_runner.py:52} INFO - Started process 28524 to run task
[2024-10-09 09:47:33,883] {standard_task_runner.py:79} INFO - Running: ['airflow', 'tasks', 'run', 'get_stocks_dag', 'TSLA', 'scheduled__2024-09-24T00:00:00+00:00', '--job-id', '286', '--raw', '--subdir', 'DAGS_FOLDER/get_stocks.py', '--cfg-path', '/tmp/tmp70vbcijx', '--error-file', '/tmp/tmpm6wkj5kw']
[2024-10-09 09:47:33,884] {standard_task_runner.py:80} INFO - Job 286: Subtask TSLA
[2024-10-09 09:47:35,080] {task_command.py:370} INFO - Running <TaskInstance: get_stocks_dag.TSLA scheduled__2024-09-24T00:00:00+00:00 [running]> on host ken
[2024-10-09 09:47:36,238] {taskinstance.py:1569} INFO - Exporting the following env vars:
AIRFLOW_CTX_DAG_OWNER=airflow
AIRFLOW_CTX_DAG_ID=get_stocks_dag
AIRFLOW_CTX_TASK_ID=TSLA
AIRFLOW_CTX_EXECUTION_DATE=2024-09-24T00:00:00+00:00
AIRFLOW_CTX_TRY_NUMBER=1
AIRFLOW_CTX_DAG_RUN_ID=scheduled__2024-09-24T00:00:00+00:00
[2024-10-09 09:47:36,994] {python.py:173} INFO - Done. Returned value was: None
[2024-10-09 09:47:37,028] {taskinstance.py:1395} INFO - Marking task as SUCCESS. dag_id=get_stocks_dag, task_id=TSLA, execution_date=20240924T000000, start_date=20241009T124733, end_date=20241009T124737
[2024-10-09 09:47:37,076] {local_task_job.py:156} INFO - Task exited with return code 0
[2024-10-09 09:47:37,432] {local_task_job.py:273} INFO - 0 downstream tasks scheduled from follow-on schedule check
[2024-10-09 10:35:47,704] {taskinstance.py:1159} INFO - Dependencies all met for <TaskInstance: get_stocks_dag.TSLA scheduled__2024-09-24T00:00:00+00:00 [queued]>
[2024-10-09 10:35:47,714] {taskinstance.py:1159} INFO - Dependencies all met for <TaskInstance: get_stocks_dag.TSLA scheduled__2024-09-24T00:00:00+00:00 [queued]>
[2024-10-09 10:35:47,714] {taskinstance.py:1356} INFO - 
--------------------------------------------------------------------------------
[2024-10-09 10:35:47,714] {taskinstance.py:1357} INFO - Starting attempt 1 of 1
[2024-10-09 10:35:47,714] {taskinstance.py:1358} INFO - 
--------------------------------------------------------------------------------
[2024-10-09 10:35:49,050] {taskinstance.py:1377} INFO - Executing <Task(_PythonDecoratedOperator): TSLA> on 2024-09-24 00:00:00+00:00
[2024-10-09 10:35:49,062] {standard_task_runner.py:52} INFO - Started process 60934 to run task
[2024-10-09 10:35:49,071] {standard_task_runner.py:79} INFO - Running: ['airflow', 'tasks', 'run', 'get_stocks_dag', 'TSLA', 'scheduled__2024-09-24T00:00:00+00:00', '--job-id', '403', '--raw', '--subdir', 'DAGS_FOLDER/get_stocks.py', '--cfg-path', '/tmp/tmppqn_2ii4', '--error-file', '/tmp/tmp4hjcpxv_']
[2024-10-09 10:35:49,073] {standard_task_runner.py:80} INFO - Job 403: Subtask TSLA
[2024-10-09 10:35:49,349] {task_command.py:370} INFO - Running <TaskInstance: get_stocks_dag.TSLA scheduled__2024-09-24T00:00:00+00:00 [running]> on host ken
[2024-10-09 10:35:49,494] {taskinstance.py:1569} INFO - Exporting the following env vars:
AIRFLOW_CTX_DAG_OWNER=airflow
AIRFLOW_CTX_DAG_ID=get_stocks_dag
AIRFLOW_CTX_TASK_ID=TSLA
AIRFLOW_CTX_EXECUTION_DATE=2024-09-24T00:00:00+00:00
AIRFLOW_CTX_TRY_NUMBER=1
AIRFLOW_CTX_DAG_RUN_ID=scheduled__2024-09-24T00:00:00+00:00
[2024-10-09 10:36:00,715] {python.py:173} INFO - Done. Returned value was: None
[2024-10-09 10:36:00,733] {taskinstance.py:1395} INFO - Marking task as SUCCESS. dag_id=get_stocks_dag, task_id=TSLA, execution_date=20240924T000000, start_date=20241009T133547, end_date=20241009T133600
[2024-10-09 10:36:00,782] {local_task_job.py:156} INFO - Task exited with return code 0
[2024-10-09 10:36:00,836] {local_task_job.py:273} INFO - 0 downstream tasks scheduled from follow-on schedule check
