[2024-10-08 17:15:57,817] {taskinstance.py:1159} INFO - Dependencies all met for <TaskInstance: get_stocks_dag.TSLA scheduled__2024-09-18T00:00:00+00:00 [queued]>
[2024-10-08 17:15:57,825] {taskinstance.py:1159} INFO - Dependencies all met for <TaskInstance: get_stocks_dag.TSLA scheduled__2024-09-18T00:00:00+00:00 [queued]>
[2024-10-08 17:15:57,825] {taskinstance.py:1356} INFO - 
--------------------------------------------------------------------------------
[2024-10-08 17:15:57,825] {taskinstance.py:1357} INFO - Starting attempt 1 of 1
[2024-10-08 17:15:57,825] {taskinstance.py:1358} INFO - 
--------------------------------------------------------------------------------
[2024-10-08 17:15:58,012] {taskinstance.py:1377} INFO - Executing <Task(_PythonDecoratedOperator): TSLA> on 2024-09-18 00:00:00+00:00
[2024-10-08 17:15:58,023] {standard_task_runner.py:52} INFO - Started process 35051 to run task
[2024-10-08 17:15:58,031] {standard_task_runner.py:79} INFO - Running: ['airflow', 'tasks', 'run', 'get_stocks_dag', 'TSLA', 'scheduled__2024-09-18T00:00:00+00:00', '--job-id', '145', '--raw', '--subdir', 'DAGS_FOLDER/get_stocks.py', '--cfg-path', '/tmp/tmpi7rw_4m3', '--error-file', '/tmp/tmpzehri3qn']
[2024-10-08 17:15:58,033] {standard_task_runner.py:80} INFO - Job 145: Subtask TSLA
[2024-10-08 17:15:58,260] {task_command.py:370} INFO - Running <TaskInstance: get_stocks_dag.TSLA scheduled__2024-09-18T00:00:00+00:00 [running]> on host ken
[2024-10-08 17:15:58,463] {taskinstance.py:1569} INFO - Exporting the following env vars:
AIRFLOW_CTX_DAG_OWNER=airflow
AIRFLOW_CTX_DAG_ID=get_stocks_dag
AIRFLOW_CTX_TASK_ID=TSLA
AIRFLOW_CTX_EXECUTION_DATE=2024-09-18T00:00:00+00:00
AIRFLOW_CTX_TRY_NUMBER=1
AIRFLOW_CTX_DAG_RUN_ID=scheduled__2024-09-18T00:00:00+00:00
[2024-10-08 17:15:58,958] {python.py:173} INFO - Done. Returned value was: None
[2024-10-08 17:15:58,964] {taskinstance.py:1395} INFO - Marking task as SUCCESS. dag_id=get_stocks_dag, task_id=TSLA, execution_date=20240918T000000, start_date=20241008T201557, end_date=20241008T201558
[2024-10-08 17:15:59,085] {local_task_job.py:156} INFO - Task exited with return code 0
[2024-10-08 17:15:59,119] {local_task_job.py:273} INFO - 0 downstream tasks scheduled from follow-on schedule check
[2024-10-08 23:21:28,143] {taskinstance.py:1159} INFO - Dependencies all met for <TaskInstance: get_stocks_dag.TSLA scheduled__2024-09-18T00:00:00+00:00 [queued]>
[2024-10-08 23:21:28,233] {taskinstance.py:1159} INFO - Dependencies all met for <TaskInstance: get_stocks_dag.TSLA scheduled__2024-09-18T00:00:00+00:00 [queued]>
[2024-10-08 23:21:28,233] {taskinstance.py:1356} INFO - 
--------------------------------------------------------------------------------
[2024-10-08 23:21:28,233] {taskinstance.py:1357} INFO - Starting attempt 1 of 1
[2024-10-08 23:21:28,234] {taskinstance.py:1358} INFO - 
--------------------------------------------------------------------------------
[2024-10-08 23:21:28,352] {taskinstance.py:1377} INFO - Executing <Task(_PythonDecoratedOperator): TSLA> on 2024-09-18 00:00:00+00:00
[2024-10-08 23:21:28,365] {standard_task_runner.py:52} INFO - Started process 20947 to run task
[2024-10-08 23:21:28,393] {standard_task_runner.py:79} INFO - Running: ['airflow', 'tasks', 'run', 'get_stocks_dag', 'TSLA', 'scheduled__2024-09-18T00:00:00+00:00', '--job-id', '11', '--raw', '--subdir', 'DAGS_FOLDER/get_stocks.py', '--cfg-path', '/tmp/tmpkpnqhfai', '--error-file', '/tmp/tmpgpdeo1b9']
[2024-10-08 23:21:28,422] {standard_task_runner.py:80} INFO - Job 11: Subtask TSLA
[2024-10-08 23:21:28,833] {task_command.py:370} INFO - Running <TaskInstance: get_stocks_dag.TSLA scheduled__2024-09-18T00:00:00+00:00 [running]> on host ken
[2024-10-08 23:21:29,469] {taskinstance.py:1569} INFO - Exporting the following env vars:
AIRFLOW_CTX_DAG_OWNER=airflow
AIRFLOW_CTX_DAG_ID=get_stocks_dag
AIRFLOW_CTX_TASK_ID=TSLA
AIRFLOW_CTX_EXECUTION_DATE=2024-09-18T00:00:00+00:00
AIRFLOW_CTX_TRY_NUMBER=1
AIRFLOW_CTX_DAG_RUN_ID=scheduled__2024-09-18T00:00:00+00:00
[2024-10-08 23:21:31,396] {python.py:173} INFO - Done. Returned value was: None
[2024-10-08 23:21:31,513] {taskinstance.py:1395} INFO - Marking task as SUCCESS. dag_id=get_stocks_dag, task_id=TSLA, execution_date=20240918T000000, start_date=20241009T022128, end_date=20241009T022131
[2024-10-08 23:21:31,620] {local_task_job.py:156} INFO - Task exited with return code 0
[2024-10-08 23:21:31,788] {local_task_job.py:273} INFO - 0 downstream tasks scheduled from follow-on schedule check
[2024-10-09 00:58:30,054] {taskinstance.py:1159} INFO - Dependencies all met for <TaskInstance: get_stocks_dag.TSLA scheduled__2024-09-18T00:00:00+00:00 [queued]>
[2024-10-09 00:58:30,191] {taskinstance.py:1159} INFO - Dependencies all met for <TaskInstance: get_stocks_dag.TSLA scheduled__2024-09-18T00:00:00+00:00 [queued]>
[2024-10-09 00:58:30,191] {taskinstance.py:1356} INFO - 
--------------------------------------------------------------------------------
[2024-10-09 00:58:30,191] {taskinstance.py:1357} INFO - Starting attempt 1 of 1
[2024-10-09 00:58:30,191] {taskinstance.py:1358} INFO - 
--------------------------------------------------------------------------------
[2024-10-09 00:58:30,733] {taskinstance.py:1377} INFO - Executing <Task(_PythonDecoratedOperator): TSLA> on 2024-09-18 00:00:00+00:00
[2024-10-09 00:58:30,752] {standard_task_runner.py:52} INFO - Started process 34954 to run task
[2024-10-09 00:58:30,766] {standard_task_runner.py:79} INFO - Running: ['airflow', 'tasks', 'run', 'get_stocks_dag', 'TSLA', 'scheduled__2024-09-18T00:00:00+00:00', '--job-id', '73', '--raw', '--subdir', 'DAGS_FOLDER/get_stocks.py', '--cfg-path', '/tmp/tmp1tustrjw', '--error-file', '/tmp/tmpdwohjkvf']
[2024-10-09 00:58:30,768] {standard_task_runner.py:80} INFO - Job 73: Subtask TSLA
[2024-10-09 00:58:31,002] {task_command.py:370} INFO - Running <TaskInstance: get_stocks_dag.TSLA scheduled__2024-09-18T00:00:00+00:00 [running]> on host ken
[2024-10-09 00:58:31,166] {taskinstance.py:1569} INFO - Exporting the following env vars:
AIRFLOW_CTX_DAG_OWNER=airflow
AIRFLOW_CTX_DAG_ID=get_stocks_dag
AIRFLOW_CTX_TASK_ID=TSLA
AIRFLOW_CTX_EXECUTION_DATE=2024-09-18T00:00:00+00:00
AIRFLOW_CTX_TRY_NUMBER=1
AIRFLOW_CTX_DAG_RUN_ID=scheduled__2024-09-18T00:00:00+00:00
[2024-10-09 00:58:35,304] {python.py:173} INFO - Done. Returned value was: None
[2024-10-09 00:58:35,326] {taskinstance.py:1395} INFO - Marking task as SUCCESS. dag_id=get_stocks_dag, task_id=TSLA, execution_date=20240918T000000, start_date=20241009T035830, end_date=20241009T035835
[2024-10-09 00:58:35,396] {local_task_job.py:156} INFO - Task exited with return code 0
[2024-10-09 00:58:35,461] {local_task_job.py:273} INFO - 0 downstream tasks scheduled from follow-on schedule check
[2024-10-09 09:33:25,465] {taskinstance.py:1159} INFO - Dependencies all met for <TaskInstance: get_stocks_dag.TSLA scheduled__2024-09-18T00:00:00+00:00 [queued]>
[2024-10-09 09:33:25,622] {taskinstance.py:1159} INFO - Dependencies all met for <TaskInstance: get_stocks_dag.TSLA scheduled__2024-09-18T00:00:00+00:00 [queued]>
[2024-10-09 09:33:25,622] {taskinstance.py:1356} INFO - 
--------------------------------------------------------------------------------
[2024-10-09 09:33:25,623] {taskinstance.py:1357} INFO - Starting attempt 1 of 1
[2024-10-09 09:33:25,623] {taskinstance.py:1358} INFO - 
--------------------------------------------------------------------------------
[2024-10-09 09:33:25,921] {taskinstance.py:1377} INFO - Executing <Task(_PythonDecoratedOperator): TSLA> on 2024-09-18 00:00:00+00:00
[2024-10-09 09:33:25,927] {standard_task_runner.py:52} INFO - Started process 13130 to run task
[2024-10-09 09:33:25,932] {standard_task_runner.py:79} INFO - Running: ['airflow', 'tasks', 'run', 'get_stocks_dag', 'TSLA', 'scheduled__2024-09-18T00:00:00+00:00', '--job-id', '141', '--raw', '--subdir', 'DAGS_FOLDER/get_stocks.py', '--cfg-path', '/tmp/tmpfmwaq4gz', '--error-file', '/tmp/tmpvb049ees']
[2024-10-09 09:33:25,934] {standard_task_runner.py:80} INFO - Job 141: Subtask TSLA
[2024-10-09 09:33:26,602] {task_command.py:370} INFO - Running <TaskInstance: get_stocks_dag.TSLA scheduled__2024-09-18T00:00:00+00:00 [running]> on host ken
[2024-10-09 09:33:26,741] {taskinstance.py:1569} INFO - Exporting the following env vars:
AIRFLOW_CTX_DAG_OWNER=airflow
AIRFLOW_CTX_DAG_ID=get_stocks_dag
AIRFLOW_CTX_TASK_ID=TSLA
AIRFLOW_CTX_EXECUTION_DATE=2024-09-18T00:00:00+00:00
AIRFLOW_CTX_TRY_NUMBER=1
AIRFLOW_CTX_DAG_RUN_ID=scheduled__2024-09-18T00:00:00+00:00
[2024-10-09 09:33:28,270] {python.py:173} INFO - Done. Returned value was: None
[2024-10-09 09:33:28,297] {taskinstance.py:1395} INFO - Marking task as SUCCESS. dag_id=get_stocks_dag, task_id=TSLA, execution_date=20240918T000000, start_date=20241009T123325, end_date=20241009T123328
[2024-10-09 09:33:28,574] {local_task_job.py:156} INFO - Task exited with return code 0
[2024-10-09 09:33:28,918] {local_task_job.py:273} INFO - 0 downstream tasks scheduled from follow-on schedule check
[2024-10-09 09:42:38,979] {taskinstance.py:1159} INFO - Dependencies all met for <TaskInstance: get_stocks_dag.TSLA scheduled__2024-09-18T00:00:00+00:00 [queued]>
[2024-10-09 09:42:39,007] {taskinstance.py:1159} INFO - Dependencies all met for <TaskInstance: get_stocks_dag.TSLA scheduled__2024-09-18T00:00:00+00:00 [queued]>
[2024-10-09 09:42:39,008] {taskinstance.py:1356} INFO - 
--------------------------------------------------------------------------------
[2024-10-09 09:42:39,008] {taskinstance.py:1357} INFO - Starting attempt 1 of 1
[2024-10-09 09:42:39,008] {taskinstance.py:1358} INFO - 
--------------------------------------------------------------------------------
[2024-10-09 09:42:39,044] {taskinstance.py:1377} INFO - Executing <Task(_PythonDecoratedOperator): TSLA> on 2024-09-18 00:00:00+00:00
[2024-10-09 09:42:39,056] {standard_task_runner.py:52} INFO - Started process 20404 to run task
[2024-10-09 09:42:39,061] {standard_task_runner.py:79} INFO - Running: ['airflow', 'tasks', 'run', 'get_stocks_dag', 'TSLA', 'scheduled__2024-09-18T00:00:00+00:00', '--job-id', '204', '--raw', '--subdir', 'DAGS_FOLDER/get_stocks.py', '--cfg-path', '/tmp/tmpxspmwue7', '--error-file', '/tmp/tmpq43bgc3t']
[2024-10-09 09:42:39,062] {standard_task_runner.py:80} INFO - Job 204: Subtask TSLA
[2024-10-09 09:42:39,370] {task_command.py:370} INFO - Running <TaskInstance: get_stocks_dag.TSLA scheduled__2024-09-18T00:00:00+00:00 [running]> on host ken
[2024-10-09 09:42:39,520] {taskinstance.py:1569} INFO - Exporting the following env vars:
AIRFLOW_CTX_DAG_OWNER=airflow
AIRFLOW_CTX_DAG_ID=get_stocks_dag
AIRFLOW_CTX_TASK_ID=TSLA
AIRFLOW_CTX_EXECUTION_DATE=2024-09-18T00:00:00+00:00
AIRFLOW_CTX_TRY_NUMBER=1
AIRFLOW_CTX_DAG_RUN_ID=scheduled__2024-09-18T00:00:00+00:00
[2024-10-09 09:42:39,978] {python.py:173} INFO - Done. Returned value was: None
[2024-10-09 09:42:40,004] {taskinstance.py:1395} INFO - Marking task as SUCCESS. dag_id=get_stocks_dag, task_id=TSLA, execution_date=20240918T000000, start_date=20241009T124238, end_date=20241009T124240
[2024-10-09 09:42:40,278] {local_task_job.py:156} INFO - Task exited with return code 0
[2024-10-09 09:42:40,731] {local_task_job.py:273} INFO - 0 downstream tasks scheduled from follow-on schedule check
[2024-10-09 09:46:44,697] {taskinstance.py:1159} INFO - Dependencies all met for <TaskInstance: get_stocks_dag.TSLA scheduled__2024-09-18T00:00:00+00:00 [queued]>
[2024-10-09 09:46:44,735] {taskinstance.py:1159} INFO - Dependencies all met for <TaskInstance: get_stocks_dag.TSLA scheduled__2024-09-18T00:00:00+00:00 [queued]>
[2024-10-09 09:46:44,735] {taskinstance.py:1356} INFO - 
--------------------------------------------------------------------------------
[2024-10-09 09:46:44,735] {taskinstance.py:1357} INFO - Starting attempt 1 of 1
[2024-10-09 09:46:44,736] {taskinstance.py:1358} INFO - 
--------------------------------------------------------------------------------
[2024-10-09 09:46:45,916] {taskinstance.py:1377} INFO - Executing <Task(_PythonDecoratedOperator): TSLA> on 2024-09-18 00:00:00+00:00
[2024-10-09 09:46:45,929] {standard_task_runner.py:52} INFO - Started process 26730 to run task
[2024-10-09 09:46:45,938] {standard_task_runner.py:79} INFO - Running: ['airflow', 'tasks', 'run', 'get_stocks_dag', 'TSLA', 'scheduled__2024-09-18T00:00:00+00:00', '--job-id', '269', '--raw', '--subdir', 'DAGS_FOLDER/get_stocks.py', '--cfg-path', '/tmp/tmpc8stkpgz', '--error-file', '/tmp/tmp152agbst']
[2024-10-09 09:46:45,941] {standard_task_runner.py:80} INFO - Job 269: Subtask TSLA
[2024-10-09 09:46:46,262] {task_command.py:370} INFO - Running <TaskInstance: get_stocks_dag.TSLA scheduled__2024-09-18T00:00:00+00:00 [running]> on host ken
[2024-10-09 09:46:46,401] {taskinstance.py:1569} INFO - Exporting the following env vars:
AIRFLOW_CTX_DAG_OWNER=airflow
AIRFLOW_CTX_DAG_ID=get_stocks_dag
AIRFLOW_CTX_TASK_ID=TSLA
AIRFLOW_CTX_EXECUTION_DATE=2024-09-18T00:00:00+00:00
AIRFLOW_CTX_TRY_NUMBER=1
AIRFLOW_CTX_DAG_RUN_ID=scheduled__2024-09-18T00:00:00+00:00
[2024-10-09 09:46:47,980] {python.py:173} INFO - Done. Returned value was: None
[2024-10-09 09:46:47,999] {taskinstance.py:1395} INFO - Marking task as SUCCESS. dag_id=get_stocks_dag, task_id=TSLA, execution_date=20240918T000000, start_date=20241009T124644, end_date=20241009T124647
[2024-10-09 09:46:48,681] {local_task_job.py:156} INFO - Task exited with return code 0
[2024-10-09 09:46:48,950] {local_task_job.py:273} INFO - 0 downstream tasks scheduled from follow-on schedule check
[2024-10-09 10:09:27,549] {taskinstance.py:1159} INFO - Dependencies all met for <TaskInstance: get_stocks_dag.TSLA scheduled__2024-09-18T00:00:00+00:00 [queued]>
[2024-10-09 10:09:27,720] {taskinstance.py:1159} INFO - Dependencies all met for <TaskInstance: get_stocks_dag.TSLA scheduled__2024-09-18T00:00:00+00:00 [queued]>
[2024-10-09 10:09:27,721] {taskinstance.py:1356} INFO - 
--------------------------------------------------------------------------------
[2024-10-09 10:09:27,721] {taskinstance.py:1357} INFO - Starting attempt 1 of 1
[2024-10-09 10:09:27,721] {taskinstance.py:1358} INFO - 
--------------------------------------------------------------------------------
[2024-10-09 10:09:27,866] {taskinstance.py:1377} INFO - Executing <Task(_PythonDecoratedOperator): TSLA> on 2024-09-18 00:00:00+00:00
[2024-10-09 10:09:27,877] {standard_task_runner.py:52} INFO - Started process 43992 to run task
[2024-10-09 10:09:27,881] {standard_task_runner.py:79} INFO - Running: ['airflow', 'tasks', 'run', 'get_stocks_dag', 'TSLA', 'scheduled__2024-09-18T00:00:00+00:00', '--job-id', '339', '--raw', '--subdir', 'DAGS_FOLDER/get_stocks.py', '--cfg-path', '/tmp/tmpmjkznohx', '--error-file', '/tmp/tmpkuif26nw']
[2024-10-09 10:09:27,882] {standard_task_runner.py:80} INFO - Job 339: Subtask TSLA
[2024-10-09 10:09:28,132] {task_command.py:370} INFO - Running <TaskInstance: get_stocks_dag.TSLA scheduled__2024-09-18T00:00:00+00:00 [running]> on host ken
[2024-10-09 10:09:28,256] {taskinstance.py:1569} INFO - Exporting the following env vars:
AIRFLOW_CTX_DAG_OWNER=airflow
AIRFLOW_CTX_DAG_ID=get_stocks_dag
AIRFLOW_CTX_TASK_ID=TSLA
AIRFLOW_CTX_EXECUTION_DATE=2024-09-18T00:00:00+00:00
AIRFLOW_CTX_TRY_NUMBER=1
AIRFLOW_CTX_DAG_RUN_ID=scheduled__2024-09-18T00:00:00+00:00
[2024-10-09 10:09:39,038] {python.py:173} INFO - Done. Returned value was: None
[2024-10-09 10:09:39,067] {taskinstance.py:1395} INFO - Marking task as SUCCESS. dag_id=get_stocks_dag, task_id=TSLA, execution_date=20240918T000000, start_date=20241009T130927, end_date=20241009T130939
[2024-10-09 10:09:39,450] {local_task_job.py:156} INFO - Task exited with return code 0
[2024-10-09 10:09:39,520] {local_task_job.py:273} INFO - 0 downstream tasks scheduled from follow-on schedule check
[2024-10-09 10:31:31,740] {taskinstance.py:1159} INFO - Dependencies all met for <TaskInstance: get_stocks_dag.TSLA scheduled__2024-09-18T00:00:00+00:00 [queued]>
[2024-10-09 10:31:31,749] {taskinstance.py:1159} INFO - Dependencies all met for <TaskInstance: get_stocks_dag.TSLA scheduled__2024-09-18T00:00:00+00:00 [queued]>
[2024-10-09 10:31:31,749] {taskinstance.py:1356} INFO - 
--------------------------------------------------------------------------------
[2024-10-09 10:31:31,749] {taskinstance.py:1357} INFO - Starting attempt 1 of 1
[2024-10-09 10:31:31,749] {taskinstance.py:1358} INFO - 
--------------------------------------------------------------------------------
[2024-10-09 10:31:32,027] {taskinstance.py:1377} INFO - Executing <Task(_PythonDecoratedOperator): TSLA> on 2024-09-18 00:00:00+00:00
[2024-10-09 10:31:32,037] {standard_task_runner.py:52} INFO - Started process 54789 to run task
[2024-10-09 10:31:32,043] {standard_task_runner.py:79} INFO - Running: ['airflow', 'tasks', 'run', 'get_stocks_dag', 'TSLA', 'scheduled__2024-09-18T00:00:00+00:00', '--job-id', '368', '--raw', '--subdir', 'DAGS_FOLDER/get_stocks.py', '--cfg-path', '/tmp/tmpzycy2gql', '--error-file', '/tmp/tmpptcr653k']
[2024-10-09 10:31:32,044] {standard_task_runner.py:80} INFO - Job 368: Subtask TSLA
[2024-10-09 10:31:32,293] {task_command.py:370} INFO - Running <TaskInstance: get_stocks_dag.TSLA scheduled__2024-09-18T00:00:00+00:00 [running]> on host ken
[2024-10-09 10:31:32,415] {taskinstance.py:1569} INFO - Exporting the following env vars:
AIRFLOW_CTX_DAG_OWNER=airflow
AIRFLOW_CTX_DAG_ID=get_stocks_dag
AIRFLOW_CTX_TASK_ID=TSLA
AIRFLOW_CTX_EXECUTION_DATE=2024-09-18T00:00:00+00:00
AIRFLOW_CTX_TRY_NUMBER=1
AIRFLOW_CTX_DAG_RUN_ID=scheduled__2024-09-18T00:00:00+00:00
[2024-10-09 10:31:42,876] {python.py:173} INFO - Done. Returned value was: None
[2024-10-09 10:31:43,581] {taskinstance.py:1395} INFO - Marking task as SUCCESS. dag_id=get_stocks_dag, task_id=TSLA, execution_date=20240918T000000, start_date=20241009T133131, end_date=20241009T133143
[2024-10-09 10:31:43,923] {local_task_job.py:156} INFO - Task exited with return code 0
[2024-10-09 10:31:44,358] {local_task_job.py:273} INFO - 0 downstream tasks scheduled from follow-on schedule check
