[2024-10-08 17:17:39,673] {taskinstance.py:1159} INFO - Dependencies all met for <TaskInstance: get_stocks_dag.MSFT scheduled__2024-09-21T00:00:00+00:00 [queued]>
[2024-10-08 17:17:39,686] {taskinstance.py:1159} INFO - Dependencies all met for <TaskInstance: get_stocks_dag.MSFT scheduled__2024-09-21T00:00:00+00:00 [queued]>
[2024-10-08 17:17:39,686] {taskinstance.py:1356} INFO - 
--------------------------------------------------------------------------------
[2024-10-08 17:17:39,686] {taskinstance.py:1357} INFO - Starting attempt 1 of 1
[2024-10-08 17:17:39,686] {taskinstance.py:1358} INFO - 
--------------------------------------------------------------------------------
[2024-10-08 17:17:40,188] {taskinstance.py:1377} INFO - Executing <Task(_PythonDecoratedOperator): MSFT> on 2024-09-21 00:00:00+00:00
[2024-10-08 17:17:40,193] {standard_task_runner.py:52} INFO - Started process 36334 to run task
[2024-10-08 17:17:40,198] {standard_task_runner.py:79} INFO - Running: ['airflow', 'tasks', 'run', 'get_stocks_dag', 'MSFT', 'scheduled__2024-09-21T00:00:00+00:00', '--job-id', '155', '--raw', '--subdir', 'DAGS_FOLDER/get_stocks.py', '--cfg-path', '/tmp/tmp7l6xtj79', '--error-file', '/tmp/tmpc4mc0kc6']
[2024-10-08 17:17:40,199] {standard_task_runner.py:80} INFO - Job 155: Subtask MSFT
[2024-10-08 17:17:40,734] {task_command.py:370} INFO - Running <TaskInstance: get_stocks_dag.MSFT scheduled__2024-09-21T00:00:00+00:00 [running]> on host ken
[2024-10-08 17:17:42,020] {taskinstance.py:1569} INFO - Exporting the following env vars:
AIRFLOW_CTX_DAG_OWNER=airflow
AIRFLOW_CTX_DAG_ID=get_stocks_dag
AIRFLOW_CTX_TASK_ID=MSFT
AIRFLOW_CTX_EXECUTION_DATE=2024-09-21T00:00:00+00:00
AIRFLOW_CTX_TRY_NUMBER=1
AIRFLOW_CTX_DAG_RUN_ID=scheduled__2024-09-21T00:00:00+00:00
[2024-10-08 17:17:42,526] {python.py:173} INFO - Done. Returned value was: None
[2024-10-08 17:17:42,534] {taskinstance.py:1395} INFO - Marking task as SUCCESS. dag_id=get_stocks_dag, task_id=MSFT, execution_date=20240921T000000, start_date=20241008T201739, end_date=20241008T201742
[2024-10-08 17:17:42,939] {local_task_job.py:156} INFO - Task exited with return code 0
[2024-10-08 17:17:42,973] {local_task_job.py:273} INFO - 0 downstream tasks scheduled from follow-on schedule check
[2024-10-08 23:21:34,969] {taskinstance.py:1159} INFO - Dependencies all met for <TaskInstance: get_stocks_dag.MSFT scheduled__2024-09-21T00:00:00+00:00 [queued]>
[2024-10-08 23:21:35,010] {taskinstance.py:1159} INFO - Dependencies all met for <TaskInstance: get_stocks_dag.MSFT scheduled__2024-09-21T00:00:00+00:00 [queued]>
[2024-10-08 23:21:35,011] {taskinstance.py:1356} INFO - 
--------------------------------------------------------------------------------
[2024-10-08 23:21:35,012] {taskinstance.py:1357} INFO - Starting attempt 1 of 1
[2024-10-08 23:21:35,012] {taskinstance.py:1358} INFO - 
--------------------------------------------------------------------------------
[2024-10-08 23:21:35,057] {taskinstance.py:1377} INFO - Executing <Task(_PythonDecoratedOperator): MSFT> on 2024-09-21 00:00:00+00:00
[2024-10-08 23:21:35,078] {standard_task_runner.py:52} INFO - Started process 21557 to run task
[2024-10-08 23:21:35,102] {standard_task_runner.py:79} INFO - Running: ['airflow', 'tasks', 'run', 'get_stocks_dag', 'MSFT', 'scheduled__2024-09-21T00:00:00+00:00', '--job-id', '19', '--raw', '--subdir', 'DAGS_FOLDER/get_stocks.py', '--cfg-path', '/tmp/tmpf25gxvgd', '--error-file', '/tmp/tmp3jzfc2sw']
[2024-10-08 23:21:35,104] {standard_task_runner.py:80} INFO - Job 19: Subtask MSFT
[2024-10-08 23:21:35,734] {task_command.py:370} INFO - Running <TaskInstance: get_stocks_dag.MSFT scheduled__2024-09-21T00:00:00+00:00 [running]> on host ken
[2024-10-08 23:21:36,642] {taskinstance.py:1569} INFO - Exporting the following env vars:
AIRFLOW_CTX_DAG_OWNER=airflow
AIRFLOW_CTX_DAG_ID=get_stocks_dag
AIRFLOW_CTX_TASK_ID=MSFT
AIRFLOW_CTX_EXECUTION_DATE=2024-09-21T00:00:00+00:00
AIRFLOW_CTX_TRY_NUMBER=1
AIRFLOW_CTX_DAG_RUN_ID=scheduled__2024-09-21T00:00:00+00:00
[2024-10-08 23:21:38,321] {python.py:173} INFO - Done. Returned value was: None
[2024-10-08 23:21:38,400] {taskinstance.py:1395} INFO - Marking task as SUCCESS. dag_id=get_stocks_dag, task_id=MSFT, execution_date=20240921T000000, start_date=20241009T022134, end_date=20241009T022138
[2024-10-08 23:21:38,481] {local_task_job.py:156} INFO - Task exited with return code 0
[2024-10-08 23:21:38,757] {local_task_job.py:273} INFO - 0 downstream tasks scheduled from follow-on schedule check
[2024-10-09 00:59:56,379] {taskinstance.py:1159} INFO - Dependencies all met for <TaskInstance: get_stocks_dag.MSFT scheduled__2024-09-21T00:00:00+00:00 [queued]>
[2024-10-09 00:59:56,423] {taskinstance.py:1159} INFO - Dependencies all met for <TaskInstance: get_stocks_dag.MSFT scheduled__2024-09-21T00:00:00+00:00 [queued]>
[2024-10-09 00:59:56,428] {taskinstance.py:1356} INFO - 
--------------------------------------------------------------------------------
[2024-10-09 00:59:56,428] {taskinstance.py:1357} INFO - Starting attempt 1 of 1
[2024-10-09 00:59:56,428] {taskinstance.py:1358} INFO - 
--------------------------------------------------------------------------------
[2024-10-09 00:59:56,472] {taskinstance.py:1377} INFO - Executing <Task(_PythonDecoratedOperator): MSFT> on 2024-09-21 00:00:00+00:00
[2024-10-09 00:59:56,490] {standard_task_runner.py:52} INFO - Started process 38689 to run task
[2024-10-09 00:59:56,499] {standard_task_runner.py:79} INFO - Running: ['airflow', 'tasks', 'run', 'get_stocks_dag', 'MSFT', 'scheduled__2024-09-21T00:00:00+00:00', '--job-id', '86', '--raw', '--subdir', 'DAGS_FOLDER/get_stocks.py', '--cfg-path', '/tmp/tmpdcyvntx5', '--error-file', '/tmp/tmpm7r60r6w']
[2024-10-09 00:59:56,500] {standard_task_runner.py:80} INFO - Job 86: Subtask MSFT
[2024-10-09 00:59:56,618] {task_command.py:370} INFO - Running <TaskInstance: get_stocks_dag.MSFT scheduled__2024-09-21T00:00:00+00:00 [running]> on host ken
[2024-10-09 00:59:56,757] {taskinstance.py:1569} INFO - Exporting the following env vars:
AIRFLOW_CTX_DAG_OWNER=airflow
AIRFLOW_CTX_DAG_ID=get_stocks_dag
AIRFLOW_CTX_TASK_ID=MSFT
AIRFLOW_CTX_EXECUTION_DATE=2024-09-21T00:00:00+00:00
AIRFLOW_CTX_TRY_NUMBER=1
AIRFLOW_CTX_DAG_RUN_ID=scheduled__2024-09-21T00:00:00+00:00
[2024-10-09 00:59:57,244] {python.py:173} INFO - Done. Returned value was: None
[2024-10-09 00:59:57,268] {taskinstance.py:1395} INFO - Marking task as SUCCESS. dag_id=get_stocks_dag, task_id=MSFT, execution_date=20240921T000000, start_date=20241009T035956, end_date=20241009T035957
[2024-10-09 00:59:57,312] {local_task_job.py:156} INFO - Task exited with return code 0
[2024-10-09 00:59:57,384] {local_task_job.py:273} INFO - 0 downstream tasks scheduled from follow-on schedule check
[2024-10-09 09:33:51,929] {taskinstance.py:1159} INFO - Dependencies all met for <TaskInstance: get_stocks_dag.MSFT scheduled__2024-09-21T00:00:00+00:00 [queued]>
[2024-10-09 09:33:52,118] {taskinstance.py:1159} INFO - Dependencies all met for <TaskInstance: get_stocks_dag.MSFT scheduled__2024-09-21T00:00:00+00:00 [queued]>
[2024-10-09 09:33:52,118] {taskinstance.py:1356} INFO - 
--------------------------------------------------------------------------------
[2024-10-09 09:33:52,118] {taskinstance.py:1357} INFO - Starting attempt 1 of 1
[2024-10-09 09:33:52,118] {taskinstance.py:1358} INFO - 
--------------------------------------------------------------------------------
[2024-10-09 09:33:52,473] {taskinstance.py:1377} INFO - Executing <Task(_PythonDecoratedOperator): MSFT> on 2024-09-21 00:00:00+00:00
[2024-10-09 09:33:52,487] {standard_task_runner.py:52} INFO - Started process 14103 to run task
[2024-10-09 09:33:52,499] {standard_task_runner.py:79} INFO - Running: ['airflow', 'tasks', 'run', 'get_stocks_dag', 'MSFT', 'scheduled__2024-09-21T00:00:00+00:00', '--job-id', '151', '--raw', '--subdir', 'DAGS_FOLDER/get_stocks.py', '--cfg-path', '/tmp/tmp62y95z3i', '--error-file', '/tmp/tmpoipox3iz']
[2024-10-09 09:33:52,503] {standard_task_runner.py:80} INFO - Job 151: Subtask MSFT
[2024-10-09 09:33:53,074] {task_command.py:370} INFO - Running <TaskInstance: get_stocks_dag.MSFT scheduled__2024-09-21T00:00:00+00:00 [running]> on host ken
[2024-10-09 09:33:53,701] {taskinstance.py:1569} INFO - Exporting the following env vars:
AIRFLOW_CTX_DAG_OWNER=airflow
AIRFLOW_CTX_DAG_ID=get_stocks_dag
AIRFLOW_CTX_TASK_ID=MSFT
AIRFLOW_CTX_EXECUTION_DATE=2024-09-21T00:00:00+00:00
AIRFLOW_CTX_TRY_NUMBER=1
AIRFLOW_CTX_DAG_RUN_ID=scheduled__2024-09-21T00:00:00+00:00
[2024-10-09 09:33:54,090] {python.py:173} INFO - Done. Returned value was: None
[2024-10-09 09:33:54,116] {taskinstance.py:1395} INFO - Marking task as SUCCESS. dag_id=get_stocks_dag, task_id=MSFT, execution_date=20240921T000000, start_date=20241009T123352, end_date=20241009T123354
[2024-10-09 09:33:54,196] {local_task_job.py:156} INFO - Task exited with return code 0
[2024-10-09 09:33:54,844] {local_task_job.py:273} INFO - 0 downstream tasks scheduled from follow-on schedule check
[2024-10-09 09:43:04,312] {taskinstance.py:1159} INFO - Dependencies all met for <TaskInstance: get_stocks_dag.MSFT scheduled__2024-09-21T00:00:00+00:00 [queued]>
[2024-10-09 09:43:04,358] {taskinstance.py:1159} INFO - Dependencies all met for <TaskInstance: get_stocks_dag.MSFT scheduled__2024-09-21T00:00:00+00:00 [queued]>
[2024-10-09 09:43:04,358] {taskinstance.py:1356} INFO - 
--------------------------------------------------------------------------------
[2024-10-09 09:43:04,359] {taskinstance.py:1357} INFO - Starting attempt 1 of 1
[2024-10-09 09:43:04,359] {taskinstance.py:1358} INFO - 
--------------------------------------------------------------------------------
[2024-10-09 09:43:04,421] {taskinstance.py:1377} INFO - Executing <Task(_PythonDecoratedOperator): MSFT> on 2024-09-21 00:00:00+00:00
[2024-10-09 09:43:04,433] {standard_task_runner.py:52} INFO - Started process 21361 to run task
[2024-10-09 09:43:04,438] {standard_task_runner.py:79} INFO - Running: ['airflow', 'tasks', 'run', 'get_stocks_dag', 'MSFT', 'scheduled__2024-09-21T00:00:00+00:00', '--job-id', '215', '--raw', '--subdir', 'DAGS_FOLDER/get_stocks.py', '--cfg-path', '/tmp/tmpksb0bwc6', '--error-file', '/tmp/tmpe50en3xg']
[2024-10-09 09:43:04,439] {standard_task_runner.py:80} INFO - Job 215: Subtask MSFT
[2024-10-09 09:43:04,787] {task_command.py:370} INFO - Running <TaskInstance: get_stocks_dag.MSFT scheduled__2024-09-21T00:00:00+00:00 [running]> on host ken
[2024-10-09 09:43:06,627] {taskinstance.py:1569} INFO - Exporting the following env vars:
AIRFLOW_CTX_DAG_OWNER=airflow
AIRFLOW_CTX_DAG_ID=get_stocks_dag
AIRFLOW_CTX_TASK_ID=MSFT
AIRFLOW_CTX_EXECUTION_DATE=2024-09-21T00:00:00+00:00
AIRFLOW_CTX_TRY_NUMBER=1
AIRFLOW_CTX_DAG_RUN_ID=scheduled__2024-09-21T00:00:00+00:00
[2024-10-09 09:43:08,388] {python.py:173} INFO - Done. Returned value was: None
[2024-10-09 09:43:08,450] {taskinstance.py:1395} INFO - Marking task as SUCCESS. dag_id=get_stocks_dag, task_id=MSFT, execution_date=20240921T000000, start_date=20241009T124304, end_date=20241009T124308
[2024-10-09 09:43:08,756] {local_task_job.py:156} INFO - Task exited with return code 0
[2024-10-09 09:43:09,248] {local_task_job.py:273} INFO - 0 downstream tasks scheduled from follow-on schedule check
[2024-10-09 09:47:19,788] {taskinstance.py:1159} INFO - Dependencies all met for <TaskInstance: get_stocks_dag.MSFT scheduled__2024-09-21T00:00:00+00:00 [queued]>
[2024-10-09 09:47:19,803] {taskinstance.py:1159} INFO - Dependencies all met for <TaskInstance: get_stocks_dag.MSFT scheduled__2024-09-21T00:00:00+00:00 [queued]>
[2024-10-09 09:47:19,803] {taskinstance.py:1356} INFO - 
--------------------------------------------------------------------------------
[2024-10-09 09:47:19,803] {taskinstance.py:1357} INFO - Starting attempt 1 of 1
[2024-10-09 09:47:19,803] {taskinstance.py:1358} INFO - 
--------------------------------------------------------------------------------
[2024-10-09 09:47:19,834] {taskinstance.py:1377} INFO - Executing <Task(_PythonDecoratedOperator): MSFT> on 2024-09-21 00:00:00+00:00
[2024-10-09 09:47:19,840] {standard_task_runner.py:52} INFO - Started process 27955 to run task
[2024-10-09 09:47:19,844] {standard_task_runner.py:79} INFO - Running: ['airflow', 'tasks', 'run', 'get_stocks_dag', 'MSFT', 'scheduled__2024-09-21T00:00:00+00:00', '--job-id', '279', '--raw', '--subdir', 'DAGS_FOLDER/get_stocks.py', '--cfg-path', '/tmp/tmpv405ku3i', '--error-file', '/tmp/tmpjd96rmp_']
[2024-10-09 09:47:19,847] {standard_task_runner.py:80} INFO - Job 279: Subtask MSFT
[2024-10-09 09:47:20,186] {task_command.py:370} INFO - Running <TaskInstance: get_stocks_dag.MSFT scheduled__2024-09-21T00:00:00+00:00 [running]> on host ken
[2024-10-09 09:47:21,388] {taskinstance.py:1569} INFO - Exporting the following env vars:
AIRFLOW_CTX_DAG_OWNER=airflow
AIRFLOW_CTX_DAG_ID=get_stocks_dag
AIRFLOW_CTX_TASK_ID=MSFT
AIRFLOW_CTX_EXECUTION_DATE=2024-09-21T00:00:00+00:00
AIRFLOW_CTX_TRY_NUMBER=1
AIRFLOW_CTX_DAG_RUN_ID=scheduled__2024-09-21T00:00:00+00:00
[2024-10-09 09:47:22,129] {python.py:173} INFO - Done. Returned value was: None
[2024-10-09 09:47:22,634] {taskinstance.py:1395} INFO - Marking task as SUCCESS. dag_id=get_stocks_dag, task_id=MSFT, execution_date=20240921T000000, start_date=20241009T124719, end_date=20241009T124722
[2024-10-09 09:47:22,709] {local_task_job.py:156} INFO - Task exited with return code 0
[2024-10-09 09:47:23,707] {local_task_job.py:273} INFO - 0 downstream tasks scheduled from follow-on schedule check
[2024-10-09 10:34:10,869] {taskinstance.py:1159} INFO - Dependencies all met for <TaskInstance: get_stocks_dag.MSFT scheduled__2024-09-21T00:00:00+00:00 [queued]>
[2024-10-09 10:34:10,878] {taskinstance.py:1159} INFO - Dependencies all met for <TaskInstance: get_stocks_dag.MSFT scheduled__2024-09-21T00:00:00+00:00 [queued]>
[2024-10-09 10:34:10,878] {taskinstance.py:1356} INFO - 
--------------------------------------------------------------------------------
[2024-10-09 10:34:10,879] {taskinstance.py:1357} INFO - Starting attempt 1 of 1
[2024-10-09 10:34:10,879] {taskinstance.py:1358} INFO - 
--------------------------------------------------------------------------------
[2024-10-09 10:34:11,559] {taskinstance.py:1377} INFO - Executing <Task(_PythonDecoratedOperator): MSFT> on 2024-09-21 00:00:00+00:00
[2024-10-09 10:34:11,573] {standard_task_runner.py:52} INFO - Started process 58568 to run task
[2024-10-09 10:34:11,582] {standard_task_runner.py:79} INFO - Running: ['airflow', 'tasks', 'run', 'get_stocks_dag', 'MSFT', 'scheduled__2024-09-21T00:00:00+00:00', '--job-id', '389', '--raw', '--subdir', 'DAGS_FOLDER/get_stocks.py', '--cfg-path', '/tmp/tmpe2yc4c28', '--error-file', '/tmp/tmpgqn3glzo']
[2024-10-09 10:34:11,586] {standard_task_runner.py:80} INFO - Job 389: Subtask MSFT
[2024-10-09 10:34:11,853] {task_command.py:370} INFO - Running <TaskInstance: get_stocks_dag.MSFT scheduled__2024-09-21T00:00:00+00:00 [running]> on host ken
[2024-10-09 10:34:11,993] {taskinstance.py:1569} INFO - Exporting the following env vars:
AIRFLOW_CTX_DAG_OWNER=airflow
AIRFLOW_CTX_DAG_ID=get_stocks_dag
AIRFLOW_CTX_TASK_ID=MSFT
AIRFLOW_CTX_EXECUTION_DATE=2024-09-21T00:00:00+00:00
AIRFLOW_CTX_TRY_NUMBER=1
AIRFLOW_CTX_DAG_RUN_ID=scheduled__2024-09-21T00:00:00+00:00
[2024-10-09 10:34:22,461] {python.py:173} INFO - Done. Returned value was: None
[2024-10-09 10:34:22,488] {taskinstance.py:1395} INFO - Marking task as SUCCESS. dag_id=get_stocks_dag, task_id=MSFT, execution_date=20240921T000000, start_date=20241009T133410, end_date=20241009T133422
[2024-10-09 10:34:22,752] {local_task_job.py:156} INFO - Task exited with return code 0
[2024-10-09 10:34:23,193] {local_task_job.py:273} INFO - 0 downstream tasks scheduled from follow-on schedule check
