[2024-10-08 13:21:56,624] {processor.py:153} INFO - Started process (PID=37109) to work on /home/kennedy/KR/Programação/00.Estudos/DataEng/Alura/airflow-executores/venv/lib/python3.9/site-packages/airflow/example_dags/subdags/subdag.py
[2024-10-08 13:21:56,625] {processor.py:641} INFO - Processing file /home/kennedy/KR/Programação/00.Estudos/DataEng/Alura/airflow-executores/venv/lib/python3.9/site-packages/airflow/example_dags/subdags/subdag.py for tasks to queue
[2024-10-08 13:21:56,625] {logging_mixin.py:115} INFO - [2024-10-08 13:21:56,625] {dagbag.py:507} INFO - Filling up the DagBag from /home/kennedy/KR/Programação/00.Estudos/DataEng/Alura/airflow-executores/venv/lib/python3.9/site-packages/airflow/example_dags/subdags/subdag.py
[2024-10-08 13:21:56,626] {processor.py:653} WARNING - No viable dags retrieved from /home/kennedy/KR/Programação/00.Estudos/DataEng/Alura/airflow-executores/venv/lib/python3.9/site-packages/airflow/example_dags/subdags/subdag.py
[2024-10-08 13:21:56,635] {processor.py:161} INFO - Processing /home/kennedy/KR/Programação/00.Estudos/DataEng/Alura/airflow-executores/venv/lib/python3.9/site-packages/airflow/example_dags/subdags/subdag.py took 0.013 seconds
[2024-10-08 13:24:41,398] {processor.py:153} INFO - Started process (PID=37701) to work on /home/kennedy/KR/Programação/00.Estudos/DataEng/Alura/airflow-executores/venv/lib/python3.9/site-packages/airflow/example_dags/subdags/subdag.py
[2024-10-08 13:24:41,445] {processor.py:641} INFO - Processing file /home/kennedy/KR/Programação/00.Estudos/DataEng/Alura/airflow-executores/venv/lib/python3.9/site-packages/airflow/example_dags/subdags/subdag.py for tasks to queue
[2024-10-08 13:24:41,445] {logging_mixin.py:115} INFO - [2024-10-08 13:24:41,445] {dagbag.py:507} INFO - Filling up the DagBag from /home/kennedy/KR/Programação/00.Estudos/DataEng/Alura/airflow-executores/venv/lib/python3.9/site-packages/airflow/example_dags/subdags/subdag.py
[2024-10-08 13:24:41,447] {processor.py:653} WARNING - No viable dags retrieved from /home/kennedy/KR/Programação/00.Estudos/DataEng/Alura/airflow-executores/venv/lib/python3.9/site-packages/airflow/example_dags/subdags/subdag.py
[2024-10-08 13:24:41,461] {processor.py:161} INFO - Processing /home/kennedy/KR/Programação/00.Estudos/DataEng/Alura/airflow-executores/venv/lib/python3.9/site-packages/airflow/example_dags/subdags/subdag.py took 0.067 seconds
[2024-10-08 13:25:35,249] {processor.py:153} INFO - Started process (PID=37771) to work on /home/kennedy/KR/Programação/00.Estudos/DataEng/Alura/airflow-executores/venv/lib/python3.9/site-packages/airflow/example_dags/subdags/subdag.py
[2024-10-08 13:25:35,303] {processor.py:641} INFO - Processing file /home/kennedy/KR/Programação/00.Estudos/DataEng/Alura/airflow-executores/venv/lib/python3.9/site-packages/airflow/example_dags/subdags/subdag.py for tasks to queue
[2024-10-08 13:25:35,304] {logging_mixin.py:115} INFO - [2024-10-08 13:25:35,304] {dagbag.py:507} INFO - Filling up the DagBag from /home/kennedy/KR/Programação/00.Estudos/DataEng/Alura/airflow-executores/venv/lib/python3.9/site-packages/airflow/example_dags/subdags/subdag.py
[2024-10-08 13:25:35,307] {processor.py:653} WARNING - No viable dags retrieved from /home/kennedy/KR/Programação/00.Estudos/DataEng/Alura/airflow-executores/venv/lib/python3.9/site-packages/airflow/example_dags/subdags/subdag.py
[2024-10-08 13:25:35,329] {processor.py:161} INFO - Processing /home/kennedy/KR/Programação/00.Estudos/DataEng/Alura/airflow-executores/venv/lib/python3.9/site-packages/airflow/example_dags/subdags/subdag.py took 0.087 seconds
[2024-10-08 13:26:11,142] {processor.py:153} INFO - Started process (PID=37811) to work on /home/kennedy/KR/Programação/00.Estudos/DataEng/Alura/airflow-executores/venv/lib/python3.9/site-packages/airflow/example_dags/subdags/subdag.py
[2024-10-08 13:26:11,144] {processor.py:641} INFO - Processing file /home/kennedy/KR/Programação/00.Estudos/DataEng/Alura/airflow-executores/venv/lib/python3.9/site-packages/airflow/example_dags/subdags/subdag.py for tasks to queue
[2024-10-08 13:26:11,145] {logging_mixin.py:115} INFO - [2024-10-08 13:26:11,145] {dagbag.py:507} INFO - Filling up the DagBag from /home/kennedy/KR/Programação/00.Estudos/DataEng/Alura/airflow-executores/venv/lib/python3.9/site-packages/airflow/example_dags/subdags/subdag.py
[2024-10-08 13:26:11,148] {processor.py:653} WARNING - No viable dags retrieved from /home/kennedy/KR/Programação/00.Estudos/DataEng/Alura/airflow-executores/venv/lib/python3.9/site-packages/airflow/example_dags/subdags/subdag.py
[2024-10-08 13:26:11,168] {processor.py:161} INFO - Processing /home/kennedy/KR/Programação/00.Estudos/DataEng/Alura/airflow-executores/venv/lib/python3.9/site-packages/airflow/example_dags/subdags/subdag.py took 0.032 seconds
[2024-10-08 13:27:24,257] {processor.py:153} INFO - Started process (PID=37960) to work on /home/kennedy/KR/Programação/00.Estudos/DataEng/Alura/airflow-executores/venv/lib/python3.9/site-packages/airflow/example_dags/subdags/subdag.py
[2024-10-08 13:27:24,662] {processor.py:641} INFO - Processing file /home/kennedy/KR/Programação/00.Estudos/DataEng/Alura/airflow-executores/venv/lib/python3.9/site-packages/airflow/example_dags/subdags/subdag.py for tasks to queue
[2024-10-08 13:27:24,662] {logging_mixin.py:115} INFO - [2024-10-08 13:27:24,662] {dagbag.py:507} INFO - Filling up the DagBag from /home/kennedy/KR/Programação/00.Estudos/DataEng/Alura/airflow-executores/venv/lib/python3.9/site-packages/airflow/example_dags/subdags/subdag.py
[2024-10-08 13:27:24,663] {processor.py:653} WARNING - No viable dags retrieved from /home/kennedy/KR/Programação/00.Estudos/DataEng/Alura/airflow-executores/venv/lib/python3.9/site-packages/airflow/example_dags/subdags/subdag.py
[2024-10-08 13:27:24,671] {processor.py:161} INFO - Processing /home/kennedy/KR/Programação/00.Estudos/DataEng/Alura/airflow-executores/venv/lib/python3.9/site-packages/airflow/example_dags/subdags/subdag.py took 0.420 seconds
[2024-10-08 13:28:09,239] {processor.py:153} INFO - Started process (PID=38014) to work on /home/kennedy/KR/Programação/00.Estudos/DataEng/Alura/airflow-executores/venv/lib/python3.9/site-packages/airflow/example_dags/subdags/subdag.py
[2024-10-08 13:28:09,397] {processor.py:641} INFO - Processing file /home/kennedy/KR/Programação/00.Estudos/DataEng/Alura/airflow-executores/venv/lib/python3.9/site-packages/airflow/example_dags/subdags/subdag.py for tasks to queue
[2024-10-08 13:28:09,399] {logging_mixin.py:115} INFO - [2024-10-08 13:28:09,399] {dagbag.py:507} INFO - Filling up the DagBag from /home/kennedy/KR/Programação/00.Estudos/DataEng/Alura/airflow-executores/venv/lib/python3.9/site-packages/airflow/example_dags/subdags/subdag.py
[2024-10-08 13:28:09,402] {processor.py:653} WARNING - No viable dags retrieved from /home/kennedy/KR/Programação/00.Estudos/DataEng/Alura/airflow-executores/venv/lib/python3.9/site-packages/airflow/example_dags/subdags/subdag.py
[2024-10-08 13:28:09,427] {processor.py:161} INFO - Processing /home/kennedy/KR/Programação/00.Estudos/DataEng/Alura/airflow-executores/venv/lib/python3.9/site-packages/airflow/example_dags/subdags/subdag.py took 0.195 seconds
[2024-10-08 13:28:43,089] {processor.py:153} INFO - Started process (PID=38094) to work on /home/kennedy/KR/Programação/00.Estudos/DataEng/Alura/airflow-executores/venv/lib/python3.9/site-packages/airflow/example_dags/subdags/subdag.py
[2024-10-08 13:28:43,091] {processor.py:641} INFO - Processing file /home/kennedy/KR/Programação/00.Estudos/DataEng/Alura/airflow-executores/venv/lib/python3.9/site-packages/airflow/example_dags/subdags/subdag.py for tasks to queue
[2024-10-08 13:28:43,092] {logging_mixin.py:115} INFO - [2024-10-08 13:28:43,092] {dagbag.py:507} INFO - Filling up the DagBag from /home/kennedy/KR/Programação/00.Estudos/DataEng/Alura/airflow-executores/venv/lib/python3.9/site-packages/airflow/example_dags/subdags/subdag.py
[2024-10-08 13:28:43,095] {processor.py:653} WARNING - No viable dags retrieved from /home/kennedy/KR/Programação/00.Estudos/DataEng/Alura/airflow-executores/venv/lib/python3.9/site-packages/airflow/example_dags/subdags/subdag.py
[2024-10-08 13:28:43,113] {processor.py:161} INFO - Processing /home/kennedy/KR/Programação/00.Estudos/DataEng/Alura/airflow-executores/venv/lib/python3.9/site-packages/airflow/example_dags/subdags/subdag.py took 0.030 seconds
[2024-10-08 13:29:27,474] {processor.py:153} INFO - Started process (PID=38213) to work on /home/kennedy/KR/Programação/00.Estudos/DataEng/Alura/airflow-executores/venv/lib/python3.9/site-packages/airflow/example_dags/subdags/subdag.py
[2024-10-08 13:29:27,484] {processor.py:641} INFO - Processing file /home/kennedy/KR/Programação/00.Estudos/DataEng/Alura/airflow-executores/venv/lib/python3.9/site-packages/airflow/example_dags/subdags/subdag.py for tasks to queue
[2024-10-08 13:29:27,484] {logging_mixin.py:115} INFO - [2024-10-08 13:29:27,484] {dagbag.py:507} INFO - Filling up the DagBag from /home/kennedy/KR/Programação/00.Estudos/DataEng/Alura/airflow-executores/venv/lib/python3.9/site-packages/airflow/example_dags/subdags/subdag.py
[2024-10-08 13:29:27,485] {processor.py:653} WARNING - No viable dags retrieved from /home/kennedy/KR/Programação/00.Estudos/DataEng/Alura/airflow-executores/venv/lib/python3.9/site-packages/airflow/example_dags/subdags/subdag.py
[2024-10-08 13:29:27,493] {processor.py:161} INFO - Processing /home/kennedy/KR/Programação/00.Estudos/DataEng/Alura/airflow-executores/venv/lib/python3.9/site-packages/airflow/example_dags/subdags/subdag.py took 0.022 seconds
[2024-10-08 13:30:00,280] {processor.py:153} INFO - Started process (PID=38526) to work on /home/kennedy/KR/Programação/00.Estudos/DataEng/Alura/airflow-executores/venv/lib/python3.9/site-packages/airflow/example_dags/subdags/subdag.py
[2024-10-08 13:30:00,293] {processor.py:641} INFO - Processing file /home/kennedy/KR/Programação/00.Estudos/DataEng/Alura/airflow-executores/venv/lib/python3.9/site-packages/airflow/example_dags/subdags/subdag.py for tasks to queue
[2024-10-08 13:30:00,294] {logging_mixin.py:115} INFO - [2024-10-08 13:30:00,294] {dagbag.py:507} INFO - Filling up the DagBag from /home/kennedy/KR/Programação/00.Estudos/DataEng/Alura/airflow-executores/venv/lib/python3.9/site-packages/airflow/example_dags/subdags/subdag.py
[2024-10-08 13:30:00,296] {processor.py:653} WARNING - No viable dags retrieved from /home/kennedy/KR/Programação/00.Estudos/DataEng/Alura/airflow-executores/venv/lib/python3.9/site-packages/airflow/example_dags/subdags/subdag.py
[2024-10-08 13:30:00,310] {processor.py:161} INFO - Processing /home/kennedy/KR/Programação/00.Estudos/DataEng/Alura/airflow-executores/venv/lib/python3.9/site-packages/airflow/example_dags/subdags/subdag.py took 0.036 seconds
[2024-10-08 13:30:54,025] {processor.py:153} INFO - Started process (PID=38616) to work on /home/kennedy/KR/Programação/00.Estudos/DataEng/Alura/airflow-executores/venv/lib/python3.9/site-packages/airflow/example_dags/subdags/subdag.py
[2024-10-08 13:30:54,038] {processor.py:641} INFO - Processing file /home/kennedy/KR/Programação/00.Estudos/DataEng/Alura/airflow-executores/venv/lib/python3.9/site-packages/airflow/example_dags/subdags/subdag.py for tasks to queue
[2024-10-08 13:30:54,039] {logging_mixin.py:115} INFO - [2024-10-08 13:30:54,038] {dagbag.py:507} INFO - Filling up the DagBag from /home/kennedy/KR/Programação/00.Estudos/DataEng/Alura/airflow-executores/venv/lib/python3.9/site-packages/airflow/example_dags/subdags/subdag.py
[2024-10-08 13:30:54,041] {processor.py:653} WARNING - No viable dags retrieved from /home/kennedy/KR/Programação/00.Estudos/DataEng/Alura/airflow-executores/venv/lib/python3.9/site-packages/airflow/example_dags/subdags/subdag.py
[2024-10-08 13:30:54,059] {processor.py:161} INFO - Processing /home/kennedy/KR/Programação/00.Estudos/DataEng/Alura/airflow-executores/venv/lib/python3.9/site-packages/airflow/example_dags/subdags/subdag.py took 0.040 seconds
[2024-10-08 13:31:25,715] {processor.py:153} INFO - Started process (PID=38659) to work on /home/kennedy/KR/Programação/00.Estudos/DataEng/Alura/airflow-executores/venv/lib/python3.9/site-packages/airflow/example_dags/subdags/subdag.py
[2024-10-08 13:31:25,716] {processor.py:641} INFO - Processing file /home/kennedy/KR/Programação/00.Estudos/DataEng/Alura/airflow-executores/venv/lib/python3.9/site-packages/airflow/example_dags/subdags/subdag.py for tasks to queue
[2024-10-08 13:31:25,717] {logging_mixin.py:115} INFO - [2024-10-08 13:31:25,717] {dagbag.py:507} INFO - Filling up the DagBag from /home/kennedy/KR/Programação/00.Estudos/DataEng/Alura/airflow-executores/venv/lib/python3.9/site-packages/airflow/example_dags/subdags/subdag.py
[2024-10-08 13:31:25,720] {processor.py:653} WARNING - No viable dags retrieved from /home/kennedy/KR/Programação/00.Estudos/DataEng/Alura/airflow-executores/venv/lib/python3.9/site-packages/airflow/example_dags/subdags/subdag.py
[2024-10-08 13:31:25,744] {processor.py:161} INFO - Processing /home/kennedy/KR/Programação/00.Estudos/DataEng/Alura/airflow-executores/venv/lib/python3.9/site-packages/airflow/example_dags/subdags/subdag.py took 0.036 seconds
[2024-10-08 13:31:57,669] {processor.py:153} INFO - Started process (PID=38731) to work on /home/kennedy/KR/Programação/00.Estudos/DataEng/Alura/airflow-executores/venv/lib/python3.9/site-packages/airflow/example_dags/subdags/subdag.py
[2024-10-08 13:31:57,670] {processor.py:641} INFO - Processing file /home/kennedy/KR/Programação/00.Estudos/DataEng/Alura/airflow-executores/venv/lib/python3.9/site-packages/airflow/example_dags/subdags/subdag.py for tasks to queue
[2024-10-08 13:31:57,671] {logging_mixin.py:115} INFO - [2024-10-08 13:31:57,671] {dagbag.py:507} INFO - Filling up the DagBag from /home/kennedy/KR/Programação/00.Estudos/DataEng/Alura/airflow-executores/venv/lib/python3.9/site-packages/airflow/example_dags/subdags/subdag.py
[2024-10-08 13:31:57,675] {processor.py:653} WARNING - No viable dags retrieved from /home/kennedy/KR/Programação/00.Estudos/DataEng/Alura/airflow-executores/venv/lib/python3.9/site-packages/airflow/example_dags/subdags/subdag.py
[2024-10-08 13:31:57,704] {processor.py:161} INFO - Processing /home/kennedy/KR/Programação/00.Estudos/DataEng/Alura/airflow-executores/venv/lib/python3.9/site-packages/airflow/example_dags/subdags/subdag.py took 0.041 seconds
[2024-10-08 13:32:34,212] {processor.py:153} INFO - Started process (PID=38824) to work on /home/kennedy/KR/Programação/00.Estudos/DataEng/Alura/airflow-executores/venv/lib/python3.9/site-packages/airflow/example_dags/subdags/subdag.py
[2024-10-08 13:32:34,722] {processor.py:641} INFO - Processing file /home/kennedy/KR/Programação/00.Estudos/DataEng/Alura/airflow-executores/venv/lib/python3.9/site-packages/airflow/example_dags/subdags/subdag.py for tasks to queue
[2024-10-08 13:32:34,723] {logging_mixin.py:115} INFO - [2024-10-08 13:32:34,723] {dagbag.py:507} INFO - Filling up the DagBag from /home/kennedy/KR/Programação/00.Estudos/DataEng/Alura/airflow-executores/venv/lib/python3.9/site-packages/airflow/example_dags/subdags/subdag.py
[2024-10-08 13:32:34,727] {processor.py:653} WARNING - No viable dags retrieved from /home/kennedy/KR/Programação/00.Estudos/DataEng/Alura/airflow-executores/venv/lib/python3.9/site-packages/airflow/example_dags/subdags/subdag.py
[2024-10-08 13:32:34,757] {processor.py:161} INFO - Processing /home/kennedy/KR/Programação/00.Estudos/DataEng/Alura/airflow-executores/venv/lib/python3.9/site-packages/airflow/example_dags/subdags/subdag.py took 0.551 seconds
[2024-10-08 13:33:14,236] {processor.py:153} INFO - Started process (PID=38877) to work on /home/kennedy/KR/Programação/00.Estudos/DataEng/Alura/airflow-executores/venv/lib/python3.9/site-packages/airflow/example_dags/subdags/subdag.py
[2024-10-08 13:33:14,279] {processor.py:641} INFO - Processing file /home/kennedy/KR/Programação/00.Estudos/DataEng/Alura/airflow-executores/venv/lib/python3.9/site-packages/airflow/example_dags/subdags/subdag.py for tasks to queue
[2024-10-08 13:33:14,280] {logging_mixin.py:115} INFO - [2024-10-08 13:33:14,280] {dagbag.py:507} INFO - Filling up the DagBag from /home/kennedy/KR/Programação/00.Estudos/DataEng/Alura/airflow-executores/venv/lib/python3.9/site-packages/airflow/example_dags/subdags/subdag.py
[2024-10-08 13:33:14,281] {processor.py:653} WARNING - No viable dags retrieved from /home/kennedy/KR/Programação/00.Estudos/DataEng/Alura/airflow-executores/venv/lib/python3.9/site-packages/airflow/example_dags/subdags/subdag.py
[2024-10-08 13:33:14,290] {processor.py:161} INFO - Processing /home/kennedy/KR/Programação/00.Estudos/DataEng/Alura/airflow-executores/venv/lib/python3.9/site-packages/airflow/example_dags/subdags/subdag.py took 0.056 seconds
[2024-10-08 13:33:53,939] {processor.py:153} INFO - Started process (PID=38935) to work on /home/kennedy/KR/Programação/00.Estudos/DataEng/Alura/airflow-executores/venv/lib/python3.9/site-packages/airflow/example_dags/subdags/subdag.py
[2024-10-08 13:33:53,989] {processor.py:641} INFO - Processing file /home/kennedy/KR/Programação/00.Estudos/DataEng/Alura/airflow-executores/venv/lib/python3.9/site-packages/airflow/example_dags/subdags/subdag.py for tasks to queue
[2024-10-08 13:33:53,990] {logging_mixin.py:115} INFO - [2024-10-08 13:33:53,990] {dagbag.py:507} INFO - Filling up the DagBag from /home/kennedy/KR/Programação/00.Estudos/DataEng/Alura/airflow-executores/venv/lib/python3.9/site-packages/airflow/example_dags/subdags/subdag.py
[2024-10-08 13:33:53,994] {processor.py:653} WARNING - No viable dags retrieved from /home/kennedy/KR/Programação/00.Estudos/DataEng/Alura/airflow-executores/venv/lib/python3.9/site-packages/airflow/example_dags/subdags/subdag.py
[2024-10-08 13:33:54,026] {processor.py:161} INFO - Processing /home/kennedy/KR/Programação/00.Estudos/DataEng/Alura/airflow-executores/venv/lib/python3.9/site-packages/airflow/example_dags/subdags/subdag.py took 0.094 seconds
[2024-10-08 13:34:54,324] {processor.py:153} INFO - Started process (PID=39037) to work on /home/kennedy/KR/Programação/00.Estudos/DataEng/Alura/airflow-executores/venv/lib/python3.9/site-packages/airflow/example_dags/subdags/subdag.py
[2024-10-08 13:34:54,478] {processor.py:641} INFO - Processing file /home/kennedy/KR/Programação/00.Estudos/DataEng/Alura/airflow-executores/venv/lib/python3.9/site-packages/airflow/example_dags/subdags/subdag.py for tasks to queue
[2024-10-08 13:34:54,479] {logging_mixin.py:115} INFO - [2024-10-08 13:34:54,479] {dagbag.py:507} INFO - Filling up the DagBag from /home/kennedy/KR/Programação/00.Estudos/DataEng/Alura/airflow-executores/venv/lib/python3.9/site-packages/airflow/example_dags/subdags/subdag.py
[2024-10-08 13:34:54,482] {processor.py:653} WARNING - No viable dags retrieved from /home/kennedy/KR/Programação/00.Estudos/DataEng/Alura/airflow-executores/venv/lib/python3.9/site-packages/airflow/example_dags/subdags/subdag.py
[2024-10-08 13:34:54,509] {processor.py:161} INFO - Processing /home/kennedy/KR/Programação/00.Estudos/DataEng/Alura/airflow-executores/venv/lib/python3.9/site-packages/airflow/example_dags/subdags/subdag.py took 0.187 seconds
[2024-10-08 15:46:31,903] {processor.py:153} INFO - Started process (PID=11053) to work on /home/kennedy/.local/lib/python3.10/site-packages/airflow/example_dags/subdags/subdag.py
[2024-10-08 15:46:31,986] {processor.py:641} INFO - Processing file /home/kennedy/.local/lib/python3.10/site-packages/airflow/example_dags/subdags/subdag.py for tasks to queue
[2024-10-08 15:46:31,986] {logging_mixin.py:115} INFO - [2024-10-08 15:46:31,986] {dagbag.py:507} INFO - Filling up the DagBag from /home/kennedy/.local/lib/python3.10/site-packages/airflow/example_dags/subdags/subdag.py
[2024-10-08 15:46:31,988] {processor.py:653} WARNING - No viable dags retrieved from /home/kennedy/.local/lib/python3.10/site-packages/airflow/example_dags/subdags/subdag.py
[2024-10-08 15:46:31,999] {processor.py:161} INFO - Processing /home/kennedy/.local/lib/python3.10/site-packages/airflow/example_dags/subdags/subdag.py took 0.101 seconds
[2024-10-08 16:36:09,613] {processor.py:153} INFO - Started process (PID=16257) to work on /home/kennedy/KR/Programação/00.Estudos/DataEng/Alura/airflow-executores/venv/lib/python3.9/site-packages/airflow/example_dags/subdags/subdag.py
[2024-10-08 16:36:09,794] {processor.py:641} INFO - Processing file /home/kennedy/KR/Programação/00.Estudos/DataEng/Alura/airflow-executores/venv/lib/python3.9/site-packages/airflow/example_dags/subdags/subdag.py for tasks to queue
[2024-10-08 16:36:09,795] {logging_mixin.py:115} INFO - [2024-10-08 16:36:09,794] {dagbag.py:507} INFO - Filling up the DagBag from /home/kennedy/KR/Programação/00.Estudos/DataEng/Alura/airflow-executores/venv/lib/python3.9/site-packages/airflow/example_dags/subdags/subdag.py
[2024-10-08 16:36:09,799] {processor.py:653} WARNING - No viable dags retrieved from /home/kennedy/KR/Programação/00.Estudos/DataEng/Alura/airflow-executores/venv/lib/python3.9/site-packages/airflow/example_dags/subdags/subdag.py
[2024-10-08 16:36:09,876] {processor.py:161} INFO - Processing /home/kennedy/KR/Programação/00.Estudos/DataEng/Alura/airflow-executores/venv/lib/python3.9/site-packages/airflow/example_dags/subdags/subdag.py took 0.269 seconds
[2024-10-08 16:37:17,675] {processor.py:153} INFO - Started process (PID=16755) to work on /home/kennedy/KR/Programação/00.Estudos/DataEng/Alura/airflow-executores/venv/lib/python3.9/site-packages/airflow/example_dags/subdags/subdag.py
[2024-10-08 16:37:17,681] {processor.py:641} INFO - Processing file /home/kennedy/KR/Programação/00.Estudos/DataEng/Alura/airflow-executores/venv/lib/python3.9/site-packages/airflow/example_dags/subdags/subdag.py for tasks to queue
[2024-10-08 16:37:17,682] {logging_mixin.py:115} INFO - [2024-10-08 16:37:17,682] {dagbag.py:507} INFO - Filling up the DagBag from /home/kennedy/KR/Programação/00.Estudos/DataEng/Alura/airflow-executores/venv/lib/python3.9/site-packages/airflow/example_dags/subdags/subdag.py
[2024-10-08 16:37:17,685] {processor.py:653} WARNING - No viable dags retrieved from /home/kennedy/KR/Programação/00.Estudos/DataEng/Alura/airflow-executores/venv/lib/python3.9/site-packages/airflow/example_dags/subdags/subdag.py
[2024-10-08 16:37:17,705] {processor.py:161} INFO - Processing /home/kennedy/KR/Programação/00.Estudos/DataEng/Alura/airflow-executores/venv/lib/python3.9/site-packages/airflow/example_dags/subdags/subdag.py took 0.036 seconds
[2024-10-08 16:37:50,090] {processor.py:153} INFO - Started process (PID=16807) to work on /home/kennedy/KR/Programação/00.Estudos/DataEng/Alura/airflow-executores/venv/lib/python3.9/site-packages/airflow/example_dags/subdags/subdag.py
[2024-10-08 16:37:50,094] {processor.py:641} INFO - Processing file /home/kennedy/KR/Programação/00.Estudos/DataEng/Alura/airflow-executores/venv/lib/python3.9/site-packages/airflow/example_dags/subdags/subdag.py for tasks to queue
[2024-10-08 16:37:50,096] {logging_mixin.py:115} INFO - [2024-10-08 16:37:50,096] {dagbag.py:507} INFO - Filling up the DagBag from /home/kennedy/KR/Programação/00.Estudos/DataEng/Alura/airflow-executores/venv/lib/python3.9/site-packages/airflow/example_dags/subdags/subdag.py
[2024-10-08 16:37:50,101] {processor.py:653} WARNING - No viable dags retrieved from /home/kennedy/KR/Programação/00.Estudos/DataEng/Alura/airflow-executores/venv/lib/python3.9/site-packages/airflow/example_dags/subdags/subdag.py
[2024-10-08 16:37:50,128] {processor.py:161} INFO - Processing /home/kennedy/KR/Programação/00.Estudos/DataEng/Alura/airflow-executores/venv/lib/python3.9/site-packages/airflow/example_dags/subdags/subdag.py took 0.046 seconds
[2024-10-08 16:38:26,162] {processor.py:153} INFO - Started process (PID=17039) to work on /home/kennedy/KR/Programação/00.Estudos/DataEng/Alura/airflow-executores/venv/lib/python3.9/site-packages/airflow/example_dags/subdags/subdag.py
[2024-10-08 16:38:26,187] {processor.py:641} INFO - Processing file /home/kennedy/KR/Programação/00.Estudos/DataEng/Alura/airflow-executores/venv/lib/python3.9/site-packages/airflow/example_dags/subdags/subdag.py for tasks to queue
[2024-10-08 16:38:26,188] {logging_mixin.py:115} INFO - [2024-10-08 16:38:26,187] {dagbag.py:507} INFO - Filling up the DagBag from /home/kennedy/KR/Programação/00.Estudos/DataEng/Alura/airflow-executores/venv/lib/python3.9/site-packages/airflow/example_dags/subdags/subdag.py
[2024-10-08 16:38:26,190] {processor.py:653} WARNING - No viable dags retrieved from /home/kennedy/KR/Programação/00.Estudos/DataEng/Alura/airflow-executores/venv/lib/python3.9/site-packages/airflow/example_dags/subdags/subdag.py
[2024-10-08 16:38:26,207] {processor.py:161} INFO - Processing /home/kennedy/KR/Programação/00.Estudos/DataEng/Alura/airflow-executores/venv/lib/python3.9/site-packages/airflow/example_dags/subdags/subdag.py took 0.049 seconds
[2024-10-08 16:39:51,538] {processor.py:153} INFO - Started process (PID=17525) to work on /home/kennedy/KR/Programação/00.Estudos/DataEng/Alura/airflow-executores/venv/lib/python3.9/site-packages/airflow/example_dags/subdags/subdag.py
[2024-10-08 16:39:51,564] {processor.py:641} INFO - Processing file /home/kennedy/KR/Programação/00.Estudos/DataEng/Alura/airflow-executores/venv/lib/python3.9/site-packages/airflow/example_dags/subdags/subdag.py for tasks to queue
[2024-10-08 16:39:51,564] {logging_mixin.py:115} INFO - [2024-10-08 16:39:51,564] {dagbag.py:507} INFO - Filling up the DagBag from /home/kennedy/KR/Programação/00.Estudos/DataEng/Alura/airflow-executores/venv/lib/python3.9/site-packages/airflow/example_dags/subdags/subdag.py
[2024-10-08 16:39:51,565] {processor.py:653} WARNING - No viable dags retrieved from /home/kennedy/KR/Programação/00.Estudos/DataEng/Alura/airflow-executores/venv/lib/python3.9/site-packages/airflow/example_dags/subdags/subdag.py
[2024-10-08 16:39:51,803] {processor.py:161} INFO - Processing /home/kennedy/KR/Programação/00.Estudos/DataEng/Alura/airflow-executores/venv/lib/python3.9/site-packages/airflow/example_dags/subdags/subdag.py took 0.268 seconds
[2024-10-08 16:40:53,086] {processor.py:153} INFO - Started process (PID=17758) to work on /home/kennedy/KR/Programação/00.Estudos/DataEng/Alura/airflow-executores/venv/lib/python3.9/site-packages/airflow/example_dags/subdags/subdag.py
[2024-10-08 16:40:53,097] {processor.py:641} INFO - Processing file /home/kennedy/KR/Programação/00.Estudos/DataEng/Alura/airflow-executores/venv/lib/python3.9/site-packages/airflow/example_dags/subdags/subdag.py for tasks to queue
[2024-10-08 16:40:53,098] {logging_mixin.py:115} INFO - [2024-10-08 16:40:53,097] {dagbag.py:507} INFO - Filling up the DagBag from /home/kennedy/KR/Programação/00.Estudos/DataEng/Alura/airflow-executores/venv/lib/python3.9/site-packages/airflow/example_dags/subdags/subdag.py
[2024-10-08 16:40:53,099] {processor.py:653} WARNING - No viable dags retrieved from /home/kennedy/KR/Programação/00.Estudos/DataEng/Alura/airflow-executores/venv/lib/python3.9/site-packages/airflow/example_dags/subdags/subdag.py
[2024-10-08 16:40:53,112] {processor.py:161} INFO - Processing /home/kennedy/KR/Programação/00.Estudos/DataEng/Alura/airflow-executores/venv/lib/python3.9/site-packages/airflow/example_dags/subdags/subdag.py took 0.030 seconds
[2024-10-08 16:42:06,297] {processor.py:153} INFO - Started process (PID=18101) to work on /home/kennedy/KR/Programação/00.Estudos/DataEng/Alura/airflow-executores/venv/lib/python3.9/site-packages/airflow/example_dags/subdags/subdag.py
[2024-10-08 16:42:06,299] {processor.py:641} INFO - Processing file /home/kennedy/KR/Programação/00.Estudos/DataEng/Alura/airflow-executores/venv/lib/python3.9/site-packages/airflow/example_dags/subdags/subdag.py for tasks to queue
[2024-10-08 16:42:06,299] {logging_mixin.py:115} INFO - [2024-10-08 16:42:06,299] {dagbag.py:507} INFO - Filling up the DagBag from /home/kennedy/KR/Programação/00.Estudos/DataEng/Alura/airflow-executores/venv/lib/python3.9/site-packages/airflow/example_dags/subdags/subdag.py
[2024-10-08 16:42:06,301] {processor.py:653} WARNING - No viable dags retrieved from /home/kennedy/KR/Programação/00.Estudos/DataEng/Alura/airflow-executores/venv/lib/python3.9/site-packages/airflow/example_dags/subdags/subdag.py
[2024-10-08 16:42:06,312] {processor.py:161} INFO - Processing /home/kennedy/KR/Programação/00.Estudos/DataEng/Alura/airflow-executores/venv/lib/python3.9/site-packages/airflow/example_dags/subdags/subdag.py took 0.020 seconds
[2024-10-08 16:42:45,985] {processor.py:153} INFO - Started process (PID=18199) to work on /home/kennedy/KR/Programação/00.Estudos/DataEng/Alura/airflow-executores/venv/lib/python3.9/site-packages/airflow/example_dags/subdags/subdag.py
[2024-10-08 16:42:45,992] {processor.py:641} INFO - Processing file /home/kennedy/KR/Programação/00.Estudos/DataEng/Alura/airflow-executores/venv/lib/python3.9/site-packages/airflow/example_dags/subdags/subdag.py for tasks to queue
[2024-10-08 16:42:45,994] {logging_mixin.py:115} INFO - [2024-10-08 16:42:45,993] {dagbag.py:507} INFO - Filling up the DagBag from /home/kennedy/KR/Programação/00.Estudos/DataEng/Alura/airflow-executores/venv/lib/python3.9/site-packages/airflow/example_dags/subdags/subdag.py
[2024-10-08 16:42:45,997] {processor.py:653} WARNING - No viable dags retrieved from /home/kennedy/KR/Programação/00.Estudos/DataEng/Alura/airflow-executores/venv/lib/python3.9/site-packages/airflow/example_dags/subdags/subdag.py
[2024-10-08 16:42:46,014] {processor.py:161} INFO - Processing /home/kennedy/KR/Programação/00.Estudos/DataEng/Alura/airflow-executores/venv/lib/python3.9/site-packages/airflow/example_dags/subdags/subdag.py took 0.037 seconds
[2024-10-08 16:43:37,674] {processor.py:153} INFO - Started process (PID=18236) to work on /home/kennedy/KR/Programação/00.Estudos/DataEng/Alura/airflow-executores/venv/lib/python3.9/site-packages/airflow/example_dags/subdags/subdag.py
[2024-10-08 16:43:37,796] {processor.py:641} INFO - Processing file /home/kennedy/KR/Programação/00.Estudos/DataEng/Alura/airflow-executores/venv/lib/python3.9/site-packages/airflow/example_dags/subdags/subdag.py for tasks to queue
[2024-10-08 16:43:37,797] {logging_mixin.py:115} INFO - [2024-10-08 16:43:37,797] {dagbag.py:507} INFO - Filling up the DagBag from /home/kennedy/KR/Programação/00.Estudos/DataEng/Alura/airflow-executores/venv/lib/python3.9/site-packages/airflow/example_dags/subdags/subdag.py
[2024-10-08 16:43:37,800] {processor.py:653} WARNING - No viable dags retrieved from /home/kennedy/KR/Programação/00.Estudos/DataEng/Alura/airflow-executores/venv/lib/python3.9/site-packages/airflow/example_dags/subdags/subdag.py
[2024-10-08 16:43:37,821] {processor.py:161} INFO - Processing /home/kennedy/KR/Programação/00.Estudos/DataEng/Alura/airflow-executores/venv/lib/python3.9/site-packages/airflow/example_dags/subdags/subdag.py took 0.149 seconds
[2024-10-08 16:44:22,407] {processor.py:153} INFO - Started process (PID=18272) to work on /home/kennedy/KR/Programação/00.Estudos/DataEng/Alura/airflow-executores/venv/lib/python3.9/site-packages/airflow/example_dags/subdags/subdag.py
[2024-10-08 16:44:22,418] {processor.py:641} INFO - Processing file /home/kennedy/KR/Programação/00.Estudos/DataEng/Alura/airflow-executores/venv/lib/python3.9/site-packages/airflow/example_dags/subdags/subdag.py for tasks to queue
[2024-10-08 16:44:22,419] {logging_mixin.py:115} INFO - [2024-10-08 16:44:22,419] {dagbag.py:507} INFO - Filling up the DagBag from /home/kennedy/KR/Programação/00.Estudos/DataEng/Alura/airflow-executores/venv/lib/python3.9/site-packages/airflow/example_dags/subdags/subdag.py
[2024-10-08 16:44:22,420] {processor.py:653} WARNING - No viable dags retrieved from /home/kennedy/KR/Programação/00.Estudos/DataEng/Alura/airflow-executores/venv/lib/python3.9/site-packages/airflow/example_dags/subdags/subdag.py
[2024-10-08 16:44:23,165] {processor.py:161} INFO - Processing /home/kennedy/KR/Programação/00.Estudos/DataEng/Alura/airflow-executores/venv/lib/python3.9/site-packages/airflow/example_dags/subdags/subdag.py took 0.760 seconds
[2024-10-08 16:45:10,601] {processor.py:153} INFO - Started process (PID=18325) to work on /home/kennedy/KR/Programação/00.Estudos/DataEng/Alura/airflow-executores/venv/lib/python3.9/site-packages/airflow/example_dags/subdags/subdag.py
[2024-10-08 16:45:10,614] {processor.py:641} INFO - Processing file /home/kennedy/KR/Programação/00.Estudos/DataEng/Alura/airflow-executores/venv/lib/python3.9/site-packages/airflow/example_dags/subdags/subdag.py for tasks to queue
[2024-10-08 16:45:10,616] {logging_mixin.py:115} INFO - [2024-10-08 16:45:10,615] {dagbag.py:507} INFO - Filling up the DagBag from /home/kennedy/KR/Programação/00.Estudos/DataEng/Alura/airflow-executores/venv/lib/python3.9/site-packages/airflow/example_dags/subdags/subdag.py
[2024-10-08 16:45:10,620] {processor.py:653} WARNING - No viable dags retrieved from /home/kennedy/KR/Programação/00.Estudos/DataEng/Alura/airflow-executores/venv/lib/python3.9/site-packages/airflow/example_dags/subdags/subdag.py
[2024-10-08 16:45:10,638] {processor.py:161} INFO - Processing /home/kennedy/KR/Programação/00.Estudos/DataEng/Alura/airflow-executores/venv/lib/python3.9/site-packages/airflow/example_dags/subdags/subdag.py took 0.044 seconds
[2024-10-08 16:45:58,753] {processor.py:153} INFO - Started process (PID=18634) to work on /home/kennedy/KR/Programação/00.Estudos/DataEng/Alura/airflow-executores/venv/lib/python3.9/site-packages/airflow/example_dags/subdags/subdag.py
[2024-10-08 16:45:58,874] {processor.py:641} INFO - Processing file /home/kennedy/KR/Programação/00.Estudos/DataEng/Alura/airflow-executores/venv/lib/python3.9/site-packages/airflow/example_dags/subdags/subdag.py for tasks to queue
[2024-10-08 16:45:58,875] {logging_mixin.py:115} INFO - [2024-10-08 16:45:58,875] {dagbag.py:507} INFO - Filling up the DagBag from /home/kennedy/KR/Programação/00.Estudos/DataEng/Alura/airflow-executores/venv/lib/python3.9/site-packages/airflow/example_dags/subdags/subdag.py
[2024-10-08 16:45:58,879] {processor.py:653} WARNING - No viable dags retrieved from /home/kennedy/KR/Programação/00.Estudos/DataEng/Alura/airflow-executores/venv/lib/python3.9/site-packages/airflow/example_dags/subdags/subdag.py
[2024-10-08 16:45:59,082] {processor.py:161} INFO - Processing /home/kennedy/KR/Programação/00.Estudos/DataEng/Alura/airflow-executores/venv/lib/python3.9/site-packages/airflow/example_dags/subdags/subdag.py took 0.337 seconds
[2024-10-08 16:47:21,164] {processor.py:153} INFO - Started process (PID=19071) to work on /home/kennedy/KR/Programação/00.Estudos/DataEng/Alura/airflow-executores/venv/lib/python3.9/site-packages/airflow/example_dags/subdags/subdag.py
[2024-10-08 16:47:21,327] {processor.py:641} INFO - Processing file /home/kennedy/KR/Programação/00.Estudos/DataEng/Alura/airflow-executores/venv/lib/python3.9/site-packages/airflow/example_dags/subdags/subdag.py for tasks to queue
[2024-10-08 16:47:21,328] {logging_mixin.py:115} INFO - [2024-10-08 16:47:21,328] {dagbag.py:507} INFO - Filling up the DagBag from /home/kennedy/KR/Programação/00.Estudos/DataEng/Alura/airflow-executores/venv/lib/python3.9/site-packages/airflow/example_dags/subdags/subdag.py
[2024-10-08 16:47:21,331] {processor.py:653} WARNING - No viable dags retrieved from /home/kennedy/KR/Programação/00.Estudos/DataEng/Alura/airflow-executores/venv/lib/python3.9/site-packages/airflow/example_dags/subdags/subdag.py
[2024-10-08 16:47:21,345] {processor.py:161} INFO - Processing /home/kennedy/KR/Programação/00.Estudos/DataEng/Alura/airflow-executores/venv/lib/python3.9/site-packages/airflow/example_dags/subdags/subdag.py took 0.188 seconds
[2024-10-08 16:48:06,420] {processor.py:153} INFO - Started process (PID=19227) to work on /home/kennedy/KR/Programação/00.Estudos/DataEng/Alura/airflow-executores/venv/lib/python3.9/site-packages/airflow/example_dags/subdags/subdag.py
[2024-10-08 16:48:06,447] {processor.py:641} INFO - Processing file /home/kennedy/KR/Programação/00.Estudos/DataEng/Alura/airflow-executores/venv/lib/python3.9/site-packages/airflow/example_dags/subdags/subdag.py for tasks to queue
[2024-10-08 16:48:06,448] {logging_mixin.py:115} INFO - [2024-10-08 16:48:06,448] {dagbag.py:507} INFO - Filling up the DagBag from /home/kennedy/KR/Programação/00.Estudos/DataEng/Alura/airflow-executores/venv/lib/python3.9/site-packages/airflow/example_dags/subdags/subdag.py
[2024-10-08 16:48:06,452] {processor.py:653} WARNING - No viable dags retrieved from /home/kennedy/KR/Programação/00.Estudos/DataEng/Alura/airflow-executores/venv/lib/python3.9/site-packages/airflow/example_dags/subdags/subdag.py
[2024-10-08 16:48:06,474] {processor.py:161} INFO - Processing /home/kennedy/KR/Programação/00.Estudos/DataEng/Alura/airflow-executores/venv/lib/python3.9/site-packages/airflow/example_dags/subdags/subdag.py took 0.057 seconds
[2024-10-08 16:48:38,641] {processor.py:153} INFO - Started process (PID=19255) to work on /home/kennedy/KR/Programação/00.Estudos/DataEng/Alura/airflow-executores/venv/lib/python3.9/site-packages/airflow/example_dags/subdags/subdag.py
[2024-10-08 16:48:38,673] {processor.py:641} INFO - Processing file /home/kennedy/KR/Programação/00.Estudos/DataEng/Alura/airflow-executores/venv/lib/python3.9/site-packages/airflow/example_dags/subdags/subdag.py for tasks to queue
[2024-10-08 16:48:38,674] {logging_mixin.py:115} INFO - [2024-10-08 16:48:38,674] {dagbag.py:507} INFO - Filling up the DagBag from /home/kennedy/KR/Programação/00.Estudos/DataEng/Alura/airflow-executores/venv/lib/python3.9/site-packages/airflow/example_dags/subdags/subdag.py
[2024-10-08 16:48:38,677] {processor.py:653} WARNING - No viable dags retrieved from /home/kennedy/KR/Programação/00.Estudos/DataEng/Alura/airflow-executores/venv/lib/python3.9/site-packages/airflow/example_dags/subdags/subdag.py
[2024-10-08 16:48:38,879] {processor.py:161} INFO - Processing /home/kennedy/KR/Programação/00.Estudos/DataEng/Alura/airflow-executores/venv/lib/python3.9/site-packages/airflow/example_dags/subdags/subdag.py took 0.246 seconds
[2024-10-08 16:49:12,515] {processor.py:153} INFO - Started process (PID=19296) to work on /home/kennedy/KR/Programação/00.Estudos/DataEng/Alura/airflow-executores/venv/lib/python3.9/site-packages/airflow/example_dags/subdags/subdag.py
[2024-10-08 16:49:12,516] {processor.py:641} INFO - Processing file /home/kennedy/KR/Programação/00.Estudos/DataEng/Alura/airflow-executores/venv/lib/python3.9/site-packages/airflow/example_dags/subdags/subdag.py for tasks to queue
[2024-10-08 16:49:12,517] {logging_mixin.py:115} INFO - [2024-10-08 16:49:12,517] {dagbag.py:507} INFO - Filling up the DagBag from /home/kennedy/KR/Programação/00.Estudos/DataEng/Alura/airflow-executores/venv/lib/python3.9/site-packages/airflow/example_dags/subdags/subdag.py
[2024-10-08 16:49:12,519] {processor.py:653} WARNING - No viable dags retrieved from /home/kennedy/KR/Programação/00.Estudos/DataEng/Alura/airflow-executores/venv/lib/python3.9/site-packages/airflow/example_dags/subdags/subdag.py
[2024-10-08 16:49:12,533] {processor.py:161} INFO - Processing /home/kennedy/KR/Programação/00.Estudos/DataEng/Alura/airflow-executores/venv/lib/python3.9/site-packages/airflow/example_dags/subdags/subdag.py took 0.023 seconds
[2024-10-08 16:49:53,419] {processor.py:153} INFO - Started process (PID=19360) to work on /home/kennedy/KR/Programação/00.Estudos/DataEng/Alura/airflow-executores/venv/lib/python3.9/site-packages/airflow/example_dags/subdags/subdag.py
[2024-10-08 16:49:53,516] {processor.py:641} INFO - Processing file /home/kennedy/KR/Programação/00.Estudos/DataEng/Alura/airflow-executores/venv/lib/python3.9/site-packages/airflow/example_dags/subdags/subdag.py for tasks to queue
[2024-10-08 16:49:53,517] {logging_mixin.py:115} INFO - [2024-10-08 16:49:53,517] {dagbag.py:507} INFO - Filling up the DagBag from /home/kennedy/KR/Programação/00.Estudos/DataEng/Alura/airflow-executores/venv/lib/python3.9/site-packages/airflow/example_dags/subdags/subdag.py
[2024-10-08 16:49:53,520] {processor.py:653} WARNING - No viable dags retrieved from /home/kennedy/KR/Programação/00.Estudos/DataEng/Alura/airflow-executores/venv/lib/python3.9/site-packages/airflow/example_dags/subdags/subdag.py
[2024-10-08 16:49:53,542] {processor.py:161} INFO - Processing /home/kennedy/KR/Programação/00.Estudos/DataEng/Alura/airflow-executores/venv/lib/python3.9/site-packages/airflow/example_dags/subdags/subdag.py took 0.129 seconds
[2024-10-08 16:50:24,835] {processor.py:153} INFO - Started process (PID=19669) to work on /home/kennedy/KR/Programação/00.Estudos/DataEng/Alura/airflow-executores/venv/lib/python3.9/site-packages/airflow/example_dags/subdags/subdag.py
[2024-10-08 16:50:24,846] {processor.py:641} INFO - Processing file /home/kennedy/KR/Programação/00.Estudos/DataEng/Alura/airflow-executores/venv/lib/python3.9/site-packages/airflow/example_dags/subdags/subdag.py for tasks to queue
[2024-10-08 16:50:24,846] {logging_mixin.py:115} INFO - [2024-10-08 16:50:24,846] {dagbag.py:507} INFO - Filling up the DagBag from /home/kennedy/KR/Programação/00.Estudos/DataEng/Alura/airflow-executores/venv/lib/python3.9/site-packages/airflow/example_dags/subdags/subdag.py
[2024-10-08 16:50:24,849] {processor.py:653} WARNING - No viable dags retrieved from /home/kennedy/KR/Programação/00.Estudos/DataEng/Alura/airflow-executores/venv/lib/python3.9/site-packages/airflow/example_dags/subdags/subdag.py
[2024-10-08 16:50:24,923] {processor.py:161} INFO - Processing /home/kennedy/KR/Programação/00.Estudos/DataEng/Alura/airflow-executores/venv/lib/python3.9/site-packages/airflow/example_dags/subdags/subdag.py took 0.093 seconds
[2024-10-08 16:59:49,570] {processor.py:153} INFO - Started process (PID=24144) to work on /home/kennedy/KR/Programação/00.Estudos/DataEng/Alura/airflow-executores/venv/lib/python3.9/site-packages/airflow/example_dags/subdags/subdag.py
[2024-10-08 16:59:49,578] {processor.py:641} INFO - Processing file /home/kennedy/KR/Programação/00.Estudos/DataEng/Alura/airflow-executores/venv/lib/python3.9/site-packages/airflow/example_dags/subdags/subdag.py for tasks to queue
[2024-10-08 16:59:49,579] {logging_mixin.py:115} INFO - [2024-10-08 16:59:49,579] {dagbag.py:507} INFO - Filling up the DagBag from /home/kennedy/KR/Programação/00.Estudos/DataEng/Alura/airflow-executores/venv/lib/python3.9/site-packages/airflow/example_dags/subdags/subdag.py
[2024-10-08 16:59:49,580] {processor.py:653} WARNING - No viable dags retrieved from /home/kennedy/KR/Programação/00.Estudos/DataEng/Alura/airflow-executores/venv/lib/python3.9/site-packages/airflow/example_dags/subdags/subdag.py
[2024-10-08 16:59:49,590] {processor.py:161} INFO - Processing /home/kennedy/KR/Programação/00.Estudos/DataEng/Alura/airflow-executores/venv/lib/python3.9/site-packages/airflow/example_dags/subdags/subdag.py took 0.022 seconds
[2024-10-08 17:04:37,364] {processor.py:153} INFO - Started process (PID=27606) to work on /home/kennedy/KR/Programação/00.Estudos/DataEng/Alura/airflow-executores/venv/lib/python3.9/site-packages/airflow/example_dags/subdags/subdag.py
[2024-10-08 17:04:37,375] {processor.py:641} INFO - Processing file /home/kennedy/KR/Programação/00.Estudos/DataEng/Alura/airflow-executores/venv/lib/python3.9/site-packages/airflow/example_dags/subdags/subdag.py for tasks to queue
[2024-10-08 17:04:37,376] {logging_mixin.py:115} INFO - [2024-10-08 17:04:37,376] {dagbag.py:507} INFO - Filling up the DagBag from /home/kennedy/KR/Programação/00.Estudos/DataEng/Alura/airflow-executores/venv/lib/python3.9/site-packages/airflow/example_dags/subdags/subdag.py
[2024-10-08 17:04:37,379] {processor.py:653} WARNING - No viable dags retrieved from /home/kennedy/KR/Programação/00.Estudos/DataEng/Alura/airflow-executores/venv/lib/python3.9/site-packages/airflow/example_dags/subdags/subdag.py
[2024-10-08 17:04:37,401] {processor.py:161} INFO - Processing /home/kennedy/KR/Programação/00.Estudos/DataEng/Alura/airflow-executores/venv/lib/python3.9/site-packages/airflow/example_dags/subdags/subdag.py took 0.039 seconds
[2024-10-08 17:16:00,756] {processor.py:153} INFO - Started process (PID=35107) to work on /home/kennedy/KR/Programação/00.Estudos/DataEng/Alura/airflow-executores/venv/lib/python3.9/site-packages/airflow/example_dags/subdags/subdag.py
[2024-10-08 17:16:00,757] {processor.py:641} INFO - Processing file /home/kennedy/KR/Programação/00.Estudos/DataEng/Alura/airflow-executores/venv/lib/python3.9/site-packages/airflow/example_dags/subdags/subdag.py for tasks to queue
[2024-10-08 17:16:00,758] {logging_mixin.py:115} INFO - [2024-10-08 17:16:00,758] {dagbag.py:507} INFO - Filling up the DagBag from /home/kennedy/KR/Programação/00.Estudos/DataEng/Alura/airflow-executores/venv/lib/python3.9/site-packages/airflow/example_dags/subdags/subdag.py
[2024-10-08 17:16:00,759] {processor.py:653} WARNING - No viable dags retrieved from /home/kennedy/KR/Programação/00.Estudos/DataEng/Alura/airflow-executores/venv/lib/python3.9/site-packages/airflow/example_dags/subdags/subdag.py
[2024-10-08 17:16:00,773] {processor.py:161} INFO - Processing /home/kennedy/KR/Programação/00.Estudos/DataEng/Alura/airflow-executores/venv/lib/python3.9/site-packages/airflow/example_dags/subdags/subdag.py took 0.020 seconds
