[2024-10-08 23:21:57,915] {taskinstance.py:1159} INFO - Dependencies all met for <TaskInstance: get_stocks_dag.GOOG scheduled__2024-10-03T00:00:00+00:00 [queued]>
[2024-10-08 23:21:58,009] {taskinstance.py:1159} INFO - Dependencies all met for <TaskInstance: get_stocks_dag.GOOG scheduled__2024-10-03T00:00:00+00:00 [queued]>
[2024-10-08 23:21:58,009] {taskinstance.py:1356} INFO - 
--------------------------------------------------------------------------------
[2024-10-08 23:21:58,009] {taskinstance.py:1357} INFO - Starting attempt 1 of 1
[2024-10-08 23:21:58,009] {taskinstance.py:1358} INFO - 
--------------------------------------------------------------------------------
[2024-10-08 23:21:58,119] {taskinstance.py:1377} INFO - Executing <Task(_PythonDecoratedOperator): GOOG> on 2024-10-03 00:00:00+00:00
[2024-10-08 23:21:58,150] {standard_task_runner.py:52} INFO - Started process 23186 to run task
[2024-10-08 23:21:58,162] {standard_task_runner.py:79} INFO - Running: ['airflow', 'tasks', 'run', 'get_stocks_dag', 'GOOG', 'scheduled__2024-10-03T00:00:00+00:00', '--job-id', '52', '--raw', '--subdir', 'DAGS_FOLDER/get_stocks.py', '--cfg-path', '/tmp/tmp_9enfe62', '--error-file', '/tmp/tmpafnaczo2']
[2024-10-08 23:21:58,164] {standard_task_runner.py:80} INFO - Job 52: Subtask GOOG
[2024-10-08 23:21:58,620] {task_command.py:370} INFO - Running <TaskInstance: get_stocks_dag.GOOG scheduled__2024-10-03T00:00:00+00:00 [running]> on host ken
[2024-10-08 23:21:59,151] {taskinstance.py:1569} INFO - Exporting the following env vars:
AIRFLOW_CTX_DAG_OWNER=airflow
AIRFLOW_CTX_DAG_ID=get_stocks_dag
AIRFLOW_CTX_TASK_ID=GOOG
AIRFLOW_CTX_EXECUTION_DATE=2024-10-03T00:00:00+00:00
AIRFLOW_CTX_TRY_NUMBER=1
AIRFLOW_CTX_DAG_RUN_ID=scheduled__2024-10-03T00:00:00+00:00
[2024-10-08 23:22:01,031] {python.py:173} INFO - Done. Returned value was: None
[2024-10-08 23:22:01,179] {taskinstance.py:1395} INFO - Marking task as SUCCESS. dag_id=get_stocks_dag, task_id=GOOG, execution_date=20241003T000000, start_date=20241009T022157, end_date=20241009T022201
[2024-10-08 23:22:02,344] {local_task_job.py:156} INFO - Task exited with return code 0
[2024-10-08 23:22:02,605] {local_task_job.py:273} INFO - 0 downstream tasks scheduled from follow-on schedule check
[2024-10-09 01:01:49,830] {taskinstance.py:1159} INFO - Dependencies all met for <TaskInstance: get_stocks_dag.GOOG scheduled__2024-10-03T00:00:00+00:00 [queued]>
[2024-10-09 01:01:49,855] {taskinstance.py:1159} INFO - Dependencies all met for <TaskInstance: get_stocks_dag.GOOG scheduled__2024-10-03T00:00:00+00:00 [queued]>
[2024-10-09 01:01:49,855] {taskinstance.py:1356} INFO - 
--------------------------------------------------------------------------------
[2024-10-09 01:01:49,855] {taskinstance.py:1357} INFO - Starting attempt 1 of 1
[2024-10-09 01:01:49,855] {taskinstance.py:1358} INFO - 
--------------------------------------------------------------------------------
[2024-10-09 01:01:50,839] {taskinstance.py:1377} INFO - Executing <Task(_PythonDecoratedOperator): GOOG> on 2024-10-03 00:00:00+00:00
[2024-10-09 01:01:50,850] {standard_task_runner.py:52} INFO - Started process 43774 to run task
[2024-10-09 01:01:50,856] {standard_task_runner.py:79} INFO - Running: ['airflow', 'tasks', 'run', 'get_stocks_dag', 'GOOG', 'scheduled__2024-10-03T00:00:00+00:00', '--job-id', '119', '--raw', '--subdir', 'DAGS_FOLDER/get_stocks.py', '--cfg-path', '/tmp/tmp6f6trvvi', '--error-file', '/tmp/tmpwkond_dz']
[2024-10-09 01:01:50,857] {standard_task_runner.py:80} INFO - Job 119: Subtask GOOG
[2024-10-09 01:01:50,958] {task_command.py:370} INFO - Running <TaskInstance: get_stocks_dag.GOOG scheduled__2024-10-03T00:00:00+00:00 [running]> on host ken
[2024-10-09 01:01:51,107] {taskinstance.py:1569} INFO - Exporting the following env vars:
AIRFLOW_CTX_DAG_OWNER=airflow
AIRFLOW_CTX_DAG_ID=get_stocks_dag
AIRFLOW_CTX_TASK_ID=GOOG
AIRFLOW_CTX_EXECUTION_DATE=2024-10-03T00:00:00+00:00
AIRFLOW_CTX_TRY_NUMBER=1
AIRFLOW_CTX_DAG_RUN_ID=scheduled__2024-10-03T00:00:00+00:00
[2024-10-09 01:02:01,414] {history.py:244} ERROR - $GOOG: possibly delisted; no price data found  (1h 2024-10-02 -> 2024-10-03)
[2024-10-09 01:02:01,421] {python.py:173} INFO - Done. Returned value was: None
[2024-10-09 01:02:01,467] {taskinstance.py:1395} INFO - Marking task as SUCCESS. dag_id=get_stocks_dag, task_id=GOOG, execution_date=20241003T000000, start_date=20241009T040149, end_date=20241009T040201
[2024-10-09 01:02:01,617] {local_task_job.py:156} INFO - Task exited with return code 0
[2024-10-09 01:02:01,798] {local_task_job.py:273} INFO - 0 downstream tasks scheduled from follow-on schedule check
[2024-10-09 09:35:00,041] {taskinstance.py:1159} INFO - Dependencies all met for <TaskInstance: get_stocks_dag.GOOG scheduled__2024-10-03T00:00:00+00:00 [queued]>
[2024-10-09 09:35:00,063] {taskinstance.py:1159} INFO - Dependencies all met for <TaskInstance: get_stocks_dag.GOOG scheduled__2024-10-03T00:00:00+00:00 [queued]>
[2024-10-09 09:35:00,063] {taskinstance.py:1356} INFO - 
--------------------------------------------------------------------------------
[2024-10-09 09:35:00,063] {taskinstance.py:1357} INFO - Starting attempt 1 of 1
[2024-10-09 09:35:00,063] {taskinstance.py:1358} INFO - 
--------------------------------------------------------------------------------
[2024-10-09 09:35:00,104] {taskinstance.py:1377} INFO - Executing <Task(_PythonDecoratedOperator): GOOG> on 2024-10-03 00:00:00+00:00
[2024-10-09 09:35:00,116] {standard_task_runner.py:52} INFO - Started process 16547 to run task
[2024-10-09 09:35:00,122] {standard_task_runner.py:79} INFO - Running: ['airflow', 'tasks', 'run', 'get_stocks_dag', 'GOOG', 'scheduled__2024-10-03T00:00:00+00:00', '--job-id', '185', '--raw', '--subdir', 'DAGS_FOLDER/get_stocks.py', '--cfg-path', '/tmp/tmp2_mrwlvp', '--error-file', '/tmp/tmp_o4hf0_p']
[2024-10-09 09:35:00,124] {standard_task_runner.py:80} INFO - Job 185: Subtask GOOG
[2024-10-09 09:35:00,453] {task_command.py:370} INFO - Running <TaskInstance: get_stocks_dag.GOOG scheduled__2024-10-03T00:00:00+00:00 [running]> on host ken
[2024-10-09 09:35:00,605] {taskinstance.py:1569} INFO - Exporting the following env vars:
AIRFLOW_CTX_DAG_OWNER=airflow
AIRFLOW_CTX_DAG_ID=get_stocks_dag
AIRFLOW_CTX_TASK_ID=GOOG
AIRFLOW_CTX_EXECUTION_DATE=2024-10-03T00:00:00+00:00
AIRFLOW_CTX_TRY_NUMBER=1
AIRFLOW_CTX_DAG_RUN_ID=scheduled__2024-10-03T00:00:00+00:00
[2024-10-09 09:35:01,138] {python.py:173} INFO - Done. Returned value was: None
[2024-10-09 09:35:01,160] {taskinstance.py:1395} INFO - Marking task as SUCCESS. dag_id=get_stocks_dag, task_id=GOOG, execution_date=20241003T000000, start_date=20241009T123500, end_date=20241009T123501
[2024-10-09 09:35:01,538] {local_task_job.py:156} INFO - Task exited with return code 0
[2024-10-09 09:35:01,807] {local_task_job.py:273} INFO - 0 downstream tasks scheduled from follow-on schedule check
[2024-10-09 09:44:39,426] {taskinstance.py:1159} INFO - Dependencies all met for <TaskInstance: get_stocks_dag.GOOG scheduled__2024-10-03T00:00:00+00:00 [queued]>
[2024-10-09 09:44:39,635] {taskinstance.py:1159} INFO - Dependencies all met for <TaskInstance: get_stocks_dag.GOOG scheduled__2024-10-03T00:00:00+00:00 [queued]>
[2024-10-09 09:44:39,635] {taskinstance.py:1356} INFO - 
--------------------------------------------------------------------------------
[2024-10-09 09:44:39,635] {taskinstance.py:1357} INFO - Starting attempt 1 of 1
[2024-10-09 09:44:39,635] {taskinstance.py:1358} INFO - 
--------------------------------------------------------------------------------
[2024-10-09 09:44:39,725] {taskinstance.py:1377} INFO - Executing <Task(_PythonDecoratedOperator): GOOG> on 2024-10-03 00:00:00+00:00
[2024-10-09 09:44:39,736] {standard_task_runner.py:52} INFO - Started process 24584 to run task
[2024-10-09 09:44:39,743] {standard_task_runner.py:79} INFO - Running: ['airflow', 'tasks', 'run', 'get_stocks_dag', 'GOOG', 'scheduled__2024-10-03T00:00:00+00:00', '--job-id', '248', '--raw', '--subdir', 'DAGS_FOLDER/get_stocks.py', '--cfg-path', '/tmp/tmpox6_p9wy', '--error-file', '/tmp/tmpb5ie1pfb']
[2024-10-09 09:44:39,746] {standard_task_runner.py:80} INFO - Job 248: Subtask GOOG
[2024-10-09 09:44:40,030] {task_command.py:370} INFO - Running <TaskInstance: get_stocks_dag.GOOG scheduled__2024-10-03T00:00:00+00:00 [running]> on host ken
[2024-10-09 09:44:40,163] {taskinstance.py:1569} INFO - Exporting the following env vars:
AIRFLOW_CTX_DAG_OWNER=airflow
AIRFLOW_CTX_DAG_ID=get_stocks_dag
AIRFLOW_CTX_TASK_ID=GOOG
AIRFLOW_CTX_EXECUTION_DATE=2024-10-03T00:00:00+00:00
AIRFLOW_CTX_TRY_NUMBER=1
AIRFLOW_CTX_DAG_RUN_ID=scheduled__2024-10-03T00:00:00+00:00
[2024-10-09 09:44:40,739] {python.py:173} INFO - Done. Returned value was: None
[2024-10-09 09:44:40,758] {taskinstance.py:1395} INFO - Marking task as SUCCESS. dag_id=get_stocks_dag, task_id=GOOG, execution_date=20241003T000000, start_date=20241009T124439, end_date=20241009T124440
[2024-10-09 09:44:41,000] {local_task_job.py:156} INFO - Task exited with return code 0
[2024-10-09 09:44:41,384] {local_task_job.py:273} INFO - 0 downstream tasks scheduled from follow-on schedule check
[2024-10-09 09:48:43,239] {taskinstance.py:1159} INFO - Dependencies all met for <TaskInstance: get_stocks_dag.GOOG scheduled__2024-10-03T00:00:00+00:00 [queued]>
[2024-10-09 09:48:43,263] {taskinstance.py:1159} INFO - Dependencies all met for <TaskInstance: get_stocks_dag.GOOG scheduled__2024-10-03T00:00:00+00:00 [queued]>
[2024-10-09 09:48:43,263] {taskinstance.py:1356} INFO - 
--------------------------------------------------------------------------------
[2024-10-09 09:48:43,263] {taskinstance.py:1357} INFO - Starting attempt 1 of 1
[2024-10-09 09:48:43,263] {taskinstance.py:1358} INFO - 
--------------------------------------------------------------------------------
[2024-10-09 09:48:43,293] {taskinstance.py:1377} INFO - Executing <Task(_PythonDecoratedOperator): GOOG> on 2024-10-03 00:00:00+00:00
[2024-10-09 09:48:43,298] {standard_task_runner.py:52} INFO - Started process 31126 to run task
[2024-10-09 09:48:43,301] {standard_task_runner.py:79} INFO - Running: ['airflow', 'tasks', 'run', 'get_stocks_dag', 'GOOG', 'scheduled__2024-10-03T00:00:00+00:00', '--job-id', '312', '--raw', '--subdir', 'DAGS_FOLDER/get_stocks.py', '--cfg-path', '/tmp/tmpjo6m8812', '--error-file', '/tmp/tmpxqb7g3wu']
[2024-10-09 09:48:43,302] {standard_task_runner.py:80} INFO - Job 312: Subtask GOOG
[2024-10-09 09:48:43,557] {task_command.py:370} INFO - Running <TaskInstance: get_stocks_dag.GOOG scheduled__2024-10-03T00:00:00+00:00 [running]> on host ken
[2024-10-09 09:48:43,695] {taskinstance.py:1569} INFO - Exporting the following env vars:
AIRFLOW_CTX_DAG_OWNER=airflow
AIRFLOW_CTX_DAG_ID=get_stocks_dag
AIRFLOW_CTX_TASK_ID=GOOG
AIRFLOW_CTX_EXECUTION_DATE=2024-10-03T00:00:00+00:00
AIRFLOW_CTX_TRY_NUMBER=1
AIRFLOW_CTX_DAG_RUN_ID=scheduled__2024-10-03T00:00:00+00:00
[2024-10-09 09:48:44,293] {python.py:173} INFO - Done. Returned value was: None
[2024-10-09 09:48:44,314] {taskinstance.py:1395} INFO - Marking task as SUCCESS. dag_id=get_stocks_dag, task_id=GOOG, execution_date=20241003T000000, start_date=20241009T124843, end_date=20241009T124844
[2024-10-09 09:48:44,396] {local_task_job.py:156} INFO - Task exited with return code 0
[2024-10-09 09:48:44,644] {local_task_job.py:273} INFO - 0 downstream tasks scheduled from follow-on schedule check
[2024-10-09 10:44:21,760] {taskinstance.py:1159} INFO - Dependencies all met for <TaskInstance: get_stocks_dag.GOOG scheduled__2024-10-03T00:00:00+00:00 [queued]>
[2024-10-09 10:44:21,780] {taskinstance.py:1159} INFO - Dependencies all met for <TaskInstance: get_stocks_dag.GOOG scheduled__2024-10-03T00:00:00+00:00 [queued]>
[2024-10-09 10:44:21,780] {taskinstance.py:1356} INFO - 
--------------------------------------------------------------------------------
[2024-10-09 10:44:21,780] {taskinstance.py:1357} INFO - Starting attempt 1 of 1
[2024-10-09 10:44:21,780] {taskinstance.py:1358} INFO - 
--------------------------------------------------------------------------------
[2024-10-09 10:44:21,813] {taskinstance.py:1377} INFO - Executing <Task(_PythonDecoratedOperator): GOOG> on 2024-10-03 00:00:00+00:00
[2024-10-09 10:44:21,821] {standard_task_runner.py:52} INFO - Started process 73118 to run task
[2024-10-09 10:44:21,826] {standard_task_runner.py:79} INFO - Running: ['airflow', 'tasks', 'run', 'get_stocks_dag', 'GOOG', 'scheduled__2024-10-03T00:00:00+00:00', '--job-id', '469', '--raw', '--subdir', 'DAGS_FOLDER/get_stocks.py', '--cfg-path', '/tmp/tmpaa0mm2qf', '--error-file', '/tmp/tmpjrl54qab']
[2024-10-09 10:44:21,827] {standard_task_runner.py:80} INFO - Job 469: Subtask GOOG
[2024-10-09 10:44:22,093] {task_command.py:370} INFO - Running <TaskInstance: get_stocks_dag.GOOG scheduled__2024-10-03T00:00:00+00:00 [running]> on host ken
[2024-10-09 10:44:22,231] {taskinstance.py:1569} INFO - Exporting the following env vars:
AIRFLOW_CTX_DAG_OWNER=airflow
AIRFLOW_CTX_DAG_ID=get_stocks_dag
AIRFLOW_CTX_TASK_ID=GOOG
AIRFLOW_CTX_EXECUTION_DATE=2024-10-03T00:00:00+00:00
AIRFLOW_CTX_TRY_NUMBER=1
AIRFLOW_CTX_DAG_RUN_ID=scheduled__2024-10-03T00:00:00+00:00
[2024-10-09 10:44:32,830] {python.py:173} INFO - Done. Returned value was: None
[2024-10-09 10:44:32,857] {taskinstance.py:1395} INFO - Marking task as SUCCESS. dag_id=get_stocks_dag, task_id=GOOG, execution_date=20241003T000000, start_date=20241009T134421, end_date=20241009T134432
[2024-10-09 10:44:32,939] {local_task_job.py:156} INFO - Task exited with return code 0
[2024-10-09 10:44:33,238] {local_task_job.py:273} INFO - 0 downstream tasks scheduled from follow-on schedule check
