[2024-10-08 17:05:54,549] {taskinstance.py:1159} INFO - Dependencies all met for <TaskInstance: get_stocks_dag.TSLA scheduled__2022-01-22T00:00:00+00:00 [queued]>
[2024-10-08 17:05:54,555] {taskinstance.py:1159} INFO - Dependencies all met for <TaskInstance: get_stocks_dag.TSLA scheduled__2022-01-22T00:00:00+00:00 [queued]>
[2024-10-08 17:05:54,555] {taskinstance.py:1356} INFO - 
--------------------------------------------------------------------------------
[2024-10-08 17:05:54,555] {taskinstance.py:1357} INFO - Starting attempt 1 of 1
[2024-10-08 17:05:54,555] {taskinstance.py:1358} INFO - 
--------------------------------------------------------------------------------
[2024-10-08 17:05:54,636] {taskinstance.py:1377} INFO - Executing <Task(_PythonDecoratedOperator): TSLA> on 2022-01-22 00:00:00+00:00
[2024-10-08 17:05:54,646] {standard_task_runner.py:52} INFO - Started process 28532 to run task
[2024-10-08 17:05:54,653] {standard_task_runner.py:79} INFO - Running: ['airflow', 'tasks', 'run', 'get_stocks_dag', 'TSLA', 'scheduled__2022-01-22T00:00:00+00:00', '--job-id', '86', '--raw', '--subdir', 'DAGS_FOLDER/get_stocks.py', '--cfg-path', '/tmp/tmpr1ykzmd1', '--error-file', '/tmp/tmpks3rhvbb']
[2024-10-08 17:05:54,654] {standard_task_runner.py:80} INFO - Job 86: Subtask TSLA
[2024-10-08 17:05:54,776] {task_command.py:370} INFO - Running <TaskInstance: get_stocks_dag.TSLA scheduled__2022-01-22T00:00:00+00:00 [running]> on host ken
[2024-10-08 17:05:54,987] {taskinstance.py:1569} INFO - Exporting the following env vars:
AIRFLOW_CTX_DAG_OWNER=airflow
AIRFLOW_CTX_DAG_ID=get_stocks_dag
AIRFLOW_CTX_TASK_ID=TSLA
AIRFLOW_CTX_EXECUTION_DATE=2022-01-22T00:00:00+00:00
AIRFLOW_CTX_TRY_NUMBER=1
AIRFLOW_CTX_DAG_RUN_ID=scheduled__2022-01-22T00:00:00+00:00
[2024-10-08 17:05:58,587] {history.py:244} ERROR - $TSLA: possibly delisted; no price data found  (1h 2022-01-21 -> 2022-01-22) (Yahoo error = "1h data not available for startTime=1642741200 and endTime=1642827600. The requested range must be within the last 730 days.")
[2024-10-08 17:05:58,594] {python.py:173} INFO - Done. Returned value was: None
[2024-10-08 17:05:58,608] {taskinstance.py:1395} INFO - Marking task as SUCCESS. dag_id=get_stocks_dag, task_id=TSLA, execution_date=20220122T000000, start_date=20241008T200554, end_date=20241008T200558
[2024-10-08 17:05:59,904] {local_task_job.py:156} INFO - Task exited with return code 0
[2024-10-08 17:05:59,921] {local_task_job.py:273} INFO - 0 downstream tasks scheduled from follow-on schedule check
