[2024-10-08 17:16:21,918] {taskinstance.py:1159} INFO - Dependencies all met for <TaskInstance: get_stocks_dag.GOOG scheduled__2024-09-19T00:00:00+00:00 [queued]>
[2024-10-08 17:16:21,928] {taskinstance.py:1159} INFO - Dependencies all met for <TaskInstance: get_stocks_dag.GOOG scheduled__2024-09-19T00:00:00+00:00 [queued]>
[2024-10-08 17:16:21,928] {taskinstance.py:1356} INFO - 
--------------------------------------------------------------------------------
[2024-10-08 17:16:21,928] {taskinstance.py:1357} INFO - Starting attempt 1 of 1
[2024-10-08 17:16:21,928] {taskinstance.py:1358} INFO - 
--------------------------------------------------------------------------------
[2024-10-08 17:16:22,036] {taskinstance.py:1377} INFO - Executing <Task(_PythonDecoratedOperator): GOOG> on 2024-09-19 00:00:00+00:00
[2024-10-08 17:16:22,043] {standard_task_runner.py:52} INFO - Started process 35351 to run task
[2024-10-08 17:16:22,048] {standard_task_runner.py:79} INFO - Running: ['airflow', 'tasks', 'run', 'get_stocks_dag', 'GOOG', 'scheduled__2024-09-19T00:00:00+00:00', '--job-id', '148', '--raw', '--subdir', 'DAGS_FOLDER/get_stocks.py', '--cfg-path', '/tmp/tmp56ejgvy5', '--error-file', '/tmp/tmpal03x5hn']
[2024-10-08 17:16:22,050] {standard_task_runner.py:80} INFO - Job 148: Subtask GOOG
[2024-10-08 17:16:22,256] {task_command.py:370} INFO - Running <TaskInstance: get_stocks_dag.GOOG scheduled__2024-09-19T00:00:00+00:00 [running]> on host ken
[2024-10-08 17:16:22,647] {taskinstance.py:1569} INFO - Exporting the following env vars:
AIRFLOW_CTX_DAG_OWNER=airflow
AIRFLOW_CTX_DAG_ID=get_stocks_dag
AIRFLOW_CTX_TASK_ID=GOOG
AIRFLOW_CTX_EXECUTION_DATE=2024-09-19T00:00:00+00:00
AIRFLOW_CTX_TRY_NUMBER=1
AIRFLOW_CTX_DAG_RUN_ID=scheduled__2024-09-19T00:00:00+00:00
[2024-10-08 17:16:23,076] {python.py:173} INFO - Done. Returned value was: None
[2024-10-08 17:16:23,081] {taskinstance.py:1395} INFO - Marking task as SUCCESS. dag_id=get_stocks_dag, task_id=GOOG, execution_date=20240919T000000, start_date=20241008T201621, end_date=20241008T201623
[2024-10-08 17:16:23,786] {local_task_job.py:156} INFO - Task exited with return code 0
[2024-10-08 17:16:23,802] {local_task_job.py:273} INFO - 0 downstream tasks scheduled from follow-on schedule check
[2024-10-08 23:21:29,369] {taskinstance.py:1159} INFO - Dependencies all met for <TaskInstance: get_stocks_dag.GOOG scheduled__2024-09-19T00:00:00+00:00 [queued]>
[2024-10-08 23:21:29,452] {taskinstance.py:1159} INFO - Dependencies all met for <TaskInstance: get_stocks_dag.GOOG scheduled__2024-09-19T00:00:00+00:00 [queued]>
[2024-10-08 23:21:29,453] {taskinstance.py:1356} INFO - 
--------------------------------------------------------------------------------
[2024-10-08 23:21:29,453] {taskinstance.py:1357} INFO - Starting attempt 1 of 1
[2024-10-08 23:21:29,453] {taskinstance.py:1358} INFO - 
--------------------------------------------------------------------------------
[2024-10-08 23:21:29,611] {taskinstance.py:1377} INFO - Executing <Task(_PythonDecoratedOperator): GOOG> on 2024-09-19 00:00:00+00:00
[2024-10-08 23:21:29,623] {standard_task_runner.py:52} INFO - Started process 21156 to run task
[2024-10-08 23:21:29,637] {standard_task_runner.py:79} INFO - Running: ['airflow', 'tasks', 'run', 'get_stocks_dag', 'GOOG', 'scheduled__2024-09-19T00:00:00+00:00', '--job-id', '16', '--raw', '--subdir', 'DAGS_FOLDER/get_stocks.py', '--cfg-path', '/tmp/tmp4sr5ea0f', '--error-file', '/tmp/tmpvr82j3vb']
[2024-10-08 23:21:29,639] {standard_task_runner.py:80} INFO - Job 16: Subtask GOOG
[2024-10-08 23:21:29,852] {task_command.py:370} INFO - Running <TaskInstance: get_stocks_dag.GOOG scheduled__2024-09-19T00:00:00+00:00 [running]> on host ken
[2024-10-08 23:21:30,226] {taskinstance.py:1569} INFO - Exporting the following env vars:
AIRFLOW_CTX_DAG_OWNER=airflow
AIRFLOW_CTX_DAG_ID=get_stocks_dag
AIRFLOW_CTX_TASK_ID=GOOG
AIRFLOW_CTX_EXECUTION_DATE=2024-09-19T00:00:00+00:00
AIRFLOW_CTX_TRY_NUMBER=1
AIRFLOW_CTX_DAG_RUN_ID=scheduled__2024-09-19T00:00:00+00:00
[2024-10-08 23:21:31,600] {python.py:173} INFO - Done. Returned value was: None
[2024-10-08 23:21:31,672] {taskinstance.py:1395} INFO - Marking task as SUCCESS. dag_id=get_stocks_dag, task_id=GOOG, execution_date=20240919T000000, start_date=20241009T022129, end_date=20241009T022131
[2024-10-08 23:21:31,790] {local_task_job.py:156} INFO - Task exited with return code 0
[2024-10-08 23:21:31,987] {local_task_job.py:273} INFO - 0 downstream tasks scheduled from follow-on schedule check
[2024-10-09 00:59:03,277] {taskinstance.py:1159} INFO - Dependencies all met for <TaskInstance: get_stocks_dag.GOOG scheduled__2024-09-19T00:00:00+00:00 [queued]>
[2024-10-09 00:59:03,316] {taskinstance.py:1159} INFO - Dependencies all met for <TaskInstance: get_stocks_dag.GOOG scheduled__2024-09-19T00:00:00+00:00 [queued]>
[2024-10-09 00:59:03,317] {taskinstance.py:1356} INFO - 
--------------------------------------------------------------------------------
[2024-10-09 00:59:03,317] {taskinstance.py:1357} INFO - Starting attempt 1 of 1
[2024-10-09 00:59:03,317] {taskinstance.py:1358} INFO - 
--------------------------------------------------------------------------------
[2024-10-09 00:59:03,524] {taskinstance.py:1377} INFO - Executing <Task(_PythonDecoratedOperator): GOOG> on 2024-09-19 00:00:00+00:00
[2024-10-09 00:59:03,539] {standard_task_runner.py:52} INFO - Started process 36420 to run task
[2024-10-09 00:59:03,550] {standard_task_runner.py:79} INFO - Running: ['airflow', 'tasks', 'run', 'get_stocks_dag', 'GOOG', 'scheduled__2024-09-19T00:00:00+00:00', '--job-id', '78', '--raw', '--subdir', 'DAGS_FOLDER/get_stocks.py', '--cfg-path', '/tmp/tmpxbzwe2pr', '--error-file', '/tmp/tmpm159jryk']
[2024-10-09 00:59:03,553] {standard_task_runner.py:80} INFO - Job 78: Subtask GOOG
[2024-10-09 00:59:03,827] {task_command.py:370} INFO - Running <TaskInstance: get_stocks_dag.GOOG scheduled__2024-09-19T00:00:00+00:00 [running]> on host ken
[2024-10-09 00:59:03,964] {taskinstance.py:1569} INFO - Exporting the following env vars:
AIRFLOW_CTX_DAG_OWNER=airflow
AIRFLOW_CTX_DAG_ID=get_stocks_dag
AIRFLOW_CTX_TASK_ID=GOOG
AIRFLOW_CTX_EXECUTION_DATE=2024-09-19T00:00:00+00:00
AIRFLOW_CTX_TRY_NUMBER=1
AIRFLOW_CTX_DAG_RUN_ID=scheduled__2024-09-19T00:00:00+00:00
[2024-10-09 00:59:18,013] {history.py:244} ERROR - $GOOG: possibly delisted; no price data found  (1h 2024-09-18 -> 2024-09-19)
[2024-10-09 00:59:18,020] {python.py:173} INFO - Done. Returned value was: None
[2024-10-09 00:59:18,048] {taskinstance.py:1395} INFO - Marking task as SUCCESS. dag_id=get_stocks_dag, task_id=GOOG, execution_date=20240919T000000, start_date=20241009T035903, end_date=20241009T035918
[2024-10-09 00:59:18,117] {local_task_job.py:156} INFO - Task exited with return code 0
[2024-10-09 00:59:18,195] {local_task_job.py:273} INFO - 0 downstream tasks scheduled from follow-on schedule check
[2024-10-09 09:33:32,426] {taskinstance.py:1159} INFO - Dependencies all met for <TaskInstance: get_stocks_dag.GOOG scheduled__2024-09-19T00:00:00+00:00 [queued]>
[2024-10-09 09:33:32,455] {taskinstance.py:1159} INFO - Dependencies all met for <TaskInstance: get_stocks_dag.GOOG scheduled__2024-09-19T00:00:00+00:00 [queued]>
[2024-10-09 09:33:32,455] {taskinstance.py:1356} INFO - 
--------------------------------------------------------------------------------
[2024-10-09 09:33:32,456] {taskinstance.py:1357} INFO - Starting attempt 1 of 1
[2024-10-09 09:33:32,456] {taskinstance.py:1358} INFO - 
--------------------------------------------------------------------------------
[2024-10-09 09:33:32,509] {taskinstance.py:1377} INFO - Executing <Task(_PythonDecoratedOperator): GOOG> on 2024-09-19 00:00:00+00:00
[2024-10-09 09:33:32,526] {standard_task_runner.py:52} INFO - Started process 13422 to run task
[2024-10-09 09:33:32,537] {standard_task_runner.py:79} INFO - Running: ['airflow', 'tasks', 'run', 'get_stocks_dag', 'GOOG', 'scheduled__2024-09-19T00:00:00+00:00', '--job-id', '144', '--raw', '--subdir', 'DAGS_FOLDER/get_stocks.py', '--cfg-path', '/tmp/tmp41nu_sg6', '--error-file', '/tmp/tmpyuuexo9v']
[2024-10-09 09:33:32,540] {standard_task_runner.py:80} INFO - Job 144: Subtask GOOG
[2024-10-09 09:33:32,895] {task_command.py:370} INFO - Running <TaskInstance: get_stocks_dag.GOOG scheduled__2024-09-19T00:00:00+00:00 [running]> on host ken
[2024-10-09 09:33:33,051] {taskinstance.py:1569} INFO - Exporting the following env vars:
AIRFLOW_CTX_DAG_OWNER=airflow
AIRFLOW_CTX_DAG_ID=get_stocks_dag
AIRFLOW_CTX_TASK_ID=GOOG
AIRFLOW_CTX_EXECUTION_DATE=2024-09-19T00:00:00+00:00
AIRFLOW_CTX_TRY_NUMBER=1
AIRFLOW_CTX_DAG_RUN_ID=scheduled__2024-09-19T00:00:00+00:00
[2024-10-09 09:33:33,863] {python.py:173} INFO - Done. Returned value was: None
[2024-10-09 09:33:35,229] {taskinstance.py:1395} INFO - Marking task as SUCCESS. dag_id=get_stocks_dag, task_id=GOOG, execution_date=20240919T000000, start_date=20241009T123332, end_date=20241009T123335
[2024-10-09 09:33:35,359] {local_task_job.py:156} INFO - Task exited with return code 0
[2024-10-09 09:33:35,930] {local_task_job.py:273} INFO - 0 downstream tasks scheduled from follow-on schedule check
[2024-10-09 09:42:47,126] {taskinstance.py:1159} INFO - Dependencies all met for <TaskInstance: get_stocks_dag.GOOG scheduled__2024-09-19T00:00:00+00:00 [queued]>
[2024-10-09 09:42:47,146] {taskinstance.py:1159} INFO - Dependencies all met for <TaskInstance: get_stocks_dag.GOOG scheduled__2024-09-19T00:00:00+00:00 [queued]>
[2024-10-09 09:42:47,146] {taskinstance.py:1356} INFO - 
--------------------------------------------------------------------------------
[2024-10-09 09:42:47,146] {taskinstance.py:1357} INFO - Starting attempt 1 of 1
[2024-10-09 09:42:47,147] {taskinstance.py:1358} INFO - 
--------------------------------------------------------------------------------
[2024-10-09 09:42:47,185] {taskinstance.py:1377} INFO - Executing <Task(_PythonDecoratedOperator): GOOG> on 2024-09-19 00:00:00+00:00
[2024-10-09 09:42:47,196] {standard_task_runner.py:52} INFO - Started process 20715 to run task
[2024-10-09 09:42:47,203] {standard_task_runner.py:79} INFO - Running: ['airflow', 'tasks', 'run', 'get_stocks_dag', 'GOOG', 'scheduled__2024-09-19T00:00:00+00:00', '--job-id', '208', '--raw', '--subdir', 'DAGS_FOLDER/get_stocks.py', '--cfg-path', '/tmp/tmp9k18292u', '--error-file', '/tmp/tmp921080ak']
[2024-10-09 09:42:47,204] {standard_task_runner.py:80} INFO - Job 208: Subtask GOOG
[2024-10-09 09:42:47,526] {task_command.py:370} INFO - Running <TaskInstance: get_stocks_dag.GOOG scheduled__2024-09-19T00:00:00+00:00 [running]> on host ken
[2024-10-09 09:42:47,712] {taskinstance.py:1569} INFO - Exporting the following env vars:
AIRFLOW_CTX_DAG_OWNER=airflow
AIRFLOW_CTX_DAG_ID=get_stocks_dag
AIRFLOW_CTX_TASK_ID=GOOG
AIRFLOW_CTX_EXECUTION_DATE=2024-09-19T00:00:00+00:00
AIRFLOW_CTX_TRY_NUMBER=1
AIRFLOW_CTX_DAG_RUN_ID=scheduled__2024-09-19T00:00:00+00:00
[2024-10-09 09:42:48,859] {python.py:173} INFO - Done. Returned value was: None
[2024-10-09 09:42:49,116] {taskinstance.py:1395} INFO - Marking task as SUCCESS. dag_id=get_stocks_dag, task_id=GOOG, execution_date=20240919T000000, start_date=20241009T124247, end_date=20241009T124249
[2024-10-09 09:42:49,223] {local_task_job.py:156} INFO - Task exited with return code 0
[2024-10-09 09:42:49,720] {local_task_job.py:273} INFO - 0 downstream tasks scheduled from follow-on schedule check
[2024-10-09 09:46:51,429] {taskinstance.py:1159} INFO - Dependencies all met for <TaskInstance: get_stocks_dag.GOOG scheduled__2024-09-19T00:00:00+00:00 [queued]>
[2024-10-09 09:46:51,446] {taskinstance.py:1159} INFO - Dependencies all met for <TaskInstance: get_stocks_dag.GOOG scheduled__2024-09-19T00:00:00+00:00 [queued]>
[2024-10-09 09:46:51,447] {taskinstance.py:1356} INFO - 
--------------------------------------------------------------------------------
[2024-10-09 09:46:51,447] {taskinstance.py:1357} INFO - Starting attempt 1 of 1
[2024-10-09 09:46:51,447] {taskinstance.py:1358} INFO - 
--------------------------------------------------------------------------------
[2024-10-09 09:46:51,487] {taskinstance.py:1377} INFO - Executing <Task(_PythonDecoratedOperator): GOOG> on 2024-09-19 00:00:00+00:00
[2024-10-09 09:46:51,496] {standard_task_runner.py:52} INFO - Started process 26912 to run task
[2024-10-09 09:46:51,500] {standard_task_runner.py:79} INFO - Running: ['airflow', 'tasks', 'run', 'get_stocks_dag', 'GOOG', 'scheduled__2024-09-19T00:00:00+00:00', '--job-id', '272', '--raw', '--subdir', 'DAGS_FOLDER/get_stocks.py', '--cfg-path', '/tmp/tmpzbameelr', '--error-file', '/tmp/tmpgfxktm6i']
[2024-10-09 09:46:51,502] {standard_task_runner.py:80} INFO - Job 272: Subtask GOOG
[2024-10-09 09:46:51,777] {task_command.py:370} INFO - Running <TaskInstance: get_stocks_dag.GOOG scheduled__2024-09-19T00:00:00+00:00 [running]> on host ken
[2024-10-09 09:46:51,911] {taskinstance.py:1569} INFO - Exporting the following env vars:
AIRFLOW_CTX_DAG_OWNER=airflow
AIRFLOW_CTX_DAG_ID=get_stocks_dag
AIRFLOW_CTX_TASK_ID=GOOG
AIRFLOW_CTX_EXECUTION_DATE=2024-09-19T00:00:00+00:00
AIRFLOW_CTX_TRY_NUMBER=1
AIRFLOW_CTX_DAG_RUN_ID=scheduled__2024-09-19T00:00:00+00:00
[2024-10-09 09:46:53,551] {python.py:173} INFO - Done. Returned value was: None
[2024-10-09 09:46:53,578] {taskinstance.py:1395} INFO - Marking task as SUCCESS. dag_id=get_stocks_dag, task_id=GOOG, execution_date=20240919T000000, start_date=20241009T124651, end_date=20241009T124653
[2024-10-09 09:46:53,683] {local_task_job.py:156} INFO - Task exited with return code 0
[2024-10-09 09:46:54,240] {local_task_job.py:273} INFO - 0 downstream tasks scheduled from follow-on schedule check
[2024-10-09 10:32:34,933] {taskinstance.py:1159} INFO - Dependencies all met for <TaskInstance: get_stocks_dag.GOOG scheduled__2024-09-19T00:00:00+00:00 [queued]>
[2024-10-09 10:32:34,956] {taskinstance.py:1159} INFO - Dependencies all met for <TaskInstance: get_stocks_dag.GOOG scheduled__2024-09-19T00:00:00+00:00 [queued]>
[2024-10-09 10:32:34,957] {taskinstance.py:1356} INFO - 
--------------------------------------------------------------------------------
[2024-10-09 10:32:34,957] {taskinstance.py:1357} INFO - Starting attempt 1 of 1
[2024-10-09 10:32:34,957] {taskinstance.py:1358} INFO - 
--------------------------------------------------------------------------------
[2024-10-09 10:32:36,279] {taskinstance.py:1377} INFO - Executing <Task(_PythonDecoratedOperator): GOOG> on 2024-09-19 00:00:00+00:00
[2024-10-09 10:32:36,290] {standard_task_runner.py:52} INFO - Started process 56454 to run task
[2024-10-09 10:32:36,294] {standard_task_runner.py:79} INFO - Running: ['airflow', 'tasks', 'run', 'get_stocks_dag', 'GOOG', 'scheduled__2024-09-19T00:00:00+00:00', '--job-id', '376', '--raw', '--subdir', 'DAGS_FOLDER/get_stocks.py', '--cfg-path', '/tmp/tmpp_vlxdo0', '--error-file', '/tmp/tmpfy37vvhw']
[2024-10-09 10:32:36,295] {standard_task_runner.py:80} INFO - Job 376: Subtask GOOG
[2024-10-09 10:32:36,542] {task_command.py:370} INFO - Running <TaskInstance: get_stocks_dag.GOOG scheduled__2024-09-19T00:00:00+00:00 [running]> on host ken
[2024-10-09 10:32:37,876] {taskinstance.py:1569} INFO - Exporting the following env vars:
AIRFLOW_CTX_DAG_OWNER=airflow
AIRFLOW_CTX_DAG_ID=get_stocks_dag
AIRFLOW_CTX_TASK_ID=GOOG
AIRFLOW_CTX_EXECUTION_DATE=2024-09-19T00:00:00+00:00
AIRFLOW_CTX_TRY_NUMBER=1
AIRFLOW_CTX_DAG_RUN_ID=scheduled__2024-09-19T00:00:00+00:00
[2024-10-09 10:32:49,027] {python.py:173} INFO - Done. Returned value was: None
[2024-10-09 10:32:49,079] {taskinstance.py:1395} INFO - Marking task as SUCCESS. dag_id=get_stocks_dag, task_id=GOOG, execution_date=20240919T000000, start_date=20241009T133234, end_date=20241009T133249
[2024-10-09 10:32:50,346] {local_task_job.py:156} INFO - Task exited with return code 0
[2024-10-09 10:32:50,746] {local_task_job.py:273} INFO - 0 downstream tasks scheduled from follow-on schedule check
