[2024-10-09 10:41:45,910] {taskinstance.py:1159} INFO - Dependencies all met for <TaskInstance: get_crypto_dag.AVAX scheduled__2024-09-30T00:00:00+00:00 [queued]>
[2024-10-09 10:41:45,918] {taskinstance.py:1159} INFO - Dependencies all met for <TaskInstance: get_crypto_dag.AVAX scheduled__2024-09-30T00:00:00+00:00 [queued]>
[2024-10-09 10:41:45,918] {taskinstance.py:1356} INFO - 
--------------------------------------------------------------------------------
[2024-10-09 10:41:45,918] {taskinstance.py:1357} INFO - Starting attempt 1 of 1
[2024-10-09 10:41:45,918] {taskinstance.py:1358} INFO - 
--------------------------------------------------------------------------------
[2024-10-09 10:41:45,974] {taskinstance.py:1377} INFO - Executing <Task(_PythonDecoratedOperator): AVAX> on 2024-09-30 00:00:00+00:00
[2024-10-09 10:41:45,980] {standard_task_runner.py:52} INFO - Started process 69128 to run task
[2024-10-09 10:41:45,983] {standard_task_runner.py:79} INFO - Running: ['airflow', 'tasks', 'run', 'get_crypto_dag', 'AVAX', 'scheduled__2024-09-30T00:00:00+00:00', '--job-id', '450', '--raw', '--subdir', 'DAGS_FOLDER/get_crypto.py', '--cfg-path', '/tmp/tmpv0lelyaz', '--error-file', '/tmp/tmpnwh5qd6l']
[2024-10-09 10:41:45,984] {standard_task_runner.py:80} INFO - Job 450: Subtask AVAX
[2024-10-09 10:41:46,590] {task_command.py:370} INFO - Running <TaskInstance: get_crypto_dag.AVAX scheduled__2024-09-30T00:00:00+00:00 [running]> on host ken
[2024-10-09 10:41:47,478] {taskinstance.py:1569} INFO - Exporting the following env vars:
AIRFLOW_CTX_DAG_OWNER=airflow
AIRFLOW_CTX_DAG_ID=get_crypto_dag
AIRFLOW_CTX_TASK_ID=AVAX
AIRFLOW_CTX_EXECUTION_DATE=2024-09-30T00:00:00+00:00
AIRFLOW_CTX_TRY_NUMBER=1
AIRFLOW_CTX_DAG_RUN_ID=scheduled__2024-09-30T00:00:00+00:00
[2024-10-09 10:41:51,295] {history.py:122} ERROR - $AVAX: possibly delisted; no timezone found
[2024-10-09 10:42:01,307] {python.py:173} INFO - Done. Returned value was: None
[2024-10-09 10:42:01,344] {taskinstance.py:1395} INFO - Marking task as SUCCESS. dag_id=get_crypto_dag, task_id=AVAX, execution_date=20240930T000000, start_date=20241009T134145, end_date=20241009T134201
[2024-10-09 10:42:01,418] {local_task_job.py:156} INFO - Task exited with return code 0
[2024-10-09 10:42:01,487] {local_task_job.py:273} INFO - 0 downstream tasks scheduled from follow-on schedule check
