[2024-10-08 23:22:02,813] {taskinstance.py:1159} INFO - Dependencies all met for <TaskInstance: get_stocks_dag.GOOG scheduled__2024-10-08T00:00:00+00:00 [queued]>
[2024-10-08 23:22:02,836] {taskinstance.py:1159} INFO - Dependencies all met for <TaskInstance: get_stocks_dag.GOOG scheduled__2024-10-08T00:00:00+00:00 [queued]>
[2024-10-08 23:22:02,837] {taskinstance.py:1356} INFO - 
--------------------------------------------------------------------------------
[2024-10-08 23:22:02,837] {taskinstance.py:1357} INFO - Starting attempt 1 of 1
[2024-10-08 23:22:02,837] {taskinstance.py:1358} INFO - 
--------------------------------------------------------------------------------
[2024-10-08 23:22:02,880] {taskinstance.py:1377} INFO - Executing <Task(_PythonDecoratedOperator): GOOG> on 2024-10-08 00:00:00+00:00
[2024-10-08 23:22:02,894] {standard_task_runner.py:52} INFO - Started process 23635 to run task
[2024-10-08 23:22:02,910] {standard_task_runner.py:79} INFO - Running: ['airflow', 'tasks', 'run', 'get_stocks_dag', 'GOOG', 'scheduled__2024-10-08T00:00:00+00:00', '--job-id', '64', '--raw', '--subdir', 'DAGS_FOLDER/get_stocks.py', '--cfg-path', '/tmp/tmpbysxqbtc', '--error-file', '/tmp/tmpmnk3j82z']
[2024-10-08 23:22:02,912] {standard_task_runner.py:80} INFO - Job 64: Subtask GOOG
[2024-10-08 23:22:03,134] {task_command.py:370} INFO - Running <TaskInstance: get_stocks_dag.GOOG scheduled__2024-10-08T00:00:00+00:00 [running]> on host ken
[2024-10-08 23:22:03,522] {taskinstance.py:1569} INFO - Exporting the following env vars:
AIRFLOW_CTX_DAG_OWNER=airflow
AIRFLOW_CTX_DAG_ID=get_stocks_dag
AIRFLOW_CTX_TASK_ID=GOOG
AIRFLOW_CTX_EXECUTION_DATE=2024-10-08T00:00:00+00:00
AIRFLOW_CTX_TRY_NUMBER=1
AIRFLOW_CTX_DAG_RUN_ID=scheduled__2024-10-08T00:00:00+00:00
[2024-10-08 23:22:05,781] {python.py:173} INFO - Done. Returned value was: None
[2024-10-08 23:22:05,810] {taskinstance.py:1395} INFO - Marking task as SUCCESS. dag_id=get_stocks_dag, task_id=GOOG, execution_date=20241008T000000, start_date=20241009T022202, end_date=20241009T022205
[2024-10-08 23:22:05,863] {local_task_job.py:156} INFO - Task exited with return code 0
[2024-10-08 23:22:05,947] {local_task_job.py:273} INFO - 0 downstream tasks scheduled from follow-on schedule check
[2024-10-09 01:02:47,816] {taskinstance.py:1159} INFO - Dependencies all met for <TaskInstance: get_stocks_dag.GOOG scheduled__2024-10-08T00:00:00+00:00 [queued]>
[2024-10-09 01:02:47,825] {taskinstance.py:1159} INFO - Dependencies all met for <TaskInstance: get_stocks_dag.GOOG scheduled__2024-10-08T00:00:00+00:00 [queued]>
[2024-10-09 01:02:47,825] {taskinstance.py:1356} INFO - 
--------------------------------------------------------------------------------
[2024-10-09 01:02:47,825] {taskinstance.py:1357} INFO - Starting attempt 1 of 1
[2024-10-09 01:02:47,825] {taskinstance.py:1358} INFO - 
--------------------------------------------------------------------------------
[2024-10-09 01:02:47,848] {taskinstance.py:1377} INFO - Executing <Task(_PythonDecoratedOperator): GOOG> on 2024-10-08 00:00:00+00:00
[2024-10-09 01:02:47,854] {standard_task_runner.py:52} INFO - Started process 46283 to run task
[2024-10-09 01:02:47,857] {standard_task_runner.py:79} INFO - Running: ['airflow', 'tasks', 'run', 'get_stocks_dag', 'GOOG', 'scheduled__2024-10-08T00:00:00+00:00', '--job-id', '131', '--raw', '--subdir', 'DAGS_FOLDER/get_stocks.py', '--cfg-path', '/tmp/tmpe8ppno6o', '--error-file', '/tmp/tmpdntx81o_']
[2024-10-09 01:02:47,858] {standard_task_runner.py:80} INFO - Job 131: Subtask GOOG
[2024-10-09 01:02:47,973] {task_command.py:370} INFO - Running <TaskInstance: get_stocks_dag.GOOG scheduled__2024-10-08T00:00:00+00:00 [running]> on host ken
[2024-10-09 01:02:48,110] {taskinstance.py:1569} INFO - Exporting the following env vars:
AIRFLOW_CTX_DAG_OWNER=airflow
AIRFLOW_CTX_DAG_ID=get_stocks_dag
AIRFLOW_CTX_TASK_ID=GOOG
AIRFLOW_CTX_EXECUTION_DATE=2024-10-08T00:00:00+00:00
AIRFLOW_CTX_TRY_NUMBER=1
AIRFLOW_CTX_DAG_RUN_ID=scheduled__2024-10-08T00:00:00+00:00
[2024-10-09 01:03:00,999] {history.py:244} ERROR - $GOOG: possibly delisted; no price data found  (1h 2024-10-07 -> 2024-10-08)
[2024-10-09 01:03:01,006] {python.py:173} INFO - Done. Returned value was: None
[2024-10-09 01:03:01,112] {taskinstance.py:1395} INFO - Marking task as SUCCESS. dag_id=get_stocks_dag, task_id=GOOG, execution_date=20241008T000000, start_date=20241009T040247, end_date=20241009T040301
[2024-10-09 01:03:01,415] {local_task_job.py:156} INFO - Task exited with return code 0
[2024-10-09 01:03:01,818] {local_task_job.py:273} INFO - 0 downstream tasks scheduled from follow-on schedule check
[2024-10-09 09:35:33,155] {taskinstance.py:1159} INFO - Dependencies all met for <TaskInstance: get_stocks_dag.GOOG scheduled__2024-10-08T00:00:00+00:00 [queued]>
[2024-10-09 09:35:33,437] {taskinstance.py:1159} INFO - Dependencies all met for <TaskInstance: get_stocks_dag.GOOG scheduled__2024-10-08T00:00:00+00:00 [queued]>
[2024-10-09 09:35:33,442] {taskinstance.py:1356} INFO - 
--------------------------------------------------------------------------------
[2024-10-09 09:35:33,443] {taskinstance.py:1357} INFO - Starting attempt 1 of 1
[2024-10-09 09:35:33,443] {taskinstance.py:1358} INFO - 
--------------------------------------------------------------------------------
[2024-10-09 09:35:33,527] {taskinstance.py:1377} INFO - Executing <Task(_PythonDecoratedOperator): GOOG> on 2024-10-08 00:00:00+00:00
[2024-10-09 09:35:33,548] {standard_task_runner.py:52} INFO - Started process 17618 to run task
[2024-10-09 09:35:33,556] {standard_task_runner.py:79} INFO - Running: ['airflow', 'tasks', 'run', 'get_stocks_dag', 'GOOG', 'scheduled__2024-10-08T00:00:00+00:00', '--job-id', '196', '--raw', '--subdir', 'DAGS_FOLDER/get_stocks.py', '--cfg-path', '/tmp/tmprcmioka3', '--error-file', '/tmp/tmpbufx82p9']
[2024-10-09 09:35:33,558] {standard_task_runner.py:80} INFO - Job 196: Subtask GOOG
[2024-10-09 09:35:34,130] {task_command.py:370} INFO - Running <TaskInstance: get_stocks_dag.GOOG scheduled__2024-10-08T00:00:00+00:00 [running]> on host ken
[2024-10-09 09:35:34,285] {taskinstance.py:1569} INFO - Exporting the following env vars:
AIRFLOW_CTX_DAG_OWNER=airflow
AIRFLOW_CTX_DAG_ID=get_stocks_dag
AIRFLOW_CTX_TASK_ID=GOOG
AIRFLOW_CTX_EXECUTION_DATE=2024-10-08T00:00:00+00:00
AIRFLOW_CTX_TRY_NUMBER=1
AIRFLOW_CTX_DAG_RUN_ID=scheduled__2024-10-08T00:00:00+00:00
[2024-10-09 09:35:35,175] {python.py:173} INFO - Done. Returned value was: None
[2024-10-09 09:35:35,214] {taskinstance.py:1395} INFO - Marking task as SUCCESS. dag_id=get_stocks_dag, task_id=GOOG, execution_date=20241008T000000, start_date=20241009T123533, end_date=20241009T123535
[2024-10-09 09:35:36,664] {local_task_job.py:156} INFO - Task exited with return code 0
[2024-10-09 09:35:37,038] {local_task_job.py:273} INFO - 0 downstream tasks scheduled from follow-on schedule check
[2024-10-09 09:45:03,408] {taskinstance.py:1159} INFO - Dependencies all met for <TaskInstance: get_stocks_dag.GOOG scheduled__2024-10-08T00:00:00+00:00 [queued]>
[2024-10-09 09:45:03,437] {taskinstance.py:1159} INFO - Dependencies all met for <TaskInstance: get_stocks_dag.GOOG scheduled__2024-10-08T00:00:00+00:00 [queued]>
[2024-10-09 09:45:03,437] {taskinstance.py:1356} INFO - 
--------------------------------------------------------------------------------
[2024-10-09 09:45:03,437] {taskinstance.py:1357} INFO - Starting attempt 1 of 1
[2024-10-09 09:45:03,437] {taskinstance.py:1358} INFO - 
--------------------------------------------------------------------------------
[2024-10-09 09:45:04,154] {taskinstance.py:1377} INFO - Executing <Task(_PythonDecoratedOperator): GOOG> on 2024-10-08 00:00:00+00:00
[2024-10-09 09:45:04,162] {standard_task_runner.py:52} INFO - Started process 25425 to run task
[2024-10-09 09:45:04,165] {standard_task_runner.py:79} INFO - Running: ['airflow', 'tasks', 'run', 'get_stocks_dag', 'GOOG', 'scheduled__2024-10-08T00:00:00+00:00', '--job-id', '260', '--raw', '--subdir', 'DAGS_FOLDER/get_stocks.py', '--cfg-path', '/tmp/tmp1wnxxzam', '--error-file', '/tmp/tmp9lhszbtu']
[2024-10-09 09:45:04,166] {standard_task_runner.py:80} INFO - Job 260: Subtask GOOG
[2024-10-09 09:45:04,366] {task_command.py:370} INFO - Running <TaskInstance: get_stocks_dag.GOOG scheduled__2024-10-08T00:00:00+00:00 [running]> on host ken
[2024-10-09 09:45:04,473] {taskinstance.py:1569} INFO - Exporting the following env vars:
AIRFLOW_CTX_DAG_OWNER=airflow
AIRFLOW_CTX_DAG_ID=get_stocks_dag
AIRFLOW_CTX_TASK_ID=GOOG
AIRFLOW_CTX_EXECUTION_DATE=2024-10-08T00:00:00+00:00
AIRFLOW_CTX_TRY_NUMBER=1
AIRFLOW_CTX_DAG_RUN_ID=scheduled__2024-10-08T00:00:00+00:00
[2024-10-09 09:45:04,893] {python.py:173} INFO - Done. Returned value was: None
[2024-10-09 09:45:04,912] {taskinstance.py:1395} INFO - Marking task as SUCCESS. dag_id=get_stocks_dag, task_id=GOOG, execution_date=20241008T000000, start_date=20241009T124503, end_date=20241009T124504
[2024-10-09 09:45:06,104] {local_task_job.py:156} INFO - Task exited with return code 0
[2024-10-09 09:45:06,268] {local_task_job.py:273} INFO - 0 downstream tasks scheduled from follow-on schedule check
[2024-10-09 09:49:07,294] {taskinstance.py:1159} INFO - Dependencies all met for <TaskInstance: get_stocks_dag.GOOG scheduled__2024-10-08T00:00:00+00:00 [queued]>
[2024-10-09 09:49:07,556] {taskinstance.py:1159} INFO - Dependencies all met for <TaskInstance: get_stocks_dag.GOOG scheduled__2024-10-08T00:00:00+00:00 [queued]>
[2024-10-09 09:49:07,557] {taskinstance.py:1356} INFO - 
--------------------------------------------------------------------------------
[2024-10-09 09:49:07,557] {taskinstance.py:1357} INFO - Starting attempt 1 of 1
[2024-10-09 09:49:07,557] {taskinstance.py:1358} INFO - 
--------------------------------------------------------------------------------
[2024-10-09 09:49:07,701] {taskinstance.py:1377} INFO - Executing <Task(_PythonDecoratedOperator): GOOG> on 2024-10-08 00:00:00+00:00
[2024-10-09 09:49:07,713] {standard_task_runner.py:52} INFO - Started process 32117 to run task
[2024-10-09 09:49:07,720] {standard_task_runner.py:79} INFO - Running: ['airflow', 'tasks', 'run', 'get_stocks_dag', 'GOOG', 'scheduled__2024-10-08T00:00:00+00:00', '--job-id', '323', '--raw', '--subdir', 'DAGS_FOLDER/get_stocks.py', '--cfg-path', '/tmp/tmpdsnnn794', '--error-file', '/tmp/tmp3v1gl8qw']
[2024-10-09 09:49:07,721] {standard_task_runner.py:80} INFO - Job 323: Subtask GOOG
[2024-10-09 09:49:08,494] {task_command.py:370} INFO - Running <TaskInstance: get_stocks_dag.GOOG scheduled__2024-10-08T00:00:00+00:00 [running]> on host ken
[2024-10-09 09:49:10,788] {taskinstance.py:1569} INFO - Exporting the following env vars:
AIRFLOW_CTX_DAG_OWNER=airflow
AIRFLOW_CTX_DAG_ID=get_stocks_dag
AIRFLOW_CTX_TASK_ID=GOOG
AIRFLOW_CTX_EXECUTION_DATE=2024-10-08T00:00:00+00:00
AIRFLOW_CTX_TRY_NUMBER=1
AIRFLOW_CTX_DAG_RUN_ID=scheduled__2024-10-08T00:00:00+00:00
[2024-10-09 09:49:11,360] {python.py:173} INFO - Done. Returned value was: None
[2024-10-09 09:49:11,635] {taskinstance.py:1395} INFO - Marking task as SUCCESS. dag_id=get_stocks_dag, task_id=GOOG, execution_date=20241008T000000, start_date=20241009T124907, end_date=20241009T124911
[2024-10-09 09:49:11,754] {local_task_job.py:156} INFO - Task exited with return code 0
[2024-10-09 09:49:12,339] {local_task_job.py:273} INFO - 0 downstream tasks scheduled from follow-on schedule check
[2024-10-09 10:48:24,137] {taskinstance.py:1159} INFO - Dependencies all met for <TaskInstance: get_stocks_dag.GOOG scheduled__2024-10-08T00:00:00+00:00 [queued]>
[2024-10-09 10:48:24,151] {taskinstance.py:1159} INFO - Dependencies all met for <TaskInstance: get_stocks_dag.GOOG scheduled__2024-10-08T00:00:00+00:00 [queued]>
[2024-10-09 10:48:24,151] {taskinstance.py:1356} INFO - 
--------------------------------------------------------------------------------
[2024-10-09 10:48:24,151] {taskinstance.py:1357} INFO - Starting attempt 1 of 1
[2024-10-09 10:48:24,151] {taskinstance.py:1358} INFO - 
--------------------------------------------------------------------------------
[2024-10-09 10:48:25,286] {taskinstance.py:1377} INFO - Executing <Task(_PythonDecoratedOperator): GOOG> on 2024-10-08 00:00:00+00:00
[2024-10-09 10:48:25,301] {standard_task_runner.py:52} INFO - Started process 78910 to run task
[2024-10-09 10:48:25,309] {standard_task_runner.py:79} INFO - Running: ['airflow', 'tasks', 'run', 'get_stocks_dag', 'GOOG', 'scheduled__2024-10-08T00:00:00+00:00', '--job-id', '501', '--raw', '--subdir', 'DAGS_FOLDER/get_stocks.py', '--cfg-path', '/tmp/tmpdsdyumm3', '--error-file', '/tmp/tmp0f3wu1kb']
[2024-10-09 10:48:25,314] {standard_task_runner.py:80} INFO - Job 501: Subtask GOOG
[2024-10-09 10:48:27,847] {task_command.py:370} INFO - Running <TaskInstance: get_stocks_dag.GOOG scheduled__2024-10-08T00:00:00+00:00 [running]> on host ken
[2024-10-09 10:48:29,373] {taskinstance.py:1569} INFO - Exporting the following env vars:
AIRFLOW_CTX_DAG_OWNER=airflow
AIRFLOW_CTX_DAG_ID=get_stocks_dag
AIRFLOW_CTX_TASK_ID=GOOG
AIRFLOW_CTX_EXECUTION_DATE=2024-10-08T00:00:00+00:00
AIRFLOW_CTX_TRY_NUMBER=1
AIRFLOW_CTX_DAG_RUN_ID=scheduled__2024-10-08T00:00:00+00:00
[2024-10-09 10:48:40,111] {python.py:173} INFO - Done. Returned value was: None
[2024-10-09 10:48:40,142] {taskinstance.py:1395} INFO - Marking task as SUCCESS. dag_id=get_stocks_dag, task_id=GOOG, execution_date=20241008T000000, start_date=20241009T134824, end_date=20241009T134840
[2024-10-09 10:48:40,197] {local_task_job.py:156} INFO - Task exited with return code 0
[2024-10-09 10:48:40,277] {local_task_job.py:273} INFO - 0 downstream tasks scheduled from follow-on schedule check
