[2024-10-09 10:47:24,241] {taskinstance.py:1159} INFO - Dependencies all met for <TaskInstance: get_crypto_dag.AVAX scheduled__2024-10-06T00:00:00+00:00 [queued]>
[2024-10-09 10:47:24,273] {taskinstance.py:1159} INFO - Dependencies all met for <TaskInstance: get_crypto_dag.AVAX scheduled__2024-10-06T00:00:00+00:00 [queued]>
[2024-10-09 10:47:24,274] {taskinstance.py:1356} INFO - 
--------------------------------------------------------------------------------
[2024-10-09 10:47:24,274] {taskinstance.py:1357} INFO - Starting attempt 1 of 1
[2024-10-09 10:47:24,274] {taskinstance.py:1358} INFO - 
--------------------------------------------------------------------------------
[2024-10-09 10:47:24,347] {taskinstance.py:1377} INFO - Executing <Task(_PythonDecoratedOperator): AVAX> on 2024-10-06 00:00:00+00:00
[2024-10-09 10:47:24,365] {standard_task_runner.py:52} INFO - Started process 77363 to run task
[2024-10-09 10:47:24,376] {standard_task_runner.py:79} INFO - Running: ['airflow', 'tasks', 'run', 'get_crypto_dag', 'AVAX', 'scheduled__2024-10-06T00:00:00+00:00', '--job-id', '491', '--raw', '--subdir', 'DAGS_FOLDER/get_crypto.py', '--cfg-path', '/tmp/tmpzfh8ghf0', '--error-file', '/tmp/tmpmisjmpg3']
[2024-10-09 10:47:24,380] {standard_task_runner.py:80} INFO - Job 491: Subtask AVAX
[2024-10-09 10:47:24,724] {task_command.py:370} INFO - Running <TaskInstance: get_crypto_dag.AVAX scheduled__2024-10-06T00:00:00+00:00 [running]> on host ken
[2024-10-09 10:47:24,886] {taskinstance.py:1569} INFO - Exporting the following env vars:
AIRFLOW_CTX_DAG_OWNER=airflow
AIRFLOW_CTX_DAG_ID=get_crypto_dag
AIRFLOW_CTX_TASK_ID=AVAX
AIRFLOW_CTX_EXECUTION_DATE=2024-10-06T00:00:00+00:00
AIRFLOW_CTX_TRY_NUMBER=1
AIRFLOW_CTX_DAG_RUN_ID=scheduled__2024-10-06T00:00:00+00:00
[2024-10-09 10:47:29,448] {history.py:122} ERROR - $AVAX: possibly delisted; no timezone found
[2024-10-09 10:47:39,451] {python.py:173} INFO - Done. Returned value was: None
[2024-10-09 10:47:39,528] {taskinstance.py:1395} INFO - Marking task as SUCCESS. dag_id=get_crypto_dag, task_id=AVAX, execution_date=20241006T000000, start_date=20241009T134724, end_date=20241009T134739
[2024-10-09 10:47:39,611] {local_task_job.py:156} INFO - Task exited with return code 0
[2024-10-09 10:47:39,679] {local_task_job.py:273} INFO - 0 downstream tasks scheduled from follow-on schedule check
