[2024-10-09 10:34:51,317] {taskinstance.py:1159} INFO - Dependencies all met for <TaskInstance: get_crypto_dag.AVAX scheduled__2024-09-21T00:00:00+00:00 [queued]>
[2024-10-09 10:34:51,329] {taskinstance.py:1159} INFO - Dependencies all met for <TaskInstance: get_crypto_dag.AVAX scheduled__2024-09-21T00:00:00+00:00 [queued]>
[2024-10-09 10:34:51,329] {taskinstance.py:1356} INFO - 
--------------------------------------------------------------------------------
[2024-10-09 10:34:51,329] {taskinstance.py:1357} INFO - Starting attempt 1 of 1
[2024-10-09 10:34:51,329] {taskinstance.py:1358} INFO - 
--------------------------------------------------------------------------------
[2024-10-09 10:34:51,593] {taskinstance.py:1377} INFO - Executing <Task(_PythonDecoratedOperator): AVAX> on 2024-09-21 00:00:00+00:00
[2024-10-09 10:34:51,608] {standard_task_runner.py:52} INFO - Started process 59392 to run task
[2024-10-09 10:34:51,616] {standard_task_runner.py:79} INFO - Running: ['airflow', 'tasks', 'run', 'get_crypto_dag', 'AVAX', 'scheduled__2024-09-21T00:00:00+00:00', '--job-id', '394', '--raw', '--subdir', 'DAGS_FOLDER/get_crypto.py', '--cfg-path', '/tmp/tmpqpcx3yp6', '--error-file', '/tmp/tmp9sv4saz5']
[2024-10-09 10:34:51,619] {standard_task_runner.py:80} INFO - Job 394: Subtask AVAX
[2024-10-09 10:34:51,991] {task_command.py:370} INFO - Running <TaskInstance: get_crypto_dag.AVAX scheduled__2024-09-21T00:00:00+00:00 [running]> on host ken
[2024-10-09 10:34:52,557] {taskinstance.py:1569} INFO - Exporting the following env vars:
AIRFLOW_CTX_DAG_OWNER=airflow
AIRFLOW_CTX_DAG_ID=get_crypto_dag
AIRFLOW_CTX_TASK_ID=AVAX
AIRFLOW_CTX_EXECUTION_DATE=2024-09-21T00:00:00+00:00
AIRFLOW_CTX_TRY_NUMBER=1
AIRFLOW_CTX_DAG_RUN_ID=scheduled__2024-09-21T00:00:00+00:00
[2024-10-09 10:34:56,142] {history.py:122} ERROR - $AVAX: possibly delisted; no timezone found
[2024-10-09 10:35:06,158] {python.py:173} INFO - Done. Returned value was: None
[2024-10-09 10:35:06,203] {taskinstance.py:1395} INFO - Marking task as SUCCESS. dag_id=get_crypto_dag, task_id=AVAX, execution_date=20240921T000000, start_date=20241009T133451, end_date=20241009T133506
[2024-10-09 10:35:06,268] {local_task_job.py:156} INFO - Task exited with return code 0
[2024-10-09 10:35:06,460] {local_task_job.py:273} INFO - 0 downstream tasks scheduled from follow-on schedule check
