[2024-10-09 10:40:36,462] {taskinstance.py:1159} INFO - Dependencies all met for <TaskInstance: get_crypto_dag.BTC scheduled__2024-09-28T00:00:00+00:00 [queued]>
[2024-10-09 10:40:36,484] {taskinstance.py:1159} INFO - Dependencies all met for <TaskInstance: get_crypto_dag.BTC scheduled__2024-09-28T00:00:00+00:00 [queued]>
[2024-10-09 10:40:36,485] {taskinstance.py:1356} INFO - 
--------------------------------------------------------------------------------
[2024-10-09 10:40:36,485] {taskinstance.py:1357} INFO - Starting attempt 1 of 1
[2024-10-09 10:40:36,485] {taskinstance.py:1358} INFO - 
--------------------------------------------------------------------------------
[2024-10-09 10:40:37,346] {taskinstance.py:1377} INFO - Executing <Task(_PythonDecoratedOperator): BTC> on 2024-09-28 00:00:00+00:00
[2024-10-09 10:40:37,361] {standard_task_runner.py:52} INFO - Started process 67425 to run task
[2024-10-09 10:40:37,370] {standard_task_runner.py:79} INFO - Running: ['airflow', 'tasks', 'run', 'get_crypto_dag', 'BTC', 'scheduled__2024-09-28T00:00:00+00:00', '--job-id', '440', '--raw', '--subdir', 'DAGS_FOLDER/get_crypto.py', '--cfg-path', '/tmp/tmp_sx7ci83', '--error-file', '/tmp/tmp6n731jz8']
[2024-10-09 10:40:37,372] {standard_task_runner.py:80} INFO - Job 440: Subtask BTC
[2024-10-09 10:40:39,225] {task_command.py:370} INFO - Running <TaskInstance: get_crypto_dag.BTC scheduled__2024-09-28T00:00:00+00:00 [running]> on host ken
[2024-10-09 10:40:40,768] {taskinstance.py:1569} INFO - Exporting the following env vars:
AIRFLOW_CTX_DAG_OWNER=airflow
AIRFLOW_CTX_DAG_ID=get_crypto_dag
AIRFLOW_CTX_TASK_ID=BTC
AIRFLOW_CTX_EXECUTION_DATE=2024-09-28T00:00:00+00:00
AIRFLOW_CTX_TRY_NUMBER=1
AIRFLOW_CTX_DAG_RUN_ID=scheduled__2024-09-28T00:00:00+00:00
[2024-10-09 10:40:51,320] {python.py:173} INFO - Done. Returned value was: None
[2024-10-09 10:40:51,376] {taskinstance.py:1395} INFO - Marking task as SUCCESS. dag_id=get_crypto_dag, task_id=BTC, execution_date=20240928T000000, start_date=20241009T134036, end_date=20241009T134051
[2024-10-09 10:40:51,494] {local_task_job.py:156} INFO - Task exited with return code 0
[2024-10-09 10:40:52,020] {local_task_job.py:273} INFO - 0 downstream tasks scheduled from follow-on schedule check
