[2024-10-08 17:02:36,306] {taskinstance.py:1159} INFO - Dependencies all met for <TaskInstance: get_stocks_dag.TSLA scheduled__2022-01-18T00:00:00+00:00 [queued]>
[2024-10-08 17:02:36,314] {taskinstance.py:1159} INFO - Dependencies all met for <TaskInstance: get_stocks_dag.TSLA scheduled__2022-01-18T00:00:00+00:00 [queued]>
[2024-10-08 17:02:36,314] {taskinstance.py:1356} INFO - 
--------------------------------------------------------------------------------
[2024-10-08 17:02:36,314] {taskinstance.py:1357} INFO - Starting attempt 1 of 1
[2024-10-08 17:02:36,314] {taskinstance.py:1358} INFO - 
--------------------------------------------------------------------------------
[2024-10-08 17:02:36,403] {taskinstance.py:1377} INFO - Executing <Task(_PythonDecoratedOperator): TSLA> on 2022-01-18 00:00:00+00:00
[2024-10-08 17:02:36,408] {standard_task_runner.py:52} INFO - Started process 26094 to run task
[2024-10-08 17:02:36,411] {standard_task_runner.py:79} INFO - Running: ['airflow', 'tasks', 'run', 'get_stocks_dag', 'TSLA', 'scheduled__2022-01-18T00:00:00+00:00', '--job-id', '70', '--raw', '--subdir', 'DAGS_FOLDER/get_stocks.py', '--cfg-path', '/tmp/tmpx2h6necb', '--error-file', '/tmp/tmpa7nq9_gs']
[2024-10-08 17:02:36,412] {standard_task_runner.py:80} INFO - Job 70: Subtask TSLA
[2024-10-08 17:02:36,538] {task_command.py:370} INFO - Running <TaskInstance: get_stocks_dag.TSLA scheduled__2022-01-18T00:00:00+00:00 [running]> on host ken
[2024-10-08 17:02:37,404] {taskinstance.py:1569} INFO - Exporting the following env vars:
AIRFLOW_CTX_DAG_OWNER=airflow
AIRFLOW_CTX_DAG_ID=get_stocks_dag
AIRFLOW_CTX_TASK_ID=TSLA
AIRFLOW_CTX_EXECUTION_DATE=2022-01-18T00:00:00+00:00
AIRFLOW_CTX_TRY_NUMBER=1
AIRFLOW_CTX_DAG_RUN_ID=scheduled__2022-01-18T00:00:00+00:00
[2024-10-08 17:02:41,197] {history.py:244} ERROR - $TSLA: possibly delisted; no price data found  (1h 2022-01-17 -> 2022-01-18) (Yahoo error = "1h data not available for startTime=1642395600 and endTime=1642482000. The requested range must be within the last 730 days.")
[2024-10-08 17:02:41,200] {python.py:173} INFO - Done. Returned value was: None
[2024-10-08 17:02:41,207] {taskinstance.py:1395} INFO - Marking task as SUCCESS. dag_id=get_stocks_dag, task_id=TSLA, execution_date=20220118T000000, start_date=20241008T200236, end_date=20241008T200241
[2024-10-08 17:02:41,553] {local_task_job.py:156} INFO - Task exited with return code 0
[2024-10-08 17:02:41,569] {local_task_job.py:273} INFO - 0 downstream tasks scheduled from follow-on schedule check
