[2024-10-08 17:19:12,177] {taskinstance.py:1159} INFO - Dependencies all met for <TaskInstance: get_stocks_dag.TSLA scheduled__2024-09-25T00:00:00+00:00 [queued]>
[2024-10-08 17:19:12,188] {taskinstance.py:1159} INFO - Dependencies all met for <TaskInstance: get_stocks_dag.TSLA scheduled__2024-09-25T00:00:00+00:00 [queued]>
[2024-10-08 17:19:12,188] {taskinstance.py:1356} INFO - 
--------------------------------------------------------------------------------
[2024-10-08 17:19:12,188] {taskinstance.py:1357} INFO - Starting attempt 1 of 1
[2024-10-08 17:19:12,188] {taskinstance.py:1358} INFO - 
--------------------------------------------------------------------------------
[2024-10-08 17:19:12,270] {taskinstance.py:1377} INFO - Executing <Task(_PythonDecoratedOperator): TSLA> on 2024-09-25 00:00:00+00:00
[2024-10-08 17:19:12,275] {standard_task_runner.py:52} INFO - Started process 37474 to run task
[2024-10-08 17:19:12,279] {standard_task_runner.py:79} INFO - Running: ['airflow', 'tasks', 'run', 'get_stocks_dag', 'TSLA', 'scheduled__2024-09-25T00:00:00+00:00', '--job-id', '165', '--raw', '--subdir', 'DAGS_FOLDER/get_stocks.py', '--cfg-path', '/tmp/tmpi3esqf4w', '--error-file', '/tmp/tmpv2zvxhcu']
[2024-10-08 17:19:12,281] {standard_task_runner.py:80} INFO - Job 165: Subtask TSLA
[2024-10-08 17:19:12,854] {task_command.py:370} INFO - Running <TaskInstance: get_stocks_dag.TSLA scheduled__2024-09-25T00:00:00+00:00 [running]> on host ken
[2024-10-08 17:19:15,668] {taskinstance.py:1569} INFO - Exporting the following env vars:
AIRFLOW_CTX_DAG_OWNER=airflow
AIRFLOW_CTX_DAG_ID=get_stocks_dag
AIRFLOW_CTX_TASK_ID=TSLA
AIRFLOW_CTX_EXECUTION_DATE=2024-09-25T00:00:00+00:00
AIRFLOW_CTX_TRY_NUMBER=1
AIRFLOW_CTX_DAG_RUN_ID=scheduled__2024-09-25T00:00:00+00:00
[2024-10-08 17:19:16,433] {python.py:173} INFO - Done. Returned value was: None
[2024-10-08 17:19:16,439] {taskinstance.py:1395} INFO - Marking task as SUCCESS. dag_id=get_stocks_dag, task_id=TSLA, execution_date=20240925T000000, start_date=20241008T201912, end_date=20241008T201916
[2024-10-08 17:19:17,588] {local_task_job.py:156} INFO - Task exited with return code 0
[2024-10-08 17:19:17,602] {local_task_job.py:273} INFO - 0 downstream tasks scheduled from follow-on schedule check
[2024-10-08 23:21:37,911] {taskinstance.py:1159} INFO - Dependencies all met for <TaskInstance: get_stocks_dag.TSLA scheduled__2024-09-25T00:00:00+00:00 [queued]>
[2024-10-08 23:21:37,969] {taskinstance.py:1159} INFO - Dependencies all met for <TaskInstance: get_stocks_dag.TSLA scheduled__2024-09-25T00:00:00+00:00 [queued]>
[2024-10-08 23:21:37,972] {taskinstance.py:1356} INFO - 
--------------------------------------------------------------------------------
[2024-10-08 23:21:37,974] {taskinstance.py:1357} INFO - Starting attempt 1 of 1
[2024-10-08 23:21:37,976] {taskinstance.py:1358} INFO - 
--------------------------------------------------------------------------------
[2024-10-08 23:21:38,062] {taskinstance.py:1377} INFO - Executing <Task(_PythonDecoratedOperator): TSLA> on 2024-09-25 00:00:00+00:00
[2024-10-08 23:21:38,090] {standard_task_runner.py:52} INFO - Started process 21768 to run task
[2024-10-08 23:21:38,109] {standard_task_runner.py:79} INFO - Running: ['airflow', 'tasks', 'run', 'get_stocks_dag', 'TSLA', 'scheduled__2024-09-25T00:00:00+00:00', '--job-id', '30', '--raw', '--subdir', 'DAGS_FOLDER/get_stocks.py', '--cfg-path', '/tmp/tmp26paqi1m', '--error-file', '/tmp/tmpw4_en7tn']
[2024-10-08 23:21:38,111] {standard_task_runner.py:80} INFO - Job 30: Subtask TSLA
[2024-10-08 23:21:38,431] {task_command.py:370} INFO - Running <TaskInstance: get_stocks_dag.TSLA scheduled__2024-09-25T00:00:00+00:00 [running]> on host ken
[2024-10-08 23:21:38,811] {taskinstance.py:1569} INFO - Exporting the following env vars:
AIRFLOW_CTX_DAG_OWNER=airflow
AIRFLOW_CTX_DAG_ID=get_stocks_dag
AIRFLOW_CTX_TASK_ID=TSLA
AIRFLOW_CTX_EXECUTION_DATE=2024-09-25T00:00:00+00:00
AIRFLOW_CTX_TRY_NUMBER=1
AIRFLOW_CTX_DAG_RUN_ID=scheduled__2024-09-25T00:00:00+00:00
[2024-10-08 23:21:42,414] {python.py:173} INFO - Done. Returned value was: None
[2024-10-08 23:21:42,453] {taskinstance.py:1395} INFO - Marking task as SUCCESS. dag_id=get_stocks_dag, task_id=TSLA, execution_date=20240925T000000, start_date=20241009T022137, end_date=20241009T022142
[2024-10-08 23:21:42,598] {local_task_job.py:156} INFO - Task exited with return code 0
[2024-10-08 23:21:42,872] {local_task_job.py:273} INFO - 0 downstream tasks scheduled from follow-on schedule check
[2024-10-09 01:00:32,030] {taskinstance.py:1159} INFO - Dependencies all met for <TaskInstance: get_stocks_dag.TSLA scheduled__2024-09-25T00:00:00+00:00 [queued]>
[2024-10-09 01:00:32,038] {taskinstance.py:1159} INFO - Dependencies all met for <TaskInstance: get_stocks_dag.TSLA scheduled__2024-09-25T00:00:00+00:00 [queued]>
[2024-10-09 01:00:32,038] {taskinstance.py:1356} INFO - 
--------------------------------------------------------------------------------
[2024-10-09 01:00:32,038] {taskinstance.py:1357} INFO - Starting attempt 1 of 1
[2024-10-09 01:00:32,038] {taskinstance.py:1358} INFO - 
--------------------------------------------------------------------------------
[2024-10-09 01:00:32,064] {taskinstance.py:1377} INFO - Executing <Task(_PythonDecoratedOperator): TSLA> on 2024-09-25 00:00:00+00:00
[2024-10-09 01:00:32,070] {standard_task_runner.py:52} INFO - Started process 40301 to run task
[2024-10-09 01:00:32,073] {standard_task_runner.py:79} INFO - Running: ['airflow', 'tasks', 'run', 'get_stocks_dag', 'TSLA', 'scheduled__2024-09-25T00:00:00+00:00', '--job-id', '96', '--raw', '--subdir', 'DAGS_FOLDER/get_stocks.py', '--cfg-path', '/tmp/tmpbkhvcqyj', '--error-file', '/tmp/tmpu98gq1j8']
[2024-10-09 01:00:32,074] {standard_task_runner.py:80} INFO - Job 96: Subtask TSLA
[2024-10-09 01:00:32,173] {task_command.py:370} INFO - Running <TaskInstance: get_stocks_dag.TSLA scheduled__2024-09-25T00:00:00+00:00 [running]> on host ken
[2024-10-09 01:00:32,294] {taskinstance.py:1569} INFO - Exporting the following env vars:
AIRFLOW_CTX_DAG_OWNER=airflow
AIRFLOW_CTX_DAG_ID=get_stocks_dag
AIRFLOW_CTX_TASK_ID=TSLA
AIRFLOW_CTX_EXECUTION_DATE=2024-09-25T00:00:00+00:00
AIRFLOW_CTX_TRY_NUMBER=1
AIRFLOW_CTX_DAG_RUN_ID=scheduled__2024-09-25T00:00:00+00:00
[2024-10-09 01:00:35,943] {history.py:244} ERROR - $TSLA: possibly delisted; no price data found  (1h 2024-09-24 -> 2024-09-25)
[2024-10-09 01:00:35,950] {python.py:173} INFO - Done. Returned value was: None
[2024-10-09 01:00:35,974] {taskinstance.py:1395} INFO - Marking task as SUCCESS. dag_id=get_stocks_dag, task_id=TSLA, execution_date=20240925T000000, start_date=20241009T040032, end_date=20241009T040035
[2024-10-09 01:00:36,022] {local_task_job.py:156} INFO - Task exited with return code 0
[2024-10-09 01:00:36,410] {local_task_job.py:273} INFO - 0 downstream tasks scheduled from follow-on schedule check
[2024-10-09 09:34:12,504] {taskinstance.py:1159} INFO - Dependencies all met for <TaskInstance: get_stocks_dag.TSLA scheduled__2024-09-25T00:00:00+00:00 [queued]>
[2024-10-09 09:34:12,628] {taskinstance.py:1159} INFO - Dependencies all met for <TaskInstance: get_stocks_dag.TSLA scheduled__2024-09-25T00:00:00+00:00 [queued]>
[2024-10-09 09:34:12,628] {taskinstance.py:1356} INFO - 
--------------------------------------------------------------------------------
[2024-10-09 09:34:12,628] {taskinstance.py:1357} INFO - Starting attempt 1 of 1
[2024-10-09 09:34:12,628] {taskinstance.py:1358} INFO - 
--------------------------------------------------------------------------------
[2024-10-09 09:34:12,726] {taskinstance.py:1377} INFO - Executing <Task(_PythonDecoratedOperator): TSLA> on 2024-09-25 00:00:00+00:00
[2024-10-09 09:34:12,734] {standard_task_runner.py:52} INFO - Started process 14832 to run task
[2024-10-09 09:34:12,737] {standard_task_runner.py:79} INFO - Running: ['airflow', 'tasks', 'run', 'get_stocks_dag', 'TSLA', 'scheduled__2024-09-25T00:00:00+00:00', '--job-id', '161', '--raw', '--subdir', 'DAGS_FOLDER/get_stocks.py', '--cfg-path', '/tmp/tmpp_fnreqg', '--error-file', '/tmp/tmpl76v_0an']
[2024-10-09 09:34:12,738] {standard_task_runner.py:80} INFO - Job 161: Subtask TSLA
[2024-10-09 09:34:13,038] {task_command.py:370} INFO - Running <TaskInstance: get_stocks_dag.TSLA scheduled__2024-09-25T00:00:00+00:00 [running]> on host ken
[2024-10-09 09:34:13,169] {taskinstance.py:1569} INFO - Exporting the following env vars:
AIRFLOW_CTX_DAG_OWNER=airflow
AIRFLOW_CTX_DAG_ID=get_stocks_dag
AIRFLOW_CTX_TASK_ID=TSLA
AIRFLOW_CTX_EXECUTION_DATE=2024-09-25T00:00:00+00:00
AIRFLOW_CTX_TRY_NUMBER=1
AIRFLOW_CTX_DAG_RUN_ID=scheduled__2024-09-25T00:00:00+00:00
[2024-10-09 09:34:13,581] {python.py:173} INFO - Done. Returned value was: None
[2024-10-09 09:34:13,605] {taskinstance.py:1395} INFO - Marking task as SUCCESS. dag_id=get_stocks_dag, task_id=TSLA, execution_date=20240925T000000, start_date=20241009T123412, end_date=20241009T123413
[2024-10-09 09:34:13,833] {local_task_job.py:156} INFO - Task exited with return code 0
[2024-10-09 09:34:14,386] {local_task_job.py:273} INFO - 0 downstream tasks scheduled from follow-on schedule check
[2024-10-09 09:43:39,040] {taskinstance.py:1159} INFO - Dependencies all met for <TaskInstance: get_stocks_dag.TSLA scheduled__2024-09-25T00:00:00+00:00 [queued]>
[2024-10-09 09:43:39,060] {taskinstance.py:1159} INFO - Dependencies all met for <TaskInstance: get_stocks_dag.TSLA scheduled__2024-09-25T00:00:00+00:00 [queued]>
[2024-10-09 09:43:39,061] {taskinstance.py:1356} INFO - 
--------------------------------------------------------------------------------
[2024-10-09 09:43:39,061] {taskinstance.py:1357} INFO - Starting attempt 1 of 1
[2024-10-09 09:43:39,061] {taskinstance.py:1358} INFO - 
--------------------------------------------------------------------------------
[2024-10-09 09:43:39,099] {taskinstance.py:1377} INFO - Executing <Task(_PythonDecoratedOperator): TSLA> on 2024-09-25 00:00:00+00:00
[2024-10-09 09:43:39,109] {standard_task_runner.py:52} INFO - Started process 22482 to run task
[2024-10-09 09:43:39,112] {standard_task_runner.py:79} INFO - Running: ['airflow', 'tasks', 'run', 'get_stocks_dag', 'TSLA', 'scheduled__2024-09-25T00:00:00+00:00', '--job-id', '225', '--raw', '--subdir', 'DAGS_FOLDER/get_stocks.py', '--cfg-path', '/tmp/tmpbdp_yprd', '--error-file', '/tmp/tmprclqrx40']
[2024-10-09 09:43:39,113] {standard_task_runner.py:80} INFO - Job 225: Subtask TSLA
[2024-10-09 09:43:39,366] {task_command.py:370} INFO - Running <TaskInstance: get_stocks_dag.TSLA scheduled__2024-09-25T00:00:00+00:00 [running]> on host ken
[2024-10-09 09:43:39,499] {taskinstance.py:1569} INFO - Exporting the following env vars:
AIRFLOW_CTX_DAG_OWNER=airflow
AIRFLOW_CTX_DAG_ID=get_stocks_dag
AIRFLOW_CTX_TASK_ID=TSLA
AIRFLOW_CTX_EXECUTION_DATE=2024-09-25T00:00:00+00:00
AIRFLOW_CTX_TRY_NUMBER=1
AIRFLOW_CTX_DAG_RUN_ID=scheduled__2024-09-25T00:00:00+00:00
[2024-10-09 09:43:42,571] {python.py:173} INFO - Done. Returned value was: None
[2024-10-09 09:43:42,711] {taskinstance.py:1395} INFO - Marking task as SUCCESS. dag_id=get_stocks_dag, task_id=TSLA, execution_date=20240925T000000, start_date=20241009T124339, end_date=20241009T124342
[2024-10-09 09:43:42,866] {local_task_job.py:156} INFO - Task exited with return code 0
[2024-10-09 09:43:43,108] {local_task_job.py:273} INFO - 0 downstream tasks scheduled from follow-on schedule check
[2024-10-09 09:47:45,006] {taskinstance.py:1159} INFO - Dependencies all met for <TaskInstance: get_stocks_dag.TSLA scheduled__2024-09-25T00:00:00+00:00 [queued]>
[2024-10-09 09:47:45,037] {taskinstance.py:1159} INFO - Dependencies all met for <TaskInstance: get_stocks_dag.TSLA scheduled__2024-09-25T00:00:00+00:00 [queued]>
[2024-10-09 09:47:45,037] {taskinstance.py:1356} INFO - 
--------------------------------------------------------------------------------
[2024-10-09 09:47:45,038] {taskinstance.py:1357} INFO - Starting attempt 1 of 1
[2024-10-09 09:47:45,038] {taskinstance.py:1358} INFO - 
--------------------------------------------------------------------------------
[2024-10-09 09:47:46,115] {taskinstance.py:1377} INFO - Executing <Task(_PythonDecoratedOperator): TSLA> on 2024-09-25 00:00:00+00:00
[2024-10-09 09:47:46,132] {standard_task_runner.py:52} INFO - Started process 28959 to run task
[2024-10-09 09:47:46,143] {standard_task_runner.py:79} INFO - Running: ['airflow', 'tasks', 'run', 'get_stocks_dag', 'TSLA', 'scheduled__2024-09-25T00:00:00+00:00', '--job-id', '289', '--raw', '--subdir', 'DAGS_FOLDER/get_stocks.py', '--cfg-path', '/tmp/tmp2bc9gpga', '--error-file', '/tmp/tmp9l10n6m2']
[2024-10-09 09:47:46,147] {standard_task_runner.py:80} INFO - Job 289: Subtask TSLA
[2024-10-09 09:47:46,545] {task_command.py:370} INFO - Running <TaskInstance: get_stocks_dag.TSLA scheduled__2024-09-25T00:00:00+00:00 [running]> on host ken
[2024-10-09 09:47:46,730] {taskinstance.py:1569} INFO - Exporting the following env vars:
AIRFLOW_CTX_DAG_OWNER=airflow
AIRFLOW_CTX_DAG_ID=get_stocks_dag
AIRFLOW_CTX_TASK_ID=TSLA
AIRFLOW_CTX_EXECUTION_DATE=2024-09-25T00:00:00+00:00
AIRFLOW_CTX_TRY_NUMBER=1
AIRFLOW_CTX_DAG_RUN_ID=scheduled__2024-09-25T00:00:00+00:00
[2024-10-09 09:47:47,311] {python.py:173} INFO - Done. Returned value was: None
[2024-10-09 09:47:48,437] {taskinstance.py:1395} INFO - Marking task as SUCCESS. dag_id=get_stocks_dag, task_id=TSLA, execution_date=20240925T000000, start_date=20241009T124745, end_date=20241009T124748
[2024-10-09 09:47:49,053] {local_task_job.py:156} INFO - Task exited with return code 0
[2024-10-09 09:47:49,495] {local_task_job.py:273} INFO - 0 downstream tasks scheduled from follow-on schedule check
[2024-10-09 10:37:21,367] {taskinstance.py:1159} INFO - Dependencies all met for <TaskInstance: get_stocks_dag.TSLA scheduled__2024-09-25T00:00:00+00:00 [queued]>
[2024-10-09 10:37:21,471] {taskinstance.py:1159} INFO - Dependencies all met for <TaskInstance: get_stocks_dag.TSLA scheduled__2024-09-25T00:00:00+00:00 [queued]>
[2024-10-09 10:37:21,471] {taskinstance.py:1356} INFO - 
--------------------------------------------------------------------------------
[2024-10-09 10:37:21,472] {taskinstance.py:1357} INFO - Starting attempt 1 of 1
[2024-10-09 10:37:21,472] {taskinstance.py:1358} INFO - 
--------------------------------------------------------------------------------
[2024-10-09 10:37:21,674] {taskinstance.py:1377} INFO - Executing <Task(_PythonDecoratedOperator): TSLA> on 2024-09-25 00:00:00+00:00
[2024-10-09 10:37:21,687] {standard_task_runner.py:52} INFO - Started process 63115 to run task
[2024-10-09 10:37:21,697] {standard_task_runner.py:79} INFO - Running: ['airflow', 'tasks', 'run', 'get_stocks_dag', 'TSLA', 'scheduled__2024-09-25T00:00:00+00:00', '--job-id', '415', '--raw', '--subdir', 'DAGS_FOLDER/get_stocks.py', '--cfg-path', '/tmp/tmpljubmbnl', '--error-file', '/tmp/tmpfpq14tzr']
[2024-10-09 10:37:21,701] {standard_task_runner.py:80} INFO - Job 415: Subtask TSLA
[2024-10-09 10:37:22,024] {task_command.py:370} INFO - Running <TaskInstance: get_stocks_dag.TSLA scheduled__2024-09-25T00:00:00+00:00 [running]> on host ken
[2024-10-09 10:37:23,216] {taskinstance.py:1569} INFO - Exporting the following env vars:
AIRFLOW_CTX_DAG_OWNER=airflow
AIRFLOW_CTX_DAG_ID=get_stocks_dag
AIRFLOW_CTX_TASK_ID=TSLA
AIRFLOW_CTX_EXECUTION_DATE=2024-09-25T00:00:00+00:00
AIRFLOW_CTX_TRY_NUMBER=1
AIRFLOW_CTX_DAG_RUN_ID=scheduled__2024-09-25T00:00:00+00:00
[2024-10-09 10:37:33,704] {python.py:173} INFO - Done. Returned value was: None
[2024-10-09 10:37:33,760] {taskinstance.py:1395} INFO - Marking task as SUCCESS. dag_id=get_stocks_dag, task_id=TSLA, execution_date=20240925T000000, start_date=20241009T133721, end_date=20241009T133733
[2024-10-09 10:37:34,798] {local_task_job.py:156} INFO - Task exited with return code 0
[2024-10-09 10:37:34,909] {local_task_job.py:273} INFO - 0 downstream tasks scheduled from follow-on schedule check
