[2024-10-04 23:32:59,289] {processor.py:153} INFO - Started process (PID=97005) to work on /home/kennedy/.local/lib/python3.10/site-packages/airflow/example_dags/example_task_group_decorator.py
[2024-10-04 23:32:59,290] {processor.py:641} INFO - Processing file /home/kennedy/.local/lib/python3.10/site-packages/airflow/example_dags/example_task_group_decorator.py for tasks to queue
[2024-10-04 23:32:59,290] {logging_mixin.py:115} INFO - [2024-10-04 23:32:59,290] {dagbag.py:507} INFO - Filling up the DagBag from /home/kennedy/.local/lib/python3.10/site-packages/airflow/example_dags/example_task_group_decorator.py
[2024-10-04 23:32:59,318] {processor.py:651} INFO - DAG(s) dict_keys(['example_task_group_decorator']) retrieved from /home/kennedy/.local/lib/python3.10/site-packages/airflow/example_dags/example_task_group_decorator.py
[2024-10-04 23:33:01,998] {logging_mixin.py:115} INFO - [2024-10-04 23:33:01,998] {manager.py:508} INFO - Created Permission View: can edit on DAG:example_task_group_decorator
[2024-10-04 23:33:02,138] {logging_mixin.py:115} INFO - [2024-10-04 23:33:02,137] {manager.py:508} INFO - Created Permission View: can delete on DAG:example_task_group_decorator
[2024-10-04 23:33:02,300] {logging_mixin.py:115} INFO - [2024-10-04 23:33:02,300] {manager.py:508} INFO - Created Permission View: can read on DAG:example_task_group_decorator
[2024-10-04 23:33:02,301] {logging_mixin.py:115} INFO - [2024-10-04 23:33:02,301] {dag.py:2379} INFO - Sync 1 DAGs
[2024-10-04 23:33:02,318] {logging_mixin.py:115} INFO - [2024-10-04 23:33:02,318] {dag.py:2398} INFO - Creating ORM DAG for example_task_group_decorator
[2024-10-04 23:33:02,339] {logging_mixin.py:115} INFO - [2024-10-04 23:33:02,339] {dag.py:2927} INFO - Setting next_dagrun for example_task_group_decorator to 2024-10-04T02:33:02.338434+00:00, run_after=2024-10-05T02:33:02.338434+00:00
[2024-10-04 23:33:02,482] {processor.py:161} INFO - Processing /home/kennedy/.local/lib/python3.10/site-packages/airflow/example_dags/example_task_group_decorator.py took 3.195 seconds
[2024-10-04 23:34:15,285] {processor.py:153} INFO - Started process (PID=97068) to work on /home/kennedy/.local/lib/python3.10/site-packages/airflow/example_dags/example_task_group_decorator.py
[2024-10-04 23:34:15,299] {processor.py:641} INFO - Processing file /home/kennedy/.local/lib/python3.10/site-packages/airflow/example_dags/example_task_group_decorator.py for tasks to queue
[2024-10-04 23:34:15,300] {logging_mixin.py:115} INFO - [2024-10-04 23:34:15,300] {dagbag.py:507} INFO - Filling up the DagBag from /home/kennedy/.local/lib/python3.10/site-packages/airflow/example_dags/example_task_group_decorator.py
[2024-10-04 23:34:15,382] {processor.py:651} INFO - DAG(s) dict_keys(['example_task_group_decorator']) retrieved from /home/kennedy/.local/lib/python3.10/site-packages/airflow/example_dags/example_task_group_decorator.py
[2024-10-04 23:34:15,435] {logging_mixin.py:115} INFO - [2024-10-04 23:34:15,435] {dag.py:2379} INFO - Sync 1 DAGs
[2024-10-04 23:34:15,470] {logging_mixin.py:115} INFO - [2024-10-04 23:34:15,470] {dag.py:2927} INFO - Setting next_dagrun for example_task_group_decorator to 2024-10-04T02:34:15.469644+00:00, run_after=2024-10-05T02:34:15.469644+00:00
[2024-10-04 23:34:16,005] {processor.py:161} INFO - Processing /home/kennedy/.local/lib/python3.10/site-packages/airflow/example_dags/example_task_group_decorator.py took 0.726 seconds
[2024-10-04 23:35:13,400] {processor.py:153} INFO - Started process (PID=97118) to work on /home/kennedy/.local/lib/python3.10/site-packages/airflow/example_dags/example_task_group_decorator.py
[2024-10-04 23:35:13,462] {processor.py:641} INFO - Processing file /home/kennedy/.local/lib/python3.10/site-packages/airflow/example_dags/example_task_group_decorator.py for tasks to queue
[2024-10-04 23:35:13,463] {logging_mixin.py:115} INFO - [2024-10-04 23:35:13,463] {dagbag.py:507} INFO - Filling up the DagBag from /home/kennedy/.local/lib/python3.10/site-packages/airflow/example_dags/example_task_group_decorator.py
[2024-10-04 23:35:13,536] {processor.py:651} INFO - DAG(s) dict_keys(['example_task_group_decorator']) retrieved from /home/kennedy/.local/lib/python3.10/site-packages/airflow/example_dags/example_task_group_decorator.py
[2024-10-04 23:35:13,573] {logging_mixin.py:115} INFO - [2024-10-04 23:35:13,573] {dag.py:2379} INFO - Sync 1 DAGs
[2024-10-04 23:35:13,617] {logging_mixin.py:115} INFO - [2024-10-04 23:35:13,617] {dag.py:2927} INFO - Setting next_dagrun for example_task_group_decorator to 2024-10-04T02:35:13.616780+00:00, run_after=2024-10-05T02:35:13.616780+00:00
[2024-10-04 23:35:14,606] {processor.py:161} INFO - Processing /home/kennedy/.local/lib/python3.10/site-packages/airflow/example_dags/example_task_group_decorator.py took 1.213 seconds
[2024-10-04 23:36:43,694] {processor.py:153} INFO - Started process (PID=98219) to work on /home/kennedy/.local/lib/python3.10/site-packages/airflow/example_dags/example_task_group_decorator.py
[2024-10-04 23:36:43,726] {processor.py:641} INFO - Processing file /home/kennedy/.local/lib/python3.10/site-packages/airflow/example_dags/example_task_group_decorator.py for tasks to queue
[2024-10-04 23:36:43,727] {logging_mixin.py:115} INFO - [2024-10-04 23:36:43,727] {dagbag.py:507} INFO - Filling up the DagBag from /home/kennedy/.local/lib/python3.10/site-packages/airflow/example_dags/example_task_group_decorator.py
[2024-10-04 23:36:43,800] {processor.py:651} INFO - DAG(s) dict_keys(['example_task_group_decorator']) retrieved from /home/kennedy/.local/lib/python3.10/site-packages/airflow/example_dags/example_task_group_decorator.py
[2024-10-04 23:36:43,906] {logging_mixin.py:115} INFO - [2024-10-04 23:36:43,906] {dag.py:2379} INFO - Sync 1 DAGs
[2024-10-04 23:36:43,943] {logging_mixin.py:115} INFO - [2024-10-04 23:36:43,942] {dag.py:2927} INFO - Setting next_dagrun for example_task_group_decorator to 2024-10-04T02:36:43.942291+00:00, run_after=2024-10-05T02:36:43.942291+00:00
[2024-10-04 23:36:45,136] {processor.py:161} INFO - Processing /home/kennedy/.local/lib/python3.10/site-packages/airflow/example_dags/example_task_group_decorator.py took 1.450 seconds
[2024-10-04 23:37:53,136] {processor.py:153} INFO - Started process (PID=98352) to work on /home/kennedy/.local/lib/python3.10/site-packages/airflow/example_dags/example_task_group_decorator.py
[2024-10-04 23:37:53,457] {processor.py:641} INFO - Processing file /home/kennedy/.local/lib/python3.10/site-packages/airflow/example_dags/example_task_group_decorator.py for tasks to queue
[2024-10-04 23:37:53,458] {logging_mixin.py:115} INFO - [2024-10-04 23:37:53,458] {dagbag.py:507} INFO - Filling up the DagBag from /home/kennedy/.local/lib/python3.10/site-packages/airflow/example_dags/example_task_group_decorator.py
[2024-10-04 23:37:53,527] {processor.py:651} INFO - DAG(s) dict_keys(['example_task_group_decorator']) retrieved from /home/kennedy/.local/lib/python3.10/site-packages/airflow/example_dags/example_task_group_decorator.py
[2024-10-04 23:37:53,618] {logging_mixin.py:115} INFO - [2024-10-04 23:37:53,618] {dag.py:2379} INFO - Sync 1 DAGs
[2024-10-04 23:37:53,648] {logging_mixin.py:115} INFO - [2024-10-04 23:37:53,648] {dag.py:2927} INFO - Setting next_dagrun for example_task_group_decorator to 2024-10-04T02:37:53.647682+00:00, run_after=2024-10-05T02:37:53.647682+00:00
[2024-10-04 23:37:54,438] {processor.py:161} INFO - Processing /home/kennedy/.local/lib/python3.10/site-packages/airflow/example_dags/example_task_group_decorator.py took 1.309 seconds
[2024-10-04 23:39:18,788] {processor.py:153} INFO - Started process (PID=99186) to work on /home/kennedy/KR/Programação/01.Exercícios/DE/Movies/venv/lib/python3.10/site-packages/airflow/example_dags/example_task_group_decorator.py
[2024-10-04 23:39:18,800] {processor.py:641} INFO - Processing file /home/kennedy/KR/Programação/01.Exercícios/DE/Movies/venv/lib/python3.10/site-packages/airflow/example_dags/example_task_group_decorator.py for tasks to queue
[2024-10-04 23:39:18,801] {logging_mixin.py:115} INFO - [2024-10-04 23:39:18,801] {dagbag.py:507} INFO - Filling up the DagBag from /home/kennedy/KR/Programação/01.Exercícios/DE/Movies/venv/lib/python3.10/site-packages/airflow/example_dags/example_task_group_decorator.py
[2024-10-04 23:39:18,868] {processor.py:651} INFO - DAG(s) dict_keys(['example_task_group_decorator']) retrieved from /home/kennedy/KR/Programação/01.Exercícios/DE/Movies/venv/lib/python3.10/site-packages/airflow/example_dags/example_task_group_decorator.py
[2024-10-04 23:39:18,972] {logging_mixin.py:115} INFO - [2024-10-04 23:39:18,972] {dag.py:2379} INFO - Sync 1 DAGs
[2024-10-04 23:39:19,008] {logging_mixin.py:115} INFO - [2024-10-04 23:39:19,007] {dag.py:2927} INFO - Setting next_dagrun for example_task_group_decorator to 2024-10-04T02:39:19.007298+00:00, run_after=2024-10-05T02:39:19.007298+00:00
[2024-10-04 23:39:20,938] {processor.py:161} INFO - Processing /home/kennedy/KR/Programação/01.Exercícios/DE/Movies/venv/lib/python3.10/site-packages/airflow/example_dags/example_task_group_decorator.py took 2.157 seconds
[2024-10-04 23:39:52,059] {processor.py:153} INFO - Started process (PID=99217) to work on /home/kennedy/.local/lib/python3.10/site-packages/airflow/example_dags/example_task_group_decorator.py
[2024-10-04 23:39:52,075] {processor.py:641} INFO - Processing file /home/kennedy/.local/lib/python3.10/site-packages/airflow/example_dags/example_task_group_decorator.py for tasks to queue
[2024-10-04 23:39:52,076] {logging_mixin.py:115} INFO - [2024-10-04 23:39:52,076] {dagbag.py:507} INFO - Filling up the DagBag from /home/kennedy/.local/lib/python3.10/site-packages/airflow/example_dags/example_task_group_decorator.py
[2024-10-04 23:39:52,165] {processor.py:651} INFO - DAG(s) dict_keys(['example_task_group_decorator']) retrieved from /home/kennedy/.local/lib/python3.10/site-packages/airflow/example_dags/example_task_group_decorator.py
[2024-10-04 23:39:52,269] {logging_mixin.py:115} INFO - [2024-10-04 23:39:52,269] {dag.py:2379} INFO - Sync 1 DAGs
[2024-10-04 23:39:52,304] {logging_mixin.py:115} INFO - [2024-10-04 23:39:52,304] {dag.py:2927} INFO - Setting next_dagrun for example_task_group_decorator to 2024-10-04T02:39:52.303821+00:00, run_after=2024-10-05T02:39:52.303821+00:00
[2024-10-04 23:39:53,981] {processor.py:161} INFO - Processing /home/kennedy/.local/lib/python3.10/site-packages/airflow/example_dags/example_task_group_decorator.py took 1.929 seconds
[2024-10-04 23:41:21,036] {processor.py:153} INFO - Started process (PID=99442) to work on /home/kennedy/.local/lib/python3.10/site-packages/airflow/example_dags/example_task_group_decorator.py
[2024-10-04 23:41:21,042] {processor.py:641} INFO - Processing file /home/kennedy/.local/lib/python3.10/site-packages/airflow/example_dags/example_task_group_decorator.py for tasks to queue
[2024-10-04 23:41:21,043] {logging_mixin.py:115} INFO - [2024-10-04 23:41:21,043] {dagbag.py:507} INFO - Filling up the DagBag from /home/kennedy/.local/lib/python3.10/site-packages/airflow/example_dags/example_task_group_decorator.py
[2024-10-04 23:41:21,130] {processor.py:651} INFO - DAG(s) dict_keys(['example_task_group_decorator']) retrieved from /home/kennedy/.local/lib/python3.10/site-packages/airflow/example_dags/example_task_group_decorator.py
[2024-10-04 23:41:21,172] {logging_mixin.py:115} INFO - [2024-10-04 23:41:21,172] {dag.py:2379} INFO - Sync 1 DAGs
[2024-10-04 23:41:21,213] {logging_mixin.py:115} INFO - [2024-10-04 23:41:21,213] {dag.py:2927} INFO - Setting next_dagrun for example_task_group_decorator to 2024-10-04T02:41:21.212796+00:00, run_after=2024-10-05T02:41:21.212796+00:00
[2024-10-04 23:41:22,300] {processor.py:161} INFO - Processing /home/kennedy/.local/lib/python3.10/site-packages/airflow/example_dags/example_task_group_decorator.py took 1.272 seconds
[2024-10-04 23:42:54,096] {processor.py:153} INFO - Started process (PID=99775) to work on /home/kennedy/.local/lib/python3.10/site-packages/airflow/example_dags/example_task_group_decorator.py
[2024-10-04 23:42:54,106] {processor.py:641} INFO - Processing file /home/kennedy/.local/lib/python3.10/site-packages/airflow/example_dags/example_task_group_decorator.py for tasks to queue
[2024-10-04 23:42:54,107] {logging_mixin.py:115} INFO - [2024-10-04 23:42:54,107] {dagbag.py:507} INFO - Filling up the DagBag from /home/kennedy/.local/lib/python3.10/site-packages/airflow/example_dags/example_task_group_decorator.py
[2024-10-04 23:42:54,188] {processor.py:651} INFO - DAG(s) dict_keys(['example_task_group_decorator']) retrieved from /home/kennedy/.local/lib/python3.10/site-packages/airflow/example_dags/example_task_group_decorator.py
[2024-10-04 23:42:54,315] {logging_mixin.py:115} INFO - [2024-10-04 23:42:54,315] {dag.py:2379} INFO - Sync 1 DAGs
[2024-10-04 23:42:54,350] {logging_mixin.py:115} INFO - [2024-10-04 23:42:54,350] {dag.py:2927} INFO - Setting next_dagrun for example_task_group_decorator to 2024-10-04T02:42:54.350365+00:00, run_after=2024-10-05T02:42:54.350365+00:00
[2024-10-04 23:42:54,435] {processor.py:161} INFO - Processing /home/kennedy/.local/lib/python3.10/site-packages/airflow/example_dags/example_task_group_decorator.py took 0.347 seconds
[2024-10-04 23:43:01,914] {processor.py:153} INFO - Started process (PID=99784) to work on /home/kennedy/.local/lib/python3.10/site-packages/airflow/example_dags/example_task_group_decorator.py
[2024-10-04 23:43:03,075] {processor.py:641} INFO - Processing file /home/kennedy/.local/lib/python3.10/site-packages/airflow/example_dags/example_task_group_decorator.py for tasks to queue
[2024-10-04 23:43:03,076] {logging_mixin.py:115} INFO - [2024-10-04 23:43:03,076] {dagbag.py:507} INFO - Filling up the DagBag from /home/kennedy/.local/lib/python3.10/site-packages/airflow/example_dags/example_task_group_decorator.py
[2024-10-04 23:43:03,146] {processor.py:651} INFO - DAG(s) dict_keys(['example_task_group_decorator']) retrieved from /home/kennedy/.local/lib/python3.10/site-packages/airflow/example_dags/example_task_group_decorator.py
[2024-10-04 23:43:03,163] {logging_mixin.py:115} INFO - [2024-10-04 23:43:03,163] {dag.py:2379} INFO - Sync 1 DAGs
[2024-10-04 23:43:03,201] {logging_mixin.py:115} INFO - [2024-10-04 23:43:03,200] {dag.py:2927} INFO - Setting next_dagrun for example_task_group_decorator to 2024-10-04T02:43:03.200326+00:00, run_after=2024-10-05T02:43:03.200326+00:00
[2024-10-04 23:43:03,643] {processor.py:161} INFO - Processing /home/kennedy/.local/lib/python3.10/site-packages/airflow/example_dags/example_task_group_decorator.py took 1.736 seconds
[2024-10-04 23:44:06,137] {processor.py:153} INFO - Started process (PID=99862) to work on /home/kennedy/.local/lib/python3.10/site-packages/airflow/example_dags/example_task_group_decorator.py
[2024-10-04 23:44:06,444] {processor.py:641} INFO - Processing file /home/kennedy/.local/lib/python3.10/site-packages/airflow/example_dags/example_task_group_decorator.py for tasks to queue
[2024-10-04 23:44:06,445] {logging_mixin.py:115} INFO - [2024-10-04 23:44:06,445] {dagbag.py:507} INFO - Filling up the DagBag from /home/kennedy/.local/lib/python3.10/site-packages/airflow/example_dags/example_task_group_decorator.py
[2024-10-04 23:44:06,524] {processor.py:651} INFO - DAG(s) dict_keys(['example_task_group_decorator']) retrieved from /home/kennedy/.local/lib/python3.10/site-packages/airflow/example_dags/example_task_group_decorator.py
[2024-10-04 23:44:06,565] {logging_mixin.py:115} INFO - [2024-10-04 23:44:06,564] {dag.py:2379} INFO - Sync 1 DAGs
[2024-10-04 23:44:06,605] {logging_mixin.py:115} INFO - [2024-10-04 23:44:06,605] {dag.py:2927} INFO - Setting next_dagrun for example_task_group_decorator to 2024-10-04T02:44:06.604483+00:00, run_after=2024-10-05T02:44:06.604483+00:00
[2024-10-04 23:44:06,779] {processor.py:161} INFO - Processing /home/kennedy/.local/lib/python3.10/site-packages/airflow/example_dags/example_task_group_decorator.py took 0.650 seconds
[2024-10-04 23:44:45,245] {processor.py:153} INFO - Started process (PID=100005) to work on /home/kennedy/.local/lib/python3.10/site-packages/airflow/example_dags/example_task_group_decorator.py
[2024-10-04 23:44:45,557] {processor.py:641} INFO - Processing file /home/kennedy/.local/lib/python3.10/site-packages/airflow/example_dags/example_task_group_decorator.py for tasks to queue
[2024-10-04 23:44:45,559] {logging_mixin.py:115} INFO - [2024-10-04 23:44:45,558] {dagbag.py:507} INFO - Filling up the DagBag from /home/kennedy/.local/lib/python3.10/site-packages/airflow/example_dags/example_task_group_decorator.py
[2024-10-04 23:44:45,627] {processor.py:651} INFO - DAG(s) dict_keys(['example_task_group_decorator']) retrieved from /home/kennedy/.local/lib/python3.10/site-packages/airflow/example_dags/example_task_group_decorator.py
[2024-10-04 23:44:45,723] {logging_mixin.py:115} INFO - [2024-10-04 23:44:45,723] {dag.py:2379} INFO - Sync 1 DAGs
[2024-10-04 23:44:45,753] {logging_mixin.py:115} INFO - [2024-10-04 23:44:45,753] {dag.py:2927} INFO - Setting next_dagrun for example_task_group_decorator to 2024-10-04T02:44:45.752651+00:00, run_after=2024-10-05T02:44:45.752651+00:00
[2024-10-04 23:44:45,898] {processor.py:161} INFO - Processing /home/kennedy/.local/lib/python3.10/site-packages/airflow/example_dags/example_task_group_decorator.py took 0.660 seconds
[2024-10-04 23:46:56,998] {processor.py:153} INFO - Started process (PID=101209) to work on /home/kennedy/.local/lib/python3.10/site-packages/airflow/example_dags/example_task_group_decorator.py
[2024-10-04 23:46:57,009] {processor.py:641} INFO - Processing file /home/kennedy/.local/lib/python3.10/site-packages/airflow/example_dags/example_task_group_decorator.py for tasks to queue
[2024-10-04 23:46:57,010] {logging_mixin.py:115} INFO - [2024-10-04 23:46:57,010] {dagbag.py:507} INFO - Filling up the DagBag from /home/kennedy/.local/lib/python3.10/site-packages/airflow/example_dags/example_task_group_decorator.py
[2024-10-04 23:46:57,077] {processor.py:651} INFO - DAG(s) dict_keys(['example_task_group_decorator']) retrieved from /home/kennedy/.local/lib/python3.10/site-packages/airflow/example_dags/example_task_group_decorator.py
[2024-10-04 23:46:57,163] {logging_mixin.py:115} INFO - [2024-10-04 23:46:57,163] {dag.py:2379} INFO - Sync 1 DAGs
[2024-10-04 23:46:57,826] {logging_mixin.py:115} INFO - [2024-10-04 23:46:57,826] {dag.py:2927} INFO - Setting next_dagrun for example_task_group_decorator to 2024-10-04T02:46:57.825379+00:00, run_after=2024-10-05T02:46:57.825379+00:00
[2024-10-04 23:46:57,948] {processor.py:161} INFO - Processing /home/kennedy/.local/lib/python3.10/site-packages/airflow/example_dags/example_task_group_decorator.py took 0.956 seconds
[2024-10-04 23:48:58,074] {processor.py:153} INFO - Started process (PID=102238) to work on /home/kennedy/.local/lib/python3.10/site-packages/airflow/example_dags/example_task_group_decorator.py
[2024-10-04 23:48:59,142] {processor.py:641} INFO - Processing file /home/kennedy/.local/lib/python3.10/site-packages/airflow/example_dags/example_task_group_decorator.py for tasks to queue
[2024-10-04 23:48:59,143] {logging_mixin.py:115} INFO - [2024-10-04 23:48:59,143] {dagbag.py:507} INFO - Filling up the DagBag from /home/kennedy/.local/lib/python3.10/site-packages/airflow/example_dags/example_task_group_decorator.py
[2024-10-04 23:48:59,253] {processor.py:651} INFO - DAG(s) dict_keys(['example_task_group_decorator']) retrieved from /home/kennedy/.local/lib/python3.10/site-packages/airflow/example_dags/example_task_group_decorator.py
[2024-10-04 23:48:59,765] {logging_mixin.py:115} INFO - [2024-10-04 23:48:59,765] {dag.py:2379} INFO - Sync 1 DAGs
[2024-10-04 23:48:59,783] {logging_mixin.py:115} INFO - [2024-10-04 23:48:59,783] {dag.py:2927} INFO - Setting next_dagrun for example_task_group_decorator to 2024-10-04T02:48:59.783433+00:00, run_after=2024-10-05T02:48:59.783433+00:00
[2024-10-04 23:49:00,317] {processor.py:161} INFO - Processing /home/kennedy/.local/lib/python3.10/site-packages/airflow/example_dags/example_task_group_decorator.py took 2.251 seconds
[2024-10-04 23:51:06,632] {processor.py:153} INFO - Started process (PID=102668) to work on /home/kennedy/.local/lib/python3.10/site-packages/airflow/example_dags/example_task_group_decorator.py
[2024-10-04 23:51:07,677] {processor.py:641} INFO - Processing file /home/kennedy/.local/lib/python3.10/site-packages/airflow/example_dags/example_task_group_decorator.py for tasks to queue
[2024-10-04 23:51:07,678] {logging_mixin.py:115} INFO - [2024-10-04 23:51:07,678] {dagbag.py:507} INFO - Filling up the DagBag from /home/kennedy/.local/lib/python3.10/site-packages/airflow/example_dags/example_task_group_decorator.py
[2024-10-04 23:51:07,761] {processor.py:651} INFO - DAG(s) dict_keys(['example_task_group_decorator']) retrieved from /home/kennedy/.local/lib/python3.10/site-packages/airflow/example_dags/example_task_group_decorator.py
[2024-10-04 23:51:07,798] {logging_mixin.py:115} INFO - [2024-10-04 23:51:07,798] {dag.py:2379} INFO - Sync 1 DAGs
[2024-10-04 23:51:07,836] {logging_mixin.py:115} INFO - [2024-10-04 23:51:07,835] {dag.py:2927} INFO - Setting next_dagrun for example_task_group_decorator to 2024-10-04T02:51:07.835006+00:00, run_after=2024-10-05T02:51:07.835006+00:00
[2024-10-04 23:51:08,082] {processor.py:161} INFO - Processing /home/kennedy/.local/lib/python3.10/site-packages/airflow/example_dags/example_task_group_decorator.py took 1.456 seconds
[2024-10-04 23:52:41,472] {processor.py:153} INFO - Started process (PID=102855) to work on /home/kennedy/.local/lib/python3.10/site-packages/airflow/example_dags/example_task_group_decorator.py
[2024-10-04 23:52:41,491] {processor.py:641} INFO - Processing file /home/kennedy/.local/lib/python3.10/site-packages/airflow/example_dags/example_task_group_decorator.py for tasks to queue
[2024-10-04 23:52:41,492] {logging_mixin.py:115} INFO - [2024-10-04 23:52:41,492] {dagbag.py:507} INFO - Filling up the DagBag from /home/kennedy/.local/lib/python3.10/site-packages/airflow/example_dags/example_task_group_decorator.py
[2024-10-04 23:52:41,565] {processor.py:651} INFO - DAG(s) dict_keys(['example_task_group_decorator']) retrieved from /home/kennedy/.local/lib/python3.10/site-packages/airflow/example_dags/example_task_group_decorator.py
[2024-10-04 23:52:41,686] {logging_mixin.py:115} INFO - [2024-10-04 23:52:41,685] {dag.py:2379} INFO - Sync 1 DAGs
[2024-10-04 23:52:41,721] {logging_mixin.py:115} INFO - [2024-10-04 23:52:41,721] {dag.py:2927} INFO - Setting next_dagrun for example_task_group_decorator to 2024-10-04T02:52:41.721182+00:00, run_after=2024-10-05T02:52:41.721182+00:00
[2024-10-04 23:52:43,314] {processor.py:161} INFO - Processing /home/kennedy/.local/lib/python3.10/site-packages/airflow/example_dags/example_task_group_decorator.py took 1.849 seconds
[2024-10-04 23:54:12,412] {processor.py:153} INFO - Started process (PID=103848) to work on /home/kennedy/.local/lib/python3.10/site-packages/airflow/example_dags/example_task_group_decorator.py
[2024-10-04 23:54:12,526] {processor.py:641} INFO - Processing file /home/kennedy/.local/lib/python3.10/site-packages/airflow/example_dags/example_task_group_decorator.py for tasks to queue
[2024-10-04 23:54:12,528] {logging_mixin.py:115} INFO - [2024-10-04 23:54:12,527] {dagbag.py:507} INFO - Filling up the DagBag from /home/kennedy/.local/lib/python3.10/site-packages/airflow/example_dags/example_task_group_decorator.py
[2024-10-04 23:54:12,613] {processor.py:651} INFO - DAG(s) dict_keys(['example_task_group_decorator']) retrieved from /home/kennedy/.local/lib/python3.10/site-packages/airflow/example_dags/example_task_group_decorator.py
[2024-10-04 23:54:12,723] {logging_mixin.py:115} INFO - [2024-10-04 23:54:12,723] {dag.py:2379} INFO - Sync 1 DAGs
[2024-10-04 23:54:12,757] {logging_mixin.py:115} INFO - [2024-10-04 23:54:12,757] {dag.py:2927} INFO - Setting next_dagrun for example_task_group_decorator to 2024-10-04T02:54:12.757102+00:00, run_after=2024-10-05T02:54:12.757102+00:00
[2024-10-04 23:54:13,718] {processor.py:161} INFO - Processing /home/kennedy/.local/lib/python3.10/site-packages/airflow/example_dags/example_task_group_decorator.py took 1.312 seconds
[2024-10-04 23:56:06,275] {processor.py:153} INFO - Started process (PID=104273) to work on /home/kennedy/.local/lib/python3.10/site-packages/airflow/example_dags/example_task_group_decorator.py
[2024-10-04 23:56:06,341] {processor.py:641} INFO - Processing file /home/kennedy/.local/lib/python3.10/site-packages/airflow/example_dags/example_task_group_decorator.py for tasks to queue
[2024-10-04 23:56:06,343] {logging_mixin.py:115} INFO - [2024-10-04 23:56:06,342] {dagbag.py:507} INFO - Filling up the DagBag from /home/kennedy/.local/lib/python3.10/site-packages/airflow/example_dags/example_task_group_decorator.py
[2024-10-04 23:56:06,452] {processor.py:651} INFO - DAG(s) dict_keys(['example_task_group_decorator']) retrieved from /home/kennedy/.local/lib/python3.10/site-packages/airflow/example_dags/example_task_group_decorator.py
[2024-10-04 23:56:06,510] {logging_mixin.py:115} INFO - [2024-10-04 23:56:06,510] {dag.py:2379} INFO - Sync 1 DAGs
[2024-10-04 23:56:06,566] {logging_mixin.py:115} INFO - [2024-10-04 23:56:06,566] {dag.py:2927} INFO - Setting next_dagrun for example_task_group_decorator to 2024-10-04T02:56:06.565674+00:00, run_after=2024-10-05T02:56:06.565674+00:00
[2024-10-04 23:56:08,162] {processor.py:161} INFO - Processing /home/kennedy/.local/lib/python3.10/site-packages/airflow/example_dags/example_task_group_decorator.py took 1.890 seconds
[2024-10-04 23:58:08,430] {processor.py:153} INFO - Started process (PID=105252) to work on /home/kennedy/.local/lib/python3.10/site-packages/airflow/example_dags/example_task_group_decorator.py
[2024-10-04 23:58:08,917] {processor.py:641} INFO - Processing file /home/kennedy/.local/lib/python3.10/site-packages/airflow/example_dags/example_task_group_decorator.py for tasks to queue
[2024-10-04 23:58:08,918] {logging_mixin.py:115} INFO - [2024-10-04 23:58:08,918] {dagbag.py:507} INFO - Filling up the DagBag from /home/kennedy/.local/lib/python3.10/site-packages/airflow/example_dags/example_task_group_decorator.py
[2024-10-04 23:58:08,989] {processor.py:651} INFO - DAG(s) dict_keys(['example_task_group_decorator']) retrieved from /home/kennedy/.local/lib/python3.10/site-packages/airflow/example_dags/example_task_group_decorator.py
[2024-10-04 23:58:09,084] {logging_mixin.py:115} INFO - [2024-10-04 23:58:09,084] {dag.py:2379} INFO - Sync 1 DAGs
[2024-10-04 23:58:09,116] {logging_mixin.py:115} INFO - [2024-10-04 23:58:09,116] {dag.py:2927} INFO - Setting next_dagrun for example_task_group_decorator to 2024-10-04T02:58:09.115930+00:00, run_after=2024-10-05T02:58:09.115930+00:00
[2024-10-04 23:58:09,202] {processor.py:161} INFO - Processing /home/kennedy/.local/lib/python3.10/site-packages/airflow/example_dags/example_task_group_decorator.py took 0.780 seconds
[2024-10-05 00:00:07,442] {processor.py:153} INFO - Started process (PID=105489) to work on /home/kennedy/.local/lib/python3.10/site-packages/airflow/example_dags/example_task_group_decorator.py
[2024-10-05 00:00:07,450] {processor.py:641} INFO - Processing file /home/kennedy/.local/lib/python3.10/site-packages/airflow/example_dags/example_task_group_decorator.py for tasks to queue
[2024-10-05 00:00:07,451] {logging_mixin.py:115} INFO - [2024-10-05 00:00:07,451] {dagbag.py:507} INFO - Filling up the DagBag from /home/kennedy/.local/lib/python3.10/site-packages/airflow/example_dags/example_task_group_decorator.py
[2024-10-05 00:00:07,521] {processor.py:651} INFO - DAG(s) dict_keys(['example_task_group_decorator']) retrieved from /home/kennedy/.local/lib/python3.10/site-packages/airflow/example_dags/example_task_group_decorator.py
[2024-10-05 00:00:07,557] {logging_mixin.py:115} INFO - [2024-10-05 00:00:07,557] {dag.py:2379} INFO - Sync 1 DAGs
[2024-10-05 00:00:07,594] {logging_mixin.py:115} INFO - [2024-10-05 00:00:07,593] {dag.py:2927} INFO - Setting next_dagrun for example_task_group_decorator to 2024-10-04T03:00:07.593252+00:00, run_after=2024-10-05T03:00:07.593252+00:00
[2024-10-05 00:00:09,596] {processor.py:161} INFO - Processing /home/kennedy/.local/lib/python3.10/site-packages/airflow/example_dags/example_task_group_decorator.py took 2.162 seconds
[2024-10-05 00:01:34,580] {processor.py:153} INFO - Started process (PID=105851) to work on /home/kennedy/.local/lib/python3.10/site-packages/airflow/example_dags/example_task_group_decorator.py
[2024-10-05 00:01:34,586] {processor.py:641} INFO - Processing file /home/kennedy/.local/lib/python3.10/site-packages/airflow/example_dags/example_task_group_decorator.py for tasks to queue
[2024-10-05 00:01:34,587] {logging_mixin.py:115} INFO - [2024-10-05 00:01:34,587] {dagbag.py:507} INFO - Filling up the DagBag from /home/kennedy/.local/lib/python3.10/site-packages/airflow/example_dags/example_task_group_decorator.py
[2024-10-05 00:01:34,656] {processor.py:651} INFO - DAG(s) dict_keys(['example_task_group_decorator']) retrieved from /home/kennedy/.local/lib/python3.10/site-packages/airflow/example_dags/example_task_group_decorator.py
[2024-10-05 00:01:34,692] {logging_mixin.py:115} INFO - [2024-10-05 00:01:34,692] {dag.py:2379} INFO - Sync 1 DAGs
[2024-10-05 00:01:34,730] {logging_mixin.py:115} INFO - [2024-10-05 00:01:34,730] {dag.py:2927} INFO - Setting next_dagrun for example_task_group_decorator to 2024-10-04T03:01:34.729625+00:00, run_after=2024-10-05T03:01:34.729625+00:00
[2024-10-05 00:01:36,012] {processor.py:161} INFO - Processing /home/kennedy/.local/lib/python3.10/site-packages/airflow/example_dags/example_task_group_decorator.py took 1.439 seconds
