[2024-10-04 23:33:10,061] {processor.py:153} INFO - Started process (PID=97035) to work on /home/kennedy/.local/lib/python3.10/site-packages/airflow/example_dags/example_python_operator.py
[2024-10-04 23:33:10,062] {processor.py:641} INFO - Processing file /home/kennedy/.local/lib/python3.10/site-packages/airflow/example_dags/example_python_operator.py for tasks to queue
[2024-10-04 23:33:10,063] {logging_mixin.py:115} INFO - [2024-10-04 23:33:10,062] {dagbag.py:507} INFO - Filling up the DagBag from /home/kennedy/.local/lib/python3.10/site-packages/airflow/example_dags/example_python_operator.py
[2024-10-04 23:33:10,124] {processor.py:651} INFO - DAG(s) dict_keys(['example_python_operator']) retrieved from /home/kennedy/.local/lib/python3.10/site-packages/airflow/example_dags/example_python_operator.py
[2024-10-04 23:33:10,497] {logging_mixin.py:115} INFO - [2024-10-04 23:33:10,497] {manager.py:508} INFO - Created Permission View: can edit on DAG:example_python_operator
[2024-10-04 23:33:10,610] {logging_mixin.py:115} INFO - [2024-10-04 23:33:10,610] {manager.py:508} INFO - Created Permission View: can delete on DAG:example_python_operator
[2024-10-04 23:33:10,723] {logging_mixin.py:115} INFO - [2024-10-04 23:33:10,723] {manager.py:508} INFO - Created Permission View: can read on DAG:example_python_operator
[2024-10-04 23:33:10,723] {logging_mixin.py:115} INFO - [2024-10-04 23:33:10,723] {dag.py:2379} INFO - Sync 1 DAGs
[2024-10-04 23:33:10,750] {logging_mixin.py:115} INFO - [2024-10-04 23:33:10,749] {dag.py:2398} INFO - Creating ORM DAG for example_python_operator
[2024-10-04 23:33:10,775] {logging_mixin.py:115} INFO - [2024-10-04 23:33:10,775] {dag.py:2927} INFO - Setting next_dagrun for example_python_operator to None, run_after=None
[2024-10-04 23:33:11,876] {processor.py:161} INFO - Processing /home/kennedy/.local/lib/python3.10/site-packages/airflow/example_dags/example_python_operator.py took 1.822 seconds
[2024-10-04 23:34:19,290] {processor.py:153} INFO - Started process (PID=97071) to work on /home/kennedy/.local/lib/python3.10/site-packages/airflow/example_dags/example_python_operator.py
[2024-10-04 23:34:19,299] {processor.py:641} INFO - Processing file /home/kennedy/.local/lib/python3.10/site-packages/airflow/example_dags/example_python_operator.py for tasks to queue
[2024-10-04 23:34:19,301] {logging_mixin.py:115} INFO - [2024-10-04 23:34:19,300] {dagbag.py:507} INFO - Filling up the DagBag from /home/kennedy/.local/lib/python3.10/site-packages/airflow/example_dags/example_python_operator.py
[2024-10-04 23:34:19,371] {processor.py:651} INFO - DAG(s) dict_keys(['example_python_operator']) retrieved from /home/kennedy/.local/lib/python3.10/site-packages/airflow/example_dags/example_python_operator.py
[2024-10-04 23:34:19,417] {logging_mixin.py:115} INFO - [2024-10-04 23:34:19,417] {dag.py:2379} INFO - Sync 1 DAGs
[2024-10-04 23:34:19,462] {logging_mixin.py:115} INFO - [2024-10-04 23:34:19,461] {dag.py:2927} INFO - Setting next_dagrun for example_python_operator to None, run_after=None
[2024-10-04 23:34:19,599] {processor.py:161} INFO - Processing /home/kennedy/.local/lib/python3.10/site-packages/airflow/example_dags/example_python_operator.py took 0.317 seconds
[2024-10-04 23:35:18,949] {processor.py:153} INFO - Started process (PID=97121) to work on /home/kennedy/.local/lib/python3.10/site-packages/airflow/example_dags/example_python_operator.py
[2024-10-04 23:35:18,960] {processor.py:641} INFO - Processing file /home/kennedy/.local/lib/python3.10/site-packages/airflow/example_dags/example_python_operator.py for tasks to queue
[2024-10-04 23:35:18,961] {logging_mixin.py:115} INFO - [2024-10-04 23:35:18,961] {dagbag.py:507} INFO - Filling up the DagBag from /home/kennedy/.local/lib/python3.10/site-packages/airflow/example_dags/example_python_operator.py
[2024-10-04 23:35:19,012] {processor.py:651} INFO - DAG(s) dict_keys(['example_python_operator']) retrieved from /home/kennedy/.local/lib/python3.10/site-packages/airflow/example_dags/example_python_operator.py
[2024-10-04 23:35:19,045] {logging_mixin.py:115} INFO - [2024-10-04 23:35:19,045] {dag.py:2379} INFO - Sync 1 DAGs
[2024-10-04 23:35:19,084] {logging_mixin.py:115} INFO - [2024-10-04 23:35:19,084] {dag.py:2927} INFO - Setting next_dagrun for example_python_operator to None, run_after=None
[2024-10-04 23:35:19,213] {processor.py:161} INFO - Processing /home/kennedy/.local/lib/python3.10/site-packages/airflow/example_dags/example_python_operator.py took 0.270 seconds
[2024-10-04 23:36:53,646] {processor.py:153} INFO - Started process (PID=98278) to work on /home/kennedy/.local/lib/python3.10/site-packages/airflow/example_dags/example_python_operator.py
[2024-10-04 23:36:54,264] {processor.py:641} INFO - Processing file /home/kennedy/.local/lib/python3.10/site-packages/airflow/example_dags/example_python_operator.py for tasks to queue
[2024-10-04 23:36:54,265] {logging_mixin.py:115} INFO - [2024-10-04 23:36:54,265] {dagbag.py:507} INFO - Filling up the DagBag from /home/kennedy/.local/lib/python3.10/site-packages/airflow/example_dags/example_python_operator.py
[2024-10-04 23:36:54,323] {processor.py:651} INFO - DAG(s) dict_keys(['example_python_operator']) retrieved from /home/kennedy/.local/lib/python3.10/site-packages/airflow/example_dags/example_python_operator.py
[2024-10-04 23:36:54,405] {logging_mixin.py:115} INFO - [2024-10-04 23:36:54,405] {dag.py:2379} INFO - Sync 1 DAGs
[2024-10-04 23:36:54,423] {logging_mixin.py:115} INFO - [2024-10-04 23:36:54,423] {dag.py:2927} INFO - Setting next_dagrun for example_python_operator to None, run_after=None
[2024-10-04 23:36:55,021] {processor.py:161} INFO - Processing /home/kennedy/.local/lib/python3.10/site-packages/airflow/example_dags/example_python_operator.py took 1.380 seconds
[2024-10-04 23:38:46,403] {processor.py:153} INFO - Started process (PID=98926) to work on /home/kennedy/.local/lib/python3.10/site-packages/airflow/example_dags/example_python_operator.py
[2024-10-04 23:38:46,778] {processor.py:641} INFO - Processing file /home/kennedy/.local/lib/python3.10/site-packages/airflow/example_dags/example_python_operator.py for tasks to queue
[2024-10-04 23:38:46,779] {logging_mixin.py:115} INFO - [2024-10-04 23:38:46,779] {dagbag.py:507} INFO - Filling up the DagBag from /home/kennedy/.local/lib/python3.10/site-packages/airflow/example_dags/example_python_operator.py
[2024-10-04 23:38:46,836] {processor.py:651} INFO - DAG(s) dict_keys(['example_python_operator']) retrieved from /home/kennedy/.local/lib/python3.10/site-packages/airflow/example_dags/example_python_operator.py
[2024-10-04 23:38:46,935] {logging_mixin.py:115} INFO - [2024-10-04 23:38:46,935] {dag.py:2379} INFO - Sync 1 DAGs
[2024-10-04 23:38:46,980] {logging_mixin.py:115} INFO - [2024-10-04 23:38:46,980] {dag.py:2927} INFO - Setting next_dagrun for example_python_operator to None, run_after=None
[2024-10-04 23:38:47,509] {processor.py:161} INFO - Processing /home/kennedy/.local/lib/python3.10/site-packages/airflow/example_dags/example_python_operator.py took 1.114 seconds
[2024-10-04 23:39:32,699] {processor.py:153} INFO - Started process (PID=99202) to work on /home/kennedy/KR/Programação/01.Exercícios/DE/Movies/venv/lib/python3.10/site-packages/airflow/example_dags/example_python_operator.py
[2024-10-04 23:39:33,039] {processor.py:641} INFO - Processing file /home/kennedy/KR/Programação/01.Exercícios/DE/Movies/venv/lib/python3.10/site-packages/airflow/example_dags/example_python_operator.py for tasks to queue
[2024-10-04 23:39:33,040] {logging_mixin.py:115} INFO - [2024-10-04 23:39:33,040] {dagbag.py:507} INFO - Filling up the DagBag from /home/kennedy/KR/Programação/01.Exercícios/DE/Movies/venv/lib/python3.10/site-packages/airflow/example_dags/example_python_operator.py
[2024-10-04 23:39:33,064] {processor.py:651} INFO - DAG(s) dict_keys(['example_python_operator']) retrieved from /home/kennedy/KR/Programação/01.Exercícios/DE/Movies/venv/lib/python3.10/site-packages/airflow/example_dags/example_python_operator.py
[2024-10-04 23:39:37,720] {logging_mixin.py:115} INFO - [2024-10-04 23:39:37,720] {dag.py:2379} INFO - Sync 1 DAGs
[2024-10-04 23:39:37,883] {logging_mixin.py:115} INFO - [2024-10-04 23:39:37,883] {dag.py:2927} INFO - Setting next_dagrun for example_python_operator to None, run_after=None
[2024-10-04 23:39:38,200] {processor.py:161} INFO - Processing /home/kennedy/KR/Programação/01.Exercícios/DE/Movies/venv/lib/python3.10/site-packages/airflow/example_dags/example_python_operator.py took 5.504 seconds
[2024-10-04 23:40:37,942] {processor.py:153} INFO - Started process (PID=99350) to work on /home/kennedy/.local/lib/python3.10/site-packages/airflow/example_dags/example_python_operator.py
[2024-10-04 23:40:37,950] {processor.py:641} INFO - Processing file /home/kennedy/.local/lib/python3.10/site-packages/airflow/example_dags/example_python_operator.py for tasks to queue
[2024-10-04 23:40:37,951] {logging_mixin.py:115} INFO - [2024-10-04 23:40:37,951] {dagbag.py:507} INFO - Filling up the DagBag from /home/kennedy/.local/lib/python3.10/site-packages/airflow/example_dags/example_python_operator.py
[2024-10-04 23:40:38,004] {processor.py:651} INFO - DAG(s) dict_keys(['example_python_operator']) retrieved from /home/kennedy/.local/lib/python3.10/site-packages/airflow/example_dags/example_python_operator.py
[2024-10-04 23:40:38,110] {logging_mixin.py:115} INFO - [2024-10-04 23:40:38,110] {dag.py:2379} INFO - Sync 1 DAGs
[2024-10-04 23:40:38,148] {logging_mixin.py:115} INFO - [2024-10-04 23:40:38,147] {dag.py:2927} INFO - Setting next_dagrun for example_python_operator to None, run_after=None
[2024-10-04 23:40:39,171] {processor.py:161} INFO - Processing /home/kennedy/.local/lib/python3.10/site-packages/airflow/example_dags/example_python_operator.py took 1.236 seconds
[2024-10-04 23:41:57,622] {processor.py:153} INFO - Started process (PID=99586) to work on /home/kennedy/.local/lib/python3.10/site-packages/airflow/example_dags/example_python_operator.py
[2024-10-04 23:41:57,636] {processor.py:641} INFO - Processing file /home/kennedy/.local/lib/python3.10/site-packages/airflow/example_dags/example_python_operator.py for tasks to queue
[2024-10-04 23:41:57,638] {logging_mixin.py:115} INFO - [2024-10-04 23:41:57,637] {dagbag.py:507} INFO - Filling up the DagBag from /home/kennedy/.local/lib/python3.10/site-packages/airflow/example_dags/example_python_operator.py
[2024-10-04 23:41:57,691] {processor.py:651} INFO - DAG(s) dict_keys(['example_python_operator']) retrieved from /home/kennedy/.local/lib/python3.10/site-packages/airflow/example_dags/example_python_operator.py
[2024-10-04 23:41:57,725] {logging_mixin.py:115} INFO - [2024-10-04 23:41:57,724] {dag.py:2379} INFO - Sync 1 DAGs
[2024-10-04 23:41:57,763] {logging_mixin.py:115} INFO - [2024-10-04 23:41:57,763] {dag.py:2927} INFO - Setting next_dagrun for example_python_operator to None, run_after=None
[2024-10-04 23:41:59,789] {processor.py:161} INFO - Processing /home/kennedy/.local/lib/python3.10/site-packages/airflow/example_dags/example_python_operator.py took 2.175 seconds
[2024-10-04 23:42:58,095] {processor.py:153} INFO - Started process (PID=99780) to work on /home/kennedy/.local/lib/python3.10/site-packages/airflow/example_dags/example_python_operator.py
[2024-10-04 23:42:58,131] {processor.py:641} INFO - Processing file /home/kennedy/.local/lib/python3.10/site-packages/airflow/example_dags/example_python_operator.py for tasks to queue
[2024-10-04 23:42:58,132] {logging_mixin.py:115} INFO - [2024-10-04 23:42:58,132] {dagbag.py:507} INFO - Filling up the DagBag from /home/kennedy/.local/lib/python3.10/site-packages/airflow/example_dags/example_python_operator.py
[2024-10-04 23:42:58,182] {processor.py:651} INFO - DAG(s) dict_keys(['example_python_operator']) retrieved from /home/kennedy/.local/lib/python3.10/site-packages/airflow/example_dags/example_python_operator.py
[2024-10-04 23:42:58,295] {logging_mixin.py:115} INFO - [2024-10-04 23:42:58,294] {dag.py:2379} INFO - Sync 1 DAGs
[2024-10-04 23:42:58,333] {logging_mixin.py:115} INFO - [2024-10-04 23:42:58,332] {dag.py:2927} INFO - Setting next_dagrun for example_python_operator to None, run_after=None
[2024-10-04 23:42:58,437] {processor.py:161} INFO - Processing /home/kennedy/.local/lib/python3.10/site-packages/airflow/example_dags/example_python_operator.py took 0.349 seconds
[2024-10-04 23:43:55,510] {processor.py:153} INFO - Started process (PID=99845) to work on /home/kennedy/.local/lib/python3.10/site-packages/airflow/example_dags/example_python_operator.py
[2024-10-04 23:43:55,848] {processor.py:641} INFO - Processing file /home/kennedy/.local/lib/python3.10/site-packages/airflow/example_dags/example_python_operator.py for tasks to queue
[2024-10-04 23:43:55,850] {logging_mixin.py:115} INFO - [2024-10-04 23:43:55,849] {dagbag.py:507} INFO - Filling up the DagBag from /home/kennedy/.local/lib/python3.10/site-packages/airflow/example_dags/example_python_operator.py
[2024-10-04 23:43:55,911] {processor.py:651} INFO - DAG(s) dict_keys(['example_python_operator']) retrieved from /home/kennedy/.local/lib/python3.10/site-packages/airflow/example_dags/example_python_operator.py
[2024-10-04 23:43:56,031] {logging_mixin.py:115} INFO - [2024-10-04 23:43:56,031] {dag.py:2379} INFO - Sync 1 DAGs
[2024-10-04 23:43:56,094] {logging_mixin.py:115} INFO - [2024-10-04 23:43:56,094] {dag.py:2927} INFO - Setting next_dagrun for example_python_operator to None, run_after=None
[2024-10-04 23:43:56,317] {processor.py:161} INFO - Processing /home/kennedy/.local/lib/python3.10/site-packages/airflow/example_dags/example_python_operator.py took 0.814 seconds
[2024-10-04 23:44:10,464] {processor.py:153} INFO - Started process (PID=99868) to work on /home/kennedy/.local/lib/python3.10/site-packages/airflow/example_dags/example_python_operator.py
[2024-10-04 23:44:10,470] {processor.py:641} INFO - Processing file /home/kennedy/.local/lib/python3.10/site-packages/airflow/example_dags/example_python_operator.py for tasks to queue
[2024-10-04 23:44:10,472] {logging_mixin.py:115} INFO - [2024-10-04 23:44:10,472] {dagbag.py:507} INFO - Filling up the DagBag from /home/kennedy/.local/lib/python3.10/site-packages/airflow/example_dags/example_python_operator.py
[2024-10-04 23:44:10,522] {processor.py:651} INFO - DAG(s) dict_keys(['example_python_operator']) retrieved from /home/kennedy/.local/lib/python3.10/site-packages/airflow/example_dags/example_python_operator.py
[2024-10-04 23:44:10,554] {logging_mixin.py:115} INFO - [2024-10-04 23:44:10,554] {dag.py:2379} INFO - Sync 1 DAGs
[2024-10-04 23:44:10,589] {logging_mixin.py:115} INFO - [2024-10-04 23:44:10,589] {dag.py:2927} INFO - Setting next_dagrun for example_python_operator to None, run_after=None
[2024-10-04 23:44:10,673] {processor.py:161} INFO - Processing /home/kennedy/.local/lib/python3.10/site-packages/airflow/example_dags/example_python_operator.py took 0.215 seconds
[2024-10-04 23:45:43,880] {processor.py:153} INFO - Started process (PID=100876) to work on /home/kennedy/.local/lib/python3.10/site-packages/airflow/example_dags/example_python_operator.py
[2024-10-04 23:45:43,894] {processor.py:641} INFO - Processing file /home/kennedy/.local/lib/python3.10/site-packages/airflow/example_dags/example_python_operator.py for tasks to queue
[2024-10-04 23:45:43,895] {logging_mixin.py:115} INFO - [2024-10-04 23:45:43,895] {dagbag.py:507} INFO - Filling up the DagBag from /home/kennedy/.local/lib/python3.10/site-packages/airflow/example_dags/example_python_operator.py
[2024-10-04 23:45:43,962] {processor.py:651} INFO - DAG(s) dict_keys(['example_python_operator']) retrieved from /home/kennedy/.local/lib/python3.10/site-packages/airflow/example_dags/example_python_operator.py
[2024-10-04 23:45:44,104] {logging_mixin.py:115} INFO - [2024-10-04 23:45:44,104] {dag.py:2379} INFO - Sync 1 DAGs
[2024-10-04 23:45:44,147] {logging_mixin.py:115} INFO - [2024-10-04 23:45:44,147] {dag.py:2927} INFO - Setting next_dagrun for example_python_operator to None, run_after=None
[2024-10-04 23:45:44,841] {processor.py:161} INFO - Processing /home/kennedy/.local/lib/python3.10/site-packages/airflow/example_dags/example_python_operator.py took 0.967 seconds
[2024-10-04 23:47:45,083] {processor.py:153} INFO - Started process (PID=101417) to work on /home/kennedy/.local/lib/python3.10/site-packages/airflow/example_dags/example_python_operator.py
[2024-10-04 23:47:45,164] {processor.py:641} INFO - Processing file /home/kennedy/.local/lib/python3.10/site-packages/airflow/example_dags/example_python_operator.py for tasks to queue
[2024-10-04 23:47:45,164] {logging_mixin.py:115} INFO - [2024-10-04 23:47:45,164] {dagbag.py:507} INFO - Filling up the DagBag from /home/kennedy/.local/lib/python3.10/site-packages/airflow/example_dags/example_python_operator.py
[2024-10-04 23:47:45,181] {processor.py:651} INFO - DAG(s) dict_keys(['example_python_operator']) retrieved from /home/kennedy/.local/lib/python3.10/site-packages/airflow/example_dags/example_python_operator.py
[2024-10-04 23:47:45,192] {logging_mixin.py:115} INFO - [2024-10-04 23:47:45,192] {dag.py:2379} INFO - Sync 1 DAGs
[2024-10-04 23:47:45,204] {logging_mixin.py:115} INFO - [2024-10-04 23:47:45,204] {dag.py:2927} INFO - Setting next_dagrun for example_python_operator to None, run_after=None
[2024-10-04 23:47:45,597] {processor.py:161} INFO - Processing /home/kennedy/.local/lib/python3.10/site-packages/airflow/example_dags/example_python_operator.py took 0.517 seconds
[2024-10-04 23:49:59,239] {processor.py:153} INFO - Started process (PID=102380) to work on /home/kennedy/.local/lib/python3.10/site-packages/airflow/example_dags/example_python_operator.py
[2024-10-04 23:49:59,283] {processor.py:641} INFO - Processing file /home/kennedy/.local/lib/python3.10/site-packages/airflow/example_dags/example_python_operator.py for tasks to queue
[2024-10-04 23:49:59,284] {logging_mixin.py:115} INFO - [2024-10-04 23:49:59,284] {dagbag.py:507} INFO - Filling up the DagBag from /home/kennedy/.local/lib/python3.10/site-packages/airflow/example_dags/example_python_operator.py
[2024-10-04 23:49:59,334] {processor.py:651} INFO - DAG(s) dict_keys(['example_python_operator']) retrieved from /home/kennedy/.local/lib/python3.10/site-packages/airflow/example_dags/example_python_operator.py
[2024-10-04 23:49:59,426] {logging_mixin.py:115} INFO - [2024-10-04 23:49:59,426] {dag.py:2379} INFO - Sync 1 DAGs
[2024-10-04 23:49:59,456] {logging_mixin.py:115} INFO - [2024-10-04 23:49:59,456] {dag.py:2927} INFO - Setting next_dagrun for example_python_operator to None, run_after=None
[2024-10-04 23:50:01,608] {processor.py:161} INFO - Processing /home/kennedy/.local/lib/python3.10/site-packages/airflow/example_dags/example_python_operator.py took 2.375 seconds
[2024-10-04 23:51:53,054] {processor.py:153} INFO - Started process (PID=102726) to work on /home/kennedy/.local/lib/python3.10/site-packages/airflow/example_dags/example_python_operator.py
[2024-10-04 23:51:53,062] {processor.py:641} INFO - Processing file /home/kennedy/.local/lib/python3.10/site-packages/airflow/example_dags/example_python_operator.py for tasks to queue
[2024-10-04 23:51:53,063] {logging_mixin.py:115} INFO - [2024-10-04 23:51:53,063] {dagbag.py:507} INFO - Filling up the DagBag from /home/kennedy/.local/lib/python3.10/site-packages/airflow/example_dags/example_python_operator.py
[2024-10-04 23:51:53,106] {processor.py:651} INFO - DAG(s) dict_keys(['example_python_operator']) retrieved from /home/kennedy/.local/lib/python3.10/site-packages/airflow/example_dags/example_python_operator.py
[2024-10-04 23:51:53,134] {logging_mixin.py:115} INFO - [2024-10-04 23:51:53,134] {dag.py:2379} INFO - Sync 1 DAGs
[2024-10-04 23:51:53,175] {logging_mixin.py:115} INFO - [2024-10-04 23:51:53,175] {dag.py:2927} INFO - Setting next_dagrun for example_python_operator to None, run_after=None
[2024-10-04 23:51:54,022] {processor.py:161} INFO - Processing /home/kennedy/.local/lib/python3.10/site-packages/airflow/example_dags/example_python_operator.py took 0.975 seconds
[2024-10-04 23:53:18,443] {processor.py:153} INFO - Started process (PID=102930) to work on /home/kennedy/.local/lib/python3.10/site-packages/airflow/example_dags/example_python_operator.py
[2024-10-04 23:53:18,448] {processor.py:641} INFO - Processing file /home/kennedy/.local/lib/python3.10/site-packages/airflow/example_dags/example_python_operator.py for tasks to queue
[2024-10-04 23:53:18,449] {logging_mixin.py:115} INFO - [2024-10-04 23:53:18,449] {dagbag.py:507} INFO - Filling up the DagBag from /home/kennedy/.local/lib/python3.10/site-packages/airflow/example_dags/example_python_operator.py
[2024-10-04 23:53:18,500] {processor.py:651} INFO - DAG(s) dict_keys(['example_python_operator']) retrieved from /home/kennedy/.local/lib/python3.10/site-packages/airflow/example_dags/example_python_operator.py
[2024-10-04 23:53:18,532] {logging_mixin.py:115} INFO - [2024-10-04 23:53:18,532] {dag.py:2379} INFO - Sync 1 DAGs
[2024-10-04 23:53:18,568] {logging_mixin.py:115} INFO - [2024-10-04 23:53:18,568] {dag.py:2927} INFO - Setting next_dagrun for example_python_operator to None, run_after=None
[2024-10-04 23:53:19,463] {processor.py:161} INFO - Processing /home/kennedy/.local/lib/python3.10/site-packages/airflow/example_dags/example_python_operator.py took 1.027 seconds
[2024-10-04 23:55:11,364] {processor.py:153} INFO - Started process (PID=103937) to work on /home/kennedy/.local/lib/python3.10/site-packages/airflow/example_dags/example_python_operator.py
[2024-10-04 23:55:11,427] {processor.py:641} INFO - Processing file /home/kennedy/.local/lib/python3.10/site-packages/airflow/example_dags/example_python_operator.py for tasks to queue
[2024-10-04 23:55:11,428] {logging_mixin.py:115} INFO - [2024-10-04 23:55:11,428] {dagbag.py:507} INFO - Filling up the DagBag from /home/kennedy/.local/lib/python3.10/site-packages/airflow/example_dags/example_python_operator.py
[2024-10-04 23:55:11,480] {processor.py:651} INFO - DAG(s) dict_keys(['example_python_operator']) retrieved from /home/kennedy/.local/lib/python3.10/site-packages/airflow/example_dags/example_python_operator.py
[2024-10-04 23:55:11,513] {logging_mixin.py:115} INFO - [2024-10-04 23:55:11,513] {dag.py:2379} INFO - Sync 1 DAGs
[2024-10-04 23:55:11,550] {logging_mixin.py:115} INFO - [2024-10-04 23:55:11,550] {dag.py:2927} INFO - Setting next_dagrun for example_python_operator to None, run_after=None
[2024-10-04 23:55:12,283] {processor.py:161} INFO - Processing /home/kennedy/.local/lib/python3.10/site-packages/airflow/example_dags/example_python_operator.py took 0.927 seconds
[2024-10-04 23:57:16,286] {processor.py:153} INFO - Started process (PID=105149) to work on /home/kennedy/.local/lib/python3.10/site-packages/airflow/example_dags/example_python_operator.py
[2024-10-04 23:57:16,303] {processor.py:641} INFO - Processing file /home/kennedy/.local/lib/python3.10/site-packages/airflow/example_dags/example_python_operator.py for tasks to queue
[2024-10-04 23:57:16,304] {logging_mixin.py:115} INFO - [2024-10-04 23:57:16,304] {dagbag.py:507} INFO - Filling up the DagBag from /home/kennedy/.local/lib/python3.10/site-packages/airflow/example_dags/example_python_operator.py
[2024-10-04 23:57:16,329] {processor.py:651} INFO - DAG(s) dict_keys(['example_python_operator']) retrieved from /home/kennedy/.local/lib/python3.10/site-packages/airflow/example_dags/example_python_operator.py
[2024-10-04 23:57:16,353] {logging_mixin.py:115} INFO - [2024-10-04 23:57:16,353] {dag.py:2379} INFO - Sync 1 DAGs
[2024-10-04 23:57:16,373] {logging_mixin.py:115} INFO - [2024-10-04 23:57:16,373] {dag.py:2927} INFO - Setting next_dagrun for example_python_operator to None, run_after=None
[2024-10-04 23:57:17,579] {processor.py:161} INFO - Processing /home/kennedy/.local/lib/python3.10/site-packages/airflow/example_dags/example_python_operator.py took 1.296 seconds
[2024-10-04 23:59:14,645] {processor.py:153} INFO - Started process (PID=105360) to work on /home/kennedy/.local/lib/python3.10/site-packages/airflow/example_dags/example_python_operator.py
[2024-10-04 23:59:14,688] {processor.py:641} INFO - Processing file /home/kennedy/.local/lib/python3.10/site-packages/airflow/example_dags/example_python_operator.py for tasks to queue
[2024-10-04 23:59:14,689] {logging_mixin.py:115} INFO - [2024-10-04 23:59:14,689] {dagbag.py:507} INFO - Filling up the DagBag from /home/kennedy/.local/lib/python3.10/site-packages/airflow/example_dags/example_python_operator.py
[2024-10-04 23:59:14,741] {processor.py:651} INFO - DAG(s) dict_keys(['example_python_operator']) retrieved from /home/kennedy/.local/lib/python3.10/site-packages/airflow/example_dags/example_python_operator.py
[2024-10-04 23:59:14,774] {logging_mixin.py:115} INFO - [2024-10-04 23:59:14,774] {dag.py:2379} INFO - Sync 1 DAGs
[2024-10-04 23:59:14,811] {logging_mixin.py:115} INFO - [2024-10-04 23:59:14,811] {dag.py:2927} INFO - Setting next_dagrun for example_python_operator to None, run_after=None
[2024-10-04 23:59:14,944] {processor.py:161} INFO - Processing /home/kennedy/.local/lib/python3.10/site-packages/airflow/example_dags/example_python_operator.py took 0.306 seconds
[2024-10-05 00:00:59,483] {processor.py:153} INFO - Started process (PID=105630) to work on /home/kennedy/.local/lib/python3.10/site-packages/airflow/example_dags/example_python_operator.py
[2024-10-05 00:00:59,531] {processor.py:641} INFO - Processing file /home/kennedy/.local/lib/python3.10/site-packages/airflow/example_dags/example_python_operator.py for tasks to queue
[2024-10-05 00:00:59,532] {logging_mixin.py:115} INFO - [2024-10-05 00:00:59,532] {dagbag.py:507} INFO - Filling up the DagBag from /home/kennedy/.local/lib/python3.10/site-packages/airflow/example_dags/example_python_operator.py
[2024-10-05 00:00:59,596] {processor.py:651} INFO - DAG(s) dict_keys(['example_python_operator']) retrieved from /home/kennedy/.local/lib/python3.10/site-packages/airflow/example_dags/example_python_operator.py
[2024-10-05 00:00:59,635] {logging_mixin.py:115} INFO - [2024-10-05 00:00:59,635] {dag.py:2379} INFO - Sync 1 DAGs
[2024-10-05 00:00:59,678] {logging_mixin.py:115} INFO - [2024-10-05 00:00:59,678] {dag.py:2927} INFO - Setting next_dagrun for example_python_operator to None, run_after=None
[2024-10-05 00:01:00,012] {processor.py:161} INFO - Processing /home/kennedy/.local/lib/python3.10/site-packages/airflow/example_dags/example_python_operator.py took 0.536 seconds
[2024-10-05 00:02:17,691] {processor.py:153} INFO - Started process (PID=105939) to work on /home/kennedy/.local/lib/python3.10/site-packages/airflow/example_dags/example_python_operator.py
[2024-10-05 00:02:17,693] {processor.py:641} INFO - Processing file /home/kennedy/.local/lib/python3.10/site-packages/airflow/example_dags/example_python_operator.py for tasks to queue
[2024-10-05 00:02:17,694] {logging_mixin.py:115} INFO - [2024-10-05 00:02:17,694] {dagbag.py:507} INFO - Filling up the DagBag from /home/kennedy/.local/lib/python3.10/site-packages/airflow/example_dags/example_python_operator.py
[2024-10-05 00:02:17,749] {processor.py:651} INFO - DAG(s) dict_keys(['example_python_operator']) retrieved from /home/kennedy/.local/lib/python3.10/site-packages/airflow/example_dags/example_python_operator.py
[2024-10-05 00:02:17,782] {logging_mixin.py:115} INFO - [2024-10-05 00:02:17,782] {dag.py:2379} INFO - Sync 1 DAGs
[2024-10-05 00:02:17,820] {logging_mixin.py:115} INFO - [2024-10-05 00:02:17,820] {dag.py:2927} INFO - Setting next_dagrun for example_python_operator to None, run_after=None
[2024-10-05 00:02:19,595] {processor.py:161} INFO - Processing /home/kennedy/.local/lib/python3.10/site-packages/airflow/example_dags/example_python_operator.py took 1.912 seconds
