[2024-10-04 23:33:39,203] {processor.py:153} INFO - Started process (PID=97046) to work on /home/kennedy/.local/lib/python3.10/site-packages/airflow/example_dags/example_branch_python_dop_operator_3.py
[2024-10-04 23:33:39,204] {processor.py:641} INFO - Processing file /home/kennedy/.local/lib/python3.10/site-packages/airflow/example_dags/example_branch_python_dop_operator_3.py for tasks to queue
[2024-10-04 23:33:39,206] {logging_mixin.py:115} INFO - [2024-10-04 23:33:39,206] {dagbag.py:507} INFO - Filling up the DagBag from /home/kennedy/.local/lib/python3.10/site-packages/airflow/example_dags/example_branch_python_dop_operator_3.py
[2024-10-04 23:33:39,229] {processor.py:651} INFO - DAG(s) dict_keys(['example_branch_dop_operator_v3']) retrieved from /home/kennedy/.local/lib/python3.10/site-packages/airflow/example_dags/example_branch_python_dop_operator_3.py
[2024-10-04 23:33:39,875] {logging_mixin.py:115} INFO - [2024-10-04 23:33:39,875] {manager.py:508} INFO - Created Permission View: can edit on DAG:example_branch_dop_operator_v3
[2024-10-04 23:33:39,977] {logging_mixin.py:115} INFO - [2024-10-04 23:33:39,977] {manager.py:508} INFO - Created Permission View: can delete on DAG:example_branch_dop_operator_v3
[2024-10-04 23:33:40,383] {logging_mixin.py:115} INFO - [2024-10-04 23:33:40,383] {manager.py:508} INFO - Created Permission View: can read on DAG:example_branch_dop_operator_v3
[2024-10-04 23:33:40,383] {logging_mixin.py:115} INFO - [2024-10-04 23:33:40,383] {dag.py:2379} INFO - Sync 1 DAGs
[2024-10-04 23:33:40,400] {logging_mixin.py:115} INFO - [2024-10-04 23:33:40,400] {dag.py:2398} INFO - Creating ORM DAG for example_branch_dop_operator_v3
[2024-10-04 23:33:40,439] {logging_mixin.py:115} INFO - [2024-10-04 23:33:40,439] {dag.py:2927} INFO - Setting next_dagrun for example_branch_dop_operator_v3 to 2024-10-05T02:32:00+00:00, run_after=2024-10-05T02:33:00+00:00
[2024-10-04 23:33:40,658] {processor.py:161} INFO - Processing /home/kennedy/.local/lib/python3.10/site-packages/airflow/example_dags/example_branch_python_dop_operator_3.py took 1.465 seconds
[2024-10-04 23:34:37,830] {processor.py:153} INFO - Started process (PID=97093) to work on /home/kennedy/.local/lib/python3.10/site-packages/airflow/example_dags/example_branch_python_dop_operator_3.py
[2024-10-04 23:34:37,840] {processor.py:641} INFO - Processing file /home/kennedy/.local/lib/python3.10/site-packages/airflow/example_dags/example_branch_python_dop_operator_3.py for tasks to queue
[2024-10-04 23:34:37,842] {logging_mixin.py:115} INFO - [2024-10-04 23:34:37,841] {dagbag.py:507} INFO - Filling up the DagBag from /home/kennedy/.local/lib/python3.10/site-packages/airflow/example_dags/example_branch_python_dop_operator_3.py
[2024-10-04 23:34:37,867] {processor.py:651} INFO - DAG(s) dict_keys(['example_branch_dop_operator_v3']) retrieved from /home/kennedy/.local/lib/python3.10/site-packages/airflow/example_dags/example_branch_python_dop_operator_3.py
[2024-10-04 23:34:37,917] {logging_mixin.py:115} INFO - [2024-10-04 23:34:37,917] {dag.py:2379} INFO - Sync 1 DAGs
[2024-10-04 23:34:37,975] {logging_mixin.py:115} INFO - [2024-10-04 23:34:37,975] {dag.py:2927} INFO - Setting next_dagrun for example_branch_dop_operator_v3 to 2024-10-05T02:33:00+00:00, run_after=2024-10-05T02:34:00+00:00
[2024-10-04 23:34:38,183] {processor.py:161} INFO - Processing /home/kennedy/.local/lib/python3.10/site-packages/airflow/example_dags/example_branch_python_dop_operator_3.py took 0.360 seconds
[2024-10-04 23:35:52,525] {processor.py:153} INFO - Started process (PID=98070) to work on /home/kennedy/.local/lib/python3.10/site-packages/airflow/example_dags/example_branch_python_dop_operator_3.py
[2024-10-04 23:35:52,536] {processor.py:641} INFO - Processing file /home/kennedy/.local/lib/python3.10/site-packages/airflow/example_dags/example_branch_python_dop_operator_3.py for tasks to queue
[2024-10-04 23:35:52,537] {logging_mixin.py:115} INFO - [2024-10-04 23:35:52,537] {dagbag.py:507} INFO - Filling up the DagBag from /home/kennedy/.local/lib/python3.10/site-packages/airflow/example_dags/example_branch_python_dop_operator_3.py
[2024-10-04 23:35:52,564] {processor.py:651} INFO - DAG(s) dict_keys(['example_branch_dop_operator_v3']) retrieved from /home/kennedy/.local/lib/python3.10/site-packages/airflow/example_dags/example_branch_python_dop_operator_3.py
[2024-10-04 23:35:52,677] {logging_mixin.py:115} INFO - [2024-10-04 23:35:52,677] {dag.py:2379} INFO - Sync 1 DAGs
[2024-10-04 23:35:52,735] {logging_mixin.py:115} INFO - [2024-10-04 23:35:52,734] {dag.py:2927} INFO - Setting next_dagrun for example_branch_dop_operator_v3 to 2024-10-05T02:34:00+00:00, run_after=2024-10-05T02:35:00+00:00
[2024-10-04 23:35:52,956] {processor.py:161} INFO - Processing /home/kennedy/.local/lib/python3.10/site-packages/airflow/example_dags/example_branch_python_dop_operator_3.py took 0.438 seconds
[2024-10-04 23:37:55,601] {processor.py:153} INFO - Started process (PID=98353) to work on /home/kennedy/.local/lib/python3.10/site-packages/airflow/example_dags/example_branch_python_dop_operator_3.py
[2024-10-04 23:37:55,826] {processor.py:641} INFO - Processing file /home/kennedy/.local/lib/python3.10/site-packages/airflow/example_dags/example_branch_python_dop_operator_3.py for tasks to queue
[2024-10-04 23:37:55,827] {logging_mixin.py:115} INFO - [2024-10-04 23:37:55,827] {dagbag.py:507} INFO - Filling up the DagBag from /home/kennedy/.local/lib/python3.10/site-packages/airflow/example_dags/example_branch_python_dop_operator_3.py
[2024-10-04 23:37:55,852] {processor.py:651} INFO - DAG(s) dict_keys(['example_branch_dop_operator_v3']) retrieved from /home/kennedy/.local/lib/python3.10/site-packages/airflow/example_dags/example_branch_python_dop_operator_3.py
[2024-10-04 23:37:55,895] {logging_mixin.py:115} INFO - [2024-10-04 23:37:55,895] {dag.py:2379} INFO - Sync 1 DAGs
[2024-10-04 23:37:55,945] {logging_mixin.py:115} INFO - [2024-10-04 23:37:55,944] {dag.py:2927} INFO - Setting next_dagrun for example_branch_dop_operator_v3 to 2024-10-05T02:36:00+00:00, run_after=2024-10-05T02:37:00+00:00
[2024-10-04 23:37:56,495] {processor.py:161} INFO - Processing /home/kennedy/.local/lib/python3.10/site-packages/airflow/example_dags/example_branch_python_dop_operator_3.py took 0.901 seconds
[2024-10-04 23:39:56,498] {processor.py:153} INFO - Started process (PID=99221) to work on /home/kennedy/KR/Programação/01.Exercícios/DE/Movies/venv/lib/python3.10/site-packages/airflow/example_dags/example_branch_python_dop_operator_3.py
[2024-10-04 23:39:57,279] {processor.py:641} INFO - Processing file /home/kennedy/KR/Programação/01.Exercícios/DE/Movies/venv/lib/python3.10/site-packages/airflow/example_dags/example_branch_python_dop_operator_3.py for tasks to queue
[2024-10-04 23:39:57,280] {logging_mixin.py:115} INFO - [2024-10-04 23:39:57,280] {dagbag.py:507} INFO - Filling up the DagBag from /home/kennedy/KR/Programação/01.Exercícios/DE/Movies/venv/lib/python3.10/site-packages/airflow/example_dags/example_branch_python_dop_operator_3.py
[2024-10-04 23:39:57,301] {processor.py:651} INFO - DAG(s) dict_keys(['example_branch_dop_operator_v3']) retrieved from /home/kennedy/KR/Programação/01.Exercícios/DE/Movies/venv/lib/python3.10/site-packages/airflow/example_dags/example_branch_python_dop_operator_3.py
[2024-10-04 23:40:00,988] {logging_mixin.py:115} INFO - [2024-10-04 23:40:00,988] {dag.py:2379} INFO - Sync 1 DAGs
[2024-10-04 23:40:01,043] {logging_mixin.py:115} INFO - [2024-10-04 23:40:01,043] {dag.py:2927} INFO - Setting next_dagrun for example_branch_dop_operator_v3 to 2024-10-05T02:39:00+00:00, run_after=2024-10-05T02:40:00+00:00
[2024-10-04 23:40:01,307] {processor.py:153} INFO - Started process (PID=99226) to work on /home/kennedy/.local/lib/python3.10/site-packages/airflow/example_dags/example_branch_python_dop_operator_3.py
[2024-10-04 23:40:01,308] {processor.py:641} INFO - Processing file /home/kennedy/.local/lib/python3.10/site-packages/airflow/example_dags/example_branch_python_dop_operator_3.py for tasks to queue
[2024-10-04 23:40:01,309] {logging_mixin.py:115} INFO - [2024-10-04 23:40:01,309] {dagbag.py:507} INFO - Filling up the DagBag from /home/kennedy/.local/lib/python3.10/site-packages/airflow/example_dags/example_branch_python_dop_operator_3.py
[2024-10-04 23:40:01,333] {processor.py:651} INFO - DAG(s) dict_keys(['example_branch_dop_operator_v3']) retrieved from /home/kennedy/.local/lib/python3.10/site-packages/airflow/example_dags/example_branch_python_dop_operator_3.py
[2024-10-04 23:40:02,005] {processor.py:161} INFO - Processing /home/kennedy/KR/Programação/01.Exercícios/DE/Movies/venv/lib/python3.10/site-packages/airflow/example_dags/example_branch_python_dop_operator_3.py took 5.514 seconds
[2024-10-04 23:40:02,081] {logging_mixin.py:115} INFO - [2024-10-04 23:40:02,081] {dag.py:2379} INFO - Sync 1 DAGs
[2024-10-04 23:40:02,146] {logging_mixin.py:115} INFO - [2024-10-04 23:40:02,146] {dag.py:2927} INFO - Setting next_dagrun for example_branch_dop_operator_v3 to 2024-10-05T02:39:00+00:00, run_after=2024-10-05T02:40:00+00:00
[2024-10-04 23:40:03,614] {processor.py:161} INFO - Processing /home/kennedy/.local/lib/python3.10/site-packages/airflow/example_dags/example_branch_python_dop_operator_3.py took 2.314 seconds
[2024-10-04 23:41:27,483] {processor.py:153} INFO - Started process (PID=99446) to work on /home/kennedy/.local/lib/python3.10/site-packages/airflow/example_dags/example_branch_python_dop_operator_3.py
[2024-10-04 23:41:27,497] {processor.py:641} INFO - Processing file /home/kennedy/.local/lib/python3.10/site-packages/airflow/example_dags/example_branch_python_dop_operator_3.py for tasks to queue
[2024-10-04 23:41:27,498] {logging_mixin.py:115} INFO - [2024-10-04 23:41:27,498] {dagbag.py:507} INFO - Filling up the DagBag from /home/kennedy/.local/lib/python3.10/site-packages/airflow/example_dags/example_branch_python_dop_operator_3.py
[2024-10-04 23:41:27,524] {processor.py:651} INFO - DAG(s) dict_keys(['example_branch_dop_operator_v3']) retrieved from /home/kennedy/.local/lib/python3.10/site-packages/airflow/example_dags/example_branch_python_dop_operator_3.py
[2024-10-04 23:41:27,683] {logging_mixin.py:115} INFO - [2024-10-04 23:41:27,683] {dag.py:2379} INFO - Sync 1 DAGs
[2024-10-04 23:41:27,747] {logging_mixin.py:115} INFO - [2024-10-04 23:41:27,746] {dag.py:2927} INFO - Setting next_dagrun for example_branch_dop_operator_v3 to 2024-10-05T02:40:00+00:00, run_after=2024-10-05T02:41:00+00:00
[2024-10-04 23:41:28,047] {processor.py:161} INFO - Processing /home/kennedy/.local/lib/python3.10/site-packages/airflow/example_dags/example_branch_python_dop_operator_3.py took 0.571 seconds
[2024-10-04 23:43:10,914] {processor.py:153} INFO - Started process (PID=99795) to work on /home/kennedy/.local/lib/python3.10/site-packages/airflow/example_dags/example_branch_python_dop_operator_3.py
[2024-10-04 23:43:10,925] {processor.py:641} INFO - Processing file /home/kennedy/.local/lib/python3.10/site-packages/airflow/example_dags/example_branch_python_dop_operator_3.py for tasks to queue
[2024-10-04 23:43:10,926] {logging_mixin.py:115} INFO - [2024-10-04 23:43:10,926] {dagbag.py:507} INFO - Filling up the DagBag from /home/kennedy/.local/lib/python3.10/site-packages/airflow/example_dags/example_branch_python_dop_operator_3.py
[2024-10-04 23:43:10,950] {processor.py:651} INFO - DAG(s) dict_keys(['example_branch_dop_operator_v3']) retrieved from /home/kennedy/.local/lib/python3.10/site-packages/airflow/example_dags/example_branch_python_dop_operator_3.py
[2024-10-04 23:43:10,988] {logging_mixin.py:115} INFO - [2024-10-04 23:43:10,988] {dag.py:2379} INFO - Sync 1 DAGs
[2024-10-04 23:43:11,038] {logging_mixin.py:115} INFO - [2024-10-04 23:43:11,038] {dag.py:2927} INFO - Setting next_dagrun for example_branch_dop_operator_v3 to 2024-10-05T02:42:00+00:00, run_after=2024-10-05T02:43:00+00:00
[2024-10-04 23:43:12,467] {processor.py:161} INFO - Processing /home/kennedy/.local/lib/python3.10/site-packages/airflow/example_dags/example_branch_python_dop_operator_3.py took 1.560 seconds
[2024-10-04 23:43:23,237] {processor.py:153} INFO - Started process (PID=99809) to work on /home/kennedy/.local/lib/python3.10/site-packages/airflow/example_dags/example_branch_python_dop_operator_3.py
[2024-10-04 23:43:23,244] {processor.py:641} INFO - Processing file /home/kennedy/.local/lib/python3.10/site-packages/airflow/example_dags/example_branch_python_dop_operator_3.py for tasks to queue
[2024-10-04 23:43:23,245] {logging_mixin.py:115} INFO - [2024-10-04 23:43:23,245] {dagbag.py:507} INFO - Filling up the DagBag from /home/kennedy/.local/lib/python3.10/site-packages/airflow/example_dags/example_branch_python_dop_operator_3.py
[2024-10-04 23:43:23,274] {processor.py:651} INFO - DAG(s) dict_keys(['example_branch_dop_operator_v3']) retrieved from /home/kennedy/.local/lib/python3.10/site-packages/airflow/example_dags/example_branch_python_dop_operator_3.py
[2024-10-04 23:43:23,324] {logging_mixin.py:115} INFO - [2024-10-04 23:43:23,324] {dag.py:2379} INFO - Sync 1 DAGs
[2024-10-04 23:43:23,384] {logging_mixin.py:115} INFO - [2024-10-04 23:43:23,384] {dag.py:2927} INFO - Setting next_dagrun for example_branch_dop_operator_v3 to 2024-10-05T02:42:00+00:00, run_after=2024-10-05T02:43:00+00:00
[2024-10-04 23:43:23,481] {processor.py:161} INFO - Processing /home/kennedy/.local/lib/python3.10/site-packages/airflow/example_dags/example_branch_python_dop_operator_3.py took 0.251 seconds
[2024-10-04 23:44:52,525] {processor.py:153} INFO - Started process (PID=100024) to work on /home/kennedy/.local/lib/python3.10/site-packages/airflow/example_dags/example_branch_python_dop_operator_3.py
[2024-10-04 23:44:52,594] {processor.py:641} INFO - Processing file /home/kennedy/.local/lib/python3.10/site-packages/airflow/example_dags/example_branch_python_dop_operator_3.py for tasks to queue
[2024-10-04 23:44:52,595] {logging_mixin.py:115} INFO - [2024-10-04 23:44:52,594] {dagbag.py:507} INFO - Filling up the DagBag from /home/kennedy/.local/lib/python3.10/site-packages/airflow/example_dags/example_branch_python_dop_operator_3.py
[2024-10-04 23:44:52,616] {processor.py:651} INFO - DAG(s) dict_keys(['example_branch_dop_operator_v3']) retrieved from /home/kennedy/.local/lib/python3.10/site-packages/airflow/example_dags/example_branch_python_dop_operator_3.py
[2024-10-04 23:44:54,069] {logging_mixin.py:115} INFO - [2024-10-04 23:44:54,069] {dag.py:2379} INFO - Sync 1 DAGs
[2024-10-04 23:44:54,086] {logging_mixin.py:115} INFO - [2024-10-04 23:44:54,085] {dag.py:2927} INFO - Setting next_dagrun for example_branch_dop_operator_v3 to 2024-10-05T02:43:00+00:00, run_after=2024-10-05T02:44:00+00:00
[2024-10-04 23:44:54,440] {processor.py:161} INFO - Processing /home/kennedy/.local/lib/python3.10/site-packages/airflow/example_dags/example_branch_python_dop_operator_3.py took 1.923 seconds
[2024-10-04 23:47:05,428] {processor.py:153} INFO - Started process (PID=101212) to work on /home/kennedy/.local/lib/python3.10/site-packages/airflow/example_dags/example_branch_python_dop_operator_3.py
[2024-10-04 23:47:05,436] {processor.py:641} INFO - Processing file /home/kennedy/.local/lib/python3.10/site-packages/airflow/example_dags/example_branch_python_dop_operator_3.py for tasks to queue
[2024-10-04 23:47:05,437] {logging_mixin.py:115} INFO - [2024-10-04 23:47:05,436] {dagbag.py:507} INFO - Filling up the DagBag from /home/kennedy/.local/lib/python3.10/site-packages/airflow/example_dags/example_branch_python_dop_operator_3.py
[2024-10-04 23:47:05,459] {processor.py:651} INFO - DAG(s) dict_keys(['example_branch_dop_operator_v3']) retrieved from /home/kennedy/.local/lib/python3.10/site-packages/airflow/example_dags/example_branch_python_dop_operator_3.py
[2024-10-04 23:47:05,558] {logging_mixin.py:115} INFO - [2024-10-04 23:47:05,558] {dag.py:2379} INFO - Sync 1 DAGs
[2024-10-04 23:47:05,602] {logging_mixin.py:115} INFO - [2024-10-04 23:47:05,602] {dag.py:2927} INFO - Setting next_dagrun for example_branch_dop_operator_v3 to 2024-10-05T02:46:00+00:00, run_after=2024-10-05T02:47:00+00:00
[2024-10-04 23:47:06,748] {processor.py:161} INFO - Processing /home/kennedy/.local/lib/python3.10/site-packages/airflow/example_dags/example_branch_python_dop_operator_3.py took 1.327 seconds
[2024-10-04 23:49:04,746] {processor.py:153} INFO - Started process (PID=102263) to work on /home/kennedy/.local/lib/python3.10/site-packages/airflow/example_dags/example_branch_python_dop_operator_3.py
[2024-10-04 23:49:04,997] {processor.py:641} INFO - Processing file /home/kennedy/.local/lib/python3.10/site-packages/airflow/example_dags/example_branch_python_dop_operator_3.py for tasks to queue
[2024-10-04 23:49:04,998] {logging_mixin.py:115} INFO - [2024-10-04 23:49:04,997] {dagbag.py:507} INFO - Filling up the DagBag from /home/kennedy/.local/lib/python3.10/site-packages/airflow/example_dags/example_branch_python_dop_operator_3.py
[2024-10-04 23:49:05,022] {processor.py:651} INFO - DAG(s) dict_keys(['example_branch_dop_operator_v3']) retrieved from /home/kennedy/.local/lib/python3.10/site-packages/airflow/example_dags/example_branch_python_dop_operator_3.py
[2024-10-04 23:49:05,657] {logging_mixin.py:115} INFO - [2024-10-04 23:49:05,657] {dag.py:2379} INFO - Sync 1 DAGs
[2024-10-04 23:49:05,703] {logging_mixin.py:115} INFO - [2024-10-04 23:49:05,702] {dag.py:2927} INFO - Setting next_dagrun for example_branch_dop_operator_v3 to 2024-10-05T02:48:00+00:00, run_after=2024-10-05T02:49:00+00:00
[2024-10-04 23:49:06,869] {processor.py:161} INFO - Processing /home/kennedy/.local/lib/python3.10/site-packages/airflow/example_dags/example_branch_python_dop_operator_3.py took 2.129 seconds
[2024-10-04 23:51:11,115] {processor.py:153} INFO - Started process (PID=102674) to work on /home/kennedy/.local/lib/python3.10/site-packages/airflow/example_dags/example_branch_python_dop_operator_3.py
[2024-10-04 23:51:11,128] {processor.py:641} INFO - Processing file /home/kennedy/.local/lib/python3.10/site-packages/airflow/example_dags/example_branch_python_dop_operator_3.py for tasks to queue
[2024-10-04 23:51:11,130] {logging_mixin.py:115} INFO - [2024-10-04 23:51:11,129] {dagbag.py:507} INFO - Filling up the DagBag from /home/kennedy/.local/lib/python3.10/site-packages/airflow/example_dags/example_branch_python_dop_operator_3.py
[2024-10-04 23:51:11,152] {processor.py:651} INFO - DAG(s) dict_keys(['example_branch_dop_operator_v3']) retrieved from /home/kennedy/.local/lib/python3.10/site-packages/airflow/example_dags/example_branch_python_dop_operator_3.py
[2024-10-04 23:51:11,191] {logging_mixin.py:115} INFO - [2024-10-04 23:51:11,191] {dag.py:2379} INFO - Sync 1 DAGs
[2024-10-04 23:51:11,240] {logging_mixin.py:115} INFO - [2024-10-04 23:51:11,239] {dag.py:2927} INFO - Setting next_dagrun for example_branch_dop_operator_v3 to 2024-10-05T02:50:00+00:00, run_after=2024-10-05T02:51:00+00:00
[2024-10-04 23:51:11,393] {processor.py:161} INFO - Processing /home/kennedy/.local/lib/python3.10/site-packages/airflow/example_dags/example_branch_python_dop_operator_3.py took 0.285 seconds
[2024-10-04 23:52:48,298] {processor.py:153} INFO - Started process (PID=102859) to work on /home/kennedy/.local/lib/python3.10/site-packages/airflow/example_dags/example_branch_python_dop_operator_3.py
[2024-10-04 23:52:48,319] {processor.py:641} INFO - Processing file /home/kennedy/.local/lib/python3.10/site-packages/airflow/example_dags/example_branch_python_dop_operator_3.py for tasks to queue
[2024-10-04 23:52:48,320] {logging_mixin.py:115} INFO - [2024-10-04 23:52:48,320] {dagbag.py:507} INFO - Filling up the DagBag from /home/kennedy/.local/lib/python3.10/site-packages/airflow/example_dags/example_branch_python_dop_operator_3.py
[2024-10-04 23:52:48,351] {processor.py:651} INFO - DAG(s) dict_keys(['example_branch_dop_operator_v3']) retrieved from /home/kennedy/.local/lib/python3.10/site-packages/airflow/example_dags/example_branch_python_dop_operator_3.py
[2024-10-04 23:52:48,382] {logging_mixin.py:115} INFO - [2024-10-04 23:52:48,382] {dag.py:2379} INFO - Sync 1 DAGs
[2024-10-04 23:52:48,430] {logging_mixin.py:115} INFO - [2024-10-04 23:52:48,429] {dag.py:2927} INFO - Setting next_dagrun for example_branch_dop_operator_v3 to 2024-10-05T02:51:00+00:00, run_after=2024-10-05T02:52:00+00:00
[2024-10-04 23:52:48,786] {processor.py:161} INFO - Processing /home/kennedy/.local/lib/python3.10/site-packages/airflow/example_dags/example_branch_python_dop_operator_3.py took 0.495 seconds
[2024-10-04 23:54:18,521] {processor.py:153} INFO - Started process (PID=103851) to work on /home/kennedy/.local/lib/python3.10/site-packages/airflow/example_dags/example_branch_python_dop_operator_3.py
[2024-10-04 23:54:19,271] {processor.py:641} INFO - Processing file /home/kennedy/.local/lib/python3.10/site-packages/airflow/example_dags/example_branch_python_dop_operator_3.py for tasks to queue
[2024-10-04 23:54:19,272] {logging_mixin.py:115} INFO - [2024-10-04 23:54:19,272] {dagbag.py:507} INFO - Filling up the DagBag from /home/kennedy/.local/lib/python3.10/site-packages/airflow/example_dags/example_branch_python_dop_operator_3.py
[2024-10-04 23:54:19,318] {processor.py:651} INFO - DAG(s) dict_keys(['example_branch_dop_operator_v3']) retrieved from /home/kennedy/.local/lib/python3.10/site-packages/airflow/example_dags/example_branch_python_dop_operator_3.py
[2024-10-04 23:54:19,367] {logging_mixin.py:115} INFO - [2024-10-04 23:54:19,367] {dag.py:2379} INFO - Sync 1 DAGs
[2024-10-04 23:54:19,442] {logging_mixin.py:115} INFO - [2024-10-04 23:54:19,442] {dag.py:2927} INFO - Setting next_dagrun for example_branch_dop_operator_v3 to 2024-10-05T02:53:00+00:00, run_after=2024-10-05T02:54:00+00:00
[2024-10-04 23:54:20,009] {processor.py:161} INFO - Processing /home/kennedy/.local/lib/python3.10/site-packages/airflow/example_dags/example_branch_python_dop_operator_3.py took 1.496 seconds
[2024-10-04 23:56:17,564] {processor.py:153} INFO - Started process (PID=104805) to work on /home/kennedy/.local/lib/python3.10/site-packages/airflow/example_dags/example_branch_python_dop_operator_3.py
[2024-10-04 23:56:17,611] {processor.py:641} INFO - Processing file /home/kennedy/.local/lib/python3.10/site-packages/airflow/example_dags/example_branch_python_dop_operator_3.py for tasks to queue
[2024-10-04 23:56:17,612] {logging_mixin.py:115} INFO - [2024-10-04 23:56:17,612] {dagbag.py:507} INFO - Filling up the DagBag from /home/kennedy/.local/lib/python3.10/site-packages/airflow/example_dags/example_branch_python_dop_operator_3.py
[2024-10-04 23:56:17,659] {processor.py:651} INFO - DAG(s) dict_keys(['example_branch_dop_operator_v3']) retrieved from /home/kennedy/.local/lib/python3.10/site-packages/airflow/example_dags/example_branch_python_dop_operator_3.py
[2024-10-04 23:56:17,700] {logging_mixin.py:115} INFO - [2024-10-04 23:56:17,700] {dag.py:2379} INFO - Sync 1 DAGs
[2024-10-04 23:56:17,773] {logging_mixin.py:115} INFO - [2024-10-04 23:56:17,773] {dag.py:2927} INFO - Setting next_dagrun for example_branch_dop_operator_v3 to 2024-10-05T02:55:00+00:00, run_after=2024-10-05T02:56:00+00:00
[2024-10-04 23:56:17,985] {processor.py:161} INFO - Processing /home/kennedy/.local/lib/python3.10/site-packages/airflow/example_dags/example_branch_python_dop_operator_3.py took 0.429 seconds
[2024-10-04 23:58:13,972] {processor.py:153} INFO - Started process (PID=105255) to work on /home/kennedy/.local/lib/python3.10/site-packages/airflow/example_dags/example_branch_python_dop_operator_3.py
[2024-10-04 23:58:14,210] {processor.py:641} INFO - Processing file /home/kennedy/.local/lib/python3.10/site-packages/airflow/example_dags/example_branch_python_dop_operator_3.py for tasks to queue
[2024-10-04 23:58:14,211] {logging_mixin.py:115} INFO - [2024-10-04 23:58:14,211] {dagbag.py:507} INFO - Filling up the DagBag from /home/kennedy/.local/lib/python3.10/site-packages/airflow/example_dags/example_branch_python_dop_operator_3.py
[2024-10-04 23:58:14,230] {processor.py:651} INFO - DAG(s) dict_keys(['example_branch_dop_operator_v3']) retrieved from /home/kennedy/.local/lib/python3.10/site-packages/airflow/example_dags/example_branch_python_dop_operator_3.py
[2024-10-04 23:58:14,265] {logging_mixin.py:115} INFO - [2024-10-04 23:58:14,265] {dag.py:2379} INFO - Sync 1 DAGs
[2024-10-04 23:58:14,320] {logging_mixin.py:115} INFO - [2024-10-04 23:58:14,320] {dag.py:2927} INFO - Setting next_dagrun for example_branch_dop_operator_v3 to 2024-10-05T02:57:00+00:00, run_after=2024-10-05T02:58:00+00:00
[2024-10-04 23:58:14,547] {processor.py:161} INFO - Processing /home/kennedy/.local/lib/python3.10/site-packages/airflow/example_dags/example_branch_python_dop_operator_3.py took 0.585 seconds
[2024-10-05 00:00:16,437] {processor.py:153} INFO - Started process (PID=105584) to work on /home/kennedy/.local/lib/python3.10/site-packages/airflow/example_dags/example_branch_python_dop_operator_3.py
[2024-10-05 00:00:16,439] {processor.py:641} INFO - Processing file /home/kennedy/.local/lib/python3.10/site-packages/airflow/example_dags/example_branch_python_dop_operator_3.py for tasks to queue
[2024-10-05 00:00:16,440] {logging_mixin.py:115} INFO - [2024-10-05 00:00:16,440] {dagbag.py:507} INFO - Filling up the DagBag from /home/kennedy/.local/lib/python3.10/site-packages/airflow/example_dags/example_branch_python_dop_operator_3.py
[2024-10-05 00:00:16,471] {processor.py:651} INFO - DAG(s) dict_keys(['example_branch_dop_operator_v3']) retrieved from /home/kennedy/.local/lib/python3.10/site-packages/airflow/example_dags/example_branch_python_dop_operator_3.py
[2024-10-05 00:00:16,502] {logging_mixin.py:115} INFO - [2024-10-05 00:00:16,502] {dag.py:2379} INFO - Sync 1 DAGs
[2024-10-05 00:00:16,550] {logging_mixin.py:115} INFO - [2024-10-05 00:00:16,550] {dag.py:2927} INFO - Setting next_dagrun for example_branch_dop_operator_v3 to 2024-10-05T02:59:00+00:00, run_after=2024-10-05T03:00:00+00:00
[2024-10-05 00:00:16,963] {processor.py:161} INFO - Processing /home/kennedy/.local/lib/python3.10/site-packages/airflow/example_dags/example_branch_python_dop_operator_3.py took 0.532 seconds
[2024-10-05 00:01:41,737] {processor.py:153} INFO - Started process (PID=105857) to work on /home/kennedy/.local/lib/python3.10/site-packages/airflow/example_dags/example_branch_python_dop_operator_3.py
[2024-10-05 00:01:41,750] {processor.py:641} INFO - Processing file /home/kennedy/.local/lib/python3.10/site-packages/airflow/example_dags/example_branch_python_dop_operator_3.py for tasks to queue
[2024-10-05 00:01:41,751] {logging_mixin.py:115} INFO - [2024-10-05 00:01:41,751] {dagbag.py:507} INFO - Filling up the DagBag from /home/kennedy/.local/lib/python3.10/site-packages/airflow/example_dags/example_branch_python_dop_operator_3.py
[2024-10-05 00:01:41,782] {processor.py:651} INFO - DAG(s) dict_keys(['example_branch_dop_operator_v3']) retrieved from /home/kennedy/.local/lib/python3.10/site-packages/airflow/example_dags/example_branch_python_dop_operator_3.py
[2024-10-05 00:01:41,813] {logging_mixin.py:115} INFO - [2024-10-05 00:01:41,813] {dag.py:2379} INFO - Sync 1 DAGs
[2024-10-05 00:01:41,862] {logging_mixin.py:115} INFO - [2024-10-05 00:01:41,862] {dag.py:2927} INFO - Setting next_dagrun for example_branch_dop_operator_v3 to 2024-10-05T03:00:00+00:00, run_after=2024-10-05T03:01:00+00:00
[2024-10-05 00:01:42,802] {processor.py:161} INFO - Processing /home/kennedy/.local/lib/python3.10/site-packages/airflow/example_dags/example_branch_python_dop_operator_3.py took 1.072 seconds
