[2024-10-04 23:33:35,882] {processor.py:153} INFO - Started process (PID=97045) to work on /home/kennedy/.local/lib/python3.10/site-packages/airflow/example_dags/example_branch_operator_decorator.py
[2024-10-04 23:33:35,884] {processor.py:641} INFO - Processing file /home/kennedy/.local/lib/python3.10/site-packages/airflow/example_dags/example_branch_operator_decorator.py for tasks to queue
[2024-10-04 23:33:35,885] {logging_mixin.py:115} INFO - [2024-10-04 23:33:35,885] {dagbag.py:507} INFO - Filling up the DagBag from /home/kennedy/.local/lib/python3.10/site-packages/airflow/example_dags/example_branch_operator_decorator.py
[2024-10-04 23:33:35,945] {processor.py:651} INFO - DAG(s) dict_keys(['example_branch_python_operator_decorator']) retrieved from /home/kennedy/.local/lib/python3.10/site-packages/airflow/example_dags/example_branch_operator_decorator.py
[2024-10-04 23:33:36,903] {logging_mixin.py:115} INFO - [2024-10-04 23:33:36,903] {manager.py:508} INFO - Created Permission View: can edit on DAG:example_branch_python_operator_decorator
[2024-10-04 23:33:37,027] {logging_mixin.py:115} INFO - [2024-10-04 23:33:37,026] {manager.py:508} INFO - Created Permission View: can delete on DAG:example_branch_python_operator_decorator
[2024-10-04 23:33:37,529] {logging_mixin.py:115} INFO - [2024-10-04 23:33:37,528] {manager.py:508} INFO - Created Permission View: can read on DAG:example_branch_python_operator_decorator
[2024-10-04 23:33:37,529] {logging_mixin.py:115} INFO - [2024-10-04 23:33:37,529] {dag.py:2379} INFO - Sync 1 DAGs
[2024-10-04 23:33:37,547] {logging_mixin.py:115} INFO - [2024-10-04 23:33:37,547] {dag.py:2398} INFO - Creating ORM DAG for example_branch_python_operator_decorator
[2024-10-04 23:33:37,574] {logging_mixin.py:115} INFO - [2024-10-04 23:33:37,574] {dag.py:2927} INFO - Setting next_dagrun for example_branch_python_operator_decorator to 2024-10-04T00:00:00+00:00, run_after=2024-10-05T00:00:00+00:00
[2024-10-04 23:33:37,756] {processor.py:161} INFO - Processing /home/kennedy/.local/lib/python3.10/site-packages/airflow/example_dags/example_branch_operator_decorator.py took 1.882 seconds
[2024-10-04 23:34:36,216] {processor.py:153} INFO - Started process (PID=97092) to work on /home/kennedy/.local/lib/python3.10/site-packages/airflow/example_dags/example_branch_operator_decorator.py
[2024-10-04 23:34:36,235] {processor.py:641} INFO - Processing file /home/kennedy/.local/lib/python3.10/site-packages/airflow/example_dags/example_branch_operator_decorator.py for tasks to queue
[2024-10-04 23:34:36,237] {logging_mixin.py:115} INFO - [2024-10-04 23:34:36,236] {dagbag.py:507} INFO - Filling up the DagBag from /home/kennedy/.local/lib/python3.10/site-packages/airflow/example_dags/example_branch_operator_decorator.py
[2024-10-04 23:34:36,294] {processor.py:651} INFO - DAG(s) dict_keys(['example_branch_python_operator_decorator']) retrieved from /home/kennedy/.local/lib/python3.10/site-packages/airflow/example_dags/example_branch_operator_decorator.py
[2024-10-04 23:34:36,337] {logging_mixin.py:115} INFO - [2024-10-04 23:34:36,337] {dag.py:2379} INFO - Sync 1 DAGs
[2024-10-04 23:34:36,384] {logging_mixin.py:115} INFO - [2024-10-04 23:34:36,384] {dag.py:2927} INFO - Setting next_dagrun for example_branch_python_operator_decorator to 2024-10-04T00:00:00+00:00, run_after=2024-10-05T00:00:00+00:00
[2024-10-04 23:34:36,506] {processor.py:161} INFO - Processing /home/kennedy/.local/lib/python3.10/site-packages/airflow/example_dags/example_branch_operator_decorator.py took 0.299 seconds
[2024-10-04 23:35:31,672] {processor.py:153} INFO - Started process (PID=97185) to work on /home/kennedy/.local/lib/python3.10/site-packages/airflow/example_dags/example_branch_operator_decorator.py
[2024-10-04 23:35:31,800] {processor.py:641} INFO - Processing file /home/kennedy/.local/lib/python3.10/site-packages/airflow/example_dags/example_branch_operator_decorator.py for tasks to queue
[2024-10-04 23:35:31,801] {logging_mixin.py:115} INFO - [2024-10-04 23:35:31,801] {dagbag.py:507} INFO - Filling up the DagBag from /home/kennedy/.local/lib/python3.10/site-packages/airflow/example_dags/example_branch_operator_decorator.py
[2024-10-04 23:35:31,845] {processor.py:651} INFO - DAG(s) dict_keys(['example_branch_python_operator_decorator']) retrieved from /home/kennedy/.local/lib/python3.10/site-packages/airflow/example_dags/example_branch_operator_decorator.py
[2024-10-04 23:35:31,889] {logging_mixin.py:115} INFO - [2024-10-04 23:35:31,889] {dag.py:2379} INFO - Sync 1 DAGs
[2024-10-04 23:35:31,930] {logging_mixin.py:115} INFO - [2024-10-04 23:35:31,930] {dag.py:2927} INFO - Setting next_dagrun for example_branch_python_operator_decorator to 2024-10-04T00:00:00+00:00, run_after=2024-10-05T00:00:00+00:00
[2024-10-04 23:35:32,059] {processor.py:161} INFO - Processing /home/kennedy/.local/lib/python3.10/site-packages/airflow/example_dags/example_branch_operator_decorator.py took 0.392 seconds
[2024-10-04 23:37:16,376] {processor.py:153} INFO - Started process (PID=98324) to work on /home/kennedy/.local/lib/python3.10/site-packages/airflow/example_dags/example_branch_operator_decorator.py
[2024-10-04 23:37:16,409] {processor.py:641} INFO - Processing file /home/kennedy/.local/lib/python3.10/site-packages/airflow/example_dags/example_branch_operator_decorator.py for tasks to queue
[2024-10-04 23:37:16,410] {logging_mixin.py:115} INFO - [2024-10-04 23:37:16,410] {dagbag.py:507} INFO - Filling up the DagBag from /home/kennedy/.local/lib/python3.10/site-packages/airflow/example_dags/example_branch_operator_decorator.py
[2024-10-04 23:37:16,462] {processor.py:651} INFO - DAG(s) dict_keys(['example_branch_python_operator_decorator']) retrieved from /home/kennedy/.local/lib/python3.10/site-packages/airflow/example_dags/example_branch_operator_decorator.py
[2024-10-04 23:37:16,554] {logging_mixin.py:115} INFO - [2024-10-04 23:37:16,554] {dag.py:2379} INFO - Sync 1 DAGs
[2024-10-04 23:37:16,588] {logging_mixin.py:115} INFO - [2024-10-04 23:37:16,588] {dag.py:2927} INFO - Setting next_dagrun for example_branch_python_operator_decorator to 2024-10-04T00:00:00+00:00, run_after=2024-10-05T00:00:00+00:00
[2024-10-04 23:37:17,543] {processor.py:161} INFO - Processing /home/kennedy/.local/lib/python3.10/site-packages/airflow/example_dags/example_branch_operator_decorator.py took 1.174 seconds
[2024-10-04 23:39:13,418] {processor.py:153} INFO - Started process (PID=99181) to work on /home/kennedy/.local/lib/python3.10/site-packages/airflow/example_dags/example_branch_operator_decorator.py
[2024-10-04 23:39:13,728] {processor.py:641} INFO - Processing file /home/kennedy/.local/lib/python3.10/site-packages/airflow/example_dags/example_branch_operator_decorator.py for tasks to queue
[2024-10-04 23:39:13,729] {logging_mixin.py:115} INFO - [2024-10-04 23:39:13,729] {dagbag.py:507} INFO - Filling up the DagBag from /home/kennedy/.local/lib/python3.10/site-packages/airflow/example_dags/example_branch_operator_decorator.py
[2024-10-04 23:39:13,788] {processor.py:651} INFO - DAG(s) dict_keys(['example_branch_python_operator_decorator']) retrieved from /home/kennedy/.local/lib/python3.10/site-packages/airflow/example_dags/example_branch_operator_decorator.py
[2024-10-04 23:39:13,995] {logging_mixin.py:115} INFO - [2024-10-04 23:39:13,995] {dag.py:2379} INFO - Sync 1 DAGs
[2024-10-04 23:39:14,036] {logging_mixin.py:115} INFO - [2024-10-04 23:39:14,036] {dag.py:2927} INFO - Setting next_dagrun for example_branch_python_operator_decorator to 2024-10-04T00:00:00+00:00, run_after=2024-10-05T00:00:00+00:00
[2024-10-04 23:39:14,257] {processor.py:161} INFO - Processing /home/kennedy/.local/lib/python3.10/site-packages/airflow/example_dags/example_branch_operator_decorator.py took 0.845 seconds
[2024-10-04 23:40:57,848] {processor.py:153} INFO - Started process (PID=99429) to work on /home/kennedy/.local/lib/python3.10/site-packages/airflow/example_dags/example_branch_operator_decorator.py
[2024-10-04 23:40:58,156] {processor.py:641} INFO - Processing file /home/kennedy/.local/lib/python3.10/site-packages/airflow/example_dags/example_branch_operator_decorator.py for tasks to queue
[2024-10-04 23:40:58,157] {logging_mixin.py:115} INFO - [2024-10-04 23:40:58,157] {dagbag.py:507} INFO - Filling up the DagBag from /home/kennedy/.local/lib/python3.10/site-packages/airflow/example_dags/example_branch_operator_decorator.py
[2024-10-04 23:40:58,209] {processor.py:651} INFO - DAG(s) dict_keys(['example_branch_python_operator_decorator']) retrieved from /home/kennedy/.local/lib/python3.10/site-packages/airflow/example_dags/example_branch_operator_decorator.py
[2024-10-04 23:40:58,243] {logging_mixin.py:115} INFO - [2024-10-04 23:40:58,243] {dag.py:2379} INFO - Sync 1 DAGs
[2024-10-04 23:40:58,284] {logging_mixin.py:115} INFO - [2024-10-04 23:40:58,284] {dag.py:2927} INFO - Setting next_dagrun for example_branch_python_operator_decorator to 2024-10-04T00:00:00+00:00, run_after=2024-10-05T00:00:00+00:00
[2024-10-04 23:40:59,623] {processor.py:161} INFO - Processing /home/kennedy/.local/lib/python3.10/site-packages/airflow/example_dags/example_branch_operator_decorator.py took 1.782 seconds
[2024-10-04 23:42:20,876] {processor.py:153} INFO - Started process (PID=99731) to work on /home/kennedy/.local/lib/python3.10/site-packages/airflow/example_dags/example_branch_operator_decorator.py
[2024-10-04 23:42:21,080] {processor.py:641} INFO - Processing file /home/kennedy/.local/lib/python3.10/site-packages/airflow/example_dags/example_branch_operator_decorator.py for tasks to queue
[2024-10-04 23:42:21,081] {logging_mixin.py:115} INFO - [2024-10-04 23:42:21,081] {dagbag.py:507} INFO - Filling up the DagBag from /home/kennedy/.local/lib/python3.10/site-packages/airflow/example_dags/example_branch_operator_decorator.py
[2024-10-04 23:42:21,136] {processor.py:651} INFO - DAG(s) dict_keys(['example_branch_python_operator_decorator']) retrieved from /home/kennedy/.local/lib/python3.10/site-packages/airflow/example_dags/example_branch_operator_decorator.py
[2024-10-04 23:42:21,171] {logging_mixin.py:115} INFO - [2024-10-04 23:42:21,171] {dag.py:2379} INFO - Sync 1 DAGs
[2024-10-04 23:42:21,216] {logging_mixin.py:115} INFO - [2024-10-04 23:42:21,216] {dag.py:2927} INFO - Setting next_dagrun for example_branch_python_operator_decorator to 2024-10-04T00:00:00+00:00, run_after=2024-10-05T00:00:00+00:00
[2024-10-04 23:42:22,282] {processor.py:161} INFO - Processing /home/kennedy/.local/lib/python3.10/site-packages/airflow/example_dags/example_branch_operator_decorator.py took 1.413 seconds
[2024-10-04 23:43:21,785] {processor.py:153} INFO - Started process (PID=99807) to work on /home/kennedy/.local/lib/python3.10/site-packages/airflow/example_dags/example_branch_operator_decorator.py
[2024-10-04 23:43:21,808] {processor.py:641} INFO - Processing file /home/kennedy/.local/lib/python3.10/site-packages/airflow/example_dags/example_branch_operator_decorator.py for tasks to queue
[2024-10-04 23:43:21,810] {logging_mixin.py:115} INFO - [2024-10-04 23:43:21,809] {dagbag.py:507} INFO - Filling up the DagBag from /home/kennedy/.local/lib/python3.10/site-packages/airflow/example_dags/example_branch_operator_decorator.py
[2024-10-04 23:43:21,863] {processor.py:651} INFO - DAG(s) dict_keys(['example_branch_python_operator_decorator']) retrieved from /home/kennedy/.local/lib/python3.10/site-packages/airflow/example_dags/example_branch_operator_decorator.py
[2024-10-04 23:43:21,897] {logging_mixin.py:115} INFO - [2024-10-04 23:43:21,897] {dag.py:2379} INFO - Sync 1 DAGs
[2024-10-04 23:43:21,941] {logging_mixin.py:115} INFO - [2024-10-04 23:43:21,941] {dag.py:2927} INFO - Setting next_dagrun for example_branch_python_operator_decorator to 2024-10-04T00:00:00+00:00, run_after=2024-10-05T00:00:00+00:00
[2024-10-04 23:43:22,728] {processor.py:161} INFO - Processing /home/kennedy/.local/lib/python3.10/site-packages/airflow/example_dags/example_branch_operator_decorator.py took 0.950 seconds
[2024-10-04 23:44:11,393] {processor.py:153} INFO - Started process (PID=99869) to work on /home/kennedy/.local/lib/python3.10/site-packages/airflow/example_dags/example_branch_operator_decorator.py
[2024-10-04 23:44:11,406] {processor.py:641} INFO - Processing file /home/kennedy/.local/lib/python3.10/site-packages/airflow/example_dags/example_branch_operator_decorator.py for tasks to queue
[2024-10-04 23:44:11,408] {logging_mixin.py:115} INFO - [2024-10-04 23:44:11,407] {dagbag.py:507} INFO - Filling up the DagBag from /home/kennedy/.local/lib/python3.10/site-packages/airflow/example_dags/example_branch_operator_decorator.py
[2024-10-04 23:44:11,460] {processor.py:651} INFO - DAG(s) dict_keys(['example_branch_python_operator_decorator']) retrieved from /home/kennedy/.local/lib/python3.10/site-packages/airflow/example_dags/example_branch_operator_decorator.py
[2024-10-04 23:44:11,493] {logging_mixin.py:115} INFO - [2024-10-04 23:44:11,493] {dag.py:2379} INFO - Sync 1 DAGs
[2024-10-04 23:44:11,533] {logging_mixin.py:115} INFO - [2024-10-04 23:44:11,533] {dag.py:2927} INFO - Setting next_dagrun for example_branch_python_operator_decorator to 2024-10-04T00:00:00+00:00, run_after=2024-10-05T00:00:00+00:00
[2024-10-04 23:44:12,654] {processor.py:161} INFO - Processing /home/kennedy/.local/lib/python3.10/site-packages/airflow/example_dags/example_branch_operator_decorator.py took 1.269 seconds
[2024-10-04 23:46:12,683] {processor.py:153} INFO - Started process (PID=101013) to work on /home/kennedy/.local/lib/python3.10/site-packages/airflow/example_dags/example_branch_operator_decorator.py
[2024-10-04 23:46:13,088] {processor.py:641} INFO - Processing file /home/kennedy/.local/lib/python3.10/site-packages/airflow/example_dags/example_branch_operator_decorator.py for tasks to queue
[2024-10-04 23:46:13,089] {logging_mixin.py:115} INFO - [2024-10-04 23:46:13,089] {dagbag.py:507} INFO - Filling up the DagBag from /home/kennedy/.local/lib/python3.10/site-packages/airflow/example_dags/example_branch_operator_decorator.py
[2024-10-04 23:46:13,140] {processor.py:651} INFO - DAG(s) dict_keys(['example_branch_python_operator_decorator']) retrieved from /home/kennedy/.local/lib/python3.10/site-packages/airflow/example_dags/example_branch_operator_decorator.py
[2024-10-04 23:46:13,432] {logging_mixin.py:115} INFO - [2024-10-04 23:46:13,431] {dag.py:2379} INFO - Sync 1 DAGs
[2024-10-04 23:46:13,466] {logging_mixin.py:115} INFO - [2024-10-04 23:46:13,466] {dag.py:2927} INFO - Setting next_dagrun for example_branch_python_operator_decorator to 2024-10-04T00:00:00+00:00, run_after=2024-10-05T00:00:00+00:00
[2024-10-04 23:46:13,556] {processor.py:161} INFO - Processing /home/kennedy/.local/lib/python3.10/site-packages/airflow/example_dags/example_branch_operator_decorator.py took 0.880 seconds
[2024-10-04 23:48:04,173] {processor.py:153} INFO - Started process (PID=101520) to work on /home/kennedy/.local/lib/python3.10/site-packages/airflow/example_dags/example_branch_operator_decorator.py
[2024-10-04 23:48:04,305] {processor.py:641} INFO - Processing file /home/kennedy/.local/lib/python3.10/site-packages/airflow/example_dags/example_branch_operator_decorator.py for tasks to queue
[2024-10-04 23:48:04,306] {logging_mixin.py:115} INFO - [2024-10-04 23:48:04,306] {dagbag.py:507} INFO - Filling up the DagBag from /home/kennedy/.local/lib/python3.10/site-packages/airflow/example_dags/example_branch_operator_decorator.py
[2024-10-04 23:48:04,359] {processor.py:651} INFO - DAG(s) dict_keys(['example_branch_python_operator_decorator']) retrieved from /home/kennedy/.local/lib/python3.10/site-packages/airflow/example_dags/example_branch_operator_decorator.py
[2024-10-04 23:48:04,611] {logging_mixin.py:115} INFO - [2024-10-04 23:48:04,611] {dag.py:2379} INFO - Sync 1 DAGs
[2024-10-04 23:48:04,708] {logging_mixin.py:115} INFO - [2024-10-04 23:48:04,708] {dag.py:2927} INFO - Setting next_dagrun for example_branch_python_operator_decorator to 2024-10-04T00:00:00+00:00, run_after=2024-10-05T00:00:00+00:00
[2024-10-04 23:48:05,717] {processor.py:161} INFO - Processing /home/kennedy/.local/lib/python3.10/site-packages/airflow/example_dags/example_branch_operator_decorator.py took 1.551 seconds
[2024-10-04 23:50:27,419] {processor.py:153} INFO - Started process (PID=102408) to work on /home/kennedy/.local/lib/python3.10/site-packages/airflow/example_dags/example_branch_operator_decorator.py
[2024-10-04 23:50:27,432] {processor.py:641} INFO - Processing file /home/kennedy/.local/lib/python3.10/site-packages/airflow/example_dags/example_branch_operator_decorator.py for tasks to queue
[2024-10-04 23:50:27,433] {logging_mixin.py:115} INFO - [2024-10-04 23:50:27,433] {dagbag.py:507} INFO - Filling up the DagBag from /home/kennedy/.local/lib/python3.10/site-packages/airflow/example_dags/example_branch_operator_decorator.py
[2024-10-04 23:50:27,470] {processor.py:651} INFO - DAG(s) dict_keys(['example_branch_python_operator_decorator']) retrieved from /home/kennedy/.local/lib/python3.10/site-packages/airflow/example_dags/example_branch_operator_decorator.py
[2024-10-04 23:50:27,622] {logging_mixin.py:115} INFO - [2024-10-04 23:50:27,622] {dag.py:2379} INFO - Sync 1 DAGs
[2024-10-04 23:50:27,663] {logging_mixin.py:115} INFO - [2024-10-04 23:50:27,663] {dag.py:2927} INFO - Setting next_dagrun for example_branch_python_operator_decorator to 2024-10-04T00:00:00+00:00, run_after=2024-10-05T00:00:00+00:00
[2024-10-04 23:50:27,860] {processor.py:161} INFO - Processing /home/kennedy/.local/lib/python3.10/site-packages/airflow/example_dags/example_branch_operator_decorator.py took 0.447 seconds
[2024-10-04 23:52:11,944] {processor.py:153} INFO - Started process (PID=102826) to work on /home/kennedy/.local/lib/python3.10/site-packages/airflow/example_dags/example_branch_operator_decorator.py
[2024-10-04 23:52:12,143] {processor.py:641} INFO - Processing file /home/kennedy/.local/lib/python3.10/site-packages/airflow/example_dags/example_branch_operator_decorator.py for tasks to queue
[2024-10-04 23:52:12,145] {logging_mixin.py:115} INFO - [2024-10-04 23:52:12,144] {dagbag.py:507} INFO - Filling up the DagBag from /home/kennedy/.local/lib/python3.10/site-packages/airflow/example_dags/example_branch_operator_decorator.py
[2024-10-04 23:52:12,198] {processor.py:651} INFO - DAG(s) dict_keys(['example_branch_python_operator_decorator']) retrieved from /home/kennedy/.local/lib/python3.10/site-packages/airflow/example_dags/example_branch_operator_decorator.py
[2024-10-04 23:52:12,232] {logging_mixin.py:115} INFO - [2024-10-04 23:52:12,232] {dag.py:2379} INFO - Sync 1 DAGs
[2024-10-04 23:52:12,273] {logging_mixin.py:115} INFO - [2024-10-04 23:52:12,272] {dag.py:2927} INFO - Setting next_dagrun for example_branch_python_operator_decorator to 2024-10-04T00:00:00+00:00, run_after=2024-10-05T00:00:00+00:00
[2024-10-04 23:52:13,234] {processor.py:161} INFO - Processing /home/kennedy/.local/lib/python3.10/site-packages/airflow/example_dags/example_branch_operator_decorator.py took 1.296 seconds
[2024-10-04 23:53:40,102] {processor.py:153} INFO - Started process (PID=103668) to work on /home/kennedy/.local/lib/python3.10/site-packages/airflow/example_dags/example_branch_operator_decorator.py
[2024-10-04 23:53:40,378] {processor.py:641} INFO - Processing file /home/kennedy/.local/lib/python3.10/site-packages/airflow/example_dags/example_branch_operator_decorator.py for tasks to queue
[2024-10-04 23:53:40,379] {logging_mixin.py:115} INFO - [2024-10-04 23:53:40,379] {dagbag.py:507} INFO - Filling up the DagBag from /home/kennedy/.local/lib/python3.10/site-packages/airflow/example_dags/example_branch_operator_decorator.py
[2024-10-04 23:53:40,434] {processor.py:651} INFO - DAG(s) dict_keys(['example_branch_python_operator_decorator']) retrieved from /home/kennedy/.local/lib/python3.10/site-packages/airflow/example_dags/example_branch_operator_decorator.py
[2024-10-04 23:53:40,470] {logging_mixin.py:115} INFO - [2024-10-04 23:53:40,470] {dag.py:2379} INFO - Sync 1 DAGs
[2024-10-04 23:53:40,515] {logging_mixin.py:115} INFO - [2024-10-04 23:53:40,515] {dag.py:2927} INFO - Setting next_dagrun for example_branch_python_operator_decorator to 2024-10-04T00:00:00+00:00, run_after=2024-10-05T00:00:00+00:00
[2024-10-04 23:53:40,759] {processor.py:161} INFO - Processing /home/kennedy/.local/lib/python3.10/site-packages/airflow/example_dags/example_branch_operator_decorator.py took 0.664 seconds
[2024-10-04 23:55:31,021] {processor.py:153} INFO - Started process (PID=103965) to work on /home/kennedy/.local/lib/python3.10/site-packages/airflow/example_dags/example_branch_operator_decorator.py
[2024-10-04 23:55:31,032] {processor.py:641} INFO - Processing file /home/kennedy/.local/lib/python3.10/site-packages/airflow/example_dags/example_branch_operator_decorator.py for tasks to queue
[2024-10-04 23:55:31,033] {logging_mixin.py:115} INFO - [2024-10-04 23:55:31,033] {dagbag.py:507} INFO - Filling up the DagBag from /home/kennedy/.local/lib/python3.10/site-packages/airflow/example_dags/example_branch_operator_decorator.py
[2024-10-04 23:55:31,095] {processor.py:651} INFO - DAG(s) dict_keys(['example_branch_python_operator_decorator']) retrieved from /home/kennedy/.local/lib/python3.10/site-packages/airflow/example_dags/example_branch_operator_decorator.py
[2024-10-04 23:55:31,129] {logging_mixin.py:115} INFO - [2024-10-04 23:55:31,129] {dag.py:2379} INFO - Sync 1 DAGs
[2024-10-04 23:55:31,174] {logging_mixin.py:115} INFO - [2024-10-04 23:55:31,174] {dag.py:2927} INFO - Setting next_dagrun for example_branch_python_operator_decorator to 2024-10-04T00:00:00+00:00, run_after=2024-10-05T00:00:00+00:00
[2024-10-04 23:55:32,040] {processor.py:161} INFO - Processing /home/kennedy/.local/lib/python3.10/site-packages/airflow/example_dags/example_branch_operator_decorator.py took 1.029 seconds
[2024-10-04 23:57:37,024] {processor.py:153} INFO - Started process (PID=105197) to work on /home/kennedy/.local/lib/python3.10/site-packages/airflow/example_dags/example_branch_operator_decorator.py
[2024-10-04 23:57:37,058] {processor.py:641} INFO - Processing file /home/kennedy/.local/lib/python3.10/site-packages/airflow/example_dags/example_branch_operator_decorator.py for tasks to queue
[2024-10-04 23:57:37,059] {logging_mixin.py:115} INFO - [2024-10-04 23:57:37,059] {dagbag.py:507} INFO - Filling up the DagBag from /home/kennedy/.local/lib/python3.10/site-packages/airflow/example_dags/example_branch_operator_decorator.py
[2024-10-04 23:57:37,114] {processor.py:651} INFO - DAG(s) dict_keys(['example_branch_python_operator_decorator']) retrieved from /home/kennedy/.local/lib/python3.10/site-packages/airflow/example_dags/example_branch_operator_decorator.py
[2024-10-04 23:57:37,147] {logging_mixin.py:115} INFO - [2024-10-04 23:57:37,147] {dag.py:2379} INFO - Sync 1 DAGs
[2024-10-04 23:57:37,188] {logging_mixin.py:115} INFO - [2024-10-04 23:57:37,188] {dag.py:2927} INFO - Setting next_dagrun for example_branch_python_operator_decorator to 2024-10-04T00:00:00+00:00, run_after=2024-10-05T00:00:00+00:00
[2024-10-04 23:57:39,033] {processor.py:161} INFO - Processing /home/kennedy/.local/lib/python3.10/site-packages/airflow/example_dags/example_branch_operator_decorator.py took 2.017 seconds
[2024-10-04 23:59:32,193] {processor.py:153} INFO - Started process (PID=105441) to work on /home/kennedy/.local/lib/python3.10/site-packages/airflow/example_dags/example_branch_operator_decorator.py
[2024-10-04 23:59:33,084] {processor.py:641} INFO - Processing file /home/kennedy/.local/lib/python3.10/site-packages/airflow/example_dags/example_branch_operator_decorator.py for tasks to queue
[2024-10-04 23:59:33,085] {logging_mixin.py:115} INFO - [2024-10-04 23:59:33,085] {dagbag.py:507} INFO - Filling up the DagBag from /home/kennedy/.local/lib/python3.10/site-packages/airflow/example_dags/example_branch_operator_decorator.py
[2024-10-04 23:59:33,136] {processor.py:651} INFO - DAG(s) dict_keys(['example_branch_python_operator_decorator']) retrieved from /home/kennedy/.local/lib/python3.10/site-packages/airflow/example_dags/example_branch_operator_decorator.py
[2024-10-04 23:59:33,169] {logging_mixin.py:115} INFO - [2024-10-04 23:59:33,169] {dag.py:2379} INFO - Sync 1 DAGs
[2024-10-04 23:59:33,210] {logging_mixin.py:115} INFO - [2024-10-04 23:59:33,210] {dag.py:2927} INFO - Setting next_dagrun for example_branch_python_operator_decorator to 2024-10-04T00:00:00+00:00, run_after=2024-10-05T00:00:00+00:00
[2024-10-04 23:59:33,294] {processor.py:161} INFO - Processing /home/kennedy/.local/lib/python3.10/site-packages/airflow/example_dags/example_branch_operator_decorator.py took 1.108 seconds
[2024-10-05 00:01:15,666] {processor.py:153} INFO - Started process (PID=105652) to work on /home/kennedy/.local/lib/python3.10/site-packages/airflow/example_dags/example_branch_operator_decorator.py
[2024-10-05 00:01:15,760] {processor.py:641} INFO - Processing file /home/kennedy/.local/lib/python3.10/site-packages/airflow/example_dags/example_branch_operator_decorator.py for tasks to queue
[2024-10-05 00:01:15,761] {logging_mixin.py:115} INFO - [2024-10-05 00:01:15,761] {dagbag.py:507} INFO - Filling up the DagBag from /home/kennedy/.local/lib/python3.10/site-packages/airflow/example_dags/example_branch_operator_decorator.py
[2024-10-05 00:01:15,814] {processor.py:651} INFO - DAG(s) dict_keys(['example_branch_python_operator_decorator']) retrieved from /home/kennedy/.local/lib/python3.10/site-packages/airflow/example_dags/example_branch_operator_decorator.py
[2024-10-05 00:01:15,851] {logging_mixin.py:115} INFO - [2024-10-05 00:01:15,850] {dag.py:2379} INFO - Sync 1 DAGs
[2024-10-05 00:01:15,896] {logging_mixin.py:115} INFO - [2024-10-05 00:01:15,896] {dag.py:2927} INFO - Setting next_dagrun for example_branch_python_operator_decorator to 2024-10-04T00:00:00+00:00, run_after=2024-10-05T00:00:00+00:00
[2024-10-05 00:01:16,740] {processor.py:161} INFO - Processing /home/kennedy/.local/lib/python3.10/site-packages/airflow/example_dags/example_branch_operator_decorator.py took 1.082 seconds
