[2024-10-04 23:33:03,300] {processor.py:153} INFO - Started process (PID=97021) to work on /home/kennedy/.local/lib/python3.10/site-packages/airflow/example_dags/example_task_group.py
[2024-10-04 23:33:03,301] {processor.py:641} INFO - Processing file /home/kennedy/.local/lib/python3.10/site-packages/airflow/example_dags/example_task_group.py for tasks to queue
[2024-10-04 23:33:03,302] {logging_mixin.py:115} INFO - [2024-10-04 23:33:03,302] {dagbag.py:507} INFO - Filling up the DagBag from /home/kennedy/.local/lib/python3.10/site-packages/airflow/example_dags/example_task_group.py
[2024-10-04 23:33:03,318] {processor.py:651} INFO - DAG(s) dict_keys(['example_task_group']) retrieved from /home/kennedy/.local/lib/python3.10/site-packages/airflow/example_dags/example_task_group.py
[2024-10-04 23:33:04,622] {logging_mixin.py:115} INFO - [2024-10-04 23:33:04,621] {manager.py:508} INFO - Created Permission View: can edit on DAG:example_task_group
[2024-10-04 23:33:04,788] {logging_mixin.py:115} INFO - [2024-10-04 23:33:04,788] {manager.py:508} INFO - Created Permission View: can delete on DAG:example_task_group
[2024-10-04 23:33:04,878] {logging_mixin.py:115} INFO - [2024-10-04 23:33:04,878] {manager.py:508} INFO - Created Permission View: can read on DAG:example_task_group
[2024-10-04 23:33:04,879] {logging_mixin.py:115} INFO - [2024-10-04 23:33:04,879] {dag.py:2379} INFO - Sync 1 DAGs
[2024-10-04 23:33:04,895] {logging_mixin.py:115} INFO - [2024-10-04 23:33:04,895] {dag.py:2398} INFO - Creating ORM DAG for example_task_group
[2024-10-04 23:33:04,917] {logging_mixin.py:115} INFO - [2024-10-04 23:33:04,916] {dag.py:2927} INFO - Setting next_dagrun for example_task_group to 2024-10-04T02:33:04.916348+00:00, run_after=2024-10-05T02:33:04.916348+00:00
[2024-10-04 23:33:05,062] {processor.py:161} INFO - Processing /home/kennedy/.local/lib/python3.10/site-packages/airflow/example_dags/example_task_group.py took 1.768 seconds
[2024-10-04 23:34:17,163] {processor.py:153} INFO - Started process (PID=97069) to work on /home/kennedy/.local/lib/python3.10/site-packages/airflow/example_dags/example_task_group.py
[2024-10-04 23:34:17,177] {processor.py:641} INFO - Processing file /home/kennedy/.local/lib/python3.10/site-packages/airflow/example_dags/example_task_group.py for tasks to queue
[2024-10-04 23:34:17,178] {logging_mixin.py:115} INFO - [2024-10-04 23:34:17,178] {dagbag.py:507} INFO - Filling up the DagBag from /home/kennedy/.local/lib/python3.10/site-packages/airflow/example_dags/example_task_group.py
[2024-10-04 23:34:17,195] {processor.py:651} INFO - DAG(s) dict_keys(['example_task_group']) retrieved from /home/kennedy/.local/lib/python3.10/site-packages/airflow/example_dags/example_task_group.py
[2024-10-04 23:34:17,244] {logging_mixin.py:115} INFO - [2024-10-04 23:34:17,243] {dag.py:2379} INFO - Sync 1 DAGs
[2024-10-04 23:34:17,286] {logging_mixin.py:115} INFO - [2024-10-04 23:34:17,285] {dag.py:2927} INFO - Setting next_dagrun for example_task_group to 2024-10-04T02:34:17.285365+00:00, run_after=2024-10-05T02:34:17.285365+00:00
[2024-10-04 23:34:17,414] {processor.py:161} INFO - Processing /home/kennedy/.local/lib/python3.10/site-packages/airflow/example_dags/example_task_group.py took 0.259 seconds
[2024-10-04 23:35:15,763] {processor.py:153} INFO - Started process (PID=97119) to work on /home/kennedy/.local/lib/python3.10/site-packages/airflow/example_dags/example_task_group.py
[2024-10-04 23:35:16,244] {processor.py:641} INFO - Processing file /home/kennedy/.local/lib/python3.10/site-packages/airflow/example_dags/example_task_group.py for tasks to queue
[2024-10-04 23:35:16,245] {logging_mixin.py:115} INFO - [2024-10-04 23:35:16,245] {dagbag.py:507} INFO - Filling up the DagBag from /home/kennedy/.local/lib/python3.10/site-packages/airflow/example_dags/example_task_group.py
[2024-10-04 23:35:16,262] {processor.py:651} INFO - DAG(s) dict_keys(['example_task_group']) retrieved from /home/kennedy/.local/lib/python3.10/site-packages/airflow/example_dags/example_task_group.py
[2024-10-04 23:35:16,308] {logging_mixin.py:115} INFO - [2024-10-04 23:35:16,308] {dag.py:2379} INFO - Sync 1 DAGs
[2024-10-04 23:35:16,348] {logging_mixin.py:115} INFO - [2024-10-04 23:35:16,348] {dag.py:2927} INFO - Setting next_dagrun for example_task_group to 2024-10-04T02:35:16.347959+00:00, run_after=2024-10-05T02:35:16.347959+00:00
[2024-10-04 23:35:16,638] {processor.py:161} INFO - Processing /home/kennedy/.local/lib/python3.10/site-packages/airflow/example_dags/example_task_group.py took 0.882 seconds
[2024-10-04 23:36:48,269] {processor.py:153} INFO - Started process (PID=98237) to work on /home/kennedy/.local/lib/python3.10/site-packages/airflow/example_dags/example_task_group.py
[2024-10-04 23:36:48,421] {processor.py:641} INFO - Processing file /home/kennedy/.local/lib/python3.10/site-packages/airflow/example_dags/example_task_group.py for tasks to queue
[2024-10-04 23:36:48,422] {logging_mixin.py:115} INFO - [2024-10-04 23:36:48,422] {dagbag.py:507} INFO - Filling up the DagBag from /home/kennedy/.local/lib/python3.10/site-packages/airflow/example_dags/example_task_group.py
[2024-10-04 23:36:48,441] {processor.py:651} INFO - DAG(s) dict_keys(['example_task_group']) retrieved from /home/kennedy/.local/lib/python3.10/site-packages/airflow/example_dags/example_task_group.py
[2024-10-04 23:36:48,602] {logging_mixin.py:115} INFO - [2024-10-04 23:36:48,602] {dag.py:2379} INFO - Sync 1 DAGs
[2024-10-04 23:36:48,643] {logging_mixin.py:115} INFO - [2024-10-04 23:36:48,643] {dag.py:2927} INFO - Setting next_dagrun for example_task_group to 2024-10-04T02:36:48.642659+00:00, run_after=2024-10-05T02:36:48.642659+00:00
[2024-10-04 23:36:49,650] {processor.py:161} INFO - Processing /home/kennedy/.local/lib/python3.10/site-packages/airflow/example_dags/example_task_group.py took 1.390 seconds
[2024-10-04 23:38:42,755] {processor.py:153} INFO - Started process (PID=98716) to work on /home/kennedy/.local/lib/python3.10/site-packages/airflow/example_dags/example_task_group.py
[2024-10-04 23:38:42,834] {processor.py:641} INFO - Processing file /home/kennedy/.local/lib/python3.10/site-packages/airflow/example_dags/example_task_group.py for tasks to queue
[2024-10-04 23:38:42,834] {logging_mixin.py:115} INFO - [2024-10-04 23:38:42,834] {dagbag.py:507} INFO - Filling up the DagBag from /home/kennedy/.local/lib/python3.10/site-packages/airflow/example_dags/example_task_group.py
[2024-10-04 23:38:42,845] {processor.py:651} INFO - DAG(s) dict_keys(['example_task_group']) retrieved from /home/kennedy/.local/lib/python3.10/site-packages/airflow/example_dags/example_task_group.py
[2024-10-04 23:38:42,900] {logging_mixin.py:115} INFO - [2024-10-04 23:38:42,900] {dag.py:2379} INFO - Sync 1 DAGs
[2024-10-04 23:38:42,919] {logging_mixin.py:115} INFO - [2024-10-04 23:38:42,919] {dag.py:2927} INFO - Setting next_dagrun for example_task_group to 2024-10-04T02:38:42.919471+00:00, run_after=2024-10-05T02:38:42.919471+00:00
[2024-10-04 23:38:43,345] {processor.py:161} INFO - Processing /home/kennedy/.local/lib/python3.10/site-packages/airflow/example_dags/example_task_group.py took 0.593 seconds
[2024-10-04 23:39:30,551] {processor.py:153} INFO - Started process (PID=99199) to work on /home/kennedy/KR/Programação/01.Exercícios/DE/Movies/venv/lib/python3.10/site-packages/airflow/example_dags/example_task_group.py
[2024-10-04 23:39:30,565] {processor.py:641} INFO - Processing file /home/kennedy/KR/Programação/01.Exercícios/DE/Movies/venv/lib/python3.10/site-packages/airflow/example_dags/example_task_group.py for tasks to queue
[2024-10-04 23:39:30,566] {logging_mixin.py:115} INFO - [2024-10-04 23:39:30,566] {dagbag.py:507} INFO - Filling up the DagBag from /home/kennedy/KR/Programação/01.Exercícios/DE/Movies/venv/lib/python3.10/site-packages/airflow/example_dags/example_task_group.py
[2024-10-04 23:39:30,583] {processor.py:651} INFO - DAG(s) dict_keys(['example_task_group']) retrieved from /home/kennedy/KR/Programação/01.Exercícios/DE/Movies/venv/lib/python3.10/site-packages/airflow/example_dags/example_task_group.py
[2024-10-04 23:39:30,684] {logging_mixin.py:115} INFO - [2024-10-04 23:39:30,684] {dag.py:2379} INFO - Sync 1 DAGs
[2024-10-04 23:39:30,725] {logging_mixin.py:115} INFO - [2024-10-04 23:39:30,725] {dag.py:2927} INFO - Setting next_dagrun for example_task_group to 2024-10-04T02:39:30.724936+00:00, run_after=2024-10-05T02:39:30.724936+00:00
[2024-10-04 23:39:31,460] {processor.py:161} INFO - Processing /home/kennedy/KR/Programação/01.Exercícios/DE/Movies/venv/lib/python3.10/site-packages/airflow/example_dags/example_task_group.py took 0.916 seconds
[2024-10-04 23:39:55,141] {processor.py:153} INFO - Started process (PID=99219) to work on /home/kennedy/.local/lib/python3.10/site-packages/airflow/example_dags/example_task_group.py
[2024-10-04 23:39:55,158] {processor.py:641} INFO - Processing file /home/kennedy/.local/lib/python3.10/site-packages/airflow/example_dags/example_task_group.py for tasks to queue
[2024-10-04 23:39:55,159] {logging_mixin.py:115} INFO - [2024-10-04 23:39:55,158] {dagbag.py:507} INFO - Filling up the DagBag from /home/kennedy/.local/lib/python3.10/site-packages/airflow/example_dags/example_task_group.py
[2024-10-04 23:39:55,175] {processor.py:651} INFO - DAG(s) dict_keys(['example_task_group']) retrieved from /home/kennedy/.local/lib/python3.10/site-packages/airflow/example_dags/example_task_group.py
[2024-10-04 23:39:55,298] {logging_mixin.py:115} INFO - [2024-10-04 23:39:55,298] {dag.py:2379} INFO - Sync 1 DAGs
[2024-10-04 23:39:55,342] {logging_mixin.py:115} INFO - [2024-10-04 23:39:55,342] {dag.py:2927} INFO - Setting next_dagrun for example_task_group to 2024-10-04T02:39:55.342079+00:00, run_after=2024-10-05T02:39:55.342079+00:00
[2024-10-04 23:39:55,468] {processor.py:161} INFO - Processing /home/kennedy/.local/lib/python3.10/site-packages/airflow/example_dags/example_task_group.py took 0.334 seconds
[2024-10-04 23:41:23,483] {processor.py:153} INFO - Started process (PID=99444) to work on /home/kennedy/.local/lib/python3.10/site-packages/airflow/example_dags/example_task_group.py
[2024-10-04 23:41:23,496] {processor.py:641} INFO - Processing file /home/kennedy/.local/lib/python3.10/site-packages/airflow/example_dags/example_task_group.py for tasks to queue
[2024-10-04 23:41:23,497] {logging_mixin.py:115} INFO - [2024-10-04 23:41:23,497] {dagbag.py:507} INFO - Filling up the DagBag from /home/kennedy/.local/lib/python3.10/site-packages/airflow/example_dags/example_task_group.py
[2024-10-04 23:41:23,516] {processor.py:651} INFO - DAG(s) dict_keys(['example_task_group']) retrieved from /home/kennedy/.local/lib/python3.10/site-packages/airflow/example_dags/example_task_group.py
[2024-10-04 23:41:23,627] {logging_mixin.py:115} INFO - [2024-10-04 23:41:23,627] {dag.py:2379} INFO - Sync 1 DAGs
[2024-10-04 23:41:23,663] {logging_mixin.py:115} INFO - [2024-10-04 23:41:23,662] {dag.py:2927} INFO - Setting next_dagrun for example_task_group to 2024-10-04T02:41:23.662368+00:00, run_after=2024-10-05T02:41:23.662368+00:00
[2024-10-04 23:41:24,095] {processor.py:161} INFO - Processing /home/kennedy/.local/lib/python3.10/site-packages/airflow/example_dags/example_task_group.py took 0.619 seconds
[2024-10-04 23:42:55,024] {processor.py:153} INFO - Started process (PID=99776) to work on /home/kennedy/.local/lib/python3.10/site-packages/airflow/example_dags/example_task_group.py
[2024-10-04 23:42:55,051] {processor.py:641} INFO - Processing file /home/kennedy/.local/lib/python3.10/site-packages/airflow/example_dags/example_task_group.py for tasks to queue
[2024-10-04 23:42:55,053] {logging_mixin.py:115} INFO - [2024-10-04 23:42:55,053] {dagbag.py:507} INFO - Filling up the DagBag from /home/kennedy/.local/lib/python3.10/site-packages/airflow/example_dags/example_task_group.py
[2024-10-04 23:42:55,070] {processor.py:651} INFO - DAG(s) dict_keys(['example_task_group']) retrieved from /home/kennedy/.local/lib/python3.10/site-packages/airflow/example_dags/example_task_group.py
[2024-10-04 23:42:55,112] {logging_mixin.py:115} INFO - [2024-10-04 23:42:55,111] {dag.py:2379} INFO - Sync 1 DAGs
[2024-10-04 23:42:55,150] {logging_mixin.py:115} INFO - [2024-10-04 23:42:55,150] {dag.py:2927} INFO - Setting next_dagrun for example_task_group to 2024-10-04T02:42:55.149608+00:00, run_after=2024-10-05T02:42:55.149608+00:00
[2024-10-04 23:42:55,332] {processor.py:161} INFO - Processing /home/kennedy/.local/lib/python3.10/site-packages/airflow/example_dags/example_task_group.py took 0.316 seconds
[2024-10-04 23:43:06,080] {processor.py:153} INFO - Started process (PID=99791) to work on /home/kennedy/.local/lib/python3.10/site-packages/airflow/example_dags/example_task_group.py
[2024-10-04 23:43:06,132] {processor.py:641} INFO - Processing file /home/kennedy/.local/lib/python3.10/site-packages/airflow/example_dags/example_task_group.py for tasks to queue
[2024-10-04 23:43:06,133] {logging_mixin.py:115} INFO - [2024-10-04 23:43:06,133] {dagbag.py:507} INFO - Filling up the DagBag from /home/kennedy/.local/lib/python3.10/site-packages/airflow/example_dags/example_task_group.py
[2024-10-04 23:43:06,152] {processor.py:651} INFO - DAG(s) dict_keys(['example_task_group']) retrieved from /home/kennedy/.local/lib/python3.10/site-packages/airflow/example_dags/example_task_group.py
[2024-10-04 23:43:06,194] {logging_mixin.py:115} INFO - [2024-10-04 23:43:06,194] {dag.py:2379} INFO - Sync 1 DAGs
[2024-10-04 23:43:06,231] {logging_mixin.py:115} INFO - [2024-10-04 23:43:06,230] {dag.py:2927} INFO - Setting next_dagrun for example_task_group to 2024-10-04T02:43:06.230358+00:00, run_after=2024-10-05T02:43:06.230358+00:00
[2024-10-04 23:43:07,296] {processor.py:161} INFO - Processing /home/kennedy/.local/lib/python3.10/site-packages/airflow/example_dags/example_task_group.py took 1.223 seconds
[2024-10-04 23:44:07,116] {processor.py:153} INFO - Started process (PID=99863) to work on /home/kennedy/.local/lib/python3.10/site-packages/airflow/example_dags/example_task_group.py
[2024-10-04 23:44:07,130] {processor.py:641} INFO - Processing file /home/kennedy/.local/lib/python3.10/site-packages/airflow/example_dags/example_task_group.py for tasks to queue
[2024-10-04 23:44:07,132] {logging_mixin.py:115} INFO - [2024-10-04 23:44:07,132] {dagbag.py:507} INFO - Filling up the DagBag from /home/kennedy/.local/lib/python3.10/site-packages/airflow/example_dags/example_task_group.py
[2024-10-04 23:44:07,149] {processor.py:651} INFO - DAG(s) dict_keys(['example_task_group']) retrieved from /home/kennedy/.local/lib/python3.10/site-packages/airflow/example_dags/example_task_group.py
[2024-10-04 23:44:07,192] {logging_mixin.py:115} INFO - [2024-10-04 23:44:07,192] {dag.py:2379} INFO - Sync 1 DAGs
[2024-10-04 23:44:07,240] {logging_mixin.py:115} INFO - [2024-10-04 23:44:07,239] {dag.py:2927} INFO - Setting next_dagrun for example_task_group to 2024-10-04T02:44:07.239125+00:00, run_after=2024-10-05T02:44:07.239125+00:00
[2024-10-04 23:44:07,397] {processor.py:161} INFO - Processing /home/kennedy/.local/lib/python3.10/site-packages/airflow/example_dags/example_task_group.py took 0.288 seconds
[2024-10-04 23:44:46,532] {processor.py:153} INFO - Started process (PID=100016) to work on /home/kennedy/.local/lib/python3.10/site-packages/airflow/example_dags/example_task_group.py
[2024-10-04 23:44:47,715] {processor.py:641} INFO - Processing file /home/kennedy/.local/lib/python3.10/site-packages/airflow/example_dags/example_task_group.py for tasks to queue
[2024-10-04 23:44:47,716] {logging_mixin.py:115} INFO - [2024-10-04 23:44:47,716] {dagbag.py:507} INFO - Filling up the DagBag from /home/kennedy/.local/lib/python3.10/site-packages/airflow/example_dags/example_task_group.py
[2024-10-04 23:44:47,736] {processor.py:651} INFO - DAG(s) dict_keys(['example_task_group']) retrieved from /home/kennedy/.local/lib/python3.10/site-packages/airflow/example_dags/example_task_group.py
[2024-10-04 23:44:47,782] {logging_mixin.py:115} INFO - [2024-10-04 23:44:47,782] {dag.py:2379} INFO - Sync 1 DAGs
[2024-10-04 23:44:47,821] {logging_mixin.py:115} INFO - [2024-10-04 23:44:47,821] {dag.py:2927} INFO - Setting next_dagrun for example_task_group to 2024-10-04T02:44:47.820596+00:00, run_after=2024-10-05T02:44:47.820596+00:00
[2024-10-04 23:44:48,094] {processor.py:161} INFO - Processing /home/kennedy/.local/lib/python3.10/site-packages/airflow/example_dags/example_task_group.py took 1.569 seconds
[2024-10-04 23:46:59,691] {processor.py:153} INFO - Started process (PID=101210) to work on /home/kennedy/.local/lib/python3.10/site-packages/airflow/example_dags/example_task_group.py
[2024-10-04 23:46:59,715] {processor.py:641} INFO - Processing file /home/kennedy/.local/lib/python3.10/site-packages/airflow/example_dags/example_task_group.py for tasks to queue
[2024-10-04 23:46:59,716] {logging_mixin.py:115} INFO - [2024-10-04 23:46:59,716] {dagbag.py:507} INFO - Filling up the DagBag from /home/kennedy/.local/lib/python3.10/site-packages/airflow/example_dags/example_task_group.py
[2024-10-04 23:46:59,732] {processor.py:651} INFO - DAG(s) dict_keys(['example_task_group']) retrieved from /home/kennedy/.local/lib/python3.10/site-packages/airflow/example_dags/example_task_group.py
[2024-10-04 23:46:59,844] {logging_mixin.py:115} INFO - [2024-10-04 23:46:59,844] {dag.py:2379} INFO - Sync 1 DAGs
[2024-10-04 23:46:59,877] {logging_mixin.py:115} INFO - [2024-10-04 23:46:59,877] {dag.py:2927} INFO - Setting next_dagrun for example_task_group to 2024-10-04T02:46:59.876510+00:00, run_after=2024-10-05T02:46:59.876510+00:00
[2024-10-04 23:47:01,776] {processor.py:161} INFO - Processing /home/kennedy/.local/lib/python3.10/site-packages/airflow/example_dags/example_task_group.py took 2.091 seconds
[2024-10-04 23:49:01,726] {processor.py:153} INFO - Started process (PID=102239) to work on /home/kennedy/.local/lib/python3.10/site-packages/airflow/example_dags/example_task_group.py
[2024-10-04 23:49:01,737] {processor.py:641} INFO - Processing file /home/kennedy/.local/lib/python3.10/site-packages/airflow/example_dags/example_task_group.py for tasks to queue
[2024-10-04 23:49:01,738] {logging_mixin.py:115} INFO - [2024-10-04 23:49:01,737] {dagbag.py:507} INFO - Filling up the DagBag from /home/kennedy/.local/lib/python3.10/site-packages/airflow/example_dags/example_task_group.py
[2024-10-04 23:49:01,753] {processor.py:651} INFO - DAG(s) dict_keys(['example_task_group']) retrieved from /home/kennedy/.local/lib/python3.10/site-packages/airflow/example_dags/example_task_group.py
[2024-10-04 23:49:01,844] {logging_mixin.py:115} INFO - [2024-10-04 23:49:01,844] {dag.py:2379} INFO - Sync 1 DAGs
[2024-10-04 23:49:01,864] {logging_mixin.py:115} INFO - [2024-10-04 23:49:01,864] {dag.py:2927} INFO - Setting next_dagrun for example_task_group to 2024-10-04T02:49:01.864491+00:00, run_after=2024-10-05T02:49:01.864491+00:00
[2024-10-04 23:49:01,997] {processor.py:161} INFO - Processing /home/kennedy/.local/lib/python3.10/site-packages/airflow/example_dags/example_task_group.py took 0.276 seconds
[2024-10-04 23:51:08,257] {processor.py:153} INFO - Started process (PID=102669) to work on /home/kennedy/.local/lib/python3.10/site-packages/airflow/example_dags/example_task_group.py
[2024-10-04 23:51:08,436] {processor.py:641} INFO - Processing file /home/kennedy/.local/lib/python3.10/site-packages/airflow/example_dags/example_task_group.py for tasks to queue
[2024-10-04 23:51:08,438] {logging_mixin.py:115} INFO - [2024-10-04 23:51:08,437] {dagbag.py:507} INFO - Filling up the DagBag from /home/kennedy/.local/lib/python3.10/site-packages/airflow/example_dags/example_task_group.py
[2024-10-04 23:51:08,457] {processor.py:651} INFO - DAG(s) dict_keys(['example_task_group']) retrieved from /home/kennedy/.local/lib/python3.10/site-packages/airflow/example_dags/example_task_group.py
[2024-10-04 23:51:08,500] {logging_mixin.py:115} INFO - [2024-10-04 23:51:08,500] {dag.py:2379} INFO - Sync 1 DAGs
[2024-10-04 23:51:08,540] {logging_mixin.py:115} INFO - [2024-10-04 23:51:08,540] {dag.py:2927} INFO - Setting next_dagrun for example_task_group to 2024-10-04T02:51:08.539512+00:00, run_after=2024-10-05T02:51:08.539512+00:00
[2024-10-04 23:51:08,685] {processor.py:161} INFO - Processing /home/kennedy/.local/lib/python3.10/site-packages/airflow/example_dags/example_task_group.py took 0.435 seconds
[2024-10-04 23:52:44,443] {processor.py:153} INFO - Started process (PID=102857) to work on /home/kennedy/.local/lib/python3.10/site-packages/airflow/example_dags/example_task_group.py
[2024-10-04 23:52:44,605] {processor.py:641} INFO - Processing file /home/kennedy/.local/lib/python3.10/site-packages/airflow/example_dags/example_task_group.py for tasks to queue
[2024-10-04 23:52:44,606] {logging_mixin.py:115} INFO - [2024-10-04 23:52:44,606] {dagbag.py:507} INFO - Filling up the DagBag from /home/kennedy/.local/lib/python3.10/site-packages/airflow/example_dags/example_task_group.py
[2024-10-04 23:52:44,641] {processor.py:651} INFO - DAG(s) dict_keys(['example_task_group']) retrieved from /home/kennedy/.local/lib/python3.10/site-packages/airflow/example_dags/example_task_group.py
[2024-10-04 23:52:44,687] {logging_mixin.py:115} INFO - [2024-10-04 23:52:44,686] {dag.py:2379} INFO - Sync 1 DAGs
[2024-10-04 23:52:44,749] {logging_mixin.py:115} INFO - [2024-10-04 23:52:44,749] {dag.py:2927} INFO - Setting next_dagrun for example_task_group to 2024-10-04T02:52:44.748909+00:00, run_after=2024-10-05T02:52:44.748909+00:00
[2024-10-04 23:52:45,527] {processor.py:161} INFO - Processing /home/kennedy/.local/lib/python3.10/site-packages/airflow/example_dags/example_task_group.py took 1.091 seconds
[2024-10-04 23:54:14,236] {processor.py:153} INFO - Started process (PID=103849) to work on /home/kennedy/.local/lib/python3.10/site-packages/airflow/example_dags/example_task_group.py
[2024-10-04 23:54:14,238] {processor.py:641} INFO - Processing file /home/kennedy/.local/lib/python3.10/site-packages/airflow/example_dags/example_task_group.py for tasks to queue
[2024-10-04 23:54:14,239] {logging_mixin.py:115} INFO - [2024-10-04 23:54:14,239] {dagbag.py:507} INFO - Filling up the DagBag from /home/kennedy/.local/lib/python3.10/site-packages/airflow/example_dags/example_task_group.py
[2024-10-04 23:54:14,266] {processor.py:651} INFO - DAG(s) dict_keys(['example_task_group']) retrieved from /home/kennedy/.local/lib/python3.10/site-packages/airflow/example_dags/example_task_group.py
[2024-10-04 23:54:14,302] {logging_mixin.py:115} INFO - [2024-10-04 23:54:14,302] {dag.py:2379} INFO - Sync 1 DAGs
[2024-10-04 23:54:14,341] {logging_mixin.py:115} INFO - [2024-10-04 23:54:14,341] {dag.py:2927} INFO - Setting next_dagrun for example_task_group to 2024-10-04T02:54:14.340606+00:00, run_after=2024-10-05T02:54:14.340606+00:00
[2024-10-04 23:54:15,811] {processor.py:161} INFO - Processing /home/kennedy/.local/lib/python3.10/site-packages/airflow/example_dags/example_task_group.py took 1.583 seconds
[2024-10-04 23:56:11,159] {processor.py:153} INFO - Started process (PID=104455) to work on /home/kennedy/.local/lib/python3.10/site-packages/airflow/example_dags/example_task_group.py
[2024-10-04 23:56:11,370] {processor.py:641} INFO - Processing file /home/kennedy/.local/lib/python3.10/site-packages/airflow/example_dags/example_task_group.py for tasks to queue
[2024-10-04 23:56:11,372] {logging_mixin.py:115} INFO - [2024-10-04 23:56:11,371] {dagbag.py:507} INFO - Filling up the DagBag from /home/kennedy/.local/lib/python3.10/site-packages/airflow/example_dags/example_task_group.py
[2024-10-04 23:56:11,412] {processor.py:651} INFO - DAG(s) dict_keys(['example_task_group']) retrieved from /home/kennedy/.local/lib/python3.10/site-packages/airflow/example_dags/example_task_group.py
[2024-10-04 23:56:11,471] {logging_mixin.py:115} INFO - [2024-10-04 23:56:11,471] {dag.py:2379} INFO - Sync 1 DAGs
[2024-10-04 23:56:11,539] {logging_mixin.py:115} INFO - [2024-10-04 23:56:11,538] {dag.py:2927} INFO - Setting next_dagrun for example_task_group to 2024-10-04T02:56:11.537088+00:00, run_after=2024-10-05T02:56:11.537088+00:00
[2024-10-04 23:56:13,949] {processor.py:161} INFO - Processing /home/kennedy/.local/lib/python3.10/site-packages/airflow/example_dags/example_task_group.py took 2.800 seconds
[2024-10-04 23:58:10,196] {processor.py:153} INFO - Started process (PID=105253) to work on /home/kennedy/.local/lib/python3.10/site-packages/airflow/example_dags/example_task_group.py
[2024-10-04 23:58:10,201] {processor.py:641} INFO - Processing file /home/kennedy/.local/lib/python3.10/site-packages/airflow/example_dags/example_task_group.py for tasks to queue
[2024-10-04 23:58:10,202] {logging_mixin.py:115} INFO - [2024-10-04 23:58:10,202] {dagbag.py:507} INFO - Filling up the DagBag from /home/kennedy/.local/lib/python3.10/site-packages/airflow/example_dags/example_task_group.py
[2024-10-04 23:58:10,229] {processor.py:651} INFO - DAG(s) dict_keys(['example_task_group']) retrieved from /home/kennedy/.local/lib/python3.10/site-packages/airflow/example_dags/example_task_group.py
[2024-10-04 23:58:10,270] {logging_mixin.py:115} INFO - [2024-10-04 23:58:10,269] {dag.py:2379} INFO - Sync 1 DAGs
[2024-10-04 23:58:10,316] {logging_mixin.py:115} INFO - [2024-10-04 23:58:10,316] {dag.py:2927} INFO - Setting next_dagrun for example_task_group to 2024-10-04T02:58:10.315587+00:00, run_after=2024-10-05T02:58:10.315587+00:00
[2024-10-04 23:58:10,613] {processor.py:161} INFO - Processing /home/kennedy/.local/lib/python3.10/site-packages/airflow/example_dags/example_task_group.py took 0.425 seconds
[2024-10-05 00:00:10,707] {processor.py:153} INFO - Started process (PID=105490) to work on /home/kennedy/.local/lib/python3.10/site-packages/airflow/example_dags/example_task_group.py
[2024-10-05 00:00:10,709] {processor.py:641} INFO - Processing file /home/kennedy/.local/lib/python3.10/site-packages/airflow/example_dags/example_task_group.py for tasks to queue
[2024-10-05 00:00:10,710] {logging_mixin.py:115} INFO - [2024-10-05 00:00:10,710] {dagbag.py:507} INFO - Filling up the DagBag from /home/kennedy/.local/lib/python3.10/site-packages/airflow/example_dags/example_task_group.py
[2024-10-05 00:00:10,734] {processor.py:651} INFO - DAG(s) dict_keys(['example_task_group']) retrieved from /home/kennedy/.local/lib/python3.10/site-packages/airflow/example_dags/example_task_group.py
[2024-10-05 00:00:10,768] {logging_mixin.py:115} INFO - [2024-10-05 00:00:10,767] {dag.py:2379} INFO - Sync 1 DAGs
[2024-10-05 00:00:10,804] {logging_mixin.py:115} INFO - [2024-10-05 00:00:10,804] {dag.py:2927} INFO - Setting next_dagrun for example_task_group to 2024-10-04T03:00:10.803970+00:00, run_after=2024-10-05T03:00:10.803970+00:00
[2024-10-05 00:00:12,132] {processor.py:161} INFO - Processing /home/kennedy/.local/lib/python3.10/site-packages/airflow/example_dags/example_task_group.py took 1.432 seconds
[2024-10-05 00:01:37,578] {processor.py:153} INFO - Started process (PID=105852) to work on /home/kennedy/.local/lib/python3.10/site-packages/airflow/example_dags/example_task_group.py
[2024-10-05 00:01:37,583] {processor.py:641} INFO - Processing file /home/kennedy/.local/lib/python3.10/site-packages/airflow/example_dags/example_task_group.py for tasks to queue
[2024-10-05 00:01:37,584] {logging_mixin.py:115} INFO - [2024-10-05 00:01:37,584] {dagbag.py:507} INFO - Filling up the DagBag from /home/kennedy/.local/lib/python3.10/site-packages/airflow/example_dags/example_task_group.py
[2024-10-05 00:01:37,610] {processor.py:651} INFO - DAG(s) dict_keys(['example_task_group']) retrieved from /home/kennedy/.local/lib/python3.10/site-packages/airflow/example_dags/example_task_group.py
[2024-10-05 00:01:37,644] {logging_mixin.py:115} INFO - [2024-10-05 00:01:37,644] {dag.py:2379} INFO - Sync 1 DAGs
[2024-10-05 00:01:37,687] {logging_mixin.py:115} INFO - [2024-10-05 00:01:37,687] {dag.py:2927} INFO - Setting next_dagrun for example_task_group to 2024-10-04T03:01:37.686608+00:00, run_after=2024-10-05T03:01:37.686608+00:00
[2024-10-05 00:01:38,556] {processor.py:161} INFO - Processing /home/kennedy/.local/lib/python3.10/site-packages/airflow/example_dags/example_task_group.py took 0.985 seconds
