[2024-10-04 23:33:51,993] {processor.py:153} INFO - Started process (PID=97052) to work on /home/kennedy/.local/lib/python3.10/site-packages/airflow/example_dags/example_branch_labels.py
[2024-10-04 23:33:51,994] {processor.py:641} INFO - Processing file /home/kennedy/.local/lib/python3.10/site-packages/airflow/example_dags/example_branch_labels.py for tasks to queue
[2024-10-04 23:33:51,995] {logging_mixin.py:115} INFO - [2024-10-04 23:33:51,995] {dagbag.py:507} INFO - Filling up the DagBag from /home/kennedy/.local/lib/python3.10/site-packages/airflow/example_dags/example_branch_labels.py
[2024-10-04 23:33:52,016] {processor.py:651} INFO - DAG(s) dict_keys(['example_branch_labels']) retrieved from /home/kennedy/.local/lib/python3.10/site-packages/airflow/example_dags/example_branch_labels.py
[2024-10-04 23:33:52,518] {logging_mixin.py:115} INFO - [2024-10-04 23:33:52,517] {manager.py:508} INFO - Created Permission View: can edit on DAG:example_branch_labels
[2024-10-04 23:33:52,659] {logging_mixin.py:115} INFO - [2024-10-04 23:33:52,659] {manager.py:508} INFO - Created Permission View: can delete on DAG:example_branch_labels
[2024-10-04 23:33:52,773] {logging_mixin.py:115} INFO - [2024-10-04 23:33:52,772] {manager.py:508} INFO - Created Permission View: can read on DAG:example_branch_labels
[2024-10-04 23:33:52,773] {logging_mixin.py:115} INFO - [2024-10-04 23:33:52,773] {dag.py:2379} INFO - Sync 1 DAGs
[2024-10-04 23:33:52,797] {logging_mixin.py:115} INFO - [2024-10-04 23:33:52,796] {dag.py:2398} INFO - Creating ORM DAG for example_branch_labels
[2024-10-04 23:33:52,824] {logging_mixin.py:115} INFO - [2024-10-04 23:33:52,824] {dag.py:2927} INFO - Setting next_dagrun for example_branch_labels to 2024-10-04T00:00:00+00:00, run_after=2024-10-05T00:00:00+00:00
[2024-10-04 23:33:53,030] {processor.py:161} INFO - Processing /home/kennedy/.local/lib/python3.10/site-packages/airflow/example_dags/example_branch_labels.py took 1.044 seconds
[2024-10-04 23:34:44,697] {processor.py:153} INFO - Started process (PID=97099) to work on /home/kennedy/.local/lib/python3.10/site-packages/airflow/example_dags/example_branch_labels.py
[2024-10-04 23:34:44,709] {processor.py:641} INFO - Processing file /home/kennedy/.local/lib/python3.10/site-packages/airflow/example_dags/example_branch_labels.py for tasks to queue
[2024-10-04 23:34:44,711] {logging_mixin.py:115} INFO - [2024-10-04 23:34:44,711] {dagbag.py:507} INFO - Filling up the DagBag from /home/kennedy/.local/lib/python3.10/site-packages/airflow/example_dags/example_branch_labels.py
[2024-10-04 23:34:44,731] {processor.py:651} INFO - DAG(s) dict_keys(['example_branch_labels']) retrieved from /home/kennedy/.local/lib/python3.10/site-packages/airflow/example_dags/example_branch_labels.py
[2024-10-04 23:34:44,767] {logging_mixin.py:115} INFO - [2024-10-04 23:34:44,767] {dag.py:2379} INFO - Sync 1 DAGs
[2024-10-04 23:34:44,826] {logging_mixin.py:115} INFO - [2024-10-04 23:34:44,825] {dag.py:2927} INFO - Setting next_dagrun for example_branch_labels to 2024-10-04T00:00:00+00:00, run_after=2024-10-05T00:00:00+00:00
[2024-10-04 23:34:44,950] {processor.py:161} INFO - Processing /home/kennedy/.local/lib/python3.10/site-packages/airflow/example_dags/example_branch_labels.py took 0.262 seconds
[2024-10-04 23:36:14,209] {processor.py:153} INFO - Started process (PID=98147) to work on /home/kennedy/.local/lib/python3.10/site-packages/airflow/example_dags/example_branch_labels.py
[2024-10-04 23:36:14,520] {processor.py:641} INFO - Processing file /home/kennedy/.local/lib/python3.10/site-packages/airflow/example_dags/example_branch_labels.py for tasks to queue
[2024-10-04 23:36:14,521] {logging_mixin.py:115} INFO - [2024-10-04 23:36:14,521] {dagbag.py:507} INFO - Filling up the DagBag from /home/kennedy/.local/lib/python3.10/site-packages/airflow/example_dags/example_branch_labels.py
[2024-10-04 23:36:14,536] {processor.py:651} INFO - DAG(s) dict_keys(['example_branch_labels']) retrieved from /home/kennedy/.local/lib/python3.10/site-packages/airflow/example_dags/example_branch_labels.py
[2024-10-04 23:36:14,679] {logging_mixin.py:115} INFO - [2024-10-04 23:36:14,679] {dag.py:2379} INFO - Sync 1 DAGs
[2024-10-04 23:36:14,737] {logging_mixin.py:115} INFO - [2024-10-04 23:36:14,736] {dag.py:2927} INFO - Setting next_dagrun for example_branch_labels to 2024-10-04T00:00:00+00:00, run_after=2024-10-05T00:00:00+00:00
[2024-10-04 23:36:16,211] {processor.py:161} INFO - Processing /home/kennedy/.local/lib/python3.10/site-packages/airflow/example_dags/example_branch_labels.py took 2.008 seconds
[2024-10-04 23:38:09,758] {processor.py:153} INFO - Started process (PID=98387) to work on /home/kennedy/.local/lib/python3.10/site-packages/airflow/example_dags/example_branch_labels.py
[2024-10-04 23:38:09,787] {processor.py:641} INFO - Processing file /home/kennedy/.local/lib/python3.10/site-packages/airflow/example_dags/example_branch_labels.py for tasks to queue
[2024-10-04 23:38:09,789] {logging_mixin.py:115} INFO - [2024-10-04 23:38:09,788] {dagbag.py:507} INFO - Filling up the DagBag from /home/kennedy/.local/lib/python3.10/site-packages/airflow/example_dags/example_branch_labels.py
[2024-10-04 23:38:09,801] {processor.py:651} INFO - DAG(s) dict_keys(['example_branch_labels']) retrieved from /home/kennedy/.local/lib/python3.10/site-packages/airflow/example_dags/example_branch_labels.py
[2024-10-04 23:38:09,823] {logging_mixin.py:115} INFO - [2024-10-04 23:38:09,823] {dag.py:2379} INFO - Sync 1 DAGs
[2024-10-04 23:38:09,842] {logging_mixin.py:115} INFO - [2024-10-04 23:38:09,842] {dag.py:2927} INFO - Setting next_dagrun for example_branch_labels to 2024-10-04T00:00:00+00:00, run_after=2024-10-05T00:00:00+00:00
[2024-10-04 23:38:11,152] {processor.py:161} INFO - Processing /home/kennedy/.local/lib/python3.10/site-packages/airflow/example_dags/example_branch_labels.py took 1.400 seconds
[2024-10-04 23:40:15,297] {processor.py:153} INFO - Started process (PID=99261) to work on /home/kennedy/.local/lib/python3.10/site-packages/airflow/example_dags/example_branch_labels.py
[2024-10-04 23:40:15,478] {processor.py:641} INFO - Processing file /home/kennedy/.local/lib/python3.10/site-packages/airflow/example_dags/example_branch_labels.py for tasks to queue
[2024-10-04 23:40:15,480] {logging_mixin.py:115} INFO - [2024-10-04 23:40:15,479] {dagbag.py:507} INFO - Filling up the DagBag from /home/kennedy/.local/lib/python3.10/site-packages/airflow/example_dags/example_branch_labels.py
[2024-10-04 23:40:15,494] {processor.py:651} INFO - DAG(s) dict_keys(['example_branch_labels']) retrieved from /home/kennedy/.local/lib/python3.10/site-packages/airflow/example_dags/example_branch_labels.py
[2024-10-04 23:40:15,593] {logging_mixin.py:115} INFO - [2024-10-04 23:40:15,593] {dag.py:2379} INFO - Sync 1 DAGs
[2024-10-04 23:40:15,628] {logging_mixin.py:115} INFO - [2024-10-04 23:40:15,628] {dag.py:2927} INFO - Setting next_dagrun for example_branch_labels to 2024-10-04T00:00:00+00:00, run_after=2024-10-05T00:00:00+00:00
[2024-10-04 23:40:17,104] {processor.py:161} INFO - Processing /home/kennedy/.local/lib/python3.10/site-packages/airflow/example_dags/example_branch_labels.py took 1.813 seconds
[2024-10-04 23:41:39,604] {processor.py:153} INFO - Started process (PID=99488) to work on /home/kennedy/.local/lib/python3.10/site-packages/airflow/example_dags/example_branch_labels.py
[2024-10-04 23:41:39,752] {processor.py:641} INFO - Processing file /home/kennedy/.local/lib/python3.10/site-packages/airflow/example_dags/example_branch_labels.py for tasks to queue
[2024-10-04 23:41:39,753] {logging_mixin.py:115} INFO - [2024-10-04 23:41:39,753] {dagbag.py:507} INFO - Filling up the DagBag from /home/kennedy/.local/lib/python3.10/site-packages/airflow/example_dags/example_branch_labels.py
[2024-10-04 23:41:39,767] {processor.py:651} INFO - DAG(s) dict_keys(['example_branch_labels']) retrieved from /home/kennedy/.local/lib/python3.10/site-packages/airflow/example_dags/example_branch_labels.py
[2024-10-04 23:41:39,802] {logging_mixin.py:115} INFO - [2024-10-04 23:41:39,801] {dag.py:2379} INFO - Sync 1 DAGs
[2024-10-04 23:41:39,846] {logging_mixin.py:115} INFO - [2024-10-04 23:41:39,845] {dag.py:2927} INFO - Setting next_dagrun for example_branch_labels to 2024-10-04T00:00:00+00:00, run_after=2024-10-05T00:00:00+00:00
[2024-10-04 23:41:39,943] {processor.py:161} INFO - Processing /home/kennedy/.local/lib/python3.10/site-packages/airflow/example_dags/example_branch_labels.py took 0.346 seconds
[2024-10-04 23:43:21,822] {processor.py:153} INFO - Started process (PID=99808) to work on /home/kennedy/.local/lib/python3.10/site-packages/airflow/example_dags/example_branch_labels.py
[2024-10-04 23:43:21,991] {processor.py:641} INFO - Processing file /home/kennedy/.local/lib/python3.10/site-packages/airflow/example_dags/example_branch_labels.py for tasks to queue
[2024-10-04 23:43:21,992] {logging_mixin.py:115} INFO - [2024-10-04 23:43:21,992] {dagbag.py:507} INFO - Filling up the DagBag from /home/kennedy/.local/lib/python3.10/site-packages/airflow/example_dags/example_branch_labels.py
[2024-10-04 23:43:22,008] {processor.py:651} INFO - DAG(s) dict_keys(['example_branch_labels']) retrieved from /home/kennedy/.local/lib/python3.10/site-packages/airflow/example_dags/example_branch_labels.py
[2024-10-04 23:43:22,789] {logging_mixin.py:115} INFO - [2024-10-04 23:43:22,788] {dag.py:2379} INFO - Sync 1 DAGs
[2024-10-04 23:43:22,839] {logging_mixin.py:115} INFO - [2024-10-04 23:43:22,839] {dag.py:2927} INFO - Setting next_dagrun for example_branch_labels to 2024-10-04T00:00:00+00:00, run_after=2024-10-05T00:00:00+00:00
[2024-10-04 23:43:22,925] {processor.py:161} INFO - Processing /home/kennedy/.local/lib/python3.10/site-packages/airflow/example_dags/example_branch_labels.py took 1.110 seconds
[2024-10-04 23:43:31,879] {processor.py:153} INFO - Started process (PID=99820) to work on /home/kennedy/.local/lib/python3.10/site-packages/airflow/example_dags/example_branch_labels.py
[2024-10-04 23:43:31,880] {processor.py:641} INFO - Processing file /home/kennedy/.local/lib/python3.10/site-packages/airflow/example_dags/example_branch_labels.py for tasks to queue
[2024-10-04 23:43:31,881] {logging_mixin.py:115} INFO - [2024-10-04 23:43:31,881] {dagbag.py:507} INFO - Filling up the DagBag from /home/kennedy/.local/lib/python3.10/site-packages/airflow/example_dags/example_branch_labels.py
[2024-10-04 23:43:31,896] {processor.py:651} INFO - DAG(s) dict_keys(['example_branch_labels']) retrieved from /home/kennedy/.local/lib/python3.10/site-packages/airflow/example_dags/example_branch_labels.py
[2024-10-04 23:43:31,930] {logging_mixin.py:115} INFO - [2024-10-04 23:43:31,930] {dag.py:2379} INFO - Sync 1 DAGs
[2024-10-04 23:43:31,977] {logging_mixin.py:115} INFO - [2024-10-04 23:43:31,977] {dag.py:2927} INFO - Setting next_dagrun for example_branch_labels to 2024-10-04T00:00:00+00:00, run_after=2024-10-05T00:00:00+00:00
[2024-10-04 23:43:32,781] {processor.py:161} INFO - Processing /home/kennedy/.local/lib/python3.10/site-packages/airflow/example_dags/example_branch_labels.py took 0.910 seconds
[2024-10-04 23:45:06,083] {processor.py:153} INFO - Started process (PID=100100) to work on /home/kennedy/.local/lib/python3.10/site-packages/airflow/example_dags/example_branch_labels.py
[2024-10-04 23:45:06,280] {processor.py:641} INFO - Processing file /home/kennedy/.local/lib/python3.10/site-packages/airflow/example_dags/example_branch_labels.py for tasks to queue
[2024-10-04 23:45:06,281] {logging_mixin.py:115} INFO - [2024-10-04 23:45:06,281] {dagbag.py:507} INFO - Filling up the DagBag from /home/kennedy/.local/lib/python3.10/site-packages/airflow/example_dags/example_branch_labels.py
[2024-10-04 23:45:06,297] {processor.py:651} INFO - DAG(s) dict_keys(['example_branch_labels']) retrieved from /home/kennedy/.local/lib/python3.10/site-packages/airflow/example_dags/example_branch_labels.py
[2024-10-04 23:45:06,601] {logging_mixin.py:115} INFO - [2024-10-04 23:45:06,601] {dag.py:2379} INFO - Sync 1 DAGs
[2024-10-04 23:45:06,646] {logging_mixin.py:115} INFO - [2024-10-04 23:45:06,645] {dag.py:2927} INFO - Setting next_dagrun for example_branch_labels to 2024-10-04T00:00:00+00:00, run_after=2024-10-05T00:00:00+00:00
[2024-10-04 23:45:06,834] {processor.py:161} INFO - Processing /home/kennedy/.local/lib/python3.10/site-packages/airflow/example_dags/example_branch_labels.py took 0.759 seconds
[2024-10-04 23:47:15,119] {processor.py:153} INFO - Started process (PID=101238) to work on /home/kennedy/.local/lib/python3.10/site-packages/airflow/example_dags/example_branch_labels.py
[2024-10-04 23:47:15,239] {processor.py:641} INFO - Processing file /home/kennedy/.local/lib/python3.10/site-packages/airflow/example_dags/example_branch_labels.py for tasks to queue
[2024-10-04 23:47:15,241] {logging_mixin.py:115} INFO - [2024-10-04 23:47:15,240] {dagbag.py:507} INFO - Filling up the DagBag from /home/kennedy/.local/lib/python3.10/site-packages/airflow/example_dags/example_branch_labels.py
[2024-10-04 23:47:15,256] {processor.py:651} INFO - DAG(s) dict_keys(['example_branch_labels']) retrieved from /home/kennedy/.local/lib/python3.10/site-packages/airflow/example_dags/example_branch_labels.py
[2024-10-04 23:47:15,364] {logging_mixin.py:115} INFO - [2024-10-04 23:47:15,364] {dag.py:2379} INFO - Sync 1 DAGs
[2024-10-04 23:47:15,399] {logging_mixin.py:115} INFO - [2024-10-04 23:47:15,399] {dag.py:2927} INFO - Setting next_dagrun for example_branch_labels to 2024-10-04T00:00:00+00:00, run_after=2024-10-05T00:00:00+00:00
[2024-10-04 23:47:16,281] {processor.py:161} INFO - Processing /home/kennedy/.local/lib/python3.10/site-packages/airflow/example_dags/example_branch_labels.py took 1.169 seconds
[2024-10-04 23:49:23,098] {processor.py:153} INFO - Started process (PID=102327) to work on /home/kennedy/.local/lib/python3.10/site-packages/airflow/example_dags/example_branch_labels.py
[2024-10-04 23:49:23,100] {processor.py:641} INFO - Processing file /home/kennedy/.local/lib/python3.10/site-packages/airflow/example_dags/example_branch_labels.py for tasks to queue
[2024-10-04 23:49:23,102] {logging_mixin.py:115} INFO - [2024-10-04 23:49:23,101] {dagbag.py:507} INFO - Filling up the DagBag from /home/kennedy/.local/lib/python3.10/site-packages/airflow/example_dags/example_branch_labels.py
[2024-10-04 23:49:23,126] {processor.py:651} INFO - DAG(s) dict_keys(['example_branch_labels']) retrieved from /home/kennedy/.local/lib/python3.10/site-packages/airflow/example_dags/example_branch_labels.py
[2024-10-04 23:49:23,293] {logging_mixin.py:115} INFO - [2024-10-04 23:49:23,292] {dag.py:2379} INFO - Sync 1 DAGs
[2024-10-04 23:49:23,322] {logging_mixin.py:115} INFO - [2024-10-04 23:49:23,322] {dag.py:2927} INFO - Setting next_dagrun for example_branch_labels to 2024-10-04T00:00:00+00:00, run_after=2024-10-05T00:00:00+00:00
[2024-10-04 23:49:23,457] {processor.py:161} INFO - Processing /home/kennedy/.local/lib/python3.10/site-packages/airflow/example_dags/example_branch_labels.py took 0.368 seconds
[2024-10-04 23:51:27,041] {processor.py:153} INFO - Started process (PID=102679) to work on /home/kennedy/.local/lib/python3.10/site-packages/airflow/example_dags/example_branch_labels.py
[2024-10-04 23:51:27,219] {processor.py:641} INFO - Processing file /home/kennedy/.local/lib/python3.10/site-packages/airflow/example_dags/example_branch_labels.py for tasks to queue
[2024-10-04 23:51:27,220] {logging_mixin.py:115} INFO - [2024-10-04 23:51:27,220] {dagbag.py:507} INFO - Filling up the DagBag from /home/kennedy/.local/lib/python3.10/site-packages/airflow/example_dags/example_branch_labels.py
[2024-10-04 23:51:27,237] {processor.py:651} INFO - DAG(s) dict_keys(['example_branch_labels']) retrieved from /home/kennedy/.local/lib/python3.10/site-packages/airflow/example_dags/example_branch_labels.py
[2024-10-04 23:51:27,294] {logging_mixin.py:115} INFO - [2024-10-04 23:51:27,294] {dag.py:2379} INFO - Sync 1 DAGs
[2024-10-04 23:51:27,356] {logging_mixin.py:115} INFO - [2024-10-04 23:51:27,355] {dag.py:2927} INFO - Setting next_dagrun for example_branch_labels to 2024-10-04T00:00:00+00:00, run_after=2024-10-05T00:00:00+00:00
[2024-10-04 23:51:28,275] {processor.py:161} INFO - Processing /home/kennedy/.local/lib/python3.10/site-packages/airflow/example_dags/example_branch_labels.py took 1.242 seconds
[2024-10-04 23:52:55,885] {processor.py:153} INFO - Started process (PID=102865) to work on /home/kennedy/.local/lib/python3.10/site-packages/airflow/example_dags/example_branch_labels.py
[2024-10-04 23:52:55,929] {processor.py:641} INFO - Processing file /home/kennedy/.local/lib/python3.10/site-packages/airflow/example_dags/example_branch_labels.py for tasks to queue
[2024-10-04 23:52:55,930] {logging_mixin.py:115} INFO - [2024-10-04 23:52:55,930] {dagbag.py:507} INFO - Filling up the DagBag from /home/kennedy/.local/lib/python3.10/site-packages/airflow/example_dags/example_branch_labels.py
[2024-10-04 23:52:55,944] {processor.py:651} INFO - DAG(s) dict_keys(['example_branch_labels']) retrieved from /home/kennedy/.local/lib/python3.10/site-packages/airflow/example_dags/example_branch_labels.py
[2024-10-04 23:52:55,984] {logging_mixin.py:115} INFO - [2024-10-04 23:52:55,984] {dag.py:2379} INFO - Sync 1 DAGs
[2024-10-04 23:52:56,025] {logging_mixin.py:115} INFO - [2024-10-04 23:52:56,024] {dag.py:2927} INFO - Setting next_dagrun for example_branch_labels to 2024-10-04T00:00:00+00:00, run_after=2024-10-05T00:00:00+00:00
[2024-10-04 23:52:56,212] {processor.py:161} INFO - Processing /home/kennedy/.local/lib/python3.10/site-packages/airflow/example_dags/example_branch_labels.py took 0.335 seconds
[2024-10-04 23:54:33,867] {processor.py:153} INFO - Started process (PID=103871) to work on /home/kennedy/.local/lib/python3.10/site-packages/airflow/example_dags/example_branch_labels.py
[2024-10-04 23:54:34,767] {processor.py:641} INFO - Processing file /home/kennedy/.local/lib/python3.10/site-packages/airflow/example_dags/example_branch_labels.py for tasks to queue
[2024-10-04 23:54:34,768] {logging_mixin.py:115} INFO - [2024-10-04 23:54:34,768] {dagbag.py:507} INFO - Filling up the DagBag from /home/kennedy/.local/lib/python3.10/site-packages/airflow/example_dags/example_branch_labels.py
[2024-10-04 23:54:34,782] {processor.py:651} INFO - DAG(s) dict_keys(['example_branch_labels']) retrieved from /home/kennedy/.local/lib/python3.10/site-packages/airflow/example_dags/example_branch_labels.py
[2024-10-04 23:54:34,823] {logging_mixin.py:115} INFO - [2024-10-04 23:54:34,823] {dag.py:2379} INFO - Sync 1 DAGs
[2024-10-04 23:54:34,866] {logging_mixin.py:115} INFO - [2024-10-04 23:54:34,866] {dag.py:2927} INFO - Setting next_dagrun for example_branch_labels to 2024-10-04T00:00:00+00:00, run_after=2024-10-05T00:00:00+00:00
[2024-10-04 23:54:35,281] {processor.py:161} INFO - Processing /home/kennedy/.local/lib/python3.10/site-packages/airflow/example_dags/example_branch_labels.py took 1.422 seconds
[2024-10-04 23:56:31,961] {processor.py:153} INFO - Started process (PID=104889) to work on /home/kennedy/.local/lib/python3.10/site-packages/airflow/example_dags/example_branch_labels.py
[2024-10-04 23:56:32,183] {processor.py:641} INFO - Processing file /home/kennedy/.local/lib/python3.10/site-packages/airflow/example_dags/example_branch_labels.py for tasks to queue
[2024-10-04 23:56:32,184] {logging_mixin.py:115} INFO - [2024-10-04 23:56:32,184] {dagbag.py:507} INFO - Filling up the DagBag from /home/kennedy/.local/lib/python3.10/site-packages/airflow/example_dags/example_branch_labels.py
[2024-10-04 23:56:32,201] {processor.py:651} INFO - DAG(s) dict_keys(['example_branch_labels']) retrieved from /home/kennedy/.local/lib/python3.10/site-packages/airflow/example_dags/example_branch_labels.py
[2024-10-04 23:56:32,241] {logging_mixin.py:115} INFO - [2024-10-04 23:56:32,241] {dag.py:2379} INFO - Sync 1 DAGs
[2024-10-04 23:56:32,286] {logging_mixin.py:115} INFO - [2024-10-04 23:56:32,286] {dag.py:2927} INFO - Setting next_dagrun for example_branch_labels to 2024-10-04T00:00:00+00:00, run_after=2024-10-05T00:00:00+00:00
[2024-10-04 23:56:33,544] {processor.py:161} INFO - Processing /home/kennedy/.local/lib/python3.10/site-packages/airflow/example_dags/example_branch_labels.py took 1.592 seconds
[2024-10-04 23:58:34,679] {processor.py:153} INFO - Started process (PID=105296) to work on /home/kennedy/.local/lib/python3.10/site-packages/airflow/example_dags/example_branch_labels.py
[2024-10-04 23:58:34,712] {processor.py:641} INFO - Processing file /home/kennedy/.local/lib/python3.10/site-packages/airflow/example_dags/example_branch_labels.py for tasks to queue
[2024-10-04 23:58:34,713] {logging_mixin.py:115} INFO - [2024-10-04 23:58:34,713] {dagbag.py:507} INFO - Filling up the DagBag from /home/kennedy/.local/lib/python3.10/site-packages/airflow/example_dags/example_branch_labels.py
[2024-10-04 23:58:34,729] {processor.py:651} INFO - DAG(s) dict_keys(['example_branch_labels']) retrieved from /home/kennedy/.local/lib/python3.10/site-packages/airflow/example_dags/example_branch_labels.py
[2024-10-04 23:58:34,768] {logging_mixin.py:115} INFO - [2024-10-04 23:58:34,768] {dag.py:2379} INFO - Sync 1 DAGs
[2024-10-04 23:58:34,810] {logging_mixin.py:115} INFO - [2024-10-04 23:58:34,810] {dag.py:2927} INFO - Setting next_dagrun for example_branch_labels to 2024-10-04T00:00:00+00:00, run_after=2024-10-05T00:00:00+00:00
[2024-10-04 23:58:35,135] {processor.py:161} INFO - Processing /home/kennedy/.local/lib/python3.10/site-packages/airflow/example_dags/example_branch_labels.py took 0.464 seconds
[2024-10-05 00:00:29,332] {processor.py:153} INFO - Started process (PID=105610) to work on /home/kennedy/.local/lib/python3.10/site-packages/airflow/example_dags/example_branch_labels.py
[2024-10-05 00:00:29,334] {processor.py:641} INFO - Processing file /home/kennedy/.local/lib/python3.10/site-packages/airflow/example_dags/example_branch_labels.py for tasks to queue
[2024-10-05 00:00:29,336] {logging_mixin.py:115} INFO - [2024-10-05 00:00:29,335] {dagbag.py:507} INFO - Filling up the DagBag from /home/kennedy/.local/lib/python3.10/site-packages/airflow/example_dags/example_branch_labels.py
[2024-10-05 00:00:29,350] {processor.py:651} INFO - DAG(s) dict_keys(['example_branch_labels']) retrieved from /home/kennedy/.local/lib/python3.10/site-packages/airflow/example_dags/example_branch_labels.py
[2024-10-05 00:00:29,390] {logging_mixin.py:115} INFO - [2024-10-05 00:00:29,390] {dag.py:2379} INFO - Sync 1 DAGs
[2024-10-05 00:00:29,433] {logging_mixin.py:115} INFO - [2024-10-05 00:00:29,433] {dag.py:2927} INFO - Setting next_dagrun for example_branch_labels to 2024-10-04T00:00:00+00:00, run_after=2024-10-05T00:00:00+00:00
[2024-10-05 00:00:30,194] {processor.py:161} INFO - Processing /home/kennedy/.local/lib/python3.10/site-packages/airflow/example_dags/example_branch_labels.py took 0.869 seconds
[2024-10-05 00:01:51,839] {processor.py:153} INFO - Started process (PID=105879) to work on /home/kennedy/.local/lib/python3.10/site-packages/airflow/example_dags/example_branch_labels.py
[2024-10-05 00:01:51,852] {processor.py:641} INFO - Processing file /home/kennedy/.local/lib/python3.10/site-packages/airflow/example_dags/example_branch_labels.py for tasks to queue
[2024-10-05 00:01:51,853] {logging_mixin.py:115} INFO - [2024-10-05 00:01:51,853] {dagbag.py:507} INFO - Filling up the DagBag from /home/kennedy/.local/lib/python3.10/site-packages/airflow/example_dags/example_branch_labels.py
[2024-10-05 00:01:51,867] {processor.py:651} INFO - DAG(s) dict_keys(['example_branch_labels']) retrieved from /home/kennedy/.local/lib/python3.10/site-packages/airflow/example_dags/example_branch_labels.py
[2024-10-05 00:01:51,908] {logging_mixin.py:115} INFO - [2024-10-05 00:01:51,907] {dag.py:2379} INFO - Sync 1 DAGs
[2024-10-05 00:01:51,948] {logging_mixin.py:115} INFO - [2024-10-05 00:01:51,948] {dag.py:2927} INFO - Setting next_dagrun for example_branch_labels to 2024-10-04T00:00:00+00:00, run_after=2024-10-05T00:00:00+00:00
[2024-10-05 00:01:53,350] {processor.py:161} INFO - Processing /home/kennedy/.local/lib/python3.10/site-packages/airflow/example_dags/example_branch_labels.py took 1.518 seconds
