[2024-10-04 23:33:24,469] {processor.py:153} INFO - Started process (PID=97040) to work on /home/kennedy/.local/lib/python3.10/site-packages/airflow/example_dags/example_latest_only_with_trigger.py
[2024-10-04 23:33:24,471] {processor.py:641} INFO - Processing file /home/kennedy/.local/lib/python3.10/site-packages/airflow/example_dags/example_latest_only_with_trigger.py for tasks to queue
[2024-10-04 23:33:24,472] {logging_mixin.py:115} INFO - [2024-10-04 23:33:24,472] {dagbag.py:507} INFO - Filling up the DagBag from /home/kennedy/.local/lib/python3.10/site-packages/airflow/example_dags/example_latest_only_with_trigger.py
[2024-10-04 23:33:24,493] {processor.py:651} INFO - DAG(s) dict_keys(['latest_only_with_trigger']) retrieved from /home/kennedy/.local/lib/python3.10/site-packages/airflow/example_dags/example_latest_only_with_trigger.py
[2024-10-04 23:33:25,679] {logging_mixin.py:115} INFO - [2024-10-04 23:33:25,679] {manager.py:508} INFO - Created Permission View: can edit on DAG:latest_only_with_trigger
[2024-10-04 23:33:25,768] {logging_mixin.py:115} INFO - [2024-10-04 23:33:25,768] {manager.py:508} INFO - Created Permission View: can delete on DAG:latest_only_with_trigger
[2024-10-04 23:33:25,858] {logging_mixin.py:115} INFO - [2024-10-04 23:33:25,858] {manager.py:508} INFO - Created Permission View: can read on DAG:latest_only_with_trigger
[2024-10-04 23:33:25,859] {logging_mixin.py:115} INFO - [2024-10-04 23:33:25,859] {dag.py:2379} INFO - Sync 1 DAGs
[2024-10-04 23:33:25,884] {logging_mixin.py:115} INFO - [2024-10-04 23:33:25,884] {dag.py:2398} INFO - Creating ORM DAG for latest_only_with_trigger
[2024-10-04 23:33:25,906] {logging_mixin.py:115} INFO - [2024-10-04 23:33:25,906] {dag.py:2927} INFO - Setting next_dagrun for latest_only_with_trigger to 2024-10-04T22:33:25.906128+00:00, run_after=2024-10-05T02:33:25.906128+00:00
[2024-10-04 23:33:26,017] {processor.py:161} INFO - Processing /home/kennedy/.local/lib/python3.10/site-packages/airflow/example_dags/example_latest_only_with_trigger.py took 1.555 seconds
[2024-10-04 23:34:29,900] {processor.py:153} INFO - Started process (PID=97087) to work on /home/kennedy/.local/lib/python3.10/site-packages/airflow/example_dags/example_latest_only_with_trigger.py
[2024-10-04 23:34:29,906] {processor.py:641} INFO - Processing file /home/kennedy/.local/lib/python3.10/site-packages/airflow/example_dags/example_latest_only_with_trigger.py for tasks to queue
[2024-10-04 23:34:29,907] {logging_mixin.py:115} INFO - [2024-10-04 23:34:29,907] {dagbag.py:507} INFO - Filling up the DagBag from /home/kennedy/.local/lib/python3.10/site-packages/airflow/example_dags/example_latest_only_with_trigger.py
[2024-10-04 23:34:29,923] {processor.py:651} INFO - DAG(s) dict_keys(['latest_only_with_trigger']) retrieved from /home/kennedy/.local/lib/python3.10/site-packages/airflow/example_dags/example_latest_only_with_trigger.py
[2024-10-04 23:34:29,967] {logging_mixin.py:115} INFO - [2024-10-04 23:34:29,967] {dag.py:2379} INFO - Sync 1 DAGs
[2024-10-04 23:34:30,015] {logging_mixin.py:115} INFO - [2024-10-04 23:34:30,015] {dag.py:2927} INFO - Setting next_dagrun for latest_only_with_trigger to 2024-10-04T22:34:30.014459+00:00, run_after=2024-10-05T02:34:30.014459+00:00
[2024-10-04 23:34:30,182] {processor.py:161} INFO - Processing /home/kennedy/.local/lib/python3.10/site-packages/airflow/example_dags/example_latest_only_with_trigger.py took 0.292 seconds
[2024-10-04 23:35:24,922] {processor.py:153} INFO - Started process (PID=97143) to work on /home/kennedy/.local/lib/python3.10/site-packages/airflow/example_dags/example_latest_only_with_trigger.py
[2024-10-04 23:35:24,929] {processor.py:641} INFO - Processing file /home/kennedy/.local/lib/python3.10/site-packages/airflow/example_dags/example_latest_only_with_trigger.py for tasks to queue
[2024-10-04 23:35:24,929] {logging_mixin.py:115} INFO - [2024-10-04 23:35:24,929] {dagbag.py:507} INFO - Filling up the DagBag from /home/kennedy/.local/lib/python3.10/site-packages/airflow/example_dags/example_latest_only_with_trigger.py
[2024-10-04 23:35:24,935] {processor.py:651} INFO - DAG(s) dict_keys(['latest_only_with_trigger']) retrieved from /home/kennedy/.local/lib/python3.10/site-packages/airflow/example_dags/example_latest_only_with_trigger.py
[2024-10-04 23:35:24,953] {logging_mixin.py:115} INFO - [2024-10-04 23:35:24,953] {dag.py:2379} INFO - Sync 1 DAGs
[2024-10-04 23:35:24,966] {logging_mixin.py:115} INFO - [2024-10-04 23:35:24,966] {dag.py:2927} INFO - Setting next_dagrun for latest_only_with_trigger to 2024-10-04T22:35:24.966637+00:00, run_after=2024-10-05T02:35:24.966637+00:00
[2024-10-04 23:35:25,201] {processor.py:161} INFO - Processing /home/kennedy/.local/lib/python3.10/site-packages/airflow/example_dags/example_latest_only_with_trigger.py took 0.281 seconds
[2024-10-04 23:37:03,586] {processor.py:153} INFO - Started process (PID=98317) to work on /home/kennedy/.local/lib/python3.10/site-packages/airflow/example_dags/example_latest_only_with_trigger.py
[2024-10-04 23:37:04,410] {processor.py:641} INFO - Processing file /home/kennedy/.local/lib/python3.10/site-packages/airflow/example_dags/example_latest_only_with_trigger.py for tasks to queue
[2024-10-04 23:37:04,412] {logging_mixin.py:115} INFO - [2024-10-04 23:37:04,412] {dagbag.py:507} INFO - Filling up the DagBag from /home/kennedy/.local/lib/python3.10/site-packages/airflow/example_dags/example_latest_only_with_trigger.py
[2024-10-04 23:37:04,429] {processor.py:651} INFO - DAG(s) dict_keys(['latest_only_with_trigger']) retrieved from /home/kennedy/.local/lib/python3.10/site-packages/airflow/example_dags/example_latest_only_with_trigger.py
[2024-10-04 23:37:04,817] {logging_mixin.py:115} INFO - [2024-10-04 23:37:04,817] {dag.py:2379} INFO - Sync 1 DAGs
[2024-10-04 23:37:04,844] {logging_mixin.py:115} INFO - [2024-10-04 23:37:04,844] {dag.py:2927} INFO - Setting next_dagrun for latest_only_with_trigger to 2024-10-04T22:37:04.844295+00:00, run_after=2024-10-05T02:37:04.844295+00:00
[2024-10-04 23:37:05,452] {processor.py:161} INFO - Processing /home/kennedy/.local/lib/python3.10/site-packages/airflow/example_dags/example_latest_only_with_trigger.py took 1.873 seconds
[2024-10-04 23:38:57,317] {processor.py:153} INFO - Started process (PID=99170) to work on /home/kennedy/.local/lib/python3.10/site-packages/airflow/example_dags/example_latest_only_with_trigger.py
[2024-10-04 23:38:58,158] {processor.py:641} INFO - Processing file /home/kennedy/.local/lib/python3.10/site-packages/airflow/example_dags/example_latest_only_with_trigger.py for tasks to queue
[2024-10-04 23:38:58,159] {logging_mixin.py:115} INFO - [2024-10-04 23:38:58,159] {dagbag.py:507} INFO - Filling up the DagBag from /home/kennedy/.local/lib/python3.10/site-packages/airflow/example_dags/example_latest_only_with_trigger.py
[2024-10-04 23:38:58,170] {processor.py:651} INFO - DAG(s) dict_keys(['latest_only_with_trigger']) retrieved from /home/kennedy/.local/lib/python3.10/site-packages/airflow/example_dags/example_latest_only_with_trigger.py
[2024-10-04 23:38:59,983] {logging_mixin.py:115} INFO - [2024-10-04 23:38:59,983] {dag.py:2379} INFO - Sync 1 DAGs
[2024-10-04 23:39:00,022] {logging_mixin.py:115} INFO - [2024-10-04 23:39:00,021] {dag.py:2927} INFO - Setting next_dagrun for latest_only_with_trigger to 2024-10-04T22:39:00.021164+00:00, run_after=2024-10-05T02:39:00.021164+00:00
[2024-10-04 23:39:00,881] {processor.py:161} INFO - Processing /home/kennedy/.local/lib/python3.10/site-packages/airflow/example_dags/example_latest_only_with_trigger.py took 3.567 seconds
[2024-10-04 23:39:45,778] {processor.py:153} INFO - Started process (PID=99211) to work on /home/kennedy/KR/Programação/01.Exercícios/DE/Movies/venv/lib/python3.10/site-packages/airflow/example_dags/example_latest_only_with_trigger.py
[2024-10-04 23:39:45,784] {processor.py:641} INFO - Processing file /home/kennedy/KR/Programação/01.Exercícios/DE/Movies/venv/lib/python3.10/site-packages/airflow/example_dags/example_latest_only_with_trigger.py for tasks to queue
[2024-10-04 23:39:45,786] {logging_mixin.py:115} INFO - [2024-10-04 23:39:45,785] {dagbag.py:507} INFO - Filling up the DagBag from /home/kennedy/KR/Programação/01.Exercícios/DE/Movies/venv/lib/python3.10/site-packages/airflow/example_dags/example_latest_only_with_trigger.py
[2024-10-04 23:39:45,799] {processor.py:651} INFO - DAG(s) dict_keys(['latest_only_with_trigger']) retrieved from /home/kennedy/KR/Programação/01.Exercícios/DE/Movies/venv/lib/python3.10/site-packages/airflow/example_dags/example_latest_only_with_trigger.py
[2024-10-04 23:39:45,896] {logging_mixin.py:115} INFO - [2024-10-04 23:39:45,896] {dag.py:2379} INFO - Sync 1 DAGs
[2024-10-04 23:39:45,930] {logging_mixin.py:115} INFO - [2024-10-04 23:39:45,930] {dag.py:2927} INFO - Setting next_dagrun for latest_only_with_trigger to 2024-10-04T22:39:45.930133+00:00, run_after=2024-10-05T02:39:45.930133+00:00
[2024-10-04 23:39:46,202] {processor.py:161} INFO - Processing /home/kennedy/KR/Programação/01.Exercícios/DE/Movies/venv/lib/python3.10/site-packages/airflow/example_dags/example_latest_only_with_trigger.py took 0.430 seconds
[2024-10-04 23:40:46,396] {processor.py:153} INFO - Started process (PID=99372) to work on /home/kennedy/.local/lib/python3.10/site-packages/airflow/example_dags/example_latest_only_with_trigger.py
[2024-10-04 23:40:46,397] {processor.py:641} INFO - Processing file /home/kennedy/.local/lib/python3.10/site-packages/airflow/example_dags/example_latest_only_with_trigger.py for tasks to queue
[2024-10-04 23:40:46,398] {logging_mixin.py:115} INFO - [2024-10-04 23:40:46,398] {dagbag.py:507} INFO - Filling up the DagBag from /home/kennedy/.local/lib/python3.10/site-packages/airflow/example_dags/example_latest_only_with_trigger.py
[2024-10-04 23:40:46,412] {processor.py:651} INFO - DAG(s) dict_keys(['latest_only_with_trigger']) retrieved from /home/kennedy/.local/lib/python3.10/site-packages/airflow/example_dags/example_latest_only_with_trigger.py
[2024-10-04 23:40:46,511] {logging_mixin.py:115} INFO - [2024-10-04 23:40:46,511] {dag.py:2379} INFO - Sync 1 DAGs
[2024-10-04 23:40:46,544] {logging_mixin.py:115} INFO - [2024-10-04 23:40:46,544] {dag.py:2927} INFO - Setting next_dagrun for latest_only_with_trigger to 2024-10-04T22:40:46.543611+00:00, run_after=2024-10-05T02:40:46.543611+00:00
[2024-10-04 23:40:48,500] {processor.py:161} INFO - Processing /home/kennedy/.local/lib/python3.10/site-packages/airflow/example_dags/example_latest_only_with_trigger.py took 2.111 seconds
[2024-10-04 23:42:10,139] {processor.py:153} INFO - Started process (PID=99683) to work on /home/kennedy/.local/lib/python3.10/site-packages/airflow/example_dags/example_latest_only_with_trigger.py
[2024-10-04 23:42:10,166] {processor.py:641} INFO - Processing file /home/kennedy/.local/lib/python3.10/site-packages/airflow/example_dags/example_latest_only_with_trigger.py for tasks to queue
[2024-10-04 23:42:10,168] {logging_mixin.py:115} INFO - [2024-10-04 23:42:10,167] {dagbag.py:507} INFO - Filling up the DagBag from /home/kennedy/.local/lib/python3.10/site-packages/airflow/example_dags/example_latest_only_with_trigger.py
[2024-10-04 23:42:10,185] {processor.py:651} INFO - DAG(s) dict_keys(['latest_only_with_trigger']) retrieved from /home/kennedy/.local/lib/python3.10/site-packages/airflow/example_dags/example_latest_only_with_trigger.py
[2024-10-04 23:42:10,235] {logging_mixin.py:115} INFO - [2024-10-04 23:42:10,235] {dag.py:2379} INFO - Sync 1 DAGs
[2024-10-04 23:42:10,276] {logging_mixin.py:115} INFO - [2024-10-04 23:42:10,276] {dag.py:2927} INFO - Setting next_dagrun for latest_only_with_trigger to 2024-10-04T22:42:10.275861+00:00, run_after=2024-10-05T02:42:10.275861+00:00
[2024-10-04 23:42:11,218] {processor.py:161} INFO - Processing /home/kennedy/.local/lib/python3.10/site-packages/airflow/example_dags/example_latest_only_with_trigger.py took 1.086 seconds
[2024-10-04 23:43:08,684] {processor.py:153} INFO - Started process (PID=99794) to work on /home/kennedy/.local/lib/python3.10/site-packages/airflow/example_dags/example_latest_only_with_trigger.py
[2024-10-04 23:43:09,916] {processor.py:641} INFO - Processing file /home/kennedy/.local/lib/python3.10/site-packages/airflow/example_dags/example_latest_only_with_trigger.py for tasks to queue
[2024-10-04 23:43:09,917] {logging_mixin.py:115} INFO - [2024-10-04 23:43:09,917] {dagbag.py:507} INFO - Filling up the DagBag from /home/kennedy/.local/lib/python3.10/site-packages/airflow/example_dags/example_latest_only_with_trigger.py
[2024-10-04 23:43:09,932] {processor.py:651} INFO - DAG(s) dict_keys(['latest_only_with_trigger']) retrieved from /home/kennedy/.local/lib/python3.10/site-packages/airflow/example_dags/example_latest_only_with_trigger.py
[2024-10-04 23:43:10,054] {logging_mixin.py:115} INFO - [2024-10-04 23:43:10,054] {dag.py:2379} INFO - Sync 1 DAGs
[2024-10-04 23:43:10,093] {logging_mixin.py:115} INFO - [2024-10-04 23:43:10,093] {dag.py:2927} INFO - Setting next_dagrun for latest_only_with_trigger to 2024-10-04T22:43:10.092685+00:00, run_after=2024-10-05T02:43:10.092685+00:00
[2024-10-04 23:43:10,179] {processor.py:161} INFO - Processing /home/kennedy/.local/lib/python3.10/site-packages/airflow/example_dags/example_latest_only_with_trigger.py took 1.502 seconds
[2024-10-04 23:44:03,844] {processor.py:153} INFO - Started process (PID=99859) to work on /home/kennedy/.local/lib/python3.10/site-packages/airflow/example_dags/example_latest_only_with_trigger.py
[2024-10-04 23:44:03,853] {processor.py:641} INFO - Processing file /home/kennedy/.local/lib/python3.10/site-packages/airflow/example_dags/example_latest_only_with_trigger.py for tasks to queue
[2024-10-04 23:44:03,855] {logging_mixin.py:115} INFO - [2024-10-04 23:44:03,854] {dagbag.py:507} INFO - Filling up the DagBag from /home/kennedy/.local/lib/python3.10/site-packages/airflow/example_dags/example_latest_only_with_trigger.py
[2024-10-04 23:44:03,872] {processor.py:651} INFO - DAG(s) dict_keys(['latest_only_with_trigger']) retrieved from /home/kennedy/.local/lib/python3.10/site-packages/airflow/example_dags/example_latest_only_with_trigger.py
[2024-10-04 23:44:03,919] {logging_mixin.py:115} INFO - [2024-10-04 23:44:03,918] {dag.py:2379} INFO - Sync 1 DAGs
[2024-10-04 23:44:03,959] {logging_mixin.py:115} INFO - [2024-10-04 23:44:03,959] {dag.py:2927} INFO - Setting next_dagrun for latest_only_with_trigger to 2024-10-04T22:44:03.958464+00:00, run_after=2024-10-05T02:44:03.958464+00:00
[2024-10-04 23:44:04,560] {processor.py:161} INFO - Processing /home/kennedy/.local/lib/python3.10/site-packages/airflow/example_dags/example_latest_only_with_trigger.py took 0.724 seconds
[2024-10-04 23:45:58,566] {processor.py:153} INFO - Started process (PID=100960) to work on /home/kennedy/.local/lib/python3.10/site-packages/airflow/example_dags/example_latest_only_with_trigger.py
[2024-10-04 23:45:58,662] {processor.py:641} INFO - Processing file /home/kennedy/.local/lib/python3.10/site-packages/airflow/example_dags/example_latest_only_with_trigger.py for tasks to queue
[2024-10-04 23:45:58,664] {logging_mixin.py:115} INFO - [2024-10-04 23:45:58,663] {dagbag.py:507} INFO - Filling up the DagBag from /home/kennedy/.local/lib/python3.10/site-packages/airflow/example_dags/example_latest_only_with_trigger.py
[2024-10-04 23:45:58,681] {processor.py:651} INFO - DAG(s) dict_keys(['latest_only_with_trigger']) retrieved from /home/kennedy/.local/lib/python3.10/site-packages/airflow/example_dags/example_latest_only_with_trigger.py
[2024-10-04 23:45:59,220] {logging_mixin.py:115} INFO - [2024-10-04 23:45:59,220] {dag.py:2379} INFO - Sync 1 DAGs
[2024-10-04 23:45:59,233] {logging_mixin.py:115} INFO - [2024-10-04 23:45:59,233] {dag.py:2927} INFO - Setting next_dagrun for latest_only_with_trigger to 2024-10-04T22:45:59.233671+00:00, run_after=2024-10-05T02:45:59.233671+00:00
[2024-10-04 23:46:00,736] {processor.py:161} INFO - Processing /home/kennedy/.local/lib/python3.10/site-packages/airflow/example_dags/example_latest_only_with_trigger.py took 2.180 seconds
[2024-10-04 23:47:54,432] {processor.py:153} INFO - Started process (PID=101460) to work on /home/kennedy/.local/lib/python3.10/site-packages/airflow/example_dags/example_latest_only_with_trigger.py
[2024-10-04 23:47:54,458] {processor.py:641} INFO - Processing file /home/kennedy/.local/lib/python3.10/site-packages/airflow/example_dags/example_latest_only_with_trigger.py for tasks to queue
[2024-10-04 23:47:54,459] {logging_mixin.py:115} INFO - [2024-10-04 23:47:54,459] {dagbag.py:507} INFO - Filling up the DagBag from /home/kennedy/.local/lib/python3.10/site-packages/airflow/example_dags/example_latest_only_with_trigger.py
[2024-10-04 23:47:54,472] {processor.py:651} INFO - DAG(s) dict_keys(['latest_only_with_trigger']) retrieved from /home/kennedy/.local/lib/python3.10/site-packages/airflow/example_dags/example_latest_only_with_trigger.py
[2024-10-04 23:47:54,512] {logging_mixin.py:115} INFO - [2024-10-04 23:47:54,512] {dag.py:2379} INFO - Sync 1 DAGs
[2024-10-04 23:47:54,549] {logging_mixin.py:115} INFO - [2024-10-04 23:47:54,549] {dag.py:2927} INFO - Setting next_dagrun for latest_only_with_trigger to 2024-10-04T22:47:54.548907+00:00, run_after=2024-10-05T02:47:54.548907+00:00
[2024-10-04 23:47:56,169] {processor.py:161} INFO - Processing /home/kennedy/.local/lib/python3.10/site-packages/airflow/example_dags/example_latest_only_with_trigger.py took 1.744 seconds
[2024-10-04 23:50:12,640] {processor.py:153} INFO - Started process (PID=102398) to work on /home/kennedy/.local/lib/python3.10/site-packages/airflow/example_dags/example_latest_only_with_trigger.py
[2024-10-04 23:50:12,641] {processor.py:641} INFO - Processing file /home/kennedy/.local/lib/python3.10/site-packages/airflow/example_dags/example_latest_only_with_trigger.py for tasks to queue
[2024-10-04 23:50:12,642] {logging_mixin.py:115} INFO - [2024-10-04 23:50:12,642] {dagbag.py:507} INFO - Filling up the DagBag from /home/kennedy/.local/lib/python3.10/site-packages/airflow/example_dags/example_latest_only_with_trigger.py
[2024-10-04 23:50:12,654] {processor.py:651} INFO - DAG(s) dict_keys(['latest_only_with_trigger']) retrieved from /home/kennedy/.local/lib/python3.10/site-packages/airflow/example_dags/example_latest_only_with_trigger.py
[2024-10-04 23:50:12,757] {logging_mixin.py:115} INFO - [2024-10-04 23:50:12,756] {dag.py:2379} INFO - Sync 1 DAGs
[2024-10-04 23:50:12,791] {logging_mixin.py:115} INFO - [2024-10-04 23:50:12,791] {dag.py:2927} INFO - Setting next_dagrun for latest_only_with_trigger to 2024-10-04T22:50:12.791165+00:00, run_after=2024-10-05T02:50:12.791165+00:00
[2024-10-04 23:50:13,520] {processor.py:161} INFO - Processing /home/kennedy/.local/lib/python3.10/site-packages/airflow/example_dags/example_latest_only_with_trigger.py took 0.886 seconds
[2024-10-04 23:52:01,768] {processor.py:153} INFO - Started process (PID=102782) to work on /home/kennedy/.local/lib/python3.10/site-packages/airflow/example_dags/example_latest_only_with_trigger.py
[2024-10-04 23:52:01,774] {processor.py:641} INFO - Processing file /home/kennedy/.local/lib/python3.10/site-packages/airflow/example_dags/example_latest_only_with_trigger.py for tasks to queue
[2024-10-04 23:52:01,775] {logging_mixin.py:115} INFO - [2024-10-04 23:52:01,775] {dagbag.py:507} INFO - Filling up the DagBag from /home/kennedy/.local/lib/python3.10/site-packages/airflow/example_dags/example_latest_only_with_trigger.py
[2024-10-04 23:52:01,789] {processor.py:651} INFO - DAG(s) dict_keys(['latest_only_with_trigger']) retrieved from /home/kennedy/.local/lib/python3.10/site-packages/airflow/example_dags/example_latest_only_with_trigger.py
[2024-10-04 23:52:01,829] {logging_mixin.py:115} INFO - [2024-10-04 23:52:01,829] {dag.py:2379} INFO - Sync 1 DAGs
[2024-10-04 23:52:01,867] {logging_mixin.py:115} INFO - [2024-10-04 23:52:01,867] {dag.py:2927} INFO - Setting next_dagrun for latest_only_with_trigger to 2024-10-04T22:52:01.866443+00:00, run_after=2024-10-05T02:52:01.866443+00:00
[2024-10-04 23:52:02,898] {processor.py:161} INFO - Processing /home/kennedy/.local/lib/python3.10/site-packages/airflow/example_dags/example_latest_only_with_trigger.py took 1.137 seconds
[2024-10-04 23:53:30,651] {processor.py:153} INFO - Started process (PID=103218) to work on /home/kennedy/.local/lib/python3.10/site-packages/airflow/example_dags/example_latest_only_with_trigger.py
[2024-10-04 23:53:30,687] {processor.py:641} INFO - Processing file /home/kennedy/.local/lib/python3.10/site-packages/airflow/example_dags/example_latest_only_with_trigger.py for tasks to queue
[2024-10-04 23:53:30,687] {logging_mixin.py:115} INFO - [2024-10-04 23:53:30,687] {dagbag.py:507} INFO - Filling up the DagBag from /home/kennedy/.local/lib/python3.10/site-packages/airflow/example_dags/example_latest_only_with_trigger.py
[2024-10-04 23:53:30,694] {processor.py:651} INFO - DAG(s) dict_keys(['latest_only_with_trigger']) retrieved from /home/kennedy/.local/lib/python3.10/site-packages/airflow/example_dags/example_latest_only_with_trigger.py
[2024-10-04 23:53:30,714] {logging_mixin.py:115} INFO - [2024-10-04 23:53:30,714] {dag.py:2379} INFO - Sync 1 DAGs
[2024-10-04 23:53:30,743] {logging_mixin.py:115} INFO - [2024-10-04 23:53:30,743] {dag.py:2927} INFO - Setting next_dagrun for latest_only_with_trigger to 2024-10-04T22:53:30.742751+00:00, run_after=2024-10-05T02:53:30.742751+00:00
[2024-10-04 23:53:31,403] {processor.py:161} INFO - Processing /home/kennedy/.local/lib/python3.10/site-packages/airflow/example_dags/example_latest_only_with_trigger.py took 0.755 seconds
[2024-10-04 23:55:21,248] {processor.py:153} INFO - Started process (PID=103942) to work on /home/kennedy/.local/lib/python3.10/site-packages/airflow/example_dags/example_latest_only_with_trigger.py
[2024-10-04 23:55:21,272] {processor.py:641} INFO - Processing file /home/kennedy/.local/lib/python3.10/site-packages/airflow/example_dags/example_latest_only_with_trigger.py for tasks to queue
[2024-10-04 23:55:21,273] {logging_mixin.py:115} INFO - [2024-10-04 23:55:21,273] {dagbag.py:507} INFO - Filling up the DagBag from /home/kennedy/.local/lib/python3.10/site-packages/airflow/example_dags/example_latest_only_with_trigger.py
[2024-10-04 23:55:21,288] {processor.py:651} INFO - DAG(s) dict_keys(['latest_only_with_trigger']) retrieved from /home/kennedy/.local/lib/python3.10/site-packages/airflow/example_dags/example_latest_only_with_trigger.py
[2024-10-04 23:55:21,332] {logging_mixin.py:115} INFO - [2024-10-04 23:55:21,331] {dag.py:2379} INFO - Sync 1 DAGs
[2024-10-04 23:55:21,376] {logging_mixin.py:115} INFO - [2024-10-04 23:55:21,376] {dag.py:2927} INFO - Setting next_dagrun for latest_only_with_trigger to 2024-10-04T22:55:21.375219+00:00, run_after=2024-10-05T02:55:21.375219+00:00
[2024-10-04 23:55:22,534] {processor.py:161} INFO - Processing /home/kennedy/.local/lib/python3.10/site-packages/airflow/example_dags/example_latest_only_with_trigger.py took 1.293 seconds
[2024-10-04 23:57:25,989] {processor.py:153} INFO - Started process (PID=105162) to work on /home/kennedy/.local/lib/python3.10/site-packages/airflow/example_dags/example_latest_only_with_trigger.py
[2024-10-04 23:57:26,021] {processor.py:641} INFO - Processing file /home/kennedy/.local/lib/python3.10/site-packages/airflow/example_dags/example_latest_only_with_trigger.py for tasks to queue
[2024-10-04 23:57:26,022] {logging_mixin.py:115} INFO - [2024-10-04 23:57:26,022] {dagbag.py:507} INFO - Filling up the DagBag from /home/kennedy/.local/lib/python3.10/site-packages/airflow/example_dags/example_latest_only_with_trigger.py
[2024-10-04 23:57:26,039] {processor.py:651} INFO - DAG(s) dict_keys(['latest_only_with_trigger']) retrieved from /home/kennedy/.local/lib/python3.10/site-packages/airflow/example_dags/example_latest_only_with_trigger.py
[2024-10-04 23:57:26,096] {logging_mixin.py:115} INFO - [2024-10-04 23:57:26,096] {dag.py:2379} INFO - Sync 1 DAGs
[2024-10-04 23:57:26,152] {logging_mixin.py:115} INFO - [2024-10-04 23:57:26,152] {dag.py:2927} INFO - Setting next_dagrun for latest_only_with_trigger to 2024-10-04T22:57:26.151562+00:00, run_after=2024-10-05T02:57:26.151562+00:00
[2024-10-04 23:57:27,324] {processor.py:161} INFO - Processing /home/kennedy/.local/lib/python3.10/site-packages/airflow/example_dags/example_latest_only_with_trigger.py took 1.342 seconds
[2024-10-04 23:59:24,040] {processor.py:153} INFO - Started process (PID=105419) to work on /home/kennedy/.local/lib/python3.10/site-packages/airflow/example_dags/example_latest_only_with_trigger.py
[2024-10-04 23:59:24,050] {processor.py:641} INFO - Processing file /home/kennedy/.local/lib/python3.10/site-packages/airflow/example_dags/example_latest_only_with_trigger.py for tasks to queue
[2024-10-04 23:59:24,052] {logging_mixin.py:115} INFO - [2024-10-04 23:59:24,051] {dagbag.py:507} INFO - Filling up the DagBag from /home/kennedy/.local/lib/python3.10/site-packages/airflow/example_dags/example_latest_only_with_trigger.py
[2024-10-04 23:59:24,070] {processor.py:651} INFO - DAG(s) dict_keys(['latest_only_with_trigger']) retrieved from /home/kennedy/.local/lib/python3.10/site-packages/airflow/example_dags/example_latest_only_with_trigger.py
[2024-10-04 23:59:24,117] {logging_mixin.py:115} INFO - [2024-10-04 23:59:24,117] {dag.py:2379} INFO - Sync 1 DAGs
[2024-10-04 23:59:24,156] {logging_mixin.py:115} INFO - [2024-10-04 23:59:24,156] {dag.py:2927} INFO - Setting next_dagrun for latest_only_with_trigger to 2024-10-04T22:59:24.155879+00:00, run_after=2024-10-05T02:59:24.155879+00:00
[2024-10-04 23:59:24,244] {processor.py:161} INFO - Processing /home/kennedy/.local/lib/python3.10/site-packages/airflow/example_dags/example_latest_only_with_trigger.py took 0.211 seconds
[2024-10-05 00:01:08,493] {processor.py:153} INFO - Started process (PID=105635) to work on /home/kennedy/.local/lib/python3.10/site-packages/airflow/example_dags/example_latest_only_with_trigger.py
[2024-10-05 00:01:08,495] {processor.py:641} INFO - Processing file /home/kennedy/.local/lib/python3.10/site-packages/airflow/example_dags/example_latest_only_with_trigger.py for tasks to queue
[2024-10-05 00:01:08,496] {logging_mixin.py:115} INFO - [2024-10-05 00:01:08,496] {dagbag.py:507} INFO - Filling up the DagBag from /home/kennedy/.local/lib/python3.10/site-packages/airflow/example_dags/example_latest_only_with_trigger.py
[2024-10-05 00:01:08,510] {processor.py:651} INFO - DAG(s) dict_keys(['latest_only_with_trigger']) retrieved from /home/kennedy/.local/lib/python3.10/site-packages/airflow/example_dags/example_latest_only_with_trigger.py
[2024-10-05 00:01:08,551] {logging_mixin.py:115} INFO - [2024-10-05 00:01:08,551] {dag.py:2379} INFO - Sync 1 DAGs
[2024-10-05 00:01:08,588] {logging_mixin.py:115} INFO - [2024-10-05 00:01:08,588] {dag.py:2927} INFO - Setting next_dagrun for latest_only_with_trigger to 2024-10-04T23:01:08.587663+00:00, run_after=2024-10-05T03:01:08.587663+00:00
[2024-10-05 00:01:09,390] {processor.py:161} INFO - Processing /home/kennedy/.local/lib/python3.10/site-packages/airflow/example_dags/example_latest_only_with_trigger.py took 0.904 seconds
[2024-10-05 00:02:28,598] {processor.py:153} INFO - Started process (PID=105966) to work on /home/kennedy/.local/lib/python3.10/site-packages/airflow/example_dags/example_latest_only_with_trigger.py
[2024-10-05 00:02:28,600] {processor.py:641} INFO - Processing file /home/kennedy/.local/lib/python3.10/site-packages/airflow/example_dags/example_latest_only_with_trigger.py for tasks to queue
[2024-10-05 00:02:28,601] {logging_mixin.py:115} INFO - [2024-10-05 00:02:28,601] {dagbag.py:507} INFO - Filling up the DagBag from /home/kennedy/.local/lib/python3.10/site-packages/airflow/example_dags/example_latest_only_with_trigger.py
[2024-10-05 00:02:28,624] {processor.py:651} INFO - DAG(s) dict_keys(['latest_only_with_trigger']) retrieved from /home/kennedy/.local/lib/python3.10/site-packages/airflow/example_dags/example_latest_only_with_trigger.py
[2024-10-05 00:02:28,660] {logging_mixin.py:115} INFO - [2024-10-05 00:02:28,660] {dag.py:2379} INFO - Sync 1 DAGs
[2024-10-05 00:02:28,697] {logging_mixin.py:115} INFO - [2024-10-05 00:02:28,697] {dag.py:2927} INFO - Setting next_dagrun for latest_only_with_trigger to 2024-10-04T23:02:28.697001+00:00, run_after=2024-10-05T03:02:28.697001+00:00
[2024-10-05 00:02:29,455] {processor.py:161} INFO - Processing /home/kennedy/.local/lib/python3.10/site-packages/airflow/example_dags/example_latest_only_with_trigger.py took 0.865 seconds
