[2024-10-04 23:32:27,359] {processor.py:153} INFO - Started process (PID=96255) to work on /home/kennedy/.local/lib/python3.10/site-packages/airflow/example_dags/example_time_delta_sensor_async.py
[2024-10-04 23:32:27,360] {processor.py:641} INFO - Processing file /home/kennedy/.local/lib/python3.10/site-packages/airflow/example_dags/example_time_delta_sensor_async.py for tasks to queue
[2024-10-04 23:32:27,361] {logging_mixin.py:115} INFO - [2024-10-04 23:32:27,361] {dagbag.py:507} INFO - Filling up the DagBag from /home/kennedy/.local/lib/python3.10/site-packages/airflow/example_dags/example_time_delta_sensor_async.py
[2024-10-04 23:32:27,373] {processor.py:651} INFO - DAG(s) dict_keys(['example_time_delta_sensor_async']) retrieved from /home/kennedy/.local/lib/python3.10/site-packages/airflow/example_dags/example_time_delta_sensor_async.py
[2024-10-04 23:32:28,480] {logging_mixin.py:115} INFO - [2024-10-04 23:32:28,479] {manager.py:508} INFO - Created Permission View: can edit on DAG:example_time_delta_sensor_async
[2024-10-04 23:32:28,589] {logging_mixin.py:115} INFO - [2024-10-04 23:32:28,588] {manager.py:508} INFO - Created Permission View: can delete on DAG:example_time_delta_sensor_async
[2024-10-04 23:32:28,754] {logging_mixin.py:115} INFO - [2024-10-04 23:32:28,754] {manager.py:508} INFO - Created Permission View: can read on DAG:example_time_delta_sensor_async
[2024-10-04 23:32:28,754] {logging_mixin.py:115} INFO - [2024-10-04 23:32:28,754] {dag.py:2379} INFO - Sync 1 DAGs
[2024-10-04 23:32:28,780] {logging_mixin.py:115} INFO - [2024-10-04 23:32:28,780] {dag.py:2398} INFO - Creating ORM DAG for example_time_delta_sensor_async
[2024-10-04 23:32:28,806] {logging_mixin.py:115} INFO - [2024-10-04 23:32:28,806] {dag.py:2927} INFO - Setting next_dagrun for example_time_delta_sensor_async to None, run_after=None
[2024-10-04 23:32:29,409] {processor.py:161} INFO - Processing /home/kennedy/.local/lib/python3.10/site-packages/airflow/example_dags/example_time_delta_sensor_async.py took 2.056 seconds
[2024-10-04 23:34:07,270] {processor.py:153} INFO - Started process (PID=97062) to work on /home/kennedy/.local/lib/python3.10/site-packages/airflow/example_dags/example_time_delta_sensor_async.py
[2024-10-04 23:34:07,314] {processor.py:641} INFO - Processing file /home/kennedy/.local/lib/python3.10/site-packages/airflow/example_dags/example_time_delta_sensor_async.py for tasks to queue
[2024-10-04 23:34:07,315] {logging_mixin.py:115} INFO - [2024-10-04 23:34:07,315] {dagbag.py:507} INFO - Filling up the DagBag from /home/kennedy/.local/lib/python3.10/site-packages/airflow/example_dags/example_time_delta_sensor_async.py
[2024-10-04 23:34:07,330] {processor.py:651} INFO - DAG(s) dict_keys(['example_time_delta_sensor_async']) retrieved from /home/kennedy/.local/lib/python3.10/site-packages/airflow/example_dags/example_time_delta_sensor_async.py
[2024-10-04 23:34:07,425] {logging_mixin.py:115} INFO - [2024-10-04 23:34:07,425] {dag.py:2379} INFO - Sync 1 DAGs
[2024-10-04 23:34:07,471] {logging_mixin.py:115} INFO - [2024-10-04 23:34:07,471] {dag.py:2927} INFO - Setting next_dagrun for example_time_delta_sensor_async to None, run_after=None
[2024-10-04 23:34:07,613] {processor.py:161} INFO - Processing /home/kennedy/.local/lib/python3.10/site-packages/airflow/example_dags/example_time_delta_sensor_async.py took 0.352 seconds
[2024-10-04 23:34:56,989] {processor.py:153} INFO - Started process (PID=97106) to work on /home/kennedy/.local/lib/python3.10/site-packages/airflow/example_dags/example_time_delta_sensor_async.py
[2024-10-04 23:34:57,039] {processor.py:641} INFO - Processing file /home/kennedy/.local/lib/python3.10/site-packages/airflow/example_dags/example_time_delta_sensor_async.py for tasks to queue
[2024-10-04 23:34:57,040] {logging_mixin.py:115} INFO - [2024-10-04 23:34:57,040] {dagbag.py:507} INFO - Filling up the DagBag from /home/kennedy/.local/lib/python3.10/site-packages/airflow/example_dags/example_time_delta_sensor_async.py
[2024-10-04 23:34:57,054] {processor.py:651} INFO - DAG(s) dict_keys(['example_time_delta_sensor_async']) retrieved from /home/kennedy/.local/lib/python3.10/site-packages/airflow/example_dags/example_time_delta_sensor_async.py
[2024-10-04 23:34:57,133] {logging_mixin.py:115} INFO - [2024-10-04 23:34:57,133] {dag.py:2379} INFO - Sync 1 DAGs
[2024-10-04 23:34:57,182] {logging_mixin.py:115} INFO - [2024-10-04 23:34:57,182] {dag.py:2927} INFO - Setting next_dagrun for example_time_delta_sensor_async to None, run_after=None
[2024-10-04 23:34:58,134] {processor.py:161} INFO - Processing /home/kennedy/.local/lib/python3.10/site-packages/airflow/example_dags/example_time_delta_sensor_async.py took 1.154 seconds
[2024-10-04 23:35:45,173] {processor.py:153} INFO - Started process (PID=97675) to work on /home/kennedy/.local/lib/python3.10/site-packages/airflow/example_dags/example_time_delta_sensor_async.py
[2024-10-04 23:35:45,547] {processor.py:641} INFO - Processing file /home/kennedy/.local/lib/python3.10/site-packages/airflow/example_dags/example_time_delta_sensor_async.py for tasks to queue
[2024-10-04 23:35:45,549] {logging_mixin.py:115} INFO - [2024-10-04 23:35:45,549] {dagbag.py:507} INFO - Filling up the DagBag from /home/kennedy/.local/lib/python3.10/site-packages/airflow/example_dags/example_time_delta_sensor_async.py
[2024-10-04 23:35:45,569] {processor.py:651} INFO - DAG(s) dict_keys(['example_time_delta_sensor_async']) retrieved from /home/kennedy/.local/lib/python3.10/site-packages/airflow/example_dags/example_time_delta_sensor_async.py
[2024-10-04 23:35:45,750] {logging_mixin.py:115} INFO - [2024-10-04 23:35:45,750] {dag.py:2379} INFO - Sync 1 DAGs
[2024-10-04 23:35:45,781] {logging_mixin.py:115} INFO - [2024-10-04 23:35:45,781] {dag.py:2927} INFO - Setting next_dagrun for example_time_delta_sensor_async to None, run_after=None
[2024-10-04 23:35:46,250] {processor.py:161} INFO - Processing /home/kennedy/.local/lib/python3.10/site-packages/airflow/example_dags/example_time_delta_sensor_async.py took 1.086 seconds
[2024-10-04 23:36:35,227] {processor.py:153} INFO - Started process (PID=98213) to work on /home/kennedy/.local/lib/python3.10/site-packages/airflow/example_dags/example_time_delta_sensor_async.py
[2024-10-04 23:36:35,335] {processor.py:641} INFO - Processing file /home/kennedy/.local/lib/python3.10/site-packages/airflow/example_dags/example_time_delta_sensor_async.py for tasks to queue
[2024-10-04 23:36:35,336] {logging_mixin.py:115} INFO - [2024-10-04 23:36:35,336] {dagbag.py:507} INFO - Filling up the DagBag from /home/kennedy/.local/lib/python3.10/site-packages/airflow/example_dags/example_time_delta_sensor_async.py
[2024-10-04 23:36:35,353] {processor.py:651} INFO - DAG(s) dict_keys(['example_time_delta_sensor_async']) retrieved from /home/kennedy/.local/lib/python3.10/site-packages/airflow/example_dags/example_time_delta_sensor_async.py
[2024-10-04 23:36:35,438] {logging_mixin.py:115} INFO - [2024-10-04 23:36:35,438] {dag.py:2379} INFO - Sync 1 DAGs
[2024-10-04 23:36:35,482] {logging_mixin.py:115} INFO - [2024-10-04 23:36:35,481] {dag.py:2927} INFO - Setting next_dagrun for example_time_delta_sensor_async to None, run_after=None
[2024-10-04 23:36:35,619] {processor.py:161} INFO - Processing /home/kennedy/.local/lib/python3.10/site-packages/airflow/example_dags/example_time_delta_sensor_async.py took 0.399 seconds
[2024-10-04 23:37:40,823] {processor.py:153} INFO - Started process (PID=98342) to work on /home/kennedy/.local/lib/python3.10/site-packages/airflow/example_dags/example_time_delta_sensor_async.py
[2024-10-04 23:37:41,707] {processor.py:641} INFO - Processing file /home/kennedy/.local/lib/python3.10/site-packages/airflow/example_dags/example_time_delta_sensor_async.py for tasks to queue
[2024-10-04 23:37:41,709] {logging_mixin.py:115} INFO - [2024-10-04 23:37:41,708] {dagbag.py:507} INFO - Filling up the DagBag from /home/kennedy/.local/lib/python3.10/site-packages/airflow/example_dags/example_time_delta_sensor_async.py
[2024-10-04 23:37:41,721] {processor.py:651} INFO - DAG(s) dict_keys(['example_time_delta_sensor_async']) retrieved from /home/kennedy/.local/lib/python3.10/site-packages/airflow/example_dags/example_time_delta_sensor_async.py
[2024-10-04 23:37:41,796] {logging_mixin.py:115} INFO - [2024-10-04 23:37:41,796] {dag.py:2379} INFO - Sync 1 DAGs
[2024-10-04 23:37:41,828] {logging_mixin.py:115} INFO - [2024-10-04 23:37:41,828] {dag.py:2927} INFO - Setting next_dagrun for example_time_delta_sensor_async to None, run_after=None
[2024-10-04 23:37:41,977] {processor.py:161} INFO - Processing /home/kennedy/.local/lib/python3.10/site-packages/airflow/example_dags/example_time_delta_sensor_async.py took 1.162 seconds
[2024-10-04 23:38:41,776] {processor.py:153} INFO - Started process (PID=98699) to work on /home/kennedy/.local/lib/python3.10/site-packages/airflow/example_dags/example_time_delta_sensor_async.py
[2024-10-04 23:38:41,875] {processor.py:641} INFO - Processing file /home/kennedy/.local/lib/python3.10/site-packages/airflow/example_dags/example_time_delta_sensor_async.py for tasks to queue
[2024-10-04 23:38:41,875] {logging_mixin.py:115} INFO - [2024-10-04 23:38:41,875] {dagbag.py:507} INFO - Filling up the DagBag from /home/kennedy/.local/lib/python3.10/site-packages/airflow/example_dags/example_time_delta_sensor_async.py
[2024-10-04 23:38:41,880] {processor.py:651} INFO - DAG(s) dict_keys(['example_time_delta_sensor_async']) retrieved from /home/kennedy/.local/lib/python3.10/site-packages/airflow/example_dags/example_time_delta_sensor_async.py
[2024-10-04 23:38:41,938] {logging_mixin.py:115} INFO - [2024-10-04 23:38:41,938] {dag.py:2379} INFO - Sync 1 DAGs
[2024-10-04 23:38:41,962] {logging_mixin.py:115} INFO - [2024-10-04 23:38:41,962] {dag.py:2927} INFO - Setting next_dagrun for example_time_delta_sensor_async to None, run_after=None
[2024-10-04 23:38:42,281] {processor.py:161} INFO - Processing /home/kennedy/.local/lib/python3.10/site-packages/airflow/example_dags/example_time_delta_sensor_async.py took 0.508 seconds
[2024-10-04 23:39:14,920] {processor.py:153} INFO - Started process (PID=99182) to work on /home/kennedy/KR/Programação/01.Exercícios/DE/Movies/venv/lib/python3.10/site-packages/airflow/example_dags/example_time_delta_sensor_async.py
[2024-10-04 23:39:14,933] {processor.py:641} INFO - Processing file /home/kennedy/KR/Programação/01.Exercícios/DE/Movies/venv/lib/python3.10/site-packages/airflow/example_dags/example_time_delta_sensor_async.py for tasks to queue
[2024-10-04 23:39:14,934] {logging_mixin.py:115} INFO - [2024-10-04 23:39:14,934] {dagbag.py:507} INFO - Filling up the DagBag from /home/kennedy/KR/Programação/01.Exercícios/DE/Movies/venv/lib/python3.10/site-packages/airflow/example_dags/example_time_delta_sensor_async.py
[2024-10-04 23:39:14,946] {processor.py:651} INFO - DAG(s) dict_keys(['example_time_delta_sensor_async']) retrieved from /home/kennedy/KR/Programação/01.Exercícios/DE/Movies/venv/lib/python3.10/site-packages/airflow/example_dags/example_time_delta_sensor_async.py
[2024-10-04 23:39:15,075] {logging_mixin.py:115} INFO - [2024-10-04 23:39:15,075] {dag.py:2379} INFO - Sync 1 DAGs
[2024-10-04 23:39:15,118] {logging_mixin.py:115} INFO - [2024-10-04 23:39:15,117] {dag.py:2927} INFO - Setting next_dagrun for example_time_delta_sensor_async to None, run_after=None
[2024-10-04 23:39:15,613] {processor.py:161} INFO - Processing /home/kennedy/KR/Programação/01.Exercícios/DE/Movies/venv/lib/python3.10/site-packages/airflow/example_dags/example_time_delta_sensor_async.py took 0.701 seconds
[2024-10-04 23:39:32,809] {processor.py:153} INFO - Started process (PID=99203) to work on /home/kennedy/.local/lib/python3.10/site-packages/airflow/example_dags/example_time_delta_sensor_async.py
[2024-10-04 23:39:33,027] {processor.py:641} INFO - Processing file /home/kennedy/.local/lib/python3.10/site-packages/airflow/example_dags/example_time_delta_sensor_async.py for tasks to queue
[2024-10-04 23:39:33,027] {logging_mixin.py:115} INFO - [2024-10-04 23:39:33,027] {dagbag.py:507} INFO - Filling up the DagBag from /home/kennedy/.local/lib/python3.10/site-packages/airflow/example_dags/example_time_delta_sensor_async.py
[2024-10-04 23:39:33,032] {processor.py:651} INFO - DAG(s) dict_keys(['example_time_delta_sensor_async']) retrieved from /home/kennedy/.local/lib/python3.10/site-packages/airflow/example_dags/example_time_delta_sensor_async.py
[2024-10-04 23:39:34,278] {logging_mixin.py:115} INFO - [2024-10-04 23:39:34,278] {dag.py:2379} INFO - Sync 1 DAGs
[2024-10-04 23:39:37,079] {logging_mixin.py:115} INFO - [2024-10-04 23:39:37,079] {dag.py:2927} INFO - Setting next_dagrun for example_time_delta_sensor_async to None, run_after=None
[2024-10-04 23:39:37,690] {processor.py:161} INFO - Processing /home/kennedy/.local/lib/python3.10/site-packages/airflow/example_dags/example_time_delta_sensor_async.py took 4.886 seconds
[2024-10-04 23:40:30,006] {processor.py:153} INFO - Started process (PID=99318) to work on /home/kennedy/.local/lib/python3.10/site-packages/airflow/example_dags/example_time_delta_sensor_async.py
[2024-10-04 23:40:30,013] {processor.py:641} INFO - Processing file /home/kennedy/.local/lib/python3.10/site-packages/airflow/example_dags/example_time_delta_sensor_async.py for tasks to queue
[2024-10-04 23:40:30,015] {logging_mixin.py:115} INFO - [2024-10-04 23:40:30,015] {dagbag.py:507} INFO - Filling up the DagBag from /home/kennedy/.local/lib/python3.10/site-packages/airflow/example_dags/example_time_delta_sensor_async.py
[2024-10-04 23:40:30,035] {processor.py:651} INFO - DAG(s) dict_keys(['example_time_delta_sensor_async']) retrieved from /home/kennedy/.local/lib/python3.10/site-packages/airflow/example_dags/example_time_delta_sensor_async.py
[2024-10-04 23:40:30,132] {logging_mixin.py:115} INFO - [2024-10-04 23:40:30,132] {dag.py:2379} INFO - Sync 1 DAGs
[2024-10-04 23:40:30,146] {logging_mixin.py:115} INFO - [2024-10-04 23:40:30,146] {dag.py:2927} INFO - Setting next_dagrun for example_time_delta_sensor_async to None, run_after=None
[2024-10-04 23:40:31,477] {processor.py:161} INFO - Processing /home/kennedy/.local/lib/python3.10/site-packages/airflow/example_dags/example_time_delta_sensor_async.py took 1.487 seconds
[2024-10-04 23:41:50,002] {processor.py:153} INFO - Started process (PID=99522) to work on /home/kennedy/.local/lib/python3.10/site-packages/airflow/example_dags/example_time_delta_sensor_async.py
[2024-10-04 23:41:50,015] {processor.py:641} INFO - Processing file /home/kennedy/.local/lib/python3.10/site-packages/airflow/example_dags/example_time_delta_sensor_async.py for tasks to queue
[2024-10-04 23:41:50,016] {logging_mixin.py:115} INFO - [2024-10-04 23:41:50,016] {dagbag.py:507} INFO - Filling up the DagBag from /home/kennedy/.local/lib/python3.10/site-packages/airflow/example_dags/example_time_delta_sensor_async.py
[2024-10-04 23:41:50,029] {processor.py:651} INFO - DAG(s) dict_keys(['example_time_delta_sensor_async']) retrieved from /home/kennedy/.local/lib/python3.10/site-packages/airflow/example_dags/example_time_delta_sensor_async.py
[2024-10-04 23:41:50,107] {logging_mixin.py:115} INFO - [2024-10-04 23:41:50,107] {dag.py:2379} INFO - Sync 1 DAGs
[2024-10-04 23:41:50,140] {logging_mixin.py:115} INFO - [2024-10-04 23:41:50,140] {dag.py:2927} INFO - Setting next_dagrun for example_time_delta_sensor_async to None, run_after=None
[2024-10-04 23:41:50,846] {processor.py:161} INFO - Processing /home/kennedy/.local/lib/python3.10/site-packages/airflow/example_dags/example_time_delta_sensor_async.py took 0.852 seconds
[2024-10-04 23:42:40,672] {processor.py:153} INFO - Started process (PID=99759) to work on /home/kennedy/.local/lib/python3.10/site-packages/airflow/example_dags/example_time_delta_sensor_async.py
[2024-10-04 23:42:40,687] {processor.py:641} INFO - Processing file /home/kennedy/.local/lib/python3.10/site-packages/airflow/example_dags/example_time_delta_sensor_async.py for tasks to queue
[2024-10-04 23:42:40,688] {logging_mixin.py:115} INFO - [2024-10-04 23:42:40,687] {dagbag.py:507} INFO - Filling up the DagBag from /home/kennedy/.local/lib/python3.10/site-packages/airflow/example_dags/example_time_delta_sensor_async.py
[2024-10-04 23:42:40,693] {processor.py:651} INFO - DAG(s) dict_keys(['example_time_delta_sensor_async']) retrieved from /home/kennedy/.local/lib/python3.10/site-packages/airflow/example_dags/example_time_delta_sensor_async.py
[2024-10-04 23:42:41,410] {logging_mixin.py:115} INFO - [2024-10-04 23:42:41,409] {dag.py:2379} INFO - Sync 1 DAGs
[2024-10-04 23:42:41,443] {logging_mixin.py:115} INFO - [2024-10-04 23:42:41,443] {dag.py:2927} INFO - Setting next_dagrun for example_time_delta_sensor_async to None, run_after=None
[2024-10-04 23:42:41,967] {processor.py:161} INFO - Processing /home/kennedy/.local/lib/python3.10/site-packages/airflow/example_dags/example_time_delta_sensor_async.py took 1.296 seconds
[2024-10-04 23:42:53,482] {processor.py:153} INFO - Started process (PID=99774) to work on /home/kennedy/.local/lib/python3.10/site-packages/airflow/example_dags/example_time_delta_sensor_async.py
[2024-10-04 23:42:53,491] {processor.py:641} INFO - Processing file /home/kennedy/.local/lib/python3.10/site-packages/airflow/example_dags/example_time_delta_sensor_async.py for tasks to queue
[2024-10-04 23:42:53,492] {logging_mixin.py:115} INFO - [2024-10-04 23:42:53,492] {dagbag.py:507} INFO - Filling up the DagBag from /home/kennedy/.local/lib/python3.10/site-packages/airflow/example_dags/example_time_delta_sensor_async.py
[2024-10-04 23:42:53,504] {processor.py:651} INFO - DAG(s) dict_keys(['example_time_delta_sensor_async']) retrieved from /home/kennedy/.local/lib/python3.10/site-packages/airflow/example_dags/example_time_delta_sensor_async.py
[2024-10-04 23:42:53,579] {logging_mixin.py:115} INFO - [2024-10-04 23:42:53,579] {dag.py:2379} INFO - Sync 1 DAGs
[2024-10-04 23:42:53,612] {logging_mixin.py:115} INFO - [2024-10-04 23:42:53,611] {dag.py:2927} INFO - Setting next_dagrun for example_time_delta_sensor_async to None, run_after=None
[2024-10-04 23:42:53,951] {processor.py:161} INFO - Processing /home/kennedy/.local/lib/python3.10/site-packages/airflow/example_dags/example_time_delta_sensor_async.py took 0.476 seconds
[2024-10-04 23:43:47,716] {processor.py:153} INFO - Started process (PID=99837) to work on /home/kennedy/.local/lib/python3.10/site-packages/airflow/example_dags/example_time_delta_sensor_async.py
[2024-10-04 23:43:47,750] {processor.py:641} INFO - Processing file /home/kennedy/.local/lib/python3.10/site-packages/airflow/example_dags/example_time_delta_sensor_async.py for tasks to queue
[2024-10-04 23:43:47,751] {logging_mixin.py:115} INFO - [2024-10-04 23:43:47,751] {dagbag.py:507} INFO - Filling up the DagBag from /home/kennedy/.local/lib/python3.10/site-packages/airflow/example_dags/example_time_delta_sensor_async.py
[2024-10-04 23:43:47,766] {processor.py:651} INFO - DAG(s) dict_keys(['example_time_delta_sensor_async']) retrieved from /home/kennedy/.local/lib/python3.10/site-packages/airflow/example_dags/example_time_delta_sensor_async.py
[2024-10-04 23:43:48,787] {logging_mixin.py:115} INFO - [2024-10-04 23:43:48,787] {dag.py:2379} INFO - Sync 1 DAGs
[2024-10-04 23:43:48,841] {logging_mixin.py:115} INFO - [2024-10-04 23:43:48,841] {dag.py:2927} INFO - Setting next_dagrun for example_time_delta_sensor_async to None, run_after=None
[2024-10-04 23:43:49,402] {processor.py:161} INFO - Processing /home/kennedy/.local/lib/python3.10/site-packages/airflow/example_dags/example_time_delta_sensor_async.py took 1.695 seconds
[2024-10-04 23:43:56,558] {processor.py:153} INFO - Started process (PID=99849) to work on /home/kennedy/.local/lib/python3.10/site-packages/airflow/example_dags/example_time_delta_sensor_async.py
[2024-10-04 23:43:56,559] {processor.py:641} INFO - Processing file /home/kennedy/.local/lib/python3.10/site-packages/airflow/example_dags/example_time_delta_sensor_async.py for tasks to queue
[2024-10-04 23:43:56,561] {logging_mixin.py:115} INFO - [2024-10-04 23:43:56,561] {dagbag.py:507} INFO - Filling up the DagBag from /home/kennedy/.local/lib/python3.10/site-packages/airflow/example_dags/example_time_delta_sensor_async.py
[2024-10-04 23:43:56,579] {processor.py:651} INFO - DAG(s) dict_keys(['example_time_delta_sensor_async']) retrieved from /home/kennedy/.local/lib/python3.10/site-packages/airflow/example_dags/example_time_delta_sensor_async.py
[2024-10-04 23:43:56,674] {logging_mixin.py:115} INFO - [2024-10-04 23:43:56,674] {dag.py:2379} INFO - Sync 1 DAGs
[2024-10-04 23:43:56,716] {logging_mixin.py:115} INFO - [2024-10-04 23:43:56,716] {dag.py:2927} INFO - Setting next_dagrun for example_time_delta_sensor_async to None, run_after=None
[2024-10-04 23:43:56,833] {processor.py:161} INFO - Processing /home/kennedy/.local/lib/python3.10/site-packages/airflow/example_dags/example_time_delta_sensor_async.py took 0.283 seconds
[2024-10-04 23:45:29,625] {processor.py:153} INFO - Started process (PID=100595) to work on /home/kennedy/.local/lib/python3.10/site-packages/airflow/example_dags/example_time_delta_sensor_async.py
[2024-10-04 23:45:29,843] {processor.py:641} INFO - Processing file /home/kennedy/.local/lib/python3.10/site-packages/airflow/example_dags/example_time_delta_sensor_async.py for tasks to queue
[2024-10-04 23:45:29,844] {logging_mixin.py:115} INFO - [2024-10-04 23:45:29,844] {dagbag.py:507} INFO - Filling up the DagBag from /home/kennedy/.local/lib/python3.10/site-packages/airflow/example_dags/example_time_delta_sensor_async.py
[2024-10-04 23:45:29,864] {processor.py:651} INFO - DAG(s) dict_keys(['example_time_delta_sensor_async']) retrieved from /home/kennedy/.local/lib/python3.10/site-packages/airflow/example_dags/example_time_delta_sensor_async.py
[2024-10-04 23:45:32,128] {logging_mixin.py:115} INFO - [2024-10-04 23:45:32,128] {dag.py:2379} INFO - Sync 1 DAGs
[2024-10-04 23:45:32,164] {logging_mixin.py:115} INFO - [2024-10-04 23:45:32,164] {dag.py:2927} INFO - Setting next_dagrun for example_time_delta_sensor_async to None, run_after=None
[2024-10-04 23:45:33,448] {processor.py:161} INFO - Processing /home/kennedy/.local/lib/python3.10/site-packages/airflow/example_dags/example_time_delta_sensor_async.py took 3.831 seconds
[2024-10-04 23:46:43,024] {processor.py:153} INFO - Started process (PID=101130) to work on /home/kennedy/.local/lib/python3.10/site-packages/airflow/example_dags/example_time_delta_sensor_async.py
[2024-10-04 23:46:43,147] {processor.py:641} INFO - Processing file /home/kennedy/.local/lib/python3.10/site-packages/airflow/example_dags/example_time_delta_sensor_async.py for tasks to queue
[2024-10-04 23:46:43,148] {logging_mixin.py:115} INFO - [2024-10-04 23:46:43,148] {dagbag.py:507} INFO - Filling up the DagBag from /home/kennedy/.local/lib/python3.10/site-packages/airflow/example_dags/example_time_delta_sensor_async.py
[2024-10-04 23:46:43,157] {processor.py:651} INFO - DAG(s) dict_keys(['example_time_delta_sensor_async']) retrieved from /home/kennedy/.local/lib/python3.10/site-packages/airflow/example_dags/example_time_delta_sensor_async.py
[2024-10-04 23:46:43,191] {logging_mixin.py:115} INFO - [2024-10-04 23:46:43,191] {dag.py:2379} INFO - Sync 1 DAGs
[2024-10-04 23:46:43,207] {logging_mixin.py:115} INFO - [2024-10-04 23:46:43,207] {dag.py:2927} INFO - Setting next_dagrun for example_time_delta_sensor_async to None, run_after=None
[2024-10-04 23:46:43,499] {processor.py:161} INFO - Processing /home/kennedy/.local/lib/python3.10/site-packages/airflow/example_dags/example_time_delta_sensor_async.py took 0.481 seconds
[2024-10-04 23:47:40,478] {processor.py:153} INFO - Started process (PID=101393) to work on /home/kennedy/.local/lib/python3.10/site-packages/airflow/example_dags/example_time_delta_sensor_async.py
[2024-10-04 23:47:40,485] {processor.py:641} INFO - Processing file /home/kennedy/.local/lib/python3.10/site-packages/airflow/example_dags/example_time_delta_sensor_async.py for tasks to queue
[2024-10-04 23:47:40,486] {logging_mixin.py:115} INFO - [2024-10-04 23:47:40,486] {dagbag.py:507} INFO - Filling up the DagBag from /home/kennedy/.local/lib/python3.10/site-packages/airflow/example_dags/example_time_delta_sensor_async.py
[2024-10-04 23:47:40,498] {processor.py:651} INFO - DAG(s) dict_keys(['example_time_delta_sensor_async']) retrieved from /home/kennedy/.local/lib/python3.10/site-packages/airflow/example_dags/example_time_delta_sensor_async.py
[2024-10-04 23:47:40,588] {logging_mixin.py:115} INFO - [2024-10-04 23:47:40,588] {dag.py:2379} INFO - Sync 1 DAGs
[2024-10-04 23:47:40,635] {logging_mixin.py:115} INFO - [2024-10-04 23:47:40,635] {dag.py:2927} INFO - Setting next_dagrun for example_time_delta_sensor_async to None, run_after=None
[2024-10-04 23:47:41,572] {processor.py:161} INFO - Processing /home/kennedy/.local/lib/python3.10/site-packages/airflow/example_dags/example_time_delta_sensor_async.py took 1.101 seconds
[2024-10-04 23:49:46,269] {processor.py:153} INFO - Started process (PID=102361) to work on /home/kennedy/.local/lib/python3.10/site-packages/airflow/example_dags/example_time_delta_sensor_async.py
[2024-10-04 23:49:46,283] {processor.py:641} INFO - Processing file /home/kennedy/.local/lib/python3.10/site-packages/airflow/example_dags/example_time_delta_sensor_async.py for tasks to queue
[2024-10-04 23:49:46,284] {logging_mixin.py:115} INFO - [2024-10-04 23:49:46,284] {dagbag.py:507} INFO - Filling up the DagBag from /home/kennedy/.local/lib/python3.10/site-packages/airflow/example_dags/example_time_delta_sensor_async.py
[2024-10-04 23:49:46,296] {processor.py:651} INFO - DAG(s) dict_keys(['example_time_delta_sensor_async']) retrieved from /home/kennedy/.local/lib/python3.10/site-packages/airflow/example_dags/example_time_delta_sensor_async.py
[2024-10-04 23:49:46,433] {logging_mixin.py:115} INFO - [2024-10-04 23:49:46,433] {dag.py:2379} INFO - Sync 1 DAGs
[2024-10-04 23:49:46,462] {logging_mixin.py:115} INFO - [2024-10-04 23:49:46,462] {dag.py:2927} INFO - Setting next_dagrun for example_time_delta_sensor_async to None, run_after=None
[2024-10-04 23:49:47,006] {processor.py:161} INFO - Processing /home/kennedy/.local/lib/python3.10/site-packages/airflow/example_dags/example_time_delta_sensor_async.py took 0.744 seconds
[2024-10-04 23:50:50,621] {processor.py:153} INFO - Started process (PID=102445) to work on /home/kennedy/.local/lib/python3.10/site-packages/airflow/example_dags/example_time_delta_sensor_async.py
[2024-10-04 23:50:50,645] {processor.py:641} INFO - Processing file /home/kennedy/.local/lib/python3.10/site-packages/airflow/example_dags/example_time_delta_sensor_async.py for tasks to queue
[2024-10-04 23:50:50,646] {logging_mixin.py:115} INFO - [2024-10-04 23:50:50,646] {dagbag.py:507} INFO - Filling up the DagBag from /home/kennedy/.local/lib/python3.10/site-packages/airflow/example_dags/example_time_delta_sensor_async.py
[2024-10-04 23:50:50,658] {processor.py:651} INFO - DAG(s) dict_keys(['example_time_delta_sensor_async']) retrieved from /home/kennedy/.local/lib/python3.10/site-packages/airflow/example_dags/example_time_delta_sensor_async.py
[2024-10-04 23:50:50,736] {logging_mixin.py:115} INFO - [2024-10-04 23:50:50,736] {dag.py:2379} INFO - Sync 1 DAGs
[2024-10-04 23:50:50,771] {logging_mixin.py:115} INFO - [2024-10-04 23:50:50,771] {dag.py:2927} INFO - Setting next_dagrun for example_time_delta_sensor_async to None, run_after=None
[2024-10-04 23:50:52,026] {processor.py:161} INFO - Processing /home/kennedy/.local/lib/python3.10/site-packages/airflow/example_dags/example_time_delta_sensor_async.py took 1.412 seconds
[2024-10-04 23:51:49,372] {processor.py:153} INFO - Started process (PID=102697) to work on /home/kennedy/.local/lib/python3.10/site-packages/airflow/example_dags/example_time_delta_sensor_async.py
[2024-10-04 23:51:49,381] {processor.py:641} INFO - Processing file /home/kennedy/.local/lib/python3.10/site-packages/airflow/example_dags/example_time_delta_sensor_async.py for tasks to queue
[2024-10-04 23:51:49,382] {logging_mixin.py:115} INFO - [2024-10-04 23:51:49,381] {dagbag.py:507} INFO - Filling up the DagBag from /home/kennedy/.local/lib/python3.10/site-packages/airflow/example_dags/example_time_delta_sensor_async.py
[2024-10-04 23:51:49,395] {processor.py:651} INFO - DAG(s) dict_keys(['example_time_delta_sensor_async']) retrieved from /home/kennedy/.local/lib/python3.10/site-packages/airflow/example_dags/example_time_delta_sensor_async.py
[2024-10-04 23:51:49,472] {logging_mixin.py:115} INFO - [2024-10-04 23:51:49,472] {dag.py:2379} INFO - Sync 1 DAGs
[2024-10-04 23:51:49,505] {logging_mixin.py:115} INFO - [2024-10-04 23:51:49,504] {dag.py:2927} INFO - Setting next_dagrun for example_time_delta_sensor_async to None, run_after=None
[2024-10-04 23:51:49,786] {processor.py:161} INFO - Processing /home/kennedy/.local/lib/python3.10/site-packages/airflow/example_dags/example_time_delta_sensor_async.py took 0.421 seconds
[2024-10-04 23:53:14,518] {processor.py:153} INFO - Started process (PID=102904) to work on /home/kennedy/.local/lib/python3.10/site-packages/airflow/example_dags/example_time_delta_sensor_async.py
[2024-10-04 23:53:14,841] {processor.py:641} INFO - Processing file /home/kennedy/.local/lib/python3.10/site-packages/airflow/example_dags/example_time_delta_sensor_async.py for tasks to queue
[2024-10-04 23:53:14,842] {logging_mixin.py:115} INFO - [2024-10-04 23:53:14,842] {dagbag.py:507} INFO - Filling up the DagBag from /home/kennedy/.local/lib/python3.10/site-packages/airflow/example_dags/example_time_delta_sensor_async.py
[2024-10-04 23:53:14,855] {processor.py:651} INFO - DAG(s) dict_keys(['example_time_delta_sensor_async']) retrieved from /home/kennedy/.local/lib/python3.10/site-packages/airflow/example_dags/example_time_delta_sensor_async.py
[2024-10-04 23:53:14,934] {logging_mixin.py:115} INFO - [2024-10-04 23:53:14,934] {dag.py:2379} INFO - Sync 1 DAGs
[2024-10-04 23:53:14,967] {logging_mixin.py:115} INFO - [2024-10-04 23:53:14,967] {dag.py:2927} INFO - Setting next_dagrun for example_time_delta_sensor_async to None, run_after=None
[2024-10-04 23:53:15,643] {processor.py:161} INFO - Processing /home/kennedy/.local/lib/python3.10/site-packages/airflow/example_dags/example_time_delta_sensor_async.py took 1.134 seconds
[2024-10-04 23:55:04,809] {processor.py:153} INFO - Started process (PID=103923) to work on /home/kennedy/.local/lib/python3.10/site-packages/airflow/example_dags/example_time_delta_sensor_async.py
[2024-10-04 23:55:04,824] {processor.py:641} INFO - Processing file /home/kennedy/.local/lib/python3.10/site-packages/airflow/example_dags/example_time_delta_sensor_async.py for tasks to queue
[2024-10-04 23:55:04,825] {logging_mixin.py:115} INFO - [2024-10-04 23:55:04,825] {dagbag.py:507} INFO - Filling up the DagBag from /home/kennedy/.local/lib/python3.10/site-packages/airflow/example_dags/example_time_delta_sensor_async.py
[2024-10-04 23:55:04,838] {processor.py:651} INFO - DAG(s) dict_keys(['example_time_delta_sensor_async']) retrieved from /home/kennedy/.local/lib/python3.10/site-packages/airflow/example_dags/example_time_delta_sensor_async.py
[2024-10-04 23:55:04,915] {logging_mixin.py:115} INFO - [2024-10-04 23:55:04,915] {dag.py:2379} INFO - Sync 1 DAGs
[2024-10-04 23:55:04,948] {logging_mixin.py:115} INFO - [2024-10-04 23:55:04,948] {dag.py:2927} INFO - Setting next_dagrun for example_time_delta_sensor_async to None, run_after=None
[2024-10-04 23:55:06,288] {processor.py:161} INFO - Processing /home/kennedy/.local/lib/python3.10/site-packages/airflow/example_dags/example_time_delta_sensor_async.py took 1.486 seconds
[2024-10-04 23:57:02,004] {processor.py:153} INFO - Started process (PID=105095) to work on /home/kennedy/.local/lib/python3.10/site-packages/airflow/example_dags/example_time_delta_sensor_async.py
[2024-10-04 23:57:02,249] {processor.py:641} INFO - Processing file /home/kennedy/.local/lib/python3.10/site-packages/airflow/example_dags/example_time_delta_sensor_async.py for tasks to queue
[2024-10-04 23:57:02,250] {logging_mixin.py:115} INFO - [2024-10-04 23:57:02,249] {dagbag.py:507} INFO - Filling up the DagBag from /home/kennedy/.local/lib/python3.10/site-packages/airflow/example_dags/example_time_delta_sensor_async.py
[2024-10-04 23:57:02,263] {processor.py:651} INFO - DAG(s) dict_keys(['example_time_delta_sensor_async']) retrieved from /home/kennedy/.local/lib/python3.10/site-packages/airflow/example_dags/example_time_delta_sensor_async.py
[2024-10-04 23:57:02,350] {logging_mixin.py:115} INFO - [2024-10-04 23:57:02,350] {dag.py:2379} INFO - Sync 1 DAGs
[2024-10-04 23:57:02,388] {logging_mixin.py:115} INFO - [2024-10-04 23:57:02,388] {dag.py:2927} INFO - Setting next_dagrun for example_time_delta_sensor_async to None, run_after=None
[2024-10-04 23:57:03,935] {processor.py:161} INFO - Processing /home/kennedy/.local/lib/python3.10/site-packages/airflow/example_dags/example_time_delta_sensor_async.py took 1.939 seconds
[2024-10-04 23:57:59,431] {processor.py:153} INFO - Started process (PID=105231) to work on /home/kennedy/.local/lib/python3.10/site-packages/airflow/example_dags/example_time_delta_sensor_async.py
[2024-10-04 23:57:59,598] {processor.py:641} INFO - Processing file /home/kennedy/.local/lib/python3.10/site-packages/airflow/example_dags/example_time_delta_sensor_async.py for tasks to queue
[2024-10-04 23:57:59,600] {logging_mixin.py:115} INFO - [2024-10-04 23:57:59,599] {dagbag.py:507} INFO - Filling up the DagBag from /home/kennedy/.local/lib/python3.10/site-packages/airflow/example_dags/example_time_delta_sensor_async.py
[2024-10-04 23:57:59,613] {processor.py:651} INFO - DAG(s) dict_keys(['example_time_delta_sensor_async']) retrieved from /home/kennedy/.local/lib/python3.10/site-packages/airflow/example_dags/example_time_delta_sensor_async.py
[2024-10-04 23:57:59,746] {logging_mixin.py:115} INFO - [2024-10-04 23:57:59,746] {dag.py:2379} INFO - Sync 1 DAGs
[2024-10-04 23:57:59,784] {logging_mixin.py:115} INFO - [2024-10-04 23:57:59,784] {dag.py:2927} INFO - Setting next_dagrun for example_time_delta_sensor_async to None, run_after=None
[2024-10-04 23:57:59,910] {processor.py:161} INFO - Processing /home/kennedy/.local/lib/python3.10/site-packages/airflow/example_dags/example_time_delta_sensor_async.py took 0.486 seconds
[2024-10-04 23:59:00,078] {processor.py:153} INFO - Started process (PID=105324) to work on /home/kennedy/.local/lib/python3.10/site-packages/airflow/example_dags/example_time_delta_sensor_async.py
[2024-10-04 23:59:00,092] {processor.py:641} INFO - Processing file /home/kennedy/.local/lib/python3.10/site-packages/airflow/example_dags/example_time_delta_sensor_async.py for tasks to queue
[2024-10-04 23:59:00,094] {logging_mixin.py:115} INFO - [2024-10-04 23:59:00,093] {dagbag.py:507} INFO - Filling up the DagBag from /home/kennedy/.local/lib/python3.10/site-packages/airflow/example_dags/example_time_delta_sensor_async.py
[2024-10-04 23:59:00,106] {processor.py:651} INFO - DAG(s) dict_keys(['example_time_delta_sensor_async']) retrieved from /home/kennedy/.local/lib/python3.10/site-packages/airflow/example_dags/example_time_delta_sensor_async.py
[2024-10-04 23:59:00,194] {logging_mixin.py:115} INFO - [2024-10-04 23:59:00,193] {dag.py:2379} INFO - Sync 1 DAGs
[2024-10-04 23:59:00,236] {logging_mixin.py:115} INFO - [2024-10-04 23:59:00,236] {dag.py:2927} INFO - Setting next_dagrun for example_time_delta_sensor_async to None, run_after=None
[2024-10-04 23:59:00,348] {processor.py:161} INFO - Processing /home/kennedy/.local/lib/python3.10/site-packages/airflow/example_dags/example_time_delta_sensor_async.py took 0.278 seconds
[2024-10-04 23:59:58,625] {processor.py:153} INFO - Started process (PID=105455) to work on /home/kennedy/.local/lib/python3.10/site-packages/airflow/example_dags/example_time_delta_sensor_async.py
[2024-10-04 23:59:58,654] {processor.py:641} INFO - Processing file /home/kennedy/.local/lib/python3.10/site-packages/airflow/example_dags/example_time_delta_sensor_async.py for tasks to queue
[2024-10-04 23:59:58,656] {logging_mixin.py:115} INFO - [2024-10-04 23:59:58,655] {dagbag.py:507} INFO - Filling up the DagBag from /home/kennedy/.local/lib/python3.10/site-packages/airflow/example_dags/example_time_delta_sensor_async.py
[2024-10-04 23:59:58,669] {processor.py:651} INFO - DAG(s) dict_keys(['example_time_delta_sensor_async']) retrieved from /home/kennedy/.local/lib/python3.10/site-packages/airflow/example_dags/example_time_delta_sensor_async.py
[2024-10-04 23:59:58,748] {logging_mixin.py:115} INFO - [2024-10-04 23:59:58,748] {dag.py:2379} INFO - Sync 1 DAGs
[2024-10-04 23:59:58,784] {logging_mixin.py:115} INFO - [2024-10-04 23:59:58,784] {dag.py:2927} INFO - Setting next_dagrun for example_time_delta_sensor_async to None, run_after=None
[2024-10-05 00:00:00,021] {processor.py:161} INFO - Processing /home/kennedy/.local/lib/python3.10/site-packages/airflow/example_dags/example_time_delta_sensor_async.py took 1.403 seconds
[2024-10-05 00:00:50,758] {processor.py:153} INFO - Started process (PID=105623) to work on /home/kennedy/.local/lib/python3.10/site-packages/airflow/example_dags/example_time_delta_sensor_async.py
[2024-10-05 00:00:50,763] {processor.py:641} INFO - Processing file /home/kennedy/.local/lib/python3.10/site-packages/airflow/example_dags/example_time_delta_sensor_async.py for tasks to queue
[2024-10-05 00:00:50,764] {logging_mixin.py:115} INFO - [2024-10-05 00:00:50,764] {dagbag.py:507} INFO - Filling up the DagBag from /home/kennedy/.local/lib/python3.10/site-packages/airflow/example_dags/example_time_delta_sensor_async.py
[2024-10-05 00:00:50,778] {processor.py:651} INFO - DAG(s) dict_keys(['example_time_delta_sensor_async']) retrieved from /home/kennedy/.local/lib/python3.10/site-packages/airflow/example_dags/example_time_delta_sensor_async.py
[2024-10-05 00:00:50,862] {logging_mixin.py:115} INFO - [2024-10-05 00:00:50,862] {dag.py:2379} INFO - Sync 1 DAGs
[2024-10-05 00:00:50,898] {logging_mixin.py:115} INFO - [2024-10-05 00:00:50,898] {dag.py:2927} INFO - Setting next_dagrun for example_time_delta_sensor_async to None, run_after=None
[2024-10-05 00:00:51,836] {processor.py:161} INFO - Processing /home/kennedy/.local/lib/python3.10/site-packages/airflow/example_dags/example_time_delta_sensor_async.py took 1.086 seconds
[2024-10-05 00:02:09,335] {processor.py:153} INFO - Started process (PID=105921) to work on /home/kennedy/.local/lib/python3.10/site-packages/airflow/example_dags/example_time_delta_sensor_async.py
[2024-10-05 00:02:09,348] {processor.py:641} INFO - Processing file /home/kennedy/.local/lib/python3.10/site-packages/airflow/example_dags/example_time_delta_sensor_async.py for tasks to queue
[2024-10-05 00:02:09,350] {logging_mixin.py:115} INFO - [2024-10-05 00:02:09,349] {dagbag.py:507} INFO - Filling up the DagBag from /home/kennedy/.local/lib/python3.10/site-packages/airflow/example_dags/example_time_delta_sensor_async.py
[2024-10-05 00:02:09,371] {processor.py:651} INFO - DAG(s) dict_keys(['example_time_delta_sensor_async']) retrieved from /home/kennedy/.local/lib/python3.10/site-packages/airflow/example_dags/example_time_delta_sensor_async.py
[2024-10-05 00:02:09,443] {logging_mixin.py:115} INFO - [2024-10-05 00:02:09,443] {dag.py:2379} INFO - Sync 1 DAGs
[2024-10-05 00:02:09,479] {logging_mixin.py:115} INFO - [2024-10-05 00:02:09,479] {dag.py:2927} INFO - Setting next_dagrun for example_time_delta_sensor_async to None, run_after=None
[2024-10-05 00:02:10,815] {processor.py:161} INFO - Processing /home/kennedy/.local/lib/python3.10/site-packages/airflow/example_dags/example_time_delta_sensor_async.py took 1.487 seconds
