[2024-10-04 23:32:30,571] {processor.py:153} INFO - Started process (PID=96413) to work on /home/kennedy/.local/lib/python3.10/site-packages/airflow/example_dags/example_trigger_target_dag.py
[2024-10-04 23:32:30,572] {processor.py:641} INFO - Processing file /home/kennedy/.local/lib/python3.10/site-packages/airflow/example_dags/example_trigger_target_dag.py for tasks to queue
[2024-10-04 23:32:30,573] {logging_mixin.py:115} INFO - [2024-10-04 23:32:30,573] {dagbag.py:507} INFO - Filling up the DagBag from /home/kennedy/.local/lib/python3.10/site-packages/airflow/example_dags/example_trigger_target_dag.py
[2024-10-04 23:32:30,629] {processor.py:651} INFO - DAG(s) dict_keys(['example_trigger_target_dag']) retrieved from /home/kennedy/.local/lib/python3.10/site-packages/airflow/example_dags/example_trigger_target_dag.py
[2024-10-04 23:32:35,739] {logging_mixin.py:115} INFO - [2024-10-04 23:32:35,739] {manager.py:508} INFO - Created Permission View: can edit on DAG:example_trigger_target_dag
[2024-10-04 23:32:37,756] {logging_mixin.py:115} INFO - [2024-10-04 23:32:37,756] {manager.py:508} INFO - Created Permission View: can delete on DAG:example_trigger_target_dag
[2024-10-04 23:32:38,562] {logging_mixin.py:115} INFO - [2024-10-04 23:32:38,561] {manager.py:508} INFO - Created Permission View: can read on DAG:example_trigger_target_dag
[2024-10-04 23:32:38,562] {logging_mixin.py:115} INFO - [2024-10-04 23:32:38,562] {dag.py:2379} INFO - Sync 1 DAGs
[2024-10-04 23:32:38,585] {logging_mixin.py:115} INFO - [2024-10-04 23:32:38,585] {dag.py:2398} INFO - Creating ORM DAG for example_trigger_target_dag
[2024-10-04 23:32:38,612] {logging_mixin.py:115} INFO - [2024-10-04 23:32:38,612] {dag.py:2927} INFO - Setting next_dagrun for example_trigger_target_dag to None, run_after=None
[2024-10-04 23:32:39,513] {processor.py:161} INFO - Processing /home/kennedy/.local/lib/python3.10/site-packages/airflow/example_dags/example_trigger_target_dag.py took 8.949 seconds
[2024-10-04 23:34:08,125] {processor.py:153} INFO - Started process (PID=97063) to work on /home/kennedy/.local/lib/python3.10/site-packages/airflow/example_dags/example_trigger_target_dag.py
[2024-10-04 23:34:08,129] {processor.py:641} INFO - Processing file /home/kennedy/.local/lib/python3.10/site-packages/airflow/example_dags/example_trigger_target_dag.py for tasks to queue
[2024-10-04 23:34:08,130] {logging_mixin.py:115} INFO - [2024-10-04 23:34:08,130] {dagbag.py:507} INFO - Filling up the DagBag from /home/kennedy/.local/lib/python3.10/site-packages/airflow/example_dags/example_trigger_target_dag.py
[2024-10-04 23:34:08,189] {processor.py:651} INFO - DAG(s) dict_keys(['example_trigger_target_dag']) retrieved from /home/kennedy/.local/lib/python3.10/site-packages/airflow/example_dags/example_trigger_target_dag.py
[2024-10-04 23:34:08,232] {logging_mixin.py:115} INFO - [2024-10-04 23:34:08,232] {dag.py:2379} INFO - Sync 1 DAGs
[2024-10-04 23:34:08,290] {logging_mixin.py:115} INFO - [2024-10-04 23:34:08,289] {dag.py:2927} INFO - Setting next_dagrun for example_trigger_target_dag to None, run_after=None
[2024-10-04 23:34:08,426] {processor.py:161} INFO - Processing /home/kennedy/.local/lib/python3.10/site-packages/airflow/example_dags/example_trigger_target_dag.py took 0.309 seconds
[2024-10-04 23:34:58,622] {processor.py:153} INFO - Started process (PID=97107) to work on /home/kennedy/.local/lib/python3.10/site-packages/airflow/example_dags/example_trigger_target_dag.py
[2024-10-04 23:34:58,657] {processor.py:641} INFO - Processing file /home/kennedy/.local/lib/python3.10/site-packages/airflow/example_dags/example_trigger_target_dag.py for tasks to queue
[2024-10-04 23:34:58,658] {logging_mixin.py:115} INFO - [2024-10-04 23:34:58,658] {dagbag.py:507} INFO - Filling up the DagBag from /home/kennedy/.local/lib/python3.10/site-packages/airflow/example_dags/example_trigger_target_dag.py
[2024-10-04 23:34:58,720] {processor.py:651} INFO - DAG(s) dict_keys(['example_trigger_target_dag']) retrieved from /home/kennedy/.local/lib/python3.10/site-packages/airflow/example_dags/example_trigger_target_dag.py
[2024-10-04 23:34:58,767] {logging_mixin.py:115} INFO - [2024-10-04 23:34:58,767] {dag.py:2379} INFO - Sync 1 DAGs
[2024-10-04 23:34:58,806] {logging_mixin.py:115} INFO - [2024-10-04 23:34:58,805] {dag.py:2927} INFO - Setting next_dagrun for example_trigger_target_dag to None, run_after=None
[2024-10-04 23:34:58,932] {processor.py:161} INFO - Processing /home/kennedy/.local/lib/python3.10/site-packages/airflow/example_dags/example_trigger_target_dag.py took 0.317 seconds
[2024-10-04 23:35:46,536] {processor.py:153} INFO - Started process (PID=97679) to work on /home/kennedy/.local/lib/python3.10/site-packages/airflow/example_dags/example_trigger_target_dag.py
[2024-10-04 23:35:46,589] {processor.py:641} INFO - Processing file /home/kennedy/.local/lib/python3.10/site-packages/airflow/example_dags/example_trigger_target_dag.py for tasks to queue
[2024-10-04 23:35:46,590] {logging_mixin.py:115} INFO - [2024-10-04 23:35:46,590] {dagbag.py:507} INFO - Filling up the DagBag from /home/kennedy/.local/lib/python3.10/site-packages/airflow/example_dags/example_trigger_target_dag.py
[2024-10-04 23:35:46,628] {processor.py:651} INFO - DAG(s) dict_keys(['example_trigger_target_dag']) retrieved from /home/kennedy/.local/lib/python3.10/site-packages/airflow/example_dags/example_trigger_target_dag.py
[2024-10-04 23:35:46,687] {logging_mixin.py:115} INFO - [2024-10-04 23:35:46,687] {dag.py:2379} INFO - Sync 1 DAGs
[2024-10-04 23:35:46,704] {logging_mixin.py:115} INFO - [2024-10-04 23:35:46,704] {dag.py:2927} INFO - Setting next_dagrun for example_trigger_target_dag to None, run_after=None
[2024-10-04 23:35:47,249] {processor.py:161} INFO - Processing /home/kennedy/.local/lib/python3.10/site-packages/airflow/example_dags/example_trigger_target_dag.py took 0.721 seconds
[2024-10-04 23:37:43,088] {processor.py:153} INFO - Started process (PID=98346) to work on /home/kennedy/.local/lib/python3.10/site-packages/airflow/example_dags/example_trigger_target_dag.py
[2024-10-04 23:37:43,095] {processor.py:641} INFO - Processing file /home/kennedy/.local/lib/python3.10/site-packages/airflow/example_dags/example_trigger_target_dag.py for tasks to queue
[2024-10-04 23:37:43,096] {logging_mixin.py:115} INFO - [2024-10-04 23:37:43,096] {dagbag.py:507} INFO - Filling up the DagBag from /home/kennedy/.local/lib/python3.10/site-packages/airflow/example_dags/example_trigger_target_dag.py
[2024-10-04 23:37:43,143] {processor.py:651} INFO - DAG(s) dict_keys(['example_trigger_target_dag']) retrieved from /home/kennedy/.local/lib/python3.10/site-packages/airflow/example_dags/example_trigger_target_dag.py
[2024-10-04 23:37:43,175] {logging_mixin.py:115} INFO - [2024-10-04 23:37:43,175] {dag.py:2379} INFO - Sync 1 DAGs
[2024-10-04 23:37:43,213] {logging_mixin.py:115} INFO - [2024-10-04 23:37:43,212] {dag.py:2927} INFO - Setting next_dagrun for example_trigger_target_dag to None, run_after=None
[2024-10-04 23:37:44,652] {processor.py:161} INFO - Processing /home/kennedy/.local/lib/python3.10/site-packages/airflow/example_dags/example_trigger_target_dag.py took 1.571 seconds
[2024-10-04 23:39:17,014] {processor.py:153} INFO - Started process (PID=99184) to work on /home/kennedy/KR/Programação/01.Exercícios/DE/Movies/venv/lib/python3.10/site-packages/airflow/example_dags/example_trigger_target_dag.py
[2024-10-04 23:39:17,020] {processor.py:641} INFO - Processing file /home/kennedy/KR/Programação/01.Exercícios/DE/Movies/venv/lib/python3.10/site-packages/airflow/example_dags/example_trigger_target_dag.py for tasks to queue
[2024-10-04 23:39:17,021] {logging_mixin.py:115} INFO - [2024-10-04 23:39:17,021] {dagbag.py:507} INFO - Filling up the DagBag from /home/kennedy/KR/Programação/01.Exercícios/DE/Movies/venv/lib/python3.10/site-packages/airflow/example_dags/example_trigger_target_dag.py
[2024-10-04 23:39:17,062] {processor.py:651} INFO - DAG(s) dict_keys(['example_trigger_target_dag']) retrieved from /home/kennedy/KR/Programação/01.Exercícios/DE/Movies/venv/lib/python3.10/site-packages/airflow/example_dags/example_trigger_target_dag.py
[2024-10-04 23:39:17,163] {logging_mixin.py:115} INFO - [2024-10-04 23:39:17,163] {dag.py:2379} INFO - Sync 1 DAGs
[2024-10-04 23:39:17,202] {logging_mixin.py:115} INFO - [2024-10-04 23:39:17,202] {dag.py:2927} INFO - Setting next_dagrun for example_trigger_target_dag to None, run_after=None
[2024-10-04 23:39:17,700] {processor.py:161} INFO - Processing /home/kennedy/KR/Programação/01.Exercícios/DE/Movies/venv/lib/python3.10/site-packages/airflow/example_dags/example_trigger_target_dag.py took 0.692 seconds
[2024-10-04 23:39:39,060] {processor.py:153} INFO - Started process (PID=99204) to work on /home/kennedy/.local/lib/python3.10/site-packages/airflow/example_dags/example_trigger_target_dag.py
[2024-10-04 23:39:39,097] {processor.py:641} INFO - Processing file /home/kennedy/.local/lib/python3.10/site-packages/airflow/example_dags/example_trigger_target_dag.py for tasks to queue
[2024-10-04 23:39:39,098] {logging_mixin.py:115} INFO - [2024-10-04 23:39:39,097] {dagbag.py:507} INFO - Filling up the DagBag from /home/kennedy/.local/lib/python3.10/site-packages/airflow/example_dags/example_trigger_target_dag.py
[2024-10-04 23:39:39,134] {processor.py:651} INFO - DAG(s) dict_keys(['example_trigger_target_dag']) retrieved from /home/kennedy/.local/lib/python3.10/site-packages/airflow/example_dags/example_trigger_target_dag.py
[2024-10-04 23:39:39,227] {logging_mixin.py:115} INFO - [2024-10-04 23:39:39,227] {dag.py:2379} INFO - Sync 1 DAGs
[2024-10-04 23:39:40,393] {logging_mixin.py:115} INFO - [2024-10-04 23:39:40,393] {dag.py:2927} INFO - Setting next_dagrun for example_trigger_target_dag to None, run_after=None
[2024-10-04 23:39:40,721] {processor.py:161} INFO - Processing /home/kennedy/.local/lib/python3.10/site-packages/airflow/example_dags/example_trigger_target_dag.py took 1.670 seconds
[2024-10-04 23:40:32,298] {processor.py:153} INFO - Started process (PID=99320) to work on /home/kennedy/.local/lib/python3.10/site-packages/airflow/example_dags/example_trigger_target_dag.py
[2024-10-04 23:40:32,321] {processor.py:641} INFO - Processing file /home/kennedy/.local/lib/python3.10/site-packages/airflow/example_dags/example_trigger_target_dag.py for tasks to queue
[2024-10-04 23:40:32,323] {logging_mixin.py:115} INFO - [2024-10-04 23:40:32,323] {dagbag.py:507} INFO - Filling up the DagBag from /home/kennedy/.local/lib/python3.10/site-packages/airflow/example_dags/example_trigger_target_dag.py
[2024-10-04 23:40:32,359] {processor.py:651} INFO - DAG(s) dict_keys(['example_trigger_target_dag']) retrieved from /home/kennedy/.local/lib/python3.10/site-packages/airflow/example_dags/example_trigger_target_dag.py
[2024-10-04 23:40:32,411] {logging_mixin.py:115} INFO - [2024-10-04 23:40:32,411] {dag.py:2379} INFO - Sync 1 DAGs
[2024-10-04 23:40:32,428] {logging_mixin.py:115} INFO - [2024-10-04 23:40:32,428] {dag.py:2927} INFO - Setting next_dagrun for example_trigger_target_dag to None, run_after=None
[2024-10-04 23:40:33,642] {processor.py:161} INFO - Processing /home/kennedy/.local/lib/python3.10/site-packages/airflow/example_dags/example_trigger_target_dag.py took 1.350 seconds
[2024-10-04 23:41:51,973] {processor.py:153} INFO - Started process (PID=99523) to work on /home/kennedy/.local/lib/python3.10/site-packages/airflow/example_dags/example_trigger_target_dag.py
[2024-10-04 23:41:51,975] {processor.py:641} INFO - Processing file /home/kennedy/.local/lib/python3.10/site-packages/airflow/example_dags/example_trigger_target_dag.py for tasks to queue
[2024-10-04 23:41:51,976] {logging_mixin.py:115} INFO - [2024-10-04 23:41:51,976] {dagbag.py:507} INFO - Filling up the DagBag from /home/kennedy/.local/lib/python3.10/site-packages/airflow/example_dags/example_trigger_target_dag.py
[2024-10-04 23:41:52,024] {processor.py:651} INFO - DAG(s) dict_keys(['example_trigger_target_dag']) retrieved from /home/kennedy/.local/lib/python3.10/site-packages/airflow/example_dags/example_trigger_target_dag.py
[2024-10-04 23:41:52,058] {logging_mixin.py:115} INFO - [2024-10-04 23:41:52,058] {dag.py:2379} INFO - Sync 1 DAGs
[2024-10-04 23:41:52,096] {logging_mixin.py:115} INFO - [2024-10-04 23:41:52,095] {dag.py:2927} INFO - Setting next_dagrun for example_trigger_target_dag to None, run_after=None
[2024-10-04 23:41:52,396] {processor.py:161} INFO - Processing /home/kennedy/.local/lib/python3.10/site-packages/airflow/example_dags/example_trigger_target_dag.py took 0.430 seconds
[2024-10-04 23:42:43,664] {processor.py:153} INFO - Started process (PID=99764) to work on /home/kennedy/.local/lib/python3.10/site-packages/airflow/example_dags/example_trigger_target_dag.py
[2024-10-04 23:42:44,635] {processor.py:641} INFO - Processing file /home/kennedy/.local/lib/python3.10/site-packages/airflow/example_dags/example_trigger_target_dag.py for tasks to queue
[2024-10-04 23:42:44,636] {logging_mixin.py:115} INFO - [2024-10-04 23:42:44,636] {dagbag.py:507} INFO - Filling up the DagBag from /home/kennedy/.local/lib/python3.10/site-packages/airflow/example_dags/example_trigger_target_dag.py
[2024-10-04 23:42:44,676] {processor.py:651} INFO - DAG(s) dict_keys(['example_trigger_target_dag']) retrieved from /home/kennedy/.local/lib/python3.10/site-packages/airflow/example_dags/example_trigger_target_dag.py
[2024-10-04 23:42:44,838] {logging_mixin.py:115} INFO - [2024-10-04 23:42:44,837] {dag.py:2379} INFO - Sync 1 DAGs
[2024-10-04 23:42:44,876] {logging_mixin.py:115} INFO - [2024-10-04 23:42:44,876] {dag.py:2927} INFO - Setting next_dagrun for example_trigger_target_dag to None, run_after=None
[2024-10-04 23:42:45,108] {processor.py:161} INFO - Processing /home/kennedy/.local/lib/python3.10/site-packages/airflow/example_dags/example_trigger_target_dag.py took 1.451 seconds
[2024-10-04 23:42:55,045] {processor.py:153} INFO - Started process (PID=99777) to work on /home/kennedy/.local/lib/python3.10/site-packages/airflow/example_dags/example_trigger_target_dag.py
[2024-10-04 23:42:55,052] {processor.py:641} INFO - Processing file /home/kennedy/.local/lib/python3.10/site-packages/airflow/example_dags/example_trigger_target_dag.py for tasks to queue
[2024-10-04 23:42:55,054] {logging_mixin.py:115} INFO - [2024-10-04 23:42:55,053] {dagbag.py:507} INFO - Filling up the DagBag from /home/kennedy/.local/lib/python3.10/site-packages/airflow/example_dags/example_trigger_target_dag.py
[2024-10-04 23:42:55,099] {processor.py:651} INFO - DAG(s) dict_keys(['example_trigger_target_dag']) retrieved from /home/kennedy/.local/lib/python3.10/site-packages/airflow/example_dags/example_trigger_target_dag.py
[2024-10-04 23:42:55,130] {logging_mixin.py:115} INFO - [2024-10-04 23:42:55,130] {dag.py:2379} INFO - Sync 1 DAGs
[2024-10-04 23:42:55,347] {logging_mixin.py:115} INFO - [2024-10-04 23:42:55,347] {dag.py:2927} INFO - Setting next_dagrun for example_trigger_target_dag to None, run_after=None
[2024-10-04 23:42:55,441] {processor.py:161} INFO - Processing /home/kennedy/.local/lib/python3.10/site-packages/airflow/example_dags/example_trigger_target_dag.py took 0.402 seconds
[2024-10-04 23:43:57,927] {processor.py:153} INFO - Started process (PID=99851) to work on /home/kennedy/.local/lib/python3.10/site-packages/airflow/example_dags/example_trigger_target_dag.py
[2024-10-04 23:43:58,375] {processor.py:641} INFO - Processing file /home/kennedy/.local/lib/python3.10/site-packages/airflow/example_dags/example_trigger_target_dag.py for tasks to queue
[2024-10-04 23:43:58,377] {logging_mixin.py:115} INFO - [2024-10-04 23:43:58,376] {dagbag.py:507} INFO - Filling up the DagBag from /home/kennedy/.local/lib/python3.10/site-packages/airflow/example_dags/example_trigger_target_dag.py
[2024-10-04 23:43:58,424] {processor.py:651} INFO - DAG(s) dict_keys(['example_trigger_target_dag']) retrieved from /home/kennedy/.local/lib/python3.10/site-packages/airflow/example_dags/example_trigger_target_dag.py
[2024-10-04 23:43:58,535] {logging_mixin.py:115} INFO - [2024-10-04 23:43:58,535] {dag.py:2379} INFO - Sync 1 DAGs
[2024-10-04 23:43:58,577] {logging_mixin.py:115} INFO - [2024-10-04 23:43:58,577] {dag.py:2927} INFO - Setting next_dagrun for example_trigger_target_dag to None, run_after=None
[2024-10-04 23:43:58,687] {processor.py:161} INFO - Processing /home/kennedy/.local/lib/python3.10/site-packages/airflow/example_dags/example_trigger_target_dag.py took 0.767 seconds
[2024-10-04 23:44:34,584] {processor.py:153} INFO - Started process (PID=99938) to work on /home/kennedy/.local/lib/python3.10/site-packages/airflow/example_dags/example_trigger_target_dag.py
[2024-10-04 23:44:35,753] {processor.py:641} INFO - Processing file /home/kennedy/.local/lib/python3.10/site-packages/airflow/example_dags/example_trigger_target_dag.py for tasks to queue
[2024-10-04 23:44:35,754] {logging_mixin.py:115} INFO - [2024-10-04 23:44:35,754] {dagbag.py:507} INFO - Filling up the DagBag from /home/kennedy/.local/lib/python3.10/site-packages/airflow/example_dags/example_trigger_target_dag.py
[2024-10-04 23:44:35,818] {processor.py:651} INFO - DAG(s) dict_keys(['example_trigger_target_dag']) retrieved from /home/kennedy/.local/lib/python3.10/site-packages/airflow/example_dags/example_trigger_target_dag.py
[2024-10-04 23:44:36,694] {logging_mixin.py:115} INFO - [2024-10-04 23:44:36,694] {dag.py:2379} INFO - Sync 1 DAGs
[2024-10-04 23:44:36,743] {logging_mixin.py:115} INFO - [2024-10-04 23:44:36,743] {dag.py:2927} INFO - Setting next_dagrun for example_trigger_target_dag to None, run_after=None
[2024-10-04 23:44:38,011] {processor.py:161} INFO - Processing /home/kennedy/.local/lib/python3.10/site-packages/airflow/example_dags/example_trigger_target_dag.py took 3.434 seconds
[2024-10-04 23:45:35,728] {processor.py:153} INFO - Started process (PID=100872) to work on /home/kennedy/.local/lib/python3.10/site-packages/airflow/example_dags/example_trigger_target_dag.py
[2024-10-04 23:45:35,771] {processor.py:641} INFO - Processing file /home/kennedy/.local/lib/python3.10/site-packages/airflow/example_dags/example_trigger_target_dag.py for tasks to queue
[2024-10-04 23:45:35,772] {logging_mixin.py:115} INFO - [2024-10-04 23:45:35,772] {dagbag.py:507} INFO - Filling up the DagBag from /home/kennedy/.local/lib/python3.10/site-packages/airflow/example_dags/example_trigger_target_dag.py
[2024-10-04 23:45:35,825] {processor.py:651} INFO - DAG(s) dict_keys(['example_trigger_target_dag']) retrieved from /home/kennedy/.local/lib/python3.10/site-packages/airflow/example_dags/example_trigger_target_dag.py
[2024-10-04 23:45:35,917] {logging_mixin.py:115} INFO - [2024-10-04 23:45:35,916] {dag.py:2379} INFO - Sync 1 DAGs
[2024-10-04 23:45:35,947] {logging_mixin.py:115} INFO - [2024-10-04 23:45:35,947] {dag.py:2927} INFO - Setting next_dagrun for example_trigger_target_dag to None, run_after=None
[2024-10-04 23:45:37,763] {processor.py:161} INFO - Processing /home/kennedy/.local/lib/python3.10/site-packages/airflow/example_dags/example_trigger_target_dag.py took 2.041 seconds
[2024-10-04 23:46:44,556] {processor.py:153} INFO - Started process (PID=101139) to work on /home/kennedy/.local/lib/python3.10/site-packages/airflow/example_dags/example_trigger_target_dag.py
[2024-10-04 23:46:44,557] {processor.py:641} INFO - Processing file /home/kennedy/.local/lib/python3.10/site-packages/airflow/example_dags/example_trigger_target_dag.py for tasks to queue
[2024-10-04 23:46:44,557] {logging_mixin.py:115} INFO - [2024-10-04 23:46:44,557] {dagbag.py:507} INFO - Filling up the DagBag from /home/kennedy/.local/lib/python3.10/site-packages/airflow/example_dags/example_trigger_target_dag.py
[2024-10-04 23:46:44,577] {processor.py:651} INFO - DAG(s) dict_keys(['example_trigger_target_dag']) retrieved from /home/kennedy/.local/lib/python3.10/site-packages/airflow/example_dags/example_trigger_target_dag.py
[2024-10-04 23:46:44,591] {logging_mixin.py:115} INFO - [2024-10-04 23:46:44,591] {dag.py:2379} INFO - Sync 1 DAGs
[2024-10-04 23:46:44,606] {logging_mixin.py:115} INFO - [2024-10-04 23:46:44,606] {dag.py:2927} INFO - Setting next_dagrun for example_trigger_target_dag to None, run_after=None
[2024-10-04 23:46:44,718] {processor.py:161} INFO - Processing /home/kennedy/.local/lib/python3.10/site-packages/airflow/example_dags/example_trigger_target_dag.py took 0.165 seconds
[2024-10-04 23:47:42,826] {processor.py:153} INFO - Started process (PID=101397) to work on /home/kennedy/.local/lib/python3.10/site-packages/airflow/example_dags/example_trigger_target_dag.py
[2024-10-04 23:47:42,827] {processor.py:641} INFO - Processing file /home/kennedy/.local/lib/python3.10/site-packages/airflow/example_dags/example_trigger_target_dag.py for tasks to queue
[2024-10-04 23:47:42,827] {logging_mixin.py:115} INFO - [2024-10-04 23:47:42,827] {dagbag.py:507} INFO - Filling up the DagBag from /home/kennedy/.local/lib/python3.10/site-packages/airflow/example_dags/example_trigger_target_dag.py
[2024-10-04 23:47:42,841] {processor.py:651} INFO - DAG(s) dict_keys(['example_trigger_target_dag']) retrieved from /home/kennedy/.local/lib/python3.10/site-packages/airflow/example_dags/example_trigger_target_dag.py
[2024-10-04 23:47:42,852] {logging_mixin.py:115} INFO - [2024-10-04 23:47:42,852] {dag.py:2379} INFO - Sync 1 DAGs
[2024-10-04 23:47:42,863] {logging_mixin.py:115} INFO - [2024-10-04 23:47:42,863] {dag.py:2927} INFO - Setting next_dagrun for example_trigger_target_dag to None, run_after=None
[2024-10-04 23:47:43,951] {processor.py:161} INFO - Processing /home/kennedy/.local/lib/python3.10/site-packages/airflow/example_dags/example_trigger_target_dag.py took 1.127 seconds
[2024-10-04 23:49:48,213] {processor.py:153} INFO - Started process (PID=102362) to work on /home/kennedy/.local/lib/python3.10/site-packages/airflow/example_dags/example_trigger_target_dag.py
[2024-10-04 23:49:48,472] {processor.py:641} INFO - Processing file /home/kennedy/.local/lib/python3.10/site-packages/airflow/example_dags/example_trigger_target_dag.py for tasks to queue
[2024-10-04 23:49:48,473] {logging_mixin.py:115} INFO - [2024-10-04 23:49:48,473] {dagbag.py:507} INFO - Filling up the DagBag from /home/kennedy/.local/lib/python3.10/site-packages/airflow/example_dags/example_trigger_target_dag.py
[2024-10-04 23:49:48,518] {processor.py:651} INFO - DAG(s) dict_keys(['example_trigger_target_dag']) retrieved from /home/kennedy/.local/lib/python3.10/site-packages/airflow/example_dags/example_trigger_target_dag.py
[2024-10-04 23:49:48,608] {logging_mixin.py:115} INFO - [2024-10-04 23:49:48,608] {dag.py:2379} INFO - Sync 1 DAGs
[2024-10-04 23:49:48,638] {logging_mixin.py:115} INFO - [2024-10-04 23:49:48,638] {dag.py:2927} INFO - Setting next_dagrun for example_trigger_target_dag to None, run_after=None
[2024-10-04 23:49:49,100] {processor.py:161} INFO - Processing /home/kennedy/.local/lib/python3.10/site-packages/airflow/example_dags/example_trigger_target_dag.py took 0.895 seconds
[2024-10-04 23:50:54,402] {processor.py:153} INFO - Started process (PID=102607) to work on /home/kennedy/.local/lib/python3.10/site-packages/airflow/example_dags/example_trigger_target_dag.py
[2024-10-04 23:50:54,669] {processor.py:641} INFO - Processing file /home/kennedy/.local/lib/python3.10/site-packages/airflow/example_dags/example_trigger_target_dag.py for tasks to queue
[2024-10-04 23:50:54,671] {logging_mixin.py:115} INFO - [2024-10-04 23:50:54,670] {dagbag.py:507} INFO - Filling up the DagBag from /home/kennedy/.local/lib/python3.10/site-packages/airflow/example_dags/example_trigger_target_dag.py
[2024-10-04 23:50:54,721] {processor.py:651} INFO - DAG(s) dict_keys(['example_trigger_target_dag']) retrieved from /home/kennedy/.local/lib/python3.10/site-packages/airflow/example_dags/example_trigger_target_dag.py
[2024-10-04 23:50:54,763] {logging_mixin.py:115} INFO - [2024-10-04 23:50:54,763] {dag.py:2379} INFO - Sync 1 DAGs
[2024-10-04 23:50:54,810] {logging_mixin.py:115} INFO - [2024-10-04 23:50:54,810] {dag.py:2927} INFO - Setting next_dagrun for example_trigger_target_dag to None, run_after=None
[2024-10-04 23:50:56,168] {processor.py:161} INFO - Processing /home/kennedy/.local/lib/python3.10/site-packages/airflow/example_dags/example_trigger_target_dag.py took 1.768 seconds
[2024-10-04 23:51:50,909] {processor.py:153} INFO - Started process (PID=102698) to work on /home/kennedy/.local/lib/python3.10/site-packages/airflow/example_dags/example_trigger_target_dag.py
[2024-10-04 23:51:50,921] {processor.py:641} INFO - Processing file /home/kennedy/.local/lib/python3.10/site-packages/airflow/example_dags/example_trigger_target_dag.py for tasks to queue
[2024-10-04 23:51:50,922] {logging_mixin.py:115} INFO - [2024-10-04 23:51:50,922] {dagbag.py:507} INFO - Filling up the DagBag from /home/kennedy/.local/lib/python3.10/site-packages/airflow/example_dags/example_trigger_target_dag.py
[2024-10-04 23:51:50,965] {processor.py:651} INFO - DAG(s) dict_keys(['example_trigger_target_dag']) retrieved from /home/kennedy/.local/lib/python3.10/site-packages/airflow/example_dags/example_trigger_target_dag.py
[2024-10-04 23:51:50,996] {logging_mixin.py:115} INFO - [2024-10-04 23:51:50,996] {dag.py:2379} INFO - Sync 1 DAGs
[2024-10-04 23:51:51,034] {logging_mixin.py:115} INFO - [2024-10-04 23:51:51,034] {dag.py:2927} INFO - Setting next_dagrun for example_trigger_target_dag to None, run_after=None
[2024-10-04 23:51:51,875] {processor.py:161} INFO - Processing /home/kennedy/.local/lib/python3.10/site-packages/airflow/example_dags/example_trigger_target_dag.py took 0.973 seconds
[2024-10-04 23:53:16,200] {processor.py:153} INFO - Started process (PID=102914) to work on /home/kennedy/.local/lib/python3.10/site-packages/airflow/example_dags/example_trigger_target_dag.py
[2024-10-04 23:53:16,215] {processor.py:641} INFO - Processing file /home/kennedy/.local/lib/python3.10/site-packages/airflow/example_dags/example_trigger_target_dag.py for tasks to queue
[2024-10-04 23:53:16,217] {logging_mixin.py:115} INFO - [2024-10-04 23:53:16,216] {dagbag.py:507} INFO - Filling up the DagBag from /home/kennedy/.local/lib/python3.10/site-packages/airflow/example_dags/example_trigger_target_dag.py
[2024-10-04 23:53:16,262] {processor.py:651} INFO - DAG(s) dict_keys(['example_trigger_target_dag']) retrieved from /home/kennedy/.local/lib/python3.10/site-packages/airflow/example_dags/example_trigger_target_dag.py
[2024-10-04 23:53:16,292] {logging_mixin.py:115} INFO - [2024-10-04 23:53:16,292] {dag.py:2379} INFO - Sync 1 DAGs
[2024-10-04 23:53:16,328] {logging_mixin.py:115} INFO - [2024-10-04 23:53:16,328] {dag.py:2927} INFO - Setting next_dagrun for example_trigger_target_dag to None, run_after=None
[2024-10-04 23:53:17,250] {processor.py:161} INFO - Processing /home/kennedy/.local/lib/python3.10/site-packages/airflow/example_dags/example_trigger_target_dag.py took 1.057 seconds
[2024-10-04 23:55:06,830] {processor.py:153} INFO - Started process (PID=103924) to work on /home/kennedy/.local/lib/python3.10/site-packages/airflow/example_dags/example_trigger_target_dag.py
[2024-10-04 23:55:06,869] {processor.py:641} INFO - Processing file /home/kennedy/.local/lib/python3.10/site-packages/airflow/example_dags/example_trigger_target_dag.py for tasks to queue
[2024-10-04 23:55:06,870] {logging_mixin.py:115} INFO - [2024-10-04 23:55:06,870] {dagbag.py:507} INFO - Filling up the DagBag from /home/kennedy/.local/lib/python3.10/site-packages/airflow/example_dags/example_trigger_target_dag.py
[2024-10-04 23:55:06,917] {processor.py:651} INFO - DAG(s) dict_keys(['example_trigger_target_dag']) retrieved from /home/kennedy/.local/lib/python3.10/site-packages/airflow/example_dags/example_trigger_target_dag.py
[2024-10-04 23:55:06,948] {logging_mixin.py:115} INFO - [2024-10-04 23:55:06,948] {dag.py:2379} INFO - Sync 1 DAGs
[2024-10-04 23:55:06,986] {logging_mixin.py:115} INFO - [2024-10-04 23:55:06,986] {dag.py:2927} INFO - Setting next_dagrun for example_trigger_target_dag to None, run_after=None
[2024-10-04 23:55:07,260] {processor.py:161} INFO - Processing /home/kennedy/.local/lib/python3.10/site-packages/airflow/example_dags/example_trigger_target_dag.py took 0.438 seconds
[2024-10-04 23:57:05,073] {processor.py:153} INFO - Started process (PID=105132) to work on /home/kennedy/.local/lib/python3.10/site-packages/airflow/example_dags/example_trigger_target_dag.py
[2024-10-04 23:57:05,580] {processor.py:641} INFO - Processing file /home/kennedy/.local/lib/python3.10/site-packages/airflow/example_dags/example_trigger_target_dag.py for tasks to queue
[2024-10-04 23:57:05,581] {logging_mixin.py:115} INFO - [2024-10-04 23:57:05,581] {dagbag.py:507} INFO - Filling up the DagBag from /home/kennedy/.local/lib/python3.10/site-packages/airflow/example_dags/example_trigger_target_dag.py
[2024-10-04 23:57:05,622] {processor.py:651} INFO - DAG(s) dict_keys(['example_trigger_target_dag']) retrieved from /home/kennedy/.local/lib/python3.10/site-packages/airflow/example_dags/example_trigger_target_dag.py
[2024-10-04 23:57:05,650] {logging_mixin.py:115} INFO - [2024-10-04 23:57:05,650] {dag.py:2379} INFO - Sync 1 DAGs
[2024-10-04 23:57:05,684] {logging_mixin.py:115} INFO - [2024-10-04 23:57:05,683] {dag.py:2927} INFO - Setting next_dagrun for example_trigger_target_dag to None, run_after=None
[2024-10-04 23:57:06,978] {processor.py:161} INFO - Processing /home/kennedy/.local/lib/python3.10/site-packages/airflow/example_dags/example_trigger_target_dag.py took 1.908 seconds
[2024-10-04 23:58:00,971] {processor.py:153} INFO - Started process (PID=105242) to work on /home/kennedy/.local/lib/python3.10/site-packages/airflow/example_dags/example_trigger_target_dag.py
[2024-10-04 23:58:01,012] {processor.py:641} INFO - Processing file /home/kennedy/.local/lib/python3.10/site-packages/airflow/example_dags/example_trigger_target_dag.py for tasks to queue
[2024-10-04 23:58:01,013] {logging_mixin.py:115} INFO - [2024-10-04 23:58:01,013] {dagbag.py:507} INFO - Filling up the DagBag from /home/kennedy/.local/lib/python3.10/site-packages/airflow/example_dags/example_trigger_target_dag.py
[2024-10-04 23:58:01,062] {processor.py:651} INFO - DAG(s) dict_keys(['example_trigger_target_dag']) retrieved from /home/kennedy/.local/lib/python3.10/site-packages/airflow/example_dags/example_trigger_target_dag.py
[2024-10-04 23:58:01,094] {logging_mixin.py:115} INFO - [2024-10-04 23:58:01,093] {dag.py:2379} INFO - Sync 1 DAGs
[2024-10-04 23:58:01,130] {logging_mixin.py:115} INFO - [2024-10-04 23:58:01,130] {dag.py:2927} INFO - Setting next_dagrun for example_trigger_target_dag to None, run_after=None
[2024-10-04 23:58:02,197] {processor.py:161} INFO - Processing /home/kennedy/.local/lib/python3.10/site-packages/airflow/example_dags/example_trigger_target_dag.py took 1.233 seconds
[2024-10-04 23:59:01,443] {processor.py:153} INFO - Started process (PID=105330) to work on /home/kennedy/.local/lib/python3.10/site-packages/airflow/example_dags/example_trigger_target_dag.py
[2024-10-04 23:59:02,749] {processor.py:641} INFO - Processing file /home/kennedy/.local/lib/python3.10/site-packages/airflow/example_dags/example_trigger_target_dag.py for tasks to queue
[2024-10-04 23:59:02,750] {logging_mixin.py:115} INFO - [2024-10-04 23:59:02,750] {dagbag.py:507} INFO - Filling up the DagBag from /home/kennedy/.local/lib/python3.10/site-packages/airflow/example_dags/example_trigger_target_dag.py
[2024-10-04 23:59:02,802] {processor.py:651} INFO - DAG(s) dict_keys(['example_trigger_target_dag']) retrieved from /home/kennedy/.local/lib/python3.10/site-packages/airflow/example_dags/example_trigger_target_dag.py
[2024-10-04 23:59:02,835] {logging_mixin.py:115} INFO - [2024-10-04 23:59:02,835] {dag.py:2379} INFO - Sync 1 DAGs
[2024-10-04 23:59:02,874] {logging_mixin.py:115} INFO - [2024-10-04 23:59:02,874] {dag.py:2927} INFO - Setting next_dagrun for example_trigger_target_dag to None, run_after=None
[2024-10-04 23:59:03,186] {processor.py:161} INFO - Processing /home/kennedy/.local/lib/python3.10/site-packages/airflow/example_dags/example_trigger_target_dag.py took 1.748 seconds
[2024-10-05 00:00:01,273] {processor.py:153} INFO - Started process (PID=105487) to work on /home/kennedy/.local/lib/python3.10/site-packages/airflow/example_dags/example_trigger_target_dag.py
[2024-10-05 00:00:01,276] {processor.py:641} INFO - Processing file /home/kennedy/.local/lib/python3.10/site-packages/airflow/example_dags/example_trigger_target_dag.py for tasks to queue
[2024-10-05 00:00:01,277] {logging_mixin.py:115} INFO - [2024-10-05 00:00:01,277] {dagbag.py:507} INFO - Filling up the DagBag from /home/kennedy/.local/lib/python3.10/site-packages/airflow/example_dags/example_trigger_target_dag.py
[2024-10-05 00:00:01,317] {processor.py:651} INFO - DAG(s) dict_keys(['example_trigger_target_dag']) retrieved from /home/kennedy/.local/lib/python3.10/site-packages/airflow/example_dags/example_trigger_target_dag.py
[2024-10-05 00:00:01,337] {logging_mixin.py:115} INFO - [2024-10-05 00:00:01,337] {dag.py:2379} INFO - Sync 1 DAGs
[2024-10-05 00:00:01,362] {logging_mixin.py:115} INFO - [2024-10-05 00:00:01,361] {dag.py:2927} INFO - Setting next_dagrun for example_trigger_target_dag to None, run_after=None
[2024-10-05 00:00:03,323] {processor.py:161} INFO - Processing /home/kennedy/.local/lib/python3.10/site-packages/airflow/example_dags/example_trigger_target_dag.py took 2.056 seconds
[2024-10-05 00:01:32,558] {processor.py:153} INFO - Started process (PID=105838) to work on /home/kennedy/.local/lib/python3.10/site-packages/airflow/example_dags/example_trigger_target_dag.py
[2024-10-05 00:01:32,571] {processor.py:641} INFO - Processing file /home/kennedy/.local/lib/python3.10/site-packages/airflow/example_dags/example_trigger_target_dag.py for tasks to queue
[2024-10-05 00:01:32,573] {logging_mixin.py:115} INFO - [2024-10-05 00:01:32,573] {dagbag.py:507} INFO - Filling up the DagBag from /home/kennedy/.local/lib/python3.10/site-packages/airflow/example_dags/example_trigger_target_dag.py
[2024-10-05 00:01:32,620] {processor.py:651} INFO - DAG(s) dict_keys(['example_trigger_target_dag']) retrieved from /home/kennedy/.local/lib/python3.10/site-packages/airflow/example_dags/example_trigger_target_dag.py
[2024-10-05 00:01:32,652] {logging_mixin.py:115} INFO - [2024-10-05 00:01:32,652] {dag.py:2379} INFO - Sync 1 DAGs
[2024-10-05 00:01:32,696] {logging_mixin.py:115} INFO - [2024-10-05 00:01:32,696] {dag.py:2927} INFO - Setting next_dagrun for example_trigger_target_dag to None, run_after=None
[2024-10-05 00:01:32,802] {processor.py:161} INFO - Processing /home/kennedy/.local/lib/python3.10/site-packages/airflow/example_dags/example_trigger_target_dag.py took 0.251 seconds
