[2024-10-04 23:32:10,371] {processor.py:153} INFO - Started process (PID=96194) to work on /home/kennedy/.local/lib/python3.10/site-packages/airflow/example_dags/example_xcomargs.py
[2024-10-04 23:32:10,372] {processor.py:641} INFO - Processing file /home/kennedy/.local/lib/python3.10/site-packages/airflow/example_dags/example_xcomargs.py for tasks to queue
[2024-10-04 23:32:10,372] {logging_mixin.py:115} INFO - [2024-10-04 23:32:10,372] {dagbag.py:507} INFO - Filling up the DagBag from /home/kennedy/.local/lib/python3.10/site-packages/airflow/example_dags/example_xcomargs.py
[2024-10-04 23:32:10,408] {processor.py:651} INFO - DAG(s) dict_keys(['example_xcom_args', 'example_xcom_args_with_operators']) retrieved from /home/kennedy/.local/lib/python3.10/site-packages/airflow/example_dags/example_xcomargs.py
[2024-10-04 23:32:11,721] {logging_mixin.py:115} INFO - [2024-10-04 23:32:11,721] {manager.py:508} INFO - Created Permission View: can edit on DAG:example_xcom_args
[2024-10-04 23:32:11,875] {logging_mixin.py:115} INFO - [2024-10-04 23:32:11,875] {manager.py:508} INFO - Created Permission View: can delete on DAG:example_xcom_args
[2024-10-04 23:32:11,998] {logging_mixin.py:115} INFO - [2024-10-04 23:32:11,998] {manager.py:508} INFO - Created Permission View: can read on DAG:example_xcom_args
[2024-10-04 23:32:12,705] {logging_mixin.py:115} INFO - [2024-10-04 23:32:12,705] {manager.py:508} INFO - Created Permission View: can edit on DAG:example_xcom_args_with_operators
[2024-10-04 23:32:12,819] {logging_mixin.py:115} INFO - [2024-10-04 23:32:12,819] {manager.py:508} INFO - Created Permission View: can delete on DAG:example_xcom_args_with_operators
[2024-10-04 23:32:12,933] {logging_mixin.py:115} INFO - [2024-10-04 23:32:12,932] {manager.py:508} INFO - Created Permission View: can read on DAG:example_xcom_args_with_operators
[2024-10-04 23:32:12,933] {logging_mixin.py:115} INFO - [2024-10-04 23:32:12,933] {dag.py:2379} INFO - Sync 2 DAGs
[2024-10-04 23:32:12,950] {logging_mixin.py:115} INFO - [2024-10-04 23:32:12,950] {dag.py:2398} INFO - Creating ORM DAG for example_xcom_args_with_operators
[2024-10-04 23:32:12,951] {logging_mixin.py:115} INFO - [2024-10-04 23:32:12,951] {dag.py:2398} INFO - Creating ORM DAG for example_xcom_args
[2024-10-04 23:32:12,982] {logging_mixin.py:115} INFO - [2024-10-04 23:32:12,982] {dag.py:2927} INFO - Setting next_dagrun for example_xcom_args to None, run_after=None
[2024-10-04 23:32:12,984] {logging_mixin.py:115} INFO - [2024-10-04 23:32:12,984] {dag.py:2927} INFO - Setting next_dagrun for example_xcom_args_with_operators to None, run_after=None
[2024-10-04 23:32:13,177] {processor.py:161} INFO - Processing /home/kennedy/.local/lib/python3.10/site-packages/airflow/example_dags/example_xcomargs.py took 2.811 seconds
[2024-10-04 23:34:00,185] {processor.py:153} INFO - Started process (PID=97058) to work on /home/kennedy/.local/lib/python3.10/site-packages/airflow/example_dags/example_xcomargs.py
[2024-10-04 23:34:00,195] {processor.py:641} INFO - Processing file /home/kennedy/.local/lib/python3.10/site-packages/airflow/example_dags/example_xcomargs.py for tasks to queue
[2024-10-04 23:34:00,196] {logging_mixin.py:115} INFO - [2024-10-04 23:34:00,196] {dagbag.py:507} INFO - Filling up the DagBag from /home/kennedy/.local/lib/python3.10/site-packages/airflow/example_dags/example_xcomargs.py
[2024-10-04 23:34:00,253] {processor.py:651} INFO - DAG(s) dict_keys(['example_xcom_args', 'example_xcom_args_with_operators']) retrieved from /home/kennedy/.local/lib/python3.10/site-packages/airflow/example_dags/example_xcomargs.py
[2024-10-04 23:34:00,368] {logging_mixin.py:115} INFO - [2024-10-04 23:34:00,368] {dag.py:2379} INFO - Sync 2 DAGs
[2024-10-04 23:34:00,400] {logging_mixin.py:115} INFO - [2024-10-04 23:34:00,399] {dag.py:2927} INFO - Setting next_dagrun for example_xcom_args to None, run_after=None
[2024-10-04 23:34:00,400] {logging_mixin.py:115} INFO - [2024-10-04 23:34:00,400] {dag.py:2927} INFO - Setting next_dagrun for example_xcom_args_with_operators to None, run_after=None
[2024-10-04 23:34:00,555] {processor.py:161} INFO - Processing /home/kennedy/.local/lib/python3.10/site-packages/airflow/example_dags/example_xcomargs.py took 0.379 seconds
[2024-10-04 23:34:49,004] {processor.py:153} INFO - Started process (PID=97102) to work on /home/kennedy/.local/lib/python3.10/site-packages/airflow/example_dags/example_xcomargs.py
[2024-10-04 23:34:49,019] {processor.py:641} INFO - Processing file /home/kennedy/.local/lib/python3.10/site-packages/airflow/example_dags/example_xcomargs.py for tasks to queue
[2024-10-04 23:34:49,021] {logging_mixin.py:115} INFO - [2024-10-04 23:34:49,020] {dagbag.py:507} INFO - Filling up the DagBag from /home/kennedy/.local/lib/python3.10/site-packages/airflow/example_dags/example_xcomargs.py
[2024-10-04 23:34:49,085] {processor.py:651} INFO - DAG(s) dict_keys(['example_xcom_args', 'example_xcom_args_with_operators']) retrieved from /home/kennedy/.local/lib/python3.10/site-packages/airflow/example_dags/example_xcomargs.py
[2024-10-04 23:34:49,202] {logging_mixin.py:115} INFO - [2024-10-04 23:34:49,202] {dag.py:2379} INFO - Sync 2 DAGs
[2024-10-04 23:34:49,238] {logging_mixin.py:115} INFO - [2024-10-04 23:34:49,238] {dag.py:2927} INFO - Setting next_dagrun for example_xcom_args to None, run_after=None
[2024-10-04 23:34:49,239] {logging_mixin.py:115} INFO - [2024-10-04 23:34:49,239] {dag.py:2927} INFO - Setting next_dagrun for example_xcom_args_with_operators to None, run_after=None
[2024-10-04 23:34:49,362] {processor.py:161} INFO - Processing /home/kennedy/.local/lib/python3.10/site-packages/airflow/example_dags/example_xcomargs.py took 0.365 seconds
[2024-10-04 23:35:36,070] {processor.py:153} INFO - Started process (PID=97353) to work on /home/kennedy/.local/lib/python3.10/site-packages/airflow/example_dags/example_xcomargs.py
[2024-10-04 23:35:36,314] {processor.py:641} INFO - Processing file /home/kennedy/.local/lib/python3.10/site-packages/airflow/example_dags/example_xcomargs.py for tasks to queue
[2024-10-04 23:35:36,315] {logging_mixin.py:115} INFO - [2024-10-04 23:35:36,315] {dagbag.py:507} INFO - Filling up the DagBag from /home/kennedy/.local/lib/python3.10/site-packages/airflow/example_dags/example_xcomargs.py
[2024-10-04 23:35:36,364] {processor.py:651} INFO - DAG(s) dict_keys(['example_xcom_args', 'example_xcom_args_with_operators']) retrieved from /home/kennedy/.local/lib/python3.10/site-packages/airflow/example_dags/example_xcomargs.py
[2024-10-04 23:35:36,469] {logging_mixin.py:115} INFO - [2024-10-04 23:35:36,469] {dag.py:2379} INFO - Sync 2 DAGs
[2024-10-04 23:35:36,498] {logging_mixin.py:115} INFO - [2024-10-04 23:35:36,498] {dag.py:2927} INFO - Setting next_dagrun for example_xcom_args to None, run_after=None
[2024-10-04 23:35:36,499] {logging_mixin.py:115} INFO - [2024-10-04 23:35:36,499] {dag.py:2927} INFO - Setting next_dagrun for example_xcom_args_with_operators to None, run_after=None
[2024-10-04 23:35:37,177] {processor.py:161} INFO - Processing /home/kennedy/.local/lib/python3.10/site-packages/airflow/example_dags/example_xcomargs.py took 1.115 seconds
[2024-10-04 23:36:25,369] {processor.py:153} INFO - Started process (PID=98198) to work on /home/kennedy/.local/lib/python3.10/site-packages/airflow/example_dags/example_xcomargs.py
[2024-10-04 23:36:25,456] {processor.py:641} INFO - Processing file /home/kennedy/.local/lib/python3.10/site-packages/airflow/example_dags/example_xcomargs.py for tasks to queue
[2024-10-04 23:36:25,457] {logging_mixin.py:115} INFO - [2024-10-04 23:36:25,457] {dagbag.py:507} INFO - Filling up the DagBag from /home/kennedy/.local/lib/python3.10/site-packages/airflow/example_dags/example_xcomargs.py
[2024-10-04 23:36:25,513] {processor.py:651} INFO - DAG(s) dict_keys(['example_xcom_args', 'example_xcom_args_with_operators']) retrieved from /home/kennedy/.local/lib/python3.10/site-packages/airflow/example_dags/example_xcomargs.py
[2024-10-04 23:36:25,552] {logging_mixin.py:115} INFO - [2024-10-04 23:36:25,552] {dag.py:2379} INFO - Sync 2 DAGs
[2024-10-04 23:36:25,593] {logging_mixin.py:115} INFO - [2024-10-04 23:36:25,593] {dag.py:2927} INFO - Setting next_dagrun for example_xcom_args to None, run_after=None
[2024-10-04 23:36:25,594] {logging_mixin.py:115} INFO - [2024-10-04 23:36:25,593] {dag.py:2927} INFO - Setting next_dagrun for example_xcom_args_with_operators to None, run_after=None
[2024-10-04 23:36:26,493] {processor.py:161} INFO - Processing /home/kennedy/.local/lib/python3.10/site-packages/airflow/example_dags/example_xcomargs.py took 1.131 seconds
[2024-10-04 23:37:28,576] {processor.py:153} INFO - Started process (PID=98330) to work on /home/kennedy/.local/lib/python3.10/site-packages/airflow/example_dags/example_xcomargs.py
[2024-10-04 23:37:28,586] {processor.py:641} INFO - Processing file /home/kennedy/.local/lib/python3.10/site-packages/airflow/example_dags/example_xcomargs.py for tasks to queue
[2024-10-04 23:37:28,587] {logging_mixin.py:115} INFO - [2024-10-04 23:37:28,587] {dagbag.py:507} INFO - Filling up the DagBag from /home/kennedy/.local/lib/python3.10/site-packages/airflow/example_dags/example_xcomargs.py
[2024-10-04 23:37:28,637] {processor.py:651} INFO - DAG(s) dict_keys(['example_xcom_args', 'example_xcom_args_with_operators']) retrieved from /home/kennedy/.local/lib/python3.10/site-packages/airflow/example_dags/example_xcomargs.py
[2024-10-04 23:37:28,735] {logging_mixin.py:115} INFO - [2024-10-04 23:37:28,735] {dag.py:2379} INFO - Sync 2 DAGs
[2024-10-04 23:37:28,766] {logging_mixin.py:115} INFO - [2024-10-04 23:37:28,766] {dag.py:2927} INFO - Setting next_dagrun for example_xcom_args to None, run_after=None
[2024-10-04 23:37:28,767] {logging_mixin.py:115} INFO - [2024-10-04 23:37:28,766] {dag.py:2927} INFO - Setting next_dagrun for example_xcom_args_with_operators to None, run_after=None
[2024-10-04 23:37:30,956] {processor.py:161} INFO - Processing /home/kennedy/.local/lib/python3.10/site-packages/airflow/example_dags/example_xcomargs.py took 2.386 seconds
[2024-10-04 23:38:26,603] {processor.py:153} INFO - Started process (PID=98498) to work on /home/kennedy/.local/lib/python3.10/site-packages/airflow/example_dags/example_xcomargs.py
[2024-10-04 23:38:26,616] {processor.py:641} INFO - Processing file /home/kennedy/.local/lib/python3.10/site-packages/airflow/example_dags/example_xcomargs.py for tasks to queue
[2024-10-04 23:38:26,617] {logging_mixin.py:115} INFO - [2024-10-04 23:38:26,617] {dagbag.py:507} INFO - Filling up the DagBag from /home/kennedy/.local/lib/python3.10/site-packages/airflow/example_dags/example_xcomargs.py
[2024-10-04 23:38:26,668] {processor.py:651} INFO - DAG(s) dict_keys(['example_xcom_args', 'example_xcom_args_with_operators']) retrieved from /home/kennedy/.local/lib/python3.10/site-packages/airflow/example_dags/example_xcomargs.py
[2024-10-04 23:38:29,043] {logging_mixin.py:115} INFO - [2024-10-04 23:38:29,042] {dag.py:2379} INFO - Sync 2 DAGs
[2024-10-04 23:38:29,074] {logging_mixin.py:115} INFO - [2024-10-04 23:38:29,074] {dag.py:2927} INFO - Setting next_dagrun for example_xcom_args to None, run_after=None
[2024-10-04 23:38:29,075] {logging_mixin.py:115} INFO - [2024-10-04 23:38:29,075] {dag.py:2927} INFO - Setting next_dagrun for example_xcom_args_with_operators to None, run_after=None
[2024-10-04 23:38:29,210] {processor.py:161} INFO - Processing /home/kennedy/.local/lib/python3.10/site-packages/airflow/example_dags/example_xcomargs.py took 2.613 seconds
[2024-10-04 23:39:07,559] {processor.py:153} INFO - Started process (PID=99176) to work on /home/kennedy/KR/Programação/01.Exercícios/DE/Movies/venv/lib/python3.10/site-packages/airflow/example_dags/example_xcomargs.py
[2024-10-04 23:39:07,573] {processor.py:641} INFO - Processing file /home/kennedy/KR/Programação/01.Exercícios/DE/Movies/venv/lib/python3.10/site-packages/airflow/example_dags/example_xcomargs.py for tasks to queue
[2024-10-04 23:39:07,575] {logging_mixin.py:115} INFO - [2024-10-04 23:39:07,574] {dagbag.py:507} INFO - Filling up the DagBag from /home/kennedy/KR/Programação/01.Exercícios/DE/Movies/venv/lib/python3.10/site-packages/airflow/example_dags/example_xcomargs.py
[2024-10-04 23:39:07,619] {processor.py:651} INFO - DAG(s) dict_keys(['example_xcom_args', 'example_xcom_args_with_operators']) retrieved from /home/kennedy/KR/Programação/01.Exercícios/DE/Movies/venv/lib/python3.10/site-packages/airflow/example_dags/example_xcomargs.py
[2024-10-04 23:39:07,916] {logging_mixin.py:115} INFO - [2024-10-04 23:39:07,915] {dag.py:2379} INFO - Sync 2 DAGs
[2024-10-04 23:39:07,971] {logging_mixin.py:115} INFO - [2024-10-04 23:39:07,971] {dag.py:2927} INFO - Setting next_dagrun for example_xcom_args to None, run_after=None
[2024-10-04 23:39:07,972] {logging_mixin.py:115} INFO - [2024-10-04 23:39:07,972] {dag.py:2927} INFO - Setting next_dagrun for example_xcom_args_with_operators to None, run_after=None
[2024-10-04 23:39:09,456] {processor.py:161} INFO - Processing /home/kennedy/KR/Programação/01.Exercícios/DE/Movies/venv/lib/python3.10/site-packages/airflow/example_dags/example_xcomargs.py took 1.904 seconds
[2024-10-04 23:39:26,703] {processor.py:153} INFO - Started process (PID=99194) to work on /home/kennedy/.local/lib/python3.10/site-packages/airflow/example_dags/example_xcomargs.py
[2024-10-04 23:39:26,728] {processor.py:641} INFO - Processing file /home/kennedy/.local/lib/python3.10/site-packages/airflow/example_dags/example_xcomargs.py for tasks to queue
[2024-10-04 23:39:26,729] {logging_mixin.py:115} INFO - [2024-10-04 23:39:26,729] {dagbag.py:507} INFO - Filling up the DagBag from /home/kennedy/.local/lib/python3.10/site-packages/airflow/example_dags/example_xcomargs.py
[2024-10-04 23:39:26,801] {processor.py:651} INFO - DAG(s) dict_keys(['example_xcom_args', 'example_xcom_args_with_operators']) retrieved from /home/kennedy/.local/lib/python3.10/site-packages/airflow/example_dags/example_xcomargs.py
[2024-10-04 23:39:26,826] {logging_mixin.py:115} INFO - [2024-10-04 23:39:26,826] {dag.py:2379} INFO - Sync 2 DAGs
[2024-10-04 23:39:26,866] {logging_mixin.py:115} INFO - [2024-10-04 23:39:26,866] {dag.py:2927} INFO - Setting next_dagrun for example_xcom_args to None, run_after=None
[2024-10-04 23:39:26,867] {logging_mixin.py:115} INFO - [2024-10-04 23:39:26,867] {dag.py:2927} INFO - Setting next_dagrun for example_xcom_args_with_operators to None, run_after=None
[2024-10-04 23:39:27,143] {processor.py:161} INFO - Processing /home/kennedy/.local/lib/python3.10/site-packages/airflow/example_dags/example_xcomargs.py took 0.449 seconds
[2024-10-04 23:40:23,395] {processor.py:153} INFO - Started process (PID=99296) to work on /home/kennedy/.local/lib/python3.10/site-packages/airflow/example_dags/example_xcomargs.py
[2024-10-04 23:40:23,406] {processor.py:641} INFO - Processing file /home/kennedy/.local/lib/python3.10/site-packages/airflow/example_dags/example_xcomargs.py for tasks to queue
[2024-10-04 23:40:23,407] {logging_mixin.py:115} INFO - [2024-10-04 23:40:23,406] {dagbag.py:507} INFO - Filling up the DagBag from /home/kennedy/.local/lib/python3.10/site-packages/airflow/example_dags/example_xcomargs.py
[2024-10-04 23:40:23,436] {processor.py:651} INFO - DAG(s) dict_keys(['example_xcom_args', 'example_xcom_args_with_operators']) retrieved from /home/kennedy/.local/lib/python3.10/site-packages/airflow/example_dags/example_xcomargs.py
[2024-10-04 23:40:23,484] {logging_mixin.py:115} INFO - [2024-10-04 23:40:23,484] {dag.py:2379} INFO - Sync 2 DAGs
[2024-10-04 23:40:23,499] {logging_mixin.py:115} INFO - [2024-10-04 23:40:23,499] {dag.py:2927} INFO - Setting next_dagrun for example_xcom_args to None, run_after=None
[2024-10-04 23:40:23,499] {logging_mixin.py:115} INFO - [2024-10-04 23:40:23,499] {dag.py:2927} INFO - Setting next_dagrun for example_xcom_args_with_operators to None, run_after=None
[2024-10-04 23:40:23,610] {processor.py:161} INFO - Processing /home/kennedy/.local/lib/python3.10/site-packages/airflow/example_dags/example_xcomargs.py took 0.217 seconds
[2024-10-04 23:41:07,580] {processor.py:153} INFO - Started process (PID=99435) to work on /home/kennedy/.local/lib/python3.10/site-packages/airflow/example_dags/example_xcomargs.py
[2024-10-04 23:41:07,762] {processor.py:641} INFO - Processing file /home/kennedy/.local/lib/python3.10/site-packages/airflow/example_dags/example_xcomargs.py for tasks to queue
[2024-10-04 23:41:07,764] {logging_mixin.py:115} INFO - [2024-10-04 23:41:07,764] {dagbag.py:507} INFO - Filling up the DagBag from /home/kennedy/.local/lib/python3.10/site-packages/airflow/example_dags/example_xcomargs.py
[2024-10-04 23:41:07,818] {processor.py:651} INFO - DAG(s) dict_keys(['example_xcom_args', 'example_xcom_args_with_operators']) retrieved from /home/kennedy/.local/lib/python3.10/site-packages/airflow/example_dags/example_xcomargs.py
[2024-10-04 23:41:07,855] {logging_mixin.py:115} INFO - [2024-10-04 23:41:07,855] {dag.py:2379} INFO - Sync 2 DAGs
[2024-10-04 23:41:07,893] {logging_mixin.py:115} INFO - [2024-10-04 23:41:07,893] {dag.py:2927} INFO - Setting next_dagrun for example_xcom_args to None, run_after=None
[2024-10-04 23:41:07,894] {logging_mixin.py:115} INFO - [2024-10-04 23:41:07,894] {dag.py:2927} INFO - Setting next_dagrun for example_xcom_args_with_operators to None, run_after=None
[2024-10-04 23:41:08,986] {processor.py:161} INFO - Processing /home/kennedy/.local/lib/python3.10/site-packages/airflow/example_dags/example_xcomargs.py took 1.413 seconds
[2024-10-04 23:41:48,335] {processor.py:153} INFO - Started process (PID=99521) to work on /home/kennedy/.local/lib/python3.10/site-packages/airflow/example_dags/example_xcomargs.py
[2024-10-04 23:41:48,345] {processor.py:641} INFO - Processing file /home/kennedy/.local/lib/python3.10/site-packages/airflow/example_dags/example_xcomargs.py for tasks to queue
[2024-10-04 23:41:48,346] {logging_mixin.py:115} INFO - [2024-10-04 23:41:48,346] {dagbag.py:507} INFO - Filling up the DagBag from /home/kennedy/.local/lib/python3.10/site-packages/airflow/example_dags/example_xcomargs.py
[2024-10-04 23:41:48,394] {processor.py:651} INFO - DAG(s) dict_keys(['example_xcom_args', 'example_xcom_args_with_operators']) retrieved from /home/kennedy/.local/lib/python3.10/site-packages/airflow/example_dags/example_xcomargs.py
[2024-10-04 23:41:48,427] {logging_mixin.py:115} INFO - [2024-10-04 23:41:48,427] {dag.py:2379} INFO - Sync 2 DAGs
[2024-10-04 23:41:48,460] {logging_mixin.py:115} INFO - [2024-10-04 23:41:48,460] {dag.py:2927} INFO - Setting next_dagrun for example_xcom_args to None, run_after=None
[2024-10-04 23:41:48,460] {logging_mixin.py:115} INFO - [2024-10-04 23:41:48,460] {dag.py:2927} INFO - Setting next_dagrun for example_xcom_args_with_operators to None, run_after=None
[2024-10-04 23:41:48,873] {processor.py:161} INFO - Processing /home/kennedy/.local/lib/python3.10/site-packages/airflow/example_dags/example_xcomargs.py took 0.544 seconds
[2024-10-04 23:42:21,016] {processor.py:153} INFO - Started process (PID=99732) to work on /home/kennedy/.local/lib/python3.10/site-packages/airflow/example_dags/example_xcomargs.py
[2024-10-04 23:42:21,017] {processor.py:641} INFO - Processing file /home/kennedy/.local/lib/python3.10/site-packages/airflow/example_dags/example_xcomargs.py for tasks to queue
[2024-10-04 23:42:21,019] {logging_mixin.py:115} INFO - [2024-10-04 23:42:21,018] {dagbag.py:507} INFO - Filling up the DagBag from /home/kennedy/.local/lib/python3.10/site-packages/airflow/example_dags/example_xcomargs.py
[2024-10-04 23:42:21,074] {processor.py:651} INFO - DAG(s) dict_keys(['example_xcom_args', 'example_xcom_args_with_operators']) retrieved from /home/kennedy/.local/lib/python3.10/site-packages/airflow/example_dags/example_xcomargs.py
[2024-10-04 23:42:21,183] {logging_mixin.py:115} INFO - [2024-10-04 23:42:21,183] {dag.py:2379} INFO - Sync 2 DAGs
[2024-10-04 23:42:21,221] {logging_mixin.py:115} INFO - [2024-10-04 23:42:21,220] {dag.py:2927} INFO - Setting next_dagrun for example_xcom_args to None, run_after=None
[2024-10-04 23:42:21,221] {logging_mixin.py:115} INFO - [2024-10-04 23:42:21,221] {dag.py:2927} INFO - Setting next_dagrun for example_xcom_args_with_operators to None, run_after=None
[2024-10-04 23:42:22,449] {processor.py:161} INFO - Processing /home/kennedy/.local/lib/python3.10/site-packages/airflow/example_dags/example_xcomargs.py took 1.440 seconds
[2024-10-04 23:42:46,642] {processor.py:153} INFO - Started process (PID=99765) to work on /home/kennedy/.local/lib/python3.10/site-packages/airflow/example_dags/example_xcomargs.py
[2024-10-04 23:42:46,713] {processor.py:641} INFO - Processing file /home/kennedy/.local/lib/python3.10/site-packages/airflow/example_dags/example_xcomargs.py for tasks to queue
[2024-10-04 23:42:46,714] {logging_mixin.py:115} INFO - [2024-10-04 23:42:46,714] {dagbag.py:507} INFO - Filling up the DagBag from /home/kennedy/.local/lib/python3.10/site-packages/airflow/example_dags/example_xcomargs.py
[2024-10-04 23:42:46,769] {processor.py:651} INFO - DAG(s) dict_keys(['example_xcom_args', 'example_xcom_args_with_operators']) retrieved from /home/kennedy/.local/lib/python3.10/site-packages/airflow/example_dags/example_xcomargs.py
[2024-10-04 23:42:46,802] {logging_mixin.py:115} INFO - [2024-10-04 23:42:46,802] {dag.py:2379} INFO - Sync 2 DAGs
[2024-10-04 23:42:46,848] {logging_mixin.py:115} INFO - [2024-10-04 23:42:46,847] {dag.py:2927} INFO - Setting next_dagrun for example_xcom_args to None, run_after=None
[2024-10-04 23:42:46,848] {logging_mixin.py:115} INFO - [2024-10-04 23:42:46,848] {dag.py:2927} INFO - Setting next_dagrun for example_xcom_args_with_operators to None, run_after=None
[2024-10-04 23:42:47,345] {processor.py:161} INFO - Processing /home/kennedy/.local/lib/python3.10/site-packages/airflow/example_dags/example_xcomargs.py took 0.709 seconds
[2024-10-04 23:43:40,148] {processor.py:153} INFO - Started process (PID=99827) to work on /home/kennedy/.local/lib/python3.10/site-packages/airflow/example_dags/example_xcomargs.py
[2024-10-04 23:43:40,155] {processor.py:641} INFO - Processing file /home/kennedy/.local/lib/python3.10/site-packages/airflow/example_dags/example_xcomargs.py for tasks to queue
[2024-10-04 23:43:40,156] {logging_mixin.py:115} INFO - [2024-10-04 23:43:40,156] {dagbag.py:507} INFO - Filling up the DagBag from /home/kennedy/.local/lib/python3.10/site-packages/airflow/example_dags/example_xcomargs.py
[2024-10-04 23:43:40,224] {processor.py:651} INFO - DAG(s) dict_keys(['example_xcom_args', 'example_xcom_args_with_operators']) retrieved from /home/kennedy/.local/lib/python3.10/site-packages/airflow/example_dags/example_xcomargs.py
[2024-10-04 23:43:40,327] {logging_mixin.py:115} INFO - [2024-10-04 23:43:40,327] {dag.py:2379} INFO - Sync 2 DAGs
[2024-10-04 23:43:40,368] {logging_mixin.py:115} INFO - [2024-10-04 23:43:40,368] {dag.py:2927} INFO - Setting next_dagrun for example_xcom_args to None, run_after=None
[2024-10-04 23:43:40,369] {logging_mixin.py:115} INFO - [2024-10-04 23:43:40,369] {dag.py:2927} INFO - Setting next_dagrun for example_xcom_args_with_operators to None, run_after=None
[2024-10-04 23:43:40,606] {processor.py:161} INFO - Processing /home/kennedy/.local/lib/python3.10/site-packages/airflow/example_dags/example_xcomargs.py took 0.466 seconds
[2024-10-04 23:43:49,979] {processor.py:153} INFO - Started process (PID=99839) to work on /home/kennedy/.local/lib/python3.10/site-packages/airflow/example_dags/example_xcomargs.py
[2024-10-04 23:43:49,986] {processor.py:641} INFO - Processing file /home/kennedy/.local/lib/python3.10/site-packages/airflow/example_dags/example_xcomargs.py for tasks to queue
[2024-10-04 23:43:49,987] {logging_mixin.py:115} INFO - [2024-10-04 23:43:49,987] {dagbag.py:507} INFO - Filling up the DagBag from /home/kennedy/.local/lib/python3.10/site-packages/airflow/example_dags/example_xcomargs.py
[2024-10-04 23:43:50,040] {processor.py:651} INFO - DAG(s) dict_keys(['example_xcom_args', 'example_xcom_args_with_operators']) retrieved from /home/kennedy/.local/lib/python3.10/site-packages/airflow/example_dags/example_xcomargs.py
[2024-10-04 23:43:50,079] {logging_mixin.py:115} INFO - [2024-10-04 23:43:50,079] {dag.py:2379} INFO - Sync 2 DAGs
[2024-10-04 23:43:50,118] {logging_mixin.py:115} INFO - [2024-10-04 23:43:50,118] {dag.py:2927} INFO - Setting next_dagrun for example_xcom_args to None, run_after=None
[2024-10-04 23:43:50,119] {logging_mixin.py:115} INFO - [2024-10-04 23:43:50,118] {dag.py:2927} INFO - Setting next_dagrun for example_xcom_args_with_operators to None, run_after=None
[2024-10-04 23:43:50,249] {processor.py:161} INFO - Processing /home/kennedy/.local/lib/python3.10/site-packages/airflow/example_dags/example_xcomargs.py took 0.278 seconds
[2024-10-04 23:44:29,388] {processor.py:153} INFO - Started process (PID=99908) to work on /home/kennedy/.local/lib/python3.10/site-packages/airflow/example_dags/example_xcomargs.py
[2024-10-04 23:44:29,401] {processor.py:641} INFO - Processing file /home/kennedy/.local/lib/python3.10/site-packages/airflow/example_dags/example_xcomargs.py for tasks to queue
[2024-10-04 23:44:29,402] {logging_mixin.py:115} INFO - [2024-10-04 23:44:29,402] {dagbag.py:507} INFO - Filling up the DagBag from /home/kennedy/.local/lib/python3.10/site-packages/airflow/example_dags/example_xcomargs.py
[2024-10-04 23:44:29,461] {processor.py:651} INFO - DAG(s) dict_keys(['example_xcom_args', 'example_xcom_args_with_operators']) retrieved from /home/kennedy/.local/lib/python3.10/site-packages/airflow/example_dags/example_xcomargs.py
[2024-10-04 23:44:29,497] {logging_mixin.py:115} INFO - [2024-10-04 23:44:29,497] {dag.py:2379} INFO - Sync 2 DAGs
[2024-10-04 23:44:29,534] {logging_mixin.py:115} INFO - [2024-10-04 23:44:29,534] {dag.py:2927} INFO - Setting next_dagrun for example_xcom_args to None, run_after=None
[2024-10-04 23:44:29,534] {logging_mixin.py:115} INFO - [2024-10-04 23:44:29,534] {dag.py:2927} INFO - Setting next_dagrun for example_xcom_args_with_operators to None, run_after=None
[2024-10-04 23:44:31,880] {processor.py:161} INFO - Processing /home/kennedy/.local/lib/python3.10/site-packages/airflow/example_dags/example_xcomargs.py took 2.499 seconds
[2024-10-04 23:44:52,386] {processor.py:153} INFO - Started process (PID=100023) to work on /home/kennedy/.local/lib/python3.10/site-packages/airflow/example_dags/example_xcomargs.py
[2024-10-04 23:44:52,419] {processor.py:641} INFO - Processing file /home/kennedy/.local/lib/python3.10/site-packages/airflow/example_dags/example_xcomargs.py for tasks to queue
[2024-10-04 23:44:52,420] {logging_mixin.py:115} INFO - [2024-10-04 23:44:52,420] {dagbag.py:507} INFO - Filling up the DagBag from /home/kennedy/.local/lib/python3.10/site-packages/airflow/example_dags/example_xcomargs.py
[2024-10-04 23:44:52,471] {processor.py:651} INFO - DAG(s) dict_keys(['example_xcom_args', 'example_xcom_args_with_operators']) retrieved from /home/kennedy/.local/lib/python3.10/site-packages/airflow/example_dags/example_xcomargs.py
[2024-10-04 23:44:52,570] {logging_mixin.py:115} INFO - [2024-10-04 23:44:52,570] {dag.py:2379} INFO - Sync 2 DAGs
[2024-10-04 23:44:52,600] {logging_mixin.py:115} INFO - [2024-10-04 23:44:52,600] {dag.py:2927} INFO - Setting next_dagrun for example_xcom_args to None, run_after=None
[2024-10-04 23:44:52,600] {logging_mixin.py:115} INFO - [2024-10-04 23:44:52,600] {dag.py:2927} INFO - Setting next_dagrun for example_xcom_args_with_operators to None, run_after=None
[2024-10-04 23:45:20,690] {processor.py:153} INFO - Started process (PID=100306) to work on /home/kennedy/.local/lib/python3.10/site-packages/airflow/example_dags/example_xcomargs.py
[2024-10-04 23:45:21,292] {processor.py:641} INFO - Processing file /home/kennedy/.local/lib/python3.10/site-packages/airflow/example_dags/example_xcomargs.py for tasks to queue
[2024-10-04 23:45:21,293] {logging_mixin.py:115} INFO - [2024-10-04 23:45:21,293] {dagbag.py:507} INFO - Filling up the DagBag from /home/kennedy/.local/lib/python3.10/site-packages/airflow/example_dags/example_xcomargs.py
[2024-10-04 23:45:21,342] {processor.py:651} INFO - DAG(s) dict_keys(['example_xcom_args', 'example_xcom_args_with_operators']) retrieved from /home/kennedy/.local/lib/python3.10/site-packages/airflow/example_dags/example_xcomargs.py
[2024-10-04 23:45:21,441] {logging_mixin.py:115} INFO - [2024-10-04 23:45:21,440] {dag.py:2379} INFO - Sync 2 DAGs
[2024-10-04 23:45:21,471] {logging_mixin.py:115} INFO - [2024-10-04 23:45:21,471] {dag.py:2927} INFO - Setting next_dagrun for example_xcom_args to None, run_after=None
[2024-10-04 23:45:21,471] {logging_mixin.py:115} INFO - [2024-10-04 23:45:21,471] {dag.py:2927} INFO - Setting next_dagrun for example_xcom_args_with_operators to None, run_after=None
[2024-10-04 23:45:22,484] {processor.py:161} INFO - Processing /home/kennedy/.local/lib/python3.10/site-packages/airflow/example_dags/example_xcomargs.py took 1.802 seconds
[2024-10-04 23:46:26,949] {processor.py:153} INFO - Started process (PID=101095) to work on /home/kennedy/.local/lib/python3.10/site-packages/airflow/example_dags/example_xcomargs.py
[2024-10-04 23:46:28,071] {processor.py:641} INFO - Processing file /home/kennedy/.local/lib/python3.10/site-packages/airflow/example_dags/example_xcomargs.py for tasks to queue
[2024-10-04 23:46:28,072] {logging_mixin.py:115} INFO - [2024-10-04 23:46:28,072] {dagbag.py:507} INFO - Filling up the DagBag from /home/kennedy/.local/lib/python3.10/site-packages/airflow/example_dags/example_xcomargs.py
[2024-10-04 23:46:28,091] {processor.py:651} INFO - DAG(s) dict_keys(['example_xcom_args', 'example_xcom_args_with_operators']) retrieved from /home/kennedy/.local/lib/python3.10/site-packages/airflow/example_dags/example_xcomargs.py
[2024-10-04 23:46:28,104] {logging_mixin.py:115} INFO - [2024-10-04 23:46:28,104] {dag.py:2379} INFO - Sync 2 DAGs
[2024-10-04 23:46:28,117] {logging_mixin.py:115} INFO - [2024-10-04 23:46:28,117] {dag.py:2927} INFO - Setting next_dagrun for example_xcom_args to None, run_after=None
[2024-10-04 23:46:28,117] {logging_mixin.py:115} INFO - [2024-10-04 23:46:28,117] {dag.py:2927} INFO - Setting next_dagrun for example_xcom_args_with_operators to None, run_after=None
[2024-10-04 23:46:29,775] {processor.py:161} INFO - Processing /home/kennedy/.local/lib/python3.10/site-packages/airflow/example_dags/example_xcomargs.py took 2.831 seconds
[2024-10-04 23:47:31,480] {processor.py:153} INFO - Started process (PID=101376) to work on /home/kennedy/.local/lib/python3.10/site-packages/airflow/example_dags/example_xcomargs.py
[2024-10-04 23:47:31,491] {processor.py:641} INFO - Processing file /home/kennedy/.local/lib/python3.10/site-packages/airflow/example_dags/example_xcomargs.py for tasks to queue
[2024-10-04 23:47:31,491] {logging_mixin.py:115} INFO - [2024-10-04 23:47:31,491] {dagbag.py:507} INFO - Filling up the DagBag from /home/kennedy/.local/lib/python3.10/site-packages/airflow/example_dags/example_xcomargs.py
[2024-10-04 23:47:31,528] {processor.py:651} INFO - DAG(s) dict_keys(['example_xcom_args', 'example_xcom_args_with_operators']) retrieved from /home/kennedy/.local/lib/python3.10/site-packages/airflow/example_dags/example_xcomargs.py
[2024-10-04 23:47:31,596] {logging_mixin.py:115} INFO - [2024-10-04 23:47:31,596] {dag.py:2379} INFO - Sync 2 DAGs
[2024-10-04 23:47:31,618] {logging_mixin.py:115} INFO - [2024-10-04 23:47:31,617] {dag.py:2927} INFO - Setting next_dagrun for example_xcom_args to None, run_after=None
[2024-10-04 23:47:31,618] {logging_mixin.py:115} INFO - [2024-10-04 23:47:31,618] {dag.py:2927} INFO - Setting next_dagrun for example_xcom_args_with_operators to None, run_after=None
[2024-10-04 23:47:32,144] {processor.py:161} INFO - Processing /home/kennedy/.local/lib/python3.10/site-packages/airflow/example_dags/example_xcomargs.py took 0.668 seconds
[2024-10-04 23:48:35,528] {processor.py:153} INFO - Started process (PID=101882) to work on /home/kennedy/.local/lib/python3.10/site-packages/airflow/example_dags/example_xcomargs.py
[2024-10-04 23:48:35,588] {processor.py:641} INFO - Processing file /home/kennedy/.local/lib/python3.10/site-packages/airflow/example_dags/example_xcomargs.py for tasks to queue
[2024-10-04 23:48:35,589] {logging_mixin.py:115} INFO - [2024-10-04 23:48:35,589] {dagbag.py:507} INFO - Filling up the DagBag from /home/kennedy/.local/lib/python3.10/site-packages/airflow/example_dags/example_xcomargs.py
[2024-10-04 23:48:35,630] {processor.py:651} INFO - DAG(s) dict_keys(['example_xcom_args', 'example_xcom_args_with_operators']) retrieved from /home/kennedy/.local/lib/python3.10/site-packages/airflow/example_dags/example_xcomargs.py
[2024-10-04 23:48:35,733] {logging_mixin.py:115} INFO - [2024-10-04 23:48:35,733] {dag.py:2379} INFO - Sync 2 DAGs
[2024-10-04 23:48:35,768] {logging_mixin.py:115} INFO - [2024-10-04 23:48:35,768] {dag.py:2927} INFO - Setting next_dagrun for example_xcom_args to None, run_after=None
[2024-10-04 23:48:35,768] {logging_mixin.py:115} INFO - [2024-10-04 23:48:35,768] {dag.py:2927} INFO - Setting next_dagrun for example_xcom_args_with_operators to None, run_after=None
[2024-10-04 23:48:36,383] {processor.py:161} INFO - Processing /home/kennedy/.local/lib/python3.10/site-packages/airflow/example_dags/example_xcomargs.py took 0.869 seconds
[2024-10-04 23:49:37,945] {processor.py:153} INFO - Started process (PID=102345) to work on /home/kennedy/.local/lib/python3.10/site-packages/airflow/example_dags/example_xcomargs.py
[2024-10-04 23:49:38,111] {processor.py:641} INFO - Processing file /home/kennedy/.local/lib/python3.10/site-packages/airflow/example_dags/example_xcomargs.py for tasks to queue
[2024-10-04 23:49:38,112] {logging_mixin.py:115} INFO - [2024-10-04 23:49:38,112] {dagbag.py:507} INFO - Filling up the DagBag from /home/kennedy/.local/lib/python3.10/site-packages/airflow/example_dags/example_xcomargs.py
[2024-10-04 23:49:38,176] {processor.py:651} INFO - DAG(s) dict_keys(['example_xcom_args', 'example_xcom_args_with_operators']) retrieved from /home/kennedy/.local/lib/python3.10/site-packages/airflow/example_dags/example_xcomargs.py
[2024-10-04 23:49:38,212] {logging_mixin.py:115} INFO - [2024-10-04 23:49:38,211] {dag.py:2379} INFO - Sync 2 DAGs
[2024-10-04 23:49:38,247] {logging_mixin.py:115} INFO - [2024-10-04 23:49:38,247] {dag.py:2927} INFO - Setting next_dagrun for example_xcom_args to None, run_after=None
[2024-10-04 23:49:38,248] {logging_mixin.py:115} INFO - [2024-10-04 23:49:38,248] {dag.py:2927} INFO - Setting next_dagrun for example_xcom_args_with_operators to None, run_after=None
[2024-10-04 23:49:38,351] {processor.py:161} INFO - Processing /home/kennedy/.local/lib/python3.10/site-packages/airflow/example_dags/example_xcomargs.py took 0.414 seconds
[2024-10-04 23:50:40,996] {processor.py:153} INFO - Started process (PID=102429) to work on /home/kennedy/.local/lib/python3.10/site-packages/airflow/example_dags/example_xcomargs.py
[2024-10-04 23:50:41,021] {processor.py:641} INFO - Processing file /home/kennedy/.local/lib/python3.10/site-packages/airflow/example_dags/example_xcomargs.py for tasks to queue
[2024-10-04 23:50:41,022] {logging_mixin.py:115} INFO - [2024-10-04 23:50:41,022] {dagbag.py:507} INFO - Filling up the DagBag from /home/kennedy/.local/lib/python3.10/site-packages/airflow/example_dags/example_xcomargs.py
[2024-10-04 23:50:41,080] {processor.py:651} INFO - DAG(s) dict_keys(['example_xcom_args', 'example_xcom_args_with_operators']) retrieved from /home/kennedy/.local/lib/python3.10/site-packages/airflow/example_dags/example_xcomargs.py
[2024-10-04 23:50:41,347] {logging_mixin.py:115} INFO - [2024-10-04 23:50:41,347] {dag.py:2379} INFO - Sync 2 DAGs
[2024-10-04 23:50:41,384] {logging_mixin.py:115} INFO - [2024-10-04 23:50:41,383] {dag.py:2927} INFO - Setting next_dagrun for example_xcom_args to None, run_after=None
[2024-10-04 23:50:41,384] {logging_mixin.py:115} INFO - [2024-10-04 23:50:41,384] {dag.py:2927} INFO - Setting next_dagrun for example_xcom_args_with_operators to None, run_after=None
[2024-10-04 23:50:41,473] {processor.py:161} INFO - Processing /home/kennedy/.local/lib/python3.10/site-packages/airflow/example_dags/example_xcomargs.py took 0.483 seconds
[2024-10-04 23:51:41,005] {processor.py:153} INFO - Started process (PID=102688) to work on /home/kennedy/.local/lib/python3.10/site-packages/airflow/example_dags/example_xcomargs.py
[2024-10-04 23:51:41,019] {processor.py:641} INFO - Processing file /home/kennedy/.local/lib/python3.10/site-packages/airflow/example_dags/example_xcomargs.py for tasks to queue
[2024-10-04 23:51:41,020] {logging_mixin.py:115} INFO - [2024-10-04 23:51:41,020] {dagbag.py:507} INFO - Filling up the DagBag from /home/kennedy/.local/lib/python3.10/site-packages/airflow/example_dags/example_xcomargs.py
[2024-10-04 23:51:41,078] {processor.py:651} INFO - DAG(s) dict_keys(['example_xcom_args', 'example_xcom_args_with_operators']) retrieved from /home/kennedy/.local/lib/python3.10/site-packages/airflow/example_dags/example_xcomargs.py
[2024-10-04 23:51:41,115] {logging_mixin.py:115} INFO - [2024-10-04 23:51:41,115] {dag.py:2379} INFO - Sync 2 DAGs
[2024-10-04 23:51:41,156] {logging_mixin.py:115} INFO - [2024-10-04 23:51:41,155] {dag.py:2927} INFO - Setting next_dagrun for example_xcom_args to None, run_after=None
[2024-10-04 23:51:41,156] {logging_mixin.py:115} INFO - [2024-10-04 23:51:41,156] {dag.py:2927} INFO - Setting next_dagrun for example_xcom_args_with_operators to None, run_after=None
[2024-10-04 23:51:41,255] {processor.py:161} INFO - Processing /home/kennedy/.local/lib/python3.10/site-packages/airflow/example_dags/example_xcomargs.py took 0.257 seconds
[2024-10-04 23:52:28,904] {processor.py:153} INFO - Started process (PID=102842) to work on /home/kennedy/.local/lib/python3.10/site-packages/airflow/example_dags/example_xcomargs.py
[2024-10-04 23:52:28,916] {processor.py:641} INFO - Processing file /home/kennedy/.local/lib/python3.10/site-packages/airflow/example_dags/example_xcomargs.py for tasks to queue
[2024-10-04 23:52:28,918] {logging_mixin.py:115} INFO - [2024-10-04 23:52:28,917] {dagbag.py:507} INFO - Filling up the DagBag from /home/kennedy/.local/lib/python3.10/site-packages/airflow/example_dags/example_xcomargs.py
[2024-10-04 23:52:28,978] {processor.py:651} INFO - DAG(s) dict_keys(['example_xcom_args', 'example_xcom_args_with_operators']) retrieved from /home/kennedy/.local/lib/python3.10/site-packages/airflow/example_dags/example_xcomargs.py
[2024-10-04 23:52:29,104] {logging_mixin.py:115} INFO - [2024-10-04 23:52:29,104] {dag.py:2379} INFO - Sync 2 DAGs
[2024-10-04 23:52:29,144] {logging_mixin.py:115} INFO - [2024-10-04 23:52:29,144] {dag.py:2927} INFO - Setting next_dagrun for example_xcom_args to None, run_after=None
[2024-10-04 23:52:29,145] {logging_mixin.py:115} INFO - [2024-10-04 23:52:29,144] {dag.py:2927} INFO - Setting next_dagrun for example_xcom_args_with_operators to None, run_after=None
[2024-10-04 23:52:30,299] {processor.py:161} INFO - Processing /home/kennedy/.local/lib/python3.10/site-packages/airflow/example_dags/example_xcomargs.py took 1.402 seconds
[2024-10-04 23:53:55,581] {processor.py:153} INFO - Started process (PID=103743) to work on /home/kennedy/.local/lib/python3.10/site-packages/airflow/example_dags/example_xcomargs.py
[2024-10-04 23:53:55,794] {processor.py:641} INFO - Processing file /home/kennedy/.local/lib/python3.10/site-packages/airflow/example_dags/example_xcomargs.py for tasks to queue
[2024-10-04 23:53:55,795] {logging_mixin.py:115} INFO - [2024-10-04 23:53:55,795] {dagbag.py:507} INFO - Filling up the DagBag from /home/kennedy/.local/lib/python3.10/site-packages/airflow/example_dags/example_xcomargs.py
[2024-10-04 23:53:55,848] {processor.py:651} INFO - DAG(s) dict_keys(['example_xcom_args', 'example_xcom_args_with_operators']) retrieved from /home/kennedy/.local/lib/python3.10/site-packages/airflow/example_dags/example_xcomargs.py
[2024-10-04 23:53:55,952] {logging_mixin.py:115} INFO - [2024-10-04 23:53:55,952] {dag.py:2379} INFO - Sync 2 DAGs
[2024-10-04 23:53:55,977] {logging_mixin.py:115} INFO - [2024-10-04 23:53:55,976] {dag.py:2927} INFO - Setting next_dagrun for example_xcom_args to None, run_after=None
[2024-10-04 23:53:55,977] {logging_mixin.py:115} INFO - [2024-10-04 23:53:55,977] {dag.py:2927} INFO - Setting next_dagrun for example_xcom_args_with_operators to None, run_after=None
[2024-10-04 23:53:57,205] {processor.py:161} INFO - Processing /home/kennedy/.local/lib/python3.10/site-packages/airflow/example_dags/example_xcomargs.py took 1.627 seconds
[2024-10-04 23:54:56,660] {processor.py:153} INFO - Started process (PID=103915) to work on /home/kennedy/.local/lib/python3.10/site-packages/airflow/example_dags/example_xcomargs.py
[2024-10-04 23:54:56,671] {processor.py:641} INFO - Processing file /home/kennedy/.local/lib/python3.10/site-packages/airflow/example_dags/example_xcomargs.py for tasks to queue
[2024-10-04 23:54:56,672] {logging_mixin.py:115} INFO - [2024-10-04 23:54:56,672] {dagbag.py:507} INFO - Filling up the DagBag from /home/kennedy/.local/lib/python3.10/site-packages/airflow/example_dags/example_xcomargs.py
[2024-10-04 23:54:56,724] {processor.py:651} INFO - DAG(s) dict_keys(['example_xcom_args', 'example_xcom_args_with_operators']) retrieved from /home/kennedy/.local/lib/python3.10/site-packages/airflow/example_dags/example_xcomargs.py
[2024-10-04 23:54:56,760] {logging_mixin.py:115} INFO - [2024-10-04 23:54:56,760] {dag.py:2379} INFO - Sync 2 DAGs
[2024-10-04 23:54:56,798] {logging_mixin.py:115} INFO - [2024-10-04 23:54:56,798] {dag.py:2927} INFO - Setting next_dagrun for example_xcom_args to None, run_after=None
[2024-10-04 23:54:56,799] {logging_mixin.py:115} INFO - [2024-10-04 23:54:56,799] {dag.py:2927} INFO - Setting next_dagrun for example_xcom_args_with_operators to None, run_after=None
[2024-10-04 23:54:58,788] {processor.py:161} INFO - Processing /home/kennedy/.local/lib/python3.10/site-packages/airflow/example_dags/example_xcomargs.py took 2.135 seconds
[2024-10-04 23:55:46,290] {processor.py:153} INFO - Started process (PID=103992) to work on /home/kennedy/.local/lib/python3.10/site-packages/airflow/example_dags/example_xcomargs.py
[2024-10-04 23:55:46,292] {processor.py:641} INFO - Processing file /home/kennedy/.local/lib/python3.10/site-packages/airflow/example_dags/example_xcomargs.py for tasks to queue
[2024-10-04 23:55:46,294] {logging_mixin.py:115} INFO - [2024-10-04 23:55:46,294] {dagbag.py:507} INFO - Filling up the DagBag from /home/kennedy/.local/lib/python3.10/site-packages/airflow/example_dags/example_xcomargs.py
[2024-10-04 23:55:46,367] {processor.py:651} INFO - DAG(s) dict_keys(['example_xcom_args', 'example_xcom_args_with_operators']) retrieved from /home/kennedy/.local/lib/python3.10/site-packages/airflow/example_dags/example_xcomargs.py
[2024-10-04 23:55:46,413] {logging_mixin.py:115} INFO - [2024-10-04 23:55:46,413] {dag.py:2379} INFO - Sync 2 DAGs
[2024-10-04 23:55:46,469] {logging_mixin.py:115} INFO - [2024-10-04 23:55:46,469] {dag.py:2927} INFO - Setting next_dagrun for example_xcom_args to None, run_after=None
[2024-10-04 23:55:46,470] {logging_mixin.py:115} INFO - [2024-10-04 23:55:46,470] {dag.py:2927} INFO - Setting next_dagrun for example_xcom_args_with_operators to None, run_after=None
[2024-10-04 23:55:46,600] {processor.py:161} INFO - Processing /home/kennedy/.local/lib/python3.10/site-packages/airflow/example_dags/example_xcomargs.py took 0.319 seconds
[2024-10-04 23:56:50,284] {processor.py:153} INFO - Started process (PID=104993) to work on /home/kennedy/.local/lib/python3.10/site-packages/airflow/example_dags/example_xcomargs.py
[2024-10-04 23:56:50,325] {processor.py:641} INFO - Processing file /home/kennedy/.local/lib/python3.10/site-packages/airflow/example_dags/example_xcomargs.py for tasks to queue
[2024-10-04 23:56:50,326] {logging_mixin.py:115} INFO - [2024-10-04 23:56:50,326] {dagbag.py:507} INFO - Filling up the DagBag from /home/kennedy/.local/lib/python3.10/site-packages/airflow/example_dags/example_xcomargs.py
[2024-10-04 23:56:50,383] {processor.py:651} INFO - DAG(s) dict_keys(['example_xcom_args', 'example_xcom_args_with_operators']) retrieved from /home/kennedy/.local/lib/python3.10/site-packages/airflow/example_dags/example_xcomargs.py
[2024-10-04 23:56:50,420] {logging_mixin.py:115} INFO - [2024-10-04 23:56:50,420] {dag.py:2379} INFO - Sync 2 DAGs
[2024-10-04 23:56:50,459] {logging_mixin.py:115} INFO - [2024-10-04 23:56:50,459] {dag.py:2927} INFO - Setting next_dagrun for example_xcom_args to None, run_after=None
[2024-10-04 23:56:50,459] {logging_mixin.py:115} INFO - [2024-10-04 23:56:50,459] {dag.py:2927} INFO - Setting next_dagrun for example_xcom_args_with_operators to None, run_after=None
[2024-10-04 23:56:50,793] {processor.py:161} INFO - Processing /home/kennedy/.local/lib/python3.10/site-packages/airflow/example_dags/example_xcomargs.py took 0.516 seconds
[2024-10-04 23:57:51,018] {processor.py:153} INFO - Started process (PID=105218) to work on /home/kennedy/.local/lib/python3.10/site-packages/airflow/example_dags/example_xcomargs.py
[2024-10-04 23:57:51,019] {processor.py:641} INFO - Processing file /home/kennedy/.local/lib/python3.10/site-packages/airflow/example_dags/example_xcomargs.py for tasks to queue
[2024-10-04 23:57:51,021] {logging_mixin.py:115} INFO - [2024-10-04 23:57:51,020] {dagbag.py:507} INFO - Filling up the DagBag from /home/kennedy/.local/lib/python3.10/site-packages/airflow/example_dags/example_xcomargs.py
[2024-10-04 23:57:51,075] {processor.py:651} INFO - DAG(s) dict_keys(['example_xcom_args', 'example_xcom_args_with_operators']) retrieved from /home/kennedy/.local/lib/python3.10/site-packages/airflow/example_dags/example_xcomargs.py
[2024-10-04 23:57:51,173] {logging_mixin.py:115} INFO - [2024-10-04 23:57:51,172] {dag.py:2379} INFO - Sync 2 DAGs
[2024-10-04 23:57:51,204] {logging_mixin.py:115} INFO - [2024-10-04 23:57:51,204] {dag.py:2927} INFO - Setting next_dagrun for example_xcom_args to None, run_after=None
[2024-10-04 23:57:51,204] {logging_mixin.py:115} INFO - [2024-10-04 23:57:51,204] {dag.py:2927} INFO - Setting next_dagrun for example_xcom_args_with_operators to None, run_after=None
[2024-10-04 23:57:51,290] {processor.py:161} INFO - Processing /home/kennedy/.local/lib/python3.10/site-packages/airflow/example_dags/example_xcomargs.py took 0.279 seconds
[2024-10-04 23:58:52,548] {processor.py:153} INFO - Started process (PID=105317) to work on /home/kennedy/.local/lib/python3.10/site-packages/airflow/example_dags/example_xcomargs.py
[2024-10-04 23:58:52,653] {processor.py:641} INFO - Processing file /home/kennedy/.local/lib/python3.10/site-packages/airflow/example_dags/example_xcomargs.py for tasks to queue
[2024-10-04 23:58:52,655] {logging_mixin.py:115} INFO - [2024-10-04 23:58:52,654] {dagbag.py:507} INFO - Filling up the DagBag from /home/kennedy/.local/lib/python3.10/site-packages/airflow/example_dags/example_xcomargs.py
[2024-10-04 23:58:52,708] {processor.py:651} INFO - DAG(s) dict_keys(['example_xcom_args', 'example_xcom_args_with_operators']) retrieved from /home/kennedy/.local/lib/python3.10/site-packages/airflow/example_dags/example_xcomargs.py
[2024-10-04 23:58:52,744] {logging_mixin.py:115} INFO - [2024-10-04 23:58:52,744] {dag.py:2379} INFO - Sync 2 DAGs
[2024-10-04 23:58:52,781] {logging_mixin.py:115} INFO - [2024-10-04 23:58:52,781] {dag.py:2927} INFO - Setting next_dagrun for example_xcom_args to None, run_after=None
[2024-10-04 23:58:52,781] {logging_mixin.py:115} INFO - [2024-10-04 23:58:52,781] {dag.py:2927} INFO - Setting next_dagrun for example_xcom_args_with_operators to None, run_after=None
[2024-10-04 23:58:52,908] {processor.py:161} INFO - Processing /home/kennedy/.local/lib/python3.10/site-packages/airflow/example_dags/example_xcomargs.py took 0.366 seconds
[2024-10-04 23:59:47,764] {processor.py:153} INFO - Started process (PID=105451) to work on /home/kennedy/.local/lib/python3.10/site-packages/airflow/example_dags/example_xcomargs.py
[2024-10-04 23:59:47,768] {processor.py:641} INFO - Processing file /home/kennedy/.local/lib/python3.10/site-packages/airflow/example_dags/example_xcomargs.py for tasks to queue
[2024-10-04 23:59:47,769] {logging_mixin.py:115} INFO - [2024-10-04 23:59:47,769] {dagbag.py:507} INFO - Filling up the DagBag from /home/kennedy/.local/lib/python3.10/site-packages/airflow/example_dags/example_xcomargs.py
[2024-10-04 23:59:47,821] {processor.py:651} INFO - DAG(s) dict_keys(['example_xcom_args', 'example_xcom_args_with_operators']) retrieved from /home/kennedy/.local/lib/python3.10/site-packages/airflow/example_dags/example_xcomargs.py
[2024-10-04 23:59:47,856] {logging_mixin.py:115} INFO - [2024-10-04 23:59:47,856] {dag.py:2379} INFO - Sync 2 DAGs
[2024-10-04 23:59:47,893] {logging_mixin.py:115} INFO - [2024-10-04 23:59:47,892] {dag.py:2927} INFO - Setting next_dagrun for example_xcom_args to None, run_after=None
[2024-10-04 23:59:47,893] {logging_mixin.py:115} INFO - [2024-10-04 23:59:47,893] {dag.py:2927} INFO - Setting next_dagrun for example_xcom_args_with_operators to None, run_after=None
[2024-10-04 23:59:49,085] {processor.py:161} INFO - Processing /home/kennedy/.local/lib/python3.10/site-packages/airflow/example_dags/example_xcomargs.py took 1.327 seconds
[2024-10-05 00:00:43,166] {processor.py:153} INFO - Started process (PID=105618) to work on /home/kennedy/.local/lib/python3.10/site-packages/airflow/example_dags/example_xcomargs.py
[2024-10-05 00:00:43,299] {processor.py:641} INFO - Processing file /home/kennedy/.local/lib/python3.10/site-packages/airflow/example_dags/example_xcomargs.py for tasks to queue
[2024-10-05 00:00:43,300] {logging_mixin.py:115} INFO - [2024-10-05 00:00:43,300] {dagbag.py:507} INFO - Filling up the DagBag from /home/kennedy/.local/lib/python3.10/site-packages/airflow/example_dags/example_xcomargs.py
[2024-10-05 00:00:43,353] {processor.py:651} INFO - DAG(s) dict_keys(['example_xcom_args', 'example_xcom_args_with_operators']) retrieved from /home/kennedy/.local/lib/python3.10/site-packages/airflow/example_dags/example_xcomargs.py
[2024-10-05 00:00:43,388] {logging_mixin.py:115} INFO - [2024-10-05 00:00:43,387] {dag.py:2379} INFO - Sync 2 DAGs
[2024-10-05 00:00:43,426] {logging_mixin.py:115} INFO - [2024-10-05 00:00:43,426] {dag.py:2927} INFO - Setting next_dagrun for example_xcom_args to None, run_after=None
[2024-10-05 00:00:43,427] {logging_mixin.py:115} INFO - [2024-10-05 00:00:43,427] {dag.py:2927} INFO - Setting next_dagrun for example_xcom_args_with_operators to None, run_after=None
[2024-10-05 00:00:43,556] {processor.py:161} INFO - Processing /home/kennedy/.local/lib/python3.10/site-packages/airflow/example_dags/example_xcomargs.py took 0.397 seconds
[2024-10-05 00:01:27,823] {processor.py:153} INFO - Started process (PID=105821) to work on /home/kennedy/.local/lib/python3.10/site-packages/airflow/example_dags/example_xcomargs.py
[2024-10-05 00:01:27,834] {processor.py:641} INFO - Processing file /home/kennedy/.local/lib/python3.10/site-packages/airflow/example_dags/example_xcomargs.py for tasks to queue
[2024-10-05 00:01:27,836] {logging_mixin.py:115} INFO - [2024-10-05 00:01:27,835] {dagbag.py:507} INFO - Filling up the DagBag from /home/kennedy/.local/lib/python3.10/site-packages/airflow/example_dags/example_xcomargs.py
[2024-10-05 00:01:27,891] {processor.py:651} INFO - DAG(s) dict_keys(['example_xcom_args', 'example_xcom_args_with_operators']) retrieved from /home/kennedy/.local/lib/python3.10/site-packages/airflow/example_dags/example_xcomargs.py
[2024-10-05 00:01:27,928] {logging_mixin.py:115} INFO - [2024-10-05 00:01:27,928] {dag.py:2379} INFO - Sync 2 DAGs
[2024-10-05 00:01:27,967] {logging_mixin.py:115} INFO - [2024-10-05 00:01:27,967] {dag.py:2927} INFO - Setting next_dagrun for example_xcom_args to None, run_after=None
[2024-10-05 00:01:27,968] {logging_mixin.py:115} INFO - [2024-10-05 00:01:27,968] {dag.py:2927} INFO - Setting next_dagrun for example_xcom_args_with_operators to None, run_after=None
[2024-10-05 00:01:29,344] {processor.py:161} INFO - Processing /home/kennedy/.local/lib/python3.10/site-packages/airflow/example_dags/example_xcomargs.py took 1.528 seconds
