[2024-10-04 23:33:47,607] {processor.py:153} INFO - Started process (PID=97050) to work on /home/kennedy/.local/lib/python3.10/site-packages/airflow/example_dags/example_branch_datetime_operator.py
[2024-10-04 23:33:47,608] {processor.py:641} INFO - Processing file /home/kennedy/.local/lib/python3.10/site-packages/airflow/example_dags/example_branch_datetime_operator.py for tasks to queue
[2024-10-04 23:33:47,610] {logging_mixin.py:115} INFO - [2024-10-04 23:33:47,610] {dagbag.py:507} INFO - Filling up the DagBag from /home/kennedy/.local/lib/python3.10/site-packages/airflow/example_dags/example_branch_datetime_operator.py
[2024-10-04 23:33:47,633] {processor.py:651} INFO - DAG(s) dict_keys(['example_branch_datetime_operator_2']) retrieved from /home/kennedy/.local/lib/python3.10/site-packages/airflow/example_dags/example_branch_datetime_operator.py
[2024-10-04 23:33:48,009] {logging_mixin.py:115} INFO - [2024-10-04 23:33:48,009] {manager.py:508} INFO - Created Permission View: can edit on DAG:example_branch_datetime_operator_2
[2024-10-04 23:33:48,180] {logging_mixin.py:115} INFO - [2024-10-04 23:33:48,179] {manager.py:508} INFO - Created Permission View: can delete on DAG:example_branch_datetime_operator_2
[2024-10-04 23:33:48,292] {logging_mixin.py:115} INFO - [2024-10-04 23:33:48,291] {manager.py:508} INFO - Created Permission View: can read on DAG:example_branch_datetime_operator_2
[2024-10-04 23:33:48,292] {logging_mixin.py:115} INFO - [2024-10-04 23:33:48,292] {dag.py:2379} INFO - Sync 1 DAGs
[2024-10-04 23:33:48,310] {logging_mixin.py:115} INFO - [2024-10-04 23:33:48,310] {dag.py:2398} INFO - Creating ORM DAG for example_branch_datetime_operator_2
[2024-10-04 23:33:48,337] {logging_mixin.py:115} INFO - [2024-10-04 23:33:48,337] {dag.py:2927} INFO - Setting next_dagrun for example_branch_datetime_operator_2 to 2024-10-04T00:00:00+00:00, run_after=2024-10-05T00:00:00+00:00
[2024-10-04 23:33:48,556] {processor.py:161} INFO - Processing /home/kennedy/.local/lib/python3.10/site-packages/airflow/example_dags/example_branch_datetime_operator.py took 0.958 seconds
[2024-10-04 23:34:41,658] {processor.py:153} INFO - Started process (PID=97096) to work on /home/kennedy/.local/lib/python3.10/site-packages/airflow/example_dags/example_branch_datetime_operator.py
[2024-10-04 23:34:41,678] {processor.py:641} INFO - Processing file /home/kennedy/.local/lib/python3.10/site-packages/airflow/example_dags/example_branch_datetime_operator.py for tasks to queue
[2024-10-04 23:34:41,679] {logging_mixin.py:115} INFO - [2024-10-04 23:34:41,679] {dagbag.py:507} INFO - Filling up the DagBag from /home/kennedy/.local/lib/python3.10/site-packages/airflow/example_dags/example_branch_datetime_operator.py
[2024-10-04 23:34:41,702] {processor.py:651} INFO - DAG(s) dict_keys(['example_branch_datetime_operator_2']) retrieved from /home/kennedy/.local/lib/python3.10/site-packages/airflow/example_dags/example_branch_datetime_operator.py
[2024-10-04 23:34:41,750] {logging_mixin.py:115} INFO - [2024-10-04 23:34:41,750] {dag.py:2379} INFO - Sync 1 DAGs
[2024-10-04 23:34:41,797] {logging_mixin.py:115} INFO - [2024-10-04 23:34:41,796] {dag.py:2927} INFO - Setting next_dagrun for example_branch_datetime_operator_2 to 2024-10-04T00:00:00+00:00, run_after=2024-10-05T00:00:00+00:00
[2024-10-04 23:34:41,925] {processor.py:161} INFO - Processing /home/kennedy/.local/lib/python3.10/site-packages/airflow/example_dags/example_branch_datetime_operator.py took 0.274 seconds
[2024-10-04 23:36:06,316] {processor.py:153} INFO - Started process (PID=98119) to work on /home/kennedy/.local/lib/python3.10/site-packages/airflow/example_dags/example_branch_datetime_operator.py
[2024-10-04 23:36:06,348] {processor.py:641} INFO - Processing file /home/kennedy/.local/lib/python3.10/site-packages/airflow/example_dags/example_branch_datetime_operator.py for tasks to queue
[2024-10-04 23:36:06,350] {logging_mixin.py:115} INFO - [2024-10-04 23:36:06,349] {dagbag.py:507} INFO - Filling up the DagBag from /home/kennedy/.local/lib/python3.10/site-packages/airflow/example_dags/example_branch_datetime_operator.py
[2024-10-04 23:36:06,370] {processor.py:651} INFO - DAG(s) dict_keys(['example_branch_datetime_operator_2']) retrieved from /home/kennedy/.local/lib/python3.10/site-packages/airflow/example_dags/example_branch_datetime_operator.py
[2024-10-04 23:36:06,511] {logging_mixin.py:115} INFO - [2024-10-04 23:36:06,510] {dag.py:2379} INFO - Sync 1 DAGs
[2024-10-04 23:36:06,547] {logging_mixin.py:115} INFO - [2024-10-04 23:36:06,547] {dag.py:2927} INFO - Setting next_dagrun for example_branch_datetime_operator_2 to 2024-10-04T00:00:00+00:00, run_after=2024-10-05T00:00:00+00:00
[2024-10-04 23:36:08,004] {processor.py:161} INFO - Processing /home/kennedy/.local/lib/python3.10/site-packages/airflow/example_dags/example_branch_datetime_operator.py took 1.697 seconds
[2024-10-04 23:38:02,136] {processor.py:153} INFO - Started process (PID=98357) to work on /home/kennedy/.local/lib/python3.10/site-packages/airflow/example_dags/example_branch_datetime_operator.py
[2024-10-04 23:38:02,153] {processor.py:641} INFO - Processing file /home/kennedy/.local/lib/python3.10/site-packages/airflow/example_dags/example_branch_datetime_operator.py for tasks to queue
[2024-10-04 23:38:02,155] {logging_mixin.py:115} INFO - [2024-10-04 23:38:02,154] {dagbag.py:507} INFO - Filling up the DagBag from /home/kennedy/.local/lib/python3.10/site-packages/airflow/example_dags/example_branch_datetime_operator.py
[2024-10-04 23:38:02,177] {processor.py:651} INFO - DAG(s) dict_keys(['example_branch_datetime_operator_2']) retrieved from /home/kennedy/.local/lib/python3.10/site-packages/airflow/example_dags/example_branch_datetime_operator.py
[2024-10-04 23:38:03,665] {logging_mixin.py:115} INFO - [2024-10-04 23:38:03,665] {dag.py:2379} INFO - Sync 1 DAGs
[2024-10-04 23:38:03,730] {logging_mixin.py:115} INFO - [2024-10-04 23:38:03,730] {dag.py:2927} INFO - Setting next_dagrun for example_branch_datetime_operator_2 to 2024-10-04T00:00:00+00:00, run_after=2024-10-05T00:00:00+00:00
[2024-10-04 23:38:03,822] {processor.py:161} INFO - Processing /home/kennedy/.local/lib/python3.10/site-packages/airflow/example_dags/example_branch_datetime_operator.py took 1.693 seconds
[2024-10-04 23:40:10,105] {processor.py:153} INFO - Started process (PID=99232) to work on /home/kennedy/.local/lib/python3.10/site-packages/airflow/example_dags/example_branch_datetime_operator.py
[2024-10-04 23:40:10,112] {processor.py:641} INFO - Processing file /home/kennedy/.local/lib/python3.10/site-packages/airflow/example_dags/example_branch_datetime_operator.py for tasks to queue
[2024-10-04 23:40:10,114] {logging_mixin.py:115} INFO - [2024-10-04 23:40:10,113] {dagbag.py:507} INFO - Filling up the DagBag from /home/kennedy/.local/lib/python3.10/site-packages/airflow/example_dags/example_branch_datetime_operator.py
[2024-10-04 23:40:10,132] {processor.py:651} INFO - DAG(s) dict_keys(['example_branch_datetime_operator_2']) retrieved from /home/kennedy/.local/lib/python3.10/site-packages/airflow/example_dags/example_branch_datetime_operator.py
[2024-10-04 23:40:10,229] {logging_mixin.py:115} INFO - [2024-10-04 23:40:10,229] {dag.py:2379} INFO - Sync 1 DAGs
[2024-10-04 23:40:10,266] {logging_mixin.py:115} INFO - [2024-10-04 23:40:10,265] {dag.py:2927} INFO - Setting next_dagrun for example_branch_datetime_operator_2 to 2024-10-04T00:00:00+00:00, run_after=2024-10-05T00:00:00+00:00
[2024-10-04 23:40:12,335] {processor.py:161} INFO - Processing /home/kennedy/.local/lib/python3.10/site-packages/airflow/example_dags/example_branch_datetime_operator.py took 2.236 seconds
[2024-10-04 23:41:36,622] {processor.py:153} INFO - Started process (PID=99473) to work on /home/kennedy/.local/lib/python3.10/site-packages/airflow/example_dags/example_branch_datetime_operator.py
[2024-10-04 23:41:36,760] {processor.py:641} INFO - Processing file /home/kennedy/.local/lib/python3.10/site-packages/airflow/example_dags/example_branch_datetime_operator.py for tasks to queue
[2024-10-04 23:41:36,761] {logging_mixin.py:115} INFO - [2024-10-04 23:41:36,761] {dagbag.py:507} INFO - Filling up the DagBag from /home/kennedy/.local/lib/python3.10/site-packages/airflow/example_dags/example_branch_datetime_operator.py
[2024-10-04 23:41:36,781] {processor.py:651} INFO - DAG(s) dict_keys(['example_branch_datetime_operator_2']) retrieved from /home/kennedy/.local/lib/python3.10/site-packages/airflow/example_dags/example_branch_datetime_operator.py
[2024-10-04 23:41:36,956] {logging_mixin.py:115} INFO - [2024-10-04 23:41:36,956] {dag.py:2379} INFO - Sync 1 DAGs
[2024-10-04 23:41:37,006] {logging_mixin.py:115} INFO - [2024-10-04 23:41:37,006] {dag.py:2927} INFO - Setting next_dagrun for example_branch_datetime_operator_2 to 2024-10-04T00:00:00+00:00, run_after=2024-10-05T00:00:00+00:00
[2024-10-04 23:41:37,139] {processor.py:161} INFO - Processing /home/kennedy/.local/lib/python3.10/site-packages/airflow/example_dags/example_branch_datetime_operator.py took 0.524 seconds
[2024-10-04 23:43:17,987] {processor.py:153} INFO - Started process (PID=99804) to work on /home/kennedy/.local/lib/python3.10/site-packages/airflow/example_dags/example_branch_datetime_operator.py
[2024-10-04 23:43:18,065] {processor.py:641} INFO - Processing file /home/kennedy/.local/lib/python3.10/site-packages/airflow/example_dags/example_branch_datetime_operator.py for tasks to queue
[2024-10-04 23:43:18,066] {logging_mixin.py:115} INFO - [2024-10-04 23:43:18,066] {dagbag.py:507} INFO - Filling up the DagBag from /home/kennedy/.local/lib/python3.10/site-packages/airflow/example_dags/example_branch_datetime_operator.py
[2024-10-04 23:43:18,086] {processor.py:651} INFO - DAG(s) dict_keys(['example_branch_datetime_operator_2']) retrieved from /home/kennedy/.local/lib/python3.10/site-packages/airflow/example_dags/example_branch_datetime_operator.py
[2024-10-04 23:43:18,235] {logging_mixin.py:115} INFO - [2024-10-04 23:43:18,234] {dag.py:2379} INFO - Sync 1 DAGs
[2024-10-04 23:43:18,280] {logging_mixin.py:115} INFO - [2024-10-04 23:43:18,279] {dag.py:2927} INFO - Setting next_dagrun for example_branch_datetime_operator_2 to 2024-10-04T00:00:00+00:00, run_after=2024-10-05T00:00:00+00:00
[2024-10-04 23:43:18,378] {processor.py:161} INFO - Processing /home/kennedy/.local/lib/python3.10/site-packages/airflow/example_dags/example_branch_datetime_operator.py took 0.397 seconds
[2024-10-04 23:43:27,388] {processor.py:153} INFO - Started process (PID=99815) to work on /home/kennedy/.local/lib/python3.10/site-packages/airflow/example_dags/example_branch_datetime_operator.py
[2024-10-04 23:43:28,384] {processor.py:641} INFO - Processing file /home/kennedy/.local/lib/python3.10/site-packages/airflow/example_dags/example_branch_datetime_operator.py for tasks to queue
[2024-10-04 23:43:28,386] {logging_mixin.py:115} INFO - [2024-10-04 23:43:28,386] {dagbag.py:507} INFO - Filling up the DagBag from /home/kennedy/.local/lib/python3.10/site-packages/airflow/example_dags/example_branch_datetime_operator.py
[2024-10-04 23:43:28,408] {processor.py:651} INFO - DAG(s) dict_keys(['example_branch_datetime_operator_2']) retrieved from /home/kennedy/.local/lib/python3.10/site-packages/airflow/example_dags/example_branch_datetime_operator.py
[2024-10-04 23:43:28,502] {logging_mixin.py:115} INFO - [2024-10-04 23:43:28,502] {dag.py:2379} INFO - Sync 1 DAGs
[2024-10-04 23:43:28,626] {logging_mixin.py:115} INFO - [2024-10-04 23:43:28,626] {dag.py:2927} INFO - Setting next_dagrun for example_branch_datetime_operator_2 to 2024-10-04T00:00:00+00:00, run_after=2024-10-05T00:00:00+00:00
[2024-10-04 23:43:28,725] {processor.py:161} INFO - Processing /home/kennedy/.local/lib/python3.10/site-packages/airflow/example_dags/example_branch_datetime_operator.py took 1.346 seconds
[2024-10-04 23:44:59,728] {processor.py:153} INFO - Started process (PID=100061) to work on /home/kennedy/.local/lib/python3.10/site-packages/airflow/example_dags/example_branch_datetime_operator.py
[2024-10-04 23:44:59,741] {processor.py:641} INFO - Processing file /home/kennedy/.local/lib/python3.10/site-packages/airflow/example_dags/example_branch_datetime_operator.py for tasks to queue
[2024-10-04 23:44:59,742] {logging_mixin.py:115} INFO - [2024-10-04 23:44:59,742] {dagbag.py:507} INFO - Filling up the DagBag from /home/kennedy/.local/lib/python3.10/site-packages/airflow/example_dags/example_branch_datetime_operator.py
[2024-10-04 23:44:59,763] {processor.py:651} INFO - DAG(s) dict_keys(['example_branch_datetime_operator_2']) retrieved from /home/kennedy/.local/lib/python3.10/site-packages/airflow/example_dags/example_branch_datetime_operator.py
[2024-10-04 23:44:59,802] {logging_mixin.py:115} INFO - [2024-10-04 23:44:59,802] {dag.py:2379} INFO - Sync 1 DAGs
[2024-10-04 23:44:59,842] {logging_mixin.py:115} INFO - [2024-10-04 23:44:59,842] {dag.py:2927} INFO - Setting next_dagrun for example_branch_datetime_operator_2 to 2024-10-04T00:00:00+00:00, run_after=2024-10-05T00:00:00+00:00
[2024-10-04 23:45:01,331] {processor.py:161} INFO - Processing /home/kennedy/.local/lib/python3.10/site-packages/airflow/example_dags/example_branch_datetime_operator.py took 1.609 seconds
[2024-10-04 23:47:10,947] {processor.py:153} INFO - Started process (PID=101233) to work on /home/kennedy/.local/lib/python3.10/site-packages/airflow/example_dags/example_branch_datetime_operator.py
[2024-10-04 23:47:10,959] {processor.py:641} INFO - Processing file /home/kennedy/.local/lib/python3.10/site-packages/airflow/example_dags/example_branch_datetime_operator.py for tasks to queue
[2024-10-04 23:47:10,960] {logging_mixin.py:115} INFO - [2024-10-04 23:47:10,960] {dagbag.py:507} INFO - Filling up the DagBag from /home/kennedy/.local/lib/python3.10/site-packages/airflow/example_dags/example_branch_datetime_operator.py
[2024-10-04 23:47:10,979] {processor.py:651} INFO - DAG(s) dict_keys(['example_branch_datetime_operator_2']) retrieved from /home/kennedy/.local/lib/python3.10/site-packages/airflow/example_dags/example_branch_datetime_operator.py
[2024-10-04 23:47:11,095] {logging_mixin.py:115} INFO - [2024-10-04 23:47:11,095] {dag.py:2379} INFO - Sync 1 DAGs
[2024-10-04 23:47:11,135] {logging_mixin.py:115} INFO - [2024-10-04 23:47:11,135] {dag.py:2927} INFO - Setting next_dagrun for example_branch_datetime_operator_2 to 2024-10-04T00:00:00+00:00, run_after=2024-10-05T00:00:00+00:00
[2024-10-04 23:47:12,400] {processor.py:161} INFO - Processing /home/kennedy/.local/lib/python3.10/site-packages/airflow/example_dags/example_branch_datetime_operator.py took 1.460 seconds
[2024-10-04 23:49:16,045] {processor.py:153} INFO - Started process (PID=102322) to work on /home/kennedy/.local/lib/python3.10/site-packages/airflow/example_dags/example_branch_datetime_operator.py
[2024-10-04 23:49:16,075] {processor.py:641} INFO - Processing file /home/kennedy/.local/lib/python3.10/site-packages/airflow/example_dags/example_branch_datetime_operator.py for tasks to queue
[2024-10-04 23:49:16,076] {logging_mixin.py:115} INFO - [2024-10-04 23:49:16,076] {dagbag.py:507} INFO - Filling up the DagBag from /home/kennedy/.local/lib/python3.10/site-packages/airflow/example_dags/example_branch_datetime_operator.py
[2024-10-04 23:49:16,094] {processor.py:651} INFO - DAG(s) dict_keys(['example_branch_datetime_operator_2']) retrieved from /home/kennedy/.local/lib/python3.10/site-packages/airflow/example_dags/example_branch_datetime_operator.py
[2024-10-04 23:49:16,199] {logging_mixin.py:115} INFO - [2024-10-04 23:49:16,199] {dag.py:2379} INFO - Sync 1 DAGs
[2024-10-04 23:49:16,233] {logging_mixin.py:115} INFO - [2024-10-04 23:49:16,232] {dag.py:2927} INFO - Setting next_dagrun for example_branch_datetime_operator_2 to 2024-10-04T00:00:00+00:00, run_after=2024-10-05T00:00:00+00:00
[2024-10-04 23:49:17,994] {processor.py:161} INFO - Processing /home/kennedy/.local/lib/python3.10/site-packages/airflow/example_dags/example_branch_datetime_operator.py took 1.956 seconds
[2024-10-04 23:51:19,639] {processor.py:153} INFO - Started process (PID=102677) to work on /home/kennedy/.local/lib/python3.10/site-packages/airflow/example_dags/example_branch_datetime_operator.py
[2024-10-04 23:51:19,652] {processor.py:641} INFO - Processing file /home/kennedy/.local/lib/python3.10/site-packages/airflow/example_dags/example_branch_datetime_operator.py for tasks to queue
[2024-10-04 23:51:19,653] {logging_mixin.py:115} INFO - [2024-10-04 23:51:19,653] {dagbag.py:507} INFO - Filling up the DagBag from /home/kennedy/.local/lib/python3.10/site-packages/airflow/example_dags/example_branch_datetime_operator.py
[2024-10-04 23:51:19,673] {processor.py:651} INFO - DAG(s) dict_keys(['example_branch_datetime_operator_2']) retrieved from /home/kennedy/.local/lib/python3.10/site-packages/airflow/example_dags/example_branch_datetime_operator.py
[2024-10-04 23:51:19,714] {logging_mixin.py:115} INFO - [2024-10-04 23:51:19,714] {dag.py:2379} INFO - Sync 1 DAGs
[2024-10-04 23:51:19,757] {logging_mixin.py:115} INFO - [2024-10-04 23:51:19,756] {dag.py:2927} INFO - Setting next_dagrun for example_branch_datetime_operator_2 to 2024-10-04T00:00:00+00:00, run_after=2024-10-05T00:00:00+00:00
[2024-10-04 23:51:22,311] {processor.py:161} INFO - Processing /home/kennedy/.local/lib/python3.10/site-packages/airflow/example_dags/example_branch_datetime_operator.py took 2.678 seconds
[2024-10-04 23:52:52,659] {processor.py:153} INFO - Started process (PID=102863) to work on /home/kennedy/.local/lib/python3.10/site-packages/airflow/example_dags/example_branch_datetime_operator.py
[2024-10-04 23:52:52,661] {processor.py:641} INFO - Processing file /home/kennedy/.local/lib/python3.10/site-packages/airflow/example_dags/example_branch_datetime_operator.py for tasks to queue
[2024-10-04 23:52:52,662] {logging_mixin.py:115} INFO - [2024-10-04 23:52:52,662] {dagbag.py:507} INFO - Filling up the DagBag from /home/kennedy/.local/lib/python3.10/site-packages/airflow/example_dags/example_branch_datetime_operator.py
[2024-10-04 23:52:52,686] {processor.py:651} INFO - DAG(s) dict_keys(['example_branch_datetime_operator_2']) retrieved from /home/kennedy/.local/lib/python3.10/site-packages/airflow/example_dags/example_branch_datetime_operator.py
[2024-10-04 23:52:52,737] {logging_mixin.py:115} INFO - [2024-10-04 23:52:52,737] {dag.py:2379} INFO - Sync 1 DAGs
[2024-10-04 23:52:52,790] {logging_mixin.py:115} INFO - [2024-10-04 23:52:52,789] {dag.py:2927} INFO - Setting next_dagrun for example_branch_datetime_operator_2 to 2024-10-04T00:00:00+00:00, run_after=2024-10-05T00:00:00+00:00
[2024-10-04 23:52:53,305] {processor.py:161} INFO - Processing /home/kennedy/.local/lib/python3.10/site-packages/airflow/example_dags/example_branch_datetime_operator.py took 0.654 seconds
[2024-10-04 23:54:28,613] {processor.py:153} INFO - Started process (PID=103868) to work on /home/kennedy/.local/lib/python3.10/site-packages/airflow/example_dags/example_branch_datetime_operator.py
[2024-10-04 23:54:28,726] {processor.py:641} INFO - Processing file /home/kennedy/.local/lib/python3.10/site-packages/airflow/example_dags/example_branch_datetime_operator.py for tasks to queue
[2024-10-04 23:54:28,727] {logging_mixin.py:115} INFO - [2024-10-04 23:54:28,726] {dagbag.py:507} INFO - Filling up the DagBag from /home/kennedy/.local/lib/python3.10/site-packages/airflow/example_dags/example_branch_datetime_operator.py
[2024-10-04 23:54:28,743] {processor.py:651} INFO - DAG(s) dict_keys(['example_branch_datetime_operator_2']) retrieved from /home/kennedy/.local/lib/python3.10/site-packages/airflow/example_dags/example_branch_datetime_operator.py
[2024-10-04 23:54:28,782] {logging_mixin.py:115} INFO - [2024-10-04 23:54:28,781] {dag.py:2379} INFO - Sync 1 DAGs
[2024-10-04 23:54:28,823] {logging_mixin.py:115} INFO - [2024-10-04 23:54:28,823] {dag.py:2927} INFO - Setting next_dagrun for example_branch_datetime_operator_2 to 2024-10-04T00:00:00+00:00, run_after=2024-10-05T00:00:00+00:00
[2024-10-04 23:54:31,004] {processor.py:161} INFO - Processing /home/kennedy/.local/lib/python3.10/site-packages/airflow/example_dags/example_branch_datetime_operator.py took 2.398 seconds
[2024-10-04 23:56:24,294] {processor.py:153} INFO - Started process (PID=104855) to work on /home/kennedy/.local/lib/python3.10/site-packages/airflow/example_dags/example_branch_datetime_operator.py
[2024-10-04 23:56:24,313] {processor.py:641} INFO - Processing file /home/kennedy/.local/lib/python3.10/site-packages/airflow/example_dags/example_branch_datetime_operator.py for tasks to queue
[2024-10-04 23:56:24,314] {logging_mixin.py:115} INFO - [2024-10-04 23:56:24,314] {dagbag.py:507} INFO - Filling up the DagBag from /home/kennedy/.local/lib/python3.10/site-packages/airflow/example_dags/example_branch_datetime_operator.py
[2024-10-04 23:56:24,333] {processor.py:651} INFO - DAG(s) dict_keys(['example_branch_datetime_operator_2']) retrieved from /home/kennedy/.local/lib/python3.10/site-packages/airflow/example_dags/example_branch_datetime_operator.py
[2024-10-04 23:56:24,373] {logging_mixin.py:115} INFO - [2024-10-04 23:56:24,373] {dag.py:2379} INFO - Sync 1 DAGs
[2024-10-04 23:56:24,425] {logging_mixin.py:115} INFO - [2024-10-04 23:56:24,425] {dag.py:2927} INFO - Setting next_dagrun for example_branch_datetime_operator_2 to 2024-10-04T00:00:00+00:00, run_after=2024-10-05T00:00:00+00:00
[2024-10-04 23:56:24,758] {processor.py:161} INFO - Processing /home/kennedy/.local/lib/python3.10/site-packages/airflow/example_dags/example_branch_datetime_operator.py took 0.470 seconds
[2024-10-04 23:58:26,588] {processor.py:153} INFO - Started process (PID=105283) to work on /home/kennedy/.local/lib/python3.10/site-packages/airflow/example_dags/example_branch_datetime_operator.py
[2024-10-04 23:58:27,278] {processor.py:641} INFO - Processing file /home/kennedy/.local/lib/python3.10/site-packages/airflow/example_dags/example_branch_datetime_operator.py for tasks to queue
[2024-10-04 23:58:27,279] {logging_mixin.py:115} INFO - [2024-10-04 23:58:27,279] {dagbag.py:507} INFO - Filling up the DagBag from /home/kennedy/.local/lib/python3.10/site-packages/airflow/example_dags/example_branch_datetime_operator.py
[2024-10-04 23:58:27,306] {processor.py:651} INFO - DAG(s) dict_keys(['example_branch_datetime_operator_2']) retrieved from /home/kennedy/.local/lib/python3.10/site-packages/airflow/example_dags/example_branch_datetime_operator.py
[2024-10-04 23:58:27,339] {logging_mixin.py:115} INFO - [2024-10-04 23:58:27,339] {dag.py:2379} INFO - Sync 1 DAGs
[2024-10-04 23:58:27,383] {logging_mixin.py:115} INFO - [2024-10-04 23:58:27,382] {dag.py:2927} INFO - Setting next_dagrun for example_branch_datetime_operator_2 to 2024-10-04T00:00:00+00:00, run_after=2024-10-05T00:00:00+00:00
[2024-10-04 23:58:28,666] {processor.py:161} INFO - Processing /home/kennedy/.local/lib/python3.10/site-packages/airflow/example_dags/example_branch_datetime_operator.py took 2.085 seconds
[2024-10-05 00:00:23,399] {processor.py:153} INFO - Started process (PID=105608) to work on /home/kennedy/.local/lib/python3.10/site-packages/airflow/example_dags/example_branch_datetime_operator.py
[2024-10-05 00:00:23,408] {processor.py:641} INFO - Processing file /home/kennedy/.local/lib/python3.10/site-packages/airflow/example_dags/example_branch_datetime_operator.py for tasks to queue
[2024-10-05 00:00:23,409] {logging_mixin.py:115} INFO - [2024-10-05 00:00:23,409] {dagbag.py:507} INFO - Filling up the DagBag from /home/kennedy/.local/lib/python3.10/site-packages/airflow/example_dags/example_branch_datetime_operator.py
[2024-10-05 00:00:23,438] {processor.py:651} INFO - DAG(s) dict_keys(['example_branch_datetime_operator_2']) retrieved from /home/kennedy/.local/lib/python3.10/site-packages/airflow/example_dags/example_branch_datetime_operator.py
[2024-10-05 00:00:23,471] {logging_mixin.py:115} INFO - [2024-10-05 00:00:23,470] {dag.py:2379} INFO - Sync 1 DAGs
[2024-10-05 00:00:23,512] {logging_mixin.py:115} INFO - [2024-10-05 00:00:23,512] {dag.py:2927} INFO - Setting next_dagrun for example_branch_datetime_operator_2 to 2024-10-04T00:00:00+00:00, run_after=2024-10-05T00:00:00+00:00
[2024-10-05 00:00:24,194] {processor.py:161} INFO - Processing /home/kennedy/.local/lib/python3.10/site-packages/airflow/example_dags/example_branch_datetime_operator.py took 0.802 seconds
[2024-10-05 00:01:47,526] {processor.py:153} INFO - Started process (PID=105868) to work on /home/kennedy/.local/lib/python3.10/site-packages/airflow/example_dags/example_branch_datetime_operator.py
[2024-10-05 00:01:47,636] {processor.py:641} INFO - Processing file /home/kennedy/.local/lib/python3.10/site-packages/airflow/example_dags/example_branch_datetime_operator.py for tasks to queue
[2024-10-05 00:01:47,637] {logging_mixin.py:115} INFO - [2024-10-05 00:01:47,637] {dagbag.py:507} INFO - Filling up the DagBag from /home/kennedy/.local/lib/python3.10/site-packages/airflow/example_dags/example_branch_datetime_operator.py
[2024-10-05 00:01:47,666] {processor.py:651} INFO - DAG(s) dict_keys(['example_branch_datetime_operator_2']) retrieved from /home/kennedy/.local/lib/python3.10/site-packages/airflow/example_dags/example_branch_datetime_operator.py
[2024-10-05 00:01:47,699] {logging_mixin.py:115} INFO - [2024-10-05 00:01:47,699] {dag.py:2379} INFO - Sync 1 DAGs
[2024-10-05 00:01:47,742] {logging_mixin.py:115} INFO - [2024-10-05 00:01:47,742] {dag.py:2927} INFO - Setting next_dagrun for example_branch_datetime_operator_2 to 2024-10-04T00:00:00+00:00, run_after=2024-10-05T00:00:00+00:00
[2024-10-05 00:01:48,639] {processor.py:161} INFO - Processing /home/kennedy/.local/lib/python3.10/site-packages/airflow/example_dags/example_branch_datetime_operator.py took 1.120 seconds
