[2024-10-04 23:33:20,505] {processor.py:153} INFO - Started process (PID=97039) to work on /home/kennedy/.local/lib/python3.10/site-packages/airflow/example_dags/example_external_task_marker_dag.py
[2024-10-04 23:33:20,506] {processor.py:641} INFO - Processing file /home/kennedy/.local/lib/python3.10/site-packages/airflow/example_dags/example_external_task_marker_dag.py for tasks to queue
[2024-10-04 23:33:20,507] {logging_mixin.py:115} INFO - [2024-10-04 23:33:20,507] {dagbag.py:507} INFO - Filling up the DagBag from /home/kennedy/.local/lib/python3.10/site-packages/airflow/example_dags/example_external_task_marker_dag.py
[2024-10-04 23:33:20,519] {processor.py:651} INFO - DAG(s) dict_keys(['example_external_task_marker_parent', 'example_external_task_marker_child']) retrieved from /home/kennedy/.local/lib/python3.10/site-packages/airflow/example_dags/example_external_task_marker_dag.py
[2024-10-04 23:33:21,920] {logging_mixin.py:115} INFO - [2024-10-04 23:33:21,920] {manager.py:508} INFO - Created Permission View: can edit on DAG:example_external_task_marker_parent
[2024-10-04 23:33:22,066] {logging_mixin.py:115} INFO - [2024-10-04 23:33:22,066] {manager.py:508} INFO - Created Permission View: can delete on DAG:example_external_task_marker_parent
[2024-10-04 23:33:22,173] {logging_mixin.py:115} INFO - [2024-10-04 23:33:22,173] {manager.py:508} INFO - Created Permission View: can read on DAG:example_external_task_marker_parent
[2024-10-04 23:33:22,432] {logging_mixin.py:115} INFO - [2024-10-04 23:33:22,431] {manager.py:508} INFO - Created Permission View: can edit on DAG:example_external_task_marker_child
[2024-10-04 23:33:22,591] {logging_mixin.py:115} INFO - [2024-10-04 23:33:22,590] {manager.py:508} INFO - Created Permission View: can delete on DAG:example_external_task_marker_child
[2024-10-04 23:33:22,726] {logging_mixin.py:115} INFO - [2024-10-04 23:33:22,726] {manager.py:508} INFO - Created Permission View: can read on DAG:example_external_task_marker_child
[2024-10-04 23:33:22,726] {logging_mixin.py:115} INFO - [2024-10-04 23:33:22,726] {dag.py:2379} INFO - Sync 2 DAGs
[2024-10-04 23:33:22,751] {logging_mixin.py:115} INFO - [2024-10-04 23:33:22,751] {dag.py:2398} INFO - Creating ORM DAG for example_external_task_marker_child
[2024-10-04 23:33:22,753] {logging_mixin.py:115} INFO - [2024-10-04 23:33:22,753] {dag.py:2398} INFO - Creating ORM DAG for example_external_task_marker_parent
[2024-10-04 23:33:22,777] {logging_mixin.py:115} INFO - [2024-10-04 23:33:22,776] {dag.py:2927} INFO - Setting next_dagrun for example_external_task_marker_child to None, run_after=None
[2024-10-04 23:33:22,778] {logging_mixin.py:115} INFO - [2024-10-04 23:33:22,777] {dag.py:2927} INFO - Setting next_dagrun for example_external_task_marker_parent to None, run_after=None
[2024-10-04 23:33:23,311] {processor.py:161} INFO - Processing /home/kennedy/.local/lib/python3.10/site-packages/airflow/example_dags/example_external_task_marker_dag.py took 2.813 seconds
[2024-10-04 23:34:24,873] {processor.py:153} INFO - Started process (PID=97083) to work on /home/kennedy/.local/lib/python3.10/site-packages/airflow/example_dags/example_external_task_marker_dag.py
[2024-10-04 23:34:24,880] {processor.py:641} INFO - Processing file /home/kennedy/.local/lib/python3.10/site-packages/airflow/example_dags/example_external_task_marker_dag.py for tasks to queue
[2024-10-04 23:34:24,882] {logging_mixin.py:115} INFO - [2024-10-04 23:34:24,881] {dagbag.py:507} INFO - Filling up the DagBag from /home/kennedy/.local/lib/python3.10/site-packages/airflow/example_dags/example_external_task_marker_dag.py
[2024-10-04 23:34:24,888] {processor.py:651} INFO - DAG(s) dict_keys(['example_external_task_marker_parent', 'example_external_task_marker_child']) retrieved from /home/kennedy/.local/lib/python3.10/site-packages/airflow/example_dags/example_external_task_marker_dag.py
[2024-10-04 23:34:24,921] {logging_mixin.py:115} INFO - [2024-10-04 23:34:24,921] {dag.py:2379} INFO - Sync 2 DAGs
[2024-10-04 23:34:24,934] {logging_mixin.py:115} INFO - [2024-10-04 23:34:24,934] {dag.py:2927} INFO - Setting next_dagrun for example_external_task_marker_child to None, run_after=None
[2024-10-04 23:34:24,934] {logging_mixin.py:115} INFO - [2024-10-04 23:34:24,934] {dag.py:2927} INFO - Setting next_dagrun for example_external_task_marker_parent to None, run_after=None
[2024-10-04 23:34:25,125] {processor.py:161} INFO - Processing /home/kennedy/.local/lib/python3.10/site-packages/airflow/example_dags/example_external_task_marker_dag.py took 0.255 seconds
[2024-10-04 23:35:22,949] {processor.py:153} INFO - Started process (PID=97128) to work on /home/kennedy/.local/lib/python3.10/site-packages/airflow/example_dags/example_external_task_marker_dag.py
[2024-10-04 23:35:22,961] {processor.py:641} INFO - Processing file /home/kennedy/.local/lib/python3.10/site-packages/airflow/example_dags/example_external_task_marker_dag.py for tasks to queue
[2024-10-04 23:35:22,962] {logging_mixin.py:115} INFO - [2024-10-04 23:35:22,962] {dagbag.py:507} INFO - Filling up the DagBag from /home/kennedy/.local/lib/python3.10/site-packages/airflow/example_dags/example_external_task_marker_dag.py
[2024-10-04 23:35:22,971] {processor.py:651} INFO - DAG(s) dict_keys(['example_external_task_marker_parent', 'example_external_task_marker_child']) retrieved from /home/kennedy/.local/lib/python3.10/site-packages/airflow/example_dags/example_external_task_marker_dag.py
[2024-10-04 23:35:23,064] {logging_mixin.py:115} INFO - [2024-10-04 23:35:23,064] {dag.py:2379} INFO - Sync 2 DAGs
[2024-10-04 23:35:23,104] {logging_mixin.py:115} INFO - [2024-10-04 23:35:23,104] {dag.py:2927} INFO - Setting next_dagrun for example_external_task_marker_child to None, run_after=None
[2024-10-04 23:35:23,105] {logging_mixin.py:115} INFO - [2024-10-04 23:35:23,105] {dag.py:2927} INFO - Setting next_dagrun for example_external_task_marker_parent to None, run_after=None
[2024-10-04 23:35:23,680] {processor.py:161} INFO - Processing /home/kennedy/.local/lib/python3.10/site-packages/airflow/example_dags/example_external_task_marker_dag.py took 0.738 seconds
[2024-10-04 23:37:01,964] {processor.py:153} INFO - Started process (PID=98314) to work on /home/kennedy/.local/lib/python3.10/site-packages/airflow/example_dags/example_external_task_marker_dag.py
[2024-10-04 23:37:02,009] {processor.py:641} INFO - Processing file /home/kennedy/.local/lib/python3.10/site-packages/airflow/example_dags/example_external_task_marker_dag.py for tasks to queue
[2024-10-04 23:37:02,010] {logging_mixin.py:115} INFO - [2024-10-04 23:37:02,009] {dagbag.py:507} INFO - Filling up the DagBag from /home/kennedy/.local/lib/python3.10/site-packages/airflow/example_dags/example_external_task_marker_dag.py
[2024-10-04 23:37:02,020] {processor.py:651} INFO - DAG(s) dict_keys(['example_external_task_marker_parent', 'example_external_task_marker_child']) retrieved from /home/kennedy/.local/lib/python3.10/site-packages/airflow/example_dags/example_external_task_marker_dag.py
[2024-10-04 23:37:02,202] {logging_mixin.py:115} INFO - [2024-10-04 23:37:02,201] {dag.py:2379} INFO - Sync 2 DAGs
[2024-10-04 23:37:02,250] {logging_mixin.py:115} INFO - [2024-10-04 23:37:02,250] {dag.py:2927} INFO - Setting next_dagrun for example_external_task_marker_child to None, run_after=None
[2024-10-04 23:37:02,251] {logging_mixin.py:115} INFO - [2024-10-04 23:37:02,251] {dag.py:2927} INFO - Setting next_dagrun for example_external_task_marker_parent to None, run_after=None
[2024-10-04 23:37:02,473] {processor.py:161} INFO - Processing /home/kennedy/.local/lib/python3.10/site-packages/airflow/example_dags/example_external_task_marker_dag.py took 0.516 seconds
[2024-10-04 23:38:55,564] {processor.py:153} INFO - Started process (PID=99168) to work on /home/kennedy/.local/lib/python3.10/site-packages/airflow/example_dags/example_external_task_marker_dag.py
[2024-10-04 23:38:55,586] {processor.py:641} INFO - Processing file /home/kennedy/.local/lib/python3.10/site-packages/airflow/example_dags/example_external_task_marker_dag.py for tasks to queue
[2024-10-04 23:38:55,587] {logging_mixin.py:115} INFO - [2024-10-04 23:38:55,587] {dagbag.py:507} INFO - Filling up the DagBag from /home/kennedy/.local/lib/python3.10/site-packages/airflow/example_dags/example_external_task_marker_dag.py
[2024-10-04 23:38:55,594] {processor.py:651} INFO - DAG(s) dict_keys(['example_external_task_marker_parent', 'example_external_task_marker_child']) retrieved from /home/kennedy/.local/lib/python3.10/site-packages/airflow/example_dags/example_external_task_marker_dag.py
[2024-10-04 23:38:56,120] {logging_mixin.py:115} INFO - [2024-10-04 23:38:56,119] {dag.py:2379} INFO - Sync 2 DAGs
[2024-10-04 23:38:56,149] {logging_mixin.py:115} INFO - [2024-10-04 23:38:56,148] {dag.py:2927} INFO - Setting next_dagrun for example_external_task_marker_child to None, run_after=None
[2024-10-04 23:38:56,149] {logging_mixin.py:115} INFO - [2024-10-04 23:38:56,149] {dag.py:2927} INFO - Setting next_dagrun for example_external_task_marker_parent to None, run_after=None
[2024-10-04 23:38:56,248] {processor.py:161} INFO - Processing /home/kennedy/.local/lib/python3.10/site-packages/airflow/example_dags/example_external_task_marker_dag.py took 0.687 seconds
[2024-10-04 23:39:52,844] {processor.py:153} INFO - Started process (PID=99218) to work on /home/kennedy/KR/Programação/01.Exercícios/DE/Movies/venv/lib/python3.10/site-packages/airflow/example_dags/example_external_task_marker_dag.py
[2024-10-04 23:39:53,341] {processor.py:641} INFO - Processing file /home/kennedy/KR/Programação/01.Exercícios/DE/Movies/venv/lib/python3.10/site-packages/airflow/example_dags/example_external_task_marker_dag.py for tasks to queue
[2024-10-04 23:39:53,342] {logging_mixin.py:115} INFO - [2024-10-04 23:39:53,342] {dagbag.py:507} INFO - Filling up the DagBag from /home/kennedy/KR/Programação/01.Exercícios/DE/Movies/venv/lib/python3.10/site-packages/airflow/example_dags/example_external_task_marker_dag.py
[2024-10-04 23:39:53,353] {processor.py:651} INFO - DAG(s) dict_keys(['example_external_task_marker_parent', 'example_external_task_marker_child']) retrieved from /home/kennedy/KR/Programação/01.Exercícios/DE/Movies/venv/lib/python3.10/site-packages/airflow/example_dags/example_external_task_marker_dag.py
[2024-10-04 23:39:54,113] {logging_mixin.py:115} INFO - [2024-10-04 23:39:54,112] {dag.py:2379} INFO - Sync 2 DAGs
[2024-10-04 23:39:54,150] {logging_mixin.py:115} INFO - [2024-10-04 23:39:54,150] {dag.py:2927} INFO - Setting next_dagrun for example_external_task_marker_child to None, run_after=None
[2024-10-04 23:39:54,151] {logging_mixin.py:115} INFO - [2024-10-04 23:39:54,151] {dag.py:2927} INFO - Setting next_dagrun for example_external_task_marker_parent to None, run_after=None
[2024-10-04 23:39:55,085] {processor.py:161} INFO - Processing /home/kennedy/KR/Programação/01.Exercícios/DE/Movies/venv/lib/python3.10/site-packages/airflow/example_dags/example_external_task_marker_dag.py took 2.247 seconds
[2024-10-04 23:40:43,742] {processor.py:153} INFO - Started process (PID=99370) to work on /home/kennedy/.local/lib/python3.10/site-packages/airflow/example_dags/example_external_task_marker_dag.py
[2024-10-04 23:40:43,747] {processor.py:641} INFO - Processing file /home/kennedy/.local/lib/python3.10/site-packages/airflow/example_dags/example_external_task_marker_dag.py for tasks to queue
[2024-10-04 23:40:43,748] {logging_mixin.py:115} INFO - [2024-10-04 23:40:43,748] {dagbag.py:507} INFO - Filling up the DagBag from /home/kennedy/.local/lib/python3.10/site-packages/airflow/example_dags/example_external_task_marker_dag.py
[2024-10-04 23:40:43,758] {processor.py:651} INFO - DAG(s) dict_keys(['example_external_task_marker_parent', 'example_external_task_marker_child']) retrieved from /home/kennedy/.local/lib/python3.10/site-packages/airflow/example_dags/example_external_task_marker_dag.py
[2024-10-04 23:40:43,914] {logging_mixin.py:115} INFO - [2024-10-04 23:40:43,914] {dag.py:2379} INFO - Sync 2 DAGs
[2024-10-04 23:40:43,946] {logging_mixin.py:115} INFO - [2024-10-04 23:40:43,946] {dag.py:2927} INFO - Setting next_dagrun for example_external_task_marker_child to None, run_after=None
[2024-10-04 23:40:43,947] {logging_mixin.py:115} INFO - [2024-10-04 23:40:43,947] {dag.py:2927} INFO - Setting next_dagrun for example_external_task_marker_parent to None, run_after=None
[2024-10-04 23:40:45,155] {processor.py:161} INFO - Processing /home/kennedy/.local/lib/python3.10/site-packages/airflow/example_dags/example_external_task_marker_dag.py took 1.420 seconds
[2024-10-04 23:42:08,079] {processor.py:153} INFO - Started process (PID=99668) to work on /home/kennedy/.local/lib/python3.10/site-packages/airflow/example_dags/example_external_task_marker_dag.py
[2024-10-04 23:42:08,132] {processor.py:641} INFO - Processing file /home/kennedy/.local/lib/python3.10/site-packages/airflow/example_dags/example_external_task_marker_dag.py for tasks to queue
[2024-10-04 23:42:08,133] {logging_mixin.py:115} INFO - [2024-10-04 23:42:08,133] {dagbag.py:507} INFO - Filling up the DagBag from /home/kennedy/.local/lib/python3.10/site-packages/airflow/example_dags/example_external_task_marker_dag.py
[2024-10-04 23:42:08,143] {processor.py:651} INFO - DAG(s) dict_keys(['example_external_task_marker_parent', 'example_external_task_marker_child']) retrieved from /home/kennedy/.local/lib/python3.10/site-packages/airflow/example_dags/example_external_task_marker_dag.py
[2024-10-04 23:42:09,098] {logging_mixin.py:115} INFO - [2024-10-04 23:42:09,098] {dag.py:2379} INFO - Sync 2 DAGs
[2024-10-04 23:42:09,139] {logging_mixin.py:115} INFO - [2024-10-04 23:42:09,139] {dag.py:2927} INFO - Setting next_dagrun for example_external_task_marker_child to None, run_after=None
[2024-10-04 23:42:09,139] {logging_mixin.py:115} INFO - [2024-10-04 23:42:09,139] {dag.py:2927} INFO - Setting next_dagrun for example_external_task_marker_parent to None, run_after=None
[2024-10-04 23:42:09,255] {processor.py:161} INFO - Processing /home/kennedy/.local/lib/python3.10/site-packages/airflow/example_dags/example_external_task_marker_dag.py took 1.180 seconds
[2024-10-04 23:43:06,514] {processor.py:153} INFO - Started process (PID=99792) to work on /home/kennedy/.local/lib/python3.10/site-packages/airflow/example_dags/example_external_task_marker_dag.py
[2024-10-04 23:43:07,190] {processor.py:641} INFO - Processing file /home/kennedy/.local/lib/python3.10/site-packages/airflow/example_dags/example_external_task_marker_dag.py for tasks to queue
[2024-10-04 23:43:07,191] {logging_mixin.py:115} INFO - [2024-10-04 23:43:07,191] {dagbag.py:507} INFO - Filling up the DagBag from /home/kennedy/.local/lib/python3.10/site-packages/airflow/example_dags/example_external_task_marker_dag.py
[2024-10-04 23:43:07,201] {processor.py:651} INFO - DAG(s) dict_keys(['example_external_task_marker_parent', 'example_external_task_marker_child']) retrieved from /home/kennedy/.local/lib/python3.10/site-packages/airflow/example_dags/example_external_task_marker_dag.py
[2024-10-04 23:43:07,372] {logging_mixin.py:115} INFO - [2024-10-04 23:43:07,371] {dag.py:2379} INFO - Sync 2 DAGs
[2024-10-04 23:43:07,417] {logging_mixin.py:115} INFO - [2024-10-04 23:43:07,416] {dag.py:2927} INFO - Setting next_dagrun for example_external_task_marker_child to None, run_after=None
[2024-10-04 23:43:07,417] {logging_mixin.py:115} INFO - [2024-10-04 23:43:07,417] {dag.py:2927} INFO - Setting next_dagrun for example_external_task_marker_parent to None, run_after=None
[2024-10-04 23:43:07,525] {processor.py:161} INFO - Processing /home/kennedy/.local/lib/python3.10/site-packages/airflow/example_dags/example_external_task_marker_dag.py took 1.018 seconds
[2024-10-04 23:44:02,869] {processor.py:153} INFO - Started process (PID=99857) to work on /home/kennedy/.local/lib/python3.10/site-packages/airflow/example_dags/example_external_task_marker_dag.py
[2024-10-04 23:44:02,973] {processor.py:641} INFO - Processing file /home/kennedy/.local/lib/python3.10/site-packages/airflow/example_dags/example_external_task_marker_dag.py for tasks to queue
[2024-10-04 23:44:02,974] {logging_mixin.py:115} INFO - [2024-10-04 23:44:02,974] {dagbag.py:507} INFO - Filling up the DagBag from /home/kennedy/.local/lib/python3.10/site-packages/airflow/example_dags/example_external_task_marker_dag.py
[2024-10-04 23:44:02,985] {processor.py:651} INFO - DAG(s) dict_keys(['example_external_task_marker_parent', 'example_external_task_marker_child']) retrieved from /home/kennedy/.local/lib/python3.10/site-packages/airflow/example_dags/example_external_task_marker_dag.py
[2024-10-04 23:44:03,090] {logging_mixin.py:115} INFO - [2024-10-04 23:44:03,090] {dag.py:2379} INFO - Sync 2 DAGs
[2024-10-04 23:44:03,131] {logging_mixin.py:115} INFO - [2024-10-04 23:44:03,131] {dag.py:2927} INFO - Setting next_dagrun for example_external_task_marker_child to None, run_after=None
[2024-10-04 23:44:03,131] {logging_mixin.py:115} INFO - [2024-10-04 23:44:03,131] {dag.py:2927} INFO - Setting next_dagrun for example_external_task_marker_parent to None, run_after=None
[2024-10-04 23:44:03,303] {processor.py:161} INFO - Processing /home/kennedy/.local/lib/python3.10/site-packages/airflow/example_dags/example_external_task_marker_dag.py took 0.441 seconds
[2024-10-04 23:45:54,563] {processor.py:153} INFO - Started process (PID=100933) to work on /home/kennedy/.local/lib/python3.10/site-packages/airflow/example_dags/example_external_task_marker_dag.py
[2024-10-04 23:45:54,682] {processor.py:641} INFO - Processing file /home/kennedy/.local/lib/python3.10/site-packages/airflow/example_dags/example_external_task_marker_dag.py for tasks to queue
[2024-10-04 23:45:54,683] {logging_mixin.py:115} INFO - [2024-10-04 23:45:54,682] {dagbag.py:507} INFO - Filling up the DagBag from /home/kennedy/.local/lib/python3.10/site-packages/airflow/example_dags/example_external_task_marker_dag.py
[2024-10-04 23:45:54,688] {processor.py:651} INFO - DAG(s) dict_keys(['example_external_task_marker_parent', 'example_external_task_marker_child']) retrieved from /home/kennedy/.local/lib/python3.10/site-packages/airflow/example_dags/example_external_task_marker_dag.py
[2024-10-04 23:45:54,768] {logging_mixin.py:115} INFO - [2024-10-04 23:45:54,768] {dag.py:2379} INFO - Sync 2 DAGs
[2024-10-04 23:45:54,786] {logging_mixin.py:115} INFO - [2024-10-04 23:45:54,786] {dag.py:2927} INFO - Setting next_dagrun for example_external_task_marker_child to None, run_after=None
[2024-10-04 23:45:54,786] {logging_mixin.py:115} INFO - [2024-10-04 23:45:54,786] {dag.py:2927} INFO - Setting next_dagrun for example_external_task_marker_parent to None, run_after=None
[2024-10-04 23:45:56,721] {processor.py:161} INFO - Processing /home/kennedy/.local/lib/python3.10/site-packages/airflow/example_dags/example_external_task_marker_dag.py took 2.167 seconds
[2024-10-04 23:47:53,344] {processor.py:153} INFO - Started process (PID=101447) to work on /home/kennedy/.local/lib/python3.10/site-packages/airflow/example_dags/example_external_task_marker_dag.py
[2024-10-04 23:47:53,353] {processor.py:641} INFO - Processing file /home/kennedy/.local/lib/python3.10/site-packages/airflow/example_dags/example_external_task_marker_dag.py for tasks to queue
[2024-10-04 23:47:53,354] {logging_mixin.py:115} INFO - [2024-10-04 23:47:53,354] {dagbag.py:507} INFO - Filling up the DagBag from /home/kennedy/.local/lib/python3.10/site-packages/airflow/example_dags/example_external_task_marker_dag.py
[2024-10-04 23:47:53,364] {processor.py:651} INFO - DAG(s) dict_keys(['example_external_task_marker_parent', 'example_external_task_marker_child']) retrieved from /home/kennedy/.local/lib/python3.10/site-packages/airflow/example_dags/example_external_task_marker_dag.py
[2024-10-04 23:47:53,446] {logging_mixin.py:115} INFO - [2024-10-04 23:47:53,446] {dag.py:2379} INFO - Sync 2 DAGs
[2024-10-04 23:47:53,479] {logging_mixin.py:115} INFO - [2024-10-04 23:47:53,479] {dag.py:2927} INFO - Setting next_dagrun for example_external_task_marker_child to None, run_after=None
[2024-10-04 23:47:53,479] {logging_mixin.py:115} INFO - [2024-10-04 23:47:53,479] {dag.py:2927} INFO - Setting next_dagrun for example_external_task_marker_parent to None, run_after=None
[2024-10-04 23:47:54,189] {processor.py:161} INFO - Processing /home/kennedy/.local/lib/python3.10/site-packages/airflow/example_dags/example_external_task_marker_dag.py took 0.852 seconds
[2024-10-04 23:50:09,494] {processor.py:153} INFO - Started process (PID=102384) to work on /home/kennedy/.local/lib/python3.10/site-packages/airflow/example_dags/example_external_task_marker_dag.py
[2024-10-04 23:50:09,511] {processor.py:641} INFO - Processing file /home/kennedy/.local/lib/python3.10/site-packages/airflow/example_dags/example_external_task_marker_dag.py for tasks to queue
[2024-10-04 23:50:09,512] {logging_mixin.py:115} INFO - [2024-10-04 23:50:09,512] {dagbag.py:507} INFO - Filling up the DagBag from /home/kennedy/.local/lib/python3.10/site-packages/airflow/example_dags/example_external_task_marker_dag.py
[2024-10-04 23:50:09,522] {processor.py:651} INFO - DAG(s) dict_keys(['example_external_task_marker_parent', 'example_external_task_marker_child']) retrieved from /home/kennedy/.local/lib/python3.10/site-packages/airflow/example_dags/example_external_task_marker_dag.py
[2024-10-04 23:50:09,670] {logging_mixin.py:115} INFO - [2024-10-04 23:50:09,669] {dag.py:2379} INFO - Sync 2 DAGs
[2024-10-04 23:50:09,701] {logging_mixin.py:115} INFO - [2024-10-04 23:50:09,700] {dag.py:2927} INFO - Setting next_dagrun for example_external_task_marker_child to None, run_after=None
[2024-10-04 23:50:09,701] {logging_mixin.py:115} INFO - [2024-10-04 23:50:09,701] {dag.py:2927} INFO - Setting next_dagrun for example_external_task_marker_parent to None, run_after=None
[2024-10-04 23:50:11,368] {processor.py:161} INFO - Processing /home/kennedy/.local/lib/python3.10/site-packages/airflow/example_dags/example_external_task_marker_dag.py took 1.881 seconds
[2024-10-04 23:51:58,691] {processor.py:153} INFO - Started process (PID=102772) to work on /home/kennedy/.local/lib/python3.10/site-packages/airflow/example_dags/example_external_task_marker_dag.py
[2024-10-04 23:51:58,704] {processor.py:641} INFO - Processing file /home/kennedy/.local/lib/python3.10/site-packages/airflow/example_dags/example_external_task_marker_dag.py for tasks to queue
[2024-10-04 23:51:58,705] {logging_mixin.py:115} INFO - [2024-10-04 23:51:58,705] {dagbag.py:507} INFO - Filling up the DagBag from /home/kennedy/.local/lib/python3.10/site-packages/airflow/example_dags/example_external_task_marker_dag.py
[2024-10-04 23:51:58,715] {processor.py:651} INFO - DAG(s) dict_keys(['example_external_task_marker_parent', 'example_external_task_marker_child']) retrieved from /home/kennedy/.local/lib/python3.10/site-packages/airflow/example_dags/example_external_task_marker_dag.py
[2024-10-04 23:51:58,794] {logging_mixin.py:115} INFO - [2024-10-04 23:51:58,794] {dag.py:2379} INFO - Sync 2 DAGs
[2024-10-04 23:51:58,825] {logging_mixin.py:115} INFO - [2024-10-04 23:51:58,825] {dag.py:2927} INFO - Setting next_dagrun for example_external_task_marker_child to None, run_after=None
[2024-10-04 23:51:58,825] {logging_mixin.py:115} INFO - [2024-10-04 23:51:58,825] {dag.py:2927} INFO - Setting next_dagrun for example_external_task_marker_parent to None, run_after=None
[2024-10-04 23:52:00,614] {processor.py:161} INFO - Processing /home/kennedy/.local/lib/python3.10/site-packages/airflow/example_dags/example_external_task_marker_dag.py took 1.929 seconds
[2024-10-04 23:53:26,050] {processor.py:153} INFO - Started process (PID=103136) to work on /home/kennedy/.local/lib/python3.10/site-packages/airflow/example_dags/example_external_task_marker_dag.py
[2024-10-04 23:53:26,330] {processor.py:641} INFO - Processing file /home/kennedy/.local/lib/python3.10/site-packages/airflow/example_dags/example_external_task_marker_dag.py for tasks to queue
[2024-10-04 23:53:26,332] {logging_mixin.py:115} INFO - [2024-10-04 23:53:26,332] {dagbag.py:507} INFO - Filling up the DagBag from /home/kennedy/.local/lib/python3.10/site-packages/airflow/example_dags/example_external_task_marker_dag.py
[2024-10-04 23:53:26,343] {processor.py:651} INFO - DAG(s) dict_keys(['example_external_task_marker_parent', 'example_external_task_marker_child']) retrieved from /home/kennedy/.local/lib/python3.10/site-packages/airflow/example_dags/example_external_task_marker_dag.py
[2024-10-04 23:53:26,449] {logging_mixin.py:115} INFO - [2024-10-04 23:53:26,449] {dag.py:2379} INFO - Sync 2 DAGs
[2024-10-04 23:53:26,502] {logging_mixin.py:115} INFO - [2024-10-04 23:53:26,501] {dag.py:2927} INFO - Setting next_dagrun for example_external_task_marker_child to None, run_after=None
[2024-10-04 23:53:26,633] {logging_mixin.py:115} INFO - [2024-10-04 23:53:26,632] {dag.py:2927} INFO - Setting next_dagrun for example_external_task_marker_parent to None, run_after=None
[2024-10-04 23:53:28,954] {processor.py:161} INFO - Processing /home/kennedy/.local/lib/python3.10/site-packages/airflow/example_dags/example_external_task_marker_dag.py took 2.911 seconds
[2024-10-04 23:55:18,784] {processor.py:153} INFO - Started process (PID=103941) to work on /home/kennedy/.local/lib/python3.10/site-packages/airflow/example_dags/example_external_task_marker_dag.py
[2024-10-04 23:55:18,795] {processor.py:641} INFO - Processing file /home/kennedy/.local/lib/python3.10/site-packages/airflow/example_dags/example_external_task_marker_dag.py for tasks to queue
[2024-10-04 23:55:18,796] {logging_mixin.py:115} INFO - [2024-10-04 23:55:18,796] {dagbag.py:507} INFO - Filling up the DagBag from /home/kennedy/.local/lib/python3.10/site-packages/airflow/example_dags/example_external_task_marker_dag.py
[2024-10-04 23:55:18,806] {processor.py:651} INFO - DAG(s) dict_keys(['example_external_task_marker_parent', 'example_external_task_marker_child']) retrieved from /home/kennedy/.local/lib/python3.10/site-packages/airflow/example_dags/example_external_task_marker_dag.py
[2024-10-04 23:55:18,907] {logging_mixin.py:115} INFO - [2024-10-04 23:55:18,906] {dag.py:2379} INFO - Sync 2 DAGs
[2024-10-04 23:55:18,940] {logging_mixin.py:115} INFO - [2024-10-04 23:55:18,940] {dag.py:2927} INFO - Setting next_dagrun for example_external_task_marker_child to None, run_after=None
[2024-10-04 23:55:18,940] {logging_mixin.py:115} INFO - [2024-10-04 23:55:18,940] {dag.py:2927} INFO - Setting next_dagrun for example_external_task_marker_parent to None, run_after=None
[2024-10-04 23:55:20,034] {processor.py:161} INFO - Processing /home/kennedy/.local/lib/python3.10/site-packages/airflow/example_dags/example_external_task_marker_dag.py took 1.257 seconds
[2024-10-04 23:57:23,567] {processor.py:153} INFO - Started process (PID=105157) to work on /home/kennedy/.local/lib/python3.10/site-packages/airflow/example_dags/example_external_task_marker_dag.py
[2024-10-04 23:57:23,591] {processor.py:641} INFO - Processing file /home/kennedy/.local/lib/python3.10/site-packages/airflow/example_dags/example_external_task_marker_dag.py for tasks to queue
[2024-10-04 23:57:23,592] {logging_mixin.py:115} INFO - [2024-10-04 23:57:23,592] {dagbag.py:507} INFO - Filling up the DagBag from /home/kennedy/.local/lib/python3.10/site-packages/airflow/example_dags/example_external_task_marker_dag.py
[2024-10-04 23:57:23,605] {processor.py:651} INFO - DAG(s) dict_keys(['example_external_task_marker_parent', 'example_external_task_marker_child']) retrieved from /home/kennedy/.local/lib/python3.10/site-packages/airflow/example_dags/example_external_task_marker_dag.py
[2024-10-04 23:57:23,696] {logging_mixin.py:115} INFO - [2024-10-04 23:57:23,696] {dag.py:2379} INFO - Sync 2 DAGs
[2024-10-04 23:57:23,730] {logging_mixin.py:115} INFO - [2024-10-04 23:57:23,730] {dag.py:2927} INFO - Setting next_dagrun for example_external_task_marker_child to None, run_after=None
[2024-10-04 23:57:23,731] {logging_mixin.py:115} INFO - [2024-10-04 23:57:23,731] {dag.py:2927} INFO - Setting next_dagrun for example_external_task_marker_parent to None, run_after=None
[2024-10-04 23:57:25,162] {processor.py:161} INFO - Processing /home/kennedy/.local/lib/python3.10/site-packages/airflow/example_dags/example_external_task_marker_dag.py took 1.603 seconds
[2024-10-04 23:59:20,974] {processor.py:153} INFO - Started process (PID=105414) to work on /home/kennedy/.local/lib/python3.10/site-packages/airflow/example_dags/example_external_task_marker_dag.py
[2024-10-04 23:59:20,988] {processor.py:641} INFO - Processing file /home/kennedy/.local/lib/python3.10/site-packages/airflow/example_dags/example_external_task_marker_dag.py for tasks to queue
[2024-10-04 23:59:20,989] {logging_mixin.py:115} INFO - [2024-10-04 23:59:20,989] {dagbag.py:507} INFO - Filling up the DagBag from /home/kennedy/.local/lib/python3.10/site-packages/airflow/example_dags/example_external_task_marker_dag.py
[2024-10-04 23:59:20,999] {processor.py:651} INFO - DAG(s) dict_keys(['example_external_task_marker_parent', 'example_external_task_marker_child']) retrieved from /home/kennedy/.local/lib/python3.10/site-packages/airflow/example_dags/example_external_task_marker_dag.py
[2024-10-04 23:59:21,082] {logging_mixin.py:115} INFO - [2024-10-04 23:59:21,082] {dag.py:2379} INFO - Sync 2 DAGs
[2024-10-04 23:59:21,121] {logging_mixin.py:115} INFO - [2024-10-04 23:59:21,121] {dag.py:2927} INFO - Setting next_dagrun for example_external_task_marker_child to None, run_after=None
[2024-10-04 23:59:21,122] {logging_mixin.py:115} INFO - [2024-10-04 23:59:21,122] {dag.py:2927} INFO - Setting next_dagrun for example_external_task_marker_parent to None, run_after=None
[2024-10-04 23:59:22,808] {processor.py:161} INFO - Processing /home/kennedy/.local/lib/python3.10/site-packages/airflow/example_dags/example_external_task_marker_dag.py took 1.840 seconds
[2024-10-05 00:01:07,009] {processor.py:153} INFO - Started process (PID=105634) to work on /home/kennedy/.local/lib/python3.10/site-packages/airflow/example_dags/example_external_task_marker_dag.py
[2024-10-05 00:01:07,033] {processor.py:641} INFO - Processing file /home/kennedy/.local/lib/python3.10/site-packages/airflow/example_dags/example_external_task_marker_dag.py for tasks to queue
[2024-10-05 00:01:07,034] {logging_mixin.py:115} INFO - [2024-10-05 00:01:07,034] {dagbag.py:507} INFO - Filling up the DagBag from /home/kennedy/.local/lib/python3.10/site-packages/airflow/example_dags/example_external_task_marker_dag.py
[2024-10-05 00:01:07,044] {processor.py:651} INFO - DAG(s) dict_keys(['example_external_task_marker_parent', 'example_external_task_marker_child']) retrieved from /home/kennedy/.local/lib/python3.10/site-packages/airflow/example_dags/example_external_task_marker_dag.py
[2024-10-05 00:01:07,136] {logging_mixin.py:115} INFO - [2024-10-05 00:01:07,136] {dag.py:2379} INFO - Sync 2 DAGs
[2024-10-05 00:01:07,173] {logging_mixin.py:115} INFO - [2024-10-05 00:01:07,172] {dag.py:2927} INFO - Setting next_dagrun for example_external_task_marker_child to None, run_after=None
[2024-10-05 00:01:07,173] {logging_mixin.py:115} INFO - [2024-10-05 00:01:07,173] {dag.py:2927} INFO - Setting next_dagrun for example_external_task_marker_parent to None, run_after=None
[2024-10-05 00:01:07,298] {processor.py:161} INFO - Processing /home/kennedy/.local/lib/python3.10/site-packages/airflow/example_dags/example_external_task_marker_dag.py took 0.296 seconds
[2024-10-05 00:02:26,818] {processor.py:153} INFO - Started process (PID=105962) to work on /home/kennedy/.local/lib/python3.10/site-packages/airflow/example_dags/example_external_task_marker_dag.py
[2024-10-05 00:02:26,832] {processor.py:641} INFO - Processing file /home/kennedy/.local/lib/python3.10/site-packages/airflow/example_dags/example_external_task_marker_dag.py for tasks to queue
[2024-10-05 00:02:26,833] {logging_mixin.py:115} INFO - [2024-10-05 00:02:26,833] {dagbag.py:507} INFO - Filling up the DagBag from /home/kennedy/.local/lib/python3.10/site-packages/airflow/example_dags/example_external_task_marker_dag.py
[2024-10-05 00:02:26,844] {processor.py:651} INFO - DAG(s) dict_keys(['example_external_task_marker_parent', 'example_external_task_marker_child']) retrieved from /home/kennedy/.local/lib/python3.10/site-packages/airflow/example_dags/example_external_task_marker_dag.py
[2024-10-05 00:02:26,930] {logging_mixin.py:115} INFO - [2024-10-05 00:02:26,930] {dag.py:2379} INFO - Sync 2 DAGs
[2024-10-05 00:02:26,966] {logging_mixin.py:115} INFO - [2024-10-05 00:02:26,966] {dag.py:2927} INFO - Setting next_dagrun for example_external_task_marker_child to None, run_after=None
[2024-10-05 00:02:26,967] {logging_mixin.py:115} INFO - [2024-10-05 00:02:26,967] {dag.py:2927} INFO - Setting next_dagrun for example_external_task_marker_parent to None, run_after=None
[2024-10-05 00:02:27,847] {processor.py:161} INFO - Processing /home/kennedy/.local/lib/python3.10/site-packages/airflow/example_dags/example_external_task_marker_dag.py took 1.036 seconds
