[2024-10-04 23:32:41,898] {processor.py:153} INFO - Started process (PID=96828) to work on /home/kennedy/.local/lib/python3.10/site-packages/airflow/example_dags/example_xcom.py
[2024-10-04 23:32:41,899] {processor.py:641} INFO - Processing file /home/kennedy/.local/lib/python3.10/site-packages/airflow/example_dags/example_xcom.py for tasks to queue
[2024-10-04 23:32:41,900] {logging_mixin.py:115} INFO - [2024-10-04 23:32:41,900] {dagbag.py:507} INFO - Filling up the DagBag from /home/kennedy/.local/lib/python3.10/site-packages/airflow/example_dags/example_xcom.py
[2024-10-04 23:32:41,962] {processor.py:651} INFO - DAG(s) dict_keys(['example_xcom']) retrieved from /home/kennedy/.local/lib/python3.10/site-packages/airflow/example_dags/example_xcom.py
[2024-10-04 23:32:43,770] {logging_mixin.py:115} INFO - [2024-10-04 23:32:43,769] {manager.py:508} INFO - Created Permission View: can edit on DAG:example_xcom
[2024-10-04 23:32:43,962] {logging_mixin.py:115} INFO - [2024-10-04 23:32:43,962] {manager.py:508} INFO - Created Permission View: can delete on DAG:example_xcom
[2024-10-04 23:32:44,064] {logging_mixin.py:115} INFO - [2024-10-04 23:32:44,064] {manager.py:508} INFO - Created Permission View: can read on DAG:example_xcom
[2024-10-04 23:32:44,064] {logging_mixin.py:115} INFO - [2024-10-04 23:32:44,064] {dag.py:2379} INFO - Sync 1 DAGs
[2024-10-04 23:32:44,082] {logging_mixin.py:115} INFO - [2024-10-04 23:32:44,082] {dag.py:2398} INFO - Creating ORM DAG for example_xcom
[2024-10-04 23:32:44,839] {logging_mixin.py:115} INFO - [2024-10-04 23:32:44,839] {dag.py:2927} INFO - Setting next_dagrun for example_xcom to 2021-01-01T00:00:00+00:00, run_after=2021-01-01T00:00:00+00:00
[2024-10-04 23:32:44,994] {processor.py:161} INFO - Processing /home/kennedy/.local/lib/python3.10/site-packages/airflow/example_dags/example_xcom.py took 3.104 seconds
[2024-10-04 23:34:09,175] {processor.py:153} INFO - Started process (PID=97064) to work on /home/kennedy/.local/lib/python3.10/site-packages/airflow/example_dags/example_xcom.py
[2024-10-04 23:34:09,183] {processor.py:641} INFO - Processing file /home/kennedy/.local/lib/python3.10/site-packages/airflow/example_dags/example_xcom.py for tasks to queue
[2024-10-04 23:34:09,185] {logging_mixin.py:115} INFO - [2024-10-04 23:34:09,184] {dagbag.py:507} INFO - Filling up the DagBag from /home/kennedy/.local/lib/python3.10/site-packages/airflow/example_dags/example_xcom.py
[2024-10-04 23:34:09,240] {processor.py:651} INFO - DAG(s) dict_keys(['example_xcom']) retrieved from /home/kennedy/.local/lib/python3.10/site-packages/airflow/example_dags/example_xcom.py
[2024-10-04 23:34:09,282] {logging_mixin.py:115} INFO - [2024-10-04 23:34:09,282] {dag.py:2379} INFO - Sync 1 DAGs
[2024-10-04 23:34:09,318] {logging_mixin.py:115} INFO - [2024-10-04 23:34:09,317] {dag.py:2927} INFO - Setting next_dagrun for example_xcom to 2021-01-01T00:00:00+00:00, run_after=2021-01-01T00:00:00+00:00
[2024-10-04 23:34:09,449] {processor.py:161} INFO - Processing /home/kennedy/.local/lib/python3.10/site-packages/airflow/example_dags/example_xcom.py took 0.283 seconds
[2024-10-04 23:35:00,215] {processor.py:153} INFO - Started process (PID=97108) to work on /home/kennedy/.local/lib/python3.10/site-packages/airflow/example_dags/example_xcom.py
[2024-10-04 23:35:00,243] {processor.py:641} INFO - Processing file /home/kennedy/.local/lib/python3.10/site-packages/airflow/example_dags/example_xcom.py for tasks to queue
[2024-10-04 23:35:00,244] {logging_mixin.py:115} INFO - [2024-10-04 23:35:00,244] {dagbag.py:507} INFO - Filling up the DagBag from /home/kennedy/.local/lib/python3.10/site-packages/airflow/example_dags/example_xcom.py
[2024-10-04 23:35:00,302] {processor.py:651} INFO - DAG(s) dict_keys(['example_xcom']) retrieved from /home/kennedy/.local/lib/python3.10/site-packages/airflow/example_dags/example_xcom.py
[2024-10-04 23:35:00,334] {logging_mixin.py:115} INFO - [2024-10-04 23:35:00,334] {dag.py:2379} INFO - Sync 1 DAGs
[2024-10-04 23:35:00,395] {logging_mixin.py:115} INFO - [2024-10-04 23:35:00,394] {dag.py:2927} INFO - Setting next_dagrun for example_xcom to 2021-01-01T00:00:00+00:00, run_after=2021-01-01T00:00:00+00:00
[2024-10-04 23:35:00,526] {processor.py:161} INFO - Processing /home/kennedy/.local/lib/python3.10/site-packages/airflow/example_dags/example_xcom.py took 0.317 seconds
[2024-10-04 23:35:48,664] {processor.py:153} INFO - Started process (PID=97960) to work on /home/kennedy/.local/lib/python3.10/site-packages/airflow/example_dags/example_xcom.py
[2024-10-04 23:35:48,715] {processor.py:641} INFO - Processing file /home/kennedy/.local/lib/python3.10/site-packages/airflow/example_dags/example_xcom.py for tasks to queue
[2024-10-04 23:35:48,716] {logging_mixin.py:115} INFO - [2024-10-04 23:35:48,716] {dagbag.py:507} INFO - Filling up the DagBag from /home/kennedy/.local/lib/python3.10/site-packages/airflow/example_dags/example_xcom.py
[2024-10-04 23:35:48,750] {processor.py:651} INFO - DAG(s) dict_keys(['example_xcom']) retrieved from /home/kennedy/.local/lib/python3.10/site-packages/airflow/example_dags/example_xcom.py
[2024-10-04 23:35:48,807] {logging_mixin.py:115} INFO - [2024-10-04 23:35:48,807] {dag.py:2379} INFO - Sync 1 DAGs
[2024-10-04 23:35:48,826] {logging_mixin.py:115} INFO - [2024-10-04 23:35:48,826] {dag.py:2927} INFO - Setting next_dagrun for example_xcom to 2021-01-01T00:00:00+00:00, run_after=2021-01-01T00:00:00+00:00
[2024-10-04 23:35:49,439] {processor.py:161} INFO - Processing /home/kennedy/.local/lib/python3.10/site-packages/airflow/example_dags/example_xcom.py took 0.779 seconds
[2024-10-04 23:37:44,821] {processor.py:153} INFO - Started process (PID=98347) to work on /home/kennedy/.local/lib/python3.10/site-packages/airflow/example_dags/example_xcom.py
[2024-10-04 23:37:44,832] {processor.py:641} INFO - Processing file /home/kennedy/.local/lib/python3.10/site-packages/airflow/example_dags/example_xcom.py for tasks to queue
[2024-10-04 23:37:44,833] {logging_mixin.py:115} INFO - [2024-10-04 23:37:44,833] {dagbag.py:507} INFO - Filling up the DagBag from /home/kennedy/.local/lib/python3.10/site-packages/airflow/example_dags/example_xcom.py
[2024-10-04 23:37:44,885] {processor.py:651} INFO - DAG(s) dict_keys(['example_xcom']) retrieved from /home/kennedy/.local/lib/python3.10/site-packages/airflow/example_dags/example_xcom.py
[2024-10-04 23:37:44,917] {logging_mixin.py:115} INFO - [2024-10-04 23:37:44,917] {dag.py:2379} INFO - Sync 1 DAGs
[2024-10-04 23:37:44,953] {logging_mixin.py:115} INFO - [2024-10-04 23:37:44,953] {dag.py:2927} INFO - Setting next_dagrun for example_xcom to 2021-01-01T00:00:00+00:00, run_after=2021-01-01T00:00:00+00:00
[2024-10-04 23:37:45,070] {processor.py:161} INFO - Processing /home/kennedy/.local/lib/python3.10/site-packages/airflow/example_dags/example_xcom.py took 0.256 seconds
[2024-10-04 23:39:10,919] {processor.py:153} INFO - Started process (PID=99178) to work on /home/kennedy/KR/Programação/01.Exercícios/DE/Movies/venv/lib/python3.10/site-packages/airflow/example_dags/example_xcom.py
[2024-10-04 23:39:10,929] {processor.py:641} INFO - Processing file /home/kennedy/KR/Programação/01.Exercícios/DE/Movies/venv/lib/python3.10/site-packages/airflow/example_dags/example_xcom.py for tasks to queue
[2024-10-04 23:39:10,930] {logging_mixin.py:115} INFO - [2024-10-04 23:39:10,930] {dagbag.py:507} INFO - Filling up the DagBag from /home/kennedy/KR/Programação/01.Exercícios/DE/Movies/venv/lib/python3.10/site-packages/airflow/example_dags/example_xcom.py
[2024-10-04 23:39:10,974] {processor.py:651} INFO - DAG(s) dict_keys(['example_xcom']) retrieved from /home/kennedy/KR/Programação/01.Exercícios/DE/Movies/venv/lib/python3.10/site-packages/airflow/example_dags/example_xcom.py
[2024-10-04 23:39:11,069] {logging_mixin.py:115} INFO - [2024-10-04 23:39:11,069] {dag.py:2379} INFO - Sync 1 DAGs
[2024-10-04 23:39:11,103] {logging_mixin.py:115} INFO - [2024-10-04 23:39:11,103] {dag.py:2927} INFO - Setting next_dagrun for example_xcom to 2021-01-01T00:00:00+00:00, run_after=2021-01-01T00:00:00+00:00
[2024-10-04 23:39:11,870] {processor.py:161} INFO - Processing /home/kennedy/KR/Programação/01.Exercícios/DE/Movies/venv/lib/python3.10/site-packages/airflow/example_dags/example_xcom.py took 0.958 seconds
[2024-10-04 23:39:42,002] {processor.py:153} INFO - Started process (PID=99206) to work on /home/kennedy/.local/lib/python3.10/site-packages/airflow/example_dags/example_xcom.py
[2024-10-04 23:39:42,648] {processor.py:641} INFO - Processing file /home/kennedy/.local/lib/python3.10/site-packages/airflow/example_dags/example_xcom.py for tasks to queue
[2024-10-04 23:39:42,649] {logging_mixin.py:115} INFO - [2024-10-04 23:39:42,649] {dagbag.py:507} INFO - Filling up the DagBag from /home/kennedy/.local/lib/python3.10/site-packages/airflow/example_dags/example_xcom.py
[2024-10-04 23:39:42,729] {processor.py:651} INFO - DAG(s) dict_keys(['example_xcom']) retrieved from /home/kennedy/.local/lib/python3.10/site-packages/airflow/example_dags/example_xcom.py
[2024-10-04 23:39:42,836] {logging_mixin.py:115} INFO - [2024-10-04 23:39:42,836] {dag.py:2379} INFO - Sync 1 DAGs
[2024-10-04 23:39:42,873] {logging_mixin.py:115} INFO - [2024-10-04 23:39:42,873] {dag.py:2927} INFO - Setting next_dagrun for example_xcom to 2021-01-01T00:00:00+00:00, run_after=2021-01-01T00:00:00+00:00
[2024-10-04 23:39:43,117] {processor.py:161} INFO - Processing /home/kennedy/.local/lib/python3.10/site-packages/airflow/example_dags/example_xcom.py took 1.122 seconds
[2024-10-04 23:40:33,954] {processor.py:153} INFO - Started process (PID=99323) to work on /home/kennedy/.local/lib/python3.10/site-packages/airflow/example_dags/example_xcom.py
[2024-10-04 23:40:34,028] {processor.py:641} INFO - Processing file /home/kennedy/.local/lib/python3.10/site-packages/airflow/example_dags/example_xcom.py for tasks to queue
[2024-10-04 23:40:34,029] {logging_mixin.py:115} INFO - [2024-10-04 23:40:34,029] {dagbag.py:507} INFO - Filling up the DagBag from /home/kennedy/.local/lib/python3.10/site-packages/airflow/example_dags/example_xcom.py
[2024-10-04 23:40:34,049] {processor.py:651} INFO - DAG(s) dict_keys(['example_xcom']) retrieved from /home/kennedy/.local/lib/python3.10/site-packages/airflow/example_dags/example_xcom.py
[2024-10-04 23:40:34,063] {logging_mixin.py:115} INFO - [2024-10-04 23:40:34,063] {dag.py:2379} INFO - Sync 1 DAGs
[2024-10-04 23:40:34,078] {logging_mixin.py:115} INFO - [2024-10-04 23:40:34,078] {dag.py:2927} INFO - Setting next_dagrun for example_xcom to 2021-01-01T00:00:00+00:00, run_after=2021-01-01T00:00:00+00:00
[2024-10-04 23:40:34,293] {processor.py:161} INFO - Processing /home/kennedy/.local/lib/python3.10/site-packages/airflow/example_dags/example_xcom.py took 0.342 seconds
[2024-10-04 23:41:53,621] {processor.py:153} INFO - Started process (PID=99546) to work on /home/kennedy/.local/lib/python3.10/site-packages/airflow/example_dags/example_xcom.py
[2024-10-04 23:41:53,628] {processor.py:641} INFO - Processing file /home/kennedy/.local/lib/python3.10/site-packages/airflow/example_dags/example_xcom.py for tasks to queue
[2024-10-04 23:41:53,629] {logging_mixin.py:115} INFO - [2024-10-04 23:41:53,629] {dagbag.py:507} INFO - Filling up the DagBag from /home/kennedy/.local/lib/python3.10/site-packages/airflow/example_dags/example_xcom.py
[2024-10-04 23:41:53,694] {processor.py:651} INFO - DAG(s) dict_keys(['example_xcom']) retrieved from /home/kennedy/.local/lib/python3.10/site-packages/airflow/example_dags/example_xcom.py
[2024-10-04 23:41:53,726] {logging_mixin.py:115} INFO - [2024-10-04 23:41:53,726] {dag.py:2379} INFO - Sync 1 DAGs
[2024-10-04 23:41:53,760] {logging_mixin.py:115} INFO - [2024-10-04 23:41:53,760] {dag.py:2927} INFO - Setting next_dagrun for example_xcom to 2021-01-01T00:00:00+00:00, run_after=2021-01-01T00:00:00+00:00
[2024-10-04 23:41:54,448] {processor.py:161} INFO - Processing /home/kennedy/.local/lib/python3.10/site-packages/airflow/example_dags/example_xcom.py took 0.834 seconds
[2024-10-04 23:42:46,760] {processor.py:153} INFO - Started process (PID=99766) to work on /home/kennedy/.local/lib/python3.10/site-packages/airflow/example_dags/example_xcom.py
[2024-10-04 23:42:46,893] {processor.py:641} INFO - Processing file /home/kennedy/.local/lib/python3.10/site-packages/airflow/example_dags/example_xcom.py for tasks to queue
[2024-10-04 23:42:46,894] {logging_mixin.py:115} INFO - [2024-10-04 23:42:46,894] {dagbag.py:507} INFO - Filling up the DagBag from /home/kennedy/.local/lib/python3.10/site-packages/airflow/example_dags/example_xcom.py
[2024-10-04 23:42:46,947] {processor.py:651} INFO - DAG(s) dict_keys(['example_xcom']) retrieved from /home/kennedy/.local/lib/python3.10/site-packages/airflow/example_dags/example_xcom.py
[2024-10-04 23:42:47,502] {logging_mixin.py:115} INFO - [2024-10-04 23:42:47,502] {dag.py:2379} INFO - Sync 1 DAGs
[2024-10-04 23:42:47,536] {logging_mixin.py:115} INFO - [2024-10-04 23:42:47,536] {dag.py:2927} INFO - Setting next_dagrun for example_xcom to 2021-01-01T00:00:00+00:00, run_after=2021-01-01T00:00:00+00:00
[2024-10-04 23:42:47,632] {processor.py:161} INFO - Processing /home/kennedy/.local/lib/python3.10/site-packages/airflow/example_dags/example_xcom.py took 0.879 seconds
[2024-10-04 23:43:50,490] {processor.py:153} INFO - Started process (PID=99840) to work on /home/kennedy/.local/lib/python3.10/site-packages/airflow/example_dags/example_xcom.py
[2024-10-04 23:43:50,492] {processor.py:641} INFO - Processing file /home/kennedy/.local/lib/python3.10/site-packages/airflow/example_dags/example_xcom.py for tasks to queue
[2024-10-04 23:43:50,493] {logging_mixin.py:115} INFO - [2024-10-04 23:43:50,493] {dagbag.py:507} INFO - Filling up the DagBag from /home/kennedy/.local/lib/python3.10/site-packages/airflow/example_dags/example_xcom.py
[2024-10-04 23:43:50,544] {processor.py:651} INFO - DAG(s) dict_keys(['example_xcom']) retrieved from /home/kennedy/.local/lib/python3.10/site-packages/airflow/example_dags/example_xcom.py
[2024-10-04 23:43:50,635] {logging_mixin.py:115} INFO - [2024-10-04 23:43:50,634] {dag.py:2379} INFO - Sync 1 DAGs
[2024-10-04 23:43:50,665] {logging_mixin.py:115} INFO - [2024-10-04 23:43:50,664] {dag.py:2927} INFO - Setting next_dagrun for example_xcom to 2021-01-01T00:00:00+00:00, run_after=2021-01-01T00:00:00+00:00
[2024-10-04 23:43:51,531] {processor.py:161} INFO - Processing /home/kennedy/.local/lib/python3.10/site-packages/airflow/example_dags/example_xcom.py took 1.047 seconds
[2024-10-04 23:43:59,896] {processor.py:153} INFO - Started process (PID=99853) to work on /home/kennedy/.local/lib/python3.10/site-packages/airflow/example_dags/example_xcom.py
[2024-10-04 23:44:00,074] {processor.py:641} INFO - Processing file /home/kennedy/.local/lib/python3.10/site-packages/airflow/example_dags/example_xcom.py for tasks to queue
[2024-10-04 23:44:00,075] {logging_mixin.py:115} INFO - [2024-10-04 23:44:00,075] {dagbag.py:507} INFO - Filling up the DagBag from /home/kennedy/.local/lib/python3.10/site-packages/airflow/example_dags/example_xcom.py
[2024-10-04 23:44:00,135] {processor.py:651} INFO - DAG(s) dict_keys(['example_xcom']) retrieved from /home/kennedy/.local/lib/python3.10/site-packages/airflow/example_dags/example_xcom.py
[2024-10-04 23:44:00,152] {logging_mixin.py:115} INFO - [2024-10-04 23:44:00,152] {dag.py:2379} INFO - Sync 1 DAGs
[2024-10-04 23:44:00,192] {logging_mixin.py:115} INFO - [2024-10-04 23:44:00,191] {dag.py:2927} INFO - Setting next_dagrun for example_xcom to 2021-01-01T00:00:00+00:00, run_after=2021-01-01T00:00:00+00:00
[2024-10-04 23:44:00,347] {processor.py:161} INFO - Processing /home/kennedy/.local/lib/python3.10/site-packages/airflow/example_dags/example_xcom.py took 0.458 seconds
[2024-10-04 23:45:39,718] {processor.py:153} INFO - Started process (PID=100873) to work on /home/kennedy/.local/lib/python3.10/site-packages/airflow/example_dags/example_xcom.py
[2024-10-04 23:45:39,796] {processor.py:641} INFO - Processing file /home/kennedy/.local/lib/python3.10/site-packages/airflow/example_dags/example_xcom.py for tasks to queue
[2024-10-04 23:45:39,798] {logging_mixin.py:115} INFO - [2024-10-04 23:45:39,797] {dagbag.py:507} INFO - Filling up the DagBag from /home/kennedy/.local/lib/python3.10/site-packages/airflow/example_dags/example_xcom.py
[2024-10-04 23:45:39,851] {processor.py:651} INFO - DAG(s) dict_keys(['example_xcom']) retrieved from /home/kennedy/.local/lib/python3.10/site-packages/airflow/example_dags/example_xcom.py
[2024-10-04 23:45:39,942] {logging_mixin.py:115} INFO - [2024-10-04 23:45:39,942] {dag.py:2379} INFO - Sync 1 DAGs
[2024-10-04 23:45:39,976] {logging_mixin.py:115} INFO - [2024-10-04 23:45:39,976] {dag.py:2927} INFO - Setting next_dagrun for example_xcom to 2021-01-01T00:00:00+00:00, run_after=2021-01-01T00:00:00+00:00
[2024-10-04 23:45:40,204] {processor.py:161} INFO - Processing /home/kennedy/.local/lib/python3.10/site-packages/airflow/example_dags/example_xcom.py took 0.493 seconds
[2024-10-04 23:46:45,464] {processor.py:153} INFO - Started process (PID=101140) to work on /home/kennedy/.local/lib/python3.10/site-packages/airflow/example_dags/example_xcom.py
[2024-10-04 23:46:45,474] {processor.py:641} INFO - Processing file /home/kennedy/.local/lib/python3.10/site-packages/airflow/example_dags/example_xcom.py for tasks to queue
[2024-10-04 23:46:45,475] {logging_mixin.py:115} INFO - [2024-10-04 23:46:45,475] {dagbag.py:507} INFO - Filling up the DagBag from /home/kennedy/.local/lib/python3.10/site-packages/airflow/example_dags/example_xcom.py
[2024-10-04 23:46:45,495] {processor.py:651} INFO - DAG(s) dict_keys(['example_xcom']) retrieved from /home/kennedy/.local/lib/python3.10/site-packages/airflow/example_dags/example_xcom.py
[2024-10-04 23:46:45,508] {logging_mixin.py:115} INFO - [2024-10-04 23:46:45,508] {dag.py:2379} INFO - Sync 1 DAGs
[2024-10-04 23:46:45,523] {logging_mixin.py:115} INFO - [2024-10-04 23:46:45,523] {dag.py:2927} INFO - Setting next_dagrun for example_xcom to 2021-01-01T00:00:00+00:00, run_after=2021-01-01T00:00:00+00:00
[2024-10-04 23:46:47,743] {processor.py:161} INFO - Processing /home/kennedy/.local/lib/python3.10/site-packages/airflow/example_dags/example_xcom.py took 2.282 seconds
[2024-10-04 23:48:47,717] {processor.py:153} INFO - Started process (PID=102223) to work on /home/kennedy/.local/lib/python3.10/site-packages/airflow/example_dags/example_xcom.py
[2024-10-04 23:48:47,752] {processor.py:641} INFO - Processing file /home/kennedy/.local/lib/python3.10/site-packages/airflow/example_dags/example_xcom.py for tasks to queue
[2024-10-04 23:48:47,753] {logging_mixin.py:115} INFO - [2024-10-04 23:48:47,753] {dagbag.py:507} INFO - Filling up the DagBag from /home/kennedy/.local/lib/python3.10/site-packages/airflow/example_dags/example_xcom.py
[2024-10-04 23:48:47,806] {processor.py:651} INFO - DAG(s) dict_keys(['example_xcom']) retrieved from /home/kennedy/.local/lib/python3.10/site-packages/airflow/example_dags/example_xcom.py
[2024-10-04 23:48:47,904] {logging_mixin.py:115} INFO - [2024-10-04 23:48:47,904] {dag.py:2379} INFO - Sync 1 DAGs
[2024-10-04 23:48:47,937] {logging_mixin.py:115} INFO - [2024-10-04 23:48:47,937] {dag.py:2927} INFO - Setting next_dagrun for example_xcom to 2021-01-01T00:00:00+00:00, run_after=2021-01-01T00:00:00+00:00
[2024-10-04 23:48:48,042] {processor.py:161} INFO - Processing /home/kennedy/.local/lib/python3.10/site-packages/airflow/example_dags/example_xcom.py took 0.332 seconds
[2024-10-04 23:49:50,185] {processor.py:153} INFO - Started process (PID=102363) to work on /home/kennedy/.local/lib/python3.10/site-packages/airflow/example_dags/example_xcom.py
[2024-10-04 23:49:50,301] {processor.py:641} INFO - Processing file /home/kennedy/.local/lib/python3.10/site-packages/airflow/example_dags/example_xcom.py for tasks to queue
[2024-10-04 23:49:50,302] {logging_mixin.py:115} INFO - [2024-10-04 23:49:50,301] {dagbag.py:507} INFO - Filling up the DagBag from /home/kennedy/.local/lib/python3.10/site-packages/airflow/example_dags/example_xcom.py
[2024-10-04 23:49:50,352] {processor.py:651} INFO - DAG(s) dict_keys(['example_xcom']) retrieved from /home/kennedy/.local/lib/python3.10/site-packages/airflow/example_dags/example_xcom.py
[2024-10-04 23:49:50,385] {logging_mixin.py:115} INFO - [2024-10-04 23:49:50,384] {dag.py:2379} INFO - Sync 1 DAGs
[2024-10-04 23:49:50,421] {logging_mixin.py:115} INFO - [2024-10-04 23:49:50,421] {dag.py:2927} INFO - Setting next_dagrun for example_xcom to 2021-01-01T00:00:00+00:00, run_after=2021-01-01T00:00:00+00:00
[2024-10-04 23:49:50,589] {processor.py:161} INFO - Processing /home/kennedy/.local/lib/python3.10/site-packages/airflow/example_dags/example_xcom.py took 0.411 seconds
[2024-10-04 23:50:57,051] {processor.py:153} INFO - Started process (PID=102641) to work on /home/kennedy/.local/lib/python3.10/site-packages/airflow/example_dags/example_xcom.py
[2024-10-04 23:50:57,073] {processor.py:641} INFO - Processing file /home/kennedy/.local/lib/python3.10/site-packages/airflow/example_dags/example_xcom.py for tasks to queue
[2024-10-04 23:50:57,073] {logging_mixin.py:115} INFO - [2024-10-04 23:50:57,073] {dagbag.py:507} INFO - Filling up the DagBag from /home/kennedy/.local/lib/python3.10/site-packages/airflow/example_dags/example_xcom.py
[2024-10-04 23:50:57,092] {processor.py:651} INFO - DAG(s) dict_keys(['example_xcom']) retrieved from /home/kennedy/.local/lib/python3.10/site-packages/airflow/example_dags/example_xcom.py
[2024-10-04 23:50:57,104] {logging_mixin.py:115} INFO - [2024-10-04 23:50:57,104] {dag.py:2379} INFO - Sync 1 DAGs
[2024-10-04 23:50:57,117] {logging_mixin.py:115} INFO - [2024-10-04 23:50:57,117] {dag.py:2927} INFO - Setting next_dagrun for example_xcom to 2021-01-01T00:00:00+00:00, run_after=2021-01-01T00:00:00+00:00
[2024-10-04 23:50:59,308] {processor.py:161} INFO - Processing /home/kennedy/.local/lib/python3.10/site-packages/airflow/example_dags/example_xcom.py took 2.260 seconds
[2024-10-04 23:52:32,904] {processor.py:153} INFO - Started process (PID=102844) to work on /home/kennedy/.local/lib/python3.10/site-packages/airflow/example_dags/example_xcom.py
[2024-10-04 23:52:33,064] {processor.py:641} INFO - Processing file /home/kennedy/.local/lib/python3.10/site-packages/airflow/example_dags/example_xcom.py for tasks to queue
[2024-10-04 23:52:33,065] {logging_mixin.py:115} INFO - [2024-10-04 23:52:33,065] {dagbag.py:507} INFO - Filling up the DagBag from /home/kennedy/.local/lib/python3.10/site-packages/airflow/example_dags/example_xcom.py
[2024-10-04 23:52:33,119] {processor.py:651} INFO - DAG(s) dict_keys(['example_xcom']) retrieved from /home/kennedy/.local/lib/python3.10/site-packages/airflow/example_dags/example_xcom.py
[2024-10-04 23:52:33,217] {logging_mixin.py:115} INFO - [2024-10-04 23:52:33,216] {dag.py:2379} INFO - Sync 1 DAGs
[2024-10-04 23:52:33,251] {logging_mixin.py:115} INFO - [2024-10-04 23:52:33,251] {dag.py:2927} INFO - Setting next_dagrun for example_xcom to 2021-01-01T00:00:00+00:00, run_after=2021-01-01T00:00:00+00:00
[2024-10-04 23:52:33,339] {processor.py:161} INFO - Processing /home/kennedy/.local/lib/python3.10/site-packages/airflow/example_dags/example_xcom.py took 0.442 seconds
[2024-10-04 23:54:02,327] {processor.py:153} INFO - Started process (PID=103814) to work on /home/kennedy/.local/lib/python3.10/site-packages/airflow/example_dags/example_xcom.py
[2024-10-04 23:54:02,356] {processor.py:641} INFO - Processing file /home/kennedy/.local/lib/python3.10/site-packages/airflow/example_dags/example_xcom.py for tasks to queue
[2024-10-04 23:54:02,357] {logging_mixin.py:115} INFO - [2024-10-04 23:54:02,357] {dagbag.py:507} INFO - Filling up the DagBag from /home/kennedy/.local/lib/python3.10/site-packages/airflow/example_dags/example_xcom.py
[2024-10-04 23:54:02,380] {processor.py:651} INFO - DAG(s) dict_keys(['example_xcom']) retrieved from /home/kennedy/.local/lib/python3.10/site-packages/airflow/example_dags/example_xcom.py
[2024-10-04 23:54:02,420] {logging_mixin.py:115} INFO - [2024-10-04 23:54:02,420] {dag.py:2379} INFO - Sync 1 DAGs
[2024-10-04 23:54:02,434] {logging_mixin.py:115} INFO - [2024-10-04 23:54:02,434] {dag.py:2927} INFO - Setting next_dagrun for example_xcom to 2021-01-01T00:00:00+00:00, run_after=2021-01-01T00:00:00+00:00
[2024-10-04 23:54:03,019] {processor.py:161} INFO - Processing /home/kennedy/.local/lib/python3.10/site-packages/airflow/example_dags/example_xcom.py took 0.697 seconds
[2024-10-04 23:55:08,982] {processor.py:153} INFO - Started process (PID=103935) to work on /home/kennedy/.local/lib/python3.10/site-packages/airflow/example_dags/example_xcom.py
[2024-10-04 23:55:08,983] {processor.py:641} INFO - Processing file /home/kennedy/.local/lib/python3.10/site-packages/airflow/example_dags/example_xcom.py for tasks to queue
[2024-10-04 23:55:08,983] {logging_mixin.py:115} INFO - [2024-10-04 23:55:08,983] {dagbag.py:507} INFO - Filling up the DagBag from /home/kennedy/.local/lib/python3.10/site-packages/airflow/example_dags/example_xcom.py
[2024-10-04 23:55:09,004] {processor.py:651} INFO - DAG(s) dict_keys(['example_xcom']) retrieved from /home/kennedy/.local/lib/python3.10/site-packages/airflow/example_dags/example_xcom.py
[2024-10-04 23:55:09,018] {logging_mixin.py:115} INFO - [2024-10-04 23:55:09,018] {dag.py:2379} INFO - Sync 1 DAGs
[2024-10-04 23:55:09,037] {logging_mixin.py:115} INFO - [2024-10-04 23:55:09,037] {dag.py:2927} INFO - Setting next_dagrun for example_xcom to 2021-01-01T00:00:00+00:00, run_after=2021-01-01T00:00:00+00:00
[2024-10-04 23:55:10,179] {processor.py:161} INFO - Processing /home/kennedy/.local/lib/python3.10/site-packages/airflow/example_dags/example_xcom.py took 1.201 seconds
[2024-10-04 23:57:09,638] {processor.py:153} INFO - Started process (PID=105133) to work on /home/kennedy/.local/lib/python3.10/site-packages/airflow/example_dags/example_xcom.py
[2024-10-04 23:57:09,776] {processor.py:641} INFO - Processing file /home/kennedy/.local/lib/python3.10/site-packages/airflow/example_dags/example_xcom.py for tasks to queue
[2024-10-04 23:57:09,778] {logging_mixin.py:115} INFO - [2024-10-04 23:57:09,778] {dagbag.py:507} INFO - Filling up the DagBag from /home/kennedy/.local/lib/python3.10/site-packages/airflow/example_dags/example_xcom.py
[2024-10-04 23:57:09,830] {processor.py:651} INFO - DAG(s) dict_keys(['example_xcom']) retrieved from /home/kennedy/.local/lib/python3.10/site-packages/airflow/example_dags/example_xcom.py
[2024-10-04 23:57:09,919] {logging_mixin.py:115} INFO - [2024-10-04 23:57:09,919] {dag.py:2379} INFO - Sync 1 DAGs
[2024-10-04 23:57:09,950] {logging_mixin.py:115} INFO - [2024-10-04 23:57:09,950] {dag.py:2927} INFO - Setting next_dagrun for example_xcom to 2021-01-01T00:00:00+00:00, run_after=2021-01-01T00:00:00+00:00
[2024-10-04 23:57:10,510] {processor.py:161} INFO - Processing /home/kennedy/.local/lib/python3.10/site-packages/airflow/example_dags/example_xcom.py took 0.881 seconds
[2024-10-04 23:58:03,349] {processor.py:153} INFO - Started process (PID=105243) to work on /home/kennedy/.local/lib/python3.10/site-packages/airflow/example_dags/example_xcom.py
[2024-10-04 23:58:03,958] {processor.py:641} INFO - Processing file /home/kennedy/.local/lib/python3.10/site-packages/airflow/example_dags/example_xcom.py for tasks to queue
[2024-10-04 23:58:03,959] {logging_mixin.py:115} INFO - [2024-10-04 23:58:03,959] {dagbag.py:507} INFO - Filling up the DagBag from /home/kennedy/.local/lib/python3.10/site-packages/airflow/example_dags/example_xcom.py
[2024-10-04 23:58:04,015] {processor.py:651} INFO - DAG(s) dict_keys(['example_xcom']) retrieved from /home/kennedy/.local/lib/python3.10/site-packages/airflow/example_dags/example_xcom.py
[2024-10-04 23:58:04,051] {logging_mixin.py:115} INFO - [2024-10-04 23:58:04,050] {dag.py:2379} INFO - Sync 1 DAGs
[2024-10-04 23:58:04,089] {logging_mixin.py:115} INFO - [2024-10-04 23:58:04,089] {dag.py:2927} INFO - Setting next_dagrun for example_xcom to 2021-01-01T00:00:00+00:00, run_after=2021-01-01T00:00:00+00:00
[2024-10-04 23:58:04,243] {processor.py:161} INFO - Processing /home/kennedy/.local/lib/python3.10/site-packages/airflow/example_dags/example_xcom.py took 0.901 seconds
[2024-10-04 23:59:05,336] {processor.py:153} INFO - Started process (PID=105343) to work on /home/kennedy/.local/lib/python3.10/site-packages/airflow/example_dags/example_xcom.py
[2024-10-04 23:59:06,827] {processor.py:641} INFO - Processing file /home/kennedy/.local/lib/python3.10/site-packages/airflow/example_dags/example_xcom.py for tasks to queue
[2024-10-04 23:59:06,828] {logging_mixin.py:115} INFO - [2024-10-04 23:59:06,828] {dagbag.py:507} INFO - Filling up the DagBag from /home/kennedy/.local/lib/python3.10/site-packages/airflow/example_dags/example_xcom.py
[2024-10-04 23:59:06,880] {processor.py:651} INFO - DAG(s) dict_keys(['example_xcom']) retrieved from /home/kennedy/.local/lib/python3.10/site-packages/airflow/example_dags/example_xcom.py
[2024-10-04 23:59:06,911] {logging_mixin.py:115} INFO - [2024-10-04 23:59:06,911] {dag.py:2379} INFO - Sync 1 DAGs
[2024-10-04 23:59:06,947] {logging_mixin.py:115} INFO - [2024-10-04 23:59:06,947] {dag.py:2927} INFO - Setting next_dagrun for example_xcom to 2021-01-01T00:00:00+00:00, run_after=2021-01-01T00:00:00+00:00
[2024-10-04 23:59:07,160] {processor.py:161} INFO - Processing /home/kennedy/.local/lib/python3.10/site-packages/airflow/example_dags/example_xcom.py took 1.832 seconds
[2024-10-05 00:00:53,014] {processor.py:153} INFO - Started process (PID=105627) to work on /home/kennedy/.local/lib/python3.10/site-packages/airflow/example_dags/example_xcom.py
[2024-10-05 00:00:53,770] {processor.py:641} INFO - Processing file /home/kennedy/.local/lib/python3.10/site-packages/airflow/example_dags/example_xcom.py for tasks to queue
[2024-10-05 00:00:53,771] {logging_mixin.py:115} INFO - [2024-10-05 00:00:53,771] {dagbag.py:507} INFO - Filling up the DagBag from /home/kennedy/.local/lib/python3.10/site-packages/airflow/example_dags/example_xcom.py
[2024-10-05 00:00:53,828] {processor.py:651} INFO - DAG(s) dict_keys(['example_xcom']) retrieved from /home/kennedy/.local/lib/python3.10/site-packages/airflow/example_dags/example_xcom.py
[2024-10-05 00:00:53,860] {logging_mixin.py:115} INFO - [2024-10-05 00:00:53,860] {dag.py:2379} INFO - Sync 1 DAGs
[2024-10-05 00:00:53,896] {logging_mixin.py:115} INFO - [2024-10-05 00:00:53,896] {dag.py:2927} INFO - Setting next_dagrun for example_xcom to 2021-01-01T00:00:00+00:00, run_after=2021-01-01T00:00:00+00:00
[2024-10-05 00:00:54,349] {processor.py:161} INFO - Processing /home/kennedy/.local/lib/python3.10/site-packages/airflow/example_dags/example_xcom.py took 1.343 seconds
[2024-10-05 00:02:11,826] {processor.py:153} INFO - Started process (PID=105922) to work on /home/kennedy/.local/lib/python3.10/site-packages/airflow/example_dags/example_xcom.py
[2024-10-05 00:02:11,842] {processor.py:641} INFO - Processing file /home/kennedy/.local/lib/python3.10/site-packages/airflow/example_dags/example_xcom.py for tasks to queue
[2024-10-05 00:02:11,843] {logging_mixin.py:115} INFO - [2024-10-05 00:02:11,843] {dagbag.py:507} INFO - Filling up the DagBag from /home/kennedy/.local/lib/python3.10/site-packages/airflow/example_dags/example_xcom.py
[2024-10-05 00:02:11,894] {processor.py:651} INFO - DAG(s) dict_keys(['example_xcom']) retrieved from /home/kennedy/.local/lib/python3.10/site-packages/airflow/example_dags/example_xcom.py
[2024-10-05 00:02:11,987] {logging_mixin.py:115} INFO - [2024-10-05 00:02:11,986] {dag.py:2379} INFO - Sync 1 DAGs
[2024-10-05 00:02:12,021] {logging_mixin.py:115} INFO - [2024-10-05 00:02:12,021] {dag.py:2927} INFO - Setting next_dagrun for example_xcom to 2021-01-01T00:00:00+00:00, run_after=2021-01-01T00:00:00+00:00
[2024-10-05 00:02:13,369] {processor.py:161} INFO - Processing /home/kennedy/.local/lib/python3.10/site-packages/airflow/example_dags/example_xcom.py took 1.549 seconds
