[2024-10-04 23:32:49,031] {processor.py:153} INFO - Started process (PID=96954) to work on /home/kennedy/.local/lib/python3.10/site-packages/airflow/example_dags/example_subdag_operator.py
[2024-10-04 23:32:49,032] {processor.py:641} INFO - Processing file /home/kennedy/.local/lib/python3.10/site-packages/airflow/example_dags/example_subdag_operator.py for tasks to queue
[2024-10-04 23:32:49,033] {logging_mixin.py:115} INFO - [2024-10-04 23:32:49,033] {dagbag.py:507} INFO - Filling up the DagBag from /home/kennedy/.local/lib/python3.10/site-packages/airflow/example_dags/example_subdag_operator.py
[2024-10-04 23:32:49,075] {processor.py:651} INFO - DAG(s) dict_keys(['example_subdag_operator.section-1', 'example_subdag_operator.section-2', 'example_subdag_operator']) retrieved from /home/kennedy/.local/lib/python3.10/site-packages/airflow/example_dags/example_subdag_operator.py
[2024-10-04 23:32:50,612] {logging_mixin.py:115} INFO - [2024-10-04 23:32:50,611] {manager.py:508} INFO - Created Permission View: can edit on DAG:example_subdag_operator
[2024-10-04 23:32:51,020] {logging_mixin.py:115} INFO - [2024-10-04 23:32:51,020] {manager.py:508} INFO - Created Permission View: can delete on DAG:example_subdag_operator
[2024-10-04 23:32:51,185] {logging_mixin.py:115} INFO - [2024-10-04 23:32:51,185] {manager.py:508} INFO - Created Permission View: can read on DAG:example_subdag_operator
[2024-10-04 23:32:51,185] {logging_mixin.py:115} INFO - [2024-10-04 23:32:51,185] {dag.py:2379} INFO - Sync 3 DAGs
[2024-10-04 23:32:51,204] {logging_mixin.py:115} INFO - [2024-10-04 23:32:51,203] {dag.py:2398} INFO - Creating ORM DAG for example_subdag_operator.section-1
[2024-10-04 23:32:51,205] {logging_mixin.py:115} INFO - [2024-10-04 23:32:51,204] {dag.py:2398} INFO - Creating ORM DAG for example_subdag_operator.section-2
[2024-10-04 23:32:51,205] {logging_mixin.py:115} INFO - [2024-10-04 23:32:51,205] {dag.py:2398} INFO - Creating ORM DAG for example_subdag_operator
[2024-10-04 23:32:51,227] {logging_mixin.py:115} INFO - [2024-10-04 23:32:51,227] {dag.py:2927} INFO - Setting next_dagrun for example_subdag_operator to 2022-01-01T00:00:00+00:00, run_after=2022-01-01T00:00:00+00:00
[2024-10-04 23:32:51,228] {logging_mixin.py:115} INFO - [2024-10-04 23:32:51,228] {dag.py:2927} INFO - Setting next_dagrun for example_subdag_operator.section-1 to None, run_after=None
[2024-10-04 23:32:51,228] {logging_mixin.py:115} INFO - [2024-10-04 23:32:51,228] {dag.py:2927} INFO - Setting next_dagrun for example_subdag_operator.section-2 to None, run_after=None
[2024-10-04 23:32:51,243] {logging_mixin.py:115} INFO - [2024-10-04 23:32:51,243] {dag.py:2379} INFO - Sync 2 DAGs
[2024-10-04 23:32:51,253] {logging_mixin.py:115} INFO - [2024-10-04 23:32:51,253] {dag.py:2927} INFO - Setting next_dagrun for example_subdag_operator.section-1 to None, run_after=None
[2024-10-04 23:32:51,253] {logging_mixin.py:115} INFO - [2024-10-04 23:32:51,253] {dag.py:2927} INFO - Setting next_dagrun for example_subdag_operator.section-2 to None, run_after=None
[2024-10-04 23:32:51,396] {processor.py:161} INFO - Processing /home/kennedy/.local/lib/python3.10/site-packages/airflow/example_dags/example_subdag_operator.py took 2.371 seconds
[2024-10-04 23:34:12,219] {processor.py:153} INFO - Started process (PID=97066) to work on /home/kennedy/.local/lib/python3.10/site-packages/airflow/example_dags/example_subdag_operator.py
[2024-10-04 23:34:12,230] {processor.py:641} INFO - Processing file /home/kennedy/.local/lib/python3.10/site-packages/airflow/example_dags/example_subdag_operator.py for tasks to queue
[2024-10-04 23:34:12,232] {logging_mixin.py:115} INFO - [2024-10-04 23:34:12,231] {dagbag.py:507} INFO - Filling up the DagBag from /home/kennedy/.local/lib/python3.10/site-packages/airflow/example_dags/example_subdag_operator.py
[2024-10-04 23:34:12,288] {processor.py:651} INFO - DAG(s) dict_keys(['example_subdag_operator.section-1', 'example_subdag_operator.section-2', 'example_subdag_operator']) retrieved from /home/kennedy/.local/lib/python3.10/site-packages/airflow/example_dags/example_subdag_operator.py
[2024-10-04 23:34:12,377] {logging_mixin.py:115} INFO - [2024-10-04 23:34:12,376] {dag.py:2379} INFO - Sync 3 DAGs
[2024-10-04 23:34:12,417] {logging_mixin.py:115} INFO - [2024-10-04 23:34:12,417] {dag.py:2927} INFO - Setting next_dagrun for example_subdag_operator to 2022-01-01T00:00:00+00:00, run_after=2022-01-01T00:00:00+00:00
[2024-10-04 23:34:12,418] {logging_mixin.py:115} INFO - [2024-10-04 23:34:12,418] {dag.py:2927} INFO - Setting next_dagrun for example_subdag_operator.section-1 to None, run_after=None
[2024-10-04 23:34:12,419] {logging_mixin.py:115} INFO - [2024-10-04 23:34:12,418] {dag.py:2927} INFO - Setting next_dagrun for example_subdag_operator.section-2 to None, run_after=None
[2024-10-04 23:34:12,432] {logging_mixin.py:115} INFO - [2024-10-04 23:34:12,432] {dag.py:2379} INFO - Sync 2 DAGs
[2024-10-04 23:34:12,441] {logging_mixin.py:115} INFO - [2024-10-04 23:34:12,441] {dag.py:2927} INFO - Setting next_dagrun for example_subdag_operator.section-1 to None, run_after=None
[2024-10-04 23:34:12,441] {logging_mixin.py:115} INFO - [2024-10-04 23:34:12,441] {dag.py:2927} INFO - Setting next_dagrun for example_subdag_operator.section-2 to None, run_after=None
[2024-10-04 23:34:12,557] {processor.py:161} INFO - Processing /home/kennedy/.local/lib/python3.10/site-packages/airflow/example_dags/example_subdag_operator.py took 0.345 seconds
[2024-10-04 23:35:02,338] {processor.py:153} INFO - Started process (PID=97113) to work on /home/kennedy/.local/lib/python3.10/site-packages/airflow/example_dags/example_subdag_operator.py
[2024-10-04 23:35:02,656] {processor.py:641} INFO - Processing file /home/kennedy/.local/lib/python3.10/site-packages/airflow/example_dags/example_subdag_operator.py for tasks to queue
[2024-10-04 23:35:02,658] {logging_mixin.py:115} INFO - [2024-10-04 23:35:02,657] {dagbag.py:507} INFO - Filling up the DagBag from /home/kennedy/.local/lib/python3.10/site-packages/airflow/example_dags/example_subdag_operator.py
[2024-10-04 23:35:02,726] {processor.py:651} INFO - DAG(s) dict_keys(['example_subdag_operator.section-1', 'example_subdag_operator.section-2', 'example_subdag_operator']) retrieved from /home/kennedy/.local/lib/python3.10/site-packages/airflow/example_dags/example_subdag_operator.py
[2024-10-04 23:35:02,801] {logging_mixin.py:115} INFO - [2024-10-04 23:35:02,801] {dag.py:2379} INFO - Sync 3 DAGs
[2024-10-04 23:35:02,835] {logging_mixin.py:115} INFO - [2024-10-04 23:35:02,835] {dag.py:2927} INFO - Setting next_dagrun for example_subdag_operator to 2022-01-01T00:00:00+00:00, run_after=2022-01-01T00:00:00+00:00
[2024-10-04 23:35:02,836] {logging_mixin.py:115} INFO - [2024-10-04 23:35:02,836] {dag.py:2927} INFO - Setting next_dagrun for example_subdag_operator.section-1 to None, run_after=None
[2024-10-04 23:35:02,836] {logging_mixin.py:115} INFO - [2024-10-04 23:35:02,836] {dag.py:2927} INFO - Setting next_dagrun for example_subdag_operator.section-2 to None, run_after=None
[2024-10-04 23:35:02,847] {logging_mixin.py:115} INFO - [2024-10-04 23:35:02,846] {dag.py:2379} INFO - Sync 2 DAGs
[2024-10-04 23:35:02,858] {logging_mixin.py:115} INFO - [2024-10-04 23:35:02,858] {dag.py:2927} INFO - Setting next_dagrun for example_subdag_operator.section-1 to None, run_after=None
[2024-10-04 23:35:02,859] {logging_mixin.py:115} INFO - [2024-10-04 23:35:02,858] {dag.py:2927} INFO - Setting next_dagrun for example_subdag_operator.section-2 to None, run_after=None
[2024-10-04 23:35:03,295] {processor.py:161} INFO - Processing /home/kennedy/.local/lib/python3.10/site-packages/airflow/example_dags/example_subdag_operator.py took 0.963 seconds
[2024-10-04 23:36:36,334] {processor.py:153} INFO - Started process (PID=98214) to work on /home/kennedy/.local/lib/python3.10/site-packages/airflow/example_dags/example_subdag_operator.py
[2024-10-04 23:36:37,159] {processor.py:641} INFO - Processing file /home/kennedy/.local/lib/python3.10/site-packages/airflow/example_dags/example_subdag_operator.py for tasks to queue
[2024-10-04 23:36:37,160] {logging_mixin.py:115} INFO - [2024-10-04 23:36:37,160] {dagbag.py:507} INFO - Filling up the DagBag from /home/kennedy/.local/lib/python3.10/site-packages/airflow/example_dags/example_subdag_operator.py
[2024-10-04 23:36:37,436] {processor.py:651} INFO - DAG(s) dict_keys(['example_subdag_operator.section-1', 'example_subdag_operator.section-2', 'example_subdag_operator']) retrieved from /home/kennedy/.local/lib/python3.10/site-packages/airflow/example_dags/example_subdag_operator.py
[2024-10-04 23:36:37,601] {logging_mixin.py:115} INFO - [2024-10-04 23:36:37,600] {dag.py:2379} INFO - Sync 3 DAGs
[2024-10-04 23:36:37,647] {logging_mixin.py:115} INFO - [2024-10-04 23:36:37,647] {dag.py:2927} INFO - Setting next_dagrun for example_subdag_operator to 2022-01-01T00:00:00+00:00, run_after=2022-01-01T00:00:00+00:00
[2024-10-04 23:36:37,648] {logging_mixin.py:115} INFO - [2024-10-04 23:36:37,648] {dag.py:2927} INFO - Setting next_dagrun for example_subdag_operator.section-1 to None, run_after=None
[2024-10-04 23:36:37,648] {logging_mixin.py:115} INFO - [2024-10-04 23:36:37,648] {dag.py:2927} INFO - Setting next_dagrun for example_subdag_operator.section-2 to None, run_after=None
[2024-10-04 23:36:37,671] {logging_mixin.py:115} INFO - [2024-10-04 23:36:37,671] {dag.py:2379} INFO - Sync 2 DAGs
[2024-10-04 23:36:37,678] {logging_mixin.py:115} INFO - [2024-10-04 23:36:37,678] {dag.py:2927} INFO - Setting next_dagrun for example_subdag_operator.section-1 to None, run_after=None
[2024-10-04 23:36:37,678] {logging_mixin.py:115} INFO - [2024-10-04 23:36:37,678] {dag.py:2927} INFO - Setting next_dagrun for example_subdag_operator.section-2 to None, run_after=None
[2024-10-04 23:36:37,763] {processor.py:161} INFO - Processing /home/kennedy/.local/lib/python3.10/site-packages/airflow/example_dags/example_subdag_operator.py took 1.436 seconds
[2024-10-04 23:37:49,680] {processor.py:153} INFO - Started process (PID=98349) to work on /home/kennedy/.local/lib/python3.10/site-packages/airflow/example_dags/example_subdag_operator.py
[2024-10-04 23:37:50,576] {processor.py:641} INFO - Processing file /home/kennedy/.local/lib/python3.10/site-packages/airflow/example_dags/example_subdag_operator.py for tasks to queue
[2024-10-04 23:37:50,577] {logging_mixin.py:115} INFO - [2024-10-04 23:37:50,577] {dagbag.py:507} INFO - Filling up the DagBag from /home/kennedy/.local/lib/python3.10/site-packages/airflow/example_dags/example_subdag_operator.py
[2024-10-04 23:37:50,622] {processor.py:651} INFO - DAG(s) dict_keys(['example_subdag_operator.section-1', 'example_subdag_operator.section-2', 'example_subdag_operator']) retrieved from /home/kennedy/.local/lib/python3.10/site-packages/airflow/example_dags/example_subdag_operator.py
[2024-10-04 23:37:50,693] {logging_mixin.py:115} INFO - [2024-10-04 23:37:50,693] {dag.py:2379} INFO - Sync 3 DAGs
[2024-10-04 23:37:50,726] {logging_mixin.py:115} INFO - [2024-10-04 23:37:50,726] {dag.py:2927} INFO - Setting next_dagrun for example_subdag_operator to 2022-01-01T00:00:00+00:00, run_after=2022-01-01T00:00:00+00:00
[2024-10-04 23:37:50,727] {logging_mixin.py:115} INFO - [2024-10-04 23:37:50,727] {dag.py:2927} INFO - Setting next_dagrun for example_subdag_operator.section-1 to None, run_after=None
[2024-10-04 23:37:50,727] {logging_mixin.py:115} INFO - [2024-10-04 23:37:50,727] {dag.py:2927} INFO - Setting next_dagrun for example_subdag_operator.section-2 to None, run_after=None
[2024-10-04 23:37:50,737] {logging_mixin.py:115} INFO - [2024-10-04 23:37:50,737] {dag.py:2379} INFO - Sync 2 DAGs
[2024-10-04 23:37:50,744] {logging_mixin.py:115} INFO - [2024-10-04 23:37:50,744] {dag.py:2927} INFO - Setting next_dagrun for example_subdag_operator.section-1 to None, run_after=None
[2024-10-04 23:37:50,744] {logging_mixin.py:115} INFO - [2024-10-04 23:37:50,744] {dag.py:2927} INFO - Setting next_dagrun for example_subdag_operator.section-2 to None, run_after=None
[2024-10-04 23:37:50,821] {processor.py:161} INFO - Processing /home/kennedy/.local/lib/python3.10/site-packages/airflow/example_dags/example_subdag_operator.py took 1.149 seconds
[2024-10-04 23:39:27,178] {processor.py:153} INFO - Started process (PID=99195) to work on /home/kennedy/KR/Programação/01.Exercícios/DE/Movies/venv/lib/python3.10/site-packages/airflow/example_dags/example_subdag_operator.py
[2024-10-04 23:39:27,186] {processor.py:641} INFO - Processing file /home/kennedy/KR/Programação/01.Exercícios/DE/Movies/venv/lib/python3.10/site-packages/airflow/example_dags/example_subdag_operator.py for tasks to queue
[2024-10-04 23:39:27,188] {logging_mixin.py:115} INFO - [2024-10-04 23:39:27,187] {dagbag.py:507} INFO - Filling up the DagBag from /home/kennedy/KR/Programação/01.Exercícios/DE/Movies/venv/lib/python3.10/site-packages/airflow/example_dags/example_subdag_operator.py
[2024-10-04 23:39:27,243] {processor.py:651} INFO - DAG(s) dict_keys(['example_subdag_operator.section-1', 'example_subdag_operator.section-2', 'example_subdag_operator']) retrieved from /home/kennedy/KR/Programação/01.Exercícios/DE/Movies/venv/lib/python3.10/site-packages/airflow/example_dags/example_subdag_operator.py
[2024-10-04 23:39:27,351] {logging_mixin.py:115} INFO - [2024-10-04 23:39:27,351] {dag.py:2379} INFO - Sync 3 DAGs
[2024-10-04 23:39:27,390] {logging_mixin.py:115} INFO - [2024-10-04 23:39:27,390] {dag.py:2927} INFO - Setting next_dagrun for example_subdag_operator to 2022-01-01T00:00:00+00:00, run_after=2022-01-01T00:00:00+00:00
[2024-10-04 23:39:27,391] {logging_mixin.py:115} INFO - [2024-10-04 23:39:27,391] {dag.py:2927} INFO - Setting next_dagrun for example_subdag_operator.section-1 to None, run_after=None
[2024-10-04 23:39:27,391] {logging_mixin.py:115} INFO - [2024-10-04 23:39:27,391] {dag.py:2927} INFO - Setting next_dagrun for example_subdag_operator.section-2 to None, run_after=None
[2024-10-04 23:39:27,407] {logging_mixin.py:115} INFO - [2024-10-04 23:39:27,407] {dag.py:2379} INFO - Sync 2 DAGs
[2024-10-04 23:39:27,415] {logging_mixin.py:115} INFO - [2024-10-04 23:39:27,414] {dag.py:2927} INFO - Setting next_dagrun for example_subdag_operator.section-1 to None, run_after=None
[2024-10-04 23:39:27,415] {logging_mixin.py:115} INFO - [2024-10-04 23:39:27,415] {dag.py:2927} INFO - Setting next_dagrun for example_subdag_operator.section-2 to None, run_after=None
[2024-10-04 23:39:27,507] {processor.py:161} INFO - Processing /home/kennedy/KR/Programação/01.Exercícios/DE/Movies/venv/lib/python3.10/site-packages/airflow/example_dags/example_subdag_operator.py took 0.335 seconds
[2024-10-04 23:39:46,766] {processor.py:153} INFO - Started process (PID=99212) to work on /home/kennedy/.local/lib/python3.10/site-packages/airflow/example_dags/example_subdag_operator.py
[2024-10-04 23:39:46,768] {processor.py:641} INFO - Processing file /home/kennedy/.local/lib/python3.10/site-packages/airflow/example_dags/example_subdag_operator.py for tasks to queue
[2024-10-04 23:39:46,769] {logging_mixin.py:115} INFO - [2024-10-04 23:39:46,769] {dagbag.py:507} INFO - Filling up the DagBag from /home/kennedy/.local/lib/python3.10/site-packages/airflow/example_dags/example_subdag_operator.py
[2024-10-04 23:39:46,819] {processor.py:651} INFO - DAG(s) dict_keys(['example_subdag_operator.section-1', 'example_subdag_operator.section-2', 'example_subdag_operator']) retrieved from /home/kennedy/.local/lib/python3.10/site-packages/airflow/example_dags/example_subdag_operator.py
[2024-10-04 23:39:46,828] {logging_mixin.py:115} INFO - [2024-10-04 23:39:46,828] {dag.py:2379} INFO - Sync 3 DAGs
[2024-10-04 23:39:46,872] {logging_mixin.py:115} INFO - [2024-10-04 23:39:46,871] {dag.py:2927} INFO - Setting next_dagrun for example_subdag_operator to 2022-01-01T00:00:00+00:00, run_after=2022-01-01T00:00:00+00:00
[2024-10-04 23:39:46,872] {logging_mixin.py:115} INFO - [2024-10-04 23:39:46,872] {dag.py:2927} INFO - Setting next_dagrun for example_subdag_operator.section-1 to None, run_after=None
[2024-10-04 23:39:46,873] {logging_mixin.py:115} INFO - [2024-10-04 23:39:46,873] {dag.py:2927} INFO - Setting next_dagrun for example_subdag_operator.section-2 to None, run_after=None
[2024-10-04 23:39:46,891] {logging_mixin.py:115} INFO - [2024-10-04 23:39:46,890] {dag.py:2379} INFO - Sync 2 DAGs
[2024-10-04 23:39:46,900] {logging_mixin.py:115} INFO - [2024-10-04 23:39:46,900] {dag.py:2927} INFO - Setting next_dagrun for example_subdag_operator.section-1 to None, run_after=None
[2024-10-04 23:39:46,900] {logging_mixin.py:115} INFO - [2024-10-04 23:39:46,900] {dag.py:2927} INFO - Setting next_dagrun for example_subdag_operator.section-2 to None, run_after=None
[2024-10-04 23:39:48,196] {processor.py:161} INFO - Processing /home/kennedy/.local/lib/python3.10/site-packages/airflow/example_dags/example_subdag_operator.py took 1.437 seconds
[2024-10-04 23:41:17,218] {processor.py:153} INFO - Started process (PID=99439) to work on /home/kennedy/.local/lib/python3.10/site-packages/airflow/example_dags/example_subdag_operator.py
[2024-10-04 23:41:17,232] {processor.py:641} INFO - Processing file /home/kennedy/.local/lib/python3.10/site-packages/airflow/example_dags/example_subdag_operator.py for tasks to queue
[2024-10-04 23:41:17,234] {logging_mixin.py:115} INFO - [2024-10-04 23:41:17,234] {dagbag.py:507} INFO - Filling up the DagBag from /home/kennedy/.local/lib/python3.10/site-packages/airflow/example_dags/example_subdag_operator.py
[2024-10-04 23:41:17,303] {processor.py:651} INFO - DAG(s) dict_keys(['example_subdag_operator.section-1', 'example_subdag_operator.section-2', 'example_subdag_operator']) retrieved from /home/kennedy/.local/lib/python3.10/site-packages/airflow/example_dags/example_subdag_operator.py
[2024-10-04 23:41:17,502] {logging_mixin.py:115} INFO - [2024-10-04 23:41:17,501] {dag.py:2379} INFO - Sync 3 DAGs
[2024-10-04 23:41:17,522] {logging_mixin.py:115} INFO - [2024-10-04 23:41:17,522] {dag.py:2927} INFO - Setting next_dagrun for example_subdag_operator to 2022-01-01T00:00:00+00:00, run_after=2022-01-01T00:00:00+00:00
[2024-10-04 23:41:17,522] {logging_mixin.py:115} INFO - [2024-10-04 23:41:17,522] {dag.py:2927} INFO - Setting next_dagrun for example_subdag_operator.section-1 to None, run_after=None
[2024-10-04 23:41:17,523] {logging_mixin.py:115} INFO - [2024-10-04 23:41:17,523] {dag.py:2927} INFO - Setting next_dagrun for example_subdag_operator.section-2 to None, run_after=None
[2024-10-04 23:41:17,529] {logging_mixin.py:115} INFO - [2024-10-04 23:41:17,529] {dag.py:2379} INFO - Sync 2 DAGs
[2024-10-04 23:41:17,532] {logging_mixin.py:115} INFO - [2024-10-04 23:41:17,532] {dag.py:2927} INFO - Setting next_dagrun for example_subdag_operator.section-1 to None, run_after=None
[2024-10-04 23:41:17,533] {logging_mixin.py:115} INFO - [2024-10-04 23:41:17,533] {dag.py:2927} INFO - Setting next_dagrun for example_subdag_operator.section-2 to None, run_after=None
[2024-10-04 23:41:17,708] {processor.py:161} INFO - Processing /home/kennedy/.local/lib/python3.10/site-packages/airflow/example_dags/example_subdag_operator.py took 0.499 seconds
[2024-10-04 23:42:50,160] {processor.py:153} INFO - Started process (PID=99770) to work on /home/kennedy/.local/lib/python3.10/site-packages/airflow/example_dags/example_subdag_operator.py
[2024-10-04 23:42:50,532] {processor.py:641} INFO - Processing file /home/kennedy/.local/lib/python3.10/site-packages/airflow/example_dags/example_subdag_operator.py for tasks to queue
[2024-10-04 23:42:50,533] {logging_mixin.py:115} INFO - [2024-10-04 23:42:50,533] {dagbag.py:507} INFO - Filling up the DagBag from /home/kennedy/.local/lib/python3.10/site-packages/airflow/example_dags/example_subdag_operator.py
[2024-10-04 23:42:50,584] {processor.py:651} INFO - DAG(s) dict_keys(['example_subdag_operator.section-1', 'example_subdag_operator.section-2', 'example_subdag_operator']) retrieved from /home/kennedy/.local/lib/python3.10/site-packages/airflow/example_dags/example_subdag_operator.py
[2024-10-04 23:42:50,820] {logging_mixin.py:115} INFO - [2024-10-04 23:42:50,820] {dag.py:2379} INFO - Sync 3 DAGs
[2024-10-04 23:42:50,864] {logging_mixin.py:115} INFO - [2024-10-04 23:42:50,864] {dag.py:2927} INFO - Setting next_dagrun for example_subdag_operator to 2022-01-01T00:00:00+00:00, run_after=2022-01-01T00:00:00+00:00
[2024-10-04 23:42:50,865] {logging_mixin.py:115} INFO - [2024-10-04 23:42:50,865] {dag.py:2927} INFO - Setting next_dagrun for example_subdag_operator.section-1 to None, run_after=None
[2024-10-04 23:42:50,865] {logging_mixin.py:115} INFO - [2024-10-04 23:42:50,865] {dag.py:2927} INFO - Setting next_dagrun for example_subdag_operator.section-2 to None, run_after=None
[2024-10-04 23:42:50,877] {logging_mixin.py:115} INFO - [2024-10-04 23:42:50,877] {dag.py:2379} INFO - Sync 2 DAGs
[2024-10-04 23:42:50,885] {logging_mixin.py:115} INFO - [2024-10-04 23:42:50,885] {dag.py:2927} INFO - Setting next_dagrun for example_subdag_operator.section-1 to None, run_after=None
[2024-10-04 23:42:50,886] {logging_mixin.py:115} INFO - [2024-10-04 23:42:50,886] {dag.py:2927} INFO - Setting next_dagrun for example_subdag_operator.section-2 to None, run_after=None
[2024-10-04 23:42:50,984] {processor.py:161} INFO - Processing /home/kennedy/.local/lib/python3.10/site-packages/airflow/example_dags/example_subdag_operator.py took 0.831 seconds
[2024-10-04 23:42:56,204] {processor.py:153} INFO - Started process (PID=99779) to work on /home/kennedy/.local/lib/python3.10/site-packages/airflow/example_dags/example_subdag_operator.py
[2024-10-04 23:42:57,228] {processor.py:641} INFO - Processing file /home/kennedy/.local/lib/python3.10/site-packages/airflow/example_dags/example_subdag_operator.py for tasks to queue
[2024-10-04 23:42:57,230] {logging_mixin.py:115} INFO - [2024-10-04 23:42:57,229] {dagbag.py:507} INFO - Filling up the DagBag from /home/kennedy/.local/lib/python3.10/site-packages/airflow/example_dags/example_subdag_operator.py
[2024-10-04 23:42:57,333] {processor.py:651} INFO - DAG(s) dict_keys(['example_subdag_operator.section-1', 'example_subdag_operator.section-2', 'example_subdag_operator']) retrieved from /home/kennedy/.local/lib/python3.10/site-packages/airflow/example_dags/example_subdag_operator.py
[2024-10-04 23:42:57,410] {logging_mixin.py:115} INFO - [2024-10-04 23:42:57,410] {dag.py:2379} INFO - Sync 3 DAGs
[2024-10-04 23:42:57,454] {logging_mixin.py:115} INFO - [2024-10-04 23:42:57,453] {dag.py:2927} INFO - Setting next_dagrun for example_subdag_operator to 2022-01-01T00:00:00+00:00, run_after=2022-01-01T00:00:00+00:00
[2024-10-04 23:42:57,454] {logging_mixin.py:115} INFO - [2024-10-04 23:42:57,454] {dag.py:2927} INFO - Setting next_dagrun for example_subdag_operator.section-1 to None, run_after=None
[2024-10-04 23:42:57,455] {logging_mixin.py:115} INFO - [2024-10-04 23:42:57,455] {dag.py:2927} INFO - Setting next_dagrun for example_subdag_operator.section-2 to None, run_after=None
[2024-10-04 23:42:57,468] {logging_mixin.py:115} INFO - [2024-10-04 23:42:57,468] {dag.py:2379} INFO - Sync 2 DAGs
[2024-10-04 23:42:57,477] {logging_mixin.py:115} INFO - [2024-10-04 23:42:57,477] {dag.py:2927} INFO - Setting next_dagrun for example_subdag_operator.section-1 to None, run_after=None
[2024-10-04 23:42:57,478] {logging_mixin.py:115} INFO - [2024-10-04 23:42:57,478] {dag.py:2927} INFO - Setting next_dagrun for example_subdag_operator.section-2 to None, run_after=None
[2024-10-04 23:42:58,282] {processor.py:161} INFO - Processing /home/kennedy/.local/lib/python3.10/site-packages/airflow/example_dags/example_subdag_operator.py took 2.086 seconds
[2024-10-04 23:44:03,115] {processor.py:153} INFO - Started process (PID=99858) to work on /home/kennedy/.local/lib/python3.10/site-packages/airflow/example_dags/example_subdag_operator.py
[2024-10-04 23:44:03,129] {processor.py:641} INFO - Processing file /home/kennedy/.local/lib/python3.10/site-packages/airflow/example_dags/example_subdag_operator.py for tasks to queue
[2024-10-04 23:44:03,130] {logging_mixin.py:115} INFO - [2024-10-04 23:44:03,130] {dagbag.py:507} INFO - Filling up the DagBag from /home/kennedy/.local/lib/python3.10/site-packages/airflow/example_dags/example_subdag_operator.py
[2024-10-04 23:44:03,358] {processor.py:651} INFO - DAG(s) dict_keys(['example_subdag_operator.section-1', 'example_subdag_operator.section-2', 'example_subdag_operator']) retrieved from /home/kennedy/.local/lib/python3.10/site-packages/airflow/example_dags/example_subdag_operator.py
[2024-10-04 23:44:03,440] {logging_mixin.py:115} INFO - [2024-10-04 23:44:03,440] {dag.py:2379} INFO - Sync 3 DAGs
[2024-10-04 23:44:03,482] {logging_mixin.py:115} INFO - [2024-10-04 23:44:03,482] {dag.py:2927} INFO - Setting next_dagrun for example_subdag_operator to 2022-01-01T00:00:00+00:00, run_after=2022-01-01T00:00:00+00:00
[2024-10-04 23:44:03,483] {logging_mixin.py:115} INFO - [2024-10-04 23:44:03,483] {dag.py:2927} INFO - Setting next_dagrun for example_subdag_operator.section-1 to None, run_after=None
[2024-10-04 23:44:03,484] {logging_mixin.py:115} INFO - [2024-10-04 23:44:03,484] {dag.py:2927} INFO - Setting next_dagrun for example_subdag_operator.section-2 to None, run_after=None
[2024-10-04 23:44:03,496] {logging_mixin.py:115} INFO - [2024-10-04 23:44:03,496] {dag.py:2379} INFO - Sync 2 DAGs
[2024-10-04 23:44:03,507] {logging_mixin.py:115} INFO - [2024-10-04 23:44:03,507] {dag.py:2927} INFO - Setting next_dagrun for example_subdag_operator.section-1 to None, run_after=None
[2024-10-04 23:44:03,507] {logging_mixin.py:115} INFO - [2024-10-04 23:44:03,507] {dag.py:2927} INFO - Setting next_dagrun for example_subdag_operator.section-2 to None, run_after=None
[2024-10-04 23:44:03,593] {processor.py:161} INFO - Processing /home/kennedy/.local/lib/python3.10/site-packages/airflow/example_dags/example_subdag_operator.py took 0.485 seconds
[2024-10-04 23:44:38,383] {processor.py:153} INFO - Started process (PID=99963) to work on /home/kennedy/.local/lib/python3.10/site-packages/airflow/example_dags/example_subdag_operator.py
[2024-10-04 23:44:38,532] {processor.py:641} INFO - Processing file /home/kennedy/.local/lib/python3.10/site-packages/airflow/example_dags/example_subdag_operator.py for tasks to queue
[2024-10-04 23:44:38,533] {logging_mixin.py:115} INFO - [2024-10-04 23:44:38,533] {dagbag.py:507} INFO - Filling up the DagBag from /home/kennedy/.local/lib/python3.10/site-packages/airflow/example_dags/example_subdag_operator.py
[2024-10-04 23:44:38,918] {processor.py:651} INFO - DAG(s) dict_keys(['example_subdag_operator.section-1', 'example_subdag_operator.section-2', 'example_subdag_operator']) retrieved from /home/kennedy/.local/lib/python3.10/site-packages/airflow/example_dags/example_subdag_operator.py
[2024-10-04 23:44:39,000] {logging_mixin.py:115} INFO - [2024-10-04 23:44:39,000] {dag.py:2379} INFO - Sync 3 DAGs
[2024-10-04 23:44:39,043] {logging_mixin.py:115} INFO - [2024-10-04 23:44:39,043] {dag.py:2927} INFO - Setting next_dagrun for example_subdag_operator to 2022-01-01T00:00:00+00:00, run_after=2022-01-01T00:00:00+00:00
[2024-10-04 23:44:39,044] {logging_mixin.py:115} INFO - [2024-10-04 23:44:39,044] {dag.py:2927} INFO - Setting next_dagrun for example_subdag_operator.section-1 to None, run_after=None
[2024-10-04 23:44:39,044] {logging_mixin.py:115} INFO - [2024-10-04 23:44:39,044] {dag.py:2927} INFO - Setting next_dagrun for example_subdag_operator.section-2 to None, run_after=None
[2024-10-04 23:44:39,059] {logging_mixin.py:115} INFO - [2024-10-04 23:44:39,058] {dag.py:2379} INFO - Sync 2 DAGs
[2024-10-04 23:44:39,072] {logging_mixin.py:115} INFO - [2024-10-04 23:44:39,072] {dag.py:2927} INFO - Setting next_dagrun for example_subdag_operator.section-1 to None, run_after=None
[2024-10-04 23:44:39,073] {logging_mixin.py:115} INFO - [2024-10-04 23:44:39,072] {dag.py:2927} INFO - Setting next_dagrun for example_subdag_operator.section-2 to None, run_after=None
[2024-10-04 23:44:39,323] {processor.py:161} INFO - Processing /home/kennedy/.local/lib/python3.10/site-packages/airflow/example_dags/example_subdag_operator.py took 0.948 seconds
[2024-10-04 23:46:53,569] {processor.py:153} INFO - Started process (PID=101194) to work on /home/kennedy/.local/lib/python3.10/site-packages/airflow/example_dags/example_subdag_operator.py
[2024-10-04 23:46:53,663] {processor.py:641} INFO - Processing file /home/kennedy/.local/lib/python3.10/site-packages/airflow/example_dags/example_subdag_operator.py for tasks to queue
[2024-10-04 23:46:53,664] {logging_mixin.py:115} INFO - [2024-10-04 23:46:53,664] {dagbag.py:507} INFO - Filling up the DagBag from /home/kennedy/.local/lib/python3.10/site-packages/airflow/example_dags/example_subdag_operator.py
[2024-10-04 23:46:53,705] {processor.py:651} INFO - DAG(s) dict_keys(['example_subdag_operator.section-1', 'example_subdag_operator.section-2', 'example_subdag_operator']) retrieved from /home/kennedy/.local/lib/python3.10/site-packages/airflow/example_dags/example_subdag_operator.py
[2024-10-04 23:46:53,813] {logging_mixin.py:115} INFO - [2024-10-04 23:46:53,813] {dag.py:2379} INFO - Sync 3 DAGs
[2024-10-04 23:46:53,839] {logging_mixin.py:115} INFO - [2024-10-04 23:46:53,838] {dag.py:2927} INFO - Setting next_dagrun for example_subdag_operator to 2022-01-01T00:00:00+00:00, run_after=2022-01-01T00:00:00+00:00
[2024-10-04 23:46:53,839] {logging_mixin.py:115} INFO - [2024-10-04 23:46:53,839] {dag.py:2927} INFO - Setting next_dagrun for example_subdag_operator.section-1 to None, run_after=None
[2024-10-04 23:46:53,839] {logging_mixin.py:115} INFO - [2024-10-04 23:46:53,839] {dag.py:2927} INFO - Setting next_dagrun for example_subdag_operator.section-2 to None, run_after=None
[2024-10-04 23:46:53,853] {logging_mixin.py:115} INFO - [2024-10-04 23:46:53,852] {dag.py:2379} INFO - Sync 2 DAGs
[2024-10-04 23:46:53,859] {logging_mixin.py:115} INFO - [2024-10-04 23:46:53,859] {dag.py:2927} INFO - Setting next_dagrun for example_subdag_operator.section-1 to None, run_after=None
[2024-10-04 23:46:53,859] {logging_mixin.py:115} INFO - [2024-10-04 23:46:53,859] {dag.py:2927} INFO - Setting next_dagrun for example_subdag_operator.section-2 to None, run_after=None
[2024-10-04 23:46:55,095] {processor.py:161} INFO - Processing /home/kennedy/.local/lib/python3.10/site-packages/airflow/example_dags/example_subdag_operator.py took 1.532 seconds
[2024-10-04 23:48:50,833] {processor.py:153} INFO - Started process (PID=102225) to work on /home/kennedy/.local/lib/python3.10/site-packages/airflow/example_dags/example_subdag_operator.py
[2024-10-04 23:48:50,845] {processor.py:641} INFO - Processing file /home/kennedy/.local/lib/python3.10/site-packages/airflow/example_dags/example_subdag_operator.py for tasks to queue
[2024-10-04 23:48:50,846] {logging_mixin.py:115} INFO - [2024-10-04 23:48:50,846] {dagbag.py:507} INFO - Filling up the DagBag from /home/kennedy/.local/lib/python3.10/site-packages/airflow/example_dags/example_subdag_operator.py
[2024-10-04 23:48:50,896] {processor.py:651} INFO - DAG(s) dict_keys(['example_subdag_operator.section-1', 'example_subdag_operator.section-2', 'example_subdag_operator']) retrieved from /home/kennedy/.local/lib/python3.10/site-packages/airflow/example_dags/example_subdag_operator.py
[2024-10-04 23:48:51,016] {logging_mixin.py:115} INFO - [2024-10-04 23:48:51,016] {dag.py:2379} INFO - Sync 3 DAGs
[2024-10-04 23:48:51,046] {logging_mixin.py:115} INFO - [2024-10-04 23:48:51,046] {dag.py:2927} INFO - Setting next_dagrun for example_subdag_operator to 2022-01-01T00:00:00+00:00, run_after=2022-01-01T00:00:00+00:00
[2024-10-04 23:48:51,047] {logging_mixin.py:115} INFO - [2024-10-04 23:48:51,046] {dag.py:2927} INFO - Setting next_dagrun for example_subdag_operator.section-1 to None, run_after=None
[2024-10-04 23:48:51,047] {logging_mixin.py:115} INFO - [2024-10-04 23:48:51,047] {dag.py:2927} INFO - Setting next_dagrun for example_subdag_operator.section-2 to None, run_after=None
[2024-10-04 23:48:51,070] {logging_mixin.py:115} INFO - [2024-10-04 23:48:51,069] {dag.py:2379} INFO - Sync 2 DAGs
[2024-10-04 23:48:51,082] {logging_mixin.py:115} INFO - [2024-10-04 23:48:51,082] {dag.py:2927} INFO - Setting next_dagrun for example_subdag_operator.section-1 to None, run_after=None
[2024-10-04 23:48:51,083] {logging_mixin.py:115} INFO - [2024-10-04 23:48:51,083] {dag.py:2927} INFO - Setting next_dagrun for example_subdag_operator.section-2 to None, run_after=None
[2024-10-04 23:48:52,165] {processor.py:161} INFO - Processing /home/kennedy/.local/lib/python3.10/site-packages/airflow/example_dags/example_subdag_operator.py took 1.338 seconds
[2024-10-04 23:49:52,814] {processor.py:153} INFO - Started process (PID=102365) to work on /home/kennedy/.local/lib/python3.10/site-packages/airflow/example_dags/example_subdag_operator.py
[2024-10-04 23:49:53,837] {processor.py:641} INFO - Processing file /home/kennedy/.local/lib/python3.10/site-packages/airflow/example_dags/example_subdag_operator.py for tasks to queue
[2024-10-04 23:49:53,838] {logging_mixin.py:115} INFO - [2024-10-04 23:49:53,838] {dagbag.py:507} INFO - Filling up the DagBag from /home/kennedy/.local/lib/python3.10/site-packages/airflow/example_dags/example_subdag_operator.py
[2024-10-04 23:49:55,231] {processor.py:651} INFO - DAG(s) dict_keys(['example_subdag_operator.section-1', 'example_subdag_operator.section-2', 'example_subdag_operator']) retrieved from /home/kennedy/.local/lib/python3.10/site-packages/airflow/example_dags/example_subdag_operator.py
[2024-10-04 23:49:55,300] {logging_mixin.py:115} INFO - [2024-10-04 23:49:55,300] {dag.py:2379} INFO - Sync 3 DAGs
[2024-10-04 23:49:55,335] {logging_mixin.py:115} INFO - [2024-10-04 23:49:55,335] {dag.py:2927} INFO - Setting next_dagrun for example_subdag_operator to 2022-01-01T00:00:00+00:00, run_after=2022-01-01T00:00:00+00:00
[2024-10-04 23:49:55,336] {logging_mixin.py:115} INFO - [2024-10-04 23:49:55,335] {dag.py:2927} INFO - Setting next_dagrun for example_subdag_operator.section-1 to None, run_after=None
[2024-10-04 23:49:55,336] {logging_mixin.py:115} INFO - [2024-10-04 23:49:55,336] {dag.py:2927} INFO - Setting next_dagrun for example_subdag_operator.section-2 to None, run_after=None
[2024-10-04 23:49:55,346] {logging_mixin.py:115} INFO - [2024-10-04 23:49:55,346] {dag.py:2379} INFO - Sync 2 DAGs
[2024-10-04 23:49:55,353] {logging_mixin.py:115} INFO - [2024-10-04 23:49:55,353] {dag.py:2927} INFO - Setting next_dagrun for example_subdag_operator.section-1 to None, run_after=None
[2024-10-04 23:49:55,354] {logging_mixin.py:115} INFO - [2024-10-04 23:49:55,354] {dag.py:2927} INFO - Setting next_dagrun for example_subdag_operator.section-2 to None, run_after=None
[2024-10-04 23:49:56,767] {processor.py:161} INFO - Processing /home/kennedy/.local/lib/python3.10/site-packages/airflow/example_dags/example_subdag_operator.py took 3.960 seconds
[2024-10-04 23:51:01,502] {processor.py:153} INFO - Started process (PID=102654) to work on /home/kennedy/.local/lib/python3.10/site-packages/airflow/example_dags/example_subdag_operator.py
[2024-10-04 23:51:01,517] {processor.py:641} INFO - Processing file /home/kennedy/.local/lib/python3.10/site-packages/airflow/example_dags/example_subdag_operator.py for tasks to queue
[2024-10-04 23:51:01,518] {logging_mixin.py:115} INFO - [2024-10-04 23:51:01,518] {dagbag.py:507} INFO - Filling up the DagBag from /home/kennedy/.local/lib/python3.10/site-packages/airflow/example_dags/example_subdag_operator.py
[2024-10-04 23:51:01,568] {processor.py:651} INFO - DAG(s) dict_keys(['example_subdag_operator.section-1', 'example_subdag_operator.section-2', 'example_subdag_operator']) retrieved from /home/kennedy/.local/lib/python3.10/site-packages/airflow/example_dags/example_subdag_operator.py
[2024-10-04 23:51:01,630] {logging_mixin.py:115} INFO - [2024-10-04 23:51:01,629] {dag.py:2379} INFO - Sync 3 DAGs
[2024-10-04 23:51:01,662] {logging_mixin.py:115} INFO - [2024-10-04 23:51:01,662] {dag.py:2927} INFO - Setting next_dagrun for example_subdag_operator to 2022-01-01T00:00:00+00:00, run_after=2022-01-01T00:00:00+00:00
[2024-10-04 23:51:01,663] {logging_mixin.py:115} INFO - [2024-10-04 23:51:01,663] {dag.py:2927} INFO - Setting next_dagrun for example_subdag_operator.section-1 to None, run_after=None
[2024-10-04 23:51:01,663] {logging_mixin.py:115} INFO - [2024-10-04 23:51:01,663] {dag.py:2927} INFO - Setting next_dagrun for example_subdag_operator.section-2 to None, run_after=None
[2024-10-04 23:51:01,673] {logging_mixin.py:115} INFO - [2024-10-04 23:51:01,673] {dag.py:2379} INFO - Sync 2 DAGs
[2024-10-04 23:51:01,680] {logging_mixin.py:115} INFO - [2024-10-04 23:51:01,680] {dag.py:2927} INFO - Setting next_dagrun for example_subdag_operator.section-1 to None, run_after=None
[2024-10-04 23:51:01,681] {logging_mixin.py:115} INFO - [2024-10-04 23:51:01,681] {dag.py:2927} INFO - Setting next_dagrun for example_subdag_operator.section-2 to None, run_after=None
[2024-10-04 23:51:02,901] {processor.py:161} INFO - Processing /home/kennedy/.local/lib/python3.10/site-packages/airflow/example_dags/example_subdag_operator.py took 1.406 seconds
[2024-10-04 23:52:36,626] {processor.py:153} INFO - Started process (PID=102850) to work on /home/kennedy/.local/lib/python3.10/site-packages/airflow/example_dags/example_subdag_operator.py
[2024-10-04 23:52:36,632] {processor.py:641} INFO - Processing file /home/kennedy/.local/lib/python3.10/site-packages/airflow/example_dags/example_subdag_operator.py for tasks to queue
[2024-10-04 23:52:36,634] {logging_mixin.py:115} INFO - [2024-10-04 23:52:36,633] {dagbag.py:507} INFO - Filling up the DagBag from /home/kennedy/.local/lib/python3.10/site-packages/airflow/example_dags/example_subdag_operator.py
[2024-10-04 23:52:36,685] {processor.py:651} INFO - DAG(s) dict_keys(['example_subdag_operator.section-1', 'example_subdag_operator.section-2', 'example_subdag_operator']) retrieved from /home/kennedy/.local/lib/python3.10/site-packages/airflow/example_dags/example_subdag_operator.py
[2024-10-04 23:52:36,748] {logging_mixin.py:115} INFO - [2024-10-04 23:52:36,748] {dag.py:2379} INFO - Sync 3 DAGs
[2024-10-04 23:52:36,782] {logging_mixin.py:115} INFO - [2024-10-04 23:52:36,781] {dag.py:2927} INFO - Setting next_dagrun for example_subdag_operator to 2022-01-01T00:00:00+00:00, run_after=2022-01-01T00:00:00+00:00
[2024-10-04 23:52:36,782] {logging_mixin.py:115} INFO - [2024-10-04 23:52:36,782] {dag.py:2927} INFO - Setting next_dagrun for example_subdag_operator.section-1 to None, run_after=None
[2024-10-04 23:52:36,782] {logging_mixin.py:115} INFO - [2024-10-04 23:52:36,782] {dag.py:2927} INFO - Setting next_dagrun for example_subdag_operator.section-2 to None, run_after=None
[2024-10-04 23:52:36,792] {logging_mixin.py:115} INFO - [2024-10-04 23:52:36,792] {dag.py:2379} INFO - Sync 2 DAGs
[2024-10-04 23:52:36,800] {logging_mixin.py:115} INFO - [2024-10-04 23:52:36,800] {dag.py:2927} INFO - Setting next_dagrun for example_subdag_operator.section-1 to None, run_after=None
[2024-10-04 23:52:36,801] {logging_mixin.py:115} INFO - [2024-10-04 23:52:36,801] {dag.py:2927} INFO - Setting next_dagrun for example_subdag_operator.section-2 to None, run_after=None
[2024-10-04 23:52:38,181] {processor.py:161} INFO - Processing /home/kennedy/.local/lib/python3.10/site-packages/airflow/example_dags/example_subdag_operator.py took 1.562 seconds
[2024-10-04 23:54:07,962] {processor.py:153} INFO - Started process (PID=103846) to work on /home/kennedy/.local/lib/python3.10/site-packages/airflow/example_dags/example_subdag_operator.py
[2024-10-04 23:54:07,976] {processor.py:641} INFO - Processing file /home/kennedy/.local/lib/python3.10/site-packages/airflow/example_dags/example_subdag_operator.py for tasks to queue
[2024-10-04 23:54:07,978] {logging_mixin.py:115} INFO - [2024-10-04 23:54:07,978] {dagbag.py:507} INFO - Filling up the DagBag from /home/kennedy/.local/lib/python3.10/site-packages/airflow/example_dags/example_subdag_operator.py
[2024-10-04 23:54:08,041] {processor.py:651} INFO - DAG(s) dict_keys(['example_subdag_operator.section-1', 'example_subdag_operator.section-2', 'example_subdag_operator']) retrieved from /home/kennedy/.local/lib/python3.10/site-packages/airflow/example_dags/example_subdag_operator.py
[2024-10-04 23:54:08,071] {logging_mixin.py:115} INFO - [2024-10-04 23:54:08,071] {dag.py:2379} INFO - Sync 3 DAGs
[2024-10-04 23:54:08,085] {logging_mixin.py:115} INFO - [2024-10-04 23:54:08,085] {dag.py:2927} INFO - Setting next_dagrun for example_subdag_operator to 2022-01-01T00:00:00+00:00, run_after=2022-01-01T00:00:00+00:00
[2024-10-04 23:54:08,085] {logging_mixin.py:115} INFO - [2024-10-04 23:54:08,085] {dag.py:2927} INFO - Setting next_dagrun for example_subdag_operator.section-1 to None, run_after=None
[2024-10-04 23:54:08,085] {logging_mixin.py:115} INFO - [2024-10-04 23:54:08,085] {dag.py:2927} INFO - Setting next_dagrun for example_subdag_operator.section-2 to None, run_after=None
[2024-10-04 23:54:08,089] {logging_mixin.py:115} INFO - [2024-10-04 23:54:08,089] {dag.py:2379} INFO - Sync 2 DAGs
[2024-10-04 23:54:08,092] {logging_mixin.py:115} INFO - [2024-10-04 23:54:08,092] {dag.py:2927} INFO - Setting next_dagrun for example_subdag_operator.section-1 to None, run_after=None
[2024-10-04 23:54:08,092] {logging_mixin.py:115} INFO - [2024-10-04 23:54:08,092] {dag.py:2927} INFO - Setting next_dagrun for example_subdag_operator.section-2 to None, run_after=None
[2024-10-04 23:54:08,939] {processor.py:161} INFO - Processing /home/kennedy/.local/lib/python3.10/site-packages/airflow/example_dags/example_subdag_operator.py took 0.990 seconds
[2024-10-04 23:55:58,137] {processor.py:153} INFO - Started process (PID=104205) to work on /home/kennedy/.local/lib/python3.10/site-packages/airflow/example_dags/example_subdag_operator.py
[2024-10-04 23:55:58,301] {processor.py:641} INFO - Processing file /home/kennedy/.local/lib/python3.10/site-packages/airflow/example_dags/example_subdag_operator.py for tasks to queue
[2024-10-04 23:55:58,302] {logging_mixin.py:115} INFO - [2024-10-04 23:55:58,302] {dagbag.py:507} INFO - Filling up the DagBag from /home/kennedy/.local/lib/python3.10/site-packages/airflow/example_dags/example_subdag_operator.py
[2024-10-04 23:55:58,379] {processor.py:651} INFO - DAG(s) dict_keys(['example_subdag_operator.section-1', 'example_subdag_operator.section-2', 'example_subdag_operator']) retrieved from /home/kennedy/.local/lib/python3.10/site-packages/airflow/example_dags/example_subdag_operator.py
[2024-10-04 23:55:58,448] {logging_mixin.py:115} INFO - [2024-10-04 23:55:58,448] {dag.py:2379} INFO - Sync 3 DAGs
[2024-10-04 23:55:58,481] {logging_mixin.py:115} INFO - [2024-10-04 23:55:58,481] {dag.py:2927} INFO - Setting next_dagrun for example_subdag_operator to 2022-01-01T00:00:00+00:00, run_after=2022-01-01T00:00:00+00:00
[2024-10-04 23:55:58,482] {logging_mixin.py:115} INFO - [2024-10-04 23:55:58,482] {dag.py:2927} INFO - Setting next_dagrun for example_subdag_operator.section-1 to None, run_after=None
[2024-10-04 23:55:58,482] {logging_mixin.py:115} INFO - [2024-10-04 23:55:58,482] {dag.py:2927} INFO - Setting next_dagrun for example_subdag_operator.section-2 to None, run_after=None
[2024-10-04 23:55:58,492] {logging_mixin.py:115} INFO - [2024-10-04 23:55:58,492] {dag.py:2379} INFO - Sync 2 DAGs
[2024-10-04 23:55:58,500] {logging_mixin.py:115} INFO - [2024-10-04 23:55:58,500] {dag.py:2927} INFO - Setting next_dagrun for example_subdag_operator.section-1 to None, run_after=None
[2024-10-04 23:55:58,500] {logging_mixin.py:115} INFO - [2024-10-04 23:55:58,500] {dag.py:2927} INFO - Setting next_dagrun for example_subdag_operator.section-2 to None, run_after=None
[2024-10-04 23:56:00,260] {processor.py:161} INFO - Processing /home/kennedy/.local/lib/python3.10/site-packages/airflow/example_dags/example_subdag_operator.py took 2.133 seconds
[2024-10-04 23:57:13,066] {processor.py:153} INFO - Started process (PID=105148) to work on /home/kennedy/.local/lib/python3.10/site-packages/airflow/example_dags/example_subdag_operator.py
[2024-10-04 23:57:14,386] {processor.py:641} INFO - Processing file /home/kennedy/.local/lib/python3.10/site-packages/airflow/example_dags/example_subdag_operator.py for tasks to queue
[2024-10-04 23:57:14,387] {logging_mixin.py:115} INFO - [2024-10-04 23:57:14,387] {dagbag.py:507} INFO - Filling up the DagBag from /home/kennedy/.local/lib/python3.10/site-packages/airflow/example_dags/example_subdag_operator.py
[2024-10-04 23:57:14,438] {processor.py:651} INFO - DAG(s) dict_keys(['example_subdag_operator.section-1', 'example_subdag_operator.section-2', 'example_subdag_operator']) retrieved from /home/kennedy/.local/lib/python3.10/site-packages/airflow/example_dags/example_subdag_operator.py
[2024-10-04 23:57:14,507] {logging_mixin.py:115} INFO - [2024-10-04 23:57:14,507] {dag.py:2379} INFO - Sync 3 DAGs
[2024-10-04 23:57:14,540] {logging_mixin.py:115} INFO - [2024-10-04 23:57:14,540] {dag.py:2927} INFO - Setting next_dagrun for example_subdag_operator to 2022-01-01T00:00:00+00:00, run_after=2022-01-01T00:00:00+00:00
[2024-10-04 23:57:14,546] {logging_mixin.py:115} INFO - [2024-10-04 23:57:14,546] {dag.py:2927} INFO - Setting next_dagrun for example_subdag_operator.section-1 to None, run_after=None
[2024-10-04 23:57:14,547] {logging_mixin.py:115} INFO - [2024-10-04 23:57:14,546] {dag.py:2927} INFO - Setting next_dagrun for example_subdag_operator.section-2 to None, run_after=None
[2024-10-04 23:57:14,557] {logging_mixin.py:115} INFO - [2024-10-04 23:57:14,557] {dag.py:2379} INFO - Sync 2 DAGs
[2024-10-04 23:57:14,566] {logging_mixin.py:115} INFO - [2024-10-04 23:57:14,566] {dag.py:2927} INFO - Setting next_dagrun for example_subdag_operator.section-1 to None, run_after=None
[2024-10-04 23:57:14,567] {logging_mixin.py:115} INFO - [2024-10-04 23:57:14,566] {dag.py:2927} INFO - Setting next_dagrun for example_subdag_operator.section-2 to None, run_after=None
[2024-10-04 23:57:14,977] {processor.py:161} INFO - Processing /home/kennedy/.local/lib/python3.10/site-packages/airflow/example_dags/example_subdag_operator.py took 1.918 seconds
[2024-10-04 23:59:11,978] {processor.py:153} INFO - Started process (PID=105354) to work on /home/kennedy/.local/lib/python3.10/site-packages/airflow/example_dags/example_subdag_operator.py
[2024-10-04 23:59:11,986] {processor.py:641} INFO - Processing file /home/kennedy/.local/lib/python3.10/site-packages/airflow/example_dags/example_subdag_operator.py for tasks to queue
[2024-10-04 23:59:11,987] {logging_mixin.py:115} INFO - [2024-10-04 23:59:11,987] {dagbag.py:507} INFO - Filling up the DagBag from /home/kennedy/.local/lib/python3.10/site-packages/airflow/example_dags/example_subdag_operator.py
[2024-10-04 23:59:12,048] {processor.py:651} INFO - DAG(s) dict_keys(['example_subdag_operator.section-1', 'example_subdag_operator.section-2', 'example_subdag_operator']) retrieved from /home/kennedy/.local/lib/python3.10/site-packages/airflow/example_dags/example_subdag_operator.py
[2024-10-04 23:59:12,129] {logging_mixin.py:115} INFO - [2024-10-04 23:59:12,129] {dag.py:2379} INFO - Sync 3 DAGs
[2024-10-04 23:59:12,167] {logging_mixin.py:115} INFO - [2024-10-04 23:59:12,166] {dag.py:2927} INFO - Setting next_dagrun for example_subdag_operator to 2022-01-01T00:00:00+00:00, run_after=2022-01-01T00:00:00+00:00
[2024-10-04 23:59:12,167] {logging_mixin.py:115} INFO - [2024-10-04 23:59:12,167] {dag.py:2927} INFO - Setting next_dagrun for example_subdag_operator.section-1 to None, run_after=None
[2024-10-04 23:59:12,167] {logging_mixin.py:115} INFO - [2024-10-04 23:59:12,167] {dag.py:2927} INFO - Setting next_dagrun for example_subdag_operator.section-2 to None, run_after=None
[2024-10-04 23:59:12,179] {logging_mixin.py:115} INFO - [2024-10-04 23:59:12,179] {dag.py:2379} INFO - Sync 2 DAGs
[2024-10-04 23:59:12,188] {logging_mixin.py:115} INFO - [2024-10-04 23:59:12,187] {dag.py:2927} INFO - Setting next_dagrun for example_subdag_operator.section-1 to None, run_after=None
[2024-10-04 23:59:12,188] {logging_mixin.py:115} INFO - [2024-10-04 23:59:12,188] {dag.py:2927} INFO - Setting next_dagrun for example_subdag_operator.section-2 to None, run_after=None
[2024-10-04 23:59:13,537] {processor.py:161} INFO - Processing /home/kennedy/.local/lib/python3.10/site-packages/airflow/example_dags/example_subdag_operator.py took 1.567 seconds
[2024-10-05 00:00:57,018] {processor.py:153} INFO - Started process (PID=105629) to work on /home/kennedy/.local/lib/python3.10/site-packages/airflow/example_dags/example_subdag_operator.py
[2024-10-05 00:00:57,044] {processor.py:641} INFO - Processing file /home/kennedy/.local/lib/python3.10/site-packages/airflow/example_dags/example_subdag_operator.py for tasks to queue
[2024-10-05 00:00:57,045] {logging_mixin.py:115} INFO - [2024-10-05 00:00:57,045] {dagbag.py:507} INFO - Filling up the DagBag from /home/kennedy/.local/lib/python3.10/site-packages/airflow/example_dags/example_subdag_operator.py
[2024-10-05 00:00:57,102] {processor.py:651} INFO - DAG(s) dict_keys(['example_subdag_operator.section-1', 'example_subdag_operator.section-2', 'example_subdag_operator']) retrieved from /home/kennedy/.local/lib/python3.10/site-packages/airflow/example_dags/example_subdag_operator.py
[2024-10-05 00:00:57,172] {logging_mixin.py:115} INFO - [2024-10-05 00:00:57,172] {dag.py:2379} INFO - Sync 3 DAGs
[2024-10-05 00:00:57,208] {logging_mixin.py:115} INFO - [2024-10-05 00:00:57,208] {dag.py:2927} INFO - Setting next_dagrun for example_subdag_operator to 2022-01-01T00:00:00+00:00, run_after=2022-01-01T00:00:00+00:00
[2024-10-05 00:00:57,209] {logging_mixin.py:115} INFO - [2024-10-05 00:00:57,209] {dag.py:2927} INFO - Setting next_dagrun for example_subdag_operator.section-1 to None, run_after=None
[2024-10-05 00:00:57,209] {logging_mixin.py:115} INFO - [2024-10-05 00:00:57,209] {dag.py:2927} INFO - Setting next_dagrun for example_subdag_operator.section-2 to None, run_after=None
[2024-10-05 00:00:57,221] {logging_mixin.py:115} INFO - [2024-10-05 00:00:57,220] {dag.py:2379} INFO - Sync 2 DAGs
[2024-10-05 00:00:57,229] {logging_mixin.py:115} INFO - [2024-10-05 00:00:57,228] {dag.py:2927} INFO - Setting next_dagrun for example_subdag_operator.section-1 to None, run_after=None
[2024-10-05 00:00:57,229] {logging_mixin.py:115} INFO - [2024-10-05 00:00:57,229] {dag.py:2927} INFO - Setting next_dagrun for example_subdag_operator.section-2 to None, run_after=None
[2024-10-05 00:00:58,254] {processor.py:161} INFO - Processing /home/kennedy/.local/lib/python3.10/site-packages/airflow/example_dags/example_subdag_operator.py took 1.243 seconds
[2024-10-05 00:02:15,224] {processor.py:153} INFO - Started process (PID=105926) to work on /home/kennedy/.local/lib/python3.10/site-packages/airflow/example_dags/example_subdag_operator.py
[2024-10-05 00:02:15,225] {processor.py:641} INFO - Processing file /home/kennedy/.local/lib/python3.10/site-packages/airflow/example_dags/example_subdag_operator.py for tasks to queue
[2024-10-05 00:02:15,226] {logging_mixin.py:115} INFO - [2024-10-05 00:02:15,226] {dagbag.py:507} INFO - Filling up the DagBag from /home/kennedy/.local/lib/python3.10/site-packages/airflow/example_dags/example_subdag_operator.py
[2024-10-05 00:02:15,281] {processor.py:651} INFO - DAG(s) dict_keys(['example_subdag_operator.section-1', 'example_subdag_operator.section-2', 'example_subdag_operator']) retrieved from /home/kennedy/.local/lib/python3.10/site-packages/airflow/example_dags/example_subdag_operator.py
[2024-10-05 00:02:15,352] {logging_mixin.py:115} INFO - [2024-10-05 00:02:15,352] {dag.py:2379} INFO - Sync 3 DAGs
[2024-10-05 00:02:15,393] {logging_mixin.py:115} INFO - [2024-10-05 00:02:15,393] {dag.py:2927} INFO - Setting next_dagrun for example_subdag_operator to 2022-01-01T00:00:00+00:00, run_after=2022-01-01T00:00:00+00:00
[2024-10-05 00:02:15,394] {logging_mixin.py:115} INFO - [2024-10-05 00:02:15,394] {dag.py:2927} INFO - Setting next_dagrun for example_subdag_operator.section-1 to None, run_after=None
[2024-10-05 00:02:15,394] {logging_mixin.py:115} INFO - [2024-10-05 00:02:15,394] {dag.py:2927} INFO - Setting next_dagrun for example_subdag_operator.section-2 to None, run_after=None
[2024-10-05 00:02:15,407] {logging_mixin.py:115} INFO - [2024-10-05 00:02:15,407] {dag.py:2379} INFO - Sync 2 DAGs
[2024-10-05 00:02:15,417] {logging_mixin.py:115} INFO - [2024-10-05 00:02:15,417] {dag.py:2927} INFO - Setting next_dagrun for example_subdag_operator.section-1 to None, run_after=None
[2024-10-05 00:02:15,417] {logging_mixin.py:115} INFO - [2024-10-05 00:02:15,417] {dag.py:2927} INFO - Setting next_dagrun for example_subdag_operator.section-2 to None, run_after=None
[2024-10-05 00:02:16,580] {processor.py:161} INFO - Processing /home/kennedy/.local/lib/python3.10/site-packages/airflow/example_dags/example_subdag_operator.py took 1.363 seconds
