[2024-10-04 23:33:27,285] {processor.py:153} INFO - Started process (PID=97041) to work on /home/kennedy/.local/lib/python3.10/site-packages/airflow/example_dags/example_kubernetes_executor.py
[2024-10-04 23:33:27,286] {processor.py:641} INFO - Processing file /home/kennedy/.local/lib/python3.10/site-packages/airflow/example_dags/example_kubernetes_executor.py for tasks to queue
[2024-10-04 23:33:27,287] {logging_mixin.py:115} INFO - [2024-10-04 23:33:27,287] {dagbag.py:507} INFO - Filling up the DagBag from /home/kennedy/.local/lib/python3.10/site-packages/airflow/example_dags/example_kubernetes_executor.py
[2024-10-04 23:33:27,322] {logging_mixin.py:115} INFO - [2024-10-04 23:33:27,322] {example_kubernetes_executor.py:39} WARNING - The example_kubernetes_executor example DAG requires the kubernetes provider. Please install it with: pip install apache-airflow[cncf.kubernetes]
[2024-10-04 23:33:27,322] {processor.py:653} WARNING - No viable dags retrieved from /home/kennedy/.local/lib/python3.10/site-packages/airflow/example_dags/example_kubernetes_executor.py
[2024-10-04 23:33:27,349] {processor.py:161} INFO - Processing /home/kennedy/.local/lib/python3.10/site-packages/airflow/example_dags/example_kubernetes_executor.py took 0.071 seconds
[2024-10-04 23:34:30,422] {processor.py:153} INFO - Started process (PID=97088) to work on /home/kennedy/.local/lib/python3.10/site-packages/airflow/example_dags/example_kubernetes_executor.py
[2024-10-04 23:34:30,441] {processor.py:641} INFO - Processing file /home/kennedy/.local/lib/python3.10/site-packages/airflow/example_dags/example_kubernetes_executor.py for tasks to queue
[2024-10-04 23:34:30,442] {logging_mixin.py:115} INFO - [2024-10-04 23:34:30,442] {dagbag.py:507} INFO - Filling up the DagBag from /home/kennedy/.local/lib/python3.10/site-packages/airflow/example_dags/example_kubernetes_executor.py
[2024-10-04 23:34:30,487] {logging_mixin.py:115} INFO - [2024-10-04 23:34:30,487] {example_kubernetes_executor.py:39} WARNING - The example_kubernetes_executor example DAG requires the kubernetes provider. Please install it with: pip install apache-airflow[cncf.kubernetes]
[2024-10-04 23:34:30,487] {processor.py:653} WARNING - No viable dags retrieved from /home/kennedy/.local/lib/python3.10/site-packages/airflow/example_dags/example_kubernetes_executor.py
[2024-10-04 23:34:30,517] {processor.py:161} INFO - Processing /home/kennedy/.local/lib/python3.10/site-packages/airflow/example_dags/example_kubernetes_executor.py took 0.102 seconds
[2024-10-04 23:35:26,262] {processor.py:153} INFO - Started process (PID=97160) to work on /home/kennedy/.local/lib/python3.10/site-packages/airflow/example_dags/example_kubernetes_executor.py
[2024-10-04 23:35:26,274] {processor.py:641} INFO - Processing file /home/kennedy/.local/lib/python3.10/site-packages/airflow/example_dags/example_kubernetes_executor.py for tasks to queue
[2024-10-04 23:35:26,275] {logging_mixin.py:115} INFO - [2024-10-04 23:35:26,275] {dagbag.py:507} INFO - Filling up the DagBag from /home/kennedy/.local/lib/python3.10/site-packages/airflow/example_dags/example_kubernetes_executor.py
[2024-10-04 23:35:26,293] {logging_mixin.py:115} INFO - [2024-10-04 23:35:26,293] {example_kubernetes_executor.py:39} WARNING - The example_kubernetes_executor example DAG requires the kubernetes provider. Please install it with: pip install apache-airflow[cncf.kubernetes]
[2024-10-04 23:35:26,294] {processor.py:653} WARNING - No viable dags retrieved from /home/kennedy/.local/lib/python3.10/site-packages/airflow/example_dags/example_kubernetes_executor.py
[2024-10-04 23:35:26,306] {processor.py:161} INFO - Processing /home/kennedy/.local/lib/python3.10/site-packages/airflow/example_dags/example_kubernetes_executor.py took 0.046 seconds
[2024-10-04 23:37:08,180] {processor.py:153} INFO - Started process (PID=98319) to work on /home/kennedy/.local/lib/python3.10/site-packages/airflow/example_dags/example_kubernetes_executor.py
[2024-10-04 23:37:08,198] {processor.py:641} INFO - Processing file /home/kennedy/.local/lib/python3.10/site-packages/airflow/example_dags/example_kubernetes_executor.py for tasks to queue
[2024-10-04 23:37:08,199] {logging_mixin.py:115} INFO - [2024-10-04 23:37:08,199] {dagbag.py:507} INFO - Filling up the DagBag from /home/kennedy/.local/lib/python3.10/site-packages/airflow/example_dags/example_kubernetes_executor.py
[2024-10-04 23:37:08,228] {logging_mixin.py:115} INFO - [2024-10-04 23:37:08,228] {example_kubernetes_executor.py:39} WARNING - The example_kubernetes_executor example DAG requires the kubernetes provider. Please install it with: pip install apache-airflow[cncf.kubernetes]
[2024-10-04 23:37:08,228] {processor.py:653} WARNING - No viable dags retrieved from /home/kennedy/.local/lib/python3.10/site-packages/airflow/example_dags/example_kubernetes_executor.py
[2024-10-04 23:37:08,249] {processor.py:161} INFO - Processing /home/kennedy/.local/lib/python3.10/site-packages/airflow/example_dags/example_kubernetes_executor.py took 0.073 seconds
[2024-10-04 23:39:05,208] {processor.py:153} INFO - Started process (PID=99173) to work on /home/kennedy/.local/lib/python3.10/site-packages/airflow/example_dags/example_kubernetes_executor.py
[2024-10-04 23:39:05,219] {processor.py:641} INFO - Processing file /home/kennedy/.local/lib/python3.10/site-packages/airflow/example_dags/example_kubernetes_executor.py for tasks to queue
[2024-10-04 23:39:05,220] {logging_mixin.py:115} INFO - [2024-10-04 23:39:05,220] {dagbag.py:507} INFO - Filling up the DagBag from /home/kennedy/.local/lib/python3.10/site-packages/airflow/example_dags/example_kubernetes_executor.py
[2024-10-04 23:39:05,255] {logging_mixin.py:115} INFO - [2024-10-04 23:39:05,255] {example_kubernetes_executor.py:39} WARNING - The example_kubernetes_executor example DAG requires the kubernetes provider. Please install it with: pip install apache-airflow[cncf.kubernetes]
[2024-10-04 23:39:05,256] {processor.py:653} WARNING - No viable dags retrieved from /home/kennedy/.local/lib/python3.10/site-packages/airflow/example_dags/example_kubernetes_executor.py
[2024-10-04 23:39:05,283] {processor.py:161} INFO - Processing /home/kennedy/.local/lib/python3.10/site-packages/airflow/example_dags/example_kubernetes_executor.py took 0.082 seconds
[2024-10-04 23:39:47,341] {processor.py:153} INFO - Started process (PID=99213) to work on /home/kennedy/KR/Programação/01.Exercícios/DE/Movies/venv/lib/python3.10/site-packages/airflow/example_dags/example_kubernetes_executor.py
[2024-10-04 23:39:48,072] {processor.py:641} INFO - Processing file /home/kennedy/KR/Programação/01.Exercícios/DE/Movies/venv/lib/python3.10/site-packages/airflow/example_dags/example_kubernetes_executor.py for tasks to queue
[2024-10-04 23:39:48,074] {logging_mixin.py:115} INFO - [2024-10-04 23:39:48,073] {dagbag.py:507} INFO - Filling up the DagBag from /home/kennedy/KR/Programação/01.Exercícios/DE/Movies/venv/lib/python3.10/site-packages/airflow/example_dags/example_kubernetes_executor.py
[2024-10-04 23:39:48,116] {logging_mixin.py:115} INFO - [2024-10-04 23:39:48,116] {example_kubernetes_executor.py:39} WARNING - The example_kubernetes_executor example DAG requires the kubernetes provider. Please install it with: pip install apache-airflow[cncf.kubernetes]
[2024-10-04 23:39:48,116] {processor.py:653} WARNING - No viable dags retrieved from /home/kennedy/KR/Programação/01.Exercícios/DE/Movies/venv/lib/python3.10/site-packages/airflow/example_dags/example_kubernetes_executor.py
[2024-10-04 23:39:48,225] {processor.py:161} INFO - Processing /home/kennedy/KR/Programação/01.Exercícios/DE/Movies/venv/lib/python3.10/site-packages/airflow/example_dags/example_kubernetes_executor.py took 0.890 seconds
[2024-10-04 23:40:48,738] {processor.py:153} INFO - Started process (PID=99382) to work on /home/kennedy/.local/lib/python3.10/site-packages/airflow/example_dags/example_kubernetes_executor.py
[2024-10-04 23:40:48,750] {processor.py:641} INFO - Processing file /home/kennedy/.local/lib/python3.10/site-packages/airflow/example_dags/example_kubernetes_executor.py for tasks to queue
[2024-10-04 23:40:48,751] {logging_mixin.py:115} INFO - [2024-10-04 23:40:48,751] {dagbag.py:507} INFO - Filling up the DagBag from /home/kennedy/.local/lib/python3.10/site-packages/airflow/example_dags/example_kubernetes_executor.py
[2024-10-04 23:40:48,786] {logging_mixin.py:115} INFO - [2024-10-04 23:40:48,786] {example_kubernetes_executor.py:39} WARNING - The example_kubernetes_executor example DAG requires the kubernetes provider. Please install it with: pip install apache-airflow[cncf.kubernetes]
[2024-10-04 23:40:48,786] {processor.py:653} WARNING - No viable dags retrieved from /home/kennedy/.local/lib/python3.10/site-packages/airflow/example_dags/example_kubernetes_executor.py
[2024-10-04 23:40:48,812] {processor.py:161} INFO - Processing /home/kennedy/.local/lib/python3.10/site-packages/airflow/example_dags/example_kubernetes_executor.py took 0.081 seconds
[2024-10-04 23:42:12,091] {processor.py:153} INFO - Started process (PID=99694) to work on /home/kennedy/.local/lib/python3.10/site-packages/airflow/example_dags/example_kubernetes_executor.py
[2024-10-04 23:42:12,100] {processor.py:641} INFO - Processing file /home/kennedy/.local/lib/python3.10/site-packages/airflow/example_dags/example_kubernetes_executor.py for tasks to queue
[2024-10-04 23:42:12,101] {logging_mixin.py:115} INFO - [2024-10-04 23:42:12,100] {dagbag.py:507} INFO - Filling up the DagBag from /home/kennedy/.local/lib/python3.10/site-packages/airflow/example_dags/example_kubernetes_executor.py
[2024-10-04 23:42:12,137] {logging_mixin.py:115} INFO - [2024-10-04 23:42:12,137] {example_kubernetes_executor.py:39} WARNING - The example_kubernetes_executor example DAG requires the kubernetes provider. Please install it with: pip install apache-airflow[cncf.kubernetes]
[2024-10-04 23:42:12,138] {processor.py:653} WARNING - No viable dags retrieved from /home/kennedy/.local/lib/python3.10/site-packages/airflow/example_dags/example_kubernetes_executor.py
[2024-10-04 23:42:12,164] {processor.py:161} INFO - Processing /home/kennedy/.local/lib/python3.10/site-packages/airflow/example_dags/example_kubernetes_executor.py took 0.081 seconds
[2024-10-04 23:43:12,569] {processor.py:153} INFO - Started process (PID=99796) to work on /home/kennedy/.local/lib/python3.10/site-packages/airflow/example_dags/example_kubernetes_executor.py
[2024-10-04 23:43:12,578] {processor.py:641} INFO - Processing file /home/kennedy/.local/lib/python3.10/site-packages/airflow/example_dags/example_kubernetes_executor.py for tasks to queue
[2024-10-04 23:43:12,579] {logging_mixin.py:115} INFO - [2024-10-04 23:43:12,579] {dagbag.py:507} INFO - Filling up the DagBag from /home/kennedy/.local/lib/python3.10/site-packages/airflow/example_dags/example_kubernetes_executor.py
[2024-10-04 23:43:12,613] {logging_mixin.py:115} INFO - [2024-10-04 23:43:12,613] {example_kubernetes_executor.py:39} WARNING - The example_kubernetes_executor example DAG requires the kubernetes provider. Please install it with: pip install apache-airflow[cncf.kubernetes]
[2024-10-04 23:43:12,614] {processor.py:653} WARNING - No viable dags retrieved from /home/kennedy/.local/lib/python3.10/site-packages/airflow/example_dags/example_kubernetes_executor.py
[2024-10-04 23:43:12,638] {processor.py:161} INFO - Processing /home/kennedy/.local/lib/python3.10/site-packages/airflow/example_dags/example_kubernetes_executor.py took 0.075 seconds
[2024-10-04 23:44:05,836] {processor.py:153} INFO - Started process (PID=99861) to work on /home/kennedy/.local/lib/python3.10/site-packages/airflow/example_dags/example_kubernetes_executor.py
[2024-10-04 23:44:06,437] {processor.py:641} INFO - Processing file /home/kennedy/.local/lib/python3.10/site-packages/airflow/example_dags/example_kubernetes_executor.py for tasks to queue
[2024-10-04 23:44:06,438] {logging_mixin.py:115} INFO - [2024-10-04 23:44:06,438] {dagbag.py:507} INFO - Filling up the DagBag from /home/kennedy/.local/lib/python3.10/site-packages/airflow/example_dags/example_kubernetes_executor.py
[2024-10-04 23:44:06,475] {logging_mixin.py:115} INFO - [2024-10-04 23:44:06,475] {example_kubernetes_executor.py:39} WARNING - The example_kubernetes_executor example DAG requires the kubernetes provider. Please install it with: pip install apache-airflow[cncf.kubernetes]
[2024-10-04 23:44:06,475] {processor.py:653} WARNING - No viable dags retrieved from /home/kennedy/.local/lib/python3.10/site-packages/airflow/example_dags/example_kubernetes_executor.py
[2024-10-04 23:44:06,505] {processor.py:161} INFO - Processing /home/kennedy/.local/lib/python3.10/site-packages/airflow/example_dags/example_kubernetes_executor.py took 0.676 seconds
[2024-10-04 23:46:01,835] {processor.py:153} INFO - Started process (PID=101004) to work on /home/kennedy/.local/lib/python3.10/site-packages/airflow/example_dags/example_kubernetes_executor.py
[2024-10-04 23:46:01,994] {processor.py:641} INFO - Processing file /home/kennedy/.local/lib/python3.10/site-packages/airflow/example_dags/example_kubernetes_executor.py for tasks to queue
[2024-10-04 23:46:01,995] {logging_mixin.py:115} INFO - [2024-10-04 23:46:01,995] {dagbag.py:507} INFO - Filling up the DagBag from /home/kennedy/.local/lib/python3.10/site-packages/airflow/example_dags/example_kubernetes_executor.py
[2024-10-04 23:46:02,012] {logging_mixin.py:115} INFO - [2024-10-04 23:46:02,012] {example_kubernetes_executor.py:39} WARNING - The example_kubernetes_executor example DAG requires the kubernetes provider. Please install it with: pip install apache-airflow[cncf.kubernetes]
[2024-10-04 23:46:02,012] {processor.py:653} WARNING - No viable dags retrieved from /home/kennedy/.local/lib/python3.10/site-packages/airflow/example_dags/example_kubernetes_executor.py
[2024-10-04 23:46:02,023] {processor.py:161} INFO - Processing /home/kennedy/.local/lib/python3.10/site-packages/airflow/example_dags/example_kubernetes_executor.py took 0.197 seconds
[2024-10-04 23:47:57,521] {processor.py:153} INFO - Started process (PID=101473) to work on /home/kennedy/.local/lib/python3.10/site-packages/airflow/example_dags/example_kubernetes_executor.py
[2024-10-04 23:47:57,532] {processor.py:641} INFO - Processing file /home/kennedy/.local/lib/python3.10/site-packages/airflow/example_dags/example_kubernetes_executor.py for tasks to queue
[2024-10-04 23:47:57,533] {logging_mixin.py:115} INFO - [2024-10-04 23:47:57,533] {dagbag.py:507} INFO - Filling up the DagBag from /home/kennedy/.local/lib/python3.10/site-packages/airflow/example_dags/example_kubernetes_executor.py
[2024-10-04 23:47:57,549] {logging_mixin.py:115} INFO - [2024-10-04 23:47:57,549] {example_kubernetes_executor.py:39} WARNING - The example_kubernetes_executor example DAG requires the kubernetes provider. Please install it with: pip install apache-airflow[cncf.kubernetes]
[2024-10-04 23:47:57,549] {processor.py:653} WARNING - No viable dags retrieved from /home/kennedy/.local/lib/python3.10/site-packages/airflow/example_dags/example_kubernetes_executor.py
[2024-10-04 23:47:57,557] {processor.py:161} INFO - Processing /home/kennedy/.local/lib/python3.10/site-packages/airflow/example_dags/example_kubernetes_executor.py took 0.043 seconds
[2024-10-04 23:50:14,618] {processor.py:153} INFO - Started process (PID=102399) to work on /home/kennedy/.local/lib/python3.10/site-packages/airflow/example_dags/example_kubernetes_executor.py
[2024-10-04 23:50:14,633] {processor.py:641} INFO - Processing file /home/kennedy/.local/lib/python3.10/site-packages/airflow/example_dags/example_kubernetes_executor.py for tasks to queue
[2024-10-04 23:50:14,634] {logging_mixin.py:115} INFO - [2024-10-04 23:50:14,634] {dagbag.py:507} INFO - Filling up the DagBag from /home/kennedy/.local/lib/python3.10/site-packages/airflow/example_dags/example_kubernetes_executor.py
[2024-10-04 23:50:14,675] {logging_mixin.py:115} INFO - [2024-10-04 23:50:14,675] {example_kubernetes_executor.py:39} WARNING - The example_kubernetes_executor example DAG requires the kubernetes provider. Please install it with: pip install apache-airflow[cncf.kubernetes]
[2024-10-04 23:50:14,675] {processor.py:653} WARNING - No viable dags retrieved from /home/kennedy/.local/lib/python3.10/site-packages/airflow/example_dags/example_kubernetes_executor.py
[2024-10-04 23:50:15,229] {processor.py:161} INFO - Processing /home/kennedy/.local/lib/python3.10/site-packages/airflow/example_dags/example_kubernetes_executor.py took 0.618 seconds
[2024-10-04 23:52:03,244] {processor.py:153} INFO - Started process (PID=102786) to work on /home/kennedy/.local/lib/python3.10/site-packages/airflow/example_dags/example_kubernetes_executor.py
[2024-10-04 23:52:03,253] {processor.py:641} INFO - Processing file /home/kennedy/.local/lib/python3.10/site-packages/airflow/example_dags/example_kubernetes_executor.py for tasks to queue
[2024-10-04 23:52:03,254] {logging_mixin.py:115} INFO - [2024-10-04 23:52:03,254] {dagbag.py:507} INFO - Filling up the DagBag from /home/kennedy/.local/lib/python3.10/site-packages/airflow/example_dags/example_kubernetes_executor.py
[2024-10-04 23:52:03,296] {logging_mixin.py:115} INFO - [2024-10-04 23:52:03,296] {example_kubernetes_executor.py:39} WARNING - The example_kubernetes_executor example DAG requires the kubernetes provider. Please install it with: pip install apache-airflow[cncf.kubernetes]
[2024-10-04 23:52:03,296] {processor.py:653} WARNING - No viable dags retrieved from /home/kennedy/.local/lib/python3.10/site-packages/airflow/example_dags/example_kubernetes_executor.py
[2024-10-04 23:52:03,315] {processor.py:161} INFO - Processing /home/kennedy/.local/lib/python3.10/site-packages/airflow/example_dags/example_kubernetes_executor.py took 0.078 seconds
[2024-10-04 23:53:32,184] {processor.py:153} INFO - Started process (PID=103349) to work on /home/kennedy/.local/lib/python3.10/site-packages/airflow/example_dags/example_kubernetes_executor.py
[2024-10-04 23:53:32,318] {processor.py:641} INFO - Processing file /home/kennedy/.local/lib/python3.10/site-packages/airflow/example_dags/example_kubernetes_executor.py for tasks to queue
[2024-10-04 23:53:32,319] {logging_mixin.py:115} INFO - [2024-10-04 23:53:32,319] {dagbag.py:507} INFO - Filling up the DagBag from /home/kennedy/.local/lib/python3.10/site-packages/airflow/example_dags/example_kubernetes_executor.py
[2024-10-04 23:53:32,371] {logging_mixin.py:115} INFO - [2024-10-04 23:53:32,371] {example_kubernetes_executor.py:39} WARNING - The example_kubernetes_executor example DAG requires the kubernetes provider. Please install it with: pip install apache-airflow[cncf.kubernetes]
[2024-10-04 23:53:32,371] {processor.py:653} WARNING - No viable dags retrieved from /home/kennedy/.local/lib/python3.10/site-packages/airflow/example_dags/example_kubernetes_executor.py
[2024-10-04 23:53:32,390] {processor.py:161} INFO - Processing /home/kennedy/.local/lib/python3.10/site-packages/airflow/example_dags/example_kubernetes_executor.py took 0.213 seconds
[2024-10-04 23:55:23,638] {processor.py:153} INFO - Started process (PID=103946) to work on /home/kennedy/.local/lib/python3.10/site-packages/airflow/example_dags/example_kubernetes_executor.py
[2024-10-04 23:55:24,098] {processor.py:641} INFO - Processing file /home/kennedy/.local/lib/python3.10/site-packages/airflow/example_dags/example_kubernetes_executor.py for tasks to queue
[2024-10-04 23:55:24,099] {logging_mixin.py:115} INFO - [2024-10-04 23:55:24,099] {dagbag.py:507} INFO - Filling up the DagBag from /home/kennedy/.local/lib/python3.10/site-packages/airflow/example_dags/example_kubernetes_executor.py
[2024-10-04 23:55:24,169] {logging_mixin.py:115} INFO - [2024-10-04 23:55:24,169] {example_kubernetes_executor.py:39} WARNING - The example_kubernetes_executor example DAG requires the kubernetes provider. Please install it with: pip install apache-airflow[cncf.kubernetes]
[2024-10-04 23:55:24,169] {processor.py:653} WARNING - No viable dags retrieved from /home/kennedy/.local/lib/python3.10/site-packages/airflow/example_dags/example_kubernetes_executor.py
[2024-10-04 23:55:24,194] {processor.py:161} INFO - Processing /home/kennedy/.local/lib/python3.10/site-packages/airflow/example_dags/example_kubernetes_executor.py took 0.564 seconds
[2024-10-04 23:57:28,706] {processor.py:153} INFO - Started process (PID=105173) to work on /home/kennedy/.local/lib/python3.10/site-packages/airflow/example_dags/example_kubernetes_executor.py
[2024-10-04 23:57:28,712] {processor.py:641} INFO - Processing file /home/kennedy/.local/lib/python3.10/site-packages/airflow/example_dags/example_kubernetes_executor.py for tasks to queue
[2024-10-04 23:57:28,713] {logging_mixin.py:115} INFO - [2024-10-04 23:57:28,713] {dagbag.py:507} INFO - Filling up the DagBag from /home/kennedy/.local/lib/python3.10/site-packages/airflow/example_dags/example_kubernetes_executor.py
[2024-10-04 23:57:28,757] {logging_mixin.py:115} INFO - [2024-10-04 23:57:28,757] {example_kubernetes_executor.py:39} WARNING - The example_kubernetes_executor example DAG requires the kubernetes provider. Please install it with: pip install apache-airflow[cncf.kubernetes]
[2024-10-04 23:57:28,758] {processor.py:653} WARNING - No viable dags retrieved from /home/kennedy/.local/lib/python3.10/site-packages/airflow/example_dags/example_kubernetes_executor.py
[2024-10-04 23:57:28,777] {processor.py:161} INFO - Processing /home/kennedy/.local/lib/python3.10/site-packages/airflow/example_dags/example_kubernetes_executor.py took 0.079 seconds
[2024-10-04 23:59:25,405] {processor.py:153} INFO - Started process (PID=105423) to work on /home/kennedy/.local/lib/python3.10/site-packages/airflow/example_dags/example_kubernetes_executor.py
[2024-10-04 23:59:25,761] {processor.py:641} INFO - Processing file /home/kennedy/.local/lib/python3.10/site-packages/airflow/example_dags/example_kubernetes_executor.py for tasks to queue
[2024-10-04 23:59:25,763] {logging_mixin.py:115} INFO - [2024-10-04 23:59:25,762] {dagbag.py:507} INFO - Filling up the DagBag from /home/kennedy/.local/lib/python3.10/site-packages/airflow/example_dags/example_kubernetes_executor.py
[2024-10-04 23:59:25,805] {logging_mixin.py:115} INFO - [2024-10-04 23:59:25,804] {example_kubernetes_executor.py:39} WARNING - The example_kubernetes_executor example DAG requires the kubernetes provider. Please install it with: pip install apache-airflow[cncf.kubernetes]
[2024-10-04 23:59:25,805] {processor.py:653} WARNING - No viable dags retrieved from /home/kennedy/.local/lib/python3.10/site-packages/airflow/example_dags/example_kubernetes_executor.py
[2024-10-04 23:59:25,824] {processor.py:161} INFO - Processing /home/kennedy/.local/lib/python3.10/site-packages/airflow/example_dags/example_kubernetes_executor.py took 0.426 seconds
[2024-10-05 00:01:10,556] {processor.py:153} INFO - Started process (PID=105636) to work on /home/kennedy/.local/lib/python3.10/site-packages/airflow/example_dags/example_kubernetes_executor.py
[2024-10-05 00:01:10,576] {processor.py:641} INFO - Processing file /home/kennedy/.local/lib/python3.10/site-packages/airflow/example_dags/example_kubernetes_executor.py for tasks to queue
[2024-10-05 00:01:10,577] {logging_mixin.py:115} INFO - [2024-10-05 00:01:10,577] {dagbag.py:507} INFO - Filling up the DagBag from /home/kennedy/.local/lib/python3.10/site-packages/airflow/example_dags/example_kubernetes_executor.py
[2024-10-05 00:01:10,618] {logging_mixin.py:115} INFO - [2024-10-05 00:01:10,618] {example_kubernetes_executor.py:39} WARNING - The example_kubernetes_executor example DAG requires the kubernetes provider. Please install it with: pip install apache-airflow[cncf.kubernetes]
[2024-10-05 00:01:10,618] {processor.py:653} WARNING - No viable dags retrieved from /home/kennedy/.local/lib/python3.10/site-packages/airflow/example_dags/example_kubernetes_executor.py
[2024-10-05 00:01:10,637] {processor.py:161} INFO - Processing /home/kennedy/.local/lib/python3.10/site-packages/airflow/example_dags/example_kubernetes_executor.py took 0.088 seconds
