[2024-10-04 23:33:30,935] {processor.py:153} INFO - Started process (PID=97043) to work on /home/kennedy/.local/lib/python3.10/site-packages/airflow/example_dags/example_branch_operator.py
[2024-10-04 23:33:30,936] {processor.py:641} INFO - Processing file /home/kennedy/.local/lib/python3.10/site-packages/airflow/example_dags/example_branch_operator.py for tasks to queue
[2024-10-04 23:33:30,937] {logging_mixin.py:115} INFO - [2024-10-04 23:33:30,937] {dagbag.py:507} INFO - Filling up the DagBag from /home/kennedy/.local/lib/python3.10/site-packages/airflow/example_dags/example_branch_operator.py
[2024-10-04 23:33:30,963] {processor.py:651} INFO - DAG(s) dict_keys(['example_branch_operator']) retrieved from /home/kennedy/.local/lib/python3.10/site-packages/airflow/example_dags/example_branch_operator.py
[2024-10-04 23:33:31,318] {logging_mixin.py:115} INFO - [2024-10-04 23:33:31,317] {manager.py:508} INFO - Created Permission View: can edit on DAG:example_branch_operator
[2024-10-04 23:33:31,524] {logging_mixin.py:115} INFO - [2024-10-04 23:33:31,524] {manager.py:508} INFO - Created Permission View: can delete on DAG:example_branch_operator
[2024-10-04 23:33:31,662] {logging_mixin.py:115} INFO - [2024-10-04 23:33:31,662] {manager.py:508} INFO - Created Permission View: can read on DAG:example_branch_operator
[2024-10-04 23:33:31,662] {logging_mixin.py:115} INFO - [2024-10-04 23:33:31,662] {dag.py:2379} INFO - Sync 1 DAGs
[2024-10-04 23:33:31,680] {logging_mixin.py:115} INFO - [2024-10-04 23:33:31,680] {dag.py:2398} INFO - Creating ORM DAG for example_branch_operator
[2024-10-04 23:33:31,710] {logging_mixin.py:115} INFO - [2024-10-04 23:33:31,710] {dag.py:2927} INFO - Setting next_dagrun for example_branch_operator to 2024-10-04T00:00:00+00:00, run_after=2024-10-05T00:00:00+00:00
[2024-10-04 23:33:31,924] {processor.py:161} INFO - Processing /home/kennedy/.local/lib/python3.10/site-packages/airflow/example_dags/example_branch_operator.py took 0.996 seconds
[2024-10-04 23:34:33,704] {processor.py:153} INFO - Started process (PID=97090) to work on /home/kennedy/.local/lib/python3.10/site-packages/airflow/example_dags/example_branch_operator.py
[2024-10-04 23:34:33,717] {processor.py:641} INFO - Processing file /home/kennedy/.local/lib/python3.10/site-packages/airflow/example_dags/example_branch_operator.py for tasks to queue
[2024-10-04 23:34:33,719] {logging_mixin.py:115} INFO - [2024-10-04 23:34:33,719] {dagbag.py:507} INFO - Filling up the DagBag from /home/kennedy/.local/lib/python3.10/site-packages/airflow/example_dags/example_branch_operator.py
[2024-10-04 23:34:33,744] {processor.py:651} INFO - DAG(s) dict_keys(['example_branch_operator']) retrieved from /home/kennedy/.local/lib/python3.10/site-packages/airflow/example_dags/example_branch_operator.py
[2024-10-04 23:34:33,793] {logging_mixin.py:115} INFO - [2024-10-04 23:34:33,793] {dag.py:2379} INFO - Sync 1 DAGs
[2024-10-04 23:34:33,847] {logging_mixin.py:115} INFO - [2024-10-04 23:34:33,847] {dag.py:2927} INFO - Setting next_dagrun for example_branch_operator to 2024-10-04T00:00:00+00:00, run_after=2024-10-05T00:00:00+00:00
[2024-10-04 23:34:33,969] {processor.py:161} INFO - Processing /home/kennedy/.local/lib/python3.10/site-packages/airflow/example_dags/example_branch_operator.py took 0.275 seconds
[2024-10-04 23:35:28,668] {processor.py:153} INFO - Started process (PID=97174) to work on /home/kennedy/.local/lib/python3.10/site-packages/airflow/example_dags/example_branch_operator.py
[2024-10-04 23:35:28,677] {processor.py:641} INFO - Processing file /home/kennedy/.local/lib/python3.10/site-packages/airflow/example_dags/example_branch_operator.py for tasks to queue
[2024-10-04 23:35:28,677] {logging_mixin.py:115} INFO - [2024-10-04 23:35:28,677] {dagbag.py:507} INFO - Filling up the DagBag from /home/kennedy/.local/lib/python3.10/site-packages/airflow/example_dags/example_branch_operator.py
[2024-10-04 23:35:28,685] {processor.py:651} INFO - DAG(s) dict_keys(['example_branch_operator']) retrieved from /home/kennedy/.local/lib/python3.10/site-packages/airflow/example_dags/example_branch_operator.py
[2024-10-04 23:35:28,700] {logging_mixin.py:115} INFO - [2024-10-04 23:35:28,700] {dag.py:2379} INFO - Sync 1 DAGs
[2024-10-04 23:35:28,717] {logging_mixin.py:115} INFO - [2024-10-04 23:35:28,717] {dag.py:2927} INFO - Setting next_dagrun for example_branch_operator to 2024-10-04T00:00:00+00:00, run_after=2024-10-05T00:00:00+00:00
[2024-10-04 23:35:28,831] {processor.py:161} INFO - Processing /home/kennedy/.local/lib/python3.10/site-packages/airflow/example_dags/example_branch_operator.py took 0.164 seconds
[2024-10-04 23:37:11,055] {processor.py:153} INFO - Started process (PID=98321) to work on /home/kennedy/.local/lib/python3.10/site-packages/airflow/example_dags/example_branch_operator.py
[2024-10-04 23:37:11,063] {processor.py:641} INFO - Processing file /home/kennedy/.local/lib/python3.10/site-packages/airflow/example_dags/example_branch_operator.py for tasks to queue
[2024-10-04 23:37:11,064] {logging_mixin.py:115} INFO - [2024-10-04 23:37:11,063] {dagbag.py:507} INFO - Filling up the DagBag from /home/kennedy/.local/lib/python3.10/site-packages/airflow/example_dags/example_branch_operator.py
[2024-10-04 23:37:11,088] {processor.py:651} INFO - DAG(s) dict_keys(['example_branch_operator']) retrieved from /home/kennedy/.local/lib/python3.10/site-packages/airflow/example_dags/example_branch_operator.py
[2024-10-04 23:37:11,188] {logging_mixin.py:115} INFO - [2024-10-04 23:37:11,188] {dag.py:2379} INFO - Sync 1 DAGs
[2024-10-04 23:37:11,222] {logging_mixin.py:115} INFO - [2024-10-04 23:37:11,222] {dag.py:2927} INFO - Setting next_dagrun for example_branch_operator to 2024-10-04T00:00:00+00:00, run_after=2024-10-05T00:00:00+00:00
[2024-10-04 23:37:12,135] {processor.py:161} INFO - Processing /home/kennedy/.local/lib/python3.10/site-packages/airflow/example_dags/example_branch_operator.py took 1.087 seconds
[2024-10-04 23:39:07,940] {processor.py:153} INFO - Started process (PID=99177) to work on /home/kennedy/.local/lib/python3.10/site-packages/airflow/example_dags/example_branch_operator.py
[2024-10-04 23:39:07,944] {processor.py:641} INFO - Processing file /home/kennedy/.local/lib/python3.10/site-packages/airflow/example_dags/example_branch_operator.py for tasks to queue
[2024-10-04 23:39:07,945] {logging_mixin.py:115} INFO - [2024-10-04 23:39:07,945] {dagbag.py:507} INFO - Filling up the DagBag from /home/kennedy/.local/lib/python3.10/site-packages/airflow/example_dags/example_branch_operator.py
[2024-10-04 23:39:07,971] {processor.py:651} INFO - DAG(s) dict_keys(['example_branch_operator']) retrieved from /home/kennedy/.local/lib/python3.10/site-packages/airflow/example_dags/example_branch_operator.py
[2024-10-04 23:39:09,939] {logging_mixin.py:115} INFO - [2024-10-04 23:39:09,939] {dag.py:2379} INFO - Sync 1 DAGs
[2024-10-04 23:39:09,977] {logging_mixin.py:115} INFO - [2024-10-04 23:39:09,976] {dag.py:2927} INFO - Setting next_dagrun for example_branch_operator to 2024-10-04T00:00:00+00:00, run_after=2024-10-05T00:00:00+00:00
[2024-10-04 23:39:10,322] {processor.py:161} INFO - Processing /home/kennedy/.local/lib/python3.10/site-packages/airflow/example_dags/example_branch_operator.py took 2.389 seconds
[2024-10-04 23:40:51,566] {processor.py:153} INFO - Started process (PID=99411) to work on /home/kennedy/.local/lib/python3.10/site-packages/airflow/example_dags/example_branch_operator.py
[2024-10-04 23:40:51,567] {processor.py:641} INFO - Processing file /home/kennedy/.local/lib/python3.10/site-packages/airflow/example_dags/example_branch_operator.py for tasks to queue
[2024-10-04 23:40:51,568] {logging_mixin.py:115} INFO - [2024-10-04 23:40:51,568] {dagbag.py:507} INFO - Filling up the DagBag from /home/kennedy/.local/lib/python3.10/site-packages/airflow/example_dags/example_branch_operator.py
[2024-10-04 23:40:51,594] {processor.py:651} INFO - DAG(s) dict_keys(['example_branch_operator']) retrieved from /home/kennedy/.local/lib/python3.10/site-packages/airflow/example_dags/example_branch_operator.py
[2024-10-04 23:40:51,632] {logging_mixin.py:115} INFO - [2024-10-04 23:40:51,632] {dag.py:2379} INFO - Sync 1 DAGs
[2024-10-04 23:40:51,669] {logging_mixin.py:115} INFO - [2024-10-04 23:40:51,669] {dag.py:2927} INFO - Setting next_dagrun for example_branch_operator to 2024-10-04T00:00:00+00:00, run_after=2024-10-05T00:00:00+00:00
[2024-10-04 23:40:52,776] {processor.py:161} INFO - Processing /home/kennedy/.local/lib/python3.10/site-packages/airflow/example_dags/example_branch_operator.py took 1.217 seconds
[2024-10-04 23:42:16,077] {processor.py:153} INFO - Started process (PID=99720) to work on /home/kennedy/.local/lib/python3.10/site-packages/airflow/example_dags/example_branch_operator.py
[2024-10-04 23:42:16,186] {processor.py:641} INFO - Processing file /home/kennedy/.local/lib/python3.10/site-packages/airflow/example_dags/example_branch_operator.py for tasks to queue
[2024-10-04 23:42:16,187] {logging_mixin.py:115} INFO - [2024-10-04 23:42:16,187] {dagbag.py:507} INFO - Filling up the DagBag from /home/kennedy/.local/lib/python3.10/site-packages/airflow/example_dags/example_branch_operator.py
[2024-10-04 23:42:16,213] {processor.py:651} INFO - DAG(s) dict_keys(['example_branch_operator']) retrieved from /home/kennedy/.local/lib/python3.10/site-packages/airflow/example_dags/example_branch_operator.py
[2024-10-04 23:42:16,256] {logging_mixin.py:115} INFO - [2024-10-04 23:42:16,256] {dag.py:2379} INFO - Sync 1 DAGs
[2024-10-04 23:42:16,298] {logging_mixin.py:115} INFO - [2024-10-04 23:42:16,298] {dag.py:2927} INFO - Setting next_dagrun for example_branch_operator to 2024-10-04T00:00:00+00:00, run_after=2024-10-05T00:00:00+00:00
[2024-10-04 23:42:16,532] {processor.py:161} INFO - Processing /home/kennedy/.local/lib/python3.10/site-packages/airflow/example_dags/example_branch_operator.py took 0.462 seconds
[2024-10-04 23:43:15,369] {processor.py:153} INFO - Started process (PID=99800) to work on /home/kennedy/.local/lib/python3.10/site-packages/airflow/example_dags/example_branch_operator.py
[2024-10-04 23:43:15,506] {processor.py:641} INFO - Processing file /home/kennedy/.local/lib/python3.10/site-packages/airflow/example_dags/example_branch_operator.py for tasks to queue
[2024-10-04 23:43:15,507] {logging_mixin.py:115} INFO - [2024-10-04 23:43:15,507] {dagbag.py:507} INFO - Filling up the DagBag from /home/kennedy/.local/lib/python3.10/site-packages/airflow/example_dags/example_branch_operator.py
[2024-10-04 23:43:15,532] {processor.py:651} INFO - DAG(s) dict_keys(['example_branch_operator']) retrieved from /home/kennedy/.local/lib/python3.10/site-packages/airflow/example_dags/example_branch_operator.py
[2024-10-04 23:43:16,814] {logging_mixin.py:115} INFO - [2024-10-04 23:43:16,814] {dag.py:2379} INFO - Sync 1 DAGs
[2024-10-04 23:43:16,872] {logging_mixin.py:115} INFO - [2024-10-04 23:43:16,872] {dag.py:2927} INFO - Setting next_dagrun for example_branch_operator to 2024-10-04T00:00:00+00:00, run_after=2024-10-05T00:00:00+00:00
[2024-10-04 23:43:17,502] {processor.py:161} INFO - Processing /home/kennedy/.local/lib/python3.10/site-packages/airflow/example_dags/example_branch_operator.py took 2.140 seconds
[2024-10-04 23:44:09,067] {processor.py:153} INFO - Started process (PID=99866) to work on /home/kennedy/.local/lib/python3.10/site-packages/airflow/example_dags/example_branch_operator.py
[2024-10-04 23:44:09,136] {processor.py:641} INFO - Processing file /home/kennedy/.local/lib/python3.10/site-packages/airflow/example_dags/example_branch_operator.py for tasks to queue
[2024-10-04 23:44:09,137] {logging_mixin.py:115} INFO - [2024-10-04 23:44:09,137] {dagbag.py:507} INFO - Filling up the DagBag from /home/kennedy/.local/lib/python3.10/site-packages/airflow/example_dags/example_branch_operator.py
[2024-10-04 23:44:09,163] {processor.py:651} INFO - DAG(s) dict_keys(['example_branch_operator']) retrieved from /home/kennedy/.local/lib/python3.10/site-packages/airflow/example_dags/example_branch_operator.py
[2024-10-04 23:44:09,386] {logging_mixin.py:115} INFO - [2024-10-04 23:44:09,386] {dag.py:2379} INFO - Sync 1 DAGs
[2024-10-04 23:44:09,430] {logging_mixin.py:115} INFO - [2024-10-04 23:44:09,430] {dag.py:2927} INFO - Setting next_dagrun for example_branch_operator to 2024-10-04T00:00:00+00:00, run_after=2024-10-05T00:00:00+00:00
[2024-10-04 23:44:09,557] {processor.py:161} INFO - Processing /home/kennedy/.local/lib/python3.10/site-packages/airflow/example_dags/example_branch_operator.py took 0.496 seconds
[2024-10-04 23:46:08,550] {processor.py:153} INFO - Started process (PID=101011) to work on /home/kennedy/.local/lib/python3.10/site-packages/airflow/example_dags/example_branch_operator.py
[2024-10-04 23:46:08,675] {processor.py:641} INFO - Processing file /home/kennedy/.local/lib/python3.10/site-packages/airflow/example_dags/example_branch_operator.py for tasks to queue
[2024-10-04 23:46:08,676] {logging_mixin.py:115} INFO - [2024-10-04 23:46:08,676] {dagbag.py:507} INFO - Filling up the DagBag from /home/kennedy/.local/lib/python3.10/site-packages/airflow/example_dags/example_branch_operator.py
[2024-10-04 23:46:08,702] {processor.py:651} INFO - DAG(s) dict_keys(['example_branch_operator']) retrieved from /home/kennedy/.local/lib/python3.10/site-packages/airflow/example_dags/example_branch_operator.py
[2024-10-04 23:46:08,824] {logging_mixin.py:115} INFO - [2024-10-04 23:46:08,824] {dag.py:2379} INFO - Sync 1 DAGs
[2024-10-04 23:46:08,869] {logging_mixin.py:115} INFO - [2024-10-04 23:46:08,869] {dag.py:2927} INFO - Setting next_dagrun for example_branch_operator to 2024-10-04T00:00:00+00:00, run_after=2024-10-05T00:00:00+00:00
[2024-10-04 23:46:09,047] {processor.py:161} INFO - Processing /home/kennedy/.local/lib/python3.10/site-packages/airflow/example_dags/example_branch_operator.py took 0.504 seconds
[2024-10-04 23:47:59,866] {processor.py:153} INFO - Started process (PID=101487) to work on /home/kennedy/.local/lib/python3.10/site-packages/airflow/example_dags/example_branch_operator.py
[2024-10-04 23:47:59,884] {processor.py:641} INFO - Processing file /home/kennedy/.local/lib/python3.10/site-packages/airflow/example_dags/example_branch_operator.py for tasks to queue
[2024-10-04 23:47:59,884] {logging_mixin.py:115} INFO - [2024-10-04 23:47:59,884] {dagbag.py:507} INFO - Filling up the DagBag from /home/kennedy/.local/lib/python3.10/site-packages/airflow/example_dags/example_branch_operator.py
[2024-10-04 23:47:59,897] {processor.py:651} INFO - DAG(s) dict_keys(['example_branch_operator']) retrieved from /home/kennedy/.local/lib/python3.10/site-packages/airflow/example_dags/example_branch_operator.py
[2024-10-04 23:47:59,910] {logging_mixin.py:115} INFO - [2024-10-04 23:47:59,910] {dag.py:2379} INFO - Sync 1 DAGs
[2024-10-04 23:47:59,927] {logging_mixin.py:115} INFO - [2024-10-04 23:47:59,927] {dag.py:2927} INFO - Setting next_dagrun for example_branch_operator to 2024-10-04T00:00:00+00:00, run_after=2024-10-05T00:00:00+00:00
[2024-10-04 23:48:00,010] {processor.py:161} INFO - Processing /home/kennedy/.local/lib/python3.10/site-packages/airflow/example_dags/example_branch_operator.py took 0.147 seconds
[2024-10-04 23:50:19,697] {processor.py:153} INFO - Started process (PID=102401) to work on /home/kennedy/.local/lib/python3.10/site-packages/airflow/example_dags/example_branch_operator.py
[2024-10-04 23:50:19,702] {processor.py:641} INFO - Processing file /home/kennedy/.local/lib/python3.10/site-packages/airflow/example_dags/example_branch_operator.py for tasks to queue
[2024-10-04 23:50:19,704] {logging_mixin.py:115} INFO - [2024-10-04 23:50:19,704] {dagbag.py:507} INFO - Filling up the DagBag from /home/kennedy/.local/lib/python3.10/site-packages/airflow/example_dags/example_branch_operator.py
[2024-10-04 23:50:19,746] {processor.py:651} INFO - DAG(s) dict_keys(['example_branch_operator']) retrieved from /home/kennedy/.local/lib/python3.10/site-packages/airflow/example_dags/example_branch_operator.py
[2024-10-04 23:50:19,863] {logging_mixin.py:115} INFO - [2024-10-04 23:50:19,863] {dag.py:2379} INFO - Sync 1 DAGs
[2024-10-04 23:50:19,927] {logging_mixin.py:115} INFO - [2024-10-04 23:50:19,926] {dag.py:2927} INFO - Setting next_dagrun for example_branch_operator to 2024-10-04T00:00:00+00:00, run_after=2024-10-05T00:00:00+00:00
[2024-10-04 23:50:21,328] {processor.py:161} INFO - Processing /home/kennedy/.local/lib/python3.10/site-packages/airflow/example_dags/example_branch_operator.py took 1.640 seconds
[2024-10-04 23:52:06,375] {processor.py:153} INFO - Started process (PID=102788) to work on /home/kennedy/.local/lib/python3.10/site-packages/airflow/example_dags/example_branch_operator.py
[2024-10-04 23:52:07,123] {processor.py:641} INFO - Processing file /home/kennedy/.local/lib/python3.10/site-packages/airflow/example_dags/example_branch_operator.py for tasks to queue
[2024-10-04 23:52:07,125] {logging_mixin.py:115} INFO - [2024-10-04 23:52:07,124] {dagbag.py:507} INFO - Filling up the DagBag from /home/kennedy/.local/lib/python3.10/site-packages/airflow/example_dags/example_branch_operator.py
[2024-10-04 23:52:07,158] {processor.py:651} INFO - DAG(s) dict_keys(['example_branch_operator']) retrieved from /home/kennedy/.local/lib/python3.10/site-packages/airflow/example_dags/example_branch_operator.py
[2024-10-04 23:52:07,191] {logging_mixin.py:115} INFO - [2024-10-04 23:52:07,191] {dag.py:2379} INFO - Sync 1 DAGs
[2024-10-04 23:52:07,231] {logging_mixin.py:115} INFO - [2024-10-04 23:52:07,231] {dag.py:2927} INFO - Setting next_dagrun for example_branch_operator to 2024-10-04T00:00:00+00:00, run_after=2024-10-05T00:00:00+00:00
[2024-10-04 23:52:07,890] {processor.py:161} INFO - Processing /home/kennedy/.local/lib/python3.10/site-packages/airflow/example_dags/example_branch_operator.py took 1.522 seconds
[2024-10-04 23:53:34,674] {processor.py:153} INFO - Started process (PID=103523) to work on /home/kennedy/.local/lib/python3.10/site-packages/airflow/example_dags/example_branch_operator.py
[2024-10-04 23:53:34,749] {processor.py:641} INFO - Processing file /home/kennedy/.local/lib/python3.10/site-packages/airflow/example_dags/example_branch_operator.py for tasks to queue
[2024-10-04 23:53:34,750] {logging_mixin.py:115} INFO - [2024-10-04 23:53:34,750] {dagbag.py:507} INFO - Filling up the DagBag from /home/kennedy/.local/lib/python3.10/site-packages/airflow/example_dags/example_branch_operator.py
[2024-10-04 23:53:34,766] {processor.py:651} INFO - DAG(s) dict_keys(['example_branch_operator']) retrieved from /home/kennedy/.local/lib/python3.10/site-packages/airflow/example_dags/example_branch_operator.py
[2024-10-04 23:53:34,784] {logging_mixin.py:115} INFO - [2024-10-04 23:53:34,783] {dag.py:2379} INFO - Sync 1 DAGs
[2024-10-04 23:53:34,802] {logging_mixin.py:115} INFO - [2024-10-04 23:53:34,802] {dag.py:2927} INFO - Setting next_dagrun for example_branch_operator to 2024-10-04T00:00:00+00:00, run_after=2024-10-05T00:00:00+00:00
[2024-10-04 23:53:35,638] {processor.py:161} INFO - Processing /home/kennedy/.local/lib/python3.10/site-packages/airflow/example_dags/example_branch_operator.py took 0.974 seconds
[2024-10-04 23:55:27,028] {processor.py:153} INFO - Started process (PID=103962) to work on /home/kennedy/.local/lib/python3.10/site-packages/airflow/example_dags/example_branch_operator.py
[2024-10-04 23:55:27,030] {processor.py:641} INFO - Processing file /home/kennedy/.local/lib/python3.10/site-packages/airflow/example_dags/example_branch_operator.py for tasks to queue
[2024-10-04 23:55:27,032] {logging_mixin.py:115} INFO - [2024-10-04 23:55:27,032] {dagbag.py:507} INFO - Filling up the DagBag from /home/kennedy/.local/lib/python3.10/site-packages/airflow/example_dags/example_branch_operator.py
[2024-10-04 23:55:27,069] {processor.py:651} INFO - DAG(s) dict_keys(['example_branch_operator']) retrieved from /home/kennedy/.local/lib/python3.10/site-packages/airflow/example_dags/example_branch_operator.py
[2024-10-04 23:55:27,102] {logging_mixin.py:115} INFO - [2024-10-04 23:55:27,101] {dag.py:2379} INFO - Sync 1 DAGs
[2024-10-04 23:55:27,143] {logging_mixin.py:115} INFO - [2024-10-04 23:55:27,142] {dag.py:2927} INFO - Setting next_dagrun for example_branch_operator to 2024-10-04T00:00:00+00:00, run_after=2024-10-05T00:00:00+00:00
[2024-10-04 23:55:28,542] {processor.py:161} INFO - Processing /home/kennedy/.local/lib/python3.10/site-packages/airflow/example_dags/example_branch_operator.py took 1.521 seconds
[2024-10-04 23:57:32,343] {processor.py:153} INFO - Started process (PID=105180) to work on /home/kennedy/.local/lib/python3.10/site-packages/airflow/example_dags/example_branch_operator.py
[2024-10-04 23:57:32,583] {processor.py:641} INFO - Processing file /home/kennedy/.local/lib/python3.10/site-packages/airflow/example_dags/example_branch_operator.py for tasks to queue
[2024-10-04 23:57:32,584] {logging_mixin.py:115} INFO - [2024-10-04 23:57:32,584] {dagbag.py:507} INFO - Filling up the DagBag from /home/kennedy/.local/lib/python3.10/site-packages/airflow/example_dags/example_branch_operator.py
[2024-10-04 23:57:32,616] {processor.py:651} INFO - DAG(s) dict_keys(['example_branch_operator']) retrieved from /home/kennedy/.local/lib/python3.10/site-packages/airflow/example_dags/example_branch_operator.py
[2024-10-04 23:57:32,651] {logging_mixin.py:115} INFO - [2024-10-04 23:57:32,651] {dag.py:2379} INFO - Sync 1 DAGs
[2024-10-04 23:57:32,694] {logging_mixin.py:115} INFO - [2024-10-04 23:57:32,694] {dag.py:2927} INFO - Setting next_dagrun for example_branch_operator to 2024-10-04T00:00:00+00:00, run_after=2024-10-05T00:00:00+00:00
[2024-10-04 23:57:32,885] {processor.py:161} INFO - Processing /home/kennedy/.local/lib/python3.10/site-packages/airflow/example_dags/example_branch_operator.py took 0.549 seconds
[2024-10-04 23:59:29,318] {processor.py:153} INFO - Started process (PID=105437) to work on /home/kennedy/.local/lib/python3.10/site-packages/airflow/example_dags/example_branch_operator.py
[2024-10-04 23:59:29,533] {processor.py:641} INFO - Processing file /home/kennedy/.local/lib/python3.10/site-packages/airflow/example_dags/example_branch_operator.py for tasks to queue
[2024-10-04 23:59:29,535] {logging_mixin.py:115} INFO - [2024-10-04 23:59:29,534] {dagbag.py:507} INFO - Filling up the DagBag from /home/kennedy/.local/lib/python3.10/site-packages/airflow/example_dags/example_branch_operator.py
[2024-10-04 23:59:29,567] {processor.py:651} INFO - DAG(s) dict_keys(['example_branch_operator']) retrieved from /home/kennedy/.local/lib/python3.10/site-packages/airflow/example_dags/example_branch_operator.py
[2024-10-04 23:59:29,602] {logging_mixin.py:115} INFO - [2024-10-04 23:59:29,601] {dag.py:2379} INFO - Sync 1 DAGs
[2024-10-04 23:59:29,643] {logging_mixin.py:115} INFO - [2024-10-04 23:59:29,643] {dag.py:2927} INFO - Setting next_dagrun for example_branch_operator to 2024-10-04T00:00:00+00:00, run_after=2024-10-05T00:00:00+00:00
[2024-10-04 23:59:29,743] {processor.py:161} INFO - Processing /home/kennedy/.local/lib/python3.10/site-packages/airflow/example_dags/example_branch_operator.py took 0.432 seconds
[2024-10-05 00:01:12,028] {processor.py:153} INFO - Started process (PID=105638) to work on /home/kennedy/.local/lib/python3.10/site-packages/airflow/example_dags/example_branch_operator.py
[2024-10-05 00:01:12,042] {processor.py:641} INFO - Processing file /home/kennedy/.local/lib/python3.10/site-packages/airflow/example_dags/example_branch_operator.py for tasks to queue
[2024-10-05 00:01:12,044] {logging_mixin.py:115} INFO - [2024-10-05 00:01:12,044] {dagbag.py:507} INFO - Filling up the DagBag from /home/kennedy/.local/lib/python3.10/site-packages/airflow/example_dags/example_branch_operator.py
[2024-10-05 00:01:12,079] {processor.py:651} INFO - DAG(s) dict_keys(['example_branch_operator']) retrieved from /home/kennedy/.local/lib/python3.10/site-packages/airflow/example_dags/example_branch_operator.py
[2024-10-05 00:01:12,113] {logging_mixin.py:115} INFO - [2024-10-05 00:01:12,113] {dag.py:2379} INFO - Sync 1 DAGs
[2024-10-05 00:01:12,154] {logging_mixin.py:115} INFO - [2024-10-05 00:01:12,154] {dag.py:2927} INFO - Setting next_dagrun for example_branch_operator to 2024-10-04T00:00:00+00:00, run_after=2024-10-05T00:00:00+00:00
[2024-10-05 00:01:12,245] {processor.py:161} INFO - Processing /home/kennedy/.local/lib/python3.10/site-packages/airflow/example_dags/example_branch_operator.py took 0.224 seconds
