[2024-10-04 23:32:45,871] {processor.py:153} INFO - Started process (PID=96936) to work on /home/kennedy/.local/lib/python3.10/site-packages/airflow/example_dags/example_sla_dag.py
[2024-10-04 23:32:45,872] {processor.py:641} INFO - Processing file /home/kennedy/.local/lib/python3.10/site-packages/airflow/example_dags/example_sla_dag.py for tasks to queue
[2024-10-04 23:32:45,873] {logging_mixin.py:115} INFO - [2024-10-04 23:32:45,873] {dagbag.py:507} INFO - Filling up the DagBag from /home/kennedy/.local/lib/python3.10/site-packages/airflow/example_dags/example_sla_dag.py
[2024-10-04 23:32:45,916] {processor.py:651} INFO - DAG(s) dict_keys(['example_sla_dag']) retrieved from /home/kennedy/.local/lib/python3.10/site-packages/airflow/example_dags/example_sla_dag.py
[2024-10-04 23:32:47,550] {logging_mixin.py:115} INFO - [2024-10-04 23:32:47,550] {manager.py:508} INFO - Created Permission View: can edit on DAG:example_sla_dag
[2024-10-04 23:32:47,639] {logging_mixin.py:115} INFO - [2024-10-04 23:32:47,639] {manager.py:508} INFO - Created Permission View: can delete on DAG:example_sla_dag
[2024-10-04 23:32:47,718] {logging_mixin.py:115} INFO - [2024-10-04 23:32:47,718] {manager.py:508} INFO - Created Permission View: can read on DAG:example_sla_dag
[2024-10-04 23:32:47,718] {logging_mixin.py:115} INFO - [2024-10-04 23:32:47,718] {dag.py:2379} INFO - Sync 1 DAGs
[2024-10-04 23:32:47,735] {logging_mixin.py:115} INFO - [2024-10-04 23:32:47,735] {dag.py:2398} INFO - Creating ORM DAG for example_sla_dag
[2024-10-04 23:32:47,765] {logging_mixin.py:115} INFO - [2024-10-04 23:32:47,765] {dag.py:2927} INFO - Setting next_dagrun for example_sla_dag to 2024-10-05T02:30:00+00:00, run_after=2024-10-05T02:32:00+00:00
[2024-10-04 23:32:47,854] {processor.py:161} INFO - Processing /home/kennedy/.local/lib/python3.10/site-packages/airflow/example_dags/example_sla_dag.py took 1.986 seconds
[2024-10-04 23:34:10,553] {processor.py:153} INFO - Started process (PID=97065) to work on /home/kennedy/.local/lib/python3.10/site-packages/airflow/example_dags/example_sla_dag.py
[2024-10-04 23:34:10,570] {processor.py:641} INFO - Processing file /home/kennedy/.local/lib/python3.10/site-packages/airflow/example_dags/example_sla_dag.py for tasks to queue
[2024-10-04 23:34:10,572] {logging_mixin.py:115} INFO - [2024-10-04 23:34:10,572] {dagbag.py:507} INFO - Filling up the DagBag from /home/kennedy/.local/lib/python3.10/site-packages/airflow/example_dags/example_sla_dag.py
[2024-10-04 23:34:10,630] {processor.py:651} INFO - DAG(s) dict_keys(['example_sla_dag']) retrieved from /home/kennedy/.local/lib/python3.10/site-packages/airflow/example_dags/example_sla_dag.py
[2024-10-04 23:34:10,669] {logging_mixin.py:115} INFO - [2024-10-04 23:34:10,668] {dag.py:2379} INFO - Sync 1 DAGs
[2024-10-04 23:34:10,720] {logging_mixin.py:115} INFO - [2024-10-04 23:34:10,720] {dag.py:2927} INFO - Setting next_dagrun for example_sla_dag to 2024-10-05T02:32:00+00:00, run_after=2024-10-05T02:34:00+00:00
[2024-10-04 23:34:11,105] {processor.py:161} INFO - Processing /home/kennedy/.local/lib/python3.10/site-packages/airflow/example_dags/example_sla_dag.py took 0.559 seconds
[2024-10-04 23:35:00,830] {processor.py:153} INFO - Started process (PID=97109) to work on /home/kennedy/.local/lib/python3.10/site-packages/airflow/example_dags/example_sla_dag.py
[2024-10-04 23:35:00,839] {processor.py:641} INFO - Processing file /home/kennedy/.local/lib/python3.10/site-packages/airflow/example_dags/example_sla_dag.py for tasks to queue
[2024-10-04 23:35:00,840] {logging_mixin.py:115} INFO - [2024-10-04 23:35:00,840] {dagbag.py:507} INFO - Filling up the DagBag from /home/kennedy/.local/lib/python3.10/site-packages/airflow/example_dags/example_sla_dag.py
[2024-10-04 23:35:00,889] {processor.py:651} INFO - DAG(s) dict_keys(['example_sla_dag']) retrieved from /home/kennedy/.local/lib/python3.10/site-packages/airflow/example_dags/example_sla_dag.py
[2024-10-04 23:35:00,919] {logging_mixin.py:115} INFO - [2024-10-04 23:35:00,918] {dag.py:2379} INFO - Sync 1 DAGs
[2024-10-04 23:35:00,964] {logging_mixin.py:115} INFO - [2024-10-04 23:35:00,963] {dag.py:2927} INFO - Setting next_dagrun for example_sla_dag to 2024-10-05T02:32:00+00:00, run_after=2024-10-05T02:34:00+00:00
[2024-10-04 23:35:01,160] {processor.py:161} INFO - Processing /home/kennedy/.local/lib/python3.10/site-packages/airflow/example_dags/example_sla_dag.py took 0.336 seconds
[2024-10-04 23:35:50,886] {processor.py:153} INFO - Started process (PID=97962) to work on /home/kennedy/.local/lib/python3.10/site-packages/airflow/example_dags/example_sla_dag.py
[2024-10-04 23:35:50,902] {processor.py:641} INFO - Processing file /home/kennedy/.local/lib/python3.10/site-packages/airflow/example_dags/example_sla_dag.py for tasks to queue
[2024-10-04 23:35:50,903] {logging_mixin.py:115} INFO - [2024-10-04 23:35:50,903] {dagbag.py:507} INFO - Filling up the DagBag from /home/kennedy/.local/lib/python3.10/site-packages/airflow/example_dags/example_sla_dag.py
[2024-10-04 23:35:50,948] {processor.py:651} INFO - DAG(s) dict_keys(['example_sla_dag']) retrieved from /home/kennedy/.local/lib/python3.10/site-packages/airflow/example_dags/example_sla_dag.py
[2024-10-04 23:35:51,092] {logging_mixin.py:115} INFO - [2024-10-04 23:35:51,092] {dag.py:2379} INFO - Sync 1 DAGs
[2024-10-04 23:35:51,134] {logging_mixin.py:115} INFO - [2024-10-04 23:35:51,134] {dag.py:2927} INFO - Setting next_dagrun for example_sla_dag to 2024-10-05T02:32:00+00:00, run_after=2024-10-05T02:34:00+00:00
[2024-10-04 23:35:51,384] {processor.py:161} INFO - Processing /home/kennedy/.local/lib/python3.10/site-packages/airflow/example_dags/example_sla_dag.py took 0.503 seconds
[2024-10-04 23:37:47,107] {processor.py:153} INFO - Started process (PID=98348) to work on /home/kennedy/.local/lib/python3.10/site-packages/airflow/example_dags/example_sla_dag.py
[2024-10-04 23:37:47,109] {processor.py:641} INFO - Processing file /home/kennedy/.local/lib/python3.10/site-packages/airflow/example_dags/example_sla_dag.py for tasks to queue
[2024-10-04 23:37:47,110] {logging_mixin.py:115} INFO - [2024-10-04 23:37:47,109] {dagbag.py:507} INFO - Filling up the DagBag from /home/kennedy/.local/lib/python3.10/site-packages/airflow/example_dags/example_sla_dag.py
[2024-10-04 23:37:47,160] {processor.py:651} INFO - DAG(s) dict_keys(['example_sla_dag']) retrieved from /home/kennedy/.local/lib/python3.10/site-packages/airflow/example_dags/example_sla_dag.py
[2024-10-04 23:37:47,192] {logging_mixin.py:115} INFO - [2024-10-04 23:37:47,192] {dag.py:2379} INFO - Sync 1 DAGs
[2024-10-04 23:37:47,243] {logging_mixin.py:115} INFO - [2024-10-04 23:37:47,243] {dag.py:2927} INFO - Setting next_dagrun for example_sla_dag to 2024-10-05T02:34:00+00:00, run_after=2024-10-05T02:36:00+00:00
[2024-10-04 23:37:48,551] {processor.py:161} INFO - Processing /home/kennedy/.local/lib/python3.10/site-packages/airflow/example_dags/example_sla_dag.py took 1.451 seconds
[2024-10-04 23:39:23,198] {processor.py:153} INFO - Started process (PID=99189) to work on /home/kennedy/KR/Programação/01.Exercícios/DE/Movies/venv/lib/python3.10/site-packages/airflow/example_dags/example_sla_dag.py
[2024-10-04 23:39:23,210] {processor.py:641} INFO - Processing file /home/kennedy/KR/Programação/01.Exercícios/DE/Movies/venv/lib/python3.10/site-packages/airflow/example_dags/example_sla_dag.py for tasks to queue
[2024-10-04 23:39:23,212] {logging_mixin.py:115} INFO - [2024-10-04 23:39:23,212] {dagbag.py:507} INFO - Filling up the DagBag from /home/kennedy/KR/Programação/01.Exercícios/DE/Movies/venv/lib/python3.10/site-packages/airflow/example_dags/example_sla_dag.py
[2024-10-04 23:39:23,276] {processor.py:651} INFO - DAG(s) dict_keys(['example_sla_dag']) retrieved from /home/kennedy/KR/Programação/01.Exercícios/DE/Movies/venv/lib/python3.10/site-packages/airflow/example_dags/example_sla_dag.py
[2024-10-04 23:39:23,370] {logging_mixin.py:115} INFO - [2024-10-04 23:39:23,370] {dag.py:2379} INFO - Sync 1 DAGs
[2024-10-04 23:39:23,416] {logging_mixin.py:115} INFO - [2024-10-04 23:39:23,416] {dag.py:2927} INFO - Setting next_dagrun for example_sla_dag to 2024-10-05T02:36:00+00:00, run_after=2024-10-05T02:38:00+00:00
[2024-10-04 23:39:23,504] {processor.py:161} INFO - Processing /home/kennedy/KR/Programação/01.Exercícios/DE/Movies/venv/lib/python3.10/site-packages/airflow/example_dags/example_sla_dag.py took 0.315 seconds
[2024-10-04 23:39:45,307] {processor.py:153} INFO - Started process (PID=99210) to work on /home/kennedy/.local/lib/python3.10/site-packages/airflow/example_dags/example_sla_dag.py
[2024-10-04 23:39:45,312] {processor.py:641} INFO - Processing file /home/kennedy/.local/lib/python3.10/site-packages/airflow/example_dags/example_sla_dag.py for tasks to queue
[2024-10-04 23:39:45,313] {logging_mixin.py:115} INFO - [2024-10-04 23:39:45,313] {dagbag.py:507} INFO - Filling up the DagBag from /home/kennedy/.local/lib/python3.10/site-packages/airflow/example_dags/example_sla_dag.py
[2024-10-04 23:39:45,368] {processor.py:651} INFO - DAG(s) dict_keys(['example_sla_dag']) retrieved from /home/kennedy/.local/lib/python3.10/site-packages/airflow/example_dags/example_sla_dag.py
[2024-10-04 23:39:45,384] {logging_mixin.py:115} INFO - [2024-10-04 23:39:45,384] {dag.py:2379} INFO - Sync 1 DAGs
[2024-10-04 23:39:45,432] {logging_mixin.py:115} INFO - [2024-10-04 23:39:45,432] {dag.py:2927} INFO - Setting next_dagrun for example_sla_dag to 2024-10-05T02:36:00+00:00, run_after=2024-10-05T02:38:00+00:00
[2024-10-04 23:39:45,670] {processor.py:161} INFO - Processing /home/kennedy/.local/lib/python3.10/site-packages/airflow/example_dags/example_sla_dag.py took 0.370 seconds
[2024-10-04 23:40:35,472] {processor.py:153} INFO - Started process (PID=99339) to work on /home/kennedy/.local/lib/python3.10/site-packages/airflow/example_dags/example_sla_dag.py
[2024-10-04 23:40:35,701] {processor.py:641} INFO - Processing file /home/kennedy/.local/lib/python3.10/site-packages/airflow/example_dags/example_sla_dag.py for tasks to queue
[2024-10-04 23:40:35,701] {logging_mixin.py:115} INFO - [2024-10-04 23:40:35,701] {dagbag.py:507} INFO - Filling up the DagBag from /home/kennedy/.local/lib/python3.10/site-packages/airflow/example_dags/example_sla_dag.py
[2024-10-04 23:40:35,721] {processor.py:651} INFO - DAG(s) dict_keys(['example_sla_dag']) retrieved from /home/kennedy/.local/lib/python3.10/site-packages/airflow/example_dags/example_sla_dag.py
[2024-10-04 23:40:35,758] {logging_mixin.py:115} INFO - [2024-10-04 23:40:35,758] {dag.py:2379} INFO - Sync 1 DAGs
[2024-10-04 23:40:35,774] {logging_mixin.py:115} INFO - [2024-10-04 23:40:35,774] {dag.py:2927} INFO - Setting next_dagrun for example_sla_dag to 2024-10-05T02:38:00+00:00, run_after=2024-10-05T02:40:00+00:00
[2024-10-04 23:40:36,821] {processor.py:161} INFO - Processing /home/kennedy/.local/lib/python3.10/site-packages/airflow/example_dags/example_sla_dag.py took 1.353 seconds
[2024-10-04 23:41:56,497] {processor.py:153} INFO - Started process (PID=99585) to work on /home/kennedy/.local/lib/python3.10/site-packages/airflow/example_dags/example_sla_dag.py
[2024-10-04 23:41:56,504] {processor.py:641} INFO - Processing file /home/kennedy/.local/lib/python3.10/site-packages/airflow/example_dags/example_sla_dag.py for tasks to queue
[2024-10-04 23:41:56,505] {logging_mixin.py:115} INFO - [2024-10-04 23:41:56,505] {dagbag.py:507} INFO - Filling up the DagBag from /home/kennedy/.local/lib/python3.10/site-packages/airflow/example_dags/example_sla_dag.py
[2024-10-04 23:41:56,554] {processor.py:651} INFO - DAG(s) dict_keys(['example_sla_dag']) retrieved from /home/kennedy/.local/lib/python3.10/site-packages/airflow/example_dags/example_sla_dag.py
[2024-10-04 23:41:56,581] {logging_mixin.py:115} INFO - [2024-10-04 23:41:56,581] {dag.py:2379} INFO - Sync 1 DAGs
[2024-10-04 23:41:56,626] {logging_mixin.py:115} INFO - [2024-10-04 23:41:56,626] {dag.py:2927} INFO - Setting next_dagrun for example_sla_dag to 2024-10-05T02:38:00+00:00, run_after=2024-10-05T02:40:00+00:00
[2024-10-04 23:41:56,798] {processor.py:161} INFO - Processing /home/kennedy/.local/lib/python3.10/site-packages/airflow/example_dags/example_sla_dag.py took 0.309 seconds
[2024-10-04 23:42:48,802] {processor.py:153} INFO - Started process (PID=99768) to work on /home/kennedy/.local/lib/python3.10/site-packages/airflow/example_dags/example_sla_dag.py
[2024-10-04 23:42:48,829] {processor.py:641} INFO - Processing file /home/kennedy/.local/lib/python3.10/site-packages/airflow/example_dags/example_sla_dag.py for tasks to queue
[2024-10-04 23:42:48,830] {logging_mixin.py:115} INFO - [2024-10-04 23:42:48,830] {dagbag.py:507} INFO - Filling up the DagBag from /home/kennedy/.local/lib/python3.10/site-packages/airflow/example_dags/example_sla_dag.py
[2024-10-04 23:42:48,882] {processor.py:651} INFO - DAG(s) dict_keys(['example_sla_dag']) retrieved from /home/kennedy/.local/lib/python3.10/site-packages/airflow/example_dags/example_sla_dag.py
[2024-10-04 23:42:48,914] {logging_mixin.py:115} INFO - [2024-10-04 23:42:48,914] {dag.py:2379} INFO - Sync 1 DAGs
[2024-10-04 23:42:48,960] {logging_mixin.py:115} INFO - [2024-10-04 23:42:48,960] {dag.py:2927} INFO - Setting next_dagrun for example_sla_dag to 2024-10-05T02:40:00+00:00, run_after=2024-10-05T02:42:00+00:00
[2024-10-04 23:42:49,044] {processor.py:161} INFO - Processing /home/kennedy/.local/lib/python3.10/site-packages/airflow/example_dags/example_sla_dag.py took 0.249 seconds
[2024-10-04 23:43:53,244] {processor.py:153} INFO - Started process (PID=99843) to work on /home/kennedy/.local/lib/python3.10/site-packages/airflow/example_dags/example_sla_dag.py
[2024-10-04 23:43:53,881] {processor.py:641} INFO - Processing file /home/kennedy/.local/lib/python3.10/site-packages/airflow/example_dags/example_sla_dag.py for tasks to queue
[2024-10-04 23:43:53,882] {logging_mixin.py:115} INFO - [2024-10-04 23:43:53,882] {dagbag.py:507} INFO - Filling up the DagBag from /home/kennedy/.local/lib/python3.10/site-packages/airflow/example_dags/example_sla_dag.py
[2024-10-04 23:43:53,940] {processor.py:651} INFO - DAG(s) dict_keys(['example_sla_dag']) retrieved from /home/kennedy/.local/lib/python3.10/site-packages/airflow/example_dags/example_sla_dag.py
[2024-10-04 23:43:54,054] {logging_mixin.py:115} INFO - [2024-10-04 23:43:54,054] {dag.py:2379} INFO - Sync 1 DAGs
[2024-10-04 23:43:54,103] {logging_mixin.py:115} INFO - [2024-10-04 23:43:54,103] {dag.py:2927} INFO - Setting next_dagrun for example_sla_dag to 2024-10-05T02:40:00+00:00, run_after=2024-10-05T02:42:00+00:00
[2024-10-04 23:43:54,386] {processor.py:161} INFO - Processing /home/kennedy/.local/lib/python3.10/site-packages/airflow/example_dags/example_sla_dag.py took 1.149 seconds
[2024-10-04 23:44:01,466] {processor.py:153} INFO - Started process (PID=99855) to work on /home/kennedy/.local/lib/python3.10/site-packages/airflow/example_dags/example_sla_dag.py
[2024-10-04 23:44:01,526] {processor.py:641} INFO - Processing file /home/kennedy/.local/lib/python3.10/site-packages/airflow/example_dags/example_sla_dag.py for tasks to queue
[2024-10-04 23:44:01,527] {logging_mixin.py:115} INFO - [2024-10-04 23:44:01,527] {dagbag.py:507} INFO - Filling up the DagBag from /home/kennedy/.local/lib/python3.10/site-packages/airflow/example_dags/example_sla_dag.py
[2024-10-04 23:44:01,576] {processor.py:651} INFO - DAG(s) dict_keys(['example_sla_dag']) retrieved from /home/kennedy/.local/lib/python3.10/site-packages/airflow/example_dags/example_sla_dag.py
[2024-10-04 23:44:01,788] {logging_mixin.py:115} INFO - [2024-10-04 23:44:01,788] {dag.py:2379} INFO - Sync 1 DAGs
[2024-10-04 23:44:01,835] {logging_mixin.py:115} INFO - [2024-10-04 23:44:01,835] {dag.py:2927} INFO - Setting next_dagrun for example_sla_dag to 2024-10-05T02:42:00+00:00, run_after=2024-10-05T02:44:00+00:00
[2024-10-04 23:44:01,922] {processor.py:161} INFO - Processing /home/kennedy/.local/lib/python3.10/site-packages/airflow/example_dags/example_sla_dag.py took 0.464 seconds
[2024-10-04 23:45:41,410] {processor.py:153} INFO - Started process (PID=100874) to work on /home/kennedy/.local/lib/python3.10/site-packages/airflow/example_dags/example_sla_dag.py
[2024-10-04 23:45:41,556] {processor.py:641} INFO - Processing file /home/kennedy/.local/lib/python3.10/site-packages/airflow/example_dags/example_sla_dag.py for tasks to queue
[2024-10-04 23:45:41,557] {logging_mixin.py:115} INFO - [2024-10-04 23:45:41,557] {dagbag.py:507} INFO - Filling up the DagBag from /home/kennedy/.local/lib/python3.10/site-packages/airflow/example_dags/example_sla_dag.py
[2024-10-04 23:45:41,607] {processor.py:651} INFO - DAG(s) dict_keys(['example_sla_dag']) retrieved from /home/kennedy/.local/lib/python3.10/site-packages/airflow/example_dags/example_sla_dag.py
[2024-10-04 23:45:41,707] {logging_mixin.py:115} INFO - [2024-10-04 23:45:41,707] {dag.py:2379} INFO - Sync 1 DAGs
[2024-10-04 23:45:41,747] {logging_mixin.py:115} INFO - [2024-10-04 23:45:41,747] {dag.py:2927} INFO - Setting next_dagrun for example_sla_dag to 2024-10-05T02:42:00+00:00, run_after=2024-10-05T02:44:00+00:00
[2024-10-04 23:45:42,789] {processor.py:161} INFO - Processing /home/kennedy/.local/lib/python3.10/site-packages/airflow/example_dags/example_sla_dag.py took 1.387 seconds
[2024-10-04 23:46:50,208] {processor.py:153} INFO - Started process (PID=101172) to work on /home/kennedy/.local/lib/python3.10/site-packages/airflow/example_dags/example_sla_dag.py
[2024-10-04 23:46:50,557] {processor.py:641} INFO - Processing file /home/kennedy/.local/lib/python3.10/site-packages/airflow/example_dags/example_sla_dag.py for tasks to queue
[2024-10-04 23:46:50,558] {logging_mixin.py:115} INFO - [2024-10-04 23:46:50,558] {dagbag.py:507} INFO - Filling up the DagBag from /home/kennedy/.local/lib/python3.10/site-packages/airflow/example_dags/example_sla_dag.py
[2024-10-04 23:46:50,592] {processor.py:651} INFO - DAG(s) dict_keys(['example_sla_dag']) retrieved from /home/kennedy/.local/lib/python3.10/site-packages/airflow/example_dags/example_sla_dag.py
[2024-10-04 23:46:51,340] {logging_mixin.py:115} INFO - [2024-10-04 23:46:51,340] {dag.py:2379} INFO - Sync 1 DAGs
[2024-10-04 23:46:51,371] {logging_mixin.py:115} INFO - [2024-10-04 23:46:51,371] {dag.py:2927} INFO - Setting next_dagrun for example_sla_dag to 2024-10-05T02:44:00+00:00, run_after=2024-10-05T02:46:00+00:00
[2024-10-04 23:46:52,428] {processor.py:161} INFO - Processing /home/kennedy/.local/lib/python3.10/site-packages/airflow/example_dags/example_sla_dag.py took 2.224 seconds
[2024-10-04 23:48:49,176] {processor.py:153} INFO - Started process (PID=102224) to work on /home/kennedy/.local/lib/python3.10/site-packages/airflow/example_dags/example_sla_dag.py
[2024-10-04 23:48:49,408] {processor.py:641} INFO - Processing file /home/kennedy/.local/lib/python3.10/site-packages/airflow/example_dags/example_sla_dag.py for tasks to queue
[2024-10-04 23:48:49,410] {logging_mixin.py:115} INFO - [2024-10-04 23:48:49,409] {dagbag.py:507} INFO - Filling up the DagBag from /home/kennedy/.local/lib/python3.10/site-packages/airflow/example_dags/example_sla_dag.py
[2024-10-04 23:48:49,458] {processor.py:651} INFO - DAG(s) dict_keys(['example_sla_dag']) retrieved from /home/kennedy/.local/lib/python3.10/site-packages/airflow/example_dags/example_sla_dag.py
[2024-10-04 23:48:49,547] {logging_mixin.py:115} INFO - [2024-10-04 23:48:49,547] {dag.py:2379} INFO - Sync 1 DAGs
[2024-10-04 23:48:49,595] {logging_mixin.py:115} INFO - [2024-10-04 23:48:49,594] {dag.py:2927} INFO - Setting next_dagrun for example_sla_dag to 2024-10-05T02:46:00+00:00, run_after=2024-10-05T02:48:00+00:00
[2024-10-04 23:48:49,720] {processor.py:161} INFO - Processing /home/kennedy/.local/lib/python3.10/site-packages/airflow/example_dags/example_sla_dag.py took 0.551 seconds
[2024-10-04 23:49:51,248] {processor.py:153} INFO - Started process (PID=102364) to work on /home/kennedy/.local/lib/python3.10/site-packages/airflow/example_dags/example_sla_dag.py
[2024-10-04 23:49:51,257] {processor.py:641} INFO - Processing file /home/kennedy/.local/lib/python3.10/site-packages/airflow/example_dags/example_sla_dag.py for tasks to queue
[2024-10-04 23:49:51,258] {logging_mixin.py:115} INFO - [2024-10-04 23:49:51,258] {dagbag.py:507} INFO - Filling up the DagBag from /home/kennedy/.local/lib/python3.10/site-packages/airflow/example_dags/example_sla_dag.py
[2024-10-04 23:49:51,306] {processor.py:651} INFO - DAG(s) dict_keys(['example_sla_dag']) retrieved from /home/kennedy/.local/lib/python3.10/site-packages/airflow/example_dags/example_sla_dag.py
[2024-10-04 23:49:51,337] {logging_mixin.py:115} INFO - [2024-10-04 23:49:51,336] {dag.py:2379} INFO - Sync 1 DAGs
[2024-10-04 23:49:51,381] {logging_mixin.py:115} INFO - [2024-10-04 23:49:51,381] {dag.py:2927} INFO - Setting next_dagrun for example_sla_dag to 2024-10-05T02:46:00+00:00, run_after=2024-10-05T02:48:00+00:00
[2024-10-04 23:49:51,637] {processor.py:161} INFO - Processing /home/kennedy/.local/lib/python3.10/site-packages/airflow/example_dags/example_sla_dag.py took 0.396 seconds
[2024-10-04 23:51:00,448] {processor.py:153} INFO - Started process (PID=102653) to work on /home/kennedy/.local/lib/python3.10/site-packages/airflow/example_dags/example_sla_dag.py
[2024-10-04 23:51:00,538] {processor.py:641} INFO - Processing file /home/kennedy/.local/lib/python3.10/site-packages/airflow/example_dags/example_sla_dag.py for tasks to queue
[2024-10-04 23:51:00,539] {logging_mixin.py:115} INFO - [2024-10-04 23:51:00,539] {dagbag.py:507} INFO - Filling up the DagBag from /home/kennedy/.local/lib/python3.10/site-packages/airflow/example_dags/example_sla_dag.py
[2024-10-04 23:51:00,595] {processor.py:651} INFO - DAG(s) dict_keys(['example_sla_dag']) retrieved from /home/kennedy/.local/lib/python3.10/site-packages/airflow/example_dags/example_sla_dag.py
[2024-10-04 23:51:00,630] {logging_mixin.py:115} INFO - [2024-10-04 23:51:00,630] {dag.py:2379} INFO - Sync 1 DAGs
[2024-10-04 23:51:00,683] {logging_mixin.py:115} INFO - [2024-10-04 23:51:00,683] {dag.py:2927} INFO - Setting next_dagrun for example_sla_dag to 2024-10-05T02:48:00+00:00, run_after=2024-10-05T02:50:00+00:00
[2024-10-04 23:51:00,897] {processor.py:161} INFO - Processing /home/kennedy/.local/lib/python3.10/site-packages/airflow/example_dags/example_sla_dag.py took 0.457 seconds
[2024-10-04 23:52:34,591] {processor.py:153} INFO - Started process (PID=102849) to work on /home/kennedy/.local/lib/python3.10/site-packages/airflow/example_dags/example_sla_dag.py
[2024-10-04 23:52:35,277] {processor.py:641} INFO - Processing file /home/kennedy/.local/lib/python3.10/site-packages/airflow/example_dags/example_sla_dag.py for tasks to queue
[2024-10-04 23:52:35,279] {logging_mixin.py:115} INFO - [2024-10-04 23:52:35,278] {dagbag.py:507} INFO - Filling up the DagBag from /home/kennedy/.local/lib/python3.10/site-packages/airflow/example_dags/example_sla_dag.py
[2024-10-04 23:52:35,336] {processor.py:651} INFO - DAG(s) dict_keys(['example_sla_dag']) retrieved from /home/kennedy/.local/lib/python3.10/site-packages/airflow/example_dags/example_sla_dag.py
[2024-10-04 23:52:35,371] {logging_mixin.py:115} INFO - [2024-10-04 23:52:35,371] {dag.py:2379} INFO - Sync 1 DAGs
[2024-10-04 23:52:35,424] {logging_mixin.py:115} INFO - [2024-10-04 23:52:35,424] {dag.py:2927} INFO - Setting next_dagrun for example_sla_dag to 2024-10-05T02:50:00+00:00, run_after=2024-10-05T02:52:00+00:00
[2024-10-04 23:52:35,926] {processor.py:161} INFO - Processing /home/kennedy/.local/lib/python3.10/site-packages/airflow/example_dags/example_sla_dag.py took 1.342 seconds
[2024-10-04 23:54:04,624] {processor.py:153} INFO - Started process (PID=103824) to work on /home/kennedy/.local/lib/python3.10/site-packages/airflow/example_dags/example_sla_dag.py
[2024-10-04 23:54:04,643] {processor.py:641} INFO - Processing file /home/kennedy/.local/lib/python3.10/site-packages/airflow/example_dags/example_sla_dag.py for tasks to queue
[2024-10-04 23:54:04,644] {logging_mixin.py:115} INFO - [2024-10-04 23:54:04,644] {dagbag.py:507} INFO - Filling up the DagBag from /home/kennedy/.local/lib/python3.10/site-packages/airflow/example_dags/example_sla_dag.py
[2024-10-04 23:54:04,736] {processor.py:651} INFO - DAG(s) dict_keys(['example_sla_dag']) retrieved from /home/kennedy/.local/lib/python3.10/site-packages/airflow/example_dags/example_sla_dag.py
[2024-10-04 23:54:04,782] {logging_mixin.py:115} INFO - [2024-10-04 23:54:04,782] {dag.py:2379} INFO - Sync 1 DAGs
[2024-10-04 23:54:04,831] {logging_mixin.py:115} INFO - [2024-10-04 23:54:04,831] {dag.py:2927} INFO - Setting next_dagrun for example_sla_dag to 2024-10-05T02:52:00+00:00, run_after=2024-10-05T02:54:00+00:00
[2024-10-04 23:54:06,723] {processor.py:161} INFO - Processing /home/kennedy/.local/lib/python3.10/site-packages/airflow/example_dags/example_sla_dag.py took 2.108 seconds
[2024-10-04 23:55:55,041] {processor.py:153} INFO - Started process (PID=104204) to work on /home/kennedy/.local/lib/python3.10/site-packages/airflow/example_dags/example_sla_dag.py
[2024-10-04 23:55:55,232] {processor.py:641} INFO - Processing file /home/kennedy/.local/lib/python3.10/site-packages/airflow/example_dags/example_sla_dag.py for tasks to queue
[2024-10-04 23:55:55,233] {logging_mixin.py:115} INFO - [2024-10-04 23:55:55,233] {dagbag.py:507} INFO - Filling up the DagBag from /home/kennedy/.local/lib/python3.10/site-packages/airflow/example_dags/example_sla_dag.py
[2024-10-04 23:55:55,284] {processor.py:651} INFO - DAG(s) dict_keys(['example_sla_dag']) retrieved from /home/kennedy/.local/lib/python3.10/site-packages/airflow/example_dags/example_sla_dag.py
[2024-10-04 23:55:55,319] {logging_mixin.py:115} INFO - [2024-10-04 23:55:55,318] {dag.py:2379} INFO - Sync 1 DAGs
[2024-10-04 23:55:55,368] {logging_mixin.py:115} INFO - [2024-10-04 23:55:55,368] {dag.py:2927} INFO - Setting next_dagrun for example_sla_dag to 2024-10-05T02:52:00+00:00, run_after=2024-10-05T02:54:00+00:00
[2024-10-04 23:55:56,955] {processor.py:161} INFO - Processing /home/kennedy/.local/lib/python3.10/site-packages/airflow/example_dags/example_sla_dag.py took 1.921 seconds
[2024-10-04 23:57:11,601] {processor.py:153} INFO - Started process (PID=105141) to work on /home/kennedy/.local/lib/python3.10/site-packages/airflow/example_dags/example_sla_dag.py
[2024-10-04 23:57:11,615] {processor.py:641} INFO - Processing file /home/kennedy/.local/lib/python3.10/site-packages/airflow/example_dags/example_sla_dag.py for tasks to queue
[2024-10-04 23:57:11,616] {logging_mixin.py:115} INFO - [2024-10-04 23:57:11,615] {dagbag.py:507} INFO - Filling up the DagBag from /home/kennedy/.local/lib/python3.10/site-packages/airflow/example_dags/example_sla_dag.py
[2024-10-04 23:57:11,647] {processor.py:651} INFO - DAG(s) dict_keys(['example_sla_dag']) retrieved from /home/kennedy/.local/lib/python3.10/site-packages/airflow/example_dags/example_sla_dag.py
[2024-10-04 23:57:11,660] {logging_mixin.py:115} INFO - [2024-10-04 23:57:11,660] {dag.py:2379} INFO - Sync 1 DAGs
[2024-10-04 23:57:11,684] {logging_mixin.py:115} INFO - [2024-10-04 23:57:11,684] {dag.py:2927} INFO - Setting next_dagrun for example_sla_dag to 2024-10-05T02:54:00+00:00, run_after=2024-10-05T02:56:00+00:00
[2024-10-04 23:57:11,906] {processor.py:161} INFO - Processing /home/kennedy/.local/lib/python3.10/site-packages/airflow/example_dags/example_sla_dag.py took 0.309 seconds
[2024-10-04 23:59:08,305] {processor.py:153} INFO - Started process (PID=105344) to work on /home/kennedy/.local/lib/python3.10/site-packages/airflow/example_dags/example_sla_dag.py
[2024-10-04 23:59:08,314] {processor.py:641} INFO - Processing file /home/kennedy/.local/lib/python3.10/site-packages/airflow/example_dags/example_sla_dag.py for tasks to queue
[2024-10-04 23:59:08,315] {logging_mixin.py:115} INFO - [2024-10-04 23:59:08,314] {dagbag.py:507} INFO - Filling up the DagBag from /home/kennedy/.local/lib/python3.10/site-packages/airflow/example_dags/example_sla_dag.py
[2024-10-04 23:59:08,366] {processor.py:651} INFO - DAG(s) dict_keys(['example_sla_dag']) retrieved from /home/kennedy/.local/lib/python3.10/site-packages/airflow/example_dags/example_sla_dag.py
[2024-10-04 23:59:08,397] {logging_mixin.py:115} INFO - [2024-10-04 23:59:08,397] {dag.py:2379} INFO - Sync 1 DAGs
[2024-10-04 23:59:08,445] {logging_mixin.py:115} INFO - [2024-10-04 23:59:08,445] {dag.py:2927} INFO - Setting next_dagrun for example_sla_dag to 2024-10-05T02:56:00+00:00, run_after=2024-10-05T02:58:00+00:00
[2024-10-04 23:59:09,745] {processor.py:161} INFO - Processing /home/kennedy/.local/lib/python3.10/site-packages/airflow/example_dags/example_sla_dag.py took 1.447 seconds
[2024-10-05 00:00:55,506] {processor.py:153} INFO - Started process (PID=105628) to work on /home/kennedy/.local/lib/python3.10/site-packages/airflow/example_dags/example_sla_dag.py
[2024-10-05 00:00:55,530] {processor.py:641} INFO - Processing file /home/kennedy/.local/lib/python3.10/site-packages/airflow/example_dags/example_sla_dag.py for tasks to queue
[2024-10-05 00:00:55,531] {logging_mixin.py:115} INFO - [2024-10-05 00:00:55,531] {dagbag.py:507} INFO - Filling up the DagBag from /home/kennedy/.local/lib/python3.10/site-packages/airflow/example_dags/example_sla_dag.py
[2024-10-05 00:00:55,585] {processor.py:651} INFO - DAG(s) dict_keys(['example_sla_dag']) retrieved from /home/kennedy/.local/lib/python3.10/site-packages/airflow/example_dags/example_sla_dag.py
[2024-10-05 00:00:55,616] {logging_mixin.py:115} INFO - [2024-10-05 00:00:55,616] {dag.py:2379} INFO - Sync 1 DAGs
[2024-10-05 00:00:55,660] {logging_mixin.py:115} INFO - [2024-10-05 00:00:55,660] {dag.py:2927} INFO - Setting next_dagrun for example_sla_dag to 2024-10-05T02:58:00+00:00, run_after=2024-10-05T03:00:00+00:00
[2024-10-05 00:00:56,150] {processor.py:161} INFO - Processing /home/kennedy/.local/lib/python3.10/site-packages/airflow/example_dags/example_sla_dag.py took 0.651 seconds
[2024-10-05 00:02:13,860] {processor.py:153} INFO - Started process (PID=105925) to work on /home/kennedy/.local/lib/python3.10/site-packages/airflow/example_dags/example_sla_dag.py
[2024-10-05 00:02:13,865] {processor.py:641} INFO - Processing file /home/kennedy/.local/lib/python3.10/site-packages/airflow/example_dags/example_sla_dag.py for tasks to queue
[2024-10-05 00:02:13,866] {logging_mixin.py:115} INFO - [2024-10-05 00:02:13,866] {dagbag.py:507} INFO - Filling up the DagBag from /home/kennedy/.local/lib/python3.10/site-packages/airflow/example_dags/example_sla_dag.py
[2024-10-05 00:02:13,921] {processor.py:651} INFO - DAG(s) dict_keys(['example_sla_dag']) retrieved from /home/kennedy/.local/lib/python3.10/site-packages/airflow/example_dags/example_sla_dag.py
[2024-10-05 00:02:13,954] {logging_mixin.py:115} INFO - [2024-10-05 00:02:13,954] {dag.py:2379} INFO - Sync 1 DAGs
[2024-10-05 00:02:14,005] {logging_mixin.py:115} INFO - [2024-10-05 00:02:14,005] {dag.py:2927} INFO - Setting next_dagrun for example_sla_dag to 2024-10-05T03:00:00+00:00, run_after=2024-10-05T03:02:00+00:00
[2024-10-05 00:02:14,092] {processor.py:161} INFO - Processing /home/kennedy/.local/lib/python3.10/site-packages/airflow/example_dags/example_sla_dag.py took 0.239 seconds
