[2024-10-04 23:33:17,208] {processor.py:153} INFO - Started process (PID=97038) to work on /home/kennedy/.local/lib/python3.10/site-packages/airflow/example_dags/example_nested_branch_dag.py
[2024-10-04 23:33:17,209] {processor.py:641} INFO - Processing file /home/kennedy/.local/lib/python3.10/site-packages/airflow/example_dags/example_nested_branch_dag.py for tasks to queue
[2024-10-04 23:33:17,210] {logging_mixin.py:115} INFO - [2024-10-04 23:33:17,210] {dagbag.py:507} INFO - Filling up the DagBag from /home/kennedy/.local/lib/python3.10/site-packages/airflow/example_dags/example_nested_branch_dag.py
[2024-10-04 23:33:17,240] {processor.py:651} INFO - DAG(s) dict_keys(['example_nested_branch_dag']) retrieved from /home/kennedy/.local/lib/python3.10/site-packages/airflow/example_dags/example_nested_branch_dag.py
[2024-10-04 23:33:18,612] {logging_mixin.py:115} INFO - [2024-10-04 23:33:18,612] {manager.py:508} INFO - Created Permission View: can edit on DAG:example_nested_branch_dag
[2024-10-04 23:33:18,758] {logging_mixin.py:115} INFO - [2024-10-04 23:33:18,758] {manager.py:508} INFO - Created Permission View: can delete on DAG:example_nested_branch_dag
[2024-10-04 23:33:18,923] {logging_mixin.py:115} INFO - [2024-10-04 23:33:18,922] {manager.py:508} INFO - Created Permission View: can read on DAG:example_nested_branch_dag
[2024-10-04 23:33:18,923] {logging_mixin.py:115} INFO - [2024-10-04 23:33:18,923] {dag.py:2379} INFO - Sync 1 DAGs
[2024-10-04 23:33:18,940] {logging_mixin.py:115} INFO - [2024-10-04 23:33:18,940] {dag.py:2398} INFO - Creating ORM DAG for example_nested_branch_dag
[2024-10-04 23:33:18,966] {logging_mixin.py:115} INFO - [2024-10-04 23:33:18,966] {dag.py:2927} INFO - Setting next_dagrun for example_nested_branch_dag to 2024-10-04T00:00:00+00:00, run_after=2024-10-05T00:00:00+00:00
[2024-10-04 23:33:19,207] {processor.py:161} INFO - Processing /home/kennedy/.local/lib/python3.10/site-packages/airflow/example_dags/example_nested_branch_dag.py took 2.006 seconds
[2024-10-04 23:34:23,608] {processor.py:153} INFO - Started process (PID=97082) to work on /home/kennedy/.local/lib/python3.10/site-packages/airflow/example_dags/example_nested_branch_dag.py
[2024-10-04 23:34:23,627] {processor.py:641} INFO - Processing file /home/kennedy/.local/lib/python3.10/site-packages/airflow/example_dags/example_nested_branch_dag.py for tasks to queue
[2024-10-04 23:34:23,629] {logging_mixin.py:115} INFO - [2024-10-04 23:34:23,628] {dagbag.py:507} INFO - Filling up the DagBag from /home/kennedy/.local/lib/python3.10/site-packages/airflow/example_dags/example_nested_branch_dag.py
[2024-10-04 23:34:23,659] {processor.py:651} INFO - DAG(s) dict_keys(['example_nested_branch_dag']) retrieved from /home/kennedy/.local/lib/python3.10/site-packages/airflow/example_dags/example_nested_branch_dag.py
[2024-10-04 23:34:23,755] {logging_mixin.py:115} INFO - [2024-10-04 23:34:23,755] {dag.py:2379} INFO - Sync 1 DAGs
[2024-10-04 23:34:23,797] {logging_mixin.py:115} INFO - [2024-10-04 23:34:23,797] {dag.py:2927} INFO - Setting next_dagrun for example_nested_branch_dag to 2024-10-04T00:00:00+00:00, run_after=2024-10-05T00:00:00+00:00
[2024-10-04 23:34:23,922] {processor.py:161} INFO - Processing /home/kennedy/.local/lib/python3.10/site-packages/airflow/example_dags/example_nested_branch_dag.py took 0.320 seconds
[2024-10-04 23:35:22,397] {processor.py:153} INFO - Started process (PID=97127) to work on /home/kennedy/.local/lib/python3.10/site-packages/airflow/example_dags/example_nested_branch_dag.py
[2024-10-04 23:35:22,400] {processor.py:641} INFO - Processing file /home/kennedy/.local/lib/python3.10/site-packages/airflow/example_dags/example_nested_branch_dag.py for tasks to queue
[2024-10-04 23:35:22,401] {logging_mixin.py:115} INFO - [2024-10-04 23:35:22,401] {dagbag.py:507} INFO - Filling up the DagBag from /home/kennedy/.local/lib/python3.10/site-packages/airflow/example_dags/example_nested_branch_dag.py
[2024-10-04 23:35:22,424] {processor.py:651} INFO - DAG(s) dict_keys(['example_nested_branch_dag']) retrieved from /home/kennedy/.local/lib/python3.10/site-packages/airflow/example_dags/example_nested_branch_dag.py
[2024-10-04 23:35:22,467] {logging_mixin.py:115} INFO - [2024-10-04 23:35:22,467] {dag.py:2379} INFO - Sync 1 DAGs
[2024-10-04 23:35:22,509] {logging_mixin.py:115} INFO - [2024-10-04 23:35:22,509] {dag.py:2927} INFO - Setting next_dagrun for example_nested_branch_dag to 2024-10-04T00:00:00+00:00, run_after=2024-10-05T00:00:00+00:00
[2024-10-04 23:35:22,670] {processor.py:161} INFO - Processing /home/kennedy/.local/lib/python3.10/site-packages/airflow/example_dags/example_nested_branch_dag.py took 0.280 seconds
[2024-10-04 23:36:59,589] {processor.py:153} INFO - Started process (PID=98312) to work on /home/kennedy/.local/lib/python3.10/site-packages/airflow/example_dags/example_nested_branch_dag.py
[2024-10-04 23:37:00,316] {processor.py:641} INFO - Processing file /home/kennedy/.local/lib/python3.10/site-packages/airflow/example_dags/example_nested_branch_dag.py for tasks to queue
[2024-10-04 23:37:00,317] {logging_mixin.py:115} INFO - [2024-10-04 23:37:00,317] {dagbag.py:507} INFO - Filling up the DagBag from /home/kennedy/.local/lib/python3.10/site-packages/airflow/example_dags/example_nested_branch_dag.py
[2024-10-04 23:37:00,341] {processor.py:651} INFO - DAG(s) dict_keys(['example_nested_branch_dag']) retrieved from /home/kennedy/.local/lib/python3.10/site-packages/airflow/example_dags/example_nested_branch_dag.py
[2024-10-04 23:37:00,448] {logging_mixin.py:115} INFO - [2024-10-04 23:37:00,448] {dag.py:2379} INFO - Sync 1 DAGs
[2024-10-04 23:37:00,482] {logging_mixin.py:115} INFO - [2024-10-04 23:37:00,482] {dag.py:2927} INFO - Setting next_dagrun for example_nested_branch_dag to 2024-10-04T00:00:00+00:00, run_after=2024-10-05T00:00:00+00:00
[2024-10-04 23:37:00,838] {processor.py:161} INFO - Processing /home/kennedy/.local/lib/python3.10/site-packages/airflow/example_dags/example_nested_branch_dag.py took 1.255 seconds
[2024-10-04 23:38:51,267] {processor.py:153} INFO - Started process (PID=99165) to work on /home/kennedy/.local/lib/python3.10/site-packages/airflow/example_dags/example_nested_branch_dag.py
[2024-10-04 23:38:51,273] {processor.py:641} INFO - Processing file /home/kennedy/.local/lib/python3.10/site-packages/airflow/example_dags/example_nested_branch_dag.py for tasks to queue
[2024-10-04 23:38:51,275] {logging_mixin.py:115} INFO - [2024-10-04 23:38:51,275] {dagbag.py:507} INFO - Filling up the DagBag from /home/kennedy/.local/lib/python3.10/site-packages/airflow/example_dags/example_nested_branch_dag.py
[2024-10-04 23:38:51,289] {processor.py:651} INFO - DAG(s) dict_keys(['example_nested_branch_dag']) retrieved from /home/kennedy/.local/lib/python3.10/site-packages/airflow/example_dags/example_nested_branch_dag.py
[2024-10-04 23:38:51,340] {logging_mixin.py:115} INFO - [2024-10-04 23:38:51,339] {dag.py:2379} INFO - Sync 1 DAGs
[2024-10-04 23:38:51,355] {logging_mixin.py:115} INFO - [2024-10-04 23:38:51,355] {dag.py:2927} INFO - Setting next_dagrun for example_nested_branch_dag to 2024-10-04T00:00:00+00:00, run_after=2024-10-05T00:00:00+00:00
[2024-10-04 23:38:53,412] {processor.py:161} INFO - Processing /home/kennedy/.local/lib/python3.10/site-packages/airflow/example_dags/example_nested_branch_dag.py took 2.148 seconds
[2024-10-04 23:39:43,493] {processor.py:153} INFO - Started process (PID=99209) to work on /home/kennedy/KR/Programação/01.Exercícios/DE/Movies/venv/lib/python3.10/site-packages/airflow/example_dags/example_nested_branch_dag.py
[2024-10-04 23:39:43,564] {processor.py:641} INFO - Processing file /home/kennedy/KR/Programação/01.Exercícios/DE/Movies/venv/lib/python3.10/site-packages/airflow/example_dags/example_nested_branch_dag.py for tasks to queue
[2024-10-04 23:39:43,565] {logging_mixin.py:115} INFO - [2024-10-04 23:39:43,565] {dagbag.py:507} INFO - Filling up the DagBag from /home/kennedy/KR/Programação/01.Exercícios/DE/Movies/venv/lib/python3.10/site-packages/airflow/example_dags/example_nested_branch_dag.py
[2024-10-04 23:39:43,590] {processor.py:651} INFO - DAG(s) dict_keys(['example_nested_branch_dag']) retrieved from /home/kennedy/KR/Programação/01.Exercícios/DE/Movies/venv/lib/python3.10/site-packages/airflow/example_dags/example_nested_branch_dag.py
[2024-10-04 23:39:43,741] {logging_mixin.py:115} INFO - [2024-10-04 23:39:43,740] {dag.py:2379} INFO - Sync 1 DAGs
[2024-10-04 23:39:44,315] {logging_mixin.py:115} INFO - [2024-10-04 23:39:44,315] {dag.py:2927} INFO - Setting next_dagrun for example_nested_branch_dag to 2024-10-04T00:00:00+00:00, run_after=2024-10-05T00:00:00+00:00
[2024-10-04 23:39:44,484] {processor.py:161} INFO - Processing /home/kennedy/KR/Programação/01.Exercícios/DE/Movies/venv/lib/python3.10/site-packages/airflow/example_dags/example_nested_branch_dag.py took 1.000 seconds
[2024-10-04 23:40:42,577] {processor.py:153} INFO - Started process (PID=99365) to work on /home/kennedy/.local/lib/python3.10/site-packages/airflow/example_dags/example_nested_branch_dag.py
[2024-10-04 23:40:42,579] {processor.py:641} INFO - Processing file /home/kennedy/.local/lib/python3.10/site-packages/airflow/example_dags/example_nested_branch_dag.py for tasks to queue
[2024-10-04 23:40:42,580] {logging_mixin.py:115} INFO - [2024-10-04 23:40:42,580] {dagbag.py:507} INFO - Filling up the DagBag from /home/kennedy/.local/lib/python3.10/site-packages/airflow/example_dags/example_nested_branch_dag.py
[2024-10-04 23:40:42,603] {processor.py:651} INFO - DAG(s) dict_keys(['example_nested_branch_dag']) retrieved from /home/kennedy/.local/lib/python3.10/site-packages/airflow/example_dags/example_nested_branch_dag.py
[2024-10-04 23:40:42,707] {logging_mixin.py:115} INFO - [2024-10-04 23:40:42,706] {dag.py:2379} INFO - Sync 1 DAGs
[2024-10-04 23:40:42,741] {logging_mixin.py:115} INFO - [2024-10-04 23:40:42,741] {dag.py:2927} INFO - Setting next_dagrun for example_nested_branch_dag to 2024-10-04T00:00:00+00:00, run_after=2024-10-05T00:00:00+00:00
[2024-10-04 23:40:43,273] {processor.py:161} INFO - Processing /home/kennedy/.local/lib/python3.10/site-packages/airflow/example_dags/example_nested_branch_dag.py took 0.703 seconds
[2024-10-04 23:42:04,870] {processor.py:153} INFO - Started process (PID=99639) to work on /home/kennedy/.local/lib/python3.10/site-packages/airflow/example_dags/example_nested_branch_dag.py
[2024-10-04 23:42:04,938] {processor.py:641} INFO - Processing file /home/kennedy/.local/lib/python3.10/site-packages/airflow/example_dags/example_nested_branch_dag.py for tasks to queue
[2024-10-04 23:42:04,939] {logging_mixin.py:115} INFO - [2024-10-04 23:42:04,939] {dagbag.py:507} INFO - Filling up the DagBag from /home/kennedy/.local/lib/python3.10/site-packages/airflow/example_dags/example_nested_branch_dag.py
[2024-10-04 23:42:04,964] {processor.py:651} INFO - DAG(s) dict_keys(['example_nested_branch_dag']) retrieved from /home/kennedy/.local/lib/python3.10/site-packages/airflow/example_dags/example_nested_branch_dag.py
[2024-10-04 23:42:05,003] {logging_mixin.py:115} INFO - [2024-10-04 23:42:05,003] {dag.py:2379} INFO - Sync 1 DAGs
[2024-10-04 23:42:05,043] {logging_mixin.py:115} INFO - [2024-10-04 23:42:05,042] {dag.py:2927} INFO - Setting next_dagrun for example_nested_branch_dag to 2024-10-04T00:00:00+00:00, run_after=2024-10-05T00:00:00+00:00
[2024-10-04 23:42:06,632] {processor.py:161} INFO - Processing /home/kennedy/.local/lib/python3.10/site-packages/airflow/example_dags/example_nested_branch_dag.py took 1.765 seconds
[2024-10-04 23:43:05,150] {processor.py:153} INFO - Started process (PID=99790) to work on /home/kennedy/.local/lib/python3.10/site-packages/airflow/example_dags/example_nested_branch_dag.py
[2024-10-04 23:43:05,177] {processor.py:641} INFO - Processing file /home/kennedy/.local/lib/python3.10/site-packages/airflow/example_dags/example_nested_branch_dag.py for tasks to queue
[2024-10-04 23:43:05,178] {logging_mixin.py:115} INFO - [2024-10-04 23:43:05,178] {dagbag.py:507} INFO - Filling up the DagBag from /home/kennedy/.local/lib/python3.10/site-packages/airflow/example_dags/example_nested_branch_dag.py
[2024-10-04 23:43:05,203] {processor.py:651} INFO - DAG(s) dict_keys(['example_nested_branch_dag']) retrieved from /home/kennedy/.local/lib/python3.10/site-packages/airflow/example_dags/example_nested_branch_dag.py
[2024-10-04 23:43:05,244] {logging_mixin.py:115} INFO - [2024-10-04 23:43:05,243] {dag.py:2379} INFO - Sync 1 DAGs
[2024-10-04 23:43:05,284] {logging_mixin.py:115} INFO - [2024-10-04 23:43:05,284] {dag.py:2927} INFO - Setting next_dagrun for example_nested_branch_dag to 2024-10-04T00:00:00+00:00, run_after=2024-10-05T00:00:00+00:00
[2024-10-04 23:43:05,422] {processor.py:161} INFO - Processing /home/kennedy/.local/lib/python3.10/site-packages/airflow/example_dags/example_nested_branch_dag.py took 0.280 seconds
[2024-10-04 23:44:01,410] {processor.py:153} INFO - Started process (PID=99854) to work on /home/kennedy/.local/lib/python3.10/site-packages/airflow/example_dags/example_nested_branch_dag.py
[2024-10-04 23:44:01,454] {processor.py:641} INFO - Processing file /home/kennedy/.local/lib/python3.10/site-packages/airflow/example_dags/example_nested_branch_dag.py for tasks to queue
[2024-10-04 23:44:01,456] {logging_mixin.py:115} INFO - [2024-10-04 23:44:01,455] {dagbag.py:507} INFO - Filling up the DagBag from /home/kennedy/.local/lib/python3.10/site-packages/airflow/example_dags/example_nested_branch_dag.py
[2024-10-04 23:44:01,481] {processor.py:651} INFO - DAG(s) dict_keys(['example_nested_branch_dag']) retrieved from /home/kennedy/.local/lib/python3.10/site-packages/airflow/example_dags/example_nested_branch_dag.py
[2024-10-04 23:44:01,521] {logging_mixin.py:115} INFO - [2024-10-04 23:44:01,521] {dag.py:2379} INFO - Sync 1 DAGs
[2024-10-04 23:44:01,563] {logging_mixin.py:115} INFO - [2024-10-04 23:44:01,563] {dag.py:2927} INFO - Setting next_dagrun for example_nested_branch_dag to 2024-10-04T00:00:00+00:00, run_after=2024-10-05T00:00:00+00:00
[2024-10-04 23:44:01,755] {processor.py:161} INFO - Processing /home/kennedy/.local/lib/python3.10/site-packages/airflow/example_dags/example_nested_branch_dag.py took 0.352 seconds
[2024-10-04 23:45:49,437] {processor.py:153} INFO - Started process (PID=100890) to work on /home/kennedy/.local/lib/python3.10/site-packages/airflow/example_dags/example_nested_branch_dag.py
[2024-10-04 23:45:49,826] {processor.py:641} INFO - Processing file /home/kennedy/.local/lib/python3.10/site-packages/airflow/example_dags/example_nested_branch_dag.py for tasks to queue
[2024-10-04 23:45:49,827] {logging_mixin.py:115} INFO - [2024-10-04 23:45:49,827] {dagbag.py:507} INFO - Filling up the DagBag from /home/kennedy/.local/lib/python3.10/site-packages/airflow/example_dags/example_nested_branch_dag.py
[2024-10-04 23:45:49,853] {processor.py:651} INFO - DAG(s) dict_keys(['example_nested_branch_dag']) retrieved from /home/kennedy/.local/lib/python3.10/site-packages/airflow/example_dags/example_nested_branch_dag.py
[2024-10-04 23:45:49,963] {logging_mixin.py:115} INFO - [2024-10-04 23:45:49,963] {dag.py:2379} INFO - Sync 1 DAGs
[2024-10-04 23:45:50,015] {logging_mixin.py:115} INFO - [2024-10-04 23:45:50,015] {dag.py:2927} INFO - Setting next_dagrun for example_nested_branch_dag to 2024-10-04T00:00:00+00:00, run_after=2024-10-05T00:00:00+00:00
[2024-10-04 23:45:51,474] {processor.py:161} INFO - Processing /home/kennedy/.local/lib/python3.10/site-packages/airflow/example_dags/example_nested_branch_dag.py took 2.048 seconds
[2024-10-04 23:47:50,881] {processor.py:153} INFO - Started process (PID=101437) to work on /home/kennedy/.local/lib/python3.10/site-packages/airflow/example_dags/example_nested_branch_dag.py
[2024-10-04 23:47:51,375] {processor.py:641} INFO - Processing file /home/kennedy/.local/lib/python3.10/site-packages/airflow/example_dags/example_nested_branch_dag.py for tasks to queue
[2024-10-04 23:47:51,376] {logging_mixin.py:115} INFO - [2024-10-04 23:47:51,376] {dagbag.py:507} INFO - Filling up the DagBag from /home/kennedy/.local/lib/python3.10/site-packages/airflow/example_dags/example_nested_branch_dag.py
[2024-10-04 23:47:51,405] {processor.py:651} INFO - DAG(s) dict_keys(['example_nested_branch_dag']) retrieved from /home/kennedy/.local/lib/python3.10/site-packages/airflow/example_dags/example_nested_branch_dag.py
[2024-10-04 23:47:51,438] {logging_mixin.py:115} INFO - [2024-10-04 23:47:51,437] {dag.py:2379} INFO - Sync 1 DAGs
[2024-10-04 23:47:51,483] {logging_mixin.py:115} INFO - [2024-10-04 23:47:51,483] {dag.py:2927} INFO - Setting next_dagrun for example_nested_branch_dag to 2024-10-04T00:00:00+00:00, run_after=2024-10-05T00:00:00+00:00
[2024-10-04 23:47:52,257] {processor.py:161} INFO - Processing /home/kennedy/.local/lib/python3.10/site-packages/airflow/example_dags/example_nested_branch_dag.py took 1.382 seconds
[2024-10-04 23:50:06,853] {processor.py:153} INFO - Started process (PID=102383) to work on /home/kennedy/.local/lib/python3.10/site-packages/airflow/example_dags/example_nested_branch_dag.py
[2024-10-04 23:50:06,862] {processor.py:641} INFO - Processing file /home/kennedy/.local/lib/python3.10/site-packages/airflow/example_dags/example_nested_branch_dag.py for tasks to queue
[2024-10-04 23:50:06,863] {logging_mixin.py:115} INFO - [2024-10-04 23:50:06,863] {dagbag.py:507} INFO - Filling up the DagBag from /home/kennedy/.local/lib/python3.10/site-packages/airflow/example_dags/example_nested_branch_dag.py
[2024-10-04 23:50:06,894] {processor.py:651} INFO - DAG(s) dict_keys(['example_nested_branch_dag']) retrieved from /home/kennedy/.local/lib/python3.10/site-packages/airflow/example_dags/example_nested_branch_dag.py
[2024-10-04 23:50:06,994] {logging_mixin.py:115} INFO - [2024-10-04 23:50:06,994] {dag.py:2379} INFO - Sync 1 DAGs
[2024-10-04 23:50:07,032] {logging_mixin.py:115} INFO - [2024-10-04 23:50:07,031] {dag.py:2927} INFO - Setting next_dagrun for example_nested_branch_dag to 2024-10-04T00:00:00+00:00, run_after=2024-10-05T00:00:00+00:00
[2024-10-04 23:50:08,483] {processor.py:161} INFO - Processing /home/kennedy/.local/lib/python3.10/site-packages/airflow/example_dags/example_nested_branch_dag.py took 1.638 seconds
[2024-10-04 23:51:57,107] {processor.py:153} INFO - Started process (PID=102767) to work on /home/kennedy/.local/lib/python3.10/site-packages/airflow/example_dags/example_nested_branch_dag.py
[2024-10-04 23:51:57,120] {processor.py:641} INFO - Processing file /home/kennedy/.local/lib/python3.10/site-packages/airflow/example_dags/example_nested_branch_dag.py for tasks to queue
[2024-10-04 23:51:57,121] {logging_mixin.py:115} INFO - [2024-10-04 23:51:57,121] {dagbag.py:507} INFO - Filling up the DagBag from /home/kennedy/.local/lib/python3.10/site-packages/airflow/example_dags/example_nested_branch_dag.py
[2024-10-04 23:51:57,146] {processor.py:651} INFO - DAG(s) dict_keys(['example_nested_branch_dag']) retrieved from /home/kennedy/.local/lib/python3.10/site-packages/airflow/example_dags/example_nested_branch_dag.py
[2024-10-04 23:51:57,176] {logging_mixin.py:115} INFO - [2024-10-04 23:51:57,176] {dag.py:2379} INFO - Sync 1 DAGs
[2024-10-04 23:51:57,211] {logging_mixin.py:115} INFO - [2024-10-04 23:51:57,211] {dag.py:2927} INFO - Setting next_dagrun for example_nested_branch_dag to 2024-10-04T00:00:00+00:00, run_after=2024-10-05T00:00:00+00:00
[2024-10-04 23:51:57,982] {processor.py:161} INFO - Processing /home/kennedy/.local/lib/python3.10/site-packages/airflow/example_dags/example_nested_branch_dag.py took 0.881 seconds
[2024-10-04 23:53:24,472] {processor.py:153} INFO - Started process (PID=103115) to work on /home/kennedy/.local/lib/python3.10/site-packages/airflow/example_dags/example_nested_branch_dag.py
[2024-10-04 23:53:24,487] {processor.py:641} INFO - Processing file /home/kennedy/.local/lib/python3.10/site-packages/airflow/example_dags/example_nested_branch_dag.py for tasks to queue
[2024-10-04 23:53:24,488] {logging_mixin.py:115} INFO - [2024-10-04 23:53:24,488] {dagbag.py:507} INFO - Filling up the DagBag from /home/kennedy/.local/lib/python3.10/site-packages/airflow/example_dags/example_nested_branch_dag.py
[2024-10-04 23:53:24,518] {processor.py:651} INFO - DAG(s) dict_keys(['example_nested_branch_dag']) retrieved from /home/kennedy/.local/lib/python3.10/site-packages/airflow/example_dags/example_nested_branch_dag.py
[2024-10-04 23:53:24,553] {logging_mixin.py:115} INFO - [2024-10-04 23:53:24,552] {dag.py:2379} INFO - Sync 1 DAGs
[2024-10-04 23:53:24,594] {logging_mixin.py:115} INFO - [2024-10-04 23:53:24,594] {dag.py:2927} INFO - Setting next_dagrun for example_nested_branch_dag to 2024-10-04T00:00:00+00:00, run_after=2024-10-05T00:00:00+00:00
[2024-10-04 23:53:24,919] {processor.py:161} INFO - Processing /home/kennedy/.local/lib/python3.10/site-packages/airflow/example_dags/example_nested_branch_dag.py took 0.453 seconds
[2024-10-04 23:55:16,713] {processor.py:153} INFO - Started process (PID=103940) to work on /home/kennedy/.local/lib/python3.10/site-packages/airflow/example_dags/example_nested_branch_dag.py
[2024-10-04 23:55:16,959] {processor.py:641} INFO - Processing file /home/kennedy/.local/lib/python3.10/site-packages/airflow/example_dags/example_nested_branch_dag.py for tasks to queue
[2024-10-04 23:55:16,960] {logging_mixin.py:115} INFO - [2024-10-04 23:55:16,960] {dagbag.py:507} INFO - Filling up the DagBag from /home/kennedy/.local/lib/python3.10/site-packages/airflow/example_dags/example_nested_branch_dag.py
[2024-10-04 23:55:16,990] {processor.py:651} INFO - DAG(s) dict_keys(['example_nested_branch_dag']) retrieved from /home/kennedy/.local/lib/python3.10/site-packages/airflow/example_dags/example_nested_branch_dag.py
[2024-10-04 23:55:17,024] {logging_mixin.py:115} INFO - [2024-10-04 23:55:17,023] {dag.py:2379} INFO - Sync 1 DAGs
[2024-10-04 23:55:17,071] {logging_mixin.py:115} INFO - [2024-10-04 23:55:17,071] {dag.py:2927} INFO - Setting next_dagrun for example_nested_branch_dag to 2024-10-04T00:00:00+00:00, run_after=2024-10-05T00:00:00+00:00
[2024-10-04 23:55:17,633] {processor.py:161} INFO - Processing /home/kennedy/.local/lib/python3.10/site-packages/airflow/example_dags/example_nested_branch_dag.py took 0.927 seconds
[2024-10-04 23:57:21,996] {processor.py:153} INFO - Started process (PID=105156) to work on /home/kennedy/.local/lib/python3.10/site-packages/airflow/example_dags/example_nested_branch_dag.py
[2024-10-04 23:57:22,018] {processor.py:641} INFO - Processing file /home/kennedy/.local/lib/python3.10/site-packages/airflow/example_dags/example_nested_branch_dag.py for tasks to queue
[2024-10-04 23:57:22,019] {logging_mixin.py:115} INFO - [2024-10-04 23:57:22,019] {dagbag.py:507} INFO - Filling up the DagBag from /home/kennedy/.local/lib/python3.10/site-packages/airflow/example_dags/example_nested_branch_dag.py
[2024-10-04 23:57:22,065] {processor.py:651} INFO - DAG(s) dict_keys(['example_nested_branch_dag']) retrieved from /home/kennedy/.local/lib/python3.10/site-packages/airflow/example_dags/example_nested_branch_dag.py
[2024-10-04 23:57:22,106] {logging_mixin.py:115} INFO - [2024-10-04 23:57:22,106] {dag.py:2379} INFO - Sync 1 DAGs
[2024-10-04 23:57:22,159] {logging_mixin.py:115} INFO - [2024-10-04 23:57:22,159] {dag.py:2927} INFO - Setting next_dagrun for example_nested_branch_dag to 2024-10-04T00:00:00+00:00, run_after=2024-10-05T00:00:00+00:00
[2024-10-04 23:57:22,431] {processor.py:161} INFO - Processing /home/kennedy/.local/lib/python3.10/site-packages/airflow/example_dags/example_nested_branch_dag.py took 0.445 seconds
[2024-10-04 23:59:20,480] {processor.py:153} INFO - Started process (PID=105404) to work on /home/kennedy/.local/lib/python3.10/site-packages/airflow/example_dags/example_nested_branch_dag.py
[2024-10-04 23:59:20,492] {processor.py:641} INFO - Processing file /home/kennedy/.local/lib/python3.10/site-packages/airflow/example_dags/example_nested_branch_dag.py for tasks to queue
[2024-10-04 23:59:20,493] {logging_mixin.py:115} INFO - [2024-10-04 23:59:20,493] {dagbag.py:507} INFO - Filling up the DagBag from /home/kennedy/.local/lib/python3.10/site-packages/airflow/example_dags/example_nested_branch_dag.py
[2024-10-04 23:59:20,524] {processor.py:651} INFO - DAG(s) dict_keys(['example_nested_branch_dag']) retrieved from /home/kennedy/.local/lib/python3.10/site-packages/airflow/example_dags/example_nested_branch_dag.py
[2024-10-04 23:59:20,557] {logging_mixin.py:115} INFO - [2024-10-04 23:59:20,557] {dag.py:2379} INFO - Sync 1 DAGs
[2024-10-04 23:59:20,596] {logging_mixin.py:115} INFO - [2024-10-04 23:59:20,596] {dag.py:2927} INFO - Setting next_dagrun for example_nested_branch_dag to 2024-10-04T00:00:00+00:00, run_after=2024-10-05T00:00:00+00:00
[2024-10-04 23:59:20,724] {processor.py:161} INFO - Processing /home/kennedy/.local/lib/python3.10/site-packages/airflow/example_dags/example_nested_branch_dag.py took 0.251 seconds
[2024-10-05 00:01:03,483] {processor.py:153} INFO - Started process (PID=105633) to work on /home/kennedy/.local/lib/python3.10/site-packages/airflow/example_dags/example_nested_branch_dag.py
[2024-10-05 00:01:03,580] {processor.py:641} INFO - Processing file /home/kennedy/.local/lib/python3.10/site-packages/airflow/example_dags/example_nested_branch_dag.py for tasks to queue
[2024-10-05 00:01:03,582] {logging_mixin.py:115} INFO - [2024-10-05 00:01:03,581] {dagbag.py:507} INFO - Filling up the DagBag from /home/kennedy/.local/lib/python3.10/site-packages/airflow/example_dags/example_nested_branch_dag.py
[2024-10-05 00:01:03,613] {processor.py:651} INFO - DAG(s) dict_keys(['example_nested_branch_dag']) retrieved from /home/kennedy/.local/lib/python3.10/site-packages/airflow/example_dags/example_nested_branch_dag.py
[2024-10-05 00:01:03,645] {logging_mixin.py:115} INFO - [2024-10-05 00:01:03,645] {dag.py:2379} INFO - Sync 1 DAGs
[2024-10-05 00:01:03,685] {logging_mixin.py:115} INFO - [2024-10-05 00:01:03,685] {dag.py:2927} INFO - Setting next_dagrun for example_nested_branch_dag to 2024-10-04T00:00:00+00:00, run_after=2024-10-05T00:00:00+00:00
[2024-10-05 00:01:05,361] {processor.py:161} INFO - Processing /home/kennedy/.local/lib/python3.10/site-packages/airflow/example_dags/example_nested_branch_dag.py took 1.884 seconds
[2024-10-05 00:02:25,273] {processor.py:153} INFO - Started process (PID=105957) to work on /home/kennedy/.local/lib/python3.10/site-packages/airflow/example_dags/example_nested_branch_dag.py
[2024-10-05 00:02:25,359] {processor.py:641} INFO - Processing file /home/kennedy/.local/lib/python3.10/site-packages/airflow/example_dags/example_nested_branch_dag.py for tasks to queue
[2024-10-05 00:02:25,360] {logging_mixin.py:115} INFO - [2024-10-05 00:02:25,360] {dagbag.py:507} INFO - Filling up the DagBag from /home/kennedy/.local/lib/python3.10/site-packages/airflow/example_dags/example_nested_branch_dag.py
[2024-10-05 00:02:25,392] {processor.py:651} INFO - DAG(s) dict_keys(['example_nested_branch_dag']) retrieved from /home/kennedy/.local/lib/python3.10/site-packages/airflow/example_dags/example_nested_branch_dag.py
[2024-10-05 00:02:25,425] {logging_mixin.py:115} INFO - [2024-10-05 00:02:25,425] {dag.py:2379} INFO - Sync 1 DAGs
[2024-10-05 00:02:25,471] {logging_mixin.py:115} INFO - [2024-10-05 00:02:25,471] {dag.py:2927} INFO - Setting next_dagrun for example_nested_branch_dag to 2024-10-04T00:00:00+00:00, run_after=2024-10-05T00:00:00+00:00
[2024-10-05 00:02:25,587] {processor.py:161} INFO - Processing /home/kennedy/.local/lib/python3.10/site-packages/airflow/example_dags/example_nested_branch_dag.py took 0.320 seconds
