[2024-10-04 23:33:44,837] {processor.py:153} INFO - Started process (PID=97049) to work on /home/kennedy/.local/lib/python3.10/site-packages/airflow/example_dags/example_branch_day_of_week_operator.py
[2024-10-04 23:33:44,838] {processor.py:641} INFO - Processing file /home/kennedy/.local/lib/python3.10/site-packages/airflow/example_dags/example_branch_day_of_week_operator.py for tasks to queue
[2024-10-04 23:33:44,839] {logging_mixin.py:115} INFO - [2024-10-04 23:33:44,839] {dagbag.py:507} INFO - Filling up the DagBag from /home/kennedy/.local/lib/python3.10/site-packages/airflow/example_dags/example_branch_day_of_week_operator.py
[2024-10-04 23:33:44,857] {processor.py:651} INFO - DAG(s) dict_keys(['example_weekday_branch_operator']) retrieved from /home/kennedy/.local/lib/python3.10/site-packages/airflow/example_dags/example_branch_day_of_week_operator.py
[2024-10-04 23:33:45,838] {logging_mixin.py:115} INFO - [2024-10-04 23:33:45,838] {manager.py:508} INFO - Created Permission View: can edit on DAG:example_weekday_branch_operator
[2024-10-04 23:33:45,984] {logging_mixin.py:115} INFO - [2024-10-04 23:33:45,984] {manager.py:508} INFO - Created Permission View: can delete on DAG:example_weekday_branch_operator
[2024-10-04 23:33:46,166] {logging_mixin.py:115} INFO - [2024-10-04 23:33:46,166] {manager.py:508} INFO - Created Permission View: can read on DAG:example_weekday_branch_operator
[2024-10-04 23:33:46,166] {logging_mixin.py:115} INFO - [2024-10-04 23:33:46,166] {dag.py:2379} INFO - Sync 1 DAGs
[2024-10-04 23:33:46,191] {logging_mixin.py:115} INFO - [2024-10-04 23:33:46,190] {dag.py:2398} INFO - Creating ORM DAG for example_weekday_branch_operator
[2024-10-04 23:33:46,224] {logging_mixin.py:115} INFO - [2024-10-04 23:33:46,224] {dag.py:2927} INFO - Setting next_dagrun for example_weekday_branch_operator to 2024-10-04T00:00:00+00:00, run_after=2024-10-05T00:00:00+00:00
[2024-10-04 23:33:46,475] {processor.py:161} INFO - Processing /home/kennedy/.local/lib/python3.10/site-packages/airflow/example_dags/example_branch_day_of_week_operator.py took 1.645 seconds
[2024-10-04 23:34:40,288] {processor.py:153} INFO - Started process (PID=97095) to work on /home/kennedy/.local/lib/python3.10/site-packages/airflow/example_dags/example_branch_day_of_week_operator.py
[2024-10-04 23:34:40,293] {processor.py:641} INFO - Processing file /home/kennedy/.local/lib/python3.10/site-packages/airflow/example_dags/example_branch_day_of_week_operator.py for tasks to queue
[2024-10-04 23:34:40,295] {logging_mixin.py:115} INFO - [2024-10-04 23:34:40,294] {dagbag.py:507} INFO - Filling up the DagBag from /home/kennedy/.local/lib/python3.10/site-packages/airflow/example_dags/example_branch_day_of_week_operator.py
[2024-10-04 23:34:40,322] {processor.py:651} INFO - DAG(s) dict_keys(['example_weekday_branch_operator']) retrieved from /home/kennedy/.local/lib/python3.10/site-packages/airflow/example_dags/example_branch_day_of_week_operator.py
[2024-10-04 23:34:40,359] {logging_mixin.py:115} INFO - [2024-10-04 23:34:40,358] {dag.py:2379} INFO - Sync 1 DAGs
[2024-10-04 23:34:40,419] {logging_mixin.py:115} INFO - [2024-10-04 23:34:40,419] {dag.py:2927} INFO - Setting next_dagrun for example_weekday_branch_operator to 2024-10-04T00:00:00+00:00, run_after=2024-10-05T00:00:00+00:00
[2024-10-04 23:34:40,550] {processor.py:161} INFO - Processing /home/kennedy/.local/lib/python3.10/site-packages/airflow/example_dags/example_branch_day_of_week_operator.py took 0.271 seconds
[2024-10-04 23:35:56,535] {processor.py:153} INFO - Started process (PID=98108) to work on /home/kennedy/.local/lib/python3.10/site-packages/airflow/example_dags/example_branch_day_of_week_operator.py
[2024-10-04 23:35:56,580] {processor.py:641} INFO - Processing file /home/kennedy/.local/lib/python3.10/site-packages/airflow/example_dags/example_branch_day_of_week_operator.py for tasks to queue
[2024-10-04 23:35:56,580] {logging_mixin.py:115} INFO - [2024-10-04 23:35:56,580] {dagbag.py:507} INFO - Filling up the DagBag from /home/kennedy/.local/lib/python3.10/site-packages/airflow/example_dags/example_branch_day_of_week_operator.py
[2024-10-04 23:35:56,593] {processor.py:651} INFO - DAG(s) dict_keys(['example_weekday_branch_operator']) retrieved from /home/kennedy/.local/lib/python3.10/site-packages/airflow/example_dags/example_branch_day_of_week_operator.py
[2024-10-04 23:35:59,364] {logging_mixin.py:115} INFO - [2024-10-04 23:35:59,363] {dag.py:2379} INFO - Sync 1 DAGs
[2024-10-04 23:35:59,424] {logging_mixin.py:115} INFO - [2024-10-04 23:35:59,424] {dag.py:2927} INFO - Setting next_dagrun for example_weekday_branch_operator to 2024-10-04T00:00:00+00:00, run_after=2024-10-05T00:00:00+00:00
[2024-10-04 23:36:00,876] {processor.py:161} INFO - Processing /home/kennedy/.local/lib/python3.10/site-packages/airflow/example_dags/example_branch_day_of_week_operator.py took 4.345 seconds
[2024-10-04 23:38:00,271] {processor.py:153} INFO - Started process (PID=98356) to work on /home/kennedy/.local/lib/python3.10/site-packages/airflow/example_dags/example_branch_day_of_week_operator.py
[2024-10-04 23:38:00,303] {processor.py:641} INFO - Processing file /home/kennedy/.local/lib/python3.10/site-packages/airflow/example_dags/example_branch_day_of_week_operator.py for tasks to queue
[2024-10-04 23:38:00,304] {logging_mixin.py:115} INFO - [2024-10-04 23:38:00,304] {dagbag.py:507} INFO - Filling up the DagBag from /home/kennedy/.local/lib/python3.10/site-packages/airflow/example_dags/example_branch_day_of_week_operator.py
[2024-10-04 23:38:00,330] {processor.py:651} INFO - DAG(s) dict_keys(['example_weekday_branch_operator']) retrieved from /home/kennedy/.local/lib/python3.10/site-packages/airflow/example_dags/example_branch_day_of_week_operator.py
[2024-10-04 23:38:00,384] {logging_mixin.py:115} INFO - [2024-10-04 23:38:00,384] {dag.py:2379} INFO - Sync 1 DAGs
[2024-10-04 23:38:00,439] {logging_mixin.py:115} INFO - [2024-10-04 23:38:00,439] {dag.py:2927} INFO - Setting next_dagrun for example_weekday_branch_operator to 2024-10-04T00:00:00+00:00, run_after=2024-10-05T00:00:00+00:00
[2024-10-04 23:38:01,877] {processor.py:161} INFO - Processing /home/kennedy/.local/lib/python3.10/site-packages/airflow/example_dags/example_branch_day_of_week_operator.py took 1.615 seconds
[2024-10-04 23:40:07,527] {processor.py:153} INFO - Started process (PID=99229) to work on /home/kennedy/.local/lib/python3.10/site-packages/airflow/example_dags/example_branch_day_of_week_operator.py
[2024-10-04 23:40:07,542] {processor.py:641} INFO - Processing file /home/kennedy/.local/lib/python3.10/site-packages/airflow/example_dags/example_branch_day_of_week_operator.py for tasks to queue
[2024-10-04 23:40:07,543] {logging_mixin.py:115} INFO - [2024-10-04 23:40:07,543] {dagbag.py:507} INFO - Filling up the DagBag from /home/kennedy/.local/lib/python3.10/site-packages/airflow/example_dags/example_branch_day_of_week_operator.py
[2024-10-04 23:40:07,563] {processor.py:651} INFO - DAG(s) dict_keys(['example_weekday_branch_operator']) retrieved from /home/kennedy/.local/lib/python3.10/site-packages/airflow/example_dags/example_branch_day_of_week_operator.py
[2024-10-04 23:40:07,679] {logging_mixin.py:115} INFO - [2024-10-04 23:40:07,679] {dag.py:2379} INFO - Sync 1 DAGs
[2024-10-04 23:40:07,716] {logging_mixin.py:115} INFO - [2024-10-04 23:40:07,716] {dag.py:2927} INFO - Setting next_dagrun for example_weekday_branch_operator to 2024-10-04T00:00:00+00:00, run_after=2024-10-05T00:00:00+00:00
[2024-10-04 23:40:08,156] {processor.py:153} INFO - Started process (PID=99230) to work on /home/kennedy/KR/Programação/01.Exercícios/DE/Movies/venv/lib/python3.10/site-packages/airflow/example_dags/example_branch_day_of_week_operator.py
[2024-10-04 23:40:08,157] {processor.py:641} INFO - Processing file /home/kennedy/KR/Programação/01.Exercícios/DE/Movies/venv/lib/python3.10/site-packages/airflow/example_dags/example_branch_day_of_week_operator.py for tasks to queue
[2024-10-04 23:40:08,158] {logging_mixin.py:115} INFO - [2024-10-04 23:40:08,158] {dagbag.py:507} INFO - Filling up the DagBag from /home/kennedy/KR/Programação/01.Exercícios/DE/Movies/venv/lib/python3.10/site-packages/airflow/example_dags/example_branch_day_of_week_operator.py
[2024-10-04 23:40:08,177] {processor.py:651} INFO - DAG(s) dict_keys(['example_weekday_branch_operator']) retrieved from /home/kennedy/KR/Programação/01.Exercícios/DE/Movies/venv/lib/python3.10/site-packages/airflow/example_dags/example_branch_day_of_week_operator.py
[2024-10-04 23:40:08,969] {processor.py:161} INFO - Processing /home/kennedy/.local/lib/python3.10/site-packages/airflow/example_dags/example_branch_day_of_week_operator.py took 1.448 seconds
[2024-10-04 23:40:09,030] {logging_mixin.py:115} INFO - [2024-10-04 23:40:09,029] {dag.py:2379} INFO - Sync 1 DAGs
[2024-10-04 23:40:09,089] {logging_mixin.py:115} INFO - [2024-10-04 23:40:09,089] {dag.py:2927} INFO - Setting next_dagrun for example_weekday_branch_operator to 2024-10-04T00:00:00+00:00, run_after=2024-10-05T00:00:00+00:00
[2024-10-04 23:40:09,247] {processor.py:161} INFO - Processing /home/kennedy/KR/Programação/01.Exercícios/DE/Movies/venv/lib/python3.10/site-packages/airflow/example_dags/example_branch_day_of_week_operator.py took 1.098 seconds
[2024-10-04 23:41:31,921] {processor.py:153} INFO - Started process (PID=99451) to work on /home/kennedy/.local/lib/python3.10/site-packages/airflow/example_dags/example_branch_day_of_week_operator.py
[2024-10-04 23:41:31,932] {processor.py:641} INFO - Processing file /home/kennedy/.local/lib/python3.10/site-packages/airflow/example_dags/example_branch_day_of_week_operator.py for tasks to queue
[2024-10-04 23:41:31,934] {logging_mixin.py:115} INFO - [2024-10-04 23:41:31,933] {dagbag.py:507} INFO - Filling up the DagBag from /home/kennedy/.local/lib/python3.10/site-packages/airflow/example_dags/example_branch_day_of_week_operator.py
[2024-10-04 23:41:31,953] {processor.py:651} INFO - DAG(s) dict_keys(['example_weekday_branch_operator']) retrieved from /home/kennedy/.local/lib/python3.10/site-packages/airflow/example_dags/example_branch_day_of_week_operator.py
[2024-10-04 23:41:31,996] {logging_mixin.py:115} INFO - [2024-10-04 23:41:31,996] {dag.py:2379} INFO - Sync 1 DAGs
[2024-10-04 23:41:32,038] {logging_mixin.py:115} INFO - [2024-10-04 23:41:32,038] {dag.py:2927} INFO - Setting next_dagrun for example_weekday_branch_operator to 2024-10-04T00:00:00+00:00, run_after=2024-10-05T00:00:00+00:00
[2024-10-04 23:41:34,363] {processor.py:161} INFO - Processing /home/kennedy/.local/lib/python3.10/site-packages/airflow/example_dags/example_branch_day_of_week_operator.py took 2.449 seconds
[2024-10-04 23:43:15,313] {processor.py:153} INFO - Started process (PID=99799) to work on /home/kennedy/.local/lib/python3.10/site-packages/airflow/example_dags/example_branch_day_of_week_operator.py
[2024-10-04 23:43:15,327] {processor.py:641} INFO - Processing file /home/kennedy/.local/lib/python3.10/site-packages/airflow/example_dags/example_branch_day_of_week_operator.py for tasks to queue
[2024-10-04 23:43:15,328] {logging_mixin.py:115} INFO - [2024-10-04 23:43:15,328] {dagbag.py:507} INFO - Filling up the DagBag from /home/kennedy/.local/lib/python3.10/site-packages/airflow/example_dags/example_branch_day_of_week_operator.py
[2024-10-04 23:43:15,348] {processor.py:651} INFO - DAG(s) dict_keys(['example_weekday_branch_operator']) retrieved from /home/kennedy/.local/lib/python3.10/site-packages/airflow/example_dags/example_branch_day_of_week_operator.py
[2024-10-04 23:43:15,389] {logging_mixin.py:115} INFO - [2024-10-04 23:43:15,388] {dag.py:2379} INFO - Sync 1 DAGs
[2024-10-04 23:43:15,433] {logging_mixin.py:115} INFO - [2024-10-04 23:43:15,432] {dag.py:2927} INFO - Setting next_dagrun for example_weekday_branch_operator to 2024-10-04T00:00:00+00:00, run_after=2024-10-05T00:00:00+00:00
[2024-10-04 23:43:16,762] {processor.py:161} INFO - Processing /home/kennedy/.local/lib/python3.10/site-packages/airflow/example_dags/example_branch_day_of_week_operator.py took 1.456 seconds
[2024-10-04 23:43:25,629] {processor.py:153} INFO - Started process (PID=99813) to work on /home/kennedy/.local/lib/python3.10/site-packages/airflow/example_dags/example_branch_day_of_week_operator.py
[2024-10-04 23:43:25,769] {processor.py:641} INFO - Processing file /home/kennedy/.local/lib/python3.10/site-packages/airflow/example_dags/example_branch_day_of_week_operator.py for tasks to queue
[2024-10-04 23:43:25,771] {logging_mixin.py:115} INFO - [2024-10-04 23:43:25,770] {dagbag.py:507} INFO - Filling up the DagBag from /home/kennedy/.local/lib/python3.10/site-packages/airflow/example_dags/example_branch_day_of_week_operator.py
[2024-10-04 23:43:25,790] {processor.py:651} INFO - DAG(s) dict_keys(['example_weekday_branch_operator']) retrieved from /home/kennedy/.local/lib/python3.10/site-packages/airflow/example_dags/example_branch_day_of_week_operator.py
[2024-10-04 23:43:25,898] {logging_mixin.py:115} INFO - [2024-10-04 23:43:25,897] {dag.py:2379} INFO - Sync 1 DAGs
[2024-10-04 23:43:25,972] {logging_mixin.py:115} INFO - [2024-10-04 23:43:25,972] {dag.py:2927} INFO - Setting next_dagrun for example_weekday_branch_operator to 2024-10-04T00:00:00+00:00, run_after=2024-10-05T00:00:00+00:00
[2024-10-04 23:43:26,073] {processor.py:161} INFO - Processing /home/kennedy/.local/lib/python3.10/site-packages/airflow/example_dags/example_branch_day_of_week_operator.py took 0.451 seconds
[2024-10-04 23:44:57,501] {processor.py:153} INFO - Started process (PID=100057) to work on /home/kennedy/.local/lib/python3.10/site-packages/airflow/example_dags/example_branch_day_of_week_operator.py
[2024-10-04 23:44:57,512] {processor.py:641} INFO - Processing file /home/kennedy/.local/lib/python3.10/site-packages/airflow/example_dags/example_branch_day_of_week_operator.py for tasks to queue
[2024-10-04 23:44:57,513] {logging_mixin.py:115} INFO - [2024-10-04 23:44:57,513] {dagbag.py:507} INFO - Filling up the DagBag from /home/kennedy/.local/lib/python3.10/site-packages/airflow/example_dags/example_branch_day_of_week_operator.py
[2024-10-04 23:44:57,534] {processor.py:651} INFO - DAG(s) dict_keys(['example_weekday_branch_operator']) retrieved from /home/kennedy/.local/lib/python3.10/site-packages/airflow/example_dags/example_branch_day_of_week_operator.py
[2024-10-04 23:44:57,573] {logging_mixin.py:115} INFO - [2024-10-04 23:44:57,572] {dag.py:2379} INFO - Sync 1 DAGs
[2024-10-04 23:44:57,612] {logging_mixin.py:115} INFO - [2024-10-04 23:44:57,612] {dag.py:2927} INFO - Setting next_dagrun for example_weekday_branch_operator to 2024-10-04T00:00:00+00:00, run_after=2024-10-05T00:00:00+00:00
[2024-10-04 23:44:59,107] {processor.py:161} INFO - Processing /home/kennedy/.local/lib/python3.10/site-packages/airflow/example_dags/example_branch_day_of_week_operator.py took 1.613 seconds
[2024-10-04 23:47:09,445] {processor.py:153} INFO - Started process (PID=101227) to work on /home/kennedy/.local/lib/python3.10/site-packages/airflow/example_dags/example_branch_day_of_week_operator.py
[2024-10-04 23:47:09,603] {processor.py:641} INFO - Processing file /home/kennedy/.local/lib/python3.10/site-packages/airflow/example_dags/example_branch_day_of_week_operator.py for tasks to queue
[2024-10-04 23:47:09,604] {logging_mixin.py:115} INFO - [2024-10-04 23:47:09,604] {dagbag.py:507} INFO - Filling up the DagBag from /home/kennedy/.local/lib/python3.10/site-packages/airflow/example_dags/example_branch_day_of_week_operator.py
[2024-10-04 23:47:09,622] {processor.py:651} INFO - DAG(s) dict_keys(['example_weekday_branch_operator']) retrieved from /home/kennedy/.local/lib/python3.10/site-packages/airflow/example_dags/example_branch_day_of_week_operator.py
[2024-10-04 23:47:09,723] {logging_mixin.py:115} INFO - [2024-10-04 23:47:09,723] {dag.py:2379} INFO - Sync 1 DAGs
[2024-10-04 23:47:09,758] {logging_mixin.py:115} INFO - [2024-10-04 23:47:09,758] {dag.py:2927} INFO - Setting next_dagrun for example_weekday_branch_operator to 2024-10-04T00:00:00+00:00, run_after=2024-10-05T00:00:00+00:00
[2024-10-04 23:47:10,415] {processor.py:161} INFO - Processing /home/kennedy/.local/lib/python3.10/site-packages/airflow/example_dags/example_branch_day_of_week_operator.py took 0.976 seconds
[2024-10-04 23:49:12,185] {processor.py:153} INFO - Started process (PID=102321) to work on /home/kennedy/.local/lib/python3.10/site-packages/airflow/example_dags/example_branch_day_of_week_operator.py
[2024-10-04 23:49:12,298] {processor.py:641} INFO - Processing file /home/kennedy/.local/lib/python3.10/site-packages/airflow/example_dags/example_branch_day_of_week_operator.py for tasks to queue
[2024-10-04 23:49:12,299] {logging_mixin.py:115} INFO - [2024-10-04 23:49:12,299] {dagbag.py:507} INFO - Filling up the DagBag from /home/kennedy/.local/lib/python3.10/site-packages/airflow/example_dags/example_branch_day_of_week_operator.py
[2024-10-04 23:49:12,318] {processor.py:651} INFO - DAG(s) dict_keys(['example_weekday_branch_operator']) retrieved from /home/kennedy/.local/lib/python3.10/site-packages/airflow/example_dags/example_branch_day_of_week_operator.py
[2024-10-04 23:49:12,525] {logging_mixin.py:115} INFO - [2024-10-04 23:49:12,525] {dag.py:2379} INFO - Sync 1 DAGs
[2024-10-04 23:49:12,568] {logging_mixin.py:115} INFO - [2024-10-04 23:49:12,568] {dag.py:2927} INFO - Setting next_dagrun for example_weekday_branch_operator to 2024-10-04T00:00:00+00:00, run_after=2024-10-05T00:00:00+00:00
[2024-10-04 23:49:13,684] {processor.py:161} INFO - Processing /home/kennedy/.local/lib/python3.10/site-packages/airflow/example_dags/example_branch_day_of_week_operator.py took 1.506 seconds
[2024-10-04 23:51:16,871] {processor.py:153} INFO - Started process (PID=102676) to work on /home/kennedy/.local/lib/python3.10/site-packages/airflow/example_dags/example_branch_day_of_week_operator.py
[2024-10-04 23:51:16,880] {processor.py:641} INFO - Processing file /home/kennedy/.local/lib/python3.10/site-packages/airflow/example_dags/example_branch_day_of_week_operator.py for tasks to queue
[2024-10-04 23:51:16,881] {logging_mixin.py:115} INFO - [2024-10-04 23:51:16,881] {dagbag.py:507} INFO - Filling up the DagBag from /home/kennedy/.local/lib/python3.10/site-packages/airflow/example_dags/example_branch_day_of_week_operator.py
[2024-10-04 23:51:16,901] {processor.py:651} INFO - DAG(s) dict_keys(['example_weekday_branch_operator']) retrieved from /home/kennedy/.local/lib/python3.10/site-packages/airflow/example_dags/example_branch_day_of_week_operator.py
[2024-10-04 23:51:16,944] {logging_mixin.py:115} INFO - [2024-10-04 23:51:16,944] {dag.py:2379} INFO - Sync 1 DAGs
[2024-10-04 23:51:16,988] {logging_mixin.py:115} INFO - [2024-10-04 23:51:16,988] {dag.py:2927} INFO - Setting next_dagrun for example_weekday_branch_operator to 2024-10-04T00:00:00+00:00, run_after=2024-10-05T00:00:00+00:00
[2024-10-04 23:51:18,492] {processor.py:161} INFO - Processing /home/kennedy/.local/lib/python3.10/site-packages/airflow/example_dags/example_branch_day_of_week_operator.py took 1.629 seconds
[2024-10-04 23:52:50,699] {processor.py:153} INFO - Started process (PID=102862) to work on /home/kennedy/.local/lib/python3.10/site-packages/airflow/example_dags/example_branch_day_of_week_operator.py
[2024-10-04 23:52:50,707] {processor.py:641} INFO - Processing file /home/kennedy/.local/lib/python3.10/site-packages/airflow/example_dags/example_branch_day_of_week_operator.py for tasks to queue
[2024-10-04 23:52:50,708] {logging_mixin.py:115} INFO - [2024-10-04 23:52:50,708] {dagbag.py:507} INFO - Filling up the DagBag from /home/kennedy/.local/lib/python3.10/site-packages/airflow/example_dags/example_branch_day_of_week_operator.py
[2024-10-04 23:52:50,728] {processor.py:651} INFO - DAG(s) dict_keys(['example_weekday_branch_operator']) retrieved from /home/kennedy/.local/lib/python3.10/site-packages/airflow/example_dags/example_branch_day_of_week_operator.py
[2024-10-04 23:52:50,767] {logging_mixin.py:115} INFO - [2024-10-04 23:52:50,767] {dag.py:2379} INFO - Sync 1 DAGs
[2024-10-04 23:52:50,808] {logging_mixin.py:115} INFO - [2024-10-04 23:52:50,807] {dag.py:2927} INFO - Setting next_dagrun for example_weekday_branch_operator to 2024-10-04T00:00:00+00:00, run_after=2024-10-05T00:00:00+00:00
[2024-10-04 23:52:51,486] {processor.py:161} INFO - Processing /home/kennedy/.local/lib/python3.10/site-packages/airflow/example_dags/example_branch_day_of_week_operator.py took 0.794 seconds
[2024-10-04 23:54:26,930] {processor.py:153} INFO - Started process (PID=103867) to work on /home/kennedy/.local/lib/python3.10/site-packages/airflow/example_dags/example_branch_day_of_week_operator.py
[2024-10-04 23:54:26,995] {processor.py:641} INFO - Processing file /home/kennedy/.local/lib/python3.10/site-packages/airflow/example_dags/example_branch_day_of_week_operator.py for tasks to queue
[2024-10-04 23:54:26,997] {logging_mixin.py:115} INFO - [2024-10-04 23:54:26,996] {dagbag.py:507} INFO - Filling up the DagBag from /home/kennedy/.local/lib/python3.10/site-packages/airflow/example_dags/example_branch_day_of_week_operator.py
[2024-10-04 23:54:27,034] {processor.py:651} INFO - DAG(s) dict_keys(['example_weekday_branch_operator']) retrieved from /home/kennedy/.local/lib/python3.10/site-packages/airflow/example_dags/example_branch_day_of_week_operator.py
[2024-10-04 23:54:27,098] {logging_mixin.py:115} INFO - [2024-10-04 23:54:27,098] {dag.py:2379} INFO - Sync 1 DAGs
[2024-10-04 23:54:27,166] {logging_mixin.py:115} INFO - [2024-10-04 23:54:27,165] {dag.py:2927} INFO - Setting next_dagrun for example_weekday_branch_operator to 2024-10-04T00:00:00+00:00, run_after=2024-10-05T00:00:00+00:00
[2024-10-04 23:54:27,502] {processor.py:161} INFO - Processing /home/kennedy/.local/lib/python3.10/site-packages/airflow/example_dags/example_branch_day_of_week_operator.py took 0.579 seconds
[2024-10-04 23:56:21,549] {processor.py:153} INFO - Started process (PID=104819) to work on /home/kennedy/.local/lib/python3.10/site-packages/airflow/example_dags/example_branch_day_of_week_operator.py
[2024-10-04 23:56:21,648] {processor.py:641} INFO - Processing file /home/kennedy/.local/lib/python3.10/site-packages/airflow/example_dags/example_branch_day_of_week_operator.py for tasks to queue
[2024-10-04 23:56:21,649] {logging_mixin.py:115} INFO - [2024-10-04 23:56:21,649] {dagbag.py:507} INFO - Filling up the DagBag from /home/kennedy/.local/lib/python3.10/site-packages/airflow/example_dags/example_branch_day_of_week_operator.py
[2024-10-04 23:56:21,672] {processor.py:651} INFO - DAG(s) dict_keys(['example_weekday_branch_operator']) retrieved from /home/kennedy/.local/lib/python3.10/site-packages/airflow/example_dags/example_branch_day_of_week_operator.py
[2024-10-04 23:56:21,715] {logging_mixin.py:115} INFO - [2024-10-04 23:56:21,715] {dag.py:2379} INFO - Sync 1 DAGs
[2024-10-04 23:56:21,767] {logging_mixin.py:115} INFO - [2024-10-04 23:56:21,767] {dag.py:2927} INFO - Setting next_dagrun for example_weekday_branch_operator to 2024-10-04T00:00:00+00:00, run_after=2024-10-05T00:00:00+00:00
[2024-10-04 23:56:22,468] {processor.py:161} INFO - Processing /home/kennedy/.local/lib/python3.10/site-packages/airflow/example_dags/example_branch_day_of_week_operator.py took 0.925 seconds
[2024-10-04 23:58:17,727] {processor.py:153} INFO - Started process (PID=105274) to work on /home/kennedy/.local/lib/python3.10/site-packages/airflow/example_dags/example_branch_day_of_week_operator.py
[2024-10-04 23:58:18,570] {processor.py:641} INFO - Processing file /home/kennedy/.local/lib/python3.10/site-packages/airflow/example_dags/example_branch_day_of_week_operator.py for tasks to queue
[2024-10-04 23:58:18,572] {logging_mixin.py:115} INFO - [2024-10-04 23:58:18,571] {dagbag.py:507} INFO - Filling up the DagBag from /home/kennedy/.local/lib/python3.10/site-packages/airflow/example_dags/example_branch_day_of_week_operator.py
[2024-10-04 23:58:18,592] {processor.py:651} INFO - DAG(s) dict_keys(['example_weekday_branch_operator']) retrieved from /home/kennedy/.local/lib/python3.10/site-packages/airflow/example_dags/example_branch_day_of_week_operator.py
[2024-10-04 23:58:23,358] {logging_mixin.py:115} INFO - [2024-10-04 23:58:23,358] {dag.py:2379} INFO - Sync 1 DAGs
[2024-10-04 23:58:23,410] {logging_mixin.py:115} INFO - [2024-10-04 23:58:23,410] {dag.py:2927} INFO - Setting next_dagrun for example_weekday_branch_operator to 2024-10-04T00:00:00+00:00, run_after=2024-10-05T00:00:00+00:00
[2024-10-04 23:58:24,466] {processor.py:161} INFO - Processing /home/kennedy/.local/lib/python3.10/site-packages/airflow/example_dags/example_branch_day_of_week_operator.py took 6.743 seconds
[2024-10-05 00:00:21,731] {processor.py:153} INFO - Started process (PID=105606) to work on /home/kennedy/.local/lib/python3.10/site-packages/airflow/example_dags/example_branch_day_of_week_operator.py
[2024-10-05 00:00:21,744] {processor.py:641} INFO - Processing file /home/kennedy/.local/lib/python3.10/site-packages/airflow/example_dags/example_branch_day_of_week_operator.py for tasks to queue
[2024-10-05 00:00:21,745] {logging_mixin.py:115} INFO - [2024-10-05 00:00:21,745] {dagbag.py:507} INFO - Filling up the DagBag from /home/kennedy/.local/lib/python3.10/site-packages/airflow/example_dags/example_branch_day_of_week_operator.py
[2024-10-05 00:00:21,772] {processor.py:651} INFO - DAG(s) dict_keys(['example_weekday_branch_operator']) retrieved from /home/kennedy/.local/lib/python3.10/site-packages/airflow/example_dags/example_branch_day_of_week_operator.py
[2024-10-05 00:00:21,802] {logging_mixin.py:115} INFO - [2024-10-05 00:00:21,802] {dag.py:2379} INFO - Sync 1 DAGs
[2024-10-05 00:00:21,842] {logging_mixin.py:115} INFO - [2024-10-05 00:00:21,842] {dag.py:2927} INFO - Setting next_dagrun for example_weekday_branch_operator to 2024-10-04T00:00:00+00:00, run_after=2024-10-05T00:00:00+00:00
[2024-10-05 00:00:22,245] {processor.py:161} INFO - Processing /home/kennedy/.local/lib/python3.10/site-packages/airflow/example_dags/example_branch_day_of_week_operator.py took 0.520 seconds
[2024-10-05 00:01:46,069] {processor.py:153} INFO - Started process (PID=105867) to work on /home/kennedy/.local/lib/python3.10/site-packages/airflow/example_dags/example_branch_day_of_week_operator.py
[2024-10-05 00:01:46,118] {processor.py:641} INFO - Processing file /home/kennedy/.local/lib/python3.10/site-packages/airflow/example_dags/example_branch_day_of_week_operator.py for tasks to queue
[2024-10-05 00:01:46,119] {logging_mixin.py:115} INFO - [2024-10-05 00:01:46,119] {dagbag.py:507} INFO - Filling up the DagBag from /home/kennedy/.local/lib/python3.10/site-packages/airflow/example_dags/example_branch_day_of_week_operator.py
[2024-10-05 00:01:46,147] {processor.py:651} INFO - DAG(s) dict_keys(['example_weekday_branch_operator']) retrieved from /home/kennedy/.local/lib/python3.10/site-packages/airflow/example_dags/example_branch_day_of_week_operator.py
[2024-10-05 00:01:46,180] {logging_mixin.py:115} INFO - [2024-10-05 00:01:46,179] {dag.py:2379} INFO - Sync 1 DAGs
[2024-10-05 00:01:46,221] {logging_mixin.py:115} INFO - [2024-10-05 00:01:46,221] {dag.py:2927} INFO - Setting next_dagrun for example_weekday_branch_operator to 2024-10-04T00:00:00+00:00, run_after=2024-10-05T00:00:00+00:00
[2024-10-05 00:01:46,438] {processor.py:161} INFO - Processing /home/kennedy/.local/lib/python3.10/site-packages/airflow/example_dags/example_branch_day_of_week_operator.py took 0.377 seconds
