[2024-10-04 23:32:06,838] {processor.py:153} INFO - Started process (PID=96178) to work on /home/kennedy/.local/lib/python3.10/site-packages/airflow/example_dags/tutorial.py
[2024-10-04 23:32:06,839] {processor.py:641} INFO - Processing file /home/kennedy/.local/lib/python3.10/site-packages/airflow/example_dags/tutorial.py for tasks to queue
[2024-10-04 23:32:06,839] {logging_mixin.py:115} INFO - [2024-10-04 23:32:06,839] {dagbag.py:507} INFO - Filling up the DagBag from /home/kennedy/.local/lib/python3.10/site-packages/airflow/example_dags/tutorial.py
[2024-10-04 23:32:06,846] {processor.py:651} INFO - DAG(s) dict_keys(['tutorial']) retrieved from /home/kennedy/.local/lib/python3.10/site-packages/airflow/example_dags/tutorial.py
[2024-10-04 23:32:07,681] {logging_mixin.py:115} INFO - [2024-10-04 23:32:07,681] {manager.py:508} INFO - Created Permission View: can edit on DAG:tutorial
[2024-10-04 23:32:08,769] {logging_mixin.py:115} INFO - [2024-10-04 23:32:08,769] {manager.py:508} INFO - Created Permission View: can delete on DAG:tutorial
[2024-10-04 23:32:08,971] {logging_mixin.py:115} INFO - [2024-10-04 23:32:08,971] {manager.py:508} INFO - Created Permission View: can read on DAG:tutorial
[2024-10-04 23:32:08,972] {logging_mixin.py:115} INFO - [2024-10-04 23:32:08,971] {dag.py:2379} INFO - Sync 1 DAGs
[2024-10-04 23:32:08,983] {logging_mixin.py:115} INFO - [2024-10-04 23:32:08,982] {dag.py:2398} INFO - Creating ORM DAG for tutorial
[2024-10-04 23:32:09,333] {logging_mixin.py:115} INFO - [2024-10-04 23:32:09,332] {dag.py:2927} INFO - Setting next_dagrun for tutorial to 2024-10-04T02:32:09.331957+00:00, run_after=2024-10-05T02:32:09.331957+00:00
[2024-10-04 23:32:09,657] {processor.py:161} INFO - Processing /home/kennedy/.local/lib/python3.10/site-packages/airflow/example_dags/tutorial.py took 2.825 seconds
[2024-10-04 23:33:58,696] {processor.py:153} INFO - Started process (PID=97057) to work on /home/kennedy/.local/lib/python3.10/site-packages/airflow/example_dags/tutorial.py
[2024-10-04 23:33:58,700] {processor.py:641} INFO - Processing file /home/kennedy/.local/lib/python3.10/site-packages/airflow/example_dags/tutorial.py for tasks to queue
[2024-10-04 23:33:58,701] {logging_mixin.py:115} INFO - [2024-10-04 23:33:58,701] {dagbag.py:507} INFO - Filling up the DagBag from /home/kennedy/.local/lib/python3.10/site-packages/airflow/example_dags/tutorial.py
[2024-10-04 23:33:58,716] {processor.py:651} INFO - DAG(s) dict_keys(['tutorial']) retrieved from /home/kennedy/.local/lib/python3.10/site-packages/airflow/example_dags/tutorial.py
[2024-10-04 23:33:58,832] {logging_mixin.py:115} INFO - [2024-10-04 23:33:58,832] {dag.py:2379} INFO - Sync 1 DAGs
[2024-10-04 23:33:58,875] {logging_mixin.py:115} INFO - [2024-10-04 23:33:58,875] {dag.py:2927} INFO - Setting next_dagrun for tutorial to 2024-10-04T02:33:58.875114+00:00, run_after=2024-10-05T02:33:58.875114+00:00
[2024-10-04 23:33:59,030] {processor.py:161} INFO - Processing /home/kennedy/.local/lib/python3.10/site-packages/airflow/example_dags/tutorial.py took 0.344 seconds
[2024-10-04 23:34:47,233] {processor.py:153} INFO - Started process (PID=97101) to work on /home/kennedy/.local/lib/python3.10/site-packages/airflow/example_dags/tutorial.py
[2024-10-04 23:34:47,243] {processor.py:641} INFO - Processing file /home/kennedy/.local/lib/python3.10/site-packages/airflow/example_dags/tutorial.py for tasks to queue
[2024-10-04 23:34:47,245] {logging_mixin.py:115} INFO - [2024-10-04 23:34:47,244] {dagbag.py:507} INFO - Filling up the DagBag from /home/kennedy/.local/lib/python3.10/site-packages/airflow/example_dags/tutorial.py
[2024-10-04 23:34:47,258] {processor.py:651} INFO - DAG(s) dict_keys(['tutorial']) retrieved from /home/kennedy/.local/lib/python3.10/site-packages/airflow/example_dags/tutorial.py
[2024-10-04 23:34:47,304] {logging_mixin.py:115} INFO - [2024-10-04 23:34:47,303] {dag.py:2379} INFO - Sync 1 DAGs
[2024-10-04 23:34:47,345] {logging_mixin.py:115} INFO - [2024-10-04 23:34:47,345] {dag.py:2927} INFO - Setting next_dagrun for tutorial to 2024-10-04T02:34:47.344919+00:00, run_after=2024-10-05T02:34:47.344919+00:00
[2024-10-04 23:34:47,461] {processor.py:161} INFO - Processing /home/kennedy/.local/lib/python3.10/site-packages/airflow/example_dags/tutorial.py took 0.238 seconds
[2024-10-04 23:35:34,049] {processor.py:153} INFO - Started process (PID=97206) to work on /home/kennedy/.local/lib/python3.10/site-packages/airflow/example_dags/tutorial.py
[2024-10-04 23:35:34,070] {processor.py:641} INFO - Processing file /home/kennedy/.local/lib/python3.10/site-packages/airflow/example_dags/tutorial.py for tasks to queue
[2024-10-04 23:35:34,072] {logging_mixin.py:115} INFO - [2024-10-04 23:35:34,071] {dagbag.py:507} INFO - Filling up the DagBag from /home/kennedy/.local/lib/python3.10/site-packages/airflow/example_dags/tutorial.py
[2024-10-04 23:35:34,086] {processor.py:651} INFO - DAG(s) dict_keys(['tutorial']) retrieved from /home/kennedy/.local/lib/python3.10/site-packages/airflow/example_dags/tutorial.py
[2024-10-04 23:35:34,629] {logging_mixin.py:115} INFO - [2024-10-04 23:35:34,629] {dag.py:2379} INFO - Sync 1 DAGs
[2024-10-04 23:35:34,675] {logging_mixin.py:115} INFO - [2024-10-04 23:35:34,675] {dag.py:2927} INFO - Setting next_dagrun for tutorial to 2024-10-04T02:35:34.674587+00:00, run_after=2024-10-05T02:35:34.674587+00:00
[2024-10-04 23:35:34,801] {processor.py:161} INFO - Processing /home/kennedy/.local/lib/python3.10/site-packages/airflow/example_dags/tutorial.py took 0.758 seconds
[2024-10-04 23:36:23,590] {processor.py:153} INFO - Started process (PID=98197) to work on /home/kennedy/.local/lib/python3.10/site-packages/airflow/example_dags/tutorial.py
[2024-10-04 23:36:23,671] {processor.py:641} INFO - Processing file /home/kennedy/.local/lib/python3.10/site-packages/airflow/example_dags/tutorial.py for tasks to queue
[2024-10-04 23:36:23,673] {logging_mixin.py:115} INFO - [2024-10-04 23:36:23,673] {dagbag.py:507} INFO - Filling up the DagBag from /home/kennedy/.local/lib/python3.10/site-packages/airflow/example_dags/tutorial.py
[2024-10-04 23:36:23,696] {processor.py:651} INFO - DAG(s) dict_keys(['tutorial']) retrieved from /home/kennedy/.local/lib/python3.10/site-packages/airflow/example_dags/tutorial.py
[2024-10-04 23:36:23,928] {logging_mixin.py:115} INFO - [2024-10-04 23:36:23,927] {dag.py:2379} INFO - Sync 1 DAGs
[2024-10-04 23:36:23,982] {logging_mixin.py:115} INFO - [2024-10-04 23:36:23,982] {dag.py:2927} INFO - Setting next_dagrun for tutorial to 2024-10-04T02:36:23.981662+00:00, run_after=2024-10-05T02:36:23.981662+00:00
[2024-10-04 23:36:24,097] {processor.py:161} INFO - Processing /home/kennedy/.local/lib/python3.10/site-packages/airflow/example_dags/tutorial.py took 0.514 seconds
[2024-10-04 23:37:25,804] {processor.py:153} INFO - Started process (PID=98329) to work on /home/kennedy/.local/lib/python3.10/site-packages/airflow/example_dags/tutorial.py
[2024-10-04 23:37:25,847] {processor.py:641} INFO - Processing file /home/kennedy/.local/lib/python3.10/site-packages/airflow/example_dags/tutorial.py for tasks to queue
[2024-10-04 23:37:25,849] {logging_mixin.py:115} INFO - [2024-10-04 23:37:25,848] {dagbag.py:507} INFO - Filling up the DagBag from /home/kennedy/.local/lib/python3.10/site-packages/airflow/example_dags/tutorial.py
[2024-10-04 23:37:25,864] {processor.py:651} INFO - DAG(s) dict_keys(['tutorial']) retrieved from /home/kennedy/.local/lib/python3.10/site-packages/airflow/example_dags/tutorial.py
[2024-10-04 23:37:25,900] {logging_mixin.py:115} INFO - [2024-10-04 23:37:25,900] {dag.py:2379} INFO - Sync 1 DAGs
[2024-10-04 23:37:25,942] {logging_mixin.py:115} INFO - [2024-10-04 23:37:25,942] {dag.py:2927} INFO - Setting next_dagrun for tutorial to 2024-10-04T02:37:25.941862+00:00, run_after=2024-10-05T02:37:25.941862+00:00
[2024-10-04 23:37:27,283] {processor.py:161} INFO - Processing /home/kennedy/.local/lib/python3.10/site-packages/airflow/example_dags/tutorial.py took 1.485 seconds
[2024-10-04 23:38:24,536] {processor.py:153} INFO - Started process (PID=98496) to work on /home/kennedy/.local/lib/python3.10/site-packages/airflow/example_dags/tutorial.py
[2024-10-04 23:38:24,696] {processor.py:641} INFO - Processing file /home/kennedy/.local/lib/python3.10/site-packages/airflow/example_dags/tutorial.py for tasks to queue
[2024-10-04 23:38:24,698] {logging_mixin.py:115} INFO - [2024-10-04 23:38:24,698] {dagbag.py:507} INFO - Filling up the DagBag from /home/kennedy/.local/lib/python3.10/site-packages/airflow/example_dags/tutorial.py
[2024-10-04 23:38:24,733] {processor.py:651} INFO - DAG(s) dict_keys(['tutorial']) retrieved from /home/kennedy/.local/lib/python3.10/site-packages/airflow/example_dags/tutorial.py
[2024-10-04 23:38:25,266] {logging_mixin.py:115} INFO - [2024-10-04 23:38:25,266] {dag.py:2379} INFO - Sync 1 DAGs
[2024-10-04 23:38:25,311] {logging_mixin.py:115} INFO - [2024-10-04 23:38:25,310] {dag.py:2927} INFO - Setting next_dagrun for tutorial to 2024-10-04T02:38:25.310287+00:00, run_after=2024-10-05T02:38:25.310287+00:00
[2024-10-04 23:38:25,441] {processor.py:161} INFO - Processing /home/kennedy/.local/lib/python3.10/site-packages/airflow/example_dags/tutorial.py took 0.915 seconds
[2024-10-04 23:39:05,899] {processor.py:153} INFO - Started process (PID=99174) to work on /home/kennedy/KR/Programação/01.Exercícios/DE/Movies/venv/lib/python3.10/site-packages/airflow/example_dags/tutorial.py
[2024-10-04 23:39:06,034] {processor.py:641} INFO - Processing file /home/kennedy/KR/Programação/01.Exercícios/DE/Movies/venv/lib/python3.10/site-packages/airflow/example_dags/tutorial.py for tasks to queue
[2024-10-04 23:39:06,035] {logging_mixin.py:115} INFO - [2024-10-04 23:39:06,035] {dagbag.py:507} INFO - Filling up the DagBag from /home/kennedy/KR/Programação/01.Exercícios/DE/Movies/venv/lib/python3.10/site-packages/airflow/example_dags/tutorial.py
[2024-10-04 23:39:06,049] {processor.py:651} INFO - DAG(s) dict_keys(['tutorial']) retrieved from /home/kennedy/KR/Programação/01.Exercícios/DE/Movies/venv/lib/python3.10/site-packages/airflow/example_dags/tutorial.py
[2024-10-04 23:39:06,153] {logging_mixin.py:115} INFO - [2024-10-04 23:39:06,153] {dag.py:2379} INFO - Sync 1 DAGs
[2024-10-04 23:39:06,189] {logging_mixin.py:115} INFO - [2024-10-04 23:39:06,189] {dag.py:2927} INFO - Setting next_dagrun for tutorial to 2024-10-04T02:39:06.188999+00:00, run_after=2024-10-05T02:39:06.188999+00:00
[2024-10-04 23:39:06,419] {processor.py:161} INFO - Processing /home/kennedy/KR/Programação/01.Exercícios/DE/Movies/venv/lib/python3.10/site-packages/airflow/example_dags/tutorial.py took 0.527 seconds
[2024-10-04 23:39:24,721] {processor.py:153} INFO - Started process (PID=99191) to work on /home/kennedy/.local/lib/python3.10/site-packages/airflow/example_dags/tutorial.py
[2024-10-04 23:39:24,728] {processor.py:641} INFO - Processing file /home/kennedy/.local/lib/python3.10/site-packages/airflow/example_dags/tutorial.py for tasks to queue
[2024-10-04 23:39:24,729] {logging_mixin.py:115} INFO - [2024-10-04 23:39:24,729] {dagbag.py:507} INFO - Filling up the DagBag from /home/kennedy/.local/lib/python3.10/site-packages/airflow/example_dags/tutorial.py
[2024-10-04 23:39:24,746] {processor.py:651} INFO - DAG(s) dict_keys(['tutorial']) retrieved from /home/kennedy/.local/lib/python3.10/site-packages/airflow/example_dags/tutorial.py
[2024-10-04 23:39:24,768] {logging_mixin.py:115} INFO - [2024-10-04 23:39:24,768] {dag.py:2379} INFO - Sync 1 DAGs
[2024-10-04 23:39:24,812] {logging_mixin.py:115} INFO - [2024-10-04 23:39:24,812] {dag.py:2927} INFO - Setting next_dagrun for tutorial to 2024-10-04T02:39:24.811901+00:00, run_after=2024-10-05T02:39:24.811901+00:00
[2024-10-04 23:39:25,598] {processor.py:161} INFO - Processing /home/kennedy/.local/lib/python3.10/site-packages/airflow/example_dags/tutorial.py took 0.884 seconds
[2024-10-04 23:40:22,600] {processor.py:153} INFO - Started process (PID=99284) to work on /home/kennedy/.local/lib/python3.10/site-packages/airflow/example_dags/tutorial.py
[2024-10-04 23:40:22,606] {processor.py:641} INFO - Processing file /home/kennedy/.local/lib/python3.10/site-packages/airflow/example_dags/tutorial.py for tasks to queue
[2024-10-04 23:40:22,607] {logging_mixin.py:115} INFO - [2024-10-04 23:40:22,607] {dagbag.py:507} INFO - Filling up the DagBag from /home/kennedy/.local/lib/python3.10/site-packages/airflow/example_dags/tutorial.py
[2024-10-04 23:40:22,618] {processor.py:651} INFO - DAG(s) dict_keys(['tutorial']) retrieved from /home/kennedy/.local/lib/python3.10/site-packages/airflow/example_dags/tutorial.py
[2024-10-04 23:40:22,713] {logging_mixin.py:115} INFO - [2024-10-04 23:40:22,713] {dag.py:2379} INFO - Sync 1 DAGs
[2024-10-04 23:40:22,757] {logging_mixin.py:115} INFO - [2024-10-04 23:40:22,757] {dag.py:2927} INFO - Setting next_dagrun for tutorial to 2024-10-04T02:40:22.756753+00:00, run_after=2024-10-05T02:40:22.756753+00:00
[2024-10-04 23:40:23,222] {processor.py:161} INFO - Processing /home/kennedy/.local/lib/python3.10/site-packages/airflow/example_dags/tutorial.py took 0.627 seconds
[2024-10-04 23:41:06,845] {processor.py:153} INFO - Started process (PID=99434) to work on /home/kennedy/.local/lib/python3.10/site-packages/airflow/example_dags/tutorial.py
[2024-10-04 23:41:06,859] {processor.py:641} INFO - Processing file /home/kennedy/.local/lib/python3.10/site-packages/airflow/example_dags/tutorial.py for tasks to queue
[2024-10-04 23:41:06,861] {logging_mixin.py:115} INFO - [2024-10-04 23:41:06,860] {dagbag.py:507} INFO - Filling up the DagBag from /home/kennedy/.local/lib/python3.10/site-packages/airflow/example_dags/tutorial.py
[2024-10-04 23:41:06,874] {processor.py:651} INFO - DAG(s) dict_keys(['tutorial']) retrieved from /home/kennedy/.local/lib/python3.10/site-packages/airflow/example_dags/tutorial.py
[2024-10-04 23:41:06,909] {logging_mixin.py:115} INFO - [2024-10-04 23:41:06,909] {dag.py:2379} INFO - Sync 1 DAGs
[2024-10-04 23:41:06,953] {logging_mixin.py:115} INFO - [2024-10-04 23:41:06,953] {dag.py:2927} INFO - Setting next_dagrun for tutorial to 2024-10-04T02:41:06.952675+00:00, run_after=2024-10-05T02:41:06.952675+00:00
[2024-10-04 23:41:07,104] {processor.py:161} INFO - Processing /home/kennedy/.local/lib/python3.10/site-packages/airflow/example_dags/tutorial.py took 0.266 seconds
[2024-10-04 23:41:46,444] {processor.py:153} INFO - Started process (PID=99520) to work on /home/kennedy/.local/lib/python3.10/site-packages/airflow/example_dags/tutorial.py
[2024-10-04 23:41:46,456] {processor.py:641} INFO - Processing file /home/kennedy/.local/lib/python3.10/site-packages/airflow/example_dags/tutorial.py for tasks to queue
[2024-10-04 23:41:46,457] {logging_mixin.py:115} INFO - [2024-10-04 23:41:46,457] {dagbag.py:507} INFO - Filling up the DagBag from /home/kennedy/.local/lib/python3.10/site-packages/airflow/example_dags/tutorial.py
[2024-10-04 23:41:46,472] {processor.py:651} INFO - DAG(s) dict_keys(['tutorial']) retrieved from /home/kennedy/.local/lib/python3.10/site-packages/airflow/example_dags/tutorial.py
[2024-10-04 23:41:46,513] {logging_mixin.py:115} INFO - [2024-10-04 23:41:46,512] {dag.py:2379} INFO - Sync 1 DAGs
[2024-10-04 23:41:46,563] {logging_mixin.py:115} INFO - [2024-10-04 23:41:46,562] {dag.py:2927} INFO - Setting next_dagrun for tutorial to 2024-10-04T02:41:46.562029+00:00, run_after=2024-10-05T02:41:46.562029+00:00
[2024-10-04 23:41:46,754] {processor.py:161} INFO - Processing /home/kennedy/.local/lib/python3.10/site-packages/airflow/example_dags/tutorial.py took 0.316 seconds
[2024-10-04 23:42:18,026] {processor.py:153} INFO - Started process (PID=99730) to work on /home/kennedy/.local/lib/python3.10/site-packages/airflow/example_dags/tutorial.py
[2024-10-04 23:42:19,440] {processor.py:641} INFO - Processing file /home/kennedy/.local/lib/python3.10/site-packages/airflow/example_dags/tutorial.py for tasks to queue
[2024-10-04 23:42:19,441] {logging_mixin.py:115} INFO - [2024-10-04 23:42:19,441] {dagbag.py:507} INFO - Filling up the DagBag from /home/kennedy/.local/lib/python3.10/site-packages/airflow/example_dags/tutorial.py
[2024-10-04 23:42:19,455] {processor.py:651} INFO - DAG(s) dict_keys(['tutorial']) retrieved from /home/kennedy/.local/lib/python3.10/site-packages/airflow/example_dags/tutorial.py
[2024-10-04 23:42:19,574] {logging_mixin.py:115} INFO - [2024-10-04 23:42:19,574] {dag.py:2379} INFO - Sync 1 DAGs
[2024-10-04 23:42:19,624] {logging_mixin.py:115} INFO - [2024-10-04 23:42:19,624] {dag.py:2927} INFO - Setting next_dagrun for tutorial to 2024-10-04T02:42:19.623755+00:00, run_after=2024-10-05T02:42:19.623755+00:00
[2024-10-04 23:42:19,727] {processor.py:161} INFO - Processing /home/kennedy/.local/lib/python3.10/site-packages/airflow/example_dags/tutorial.py took 1.709 seconds
[2024-10-04 23:42:43,470] {processor.py:153} INFO - Started process (PID=99763) to work on /home/kennedy/.local/lib/python3.10/site-packages/airflow/example_dags/tutorial.py
[2024-10-04 23:42:43,471] {processor.py:641} INFO - Processing file /home/kennedy/.local/lib/python3.10/site-packages/airflow/example_dags/tutorial.py for tasks to queue
[2024-10-04 23:42:43,472] {logging_mixin.py:115} INFO - [2024-10-04 23:42:43,472] {dagbag.py:507} INFO - Filling up the DagBag from /home/kennedy/.local/lib/python3.10/site-packages/airflow/example_dags/tutorial.py
[2024-10-04 23:42:43,484] {processor.py:651} INFO - DAG(s) dict_keys(['tutorial']) retrieved from /home/kennedy/.local/lib/python3.10/site-packages/airflow/example_dags/tutorial.py
[2024-10-04 23:42:43,520] {logging_mixin.py:115} INFO - [2024-10-04 23:42:43,520] {dag.py:2379} INFO - Sync 1 DAGs
[2024-10-04 23:42:43,553] {logging_mixin.py:115} INFO - [2024-10-04 23:42:43,553] {dag.py:2927} INFO - Setting next_dagrun for tutorial to 2024-10-04T02:42:43.553157+00:00, run_after=2024-10-05T02:42:43.553157+00:00
[2024-10-04 23:42:44,822] {processor.py:161} INFO - Processing /home/kennedy/.local/lib/python3.10/site-packages/airflow/example_dags/tutorial.py took 1.359 seconds
[2024-10-04 23:43:36,146] {processor.py:153} INFO - Started process (PID=99825) to work on /home/kennedy/.local/lib/python3.10/site-packages/airflow/example_dags/tutorial.py
[2024-10-04 23:43:36,322] {processor.py:641} INFO - Processing file /home/kennedy/.local/lib/python3.10/site-packages/airflow/example_dags/tutorial.py for tasks to queue
[2024-10-04 23:43:36,324] {logging_mixin.py:115} INFO - [2024-10-04 23:43:36,323] {dagbag.py:507} INFO - Filling up the DagBag from /home/kennedy/.local/lib/python3.10/site-packages/airflow/example_dags/tutorial.py
[2024-10-04 23:43:36,341] {processor.py:651} INFO - DAG(s) dict_keys(['tutorial']) retrieved from /home/kennedy/.local/lib/python3.10/site-packages/airflow/example_dags/tutorial.py
[2024-10-04 23:43:38,368] {logging_mixin.py:115} INFO - [2024-10-04 23:43:38,367] {dag.py:2379} INFO - Sync 1 DAGs
[2024-10-04 23:43:38,406] {logging_mixin.py:115} INFO - [2024-10-04 23:43:38,406] {dag.py:2927} INFO - Setting next_dagrun for tutorial to 2024-10-04T02:43:38.405856+00:00, run_after=2024-10-05T02:43:38.405856+00:00
[2024-10-04 23:43:39,630] {processor.py:161} INFO - Processing /home/kennedy/.local/lib/python3.10/site-packages/airflow/example_dags/tutorial.py took 3.491 seconds
[2024-10-04 23:43:48,944] {processor.py:153} INFO - Started process (PID=99838) to work on /home/kennedy/.local/lib/python3.10/site-packages/airflow/example_dags/tutorial.py
[2024-10-04 23:43:49,117] {processor.py:641} INFO - Processing file /home/kennedy/.local/lib/python3.10/site-packages/airflow/example_dags/tutorial.py for tasks to queue
[2024-10-04 23:43:49,118] {logging_mixin.py:115} INFO - [2024-10-04 23:43:49,118] {dagbag.py:507} INFO - Filling up the DagBag from /home/kennedy/.local/lib/python3.10/site-packages/airflow/example_dags/tutorial.py
[2024-10-04 23:43:49,132] {processor.py:651} INFO - DAG(s) dict_keys(['tutorial']) retrieved from /home/kennedy/.local/lib/python3.10/site-packages/airflow/example_dags/tutorial.py
[2024-10-04 23:43:49,502] {logging_mixin.py:115} INFO - [2024-10-04 23:43:49,502] {dag.py:2379} INFO - Sync 1 DAGs
[2024-10-04 23:43:49,554] {logging_mixin.py:115} INFO - [2024-10-04 23:43:49,554] {dag.py:2927} INFO - Setting next_dagrun for tutorial to 2024-10-04T02:43:49.553407+00:00, run_after=2024-10-05T02:43:49.553407+00:00
[2024-10-04 23:43:49,682] {processor.py:161} INFO - Processing /home/kennedy/.local/lib/python3.10/site-packages/airflow/example_dags/tutorial.py took 0.745 seconds
[2024-10-04 23:44:25,601] {processor.py:153} INFO - Started process (PID=99899) to work on /home/kennedy/.local/lib/python3.10/site-packages/airflow/example_dags/tutorial.py
[2024-10-04 23:44:25,606] {processor.py:641} INFO - Processing file /home/kennedy/.local/lib/python3.10/site-packages/airflow/example_dags/tutorial.py for tasks to queue
[2024-10-04 23:44:25,607] {logging_mixin.py:115} INFO - [2024-10-04 23:44:25,607] {dagbag.py:507} INFO - Filling up the DagBag from /home/kennedy/.local/lib/python3.10/site-packages/airflow/example_dags/tutorial.py
[2024-10-04 23:44:25,611] {processor.py:651} INFO - DAG(s) dict_keys(['tutorial']) retrieved from /home/kennedy/.local/lib/python3.10/site-packages/airflow/example_dags/tutorial.py
[2024-10-04 23:44:25,625] {logging_mixin.py:115} INFO - [2024-10-04 23:44:25,625] {dag.py:2379} INFO - Sync 1 DAGs
[2024-10-04 23:44:25,637] {logging_mixin.py:115} INFO - [2024-10-04 23:44:25,637] {dag.py:2927} INFO - Setting next_dagrun for tutorial to 2024-10-04T02:44:25.637564+00:00, run_after=2024-10-05T02:44:25.637564+00:00
[2024-10-04 23:44:27,036] {processor.py:161} INFO - Processing /home/kennedy/.local/lib/python3.10/site-packages/airflow/example_dags/tutorial.py took 1.437 seconds
[2024-10-04 23:44:49,266] {processor.py:153} INFO - Started process (PID=100018) to work on /home/kennedy/.local/lib/python3.10/site-packages/airflow/example_dags/tutorial.py
[2024-10-04 23:44:49,486] {processor.py:641} INFO - Processing file /home/kennedy/.local/lib/python3.10/site-packages/airflow/example_dags/tutorial.py for tasks to queue
[2024-10-04 23:44:49,487] {logging_mixin.py:115} INFO - [2024-10-04 23:44:49,487] {dagbag.py:507} INFO - Filling up the DagBag from /home/kennedy/.local/lib/python3.10/site-packages/airflow/example_dags/tutorial.py
[2024-10-04 23:44:49,501] {processor.py:651} INFO - DAG(s) dict_keys(['tutorial']) retrieved from /home/kennedy/.local/lib/python3.10/site-packages/airflow/example_dags/tutorial.py
[2024-10-04 23:44:49,540] {logging_mixin.py:115} INFO - [2024-10-04 23:44:49,540] {dag.py:2379} INFO - Sync 1 DAGs
[2024-10-04 23:44:49,588] {logging_mixin.py:115} INFO - [2024-10-04 23:44:49,588] {dag.py:2927} INFO - Setting next_dagrun for tutorial to 2024-10-04T02:44:49.588080+00:00, run_after=2024-10-05T02:44:49.588080+00:00
[2024-10-04 23:44:51,128] {processor.py:161} INFO - Processing /home/kennedy/.local/lib/python3.10/site-packages/airflow/example_dags/tutorial.py took 1.870 seconds
[2024-10-04 23:45:19,069] {processor.py:153} INFO - Started process (PID=100176) to work on /home/kennedy/.local/lib/python3.10/site-packages/airflow/example_dags/tutorial.py
[2024-10-04 23:45:19,082] {processor.py:641} INFO - Processing file /home/kennedy/.local/lib/python3.10/site-packages/airflow/example_dags/tutorial.py for tasks to queue
[2024-10-04 23:45:19,083] {logging_mixin.py:115} INFO - [2024-10-04 23:45:19,083] {dagbag.py:507} INFO - Filling up the DagBag from /home/kennedy/.local/lib/python3.10/site-packages/airflow/example_dags/tutorial.py
[2024-10-04 23:45:19,095] {processor.py:651} INFO - DAG(s) dict_keys(['tutorial']) retrieved from /home/kennedy/.local/lib/python3.10/site-packages/airflow/example_dags/tutorial.py
[2024-10-04 23:45:19,196] {logging_mixin.py:115} INFO - [2024-10-04 23:45:19,196] {dag.py:2379} INFO - Sync 1 DAGs
[2024-10-04 23:45:19,228] {logging_mixin.py:115} INFO - [2024-10-04 23:45:19,227] {dag.py:2927} INFO - Setting next_dagrun for tutorial to 2024-10-04T02:45:19.227383+00:00, run_after=2024-10-05T02:45:19.227383+00:00
[2024-10-04 23:45:19,349] {processor.py:161} INFO - Processing /home/kennedy/.local/lib/python3.10/site-packages/airflow/example_dags/tutorial.py took 0.286 seconds
[2024-10-04 23:46:25,470] {processor.py:153} INFO - Started process (PID=101093) to work on /home/kennedy/.local/lib/python3.10/site-packages/airflow/example_dags/tutorial.py
[2024-10-04 23:46:25,489] {processor.py:641} INFO - Processing file /home/kennedy/.local/lib/python3.10/site-packages/airflow/example_dags/tutorial.py for tasks to queue
[2024-10-04 23:46:25,491] {logging_mixin.py:115} INFO - [2024-10-04 23:46:25,490] {dagbag.py:507} INFO - Filling up the DagBag from /home/kennedy/.local/lib/python3.10/site-packages/airflow/example_dags/tutorial.py
[2024-10-04 23:46:25,503] {processor.py:651} INFO - DAG(s) dict_keys(['tutorial']) retrieved from /home/kennedy/.local/lib/python3.10/site-packages/airflow/example_dags/tutorial.py
[2024-10-04 23:46:25,548] {logging_mixin.py:115} INFO - [2024-10-04 23:46:25,548] {dag.py:2379} INFO - Sync 1 DAGs
[2024-10-04 23:46:25,582] {logging_mixin.py:115} INFO - [2024-10-04 23:46:25,582] {dag.py:2927} INFO - Setting next_dagrun for tutorial to 2024-10-04T02:46:25.581984+00:00, run_after=2024-10-05T02:46:25.581984+00:00
[2024-10-04 23:46:25,754] {processor.py:161} INFO - Processing /home/kennedy/.local/lib/python3.10/site-packages/airflow/example_dags/tutorial.py took 0.290 seconds
[2024-10-04 23:47:29,640] {processor.py:153} INFO - Started process (PID=101358) to work on /home/kennedy/.local/lib/python3.10/site-packages/airflow/example_dags/tutorial.py
[2024-10-04 23:47:30,009] {processor.py:641} INFO - Processing file /home/kennedy/.local/lib/python3.10/site-packages/airflow/example_dags/tutorial.py for tasks to queue
[2024-10-04 23:47:30,010] {logging_mixin.py:115} INFO - [2024-10-04 23:47:30,010] {dagbag.py:507} INFO - Filling up the DagBag from /home/kennedy/.local/lib/python3.10/site-packages/airflow/example_dags/tutorial.py
[2024-10-04 23:47:30,015] {processor.py:651} INFO - DAG(s) dict_keys(['tutorial']) retrieved from /home/kennedy/.local/lib/python3.10/site-packages/airflow/example_dags/tutorial.py
[2024-10-04 23:47:30,031] {logging_mixin.py:115} INFO - [2024-10-04 23:47:30,031] {dag.py:2379} INFO - Sync 1 DAGs
[2024-10-04 23:47:30,046] {logging_mixin.py:115} INFO - [2024-10-04 23:47:30,046] {dag.py:2927} INFO - Setting next_dagrun for tutorial to 2024-10-04T02:47:30.046247+00:00, run_after=2024-10-05T02:47:30.046247+00:00
[2024-10-04 23:47:30,429] {processor.py:161} INFO - Processing /home/kennedy/.local/lib/python3.10/site-packages/airflow/example_dags/tutorial.py took 0.791 seconds
[2024-10-04 23:48:30,289] {processor.py:153} INFO - Started process (PID=101772) to work on /home/kennedy/.local/lib/python3.10/site-packages/airflow/example_dags/tutorial.py
[2024-10-04 23:48:30,371] {processor.py:641} INFO - Processing file /home/kennedy/.local/lib/python3.10/site-packages/airflow/example_dags/tutorial.py for tasks to queue
[2024-10-04 23:48:30,372] {logging_mixin.py:115} INFO - [2024-10-04 23:48:30,372] {dagbag.py:507} INFO - Filling up the DagBag from /home/kennedy/.local/lib/python3.10/site-packages/airflow/example_dags/tutorial.py
[2024-10-04 23:48:30,382] {processor.py:651} INFO - DAG(s) dict_keys(['tutorial']) retrieved from /home/kennedy/.local/lib/python3.10/site-packages/airflow/example_dags/tutorial.py
[2024-10-04 23:48:33,343] {logging_mixin.py:115} INFO - [2024-10-04 23:48:33,343] {dag.py:2379} INFO - Sync 1 DAGs
[2024-10-04 23:48:33,373] {logging_mixin.py:115} INFO - [2024-10-04 23:48:33,373] {dag.py:2927} INFO - Setting next_dagrun for tutorial to 2024-10-04T02:48:33.372741+00:00, run_after=2024-10-05T02:48:33.372741+00:00
[2024-10-04 23:48:33,936] {processor.py:161} INFO - Processing /home/kennedy/.local/lib/python3.10/site-packages/airflow/example_dags/tutorial.py took 3.652 seconds
[2024-10-04 23:49:36,086] {processor.py:153} INFO - Started process (PID=102344) to work on /home/kennedy/.local/lib/python3.10/site-packages/airflow/example_dags/tutorial.py
[2024-10-04 23:49:36,099] {processor.py:641} INFO - Processing file /home/kennedy/.local/lib/python3.10/site-packages/airflow/example_dags/tutorial.py for tasks to queue
[2024-10-04 23:49:36,100] {logging_mixin.py:115} INFO - [2024-10-04 23:49:36,099] {dagbag.py:507} INFO - Filling up the DagBag from /home/kennedy/.local/lib/python3.10/site-packages/airflow/example_dags/tutorial.py
[2024-10-04 23:49:36,112] {processor.py:651} INFO - DAG(s) dict_keys(['tutorial']) retrieved from /home/kennedy/.local/lib/python3.10/site-packages/airflow/example_dags/tutorial.py
[2024-10-04 23:49:36,152] {logging_mixin.py:115} INFO - [2024-10-04 23:49:36,152] {dag.py:2379} INFO - Sync 1 DAGs
[2024-10-04 23:49:36,190] {logging_mixin.py:115} INFO - [2024-10-04 23:49:36,190] {dag.py:2927} INFO - Setting next_dagrun for tutorial to 2024-10-04T02:49:36.189756+00:00, run_after=2024-10-05T02:49:36.189756+00:00
[2024-10-04 23:49:36,808] {processor.py:161} INFO - Processing /home/kennedy/.local/lib/python3.10/site-packages/airflow/example_dags/tutorial.py took 0.730 seconds
[2024-10-04 23:50:39,539] {processor.py:153} INFO - Started process (PID=102428) to work on /home/kennedy/.local/lib/python3.10/site-packages/airflow/example_dags/tutorial.py
[2024-10-04 23:50:39,570] {processor.py:641} INFO - Processing file /home/kennedy/.local/lib/python3.10/site-packages/airflow/example_dags/tutorial.py for tasks to queue
[2024-10-04 23:50:39,571] {logging_mixin.py:115} INFO - [2024-10-04 23:50:39,571] {dagbag.py:507} INFO - Filling up the DagBag from /home/kennedy/.local/lib/python3.10/site-packages/airflow/example_dags/tutorial.py
[2024-10-04 23:50:39,584] {processor.py:651} INFO - DAG(s) dict_keys(['tutorial']) retrieved from /home/kennedy/.local/lib/python3.10/site-packages/airflow/example_dags/tutorial.py
[2024-10-04 23:50:39,624] {logging_mixin.py:115} INFO - [2024-10-04 23:50:39,624] {dag.py:2379} INFO - Sync 1 DAGs
[2024-10-04 23:50:39,662] {logging_mixin.py:115} INFO - [2024-10-04 23:50:39,662] {dag.py:2927} INFO - Setting next_dagrun for tutorial to 2024-10-04T02:50:39.661617+00:00, run_after=2024-10-05T02:50:39.661617+00:00
[2024-10-04 23:50:39,908] {processor.py:161} INFO - Processing /home/kennedy/.local/lib/python3.10/site-packages/airflow/example_dags/tutorial.py took 0.375 seconds
[2024-10-04 23:51:38,450] {processor.py:153} INFO - Started process (PID=102687) to work on /home/kennedy/.local/lib/python3.10/site-packages/airflow/example_dags/tutorial.py
[2024-10-04 23:51:38,599] {processor.py:641} INFO - Processing file /home/kennedy/.local/lib/python3.10/site-packages/airflow/example_dags/tutorial.py for tasks to queue
[2024-10-04 23:51:38,601] {logging_mixin.py:115} INFO - [2024-10-04 23:51:38,600] {dagbag.py:507} INFO - Filling up the DagBag from /home/kennedy/.local/lib/python3.10/site-packages/airflow/example_dags/tutorial.py
[2024-10-04 23:51:38,614] {processor.py:651} INFO - DAG(s) dict_keys(['tutorial']) retrieved from /home/kennedy/.local/lib/python3.10/site-packages/airflow/example_dags/tutorial.py
[2024-10-04 23:51:38,658] {logging_mixin.py:115} INFO - [2024-10-04 23:51:38,658] {dag.py:2379} INFO - Sync 1 DAGs
[2024-10-04 23:51:38,696] {logging_mixin.py:115} INFO - [2024-10-04 23:51:38,696] {dag.py:2927} INFO - Setting next_dagrun for tutorial to 2024-10-04T02:51:38.695955+00:00, run_after=2024-10-05T02:51:38.695955+00:00
[2024-10-04 23:51:39,818] {processor.py:161} INFO - Processing /home/kennedy/.local/lib/python3.10/site-packages/airflow/example_dags/tutorial.py took 1.375 seconds
[2024-10-04 23:52:26,710] {processor.py:153} INFO - Started process (PID=102841) to work on /home/kennedy/.local/lib/python3.10/site-packages/airflow/example_dags/tutorial.py
[2024-10-04 23:52:26,717] {processor.py:641} INFO - Processing file /home/kennedy/.local/lib/python3.10/site-packages/airflow/example_dags/tutorial.py for tasks to queue
[2024-10-04 23:52:26,718] {logging_mixin.py:115} INFO - [2024-10-04 23:52:26,718] {dagbag.py:507} INFO - Filling up the DagBag from /home/kennedy/.local/lib/python3.10/site-packages/airflow/example_dags/tutorial.py
[2024-10-04 23:52:26,731] {processor.py:651} INFO - DAG(s) dict_keys(['tutorial']) retrieved from /home/kennedy/.local/lib/python3.10/site-packages/airflow/example_dags/tutorial.py
[2024-10-04 23:52:26,773] {logging_mixin.py:115} INFO - [2024-10-04 23:52:26,772] {dag.py:2379} INFO - Sync 1 DAGs
[2024-10-04 23:52:26,812] {logging_mixin.py:115} INFO - [2024-10-04 23:52:26,812] {dag.py:2927} INFO - Setting next_dagrun for tutorial to 2024-10-04T02:52:26.811584+00:00, run_after=2024-10-05T02:52:26.811584+00:00
[2024-10-04 23:52:26,908] {processor.py:161} INFO - Processing /home/kennedy/.local/lib/python3.10/site-packages/airflow/example_dags/tutorial.py took 0.205 seconds
[2024-10-04 23:53:53,345] {processor.py:153} INFO - Started process (PID=103726) to work on /home/kennedy/.local/lib/python3.10/site-packages/airflow/example_dags/tutorial.py
[2024-10-04 23:53:53,438] {processor.py:641} INFO - Processing file /home/kennedy/.local/lib/python3.10/site-packages/airflow/example_dags/tutorial.py for tasks to queue
[2024-10-04 23:53:53,440] {logging_mixin.py:115} INFO - [2024-10-04 23:53:53,440] {dagbag.py:507} INFO - Filling up the DagBag from /home/kennedy/.local/lib/python3.10/site-packages/airflow/example_dags/tutorial.py
[2024-10-04 23:53:53,458] {processor.py:651} INFO - DAG(s) dict_keys(['tutorial']) retrieved from /home/kennedy/.local/lib/python3.10/site-packages/airflow/example_dags/tutorial.py
[2024-10-04 23:53:53,509] {logging_mixin.py:115} INFO - [2024-10-04 23:53:53,509] {dag.py:2379} INFO - Sync 1 DAGs
[2024-10-04 23:53:53,564] {logging_mixin.py:115} INFO - [2024-10-04 23:53:53,564] {dag.py:2927} INFO - Setting next_dagrun for tutorial to 2024-10-04T02:53:53.563598+00:00, run_after=2024-10-05T02:53:53.563598+00:00
[2024-10-04 23:53:55,193] {processor.py:161} INFO - Processing /home/kennedy/.local/lib/python3.10/site-packages/airflow/example_dags/tutorial.py took 1.855 seconds
[2024-10-04 23:54:52,268] {processor.py:153} INFO - Started process (PID=103899) to work on /home/kennedy/.local/lib/python3.10/site-packages/airflow/example_dags/tutorial.py
[2024-10-04 23:54:52,269] {processor.py:641} INFO - Processing file /home/kennedy/.local/lib/python3.10/site-packages/airflow/example_dags/tutorial.py for tasks to queue
[2024-10-04 23:54:52,270] {logging_mixin.py:115} INFO - [2024-10-04 23:54:52,270] {dagbag.py:507} INFO - Filling up the DagBag from /home/kennedy/.local/lib/python3.10/site-packages/airflow/example_dags/tutorial.py
[2024-10-04 23:54:52,282] {processor.py:651} INFO - DAG(s) dict_keys(['tutorial']) retrieved from /home/kennedy/.local/lib/python3.10/site-packages/airflow/example_dags/tutorial.py
[2024-10-04 23:54:52,327] {logging_mixin.py:115} INFO - [2024-10-04 23:54:52,327] {dag.py:2379} INFO - Sync 1 DAGs
[2024-10-04 23:54:52,383] {logging_mixin.py:115} INFO - [2024-10-04 23:54:52,382] {dag.py:2927} INFO - Setting next_dagrun for tutorial to 2024-10-04T02:54:52.381783+00:00, run_after=2024-10-05T02:54:52.381783+00:00
[2024-10-04 23:54:53,683] {processor.py:161} INFO - Processing /home/kennedy/.local/lib/python3.10/site-packages/airflow/example_dags/tutorial.py took 1.422 seconds
[2024-10-04 23:55:44,617] {processor.py:153} INFO - Started process (PID=103990) to work on /home/kennedy/.local/lib/python3.10/site-packages/airflow/example_dags/tutorial.py
[2024-10-04 23:55:44,618] {processor.py:641} INFO - Processing file /home/kennedy/.local/lib/python3.10/site-packages/airflow/example_dags/tutorial.py for tasks to queue
[2024-10-04 23:55:44,620] {logging_mixin.py:115} INFO - [2024-10-04 23:55:44,620] {dagbag.py:507} INFO - Filling up the DagBag from /home/kennedy/.local/lib/python3.10/site-packages/airflow/example_dags/tutorial.py
[2024-10-04 23:55:44,636] {processor.py:651} INFO - DAG(s) dict_keys(['tutorial']) retrieved from /home/kennedy/.local/lib/python3.10/site-packages/airflow/example_dags/tutorial.py
[2024-10-04 23:55:44,688] {logging_mixin.py:115} INFO - [2024-10-04 23:55:44,688] {dag.py:2379} INFO - Sync 1 DAGs
[2024-10-04 23:55:44,742] {logging_mixin.py:115} INFO - [2024-10-04 23:55:44,741] {dag.py:2927} INFO - Setting next_dagrun for tutorial to 2024-10-04T02:55:44.741102+00:00, run_after=2024-10-05T02:55:44.741102+00:00
[2024-10-04 23:55:45,005] {processor.py:161} INFO - Processing /home/kennedy/.local/lib/python3.10/site-packages/airflow/example_dags/tutorial.py took 0.398 seconds
[2024-10-04 23:56:47,908] {processor.py:153} INFO - Started process (PID=104992) to work on /home/kennedy/.local/lib/python3.10/site-packages/airflow/example_dags/tutorial.py
[2024-10-04 23:56:47,934] {processor.py:641} INFO - Processing file /home/kennedy/.local/lib/python3.10/site-packages/airflow/example_dags/tutorial.py for tasks to queue
[2024-10-04 23:56:47,935] {logging_mixin.py:115} INFO - [2024-10-04 23:56:47,935] {dagbag.py:507} INFO - Filling up the DagBag from /home/kennedy/.local/lib/python3.10/site-packages/airflow/example_dags/tutorial.py
[2024-10-04 23:56:47,948] {processor.py:651} INFO - DAG(s) dict_keys(['tutorial']) retrieved from /home/kennedy/.local/lib/python3.10/site-packages/airflow/example_dags/tutorial.py
[2024-10-04 23:56:47,988] {logging_mixin.py:115} INFO - [2024-10-04 23:56:47,988] {dag.py:2379} INFO - Sync 1 DAGs
[2024-10-04 23:56:48,025] {logging_mixin.py:115} INFO - [2024-10-04 23:56:48,025] {dag.py:2927} INFO - Setting next_dagrun for tutorial to 2024-10-04T02:56:48.024505+00:00, run_after=2024-10-05T02:56:48.024505+00:00
[2024-10-04 23:56:49,703] {processor.py:161} INFO - Processing /home/kennedy/.local/lib/python3.10/site-packages/airflow/example_dags/tutorial.py took 1.802 seconds
[2024-10-04 23:57:50,021] {processor.py:153} INFO - Started process (PID=105216) to work on /home/kennedy/.local/lib/python3.10/site-packages/airflow/example_dags/tutorial.py
[2024-10-04 23:57:50,065] {processor.py:641} INFO - Processing file /home/kennedy/.local/lib/python3.10/site-packages/airflow/example_dags/tutorial.py for tasks to queue
[2024-10-04 23:57:50,067] {logging_mixin.py:115} INFO - [2024-10-04 23:57:50,067] {dagbag.py:507} INFO - Filling up the DagBag from /home/kennedy/.local/lib/python3.10/site-packages/airflow/example_dags/tutorial.py
[2024-10-04 23:57:50,085] {processor.py:651} INFO - DAG(s) dict_keys(['tutorial']) retrieved from /home/kennedy/.local/lib/python3.10/site-packages/airflow/example_dags/tutorial.py
[2024-10-04 23:57:50,137] {logging_mixin.py:115} INFO - [2024-10-04 23:57:50,137] {dag.py:2379} INFO - Sync 1 DAGs
[2024-10-04 23:57:50,186] {logging_mixin.py:115} INFO - [2024-10-04 23:57:50,186] {dag.py:2927} INFO - Setting next_dagrun for tutorial to 2024-10-04T02:57:50.185541+00:00, run_after=2024-10-05T02:57:50.185541+00:00
[2024-10-04 23:57:50,650] {processor.py:161} INFO - Processing /home/kennedy/.local/lib/python3.10/site-packages/airflow/example_dags/tutorial.py took 0.638 seconds
[2024-10-04 23:58:51,078] {processor.py:153} INFO - Started process (PID=105316) to work on /home/kennedy/.local/lib/python3.10/site-packages/airflow/example_dags/tutorial.py
[2024-10-04 23:58:51,182] {processor.py:641} INFO - Processing file /home/kennedy/.local/lib/python3.10/site-packages/airflow/example_dags/tutorial.py for tasks to queue
[2024-10-04 23:58:51,183] {logging_mixin.py:115} INFO - [2024-10-04 23:58:51,183] {dagbag.py:507} INFO - Filling up the DagBag from /home/kennedy/.local/lib/python3.10/site-packages/airflow/example_dags/tutorial.py
[2024-10-04 23:58:51,197] {processor.py:651} INFO - DAG(s) dict_keys(['tutorial']) retrieved from /home/kennedy/.local/lib/python3.10/site-packages/airflow/example_dags/tutorial.py
[2024-10-04 23:58:51,244] {logging_mixin.py:115} INFO - [2024-10-04 23:58:51,244] {dag.py:2379} INFO - Sync 1 DAGs
[2024-10-04 23:58:51,286] {logging_mixin.py:115} INFO - [2024-10-04 23:58:51,286] {dag.py:2927} INFO - Setting next_dagrun for tutorial to 2024-10-04T02:58:51.285577+00:00, run_after=2024-10-05T02:58:51.285577+00:00
[2024-10-04 23:58:51,442] {processor.py:161} INFO - Processing /home/kennedy/.local/lib/python3.10/site-packages/airflow/example_dags/tutorial.py took 0.371 seconds
[2024-10-04 23:59:46,196] {processor.py:153} INFO - Started process (PID=105450) to work on /home/kennedy/.local/lib/python3.10/site-packages/airflow/example_dags/tutorial.py
[2024-10-04 23:59:46,204] {processor.py:641} INFO - Processing file /home/kennedy/.local/lib/python3.10/site-packages/airflow/example_dags/tutorial.py for tasks to queue
[2024-10-04 23:59:46,205] {logging_mixin.py:115} INFO - [2024-10-04 23:59:46,205] {dagbag.py:507} INFO - Filling up the DagBag from /home/kennedy/.local/lib/python3.10/site-packages/airflow/example_dags/tutorial.py
[2024-10-04 23:59:46,219] {processor.py:651} INFO - DAG(s) dict_keys(['tutorial']) retrieved from /home/kennedy/.local/lib/python3.10/site-packages/airflow/example_dags/tutorial.py
[2024-10-04 23:59:46,264] {logging_mixin.py:115} INFO - [2024-10-04 23:59:46,264] {dag.py:2379} INFO - Sync 1 DAGs
[2024-10-04 23:59:46,302] {logging_mixin.py:115} INFO - [2024-10-04 23:59:46,301] {dag.py:2927} INFO - Setting next_dagrun for tutorial to 2024-10-04T02:59:46.301310+00:00, run_after=2024-10-05T02:59:46.301310+00:00
[2024-10-04 23:59:46,676] {processor.py:161} INFO - Processing /home/kennedy/.local/lib/python3.10/site-packages/airflow/example_dags/tutorial.py took 0.487 seconds
[2024-10-05 00:00:40,197] {processor.py:153} INFO - Started process (PID=105617) to work on /home/kennedy/.local/lib/python3.10/site-packages/airflow/example_dags/tutorial.py
[2024-10-05 00:00:40,264] {processor.py:641} INFO - Processing file /home/kennedy/.local/lib/python3.10/site-packages/airflow/example_dags/tutorial.py for tasks to queue
[2024-10-05 00:00:40,265] {logging_mixin.py:115} INFO - [2024-10-05 00:00:40,265] {dagbag.py:507} INFO - Filling up the DagBag from /home/kennedy/.local/lib/python3.10/site-packages/airflow/example_dags/tutorial.py
[2024-10-05 00:00:40,278] {processor.py:651} INFO - DAG(s) dict_keys(['tutorial']) retrieved from /home/kennedy/.local/lib/python3.10/site-packages/airflow/example_dags/tutorial.py
[2024-10-05 00:00:40,318] {logging_mixin.py:115} INFO - [2024-10-05 00:00:40,317] {dag.py:2379} INFO - Sync 1 DAGs
[2024-10-05 00:00:40,354] {logging_mixin.py:115} INFO - [2024-10-05 00:00:40,354] {dag.py:2927} INFO - Setting next_dagrun for tutorial to 2024-10-04T03:00:40.353926+00:00, run_after=2024-10-05T03:00:40.353926+00:00
[2024-10-05 00:00:42,057] {processor.py:161} INFO - Processing /home/kennedy/.local/lib/python3.10/site-packages/airflow/example_dags/tutorial.py took 1.866 seconds
[2024-10-05 00:01:26,318] {processor.py:153} INFO - Started process (PID=105796) to work on /home/kennedy/.local/lib/python3.10/site-packages/airflow/example_dags/tutorial.py
[2024-10-05 00:01:26,350] {processor.py:641} INFO - Processing file /home/kennedy/.local/lib/python3.10/site-packages/airflow/example_dags/tutorial.py for tasks to queue
[2024-10-05 00:01:26,351] {logging_mixin.py:115} INFO - [2024-10-05 00:01:26,351] {dagbag.py:507} INFO - Filling up the DagBag from /home/kennedy/.local/lib/python3.10/site-packages/airflow/example_dags/tutorial.py
[2024-10-05 00:01:26,364] {processor.py:651} INFO - DAG(s) dict_keys(['tutorial']) retrieved from /home/kennedy/.local/lib/python3.10/site-packages/airflow/example_dags/tutorial.py
[2024-10-05 00:01:26,403] {logging_mixin.py:115} INFO - [2024-10-05 00:01:26,403] {dag.py:2379} INFO - Sync 1 DAGs
[2024-10-05 00:01:26,445] {logging_mixin.py:115} INFO - [2024-10-05 00:01:26,445] {dag.py:2927} INFO - Setting next_dagrun for tutorial to 2024-10-04T03:01:26.444845+00:00, run_after=2024-10-05T03:01:26.444845+00:00
[2024-10-05 00:01:27,296] {processor.py:161} INFO - Processing /home/kennedy/.local/lib/python3.10/site-packages/airflow/example_dags/tutorial.py took 0.985 seconds
