[2024-10-04 23:32:18,351] {processor.py:153} INFO - Started process (PID=96211) to work on /home/kennedy/.local/lib/python3.10/site-packages/airflow/example_dags/tutorial_taskflow_api_etl_virtualenv.py
[2024-10-04 23:32:18,352] {processor.py:641} INFO - Processing file /home/kennedy/.local/lib/python3.10/site-packages/airflow/example_dags/tutorial_taskflow_api_etl_virtualenv.py for tasks to queue
[2024-10-04 23:32:18,352] {logging_mixin.py:115} INFO - [2024-10-04 23:32:18,352] {dagbag.py:507} INFO - Filling up the DagBag from /home/kennedy/.local/lib/python3.10/site-packages/airflow/example_dags/tutorial_taskflow_api_etl_virtualenv.py
[2024-10-04 23:32:18,374] {processor.py:651} INFO - DAG(s) dict_keys(['tutorial_taskflow_api_etl_virtualenv']) retrieved from /home/kennedy/.local/lib/python3.10/site-packages/airflow/example_dags/tutorial_taskflow_api_etl_virtualenv.py
[2024-10-04 23:32:20,564] {logging_mixin.py:115} INFO - [2024-10-04 23:32:20,564] {manager.py:508} INFO - Created Permission View: can edit on DAG:tutorial_taskflow_api_etl_virtualenv
[2024-10-04 23:32:20,744] {logging_mixin.py:115} INFO - [2024-10-04 23:32:20,744] {manager.py:508} INFO - Created Permission View: can delete on DAG:tutorial_taskflow_api_etl_virtualenv
[2024-10-04 23:32:20,846] {logging_mixin.py:115} INFO - [2024-10-04 23:32:20,846] {manager.py:508} INFO - Created Permission View: can read on DAG:tutorial_taskflow_api_etl_virtualenv
[2024-10-04 23:32:20,847] {logging_mixin.py:115} INFO - [2024-10-04 23:32:20,847] {dag.py:2379} INFO - Sync 1 DAGs
[2024-10-04 23:32:20,867] {logging_mixin.py:115} INFO - [2024-10-04 23:32:20,866] {dag.py:2398} INFO - Creating ORM DAG for tutorial_taskflow_api_etl_virtualenv
[2024-10-04 23:32:20,887] {logging_mixin.py:115} INFO - [2024-10-04 23:32:20,887] {dag.py:2927} INFO - Setting next_dagrun for tutorial_taskflow_api_etl_virtualenv to None, run_after=None
[2024-10-04 23:32:21,072] {processor.py:161} INFO - Processing /home/kennedy/.local/lib/python3.10/site-packages/airflow/example_dags/tutorial_taskflow_api_etl_virtualenv.py took 2.726 seconds
[2024-10-04 23:34:04,126] {processor.py:153} INFO - Started process (PID=97060) to work on /home/kennedy/.local/lib/python3.10/site-packages/airflow/example_dags/tutorial_taskflow_api_etl_virtualenv.py
[2024-10-04 23:34:04,142] {processor.py:641} INFO - Processing file /home/kennedy/.local/lib/python3.10/site-packages/airflow/example_dags/tutorial_taskflow_api_etl_virtualenv.py for tasks to queue
[2024-10-04 23:34:04,143] {logging_mixin.py:115} INFO - [2024-10-04 23:34:04,143] {dagbag.py:507} INFO - Filling up the DagBag from /home/kennedy/.local/lib/python3.10/site-packages/airflow/example_dags/tutorial_taskflow_api_etl_virtualenv.py
[2024-10-04 23:34:04,209] {processor.py:651} INFO - DAG(s) dict_keys(['tutorial_taskflow_api_etl_virtualenv']) retrieved from /home/kennedy/.local/lib/python3.10/site-packages/airflow/example_dags/tutorial_taskflow_api_etl_virtualenv.py
[2024-10-04 23:34:04,324] {logging_mixin.py:115} INFO - [2024-10-04 23:34:04,323] {dag.py:2379} INFO - Sync 1 DAGs
[2024-10-04 23:34:04,360] {logging_mixin.py:115} INFO - [2024-10-04 23:34:04,360] {dag.py:2927} INFO - Setting next_dagrun for tutorial_taskflow_api_etl_virtualenv to None, run_after=None
[2024-10-04 23:34:04,539] {processor.py:161} INFO - Processing /home/kennedy/.local/lib/python3.10/site-packages/airflow/example_dags/tutorial_taskflow_api_etl_virtualenv.py took 0.420 seconds
[2024-10-04 23:34:51,829] {processor.py:153} INFO - Started process (PID=97104) to work on /home/kennedy/.local/lib/python3.10/site-packages/airflow/example_dags/tutorial_taskflow_api_etl_virtualenv.py
[2024-10-04 23:34:52,136] {processor.py:641} INFO - Processing file /home/kennedy/.local/lib/python3.10/site-packages/airflow/example_dags/tutorial_taskflow_api_etl_virtualenv.py for tasks to queue
[2024-10-04 23:34:52,138] {logging_mixin.py:115} INFO - [2024-10-04 23:34:52,137] {dagbag.py:507} INFO - Filling up the DagBag from /home/kennedy/.local/lib/python3.10/site-packages/airflow/example_dags/tutorial_taskflow_api_etl_virtualenv.py
[2024-10-04 23:34:52,188] {processor.py:651} INFO - DAG(s) dict_keys(['tutorial_taskflow_api_etl_virtualenv']) retrieved from /home/kennedy/.local/lib/python3.10/site-packages/airflow/example_dags/tutorial_taskflow_api_etl_virtualenv.py
[2024-10-04 23:34:52,297] {logging_mixin.py:115} INFO - [2024-10-04 23:34:52,297] {dag.py:2379} INFO - Sync 1 DAGs
[2024-10-04 23:34:52,329] {logging_mixin.py:115} INFO - [2024-10-04 23:34:52,328] {dag.py:2927} INFO - Setting next_dagrun for tutorial_taskflow_api_etl_virtualenv to None, run_after=None
[2024-10-04 23:34:53,168] {processor.py:161} INFO - Processing /home/kennedy/.local/lib/python3.10/site-packages/airflow/example_dags/tutorial_taskflow_api_etl_virtualenv.py took 1.346 seconds
[2024-10-04 23:35:40,065] {processor.py:153} INFO - Started process (PID=97434) to work on /home/kennedy/.local/lib/python3.10/site-packages/airflow/example_dags/tutorial_taskflow_api_etl_virtualenv.py
[2024-10-04 23:35:40,086] {processor.py:641} INFO - Processing file /home/kennedy/.local/lib/python3.10/site-packages/airflow/example_dags/tutorial_taskflow_api_etl_virtualenv.py for tasks to queue
[2024-10-04 23:35:40,087] {logging_mixin.py:115} INFO - [2024-10-04 23:35:40,087] {dagbag.py:507} INFO - Filling up the DagBag from /home/kennedy/.local/lib/python3.10/site-packages/airflow/example_dags/tutorial_taskflow_api_etl_virtualenv.py
[2024-10-04 23:35:40,148] {processor.py:651} INFO - DAG(s) dict_keys(['tutorial_taskflow_api_etl_virtualenv']) retrieved from /home/kennedy/.local/lib/python3.10/site-packages/airflow/example_dags/tutorial_taskflow_api_etl_virtualenv.py
[2024-10-04 23:35:40,268] {logging_mixin.py:115} INFO - [2024-10-04 23:35:40,267] {dag.py:2379} INFO - Sync 1 DAGs
[2024-10-04 23:35:40,312] {logging_mixin.py:115} INFO - [2024-10-04 23:35:40,312] {dag.py:2927} INFO - Setting next_dagrun for tutorial_taskflow_api_etl_virtualenv to None, run_after=None
[2024-10-04 23:35:40,878] {processor.py:161} INFO - Processing /home/kennedy/.local/lib/python3.10/site-packages/airflow/example_dags/tutorial_taskflow_api_etl_virtualenv.py took 0.821 seconds
[2024-10-04 23:36:28,136] {processor.py:153} INFO - Started process (PID=98200) to work on /home/kennedy/.local/lib/python3.10/site-packages/airflow/example_dags/tutorial_taskflow_api_etl_virtualenv.py
[2024-10-04 23:36:28,152] {processor.py:641} INFO - Processing file /home/kennedy/.local/lib/python3.10/site-packages/airflow/example_dags/tutorial_taskflow_api_etl_virtualenv.py for tasks to queue
[2024-10-04 23:36:28,154] {logging_mixin.py:115} INFO - [2024-10-04 23:36:28,153] {dagbag.py:507} INFO - Filling up the DagBag from /home/kennedy/.local/lib/python3.10/site-packages/airflow/example_dags/tutorial_taskflow_api_etl_virtualenv.py
[2024-10-04 23:36:28,202] {processor.py:651} INFO - DAG(s) dict_keys(['tutorial_taskflow_api_etl_virtualenv']) retrieved from /home/kennedy/.local/lib/python3.10/site-packages/airflow/example_dags/tutorial_taskflow_api_etl_virtualenv.py
[2024-10-04 23:36:28,234] {logging_mixin.py:115} INFO - [2024-10-04 23:36:28,234] {dag.py:2379} INFO - Sync 1 DAGs
[2024-10-04 23:36:28,271] {logging_mixin.py:115} INFO - [2024-10-04 23:36:28,271] {dag.py:2927} INFO - Setting next_dagrun for tutorial_taskflow_api_etl_virtualenv to None, run_after=None
[2024-10-04 23:36:29,448] {processor.py:161} INFO - Processing /home/kennedy/.local/lib/python3.10/site-packages/airflow/example_dags/tutorial_taskflow_api_etl_virtualenv.py took 1.319 seconds
[2024-10-04 23:37:34,799] {processor.py:153} INFO - Started process (PID=98335) to work on /home/kennedy/.local/lib/python3.10/site-packages/airflow/example_dags/tutorial_taskflow_api_etl_virtualenv.py
[2024-10-04 23:37:34,816] {processor.py:641} INFO - Processing file /home/kennedy/.local/lib/python3.10/site-packages/airflow/example_dags/tutorial_taskflow_api_etl_virtualenv.py for tasks to queue
[2024-10-04 23:37:34,818] {logging_mixin.py:115} INFO - [2024-10-04 23:37:34,817] {dagbag.py:507} INFO - Filling up the DagBag from /home/kennedy/.local/lib/python3.10/site-packages/airflow/example_dags/tutorial_taskflow_api_etl_virtualenv.py
[2024-10-04 23:37:34,868] {processor.py:651} INFO - DAG(s) dict_keys(['tutorial_taskflow_api_etl_virtualenv']) retrieved from /home/kennedy/.local/lib/python3.10/site-packages/airflow/example_dags/tutorial_taskflow_api_etl_virtualenv.py
[2024-10-04 23:37:34,973] {logging_mixin.py:115} INFO - [2024-10-04 23:37:34,973] {dag.py:2379} INFO - Sync 1 DAGs
[2024-10-04 23:37:35,010] {logging_mixin.py:115} INFO - [2024-10-04 23:37:35,010] {dag.py:2927} INFO - Setting next_dagrun for tutorial_taskflow_api_etl_virtualenv to None, run_after=None
[2024-10-04 23:37:37,387] {processor.py:161} INFO - Processing /home/kennedy/.local/lib/python3.10/site-packages/airflow/example_dags/tutorial_taskflow_api_etl_virtualenv.py took 2.595 seconds
[2024-10-04 23:38:34,676] {processor.py:153} INFO - Started process (PID=98681) to work on /home/kennedy/.local/lib/python3.10/site-packages/airflow/example_dags/tutorial_taskflow_api_etl_virtualenv.py
[2024-10-04 23:38:34,853] {processor.py:641} INFO - Processing file /home/kennedy/.local/lib/python3.10/site-packages/airflow/example_dags/tutorial_taskflow_api_etl_virtualenv.py for tasks to queue
[2024-10-04 23:38:34,854] {logging_mixin.py:115} INFO - [2024-10-04 23:38:34,854] {dagbag.py:507} INFO - Filling up the DagBag from /home/kennedy/.local/lib/python3.10/site-packages/airflow/example_dags/tutorial_taskflow_api_etl_virtualenv.py
[2024-10-04 23:38:34,903] {processor.py:651} INFO - DAG(s) dict_keys(['tutorial_taskflow_api_etl_virtualenv']) retrieved from /home/kennedy/.local/lib/python3.10/site-packages/airflow/example_dags/tutorial_taskflow_api_etl_virtualenv.py
[2024-10-04 23:38:35,008] {logging_mixin.py:115} INFO - [2024-10-04 23:38:35,008] {dag.py:2379} INFO - Sync 1 DAGs
[2024-10-04 23:38:35,042] {logging_mixin.py:115} INFO - [2024-10-04 23:38:35,042] {dag.py:2927} INFO - Setting next_dagrun for tutorial_taskflow_api_etl_virtualenv to None, run_after=None
[2024-10-04 23:38:35,948] {processor.py:161} INFO - Processing /home/kennedy/.local/lib/python3.10/site-packages/airflow/example_dags/tutorial_taskflow_api_etl_virtualenv.py took 1.280 seconds
[2024-10-04 23:39:04,329] {processor.py:153} INFO - Started process (PID=99172) to work on /home/kennedy/KR/Programação/01.Exercícios/DE/Movies/venv/lib/python3.10/site-packages/airflow/example_dags/tutorial_taskflow_api_etl_virtualenv.py
[2024-10-04 23:39:04,488] {processor.py:641} INFO - Processing file /home/kennedy/KR/Programação/01.Exercícios/DE/Movies/venv/lib/python3.10/site-packages/airflow/example_dags/tutorial_taskflow_api_etl_virtualenv.py for tasks to queue
[2024-10-04 23:39:04,489] {logging_mixin.py:115} INFO - [2024-10-04 23:39:04,489] {dagbag.py:507} INFO - Filling up the DagBag from /home/kennedy/KR/Programação/01.Exercícios/DE/Movies/venv/lib/python3.10/site-packages/airflow/example_dags/tutorial_taskflow_api_etl_virtualenv.py
[2024-10-04 23:39:04,532] {processor.py:651} INFO - DAG(s) dict_keys(['tutorial_taskflow_api_etl_virtualenv']) retrieved from /home/kennedy/KR/Programação/01.Exercícios/DE/Movies/venv/lib/python3.10/site-packages/airflow/example_dags/tutorial_taskflow_api_etl_virtualenv.py
[2024-10-04 23:39:04,552] {logging_mixin.py:115} INFO - [2024-10-04 23:39:04,552] {dag.py:2379} INFO - Sync 1 DAGs
[2024-10-04 23:39:04,591] {logging_mixin.py:115} INFO - [2024-10-04 23:39:04,591] {dag.py:2927} INFO - Setting next_dagrun for tutorial_taskflow_api_etl_virtualenv to None, run_after=None
[2024-10-04 23:39:04,717] {processor.py:161} INFO - Processing /home/kennedy/KR/Programação/01.Exercícios/DE/Movies/venv/lib/python3.10/site-packages/airflow/example_dags/tutorial_taskflow_api_etl_virtualenv.py took 0.394 seconds
[2024-10-04 23:39:29,384] {processor.py:153} INFO - Started process (PID=99198) to work on /home/kennedy/.local/lib/python3.10/site-packages/airflow/example_dags/tutorial_taskflow_api_etl_virtualenv.py
[2024-10-04 23:39:29,401] {processor.py:641} INFO - Processing file /home/kennedy/.local/lib/python3.10/site-packages/airflow/example_dags/tutorial_taskflow_api_etl_virtualenv.py for tasks to queue
[2024-10-04 23:39:29,402] {logging_mixin.py:115} INFO - [2024-10-04 23:39:29,402] {dagbag.py:507} INFO - Filling up the DagBag from /home/kennedy/.local/lib/python3.10/site-packages/airflow/example_dags/tutorial_taskflow_api_etl_virtualenv.py
[2024-10-04 23:39:29,450] {processor.py:651} INFO - DAG(s) dict_keys(['tutorial_taskflow_api_etl_virtualenv']) retrieved from /home/kennedy/.local/lib/python3.10/site-packages/airflow/example_dags/tutorial_taskflow_api_etl_virtualenv.py
[2024-10-04 23:39:29,481] {logging_mixin.py:115} INFO - [2024-10-04 23:39:29,481] {dag.py:2379} INFO - Sync 1 DAGs
[2024-10-04 23:39:29,520] {logging_mixin.py:115} INFO - [2024-10-04 23:39:29,520] {dag.py:2927} INFO - Setting next_dagrun for tutorial_taskflow_api_etl_virtualenv to None, run_after=None
[2024-10-04 23:39:29,682] {processor.py:161} INFO - Processing /home/kennedy/.local/lib/python3.10/site-packages/airflow/example_dags/tutorial_taskflow_api_etl_virtualenv.py took 0.305 seconds
[2024-10-04 23:40:26,143] {processor.py:153} INFO - Started process (PID=99303) to work on /home/kennedy/.local/lib/python3.10/site-packages/airflow/example_dags/tutorial_taskflow_api_etl_virtualenv.py
[2024-10-04 23:40:26,148] {processor.py:641} INFO - Processing file /home/kennedy/.local/lib/python3.10/site-packages/airflow/example_dags/tutorial_taskflow_api_etl_virtualenv.py for tasks to queue
[2024-10-04 23:40:26,149] {logging_mixin.py:115} INFO - [2024-10-04 23:40:26,149] {dagbag.py:507} INFO - Filling up the DagBag from /home/kennedy/.local/lib/python3.10/site-packages/airflow/example_dags/tutorial_taskflow_api_etl_virtualenv.py
[2024-10-04 23:40:26,169] {processor.py:651} INFO - DAG(s) dict_keys(['tutorial_taskflow_api_etl_virtualenv']) retrieved from /home/kennedy/.local/lib/python3.10/site-packages/airflow/example_dags/tutorial_taskflow_api_etl_virtualenv.py
[2024-10-04 23:40:26,182] {logging_mixin.py:115} INFO - [2024-10-04 23:40:26,182] {dag.py:2379} INFO - Sync 1 DAGs
[2024-10-04 23:40:26,198] {logging_mixin.py:115} INFO - [2024-10-04 23:40:26,198] {dag.py:2927} INFO - Setting next_dagrun for tutorial_taskflow_api_etl_virtualenv to None, run_after=None
[2024-10-04 23:40:26,915] {processor.py:161} INFO - Processing /home/kennedy/.local/lib/python3.10/site-packages/airflow/example_dags/tutorial_taskflow_api_etl_virtualenv.py took 0.775 seconds
[2024-10-04 23:41:12,320] {processor.py:153} INFO - Started process (PID=99437) to work on /home/kennedy/.local/lib/python3.10/site-packages/airflow/example_dags/tutorial_taskflow_api_etl_virtualenv.py
[2024-10-04 23:41:12,332] {processor.py:641} INFO - Processing file /home/kennedy/.local/lib/python3.10/site-packages/airflow/example_dags/tutorial_taskflow_api_etl_virtualenv.py for tasks to queue
[2024-10-04 23:41:12,332] {logging_mixin.py:115} INFO - [2024-10-04 23:41:12,332] {dagbag.py:507} INFO - Filling up the DagBag from /home/kennedy/.local/lib/python3.10/site-packages/airflow/example_dags/tutorial_taskflow_api_etl_virtualenv.py
[2024-10-04 23:41:12,370] {processor.py:651} INFO - DAG(s) dict_keys(['tutorial_taskflow_api_etl_virtualenv']) retrieved from /home/kennedy/.local/lib/python3.10/site-packages/airflow/example_dags/tutorial_taskflow_api_etl_virtualenv.py
[2024-10-04 23:41:12,394] {logging_mixin.py:115} INFO - [2024-10-04 23:41:12,394] {dag.py:2379} INFO - Sync 1 DAGs
[2024-10-04 23:41:12,420] {logging_mixin.py:115} INFO - [2024-10-04 23:41:12,420] {dag.py:2927} INFO - Setting next_dagrun for tutorial_taskflow_api_etl_virtualenv to None, run_after=None
[2024-10-04 23:41:13,803] {processor.py:161} INFO - Processing /home/kennedy/.local/lib/python3.10/site-packages/airflow/example_dags/tutorial_taskflow_api_etl_virtualenv.py took 1.487 seconds
[2024-10-04 23:42:25,024] {processor.py:153} INFO - Started process (PID=99737) to work on /home/kennedy/.local/lib/python3.10/site-packages/airflow/example_dags/tutorial_taskflow_api_etl_virtualenv.py
[2024-10-04 23:42:25,194] {processor.py:641} INFO - Processing file /home/kennedy/.local/lib/python3.10/site-packages/airflow/example_dags/tutorial_taskflow_api_etl_virtualenv.py for tasks to queue
[2024-10-04 23:42:25,195] {logging_mixin.py:115} INFO - [2024-10-04 23:42:25,195] {dagbag.py:507} INFO - Filling up the DagBag from /home/kennedy/.local/lib/python3.10/site-packages/airflow/example_dags/tutorial_taskflow_api_etl_virtualenv.py
[2024-10-04 23:42:25,254] {processor.py:651} INFO - DAG(s) dict_keys(['tutorial_taskflow_api_etl_virtualenv']) retrieved from /home/kennedy/.local/lib/python3.10/site-packages/airflow/example_dags/tutorial_taskflow_api_etl_virtualenv.py
[2024-10-04 23:42:26,609] {logging_mixin.py:115} INFO - [2024-10-04 23:42:26,608] {dag.py:2379} INFO - Sync 1 DAGs
[2024-10-04 23:42:28,882] {logging_mixin.py:115} INFO - [2024-10-04 23:42:28,882] {dag.py:2927} INFO - Setting next_dagrun for tutorial_taskflow_api_etl_virtualenv to None, run_after=None
[2024-10-04 23:42:29,803] {processor.py:161} INFO - Processing /home/kennedy/.local/lib/python3.10/site-packages/airflow/example_dags/tutorial_taskflow_api_etl_virtualenv.py took 4.789 seconds
[2024-10-04 23:42:50,113] {processor.py:153} INFO - Started process (PID=99769) to work on /home/kennedy/.local/lib/python3.10/site-packages/airflow/example_dags/tutorial_taskflow_api_etl_virtualenv.py
[2024-10-04 23:42:50,523] {processor.py:641} INFO - Processing file /home/kennedy/.local/lib/python3.10/site-packages/airflow/example_dags/tutorial_taskflow_api_etl_virtualenv.py for tasks to queue
[2024-10-04 23:42:50,524] {logging_mixin.py:115} INFO - [2024-10-04 23:42:50,524] {dagbag.py:507} INFO - Filling up the DagBag from /home/kennedy/.local/lib/python3.10/site-packages/airflow/example_dags/tutorial_taskflow_api_etl_virtualenv.py
[2024-10-04 23:42:50,578] {processor.py:651} INFO - DAG(s) dict_keys(['tutorial_taskflow_api_etl_virtualenv']) retrieved from /home/kennedy/.local/lib/python3.10/site-packages/airflow/example_dags/tutorial_taskflow_api_etl_virtualenv.py
[2024-10-04 23:42:50,598] {logging_mixin.py:115} INFO - [2024-10-04 23:42:50,598] {dag.py:2379} INFO - Sync 1 DAGs
[2024-10-04 23:42:50,649] {logging_mixin.py:115} INFO - [2024-10-04 23:42:50,649] {dag.py:2927} INFO - Setting next_dagrun for tutorial_taskflow_api_etl_virtualenv to None, run_after=None
[2024-10-04 23:42:50,819] {processor.py:161} INFO - Processing /home/kennedy/.local/lib/python3.10/site-packages/airflow/example_dags/tutorial_taskflow_api_etl_virtualenv.py took 0.713 seconds
[2024-10-04 23:43:44,795] {processor.py:153} INFO - Started process (PID=99832) to work on /home/kennedy/.local/lib/python3.10/site-packages/airflow/example_dags/tutorial_taskflow_api_etl_virtualenv.py
[2024-10-04 23:43:44,801] {processor.py:641} INFO - Processing file /home/kennedy/.local/lib/python3.10/site-packages/airflow/example_dags/tutorial_taskflow_api_etl_virtualenv.py for tasks to queue
[2024-10-04 23:43:44,802] {logging_mixin.py:115} INFO - [2024-10-04 23:43:44,802] {dagbag.py:507} INFO - Filling up the DagBag from /home/kennedy/.local/lib/python3.10/site-packages/airflow/example_dags/tutorial_taskflow_api_etl_virtualenv.py
[2024-10-04 23:43:44,858] {processor.py:651} INFO - DAG(s) dict_keys(['tutorial_taskflow_api_etl_virtualenv']) retrieved from /home/kennedy/.local/lib/python3.10/site-packages/airflow/example_dags/tutorial_taskflow_api_etl_virtualenv.py
[2024-10-04 23:43:44,956] {logging_mixin.py:115} INFO - [2024-10-04 23:43:44,956] {dag.py:2379} INFO - Sync 1 DAGs
[2024-10-04 23:43:44,990] {logging_mixin.py:115} INFO - [2024-10-04 23:43:44,990] {dag.py:2927} INFO - Setting next_dagrun for tutorial_taskflow_api_etl_virtualenv to None, run_after=None
[2024-10-04 23:43:46,058] {processor.py:161} INFO - Processing /home/kennedy/.local/lib/python3.10/site-packages/airflow/example_dags/tutorial_taskflow_api_etl_virtualenv.py took 1.269 seconds
[2024-10-04 23:43:52,821] {processor.py:153} INFO - Started process (PID=99842) to work on /home/kennedy/.local/lib/python3.10/site-packages/airflow/example_dags/tutorial_taskflow_api_etl_virtualenv.py
[2024-10-04 23:43:52,823] {processor.py:641} INFO - Processing file /home/kennedy/.local/lib/python3.10/site-packages/airflow/example_dags/tutorial_taskflow_api_etl_virtualenv.py for tasks to queue
[2024-10-04 23:43:52,824] {logging_mixin.py:115} INFO - [2024-10-04 23:43:52,824] {dagbag.py:507} INFO - Filling up the DagBag from /home/kennedy/.local/lib/python3.10/site-packages/airflow/example_dags/tutorial_taskflow_api_etl_virtualenv.py
[2024-10-04 23:43:52,878] {processor.py:651} INFO - DAG(s) dict_keys(['tutorial_taskflow_api_etl_virtualenv']) retrieved from /home/kennedy/.local/lib/python3.10/site-packages/airflow/example_dags/tutorial_taskflow_api_etl_virtualenv.py
[2024-10-04 23:43:52,895] {logging_mixin.py:115} INFO - [2024-10-04 23:43:52,895] {dag.py:2379} INFO - Sync 1 DAGs
[2024-10-04 23:43:52,937] {logging_mixin.py:115} INFO - [2024-10-04 23:43:52,937] {dag.py:2927} INFO - Setting next_dagrun for tutorial_taskflow_api_etl_virtualenv to None, run_after=None
[2024-10-04 23:43:54,023] {processor.py:161} INFO - Processing /home/kennedy/.local/lib/python3.10/site-packages/airflow/example_dags/tutorial_taskflow_api_etl_virtualenv.py took 1.209 seconds
[2024-10-04 23:45:24,689] {processor.py:153} INFO - Started process (PID=100368) to work on /home/kennedy/.local/lib/python3.10/site-packages/airflow/example_dags/tutorial_taskflow_api_etl_virtualenv.py
[2024-10-04 23:45:24,720] {processor.py:641} INFO - Processing file /home/kennedy/.local/lib/python3.10/site-packages/airflow/example_dags/tutorial_taskflow_api_etl_virtualenv.py for tasks to queue
[2024-10-04 23:45:24,722] {logging_mixin.py:115} INFO - [2024-10-04 23:45:24,722] {dagbag.py:507} INFO - Filling up the DagBag from /home/kennedy/.local/lib/python3.10/site-packages/airflow/example_dags/tutorial_taskflow_api_etl_virtualenv.py
[2024-10-04 23:45:24,771] {processor.py:651} INFO - DAG(s) dict_keys(['tutorial_taskflow_api_etl_virtualenv']) retrieved from /home/kennedy/.local/lib/python3.10/site-packages/airflow/example_dags/tutorial_taskflow_api_etl_virtualenv.py
[2024-10-04 23:45:24,999] {logging_mixin.py:115} INFO - [2024-10-04 23:45:24,999] {dag.py:2379} INFO - Sync 1 DAGs
[2024-10-04 23:45:25,033] {logging_mixin.py:115} INFO - [2024-10-04 23:45:25,033] {dag.py:2927} INFO - Setting next_dagrun for tutorial_taskflow_api_etl_virtualenv to None, run_after=None
[2024-10-04 23:45:25,481] {processor.py:161} INFO - Processing /home/kennedy/.local/lib/python3.10/site-packages/airflow/example_dags/tutorial_taskflow_api_etl_virtualenv.py took 0.800 seconds
[2024-10-04 23:46:38,075] {processor.py:153} INFO - Started process (PID=101115) to work on /home/kennedy/.local/lib/python3.10/site-packages/airflow/example_dags/tutorial_taskflow_api_etl_virtualenv.py
[2024-10-04 23:46:38,177] {processor.py:641} INFO - Processing file /home/kennedy/.local/lib/python3.10/site-packages/airflow/example_dags/tutorial_taskflow_api_etl_virtualenv.py for tasks to queue
[2024-10-04 23:46:38,178] {logging_mixin.py:115} INFO - [2024-10-04 23:46:38,178] {dagbag.py:507} INFO - Filling up the DagBag from /home/kennedy/.local/lib/python3.10/site-packages/airflow/example_dags/tutorial_taskflow_api_etl_virtualenv.py
[2024-10-04 23:46:38,211] {processor.py:651} INFO - DAG(s) dict_keys(['tutorial_taskflow_api_etl_virtualenv']) retrieved from /home/kennedy/.local/lib/python3.10/site-packages/airflow/example_dags/tutorial_taskflow_api_etl_virtualenv.py
[2024-10-04 23:46:38,479] {logging_mixin.py:115} INFO - [2024-10-04 23:46:38,478] {dag.py:2379} INFO - Sync 1 DAGs
[2024-10-04 23:46:38,529] {logging_mixin.py:115} INFO - [2024-10-04 23:46:38,529] {dag.py:2927} INFO - Setting next_dagrun for tutorial_taskflow_api_etl_virtualenv to None, run_after=None
[2024-10-04 23:46:40,061] {processor.py:161} INFO - Processing /home/kennedy/.local/lib/python3.10/site-packages/airflow/example_dags/tutorial_taskflow_api_etl_virtualenv.py took 1.988 seconds
[2024-10-04 23:47:36,476] {processor.py:153} INFO - Started process (PID=101391) to work on /home/kennedy/.local/lib/python3.10/site-packages/airflow/example_dags/tutorial_taskflow_api_etl_virtualenv.py
[2024-10-04 23:47:36,488] {processor.py:641} INFO - Processing file /home/kennedy/.local/lib/python3.10/site-packages/airflow/example_dags/tutorial_taskflow_api_etl_virtualenv.py for tasks to queue
[2024-10-04 23:47:36,489] {logging_mixin.py:115} INFO - [2024-10-04 23:47:36,489] {dagbag.py:507} INFO - Filling up the DagBag from /home/kennedy/.local/lib/python3.10/site-packages/airflow/example_dags/tutorial_taskflow_api_etl_virtualenv.py
[2024-10-04 23:47:36,534] {processor.py:651} INFO - DAG(s) dict_keys(['tutorial_taskflow_api_etl_virtualenv']) retrieved from /home/kennedy/.local/lib/python3.10/site-packages/airflow/example_dags/tutorial_taskflow_api_etl_virtualenv.py
[2024-10-04 23:47:36,618] {logging_mixin.py:115} INFO - [2024-10-04 23:47:36,618] {dag.py:2379} INFO - Sync 1 DAGs
[2024-10-04 23:47:36,647] {logging_mixin.py:115} INFO - [2024-10-04 23:47:36,647] {dag.py:2927} INFO - Setting next_dagrun for tutorial_taskflow_api_etl_virtualenv to None, run_after=None
[2024-10-04 23:47:36,944] {processor.py:161} INFO - Processing /home/kennedy/.local/lib/python3.10/site-packages/airflow/example_dags/tutorial_taskflow_api_etl_virtualenv.py took 0.475 seconds
[2024-10-04 23:49:39,967] {processor.py:153} INFO - Started process (PID=102358) to work on /home/kennedy/.local/lib/python3.10/site-packages/airflow/example_dags/tutorial_taskflow_api_etl_virtualenv.py
[2024-10-04 23:49:40,739] {processor.py:641} INFO - Processing file /home/kennedy/.local/lib/python3.10/site-packages/airflow/example_dags/tutorial_taskflow_api_etl_virtualenv.py for tasks to queue
[2024-10-04 23:49:40,740] {logging_mixin.py:115} INFO - [2024-10-04 23:49:40,740] {dagbag.py:507} INFO - Filling up the DagBag from /home/kennedy/.local/lib/python3.10/site-packages/airflow/example_dags/tutorial_taskflow_api_etl_virtualenv.py
[2024-10-04 23:49:40,790] {processor.py:651} INFO - DAG(s) dict_keys(['tutorial_taskflow_api_etl_virtualenv']) retrieved from /home/kennedy/.local/lib/python3.10/site-packages/airflow/example_dags/tutorial_taskflow_api_etl_virtualenv.py
[2024-10-04 23:49:40,880] {logging_mixin.py:115} INFO - [2024-10-04 23:49:40,880] {dag.py:2379} INFO - Sync 1 DAGs
[2024-10-04 23:49:40,910] {logging_mixin.py:115} INFO - [2024-10-04 23:49:40,910] {dag.py:2927} INFO - Setting next_dagrun for tutorial_taskflow_api_etl_virtualenv to None, run_after=None
[2024-10-04 23:49:41,025] {processor.py:161} INFO - Processing /home/kennedy/.local/lib/python3.10/site-packages/airflow/example_dags/tutorial_taskflow_api_etl_virtualenv.py took 1.060 seconds
[2024-10-04 23:50:45,307] {processor.py:153} INFO - Started process (PID=102442) to work on /home/kennedy/.local/lib/python3.10/site-packages/airflow/example_dags/tutorial_taskflow_api_etl_virtualenv.py
[2024-10-04 23:50:45,322] {processor.py:641} INFO - Processing file /home/kennedy/.local/lib/python3.10/site-packages/airflow/example_dags/tutorial_taskflow_api_etl_virtualenv.py for tasks to queue
[2024-10-04 23:50:45,324] {logging_mixin.py:115} INFO - [2024-10-04 23:50:45,324] {dagbag.py:507} INFO - Filling up the DagBag from /home/kennedy/.local/lib/python3.10/site-packages/airflow/example_dags/tutorial_taskflow_api_etl_virtualenv.py
[2024-10-04 23:50:45,385] {processor.py:651} INFO - DAG(s) dict_keys(['tutorial_taskflow_api_etl_virtualenv']) retrieved from /home/kennedy/.local/lib/python3.10/site-packages/airflow/example_dags/tutorial_taskflow_api_etl_virtualenv.py
[2024-10-04 23:50:45,431] {logging_mixin.py:115} INFO - [2024-10-04 23:50:45,431] {dag.py:2379} INFO - Sync 1 DAGs
[2024-10-04 23:50:45,472] {logging_mixin.py:115} INFO - [2024-10-04 23:50:45,472] {dag.py:2927} INFO - Setting next_dagrun for tutorial_taskflow_api_etl_virtualenv to None, run_after=None
[2024-10-04 23:50:46,813] {processor.py:161} INFO - Processing /home/kennedy/.local/lib/python3.10/site-packages/airflow/example_dags/tutorial_taskflow_api_etl_virtualenv.py took 1.514 seconds
[2024-10-04 23:51:44,854] {processor.py:153} INFO - Started process (PID=102691) to work on /home/kennedy/.local/lib/python3.10/site-packages/airflow/example_dags/tutorial_taskflow_api_etl_virtualenv.py
[2024-10-04 23:51:44,861] {processor.py:641} INFO - Processing file /home/kennedy/.local/lib/python3.10/site-packages/airflow/example_dags/tutorial_taskflow_api_etl_virtualenv.py for tasks to queue
[2024-10-04 23:51:44,862] {logging_mixin.py:115} INFO - [2024-10-04 23:51:44,862] {dagbag.py:507} INFO - Filling up the DagBag from /home/kennedy/.local/lib/python3.10/site-packages/airflow/example_dags/tutorial_taskflow_api_etl_virtualenv.py
[2024-10-04 23:51:44,921] {processor.py:651} INFO - DAG(s) dict_keys(['tutorial_taskflow_api_etl_virtualenv']) retrieved from /home/kennedy/.local/lib/python3.10/site-packages/airflow/example_dags/tutorial_taskflow_api_etl_virtualenv.py
[2024-10-04 23:51:44,961] {logging_mixin.py:115} INFO - [2024-10-04 23:51:44,961] {dag.py:2379} INFO - Sync 1 DAGs
[2024-10-04 23:51:45,011] {logging_mixin.py:115} INFO - [2024-10-04 23:51:45,011] {dag.py:2927} INFO - Setting next_dagrun for tutorial_taskflow_api_etl_virtualenv to None, run_after=None
[2024-10-04 23:51:45,721] {processor.py:161} INFO - Processing /home/kennedy/.local/lib/python3.10/site-packages/airflow/example_dags/tutorial_taskflow_api_etl_virtualenv.py took 0.875 seconds
[2024-10-04 23:53:07,191] {processor.py:153} INFO - Started process (PID=102882) to work on /home/kennedy/.local/lib/python3.10/site-packages/airflow/example_dags/tutorial_taskflow_api_etl_virtualenv.py
[2024-10-04 23:53:07,865] {processor.py:641} INFO - Processing file /home/kennedy/.local/lib/python3.10/site-packages/airflow/example_dags/tutorial_taskflow_api_etl_virtualenv.py for tasks to queue
[2024-10-04 23:53:07,865] {logging_mixin.py:115} INFO - [2024-10-04 23:53:07,865] {dagbag.py:507} INFO - Filling up the DagBag from /home/kennedy/.local/lib/python3.10/site-packages/airflow/example_dags/tutorial_taskflow_api_etl_virtualenv.py
[2024-10-04 23:53:07,881] {processor.py:651} INFO - DAG(s) dict_keys(['tutorial_taskflow_api_etl_virtualenv']) retrieved from /home/kennedy/.local/lib/python3.10/site-packages/airflow/example_dags/tutorial_taskflow_api_etl_virtualenv.py
[2024-10-04 23:53:07,912] {logging_mixin.py:115} INFO - [2024-10-04 23:53:07,912] {dag.py:2379} INFO - Sync 1 DAGs
[2024-10-04 23:53:07,924] {logging_mixin.py:115} INFO - [2024-10-04 23:53:07,924] {dag.py:2927} INFO - Setting next_dagrun for tutorial_taskflow_api_etl_virtualenv to None, run_after=None
[2024-10-04 23:53:09,453] {processor.py:161} INFO - Processing /home/kennedy/.local/lib/python3.10/site-packages/airflow/example_dags/tutorial_taskflow_api_etl_virtualenv.py took 2.265 seconds
[2024-10-04 23:54:00,989] {processor.py:153} INFO - Started process (PID=103780) to work on /home/kennedy/.local/lib/python3.10/site-packages/airflow/example_dags/tutorial_taskflow_api_etl_virtualenv.py
[2024-10-04 23:54:01,000] {processor.py:641} INFO - Processing file /home/kennedy/.local/lib/python3.10/site-packages/airflow/example_dags/tutorial_taskflow_api_etl_virtualenv.py for tasks to queue
[2024-10-04 23:54:01,001] {logging_mixin.py:115} INFO - [2024-10-04 23:54:01,001] {dagbag.py:507} INFO - Filling up the DagBag from /home/kennedy/.local/lib/python3.10/site-packages/airflow/example_dags/tutorial_taskflow_api_etl_virtualenv.py
[2024-10-04 23:54:01,028] {processor.py:651} INFO - DAG(s) dict_keys(['tutorial_taskflow_api_etl_virtualenv']) retrieved from /home/kennedy/.local/lib/python3.10/site-packages/airflow/example_dags/tutorial_taskflow_api_etl_virtualenv.py
[2024-10-04 23:54:01,082] {logging_mixin.py:115} INFO - [2024-10-04 23:54:01,082] {dag.py:2379} INFO - Sync 1 DAGs
[2024-10-04 23:54:01,098] {logging_mixin.py:115} INFO - [2024-10-04 23:54:01,097] {dag.py:2927} INFO - Setting next_dagrun for tutorial_taskflow_api_etl_virtualenv to None, run_after=None
[2024-10-04 23:54:02,050] {processor.py:161} INFO - Processing /home/kennedy/.local/lib/python3.10/site-packages/airflow/example_dags/tutorial_taskflow_api_etl_virtualenv.py took 1.065 seconds
[2024-10-04 23:55:00,660] {processor.py:153} INFO - Started process (PID=103917) to work on /home/kennedy/.local/lib/python3.10/site-packages/airflow/example_dags/tutorial_taskflow_api_etl_virtualenv.py
[2024-10-04 23:55:00,668] {processor.py:641} INFO - Processing file /home/kennedy/.local/lib/python3.10/site-packages/airflow/example_dags/tutorial_taskflow_api_etl_virtualenv.py for tasks to queue
[2024-10-04 23:55:00,670] {logging_mixin.py:115} INFO - [2024-10-04 23:55:00,669] {dagbag.py:507} INFO - Filling up the DagBag from /home/kennedy/.local/lib/python3.10/site-packages/airflow/example_dags/tutorial_taskflow_api_etl_virtualenv.py
[2024-10-04 23:55:00,719] {processor.py:651} INFO - DAG(s) dict_keys(['tutorial_taskflow_api_etl_virtualenv']) retrieved from /home/kennedy/.local/lib/python3.10/site-packages/airflow/example_dags/tutorial_taskflow_api_etl_virtualenv.py
[2024-10-04 23:55:00,750] {logging_mixin.py:115} INFO - [2024-10-04 23:55:00,750] {dag.py:2379} INFO - Sync 1 DAGs
[2024-10-04 23:55:00,791] {logging_mixin.py:115} INFO - [2024-10-04 23:55:00,790] {dag.py:2927} INFO - Setting next_dagrun for tutorial_taskflow_api_etl_virtualenv to None, run_after=None
[2024-10-04 23:55:01,637] {processor.py:161} INFO - Processing /home/kennedy/.local/lib/python3.10/site-packages/airflow/example_dags/tutorial_taskflow_api_etl_virtualenv.py took 0.984 seconds
[2024-10-04 23:55:50,131] {processor.py:153} INFO - Started process (PID=103994) to work on /home/kennedy/.local/lib/python3.10/site-packages/airflow/example_dags/tutorial_taskflow_api_etl_virtualenv.py
[2024-10-04 23:55:50,134] {processor.py:641} INFO - Processing file /home/kennedy/.local/lib/python3.10/site-packages/airflow/example_dags/tutorial_taskflow_api_etl_virtualenv.py for tasks to queue
[2024-10-04 23:55:50,136] {logging_mixin.py:115} INFO - [2024-10-04 23:55:50,136] {dagbag.py:507} INFO - Filling up the DagBag from /home/kennedy/.local/lib/python3.10/site-packages/airflow/example_dags/tutorial_taskflow_api_etl_virtualenv.py
[2024-10-04 23:55:50,189] {processor.py:651} INFO - DAG(s) dict_keys(['tutorial_taskflow_api_etl_virtualenv']) retrieved from /home/kennedy/.local/lib/python3.10/site-packages/airflow/example_dags/tutorial_taskflow_api_etl_virtualenv.py
[2024-10-04 23:55:50,222] {logging_mixin.py:115} INFO - [2024-10-04 23:55:50,222] {dag.py:2379} INFO - Sync 1 DAGs
[2024-10-04 23:55:50,264] {logging_mixin.py:115} INFO - [2024-10-04 23:55:50,264] {dag.py:2927} INFO - Setting next_dagrun for tutorial_taskflow_api_etl_virtualenv to None, run_after=None
[2024-10-04 23:55:52,502] {processor.py:161} INFO - Processing /home/kennedy/.local/lib/python3.10/site-packages/airflow/example_dags/tutorial_taskflow_api_etl_virtualenv.py took 2.380 seconds
[2024-10-04 23:56:53,977] {processor.py:153} INFO - Started process (PID=105005) to work on /home/kennedy/.local/lib/python3.10/site-packages/airflow/example_dags/tutorial_taskflow_api_etl_virtualenv.py
[2024-10-04 23:56:53,979] {processor.py:641} INFO - Processing file /home/kennedy/.local/lib/python3.10/site-packages/airflow/example_dags/tutorial_taskflow_api_etl_virtualenv.py for tasks to queue
[2024-10-04 23:56:53,980] {logging_mixin.py:115} INFO - [2024-10-04 23:56:53,980] {dagbag.py:507} INFO - Filling up the DagBag from /home/kennedy/.local/lib/python3.10/site-packages/airflow/example_dags/tutorial_taskflow_api_etl_virtualenv.py
[2024-10-04 23:56:54,028] {processor.py:651} INFO - DAG(s) dict_keys(['tutorial_taskflow_api_etl_virtualenv']) retrieved from /home/kennedy/.local/lib/python3.10/site-packages/airflow/example_dags/tutorial_taskflow_api_etl_virtualenv.py
[2024-10-04 23:56:54,064] {logging_mixin.py:115} INFO - [2024-10-04 23:56:54,063] {dag.py:2379} INFO - Sync 1 DAGs
[2024-10-04 23:56:54,096] {logging_mixin.py:115} INFO - [2024-10-04 23:56:54,096] {dag.py:2927} INFO - Setting next_dagrun for tutorial_taskflow_api_etl_virtualenv to None, run_after=None
[2024-10-04 23:56:55,947] {processor.py:161} INFO - Processing /home/kennedy/.local/lib/python3.10/site-packages/airflow/example_dags/tutorial_taskflow_api_etl_virtualenv.py took 1.977 seconds
[2024-10-04 23:57:53,843] {processor.py:153} INFO - Started process (PID=105229) to work on /home/kennedy/.local/lib/python3.10/site-packages/airflow/example_dags/tutorial_taskflow_api_etl_virtualenv.py
[2024-10-04 23:57:53,865] {processor.py:641} INFO - Processing file /home/kennedy/.local/lib/python3.10/site-packages/airflow/example_dags/tutorial_taskflow_api_etl_virtualenv.py for tasks to queue
[2024-10-04 23:57:53,866] {logging_mixin.py:115} INFO - [2024-10-04 23:57:53,865] {dagbag.py:507} INFO - Filling up the DagBag from /home/kennedy/.local/lib/python3.10/site-packages/airflow/example_dags/tutorial_taskflow_api_etl_virtualenv.py
[2024-10-04 23:57:53,913] {processor.py:651} INFO - DAG(s) dict_keys(['tutorial_taskflow_api_etl_virtualenv']) retrieved from /home/kennedy/.local/lib/python3.10/site-packages/airflow/example_dags/tutorial_taskflow_api_etl_virtualenv.py
[2024-10-04 23:57:54,004] {logging_mixin.py:115} INFO - [2024-10-04 23:57:54,004] {dag.py:2379} INFO - Sync 1 DAGs
[2024-10-04 23:57:54,034] {logging_mixin.py:115} INFO - [2024-10-04 23:57:54,034] {dag.py:2927} INFO - Setting next_dagrun for tutorial_taskflow_api_etl_virtualenv to None, run_after=None
[2024-10-04 23:57:54,999] {processor.py:161} INFO - Processing /home/kennedy/.local/lib/python3.10/site-packages/airflow/example_dags/tutorial_taskflow_api_etl_virtualenv.py took 1.162 seconds
[2024-10-04 23:58:55,079] {processor.py:153} INFO - Started process (PID=105319) to work on /home/kennedy/.local/lib/python3.10/site-packages/airflow/example_dags/tutorial_taskflow_api_etl_virtualenv.py
[2024-10-04 23:58:55,092] {processor.py:641} INFO - Processing file /home/kennedy/.local/lib/python3.10/site-packages/airflow/example_dags/tutorial_taskflow_api_etl_virtualenv.py for tasks to queue
[2024-10-04 23:58:55,094] {logging_mixin.py:115} INFO - [2024-10-04 23:58:55,094] {dagbag.py:507} INFO - Filling up the DagBag from /home/kennedy/.local/lib/python3.10/site-packages/airflow/example_dags/tutorial_taskflow_api_etl_virtualenv.py
[2024-10-04 23:58:55,232] {processor.py:651} INFO - DAG(s) dict_keys(['tutorial_taskflow_api_etl_virtualenv']) retrieved from /home/kennedy/.local/lib/python3.10/site-packages/airflow/example_dags/tutorial_taskflow_api_etl_virtualenv.py
[2024-10-04 23:58:55,262] {logging_mixin.py:115} INFO - [2024-10-04 23:58:55,262] {dag.py:2379} INFO - Sync 1 DAGs
[2024-10-04 23:58:55,285] {logging_mixin.py:115} INFO - [2024-10-04 23:58:55,285] {dag.py:2927} INFO - Setting next_dagrun for tutorial_taskflow_api_etl_virtualenv to None, run_after=None
[2024-10-04 23:58:56,246] {processor.py:161} INFO - Processing /home/kennedy/.local/lib/python3.10/site-packages/airflow/example_dags/tutorial_taskflow_api_etl_virtualenv.py took 1.178 seconds
[2024-10-04 23:59:54,625] {processor.py:153} INFO - Started process (PID=105453) to work on /home/kennedy/.local/lib/python3.10/site-packages/airflow/example_dags/tutorial_taskflow_api_etl_virtualenv.py
[2024-10-04 23:59:54,641] {processor.py:641} INFO - Processing file /home/kennedy/.local/lib/python3.10/site-packages/airflow/example_dags/tutorial_taskflow_api_etl_virtualenv.py for tasks to queue
[2024-10-04 23:59:54,642] {logging_mixin.py:115} INFO - [2024-10-04 23:59:54,642] {dagbag.py:507} INFO - Filling up the DagBag from /home/kennedy/.local/lib/python3.10/site-packages/airflow/example_dags/tutorial_taskflow_api_etl_virtualenv.py
[2024-10-04 23:59:54,690] {processor.py:651} INFO - DAG(s) dict_keys(['tutorial_taskflow_api_etl_virtualenv']) retrieved from /home/kennedy/.local/lib/python3.10/site-packages/airflow/example_dags/tutorial_taskflow_api_etl_virtualenv.py
[2024-10-04 23:59:54,721] {logging_mixin.py:115} INFO - [2024-10-04 23:59:54,721] {dag.py:2379} INFO - Sync 1 DAGs
[2024-10-04 23:59:54,757] {logging_mixin.py:115} INFO - [2024-10-04 23:59:54,756] {dag.py:2927} INFO - Setting next_dagrun for tutorial_taskflow_api_etl_virtualenv to None, run_after=None
[2024-10-04 23:59:56,039] {processor.py:161} INFO - Processing /home/kennedy/.local/lib/python3.10/site-packages/airflow/example_dags/tutorial_taskflow_api_etl_virtualenv.py took 1.421 seconds
[2024-10-05 00:00:46,852] {processor.py:153} INFO - Started process (PID=105621) to work on /home/kennedy/.local/lib/python3.10/site-packages/airflow/example_dags/tutorial_taskflow_api_etl_virtualenv.py
[2024-10-05 00:00:46,865] {processor.py:641} INFO - Processing file /home/kennedy/.local/lib/python3.10/site-packages/airflow/example_dags/tutorial_taskflow_api_etl_virtualenv.py for tasks to queue
[2024-10-05 00:00:46,866] {logging_mixin.py:115} INFO - [2024-10-05 00:00:46,866] {dagbag.py:507} INFO - Filling up the DagBag from /home/kennedy/.local/lib/python3.10/site-packages/airflow/example_dags/tutorial_taskflow_api_etl_virtualenv.py
[2024-10-05 00:00:46,913] {processor.py:651} INFO - DAG(s) dict_keys(['tutorial_taskflow_api_etl_virtualenv']) retrieved from /home/kennedy/.local/lib/python3.10/site-packages/airflow/example_dags/tutorial_taskflow_api_etl_virtualenv.py
[2024-10-05 00:00:46,943] {logging_mixin.py:115} INFO - [2024-10-05 00:00:46,943] {dag.py:2379} INFO - Sync 1 DAGs
[2024-10-05 00:00:46,979] {logging_mixin.py:115} INFO - [2024-10-05 00:00:46,979] {dag.py:2927} INFO - Setting next_dagrun for tutorial_taskflow_api_etl_virtualenv to None, run_after=None
[2024-10-05 00:00:48,195] {processor.py:161} INFO - Processing /home/kennedy/.local/lib/python3.10/site-packages/airflow/example_dags/tutorial_taskflow_api_etl_virtualenv.py took 1.350 seconds
[2024-10-05 00:02:06,323] {processor.py:153} INFO - Started process (PID=105919) to work on /home/kennedy/.local/lib/python3.10/site-packages/airflow/example_dags/tutorial_taskflow_api_etl_virtualenv.py
[2024-10-05 00:02:06,403] {processor.py:641} INFO - Processing file /home/kennedy/.local/lib/python3.10/site-packages/airflow/example_dags/tutorial_taskflow_api_etl_virtualenv.py for tasks to queue
[2024-10-05 00:02:06,404] {logging_mixin.py:115} INFO - [2024-10-05 00:02:06,404] {dagbag.py:507} INFO - Filling up the DagBag from /home/kennedy/.local/lib/python3.10/site-packages/airflow/example_dags/tutorial_taskflow_api_etl_virtualenv.py
[2024-10-05 00:02:06,459] {processor.py:651} INFO - DAG(s) dict_keys(['tutorial_taskflow_api_etl_virtualenv']) retrieved from /home/kennedy/.local/lib/python3.10/site-packages/airflow/example_dags/tutorial_taskflow_api_etl_virtualenv.py
[2024-10-05 00:02:06,567] {logging_mixin.py:115} INFO - [2024-10-05 00:02:06,567] {dag.py:2379} INFO - Sync 1 DAGs
[2024-10-05 00:02:06,603] {logging_mixin.py:115} INFO - [2024-10-05 00:02:06,603] {dag.py:2927} INFO - Setting next_dagrun for tutorial_taskflow_api_etl_virtualenv to None, run_after=None
[2024-10-05 00:02:06,696] {processor.py:161} INFO - Processing /home/kennedy/.local/lib/python3.10/site-packages/airflow/example_dags/tutorial_taskflow_api_etl_virtualenv.py took 0.380 seconds
