[2024-10-04 23:32:14,671] {processor.py:153} INFO - Started process (PID=96205) to work on /home/kennedy/.local/lib/python3.10/site-packages/airflow/example_dags/tutorial_etl_dag.py
[2024-10-04 23:32:14,671] {processor.py:641} INFO - Processing file /home/kennedy/.local/lib/python3.10/site-packages/airflow/example_dags/tutorial_etl_dag.py for tasks to queue
[2024-10-04 23:32:14,672] {logging_mixin.py:115} INFO - [2024-10-04 23:32:14,672] {dagbag.py:507} INFO - Filling up the DagBag from /home/kennedy/.local/lib/python3.10/site-packages/airflow/example_dags/tutorial_etl_dag.py
[2024-10-04 23:32:14,677] {processor.py:651} INFO - DAG(s) dict_keys(['tutorial_etl_dag']) retrieved from /home/kennedy/.local/lib/python3.10/site-packages/airflow/example_dags/tutorial_etl_dag.py
[2024-10-04 23:32:16,431] {logging_mixin.py:115} INFO - [2024-10-04 23:32:16,431] {manager.py:508} INFO - Created Permission View: can edit on DAG:tutorial_etl_dag
[2024-10-04 23:32:16,937] {logging_mixin.py:115} INFO - [2024-10-04 23:32:16,936] {manager.py:508} INFO - Created Permission View: can delete on DAG:tutorial_etl_dag
[2024-10-04 23:32:17,038] {logging_mixin.py:115} INFO - [2024-10-04 23:32:17,038] {manager.py:508} INFO - Created Permission View: can read on DAG:tutorial_etl_dag
[2024-10-04 23:32:17,039] {logging_mixin.py:115} INFO - [2024-10-04 23:32:17,039] {dag.py:2379} INFO - Sync 1 DAGs
[2024-10-04 23:32:17,061] {logging_mixin.py:115} INFO - [2024-10-04 23:32:17,060] {dag.py:2398} INFO - Creating ORM DAG for tutorial_etl_dag
[2024-10-04 23:32:17,086] {logging_mixin.py:115} INFO - [2024-10-04 23:32:17,085] {dag.py:2927} INFO - Setting next_dagrun for tutorial_etl_dag to None, run_after=None
[2024-10-04 23:32:17,247] {processor.py:161} INFO - Processing /home/kennedy/.local/lib/python3.10/site-packages/airflow/example_dags/tutorial_etl_dag.py took 2.579 seconds
[2024-10-04 23:34:01,397] {processor.py:153} INFO - Started process (PID=97059) to work on /home/kennedy/.local/lib/python3.10/site-packages/airflow/example_dags/tutorial_etl_dag.py
[2024-10-04 23:34:01,405] {processor.py:641} INFO - Processing file /home/kennedy/.local/lib/python3.10/site-packages/airflow/example_dags/tutorial_etl_dag.py for tasks to queue
[2024-10-04 23:34:01,407] {logging_mixin.py:115} INFO - [2024-10-04 23:34:01,406] {dagbag.py:507} INFO - Filling up the DagBag from /home/kennedy/.local/lib/python3.10/site-packages/airflow/example_dags/tutorial_etl_dag.py
[2024-10-04 23:34:01,429] {processor.py:651} INFO - DAG(s) dict_keys(['tutorial_etl_dag']) retrieved from /home/kennedy/.local/lib/python3.10/site-packages/airflow/example_dags/tutorial_etl_dag.py
[2024-10-04 23:34:01,558] {logging_mixin.py:115} INFO - [2024-10-04 23:34:01,557] {dag.py:2379} INFO - Sync 1 DAGs
[2024-10-04 23:34:01,599] {logging_mixin.py:115} INFO - [2024-10-04 23:34:01,599] {dag.py:2927} INFO - Setting next_dagrun for tutorial_etl_dag to None, run_after=None
[2024-10-04 23:34:02,822] {processor.py:161} INFO - Processing /home/kennedy/.local/lib/python3.10/site-packages/airflow/example_dags/tutorial_etl_dag.py took 1.432 seconds
[2024-10-04 23:34:50,471] {processor.py:153} INFO - Started process (PID=97103) to work on /home/kennedy/.local/lib/python3.10/site-packages/airflow/example_dags/tutorial_etl_dag.py
[2024-10-04 23:34:50,476] {processor.py:641} INFO - Processing file /home/kennedy/.local/lib/python3.10/site-packages/airflow/example_dags/tutorial_etl_dag.py for tasks to queue
[2024-10-04 23:34:50,477] {logging_mixin.py:115} INFO - [2024-10-04 23:34:50,477] {dagbag.py:507} INFO - Filling up the DagBag from /home/kennedy/.local/lib/python3.10/site-packages/airflow/example_dags/tutorial_etl_dag.py
[2024-10-04 23:34:50,494] {processor.py:651} INFO - DAG(s) dict_keys(['tutorial_etl_dag']) retrieved from /home/kennedy/.local/lib/python3.10/site-packages/airflow/example_dags/tutorial_etl_dag.py
[2024-10-04 23:34:50,534] {logging_mixin.py:115} INFO - [2024-10-04 23:34:50,534] {dag.py:2379} INFO - Sync 1 DAGs
[2024-10-04 23:34:50,581] {logging_mixin.py:115} INFO - [2024-10-04 23:34:50,581] {dag.py:2927} INFO - Setting next_dagrun for tutorial_etl_dag to None, run_after=None
[2024-10-04 23:34:50,711] {processor.py:161} INFO - Processing /home/kennedy/.local/lib/python3.10/site-packages/airflow/example_dags/tutorial_etl_dag.py took 0.248 seconds
[2024-10-04 23:35:38,353] {processor.py:153} INFO - Started process (PID=97370) to work on /home/kennedy/.local/lib/python3.10/site-packages/airflow/example_dags/tutorial_etl_dag.py
[2024-10-04 23:35:38,392] {processor.py:641} INFO - Processing file /home/kennedy/.local/lib/python3.10/site-packages/airflow/example_dags/tutorial_etl_dag.py for tasks to queue
[2024-10-04 23:35:38,394] {logging_mixin.py:115} INFO - [2024-10-04 23:35:38,394] {dagbag.py:507} INFO - Filling up the DagBag from /home/kennedy/.local/lib/python3.10/site-packages/airflow/example_dags/tutorial_etl_dag.py
[2024-10-04 23:35:38,417] {processor.py:651} INFO - DAG(s) dict_keys(['tutorial_etl_dag']) retrieved from /home/kennedy/.local/lib/python3.10/site-packages/airflow/example_dags/tutorial_etl_dag.py
[2024-10-04 23:35:38,520] {logging_mixin.py:115} INFO - [2024-10-04 23:35:38,519] {dag.py:2379} INFO - Sync 1 DAGs
[2024-10-04 23:35:38,561] {logging_mixin.py:115} INFO - [2024-10-04 23:35:38,561] {dag.py:2927} INFO - Setting next_dagrun for tutorial_etl_dag to None, run_after=None
[2024-10-04 23:35:39,459] {processor.py:161} INFO - Processing /home/kennedy/.local/lib/python3.10/site-packages/airflow/example_dags/tutorial_etl_dag.py took 1.112 seconds
[2024-10-04 23:36:26,759] {processor.py:153} INFO - Started process (PID=98199) to work on /home/kennedy/.local/lib/python3.10/site-packages/airflow/example_dags/tutorial_etl_dag.py
[2024-10-04 23:36:26,767] {processor.py:641} INFO - Processing file /home/kennedy/.local/lib/python3.10/site-packages/airflow/example_dags/tutorial_etl_dag.py for tasks to queue
[2024-10-04 23:36:26,768] {logging_mixin.py:115} INFO - [2024-10-04 23:36:26,768] {dagbag.py:507} INFO - Filling up the DagBag from /home/kennedy/.local/lib/python3.10/site-packages/airflow/example_dags/tutorial_etl_dag.py
[2024-10-04 23:36:26,790] {processor.py:651} INFO - DAG(s) dict_keys(['tutorial_etl_dag']) retrieved from /home/kennedy/.local/lib/python3.10/site-packages/airflow/example_dags/tutorial_etl_dag.py
[2024-10-04 23:36:26,856] {logging_mixin.py:115} INFO - [2024-10-04 23:36:26,856] {dag.py:2379} INFO - Sync 1 DAGs
[2024-10-04 23:36:26,911] {logging_mixin.py:115} INFO - [2024-10-04 23:36:26,910] {dag.py:2927} INFO - Setting next_dagrun for tutorial_etl_dag to None, run_after=None
[2024-10-04 23:36:27,036] {processor.py:161} INFO - Processing /home/kennedy/.local/lib/python3.10/site-packages/airflow/example_dags/tutorial_etl_dag.py took 0.287 seconds
[2024-10-04 23:37:32,058] {processor.py:153} INFO - Started process (PID=98331) to work on /home/kennedy/.local/lib/python3.10/site-packages/airflow/example_dags/tutorial_etl_dag.py
[2024-10-04 23:37:32,167] {processor.py:641} INFO - Processing file /home/kennedy/.local/lib/python3.10/site-packages/airflow/example_dags/tutorial_etl_dag.py for tasks to queue
[2024-10-04 23:37:32,168] {logging_mixin.py:115} INFO - [2024-10-04 23:37:32,168] {dagbag.py:507} INFO - Filling up the DagBag from /home/kennedy/.local/lib/python3.10/site-packages/airflow/example_dags/tutorial_etl_dag.py
[2024-10-04 23:37:32,186] {processor.py:651} INFO - DAG(s) dict_keys(['tutorial_etl_dag']) retrieved from /home/kennedy/.local/lib/python3.10/site-packages/airflow/example_dags/tutorial_etl_dag.py
[2024-10-04 23:37:32,225] {logging_mixin.py:115} INFO - [2024-10-04 23:37:32,225] {dag.py:2379} INFO - Sync 1 DAGs
[2024-10-04 23:37:32,262] {logging_mixin.py:115} INFO - [2024-10-04 23:37:32,262] {dag.py:2927} INFO - Setting next_dagrun for tutorial_etl_dag to None, run_after=None
[2024-10-04 23:37:33,597] {processor.py:161} INFO - Processing /home/kennedy/.local/lib/python3.10/site-packages/airflow/example_dags/tutorial_etl_dag.py took 1.549 seconds
[2024-10-04 23:38:30,672] {processor.py:153} INFO - Started process (PID=98556) to work on /home/kennedy/.local/lib/python3.10/site-packages/airflow/example_dags/tutorial_etl_dag.py
[2024-10-04 23:38:30,711] {processor.py:641} INFO - Processing file /home/kennedy/.local/lib/python3.10/site-packages/airflow/example_dags/tutorial_etl_dag.py for tasks to queue
[2024-10-04 23:38:30,712] {logging_mixin.py:115} INFO - [2024-10-04 23:38:30,712] {dagbag.py:507} INFO - Filling up the DagBag from /home/kennedy/.local/lib/python3.10/site-packages/airflow/example_dags/tutorial_etl_dag.py
[2024-10-04 23:38:30,729] {processor.py:651} INFO - DAG(s) dict_keys(['tutorial_etl_dag']) retrieved from /home/kennedy/.local/lib/python3.10/site-packages/airflow/example_dags/tutorial_etl_dag.py
[2024-10-04 23:38:30,834] {logging_mixin.py:115} INFO - [2024-10-04 23:38:30,834] {dag.py:2379} INFO - Sync 1 DAGs
[2024-10-04 23:38:30,864] {logging_mixin.py:115} INFO - [2024-10-04 23:38:30,864] {dag.py:2927} INFO - Setting next_dagrun for tutorial_etl_dag to None, run_after=None
[2024-10-04 23:38:31,177] {processor.py:161} INFO - Processing /home/kennedy/.local/lib/python3.10/site-packages/airflow/example_dags/tutorial_etl_dag.py took 0.511 seconds
[2024-10-04 23:38:57,629] {processor.py:153} INFO - Started process (PID=99171) to work on /home/kennedy/KR/Programação/01.Exercícios/DE/Movies/venv/lib/python3.10/site-packages/airflow/example_dags/tutorial_etl_dag.py
[2024-10-04 23:38:58,161] {processor.py:641} INFO - Processing file /home/kennedy/KR/Programação/01.Exercícios/DE/Movies/venv/lib/python3.10/site-packages/airflow/example_dags/tutorial_etl_dag.py for tasks to queue
[2024-10-04 23:38:58,162] {logging_mixin.py:115} INFO - [2024-10-04 23:38:58,162] {dagbag.py:507} INFO - Filling up the DagBag from /home/kennedy/KR/Programação/01.Exercícios/DE/Movies/venv/lib/python3.10/site-packages/airflow/example_dags/tutorial_etl_dag.py
[2024-10-04 23:38:58,175] {processor.py:651} INFO - DAG(s) dict_keys(['tutorial_etl_dag']) retrieved from /home/kennedy/KR/Programação/01.Exercícios/DE/Movies/venv/lib/python3.10/site-packages/airflow/example_dags/tutorial_etl_dag.py
[2024-10-04 23:38:58,195] {logging_mixin.py:115} INFO - [2024-10-04 23:38:58,195] {dag.py:2379} INFO - Sync 1 DAGs
[2024-10-04 23:38:58,231] {logging_mixin.py:115} INFO - [2024-10-04 23:38:58,231] {dag.py:2927} INFO - Setting next_dagrun for tutorial_etl_dag to None, run_after=None
[2024-10-04 23:38:59,953] {processor.py:161} INFO - Processing /home/kennedy/KR/Programação/01.Exercícios/DE/Movies/venv/lib/python3.10/site-packages/airflow/example_dags/tutorial_etl_dag.py took 2.327 seconds
[2024-10-04 23:39:27,363] {processor.py:153} INFO - Started process (PID=99196) to work on /home/kennedy/.local/lib/python3.10/site-packages/airflow/example_dags/tutorial_etl_dag.py
[2024-10-04 23:39:27,371] {processor.py:641} INFO - Processing file /home/kennedy/.local/lib/python3.10/site-packages/airflow/example_dags/tutorial_etl_dag.py for tasks to queue
[2024-10-04 23:39:27,372] {logging_mixin.py:115} INFO - [2024-10-04 23:39:27,371] {dagbag.py:507} INFO - Filling up the DagBag from /home/kennedy/.local/lib/python3.10/site-packages/airflow/example_dags/tutorial_etl_dag.py
[2024-10-04 23:39:27,390] {processor.py:651} INFO - DAG(s) dict_keys(['tutorial_etl_dag']) retrieved from /home/kennedy/.local/lib/python3.10/site-packages/airflow/example_dags/tutorial_etl_dag.py
[2024-10-04 23:39:27,504] {logging_mixin.py:115} INFO - [2024-10-04 23:39:27,504] {dag.py:2379} INFO - Sync 1 DAGs
[2024-10-04 23:39:27,543] {logging_mixin.py:115} INFO - [2024-10-04 23:39:27,542] {dag.py:2927} INFO - Setting next_dagrun for tutorial_etl_dag to None, run_after=None
[2024-10-04 23:39:27,629] {processor.py:161} INFO - Processing /home/kennedy/.local/lib/python3.10/site-packages/airflow/example_dags/tutorial_etl_dag.py took 0.273 seconds
[2024-10-04 23:40:24,808] {processor.py:153} INFO - Started process (PID=99302) to work on /home/kennedy/.local/lib/python3.10/site-packages/airflow/example_dags/tutorial_etl_dag.py
[2024-10-04 23:40:24,923] {processor.py:641} INFO - Processing file /home/kennedy/.local/lib/python3.10/site-packages/airflow/example_dags/tutorial_etl_dag.py for tasks to queue
[2024-10-04 23:40:24,924] {logging_mixin.py:115} INFO - [2024-10-04 23:40:24,924] {dagbag.py:507} INFO - Filling up the DagBag from /home/kennedy/.local/lib/python3.10/site-packages/airflow/example_dags/tutorial_etl_dag.py
[2024-10-04 23:40:24,931] {processor.py:651} INFO - DAG(s) dict_keys(['tutorial_etl_dag']) retrieved from /home/kennedy/.local/lib/python3.10/site-packages/airflow/example_dags/tutorial_etl_dag.py
[2024-10-04 23:40:24,946] {logging_mixin.py:115} INFO - [2024-10-04 23:40:24,946] {dag.py:2379} INFO - Sync 1 DAGs
[2024-10-04 23:40:24,961] {logging_mixin.py:115} INFO - [2024-10-04 23:40:24,960] {dag.py:2927} INFO - Setting next_dagrun for tutorial_etl_dag to None, run_after=None
[2024-10-04 23:40:25,075] {processor.py:161} INFO - Processing /home/kennedy/.local/lib/python3.10/site-packages/airflow/example_dags/tutorial_etl_dag.py took 0.270 seconds
[2024-10-04 23:41:10,257] {processor.py:153} INFO - Started process (PID=99436) to work on /home/kennedy/.local/lib/python3.10/site-packages/airflow/example_dags/tutorial_etl_dag.py
[2024-10-04 23:41:10,415] {processor.py:641} INFO - Processing file /home/kennedy/.local/lib/python3.10/site-packages/airflow/example_dags/tutorial_etl_dag.py for tasks to queue
[2024-10-04 23:41:10,417] {logging_mixin.py:115} INFO - [2024-10-04 23:41:10,416] {dagbag.py:507} INFO - Filling up the DagBag from /home/kennedy/.local/lib/python3.10/site-packages/airflow/example_dags/tutorial_etl_dag.py
[2024-10-04 23:41:10,441] {processor.py:651} INFO - DAG(s) dict_keys(['tutorial_etl_dag']) retrieved from /home/kennedy/.local/lib/python3.10/site-packages/airflow/example_dags/tutorial_etl_dag.py
[2024-10-04 23:41:10,501] {logging_mixin.py:115} INFO - [2024-10-04 23:41:10,501] {dag.py:2379} INFO - Sync 1 DAGs
[2024-10-04 23:41:10,535] {logging_mixin.py:115} INFO - [2024-10-04 23:41:10,535] {dag.py:2927} INFO - Setting next_dagrun for tutorial_etl_dag to None, run_after=None
[2024-10-04 23:41:11,198] {processor.py:161} INFO - Processing /home/kennedy/.local/lib/python3.10/site-packages/airflow/example_dags/tutorial_etl_dag.py took 0.948 seconds
[2024-10-04 23:42:23,593] {processor.py:153} INFO - Started process (PID=99734) to work on /home/kennedy/.local/lib/python3.10/site-packages/airflow/example_dags/tutorial_etl_dag.py
[2024-10-04 23:42:23,808] {processor.py:641} INFO - Processing file /home/kennedy/.local/lib/python3.10/site-packages/airflow/example_dags/tutorial_etl_dag.py for tasks to queue
[2024-10-04 23:42:23,809] {logging_mixin.py:115} INFO - [2024-10-04 23:42:23,809] {dagbag.py:507} INFO - Filling up the DagBag from /home/kennedy/.local/lib/python3.10/site-packages/airflow/example_dags/tutorial_etl_dag.py
[2024-10-04 23:42:23,828] {processor.py:651} INFO - DAG(s) dict_keys(['tutorial_etl_dag']) retrieved from /home/kennedy/.local/lib/python3.10/site-packages/airflow/example_dags/tutorial_etl_dag.py
[2024-10-04 23:42:23,966] {logging_mixin.py:115} INFO - [2024-10-04 23:42:23,966] {dag.py:2379} INFO - Sync 1 DAGs
[2024-10-04 23:42:24,014] {logging_mixin.py:115} INFO - [2024-10-04 23:42:24,013] {dag.py:2927} INFO - Setting next_dagrun for tutorial_etl_dag to None, run_after=None
[2024-10-04 23:42:24,172] {processor.py:161} INFO - Processing /home/kennedy/.local/lib/python3.10/site-packages/airflow/example_dags/tutorial_etl_dag.py took 0.588 seconds
[2024-10-04 23:42:48,465] {processor.py:153} INFO - Started process (PID=99767) to work on /home/kennedy/.local/lib/python3.10/site-packages/airflow/example_dags/tutorial_etl_dag.py
[2024-10-04 23:42:48,655] {processor.py:641} INFO - Processing file /home/kennedy/.local/lib/python3.10/site-packages/airflow/example_dags/tutorial_etl_dag.py for tasks to queue
[2024-10-04 23:42:48,656] {logging_mixin.py:115} INFO - [2024-10-04 23:42:48,655] {dagbag.py:507} INFO - Filling up the DagBag from /home/kennedy/.local/lib/python3.10/site-packages/airflow/example_dags/tutorial_etl_dag.py
[2024-10-04 23:42:48,675] {processor.py:651} INFO - DAG(s) dict_keys(['tutorial_etl_dag']) retrieved from /home/kennedy/.local/lib/python3.10/site-packages/airflow/example_dags/tutorial_etl_dag.py
[2024-10-04 23:42:48,718] {logging_mixin.py:115} INFO - [2024-10-04 23:42:48,718] {dag.py:2379} INFO - Sync 1 DAGs
[2024-10-04 23:42:48,758] {logging_mixin.py:115} INFO - [2024-10-04 23:42:48,758] {dag.py:2927} INFO - Setting next_dagrun for tutorial_etl_dag to None, run_after=None
[2024-10-04 23:42:48,858] {processor.py:161} INFO - Processing /home/kennedy/.local/lib/python3.10/site-packages/airflow/example_dags/tutorial_etl_dag.py took 0.401 seconds
[2024-10-04 23:43:42,227] {processor.py:153} INFO - Started process (PID=99829) to work on /home/kennedy/.local/lib/python3.10/site-packages/airflow/example_dags/tutorial_etl_dag.py
[2024-10-04 23:43:42,236] {processor.py:641} INFO - Processing file /home/kennedy/.local/lib/python3.10/site-packages/airflow/example_dags/tutorial_etl_dag.py for tasks to queue
[2024-10-04 23:43:42,237] {logging_mixin.py:115} INFO - [2024-10-04 23:43:42,237] {dagbag.py:507} INFO - Filling up the DagBag from /home/kennedy/.local/lib/python3.10/site-packages/airflow/example_dags/tutorial_etl_dag.py
[2024-10-04 23:43:42,253] {processor.py:651} INFO - DAG(s) dict_keys(['tutorial_etl_dag']) retrieved from /home/kennedy/.local/lib/python3.10/site-packages/airflow/example_dags/tutorial_etl_dag.py
[2024-10-04 23:43:42,289] {logging_mixin.py:115} INFO - [2024-10-04 23:43:42,289] {dag.py:2379} INFO - Sync 1 DAGs
[2024-10-04 23:43:42,324] {logging_mixin.py:115} INFO - [2024-10-04 23:43:42,324] {dag.py:2927} INFO - Setting next_dagrun for tutorial_etl_dag to None, run_after=None
[2024-10-04 23:43:43,693] {processor.py:161} INFO - Processing /home/kennedy/.local/lib/python3.10/site-packages/airflow/example_dags/tutorial_etl_dag.py took 1.473 seconds
[2024-10-04 23:43:51,345] {processor.py:153} INFO - Started process (PID=99841) to work on /home/kennedy/.local/lib/python3.10/site-packages/airflow/example_dags/tutorial_etl_dag.py
[2024-10-04 23:43:51,384] {processor.py:641} INFO - Processing file /home/kennedy/.local/lib/python3.10/site-packages/airflow/example_dags/tutorial_etl_dag.py for tasks to queue
[2024-10-04 23:43:51,385] {logging_mixin.py:115} INFO - [2024-10-04 23:43:51,385] {dagbag.py:507} INFO - Filling up the DagBag from /home/kennedy/.local/lib/python3.10/site-packages/airflow/example_dags/tutorial_etl_dag.py
[2024-10-04 23:43:51,402] {processor.py:651} INFO - DAG(s) dict_keys(['tutorial_etl_dag']) retrieved from /home/kennedy/.local/lib/python3.10/site-packages/airflow/example_dags/tutorial_etl_dag.py
[2024-10-04 23:43:51,547] {logging_mixin.py:115} INFO - [2024-10-04 23:43:51,547] {dag.py:2379} INFO - Sync 1 DAGs
[2024-10-04 23:43:51,587] {logging_mixin.py:115} INFO - [2024-10-04 23:43:51,587] {dag.py:2927} INFO - Setting next_dagrun for tutorial_etl_dag to None, run_after=None
[2024-10-04 23:43:51,721] {processor.py:161} INFO - Processing /home/kennedy/.local/lib/python3.10/site-packages/airflow/example_dags/tutorial_etl_dag.py took 0.383 seconds
[2024-10-04 23:44:32,958] {processor.py:153} INFO - Started process (PID=99927) to work on /home/kennedy/.local/lib/python3.10/site-packages/airflow/example_dags/tutorial_etl_dag.py
[2024-10-04 23:44:32,967] {processor.py:641} INFO - Processing file /home/kennedy/.local/lib/python3.10/site-packages/airflow/example_dags/tutorial_etl_dag.py for tasks to queue
[2024-10-04 23:44:32,968] {logging_mixin.py:115} INFO - [2024-10-04 23:44:32,968] {dagbag.py:507} INFO - Filling up the DagBag from /home/kennedy/.local/lib/python3.10/site-packages/airflow/example_dags/tutorial_etl_dag.py
[2024-10-04 23:44:32,987] {processor.py:651} INFO - DAG(s) dict_keys(['tutorial_etl_dag']) retrieved from /home/kennedy/.local/lib/python3.10/site-packages/airflow/example_dags/tutorial_etl_dag.py
[2024-10-04 23:44:33,029] {logging_mixin.py:115} INFO - [2024-10-04 23:44:33,029] {dag.py:2379} INFO - Sync 1 DAGs
[2024-10-04 23:44:33,070] {logging_mixin.py:115} INFO - [2024-10-04 23:44:33,070] {dag.py:2927} INFO - Setting next_dagrun for tutorial_etl_dag to None, run_after=None
[2024-10-04 23:44:33,436] {processor.py:161} INFO - Processing /home/kennedy/.local/lib/python3.10/site-packages/airflow/example_dags/tutorial_etl_dag.py took 0.485 seconds
[2024-10-04 23:45:23,660] {processor.py:153} INFO - Started process (PID=100341) to work on /home/kennedy/.local/lib/python3.10/site-packages/airflow/example_dags/tutorial_etl_dag.py
[2024-10-04 23:45:23,688] {processor.py:641} INFO - Processing file /home/kennedy/.local/lib/python3.10/site-packages/airflow/example_dags/tutorial_etl_dag.py for tasks to queue
[2024-10-04 23:45:23,689] {logging_mixin.py:115} INFO - [2024-10-04 23:45:23,689] {dagbag.py:507} INFO - Filling up the DagBag from /home/kennedy/.local/lib/python3.10/site-packages/airflow/example_dags/tutorial_etl_dag.py
[2024-10-04 23:45:23,708] {processor.py:651} INFO - DAG(s) dict_keys(['tutorial_etl_dag']) retrieved from /home/kennedy/.local/lib/python3.10/site-packages/airflow/example_dags/tutorial_etl_dag.py
[2024-10-04 23:45:23,811] {logging_mixin.py:115} INFO - [2024-10-04 23:45:23,811] {dag.py:2379} INFO - Sync 1 DAGs
[2024-10-04 23:45:23,843] {logging_mixin.py:115} INFO - [2024-10-04 23:45:23,843] {dag.py:2927} INFO - Setting next_dagrun for tutorial_etl_dag to None, run_after=None
[2024-10-04 23:45:24,209] {processor.py:161} INFO - Processing /home/kennedy/.local/lib/python3.10/site-packages/airflow/example_dags/tutorial_etl_dag.py took 0.556 seconds
[2024-10-04 23:46:34,448] {processor.py:153} INFO - Started process (PID=101114) to work on /home/kennedy/.local/lib/python3.10/site-packages/airflow/example_dags/tutorial_etl_dag.py
[2024-10-04 23:46:34,603] {processor.py:641} INFO - Processing file /home/kennedy/.local/lib/python3.10/site-packages/airflow/example_dags/tutorial_etl_dag.py for tasks to queue
[2024-10-04 23:46:34,604] {logging_mixin.py:115} INFO - [2024-10-04 23:46:34,604] {dagbag.py:507} INFO - Filling up the DagBag from /home/kennedy/.local/lib/python3.10/site-packages/airflow/example_dags/tutorial_etl_dag.py
[2024-10-04 23:46:34,624] {processor.py:651} INFO - DAG(s) dict_keys(['tutorial_etl_dag']) retrieved from /home/kennedy/.local/lib/python3.10/site-packages/airflow/example_dags/tutorial_etl_dag.py
[2024-10-04 23:46:34,677] {logging_mixin.py:115} INFO - [2024-10-04 23:46:34,677] {dag.py:2379} INFO - Sync 1 DAGs
[2024-10-04 23:46:34,727] {logging_mixin.py:115} INFO - [2024-10-04 23:46:34,726] {dag.py:2927} INFO - Setting next_dagrun for tutorial_etl_dag to None, run_after=None
[2024-10-04 23:46:36,955] {processor.py:161} INFO - Processing /home/kennedy/.local/lib/python3.10/site-packages/airflow/example_dags/tutorial_etl_dag.py took 2.515 seconds
[2024-10-04 23:47:33,232] {processor.py:153} INFO - Started process (PID=101378) to work on /home/kennedy/.local/lib/python3.10/site-packages/airflow/example_dags/tutorial_etl_dag.py
[2024-10-04 23:47:33,365] {processor.py:641} INFO - Processing file /home/kennedy/.local/lib/python3.10/site-packages/airflow/example_dags/tutorial_etl_dag.py for tasks to queue
[2024-10-04 23:47:33,366] {logging_mixin.py:115} INFO - [2024-10-04 23:47:33,366] {dagbag.py:507} INFO - Filling up the DagBag from /home/kennedy/.local/lib/python3.10/site-packages/airflow/example_dags/tutorial_etl_dag.py
[2024-10-04 23:47:33,380] {processor.py:651} INFO - DAG(s) dict_keys(['tutorial_etl_dag']) retrieved from /home/kennedy/.local/lib/python3.10/site-packages/airflow/example_dags/tutorial_etl_dag.py
[2024-10-04 23:47:33,397] {logging_mixin.py:115} INFO - [2024-10-04 23:47:33,397] {dag.py:2379} INFO - Sync 1 DAGs
[2024-10-04 23:47:33,415] {logging_mixin.py:115} INFO - [2024-10-04 23:47:33,415] {dag.py:2927} INFO - Setting next_dagrun for tutorial_etl_dag to None, run_after=None
[2024-10-04 23:47:34,229] {processor.py:161} INFO - Processing /home/kennedy/.local/lib/python3.10/site-packages/airflow/example_dags/tutorial_etl_dag.py took 1.002 seconds
[2024-10-04 23:48:37,555] {processor.py:153} INFO - Started process (PID=102015) to work on /home/kennedy/.local/lib/python3.10/site-packages/airflow/example_dags/tutorial_etl_dag.py
[2024-10-04 23:48:37,908] {processor.py:641} INFO - Processing file /home/kennedy/.local/lib/python3.10/site-packages/airflow/example_dags/tutorial_etl_dag.py for tasks to queue
[2024-10-04 23:48:37,909] {logging_mixin.py:115} INFO - [2024-10-04 23:48:37,909] {dagbag.py:507} INFO - Filling up the DagBag from /home/kennedy/.local/lib/python3.10/site-packages/airflow/example_dags/tutorial_etl_dag.py
[2024-10-04 23:48:37,925] {processor.py:651} INFO - DAG(s) dict_keys(['tutorial_etl_dag']) retrieved from /home/kennedy/.local/lib/python3.10/site-packages/airflow/example_dags/tutorial_etl_dag.py
[2024-10-04 23:48:41,141] {logging_mixin.py:115} INFO - [2024-10-04 23:48:41,141] {dag.py:2379} INFO - Sync 1 DAGs
[2024-10-04 23:48:46,011] {logging_mixin.py:115} INFO - [2024-10-04 23:48:46,011] {dag.py:2927} INFO - Setting next_dagrun for tutorial_etl_dag to None, run_after=None
[2024-10-04 23:48:46,233] {processor.py:161} INFO - Processing /home/kennedy/.local/lib/python3.10/site-packages/airflow/example_dags/tutorial_etl_dag.py took 8.688 seconds
[2024-10-04 23:49:38,523] {processor.py:153} INFO - Started process (PID=102346) to work on /home/kennedy/.local/lib/python3.10/site-packages/airflow/example_dags/tutorial_etl_dag.py
[2024-10-04 23:49:38,530] {processor.py:641} INFO - Processing file /home/kennedy/.local/lib/python3.10/site-packages/airflow/example_dags/tutorial_etl_dag.py for tasks to queue
[2024-10-04 23:49:38,531] {logging_mixin.py:115} INFO - [2024-10-04 23:49:38,531] {dagbag.py:507} INFO - Filling up the DagBag from /home/kennedy/.local/lib/python3.10/site-packages/airflow/example_dags/tutorial_etl_dag.py
[2024-10-04 23:49:38,547] {processor.py:651} INFO - DAG(s) dict_keys(['tutorial_etl_dag']) retrieved from /home/kennedy/.local/lib/python3.10/site-packages/airflow/example_dags/tutorial_etl_dag.py
[2024-10-04 23:49:38,586] {logging_mixin.py:115} INFO - [2024-10-04 23:49:38,586] {dag.py:2379} INFO - Sync 1 DAGs
[2024-10-04 23:49:38,625] {logging_mixin.py:115} INFO - [2024-10-04 23:49:38,625] {dag.py:2927} INFO - Setting next_dagrun for tutorial_etl_dag to None, run_after=None
[2024-10-04 23:49:38,728] {processor.py:161} INFO - Processing /home/kennedy/.local/lib/python3.10/site-packages/airflow/example_dags/tutorial_etl_dag.py took 0.211 seconds
[2024-10-04 23:50:42,555] {processor.py:153} INFO - Started process (PID=102430) to work on /home/kennedy/.local/lib/python3.10/site-packages/airflow/example_dags/tutorial_etl_dag.py
[2024-10-04 23:50:42,567] {processor.py:641} INFO - Processing file /home/kennedy/.local/lib/python3.10/site-packages/airflow/example_dags/tutorial_etl_dag.py for tasks to queue
[2024-10-04 23:50:42,569] {logging_mixin.py:115} INFO - [2024-10-04 23:50:42,568] {dagbag.py:507} INFO - Filling up the DagBag from /home/kennedy/.local/lib/python3.10/site-packages/airflow/example_dags/tutorial_etl_dag.py
[2024-10-04 23:50:42,584] {processor.py:651} INFO - DAG(s) dict_keys(['tutorial_etl_dag']) retrieved from /home/kennedy/.local/lib/python3.10/site-packages/airflow/example_dags/tutorial_etl_dag.py
[2024-10-04 23:50:42,622] {logging_mixin.py:115} INFO - [2024-10-04 23:50:42,622] {dag.py:2379} INFO - Sync 1 DAGs
[2024-10-04 23:50:42,659] {logging_mixin.py:115} INFO - [2024-10-04 23:50:42,659] {dag.py:2927} INFO - Setting next_dagrun for tutorial_etl_dag to None, run_after=None
[2024-10-04 23:50:44,080] {processor.py:161} INFO - Processing /home/kennedy/.local/lib/python3.10/site-packages/airflow/example_dags/tutorial_etl_dag.py took 1.532 seconds
[2024-10-04 23:51:42,376] {processor.py:153} INFO - Started process (PID=102689) to work on /home/kennedy/.local/lib/python3.10/site-packages/airflow/example_dags/tutorial_etl_dag.py
[2024-10-04 23:51:42,679] {processor.py:641} INFO - Processing file /home/kennedy/.local/lib/python3.10/site-packages/airflow/example_dags/tutorial_etl_dag.py for tasks to queue
[2024-10-04 23:51:42,681] {logging_mixin.py:115} INFO - [2024-10-04 23:51:42,680] {dagbag.py:507} INFO - Filling up the DagBag from /home/kennedy/.local/lib/python3.10/site-packages/airflow/example_dags/tutorial_etl_dag.py
[2024-10-04 23:51:42,698] {processor.py:651} INFO - DAG(s) dict_keys(['tutorial_etl_dag']) retrieved from /home/kennedy/.local/lib/python3.10/site-packages/airflow/example_dags/tutorial_etl_dag.py
[2024-10-04 23:51:42,738] {logging_mixin.py:115} INFO - [2024-10-04 23:51:42,738] {dag.py:2379} INFO - Sync 1 DAGs
[2024-10-04 23:51:42,775] {logging_mixin.py:115} INFO - [2024-10-04 23:51:42,775] {dag.py:2927} INFO - Setting next_dagrun for tutorial_etl_dag to None, run_after=None
[2024-10-04 23:51:43,739] {processor.py:161} INFO - Processing /home/kennedy/.local/lib/python3.10/site-packages/airflow/example_dags/tutorial_etl_dag.py took 1.370 seconds
[2024-10-04 23:52:31,476] {processor.py:153} INFO - Started process (PID=102843) to work on /home/kennedy/.local/lib/python3.10/site-packages/airflow/example_dags/tutorial_etl_dag.py
[2024-10-04 23:52:31,491] {processor.py:641} INFO - Processing file /home/kennedy/.local/lib/python3.10/site-packages/airflow/example_dags/tutorial_etl_dag.py for tasks to queue
[2024-10-04 23:52:31,493] {logging_mixin.py:115} INFO - [2024-10-04 23:52:31,492] {dagbag.py:507} INFO - Filling up the DagBag from /home/kennedy/.local/lib/python3.10/site-packages/airflow/example_dags/tutorial_etl_dag.py
[2024-10-04 23:52:31,522] {processor.py:651} INFO - DAG(s) dict_keys(['tutorial_etl_dag']) retrieved from /home/kennedy/.local/lib/python3.10/site-packages/airflow/example_dags/tutorial_etl_dag.py
[2024-10-04 23:52:31,558] {logging_mixin.py:115} INFO - [2024-10-04 23:52:31,558] {dag.py:2379} INFO - Sync 1 DAGs
[2024-10-04 23:52:31,600] {logging_mixin.py:115} INFO - [2024-10-04 23:52:31,600] {dag.py:2927} INFO - Setting next_dagrun for tutorial_etl_dag to None, run_after=None
[2024-10-04 23:52:32,505] {processor.py:161} INFO - Processing /home/kennedy/.local/lib/python3.10/site-packages/airflow/example_dags/tutorial_etl_dag.py took 1.037 seconds
[2024-10-04 23:53:59,154] {processor.py:153} INFO - Started process (PID=103761) to work on /home/kennedy/.local/lib/python3.10/site-packages/airflow/example_dags/tutorial_etl_dag.py
[2024-10-04 23:53:59,207] {processor.py:641} INFO - Processing file /home/kennedy/.local/lib/python3.10/site-packages/airflow/example_dags/tutorial_etl_dag.py for tasks to queue
[2024-10-04 23:53:59,208] {logging_mixin.py:115} INFO - [2024-10-04 23:53:59,208] {dagbag.py:507} INFO - Filling up the DagBag from /home/kennedy/.local/lib/python3.10/site-packages/airflow/example_dags/tutorial_etl_dag.py
[2024-10-04 23:53:59,232] {processor.py:651} INFO - DAG(s) dict_keys(['tutorial_etl_dag']) retrieved from /home/kennedy/.local/lib/python3.10/site-packages/airflow/example_dags/tutorial_etl_dag.py
[2024-10-04 23:53:59,267] {logging_mixin.py:115} INFO - [2024-10-04 23:53:59,267] {dag.py:2379} INFO - Sync 1 DAGs
[2024-10-04 23:53:59,310] {logging_mixin.py:115} INFO - [2024-10-04 23:53:59,310] {dag.py:2927} INFO - Setting next_dagrun for tutorial_etl_dag to None, run_after=None
[2024-10-04 23:53:59,857] {processor.py:161} INFO - Processing /home/kennedy/.local/lib/python3.10/site-packages/airflow/example_dags/tutorial_etl_dag.py took 0.710 seconds
[2024-10-04 23:54:59,932] {processor.py:153} INFO - Started process (PID=103916) to work on /home/kennedy/.local/lib/python3.10/site-packages/airflow/example_dags/tutorial_etl_dag.py
[2024-10-04 23:55:00,096] {processor.py:641} INFO - Processing file /home/kennedy/.local/lib/python3.10/site-packages/airflow/example_dags/tutorial_etl_dag.py for tasks to queue
[2024-10-04 23:55:00,098] {logging_mixin.py:115} INFO - [2024-10-04 23:55:00,097] {dagbag.py:507} INFO - Filling up the DagBag from /home/kennedy/.local/lib/python3.10/site-packages/airflow/example_dags/tutorial_etl_dag.py
[2024-10-04 23:55:00,123] {processor.py:651} INFO - DAG(s) dict_keys(['tutorial_etl_dag']) retrieved from /home/kennedy/.local/lib/python3.10/site-packages/airflow/example_dags/tutorial_etl_dag.py
[2024-10-04 23:55:00,155] {logging_mixin.py:115} INFO - [2024-10-04 23:55:00,155] {dag.py:2379} INFO - Sync 1 DAGs
[2024-10-04 23:55:00,192] {logging_mixin.py:115} INFO - [2024-10-04 23:55:00,192] {dag.py:2927} INFO - Setting next_dagrun for tutorial_etl_dag to None, run_after=None
[2024-10-04 23:55:00,345] {processor.py:161} INFO - Processing /home/kennedy/.local/lib/python3.10/site-packages/airflow/example_dags/tutorial_etl_dag.py took 0.422 seconds
[2024-10-04 23:55:47,767] {processor.py:153} INFO - Started process (PID=103993) to work on /home/kennedy/.local/lib/python3.10/site-packages/airflow/example_dags/tutorial_etl_dag.py
[2024-10-04 23:55:47,768] {processor.py:641} INFO - Processing file /home/kennedy/.local/lib/python3.10/site-packages/airflow/example_dags/tutorial_etl_dag.py for tasks to queue
[2024-10-04 23:55:47,769] {logging_mixin.py:115} INFO - [2024-10-04 23:55:47,769] {dagbag.py:507} INFO - Filling up the DagBag from /home/kennedy/.local/lib/python3.10/site-packages/airflow/example_dags/tutorial_etl_dag.py
[2024-10-04 23:55:47,793] {processor.py:651} INFO - DAG(s) dict_keys(['tutorial_etl_dag']) retrieved from /home/kennedy/.local/lib/python3.10/site-packages/airflow/example_dags/tutorial_etl_dag.py
[2024-10-04 23:55:47,825] {logging_mixin.py:115} INFO - [2024-10-04 23:55:47,825] {dag.py:2379} INFO - Sync 1 DAGs
[2024-10-04 23:55:47,863] {logging_mixin.py:115} INFO - [2024-10-04 23:55:47,863] {dag.py:2927} INFO - Setting next_dagrun for tutorial_etl_dag to None, run_after=None
[2024-10-04 23:55:49,007] {processor.py:161} INFO - Processing /home/kennedy/.local/lib/python3.10/site-packages/airflow/example_dags/tutorial_etl_dag.py took 1.247 seconds
[2024-10-04 23:56:52,402] {processor.py:153} INFO - Started process (PID=104994) to work on /home/kennedy/.local/lib/python3.10/site-packages/airflow/example_dags/tutorial_etl_dag.py
[2024-10-04 23:56:52,425] {processor.py:641} INFO - Processing file /home/kennedy/.local/lib/python3.10/site-packages/airflow/example_dags/tutorial_etl_dag.py for tasks to queue
[2024-10-04 23:56:52,426] {logging_mixin.py:115} INFO - [2024-10-04 23:56:52,426] {dagbag.py:507} INFO - Filling up the DagBag from /home/kennedy/.local/lib/python3.10/site-packages/airflow/example_dags/tutorial_etl_dag.py
[2024-10-04 23:56:52,450] {processor.py:651} INFO - DAG(s) dict_keys(['tutorial_etl_dag']) retrieved from /home/kennedy/.local/lib/python3.10/site-packages/airflow/example_dags/tutorial_etl_dag.py
[2024-10-04 23:56:52,482] {logging_mixin.py:115} INFO - [2024-10-04 23:56:52,481] {dag.py:2379} INFO - Sync 1 DAGs
[2024-10-04 23:56:52,519] {logging_mixin.py:115} INFO - [2024-10-04 23:56:52,518] {dag.py:2927} INFO - Setting next_dagrun for tutorial_etl_dag to None, run_after=None
[2024-10-04 23:56:52,879] {processor.py:161} INFO - Processing /home/kennedy/.local/lib/python3.10/site-packages/airflow/example_dags/tutorial_etl_dag.py took 0.484 seconds
[2024-10-04 23:57:52,381] {processor.py:153} INFO - Started process (PID=105223) to work on /home/kennedy/.local/lib/python3.10/site-packages/airflow/example_dags/tutorial_etl_dag.py
[2024-10-04 23:57:52,406] {processor.py:641} INFO - Processing file /home/kennedy/.local/lib/python3.10/site-packages/airflow/example_dags/tutorial_etl_dag.py for tasks to queue
[2024-10-04 23:57:52,407] {logging_mixin.py:115} INFO - [2024-10-04 23:57:52,406] {dagbag.py:507} INFO - Filling up the DagBag from /home/kennedy/.local/lib/python3.10/site-packages/airflow/example_dags/tutorial_etl_dag.py
[2024-10-04 23:57:52,432] {processor.py:651} INFO - DAG(s) dict_keys(['tutorial_etl_dag']) retrieved from /home/kennedy/.local/lib/python3.10/site-packages/airflow/example_dags/tutorial_etl_dag.py
[2024-10-04 23:57:52,465] {logging_mixin.py:115} INFO - [2024-10-04 23:57:52,465] {dag.py:2379} INFO - Sync 1 DAGs
[2024-10-04 23:57:52,501] {logging_mixin.py:115} INFO - [2024-10-04 23:57:52,501] {dag.py:2927} INFO - Setting next_dagrun for tutorial_etl_dag to None, run_after=None
[2024-10-04 23:57:52,686] {processor.py:161} INFO - Processing /home/kennedy/.local/lib/python3.10/site-packages/airflow/example_dags/tutorial_etl_dag.py took 0.312 seconds
[2024-10-04 23:58:54,011] {processor.py:153} INFO - Started process (PID=105318) to work on /home/kennedy/.local/lib/python3.10/site-packages/airflow/example_dags/tutorial_etl_dag.py
[2024-10-04 23:58:54,150] {processor.py:641} INFO - Processing file /home/kennedy/.local/lib/python3.10/site-packages/airflow/example_dags/tutorial_etl_dag.py for tasks to queue
[2024-10-04 23:58:54,151] {logging_mixin.py:115} INFO - [2024-10-04 23:58:54,151] {dagbag.py:507} INFO - Filling up the DagBag from /home/kennedy/.local/lib/python3.10/site-packages/airflow/example_dags/tutorial_etl_dag.py
[2024-10-04 23:58:54,176] {processor.py:651} INFO - DAG(s) dict_keys(['tutorial_etl_dag']) retrieved from /home/kennedy/.local/lib/python3.10/site-packages/airflow/example_dags/tutorial_etl_dag.py
[2024-10-04 23:58:54,207] {logging_mixin.py:115} INFO - [2024-10-04 23:58:54,207] {dag.py:2379} INFO - Sync 1 DAGs
[2024-10-04 23:58:54,247] {logging_mixin.py:115} INFO - [2024-10-04 23:58:54,247] {dag.py:2927} INFO - Setting next_dagrun for tutorial_etl_dag to None, run_after=None
[2024-10-04 23:58:54,576] {processor.py:161} INFO - Processing /home/kennedy/.local/lib/python3.10/site-packages/airflow/example_dags/tutorial_etl_dag.py took 0.572 seconds
[2024-10-04 23:59:50,230] {processor.py:153} INFO - Started process (PID=105452) to work on /home/kennedy/.local/lib/python3.10/site-packages/airflow/example_dags/tutorial_etl_dag.py
[2024-10-04 23:59:50,242] {processor.py:641} INFO - Processing file /home/kennedy/.local/lib/python3.10/site-packages/airflow/example_dags/tutorial_etl_dag.py for tasks to queue
[2024-10-04 23:59:50,243] {logging_mixin.py:115} INFO - [2024-10-04 23:59:50,243] {dagbag.py:507} INFO - Filling up the DagBag from /home/kennedy/.local/lib/python3.10/site-packages/airflow/example_dags/tutorial_etl_dag.py
[2024-10-04 23:59:50,270] {processor.py:651} INFO - DAG(s) dict_keys(['tutorial_etl_dag']) retrieved from /home/kennedy/.local/lib/python3.10/site-packages/airflow/example_dags/tutorial_etl_dag.py
[2024-10-04 23:59:50,302] {logging_mixin.py:115} INFO - [2024-10-04 23:59:50,302] {dag.py:2379} INFO - Sync 1 DAGs
[2024-10-04 23:59:50,338] {logging_mixin.py:115} INFO - [2024-10-04 23:59:50,338] {dag.py:2927} INFO - Setting next_dagrun for tutorial_etl_dag to None, run_after=None
[2024-10-04 23:59:52,562] {processor.py:161} INFO - Processing /home/kennedy/.local/lib/python3.10/site-packages/airflow/example_dags/tutorial_etl_dag.py took 2.340 seconds
[2024-10-05 00:00:44,196] {processor.py:153} INFO - Started process (PID=105620) to work on /home/kennedy/.local/lib/python3.10/site-packages/airflow/example_dags/tutorial_etl_dag.py
[2024-10-05 00:00:44,213] {processor.py:641} INFO - Processing file /home/kennedy/.local/lib/python3.10/site-packages/airflow/example_dags/tutorial_etl_dag.py for tasks to queue
[2024-10-05 00:00:44,214] {logging_mixin.py:115} INFO - [2024-10-05 00:00:44,214] {dagbag.py:507} INFO - Filling up the DagBag from /home/kennedy/.local/lib/python3.10/site-packages/airflow/example_dags/tutorial_etl_dag.py
[2024-10-05 00:00:44,241] {processor.py:651} INFO - DAG(s) dict_keys(['tutorial_etl_dag']) retrieved from /home/kennedy/.local/lib/python3.10/site-packages/airflow/example_dags/tutorial_etl_dag.py
[2024-10-05 00:00:44,276] {logging_mixin.py:115} INFO - [2024-10-05 00:00:44,275] {dag.py:2379} INFO - Sync 1 DAGs
[2024-10-05 00:00:44,319] {logging_mixin.py:115} INFO - [2024-10-05 00:00:44,319] {dag.py:2927} INFO - Setting next_dagrun for tutorial_etl_dag to None, run_after=None
[2024-10-05 00:00:45,636] {processor.py:161} INFO - Processing /home/kennedy/.local/lib/python3.10/site-packages/airflow/example_dags/tutorial_etl_dag.py took 1.447 seconds
[2024-10-05 00:01:30,580] {processor.py:153} INFO - Started process (PID=105822) to work on /home/kennedy/.local/lib/python3.10/site-packages/airflow/example_dags/tutorial_etl_dag.py
[2024-10-05 00:01:30,583] {processor.py:641} INFO - Processing file /home/kennedy/.local/lib/python3.10/site-packages/airflow/example_dags/tutorial_etl_dag.py for tasks to queue
[2024-10-05 00:01:30,584] {logging_mixin.py:115} INFO - [2024-10-05 00:01:30,584] {dagbag.py:507} INFO - Filling up the DagBag from /home/kennedy/.local/lib/python3.10/site-packages/airflow/example_dags/tutorial_etl_dag.py
[2024-10-05 00:01:30,609] {processor.py:651} INFO - DAG(s) dict_keys(['tutorial_etl_dag']) retrieved from /home/kennedy/.local/lib/python3.10/site-packages/airflow/example_dags/tutorial_etl_dag.py
[2024-10-05 00:01:30,643] {logging_mixin.py:115} INFO - [2024-10-05 00:01:30,642] {dag.py:2379} INFO - Sync 1 DAGs
[2024-10-05 00:01:30,684] {logging_mixin.py:115} INFO - [2024-10-05 00:01:30,684] {dag.py:2927} INFO - Setting next_dagrun for tutorial_etl_dag to None, run_after=None
[2024-10-05 00:01:31,767] {processor.py:161} INFO - Processing /home/kennedy/.local/lib/python3.10/site-packages/airflow/example_dags/tutorial_etl_dag.py took 1.195 seconds
