[2024-10-04 23:31:59,626] {processor.py:153} INFO - Started process (PID=96127) to work on /home/kennedy/.local/lib/python3.10/site-packages/airflow/example_dags/tutorial_taskflow_api_etl.py
[2024-10-04 23:31:59,627] {processor.py:641} INFO - Processing file /home/kennedy/.local/lib/python3.10/site-packages/airflow/example_dags/tutorial_taskflow_api_etl.py for tasks to queue
[2024-10-04 23:31:59,628] {logging_mixin.py:115} INFO - [2024-10-04 23:31:59,628] {dagbag.py:507} INFO - Filling up the DagBag from /home/kennedy/.local/lib/python3.10/site-packages/airflow/example_dags/tutorial_taskflow_api_etl.py
[2024-10-04 23:31:59,670] {processor.py:651} INFO - DAG(s) dict_keys(['tutorial_taskflow_api_etl']) retrieved from /home/kennedy/.local/lib/python3.10/site-packages/airflow/example_dags/tutorial_taskflow_api_etl.py
[2024-10-04 23:32:01,907] {logging_mixin.py:115} INFO - [2024-10-04 23:32:01,907] {manager.py:508} INFO - Created Permission View: can edit on DAG:tutorial_taskflow_api_etl
[2024-10-04 23:32:02,679] {logging_mixin.py:115} INFO - [2024-10-04 23:32:02,679] {manager.py:508} INFO - Created Permission View: can delete on DAG:tutorial_taskflow_api_etl
[2024-10-04 23:32:04,553] {logging_mixin.py:115} INFO - [2024-10-04 23:32:04,552] {manager.py:508} INFO - Created Permission View: can read on DAG:tutorial_taskflow_api_etl
[2024-10-04 23:32:04,553] {logging_mixin.py:115} INFO - [2024-10-04 23:32:04,553] {dag.py:2379} INFO - Sync 1 DAGs
[2024-10-04 23:32:04,570] {logging_mixin.py:115} INFO - [2024-10-04 23:32:04,570] {dag.py:2398} INFO - Creating ORM DAG for tutorial_taskflow_api_etl
[2024-10-04 23:32:04,592] {logging_mixin.py:115} INFO - [2024-10-04 23:32:04,592] {dag.py:2927} INFO - Setting next_dagrun for tutorial_taskflow_api_etl to None, run_after=None
[2024-10-04 23:32:05,535] {processor.py:161} INFO - Processing /home/kennedy/.local/lib/python3.10/site-packages/airflow/example_dags/tutorial_taskflow_api_etl.py took 5.918 seconds
[2024-10-04 23:33:57,397] {processor.py:153} INFO - Started process (PID=97056) to work on /home/kennedy/.local/lib/python3.10/site-packages/airflow/example_dags/tutorial_taskflow_api_etl.py
[2024-10-04 23:33:57,408] {processor.py:641} INFO - Processing file /home/kennedy/.local/lib/python3.10/site-packages/airflow/example_dags/tutorial_taskflow_api_etl.py for tasks to queue
[2024-10-04 23:33:57,410] {logging_mixin.py:115} INFO - [2024-10-04 23:33:57,409] {dagbag.py:507} INFO - Filling up the DagBag from /home/kennedy/.local/lib/python3.10/site-packages/airflow/example_dags/tutorial_taskflow_api_etl.py
[2024-10-04 23:33:57,465] {processor.py:651} INFO - DAG(s) dict_keys(['tutorial_taskflow_api_etl']) retrieved from /home/kennedy/.local/lib/python3.10/site-packages/airflow/example_dags/tutorial_taskflow_api_etl.py
[2024-10-04 23:33:57,570] {logging_mixin.py:115} INFO - [2024-10-04 23:33:57,570] {dag.py:2379} INFO - Sync 1 DAGs
[2024-10-04 23:33:57,607] {logging_mixin.py:115} INFO - [2024-10-04 23:33:57,607] {dag.py:2927} INFO - Setting next_dagrun for tutorial_taskflow_api_etl to None, run_after=None
[2024-10-04 23:33:57,781] {processor.py:161} INFO - Processing /home/kennedy/.local/lib/python3.10/site-packages/airflow/example_dags/tutorial_taskflow_api_etl.py took 0.391 seconds
[2024-10-04 23:34:46,064] {processor.py:153} INFO - Started process (PID=97100) to work on /home/kennedy/.local/lib/python3.10/site-packages/airflow/example_dags/tutorial_taskflow_api_etl.py
[2024-10-04 23:34:46,307] {processor.py:641} INFO - Processing file /home/kennedy/.local/lib/python3.10/site-packages/airflow/example_dags/tutorial_taskflow_api_etl.py for tasks to queue
[2024-10-04 23:34:46,309] {logging_mixin.py:115} INFO - [2024-10-04 23:34:46,309] {dagbag.py:507} INFO - Filling up the DagBag from /home/kennedy/.local/lib/python3.10/site-packages/airflow/example_dags/tutorial_taskflow_api_etl.py
[2024-10-04 23:34:46,366] {processor.py:651} INFO - DAG(s) dict_keys(['tutorial_taskflow_api_etl']) retrieved from /home/kennedy/.local/lib/python3.10/site-packages/airflow/example_dags/tutorial_taskflow_api_etl.py
[2024-10-04 23:34:46,403] {logging_mixin.py:115} INFO - [2024-10-04 23:34:46,403] {dag.py:2379} INFO - Sync 1 DAGs
[2024-10-04 23:34:46,437] {logging_mixin.py:115} INFO - [2024-10-04 23:34:46,437] {dag.py:2927} INFO - Setting next_dagrun for tutorial_taskflow_api_etl to None, run_after=None
[2024-10-04 23:34:46,563] {processor.py:161} INFO - Processing /home/kennedy/.local/lib/python3.10/site-packages/airflow/example_dags/tutorial_taskflow_api_etl.py took 0.507 seconds
[2024-10-04 23:35:32,764] {processor.py:153} INFO - Started process (PID=97188) to work on /home/kennedy/.local/lib/python3.10/site-packages/airflow/example_dags/tutorial_taskflow_api_etl.py
[2024-10-04 23:35:32,894] {processor.py:641} INFO - Processing file /home/kennedy/.local/lib/python3.10/site-packages/airflow/example_dags/tutorial_taskflow_api_etl.py for tasks to queue
[2024-10-04 23:35:32,895] {logging_mixin.py:115} INFO - [2024-10-04 23:35:32,895] {dagbag.py:507} INFO - Filling up the DagBag from /home/kennedy/.local/lib/python3.10/site-packages/airflow/example_dags/tutorial_taskflow_api_etl.py
[2024-10-04 23:35:32,938] {processor.py:651} INFO - DAG(s) dict_keys(['tutorial_taskflow_api_etl']) retrieved from /home/kennedy/.local/lib/python3.10/site-packages/airflow/example_dags/tutorial_taskflow_api_etl.py
[2024-10-04 23:35:33,006] {logging_mixin.py:115} INFO - [2024-10-04 23:35:33,006] {dag.py:2379} INFO - Sync 1 DAGs
[2024-10-04 23:35:33,043] {logging_mixin.py:115} INFO - [2024-10-04 23:35:33,043] {dag.py:2927} INFO - Setting next_dagrun for tutorial_taskflow_api_etl to None, run_after=None
[2024-10-04 23:35:33,544] {processor.py:161} INFO - Processing /home/kennedy/.local/lib/python3.10/site-packages/airflow/example_dags/tutorial_taskflow_api_etl.py took 0.787 seconds
[2024-10-04 23:36:21,740] {processor.py:153} INFO - Started process (PID=98195) to work on /home/kennedy/.local/lib/python3.10/site-packages/airflow/example_dags/tutorial_taskflow_api_etl.py
[2024-10-04 23:36:21,769] {processor.py:641} INFO - Processing file /home/kennedy/.local/lib/python3.10/site-packages/airflow/example_dags/tutorial_taskflow_api_etl.py for tasks to queue
[2024-10-04 23:36:21,770] {logging_mixin.py:115} INFO - [2024-10-04 23:36:21,770] {dagbag.py:507} INFO - Filling up the DagBag from /home/kennedy/.local/lib/python3.10/site-packages/airflow/example_dags/tutorial_taskflow_api_etl.py
[2024-10-04 23:36:21,826] {processor.py:651} INFO - DAG(s) dict_keys(['tutorial_taskflow_api_etl']) retrieved from /home/kennedy/.local/lib/python3.10/site-packages/airflow/example_dags/tutorial_taskflow_api_etl.py
[2024-10-04 23:36:21,936] {logging_mixin.py:115} INFO - [2024-10-04 23:36:21,936] {dag.py:2379} INFO - Sync 1 DAGs
[2024-10-04 23:36:21,972] {logging_mixin.py:115} INFO - [2024-10-04 23:36:21,972] {dag.py:2927} INFO - Setting next_dagrun for tutorial_taskflow_api_etl to None, run_after=None
[2024-10-04 23:36:23,275] {processor.py:161} INFO - Processing /home/kennedy/.local/lib/python3.10/site-packages/airflow/example_dags/tutorial_taskflow_api_etl.py took 1.542 seconds
[2024-10-04 23:37:24,347] {processor.py:153} INFO - Started process (PID=98328) to work on /home/kennedy/.local/lib/python3.10/site-packages/airflow/example_dags/tutorial_taskflow_api_etl.py
[2024-10-04 23:37:24,352] {processor.py:641} INFO - Processing file /home/kennedy/.local/lib/python3.10/site-packages/airflow/example_dags/tutorial_taskflow_api_etl.py for tasks to queue
[2024-10-04 23:37:24,353] {logging_mixin.py:115} INFO - [2024-10-04 23:37:24,352] {dagbag.py:507} INFO - Filling up the DagBag from /home/kennedy/.local/lib/python3.10/site-packages/airflow/example_dags/tutorial_taskflow_api_etl.py
[2024-10-04 23:37:24,403] {processor.py:651} INFO - DAG(s) dict_keys(['tutorial_taskflow_api_etl']) retrieved from /home/kennedy/.local/lib/python3.10/site-packages/airflow/example_dags/tutorial_taskflow_api_etl.py
[2024-10-04 23:37:24,492] {logging_mixin.py:115} INFO - [2024-10-04 23:37:24,492] {dag.py:2379} INFO - Sync 1 DAGs
[2024-10-04 23:37:24,522] {logging_mixin.py:115} INFO - [2024-10-04 23:37:24,522] {dag.py:2927} INFO - Setting next_dagrun for tutorial_taskflow_api_etl to None, run_after=None
[2024-10-04 23:37:24,688] {processor.py:161} INFO - Processing /home/kennedy/.local/lib/python3.10/site-packages/airflow/example_dags/tutorial_taskflow_api_etl.py took 0.349 seconds
[2024-10-04 23:38:20,122] {processor.py:153} INFO - Started process (PID=98460) to work on /home/kennedy/.local/lib/python3.10/site-packages/airflow/example_dags/tutorial_taskflow_api_etl.py
[2024-10-04 23:38:20,231] {processor.py:641} INFO - Processing file /home/kennedy/.local/lib/python3.10/site-packages/airflow/example_dags/tutorial_taskflow_api_etl.py for tasks to queue
[2024-10-04 23:38:20,232] {logging_mixin.py:115} INFO - [2024-10-04 23:38:20,232] {dagbag.py:507} INFO - Filling up the DagBag from /home/kennedy/.local/lib/python3.10/site-packages/airflow/example_dags/tutorial_taskflow_api_etl.py
[2024-10-04 23:38:20,257] {processor.py:651} INFO - DAG(s) dict_keys(['tutorial_taskflow_api_etl']) retrieved from /home/kennedy/.local/lib/python3.10/site-packages/airflow/example_dags/tutorial_taskflow_api_etl.py
[2024-10-04 23:38:20,512] {logging_mixin.py:115} INFO - [2024-10-04 23:38:20,512] {dag.py:2379} INFO - Sync 1 DAGs
[2024-10-04 23:38:20,550] {logging_mixin.py:115} INFO - [2024-10-04 23:38:20,550] {dag.py:2927} INFO - Setting next_dagrun for tutorial_taskflow_api_etl to None, run_after=None
[2024-10-04 23:38:21,016] {processor.py:161} INFO - Processing /home/kennedy/.local/lib/python3.10/site-packages/airflow/example_dags/tutorial_taskflow_api_etl.py took 0.900 seconds
[2024-10-04 23:38:56,287] {processor.py:153} INFO - Started process (PID=99169) to work on /home/kennedy/KR/Programação/01.Exercícios/DE/Movies/venv/lib/python3.10/site-packages/airflow/example_dags/tutorial_taskflow_api_etl.py
[2024-10-04 23:38:56,292] {processor.py:641} INFO - Processing file /home/kennedy/KR/Programação/01.Exercícios/DE/Movies/venv/lib/python3.10/site-packages/airflow/example_dags/tutorial_taskflow_api_etl.py for tasks to queue
[2024-10-04 23:38:56,293] {logging_mixin.py:115} INFO - [2024-10-04 23:38:56,293] {dagbag.py:507} INFO - Filling up the DagBag from /home/kennedy/KR/Programação/01.Exercícios/DE/Movies/venv/lib/python3.10/site-packages/airflow/example_dags/tutorial_taskflow_api_etl.py
[2024-10-04 23:38:56,315] {processor.py:651} INFO - DAG(s) dict_keys(['tutorial_taskflow_api_etl']) retrieved from /home/kennedy/KR/Programação/01.Exercícios/DE/Movies/venv/lib/python3.10/site-packages/airflow/example_dags/tutorial_taskflow_api_etl.py
[2024-10-04 23:38:56,375] {logging_mixin.py:115} INFO - [2024-10-04 23:38:56,374] {dag.py:2379} INFO - Sync 1 DAGs
[2024-10-04 23:38:56,394] {logging_mixin.py:115} INFO - [2024-10-04 23:38:56,394] {dag.py:2927} INFO - Setting next_dagrun for tutorial_taskflow_api_etl to None, run_after=None
[2024-10-04 23:38:56,482] {processor.py:161} INFO - Processing /home/kennedy/KR/Programação/01.Exercícios/DE/Movies/venv/lib/python3.10/site-packages/airflow/example_dags/tutorial_taskflow_api_etl.py took 0.199 seconds
[2024-10-04 23:39:23,363] {processor.py:153} INFO - Started process (PID=99190) to work on /home/kennedy/.local/lib/python3.10/site-packages/airflow/example_dags/tutorial_taskflow_api_etl.py
[2024-10-04 23:39:23,377] {processor.py:641} INFO - Processing file /home/kennedy/.local/lib/python3.10/site-packages/airflow/example_dags/tutorial_taskflow_api_etl.py for tasks to queue
[2024-10-04 23:39:23,378] {logging_mixin.py:115} INFO - [2024-10-04 23:39:23,378] {dagbag.py:507} INFO - Filling up the DagBag from /home/kennedy/.local/lib/python3.10/site-packages/airflow/example_dags/tutorial_taskflow_api_etl.py
[2024-10-04 23:39:23,428] {processor.py:651} INFO - DAG(s) dict_keys(['tutorial_taskflow_api_etl']) retrieved from /home/kennedy/.local/lib/python3.10/site-packages/airflow/example_dags/tutorial_taskflow_api_etl.py
[2024-10-04 23:39:23,524] {logging_mixin.py:115} INFO - [2024-10-04 23:39:23,524] {dag.py:2379} INFO - Sync 1 DAGs
[2024-10-04 23:39:23,564] {logging_mixin.py:115} INFO - [2024-10-04 23:39:23,564] {dag.py:2927} INFO - Setting next_dagrun for tutorial_taskflow_api_etl to None, run_after=None
[2024-10-04 23:39:23,772] {processor.py:161} INFO - Processing /home/kennedy/.local/lib/python3.10/site-packages/airflow/example_dags/tutorial_taskflow_api_etl.py took 0.415 seconds
[2024-10-04 23:40:21,822] {processor.py:153} INFO - Started process (PID=99279) to work on /home/kennedy/.local/lib/python3.10/site-packages/airflow/example_dags/tutorial_taskflow_api_etl.py
[2024-10-04 23:40:21,990] {processor.py:641} INFO - Processing file /home/kennedy/.local/lib/python3.10/site-packages/airflow/example_dags/tutorial_taskflow_api_etl.py for tasks to queue
[2024-10-04 23:40:21,991] {logging_mixin.py:115} INFO - [2024-10-04 23:40:21,991] {dagbag.py:507} INFO - Filling up the DagBag from /home/kennedy/.local/lib/python3.10/site-packages/airflow/example_dags/tutorial_taskflow_api_etl.py
[2024-10-04 23:40:22,060] {processor.py:651} INFO - DAG(s) dict_keys(['tutorial_taskflow_api_etl']) retrieved from /home/kennedy/.local/lib/python3.10/site-packages/airflow/example_dags/tutorial_taskflow_api_etl.py
[2024-10-04 23:40:22,168] {logging_mixin.py:115} INFO - [2024-10-04 23:40:22,168] {dag.py:2379} INFO - Sync 1 DAGs
[2024-10-04 23:40:22,202] {logging_mixin.py:115} INFO - [2024-10-04 23:40:22,202] {dag.py:2927} INFO - Setting next_dagrun for tutorial_taskflow_api_etl to None, run_after=None
[2024-10-04 23:40:22,318] {processor.py:161} INFO - Processing /home/kennedy/.local/lib/python3.10/site-packages/airflow/example_dags/tutorial_taskflow_api_etl.py took 0.503 seconds
[2024-10-04 23:41:05,164] {processor.py:153} INFO - Started process (PID=99433) to work on /home/kennedy/.local/lib/python3.10/site-packages/airflow/example_dags/tutorial_taskflow_api_etl.py
[2024-10-04 23:41:05,200] {processor.py:641} INFO - Processing file /home/kennedy/.local/lib/python3.10/site-packages/airflow/example_dags/tutorial_taskflow_api_etl.py for tasks to queue
[2024-10-04 23:41:05,201] {logging_mixin.py:115} INFO - [2024-10-04 23:41:05,201] {dagbag.py:507} INFO - Filling up the DagBag from /home/kennedy/.local/lib/python3.10/site-packages/airflow/example_dags/tutorial_taskflow_api_etl.py
[2024-10-04 23:41:05,261] {processor.py:651} INFO - DAG(s) dict_keys(['tutorial_taskflow_api_etl']) retrieved from /home/kennedy/.local/lib/python3.10/site-packages/airflow/example_dags/tutorial_taskflow_api_etl.py
[2024-10-04 23:41:05,291] {logging_mixin.py:115} INFO - [2024-10-04 23:41:05,291] {dag.py:2379} INFO - Sync 1 DAGs
[2024-10-04 23:41:05,326] {logging_mixin.py:115} INFO - [2024-10-04 23:41:05,326] {dag.py:2927} INFO - Setting next_dagrun for tutorial_taskflow_api_etl to None, run_after=None
[2024-10-04 23:41:06,618] {processor.py:161} INFO - Processing /home/kennedy/.local/lib/python3.10/site-packages/airflow/example_dags/tutorial_taskflow_api_etl.py took 1.461 seconds
[2024-10-04 23:41:44,963] {processor.py:153} INFO - Started process (PID=99518) to work on /home/kennedy/.local/lib/python3.10/site-packages/airflow/example_dags/tutorial_taskflow_api_etl.py
[2024-10-04 23:41:45,125] {processor.py:641} INFO - Processing file /home/kennedy/.local/lib/python3.10/site-packages/airflow/example_dags/tutorial_taskflow_api_etl.py for tasks to queue
[2024-10-04 23:41:45,126] {logging_mixin.py:115} INFO - [2024-10-04 23:41:45,126] {dagbag.py:507} INFO - Filling up the DagBag from /home/kennedy/.local/lib/python3.10/site-packages/airflow/example_dags/tutorial_taskflow_api_etl.py
[2024-10-04 23:41:45,180] {processor.py:651} INFO - DAG(s) dict_keys(['tutorial_taskflow_api_etl']) retrieved from /home/kennedy/.local/lib/python3.10/site-packages/airflow/example_dags/tutorial_taskflow_api_etl.py
[2024-10-04 23:41:45,213] {logging_mixin.py:115} INFO - [2024-10-04 23:41:45,213] {dag.py:2379} INFO - Sync 1 DAGs
[2024-10-04 23:41:45,250] {logging_mixin.py:115} INFO - [2024-10-04 23:41:45,250] {dag.py:2927} INFO - Setting next_dagrun for tutorial_taskflow_api_etl to None, run_after=None
[2024-10-04 23:41:46,076] {processor.py:161} INFO - Processing /home/kennedy/.local/lib/python3.10/site-packages/airflow/example_dags/tutorial_taskflow_api_etl.py took 1.121 seconds
[2024-10-04 23:42:16,564] {processor.py:153} INFO - Started process (PID=99727) to work on /home/kennedy/.local/lib/python3.10/site-packages/airflow/example_dags/tutorial_taskflow_api_etl.py
[2024-10-04 23:42:16,570] {processor.py:641} INFO - Processing file /home/kennedy/.local/lib/python3.10/site-packages/airflow/example_dags/tutorial_taskflow_api_etl.py for tasks to queue
[2024-10-04 23:42:16,571] {logging_mixin.py:115} INFO - [2024-10-04 23:42:16,571] {dagbag.py:507} INFO - Filling up the DagBag from /home/kennedy/.local/lib/python3.10/site-packages/airflow/example_dags/tutorial_taskflow_api_etl.py
[2024-10-04 23:42:16,618] {processor.py:651} INFO - DAG(s) dict_keys(['tutorial_taskflow_api_etl']) retrieved from /home/kennedy/.local/lib/python3.10/site-packages/airflow/example_dags/tutorial_taskflow_api_etl.py
[2024-10-04 23:42:16,716] {logging_mixin.py:115} INFO - [2024-10-04 23:42:16,716] {dag.py:2379} INFO - Sync 1 DAGs
[2024-10-04 23:42:16,758] {logging_mixin.py:115} INFO - [2024-10-04 23:42:16,758] {dag.py:2927} INFO - Setting next_dagrun for tutorial_taskflow_api_etl to None, run_after=None
[2024-10-04 23:42:16,859] {processor.py:161} INFO - Processing /home/kennedy/.local/lib/python3.10/site-packages/airflow/example_dags/tutorial_taskflow_api_etl.py took 0.302 seconds
[2024-10-04 23:42:42,471] {processor.py:153} INFO - Started process (PID=99761) to work on /home/kennedy/.local/lib/python3.10/site-packages/airflow/example_dags/tutorial_taskflow_api_etl.py
[2024-10-04 23:42:42,561] {processor.py:641} INFO - Processing file /home/kennedy/.local/lib/python3.10/site-packages/airflow/example_dags/tutorial_taskflow_api_etl.py for tasks to queue
[2024-10-04 23:42:42,562] {logging_mixin.py:115} INFO - [2024-10-04 23:42:42,562] {dagbag.py:507} INFO - Filling up the DagBag from /home/kennedy/.local/lib/python3.10/site-packages/airflow/example_dags/tutorial_taskflow_api_etl.py
[2024-10-04 23:42:42,592] {processor.py:651} INFO - DAG(s) dict_keys(['tutorial_taskflow_api_etl']) retrieved from /home/kennedy/.local/lib/python3.10/site-packages/airflow/example_dags/tutorial_taskflow_api_etl.py
[2024-10-04 23:42:42,637] {logging_mixin.py:115} INFO - [2024-10-04 23:42:42,637] {dag.py:2379} INFO - Sync 1 DAGs
[2024-10-04 23:42:42,665] {logging_mixin.py:115} INFO - [2024-10-04 23:42:42,664] {dag.py:2927} INFO - Setting next_dagrun for tutorial_taskflow_api_etl to None, run_after=None
[2024-10-04 23:42:42,788] {processor.py:161} INFO - Processing /home/kennedy/.local/lib/python3.10/site-packages/airflow/example_dags/tutorial_taskflow_api_etl.py took 0.320 seconds
[2024-10-04 23:43:32,304] {processor.py:153} INFO - Started process (PID=99822) to work on /home/kennedy/.local/lib/python3.10/site-packages/airflow/example_dags/tutorial_taskflow_api_etl.py
[2024-10-04 23:43:32,620] {processor.py:641} INFO - Processing file /home/kennedy/.local/lib/python3.10/site-packages/airflow/example_dags/tutorial_taskflow_api_etl.py for tasks to queue
[2024-10-04 23:43:32,621] {logging_mixin.py:115} INFO - [2024-10-04 23:43:32,621] {dagbag.py:507} INFO - Filling up the DagBag from /home/kennedy/.local/lib/python3.10/site-packages/airflow/example_dags/tutorial_taskflow_api_etl.py
[2024-10-04 23:43:32,670] {processor.py:651} INFO - DAG(s) dict_keys(['tutorial_taskflow_api_etl']) retrieved from /home/kennedy/.local/lib/python3.10/site-packages/airflow/example_dags/tutorial_taskflow_api_etl.py
[2024-10-04 23:43:32,891] {logging_mixin.py:115} INFO - [2024-10-04 23:43:32,891] {dag.py:2379} INFO - Sync 1 DAGs
[2024-10-04 23:43:32,931] {logging_mixin.py:115} INFO - [2024-10-04 23:43:32,931] {dag.py:2927} INFO - Setting next_dagrun for tutorial_taskflow_api_etl to None, run_after=None
[2024-10-04 23:43:33,560] {processor.py:161} INFO - Processing /home/kennedy/.local/lib/python3.10/site-packages/airflow/example_dags/tutorial_taskflow_api_etl.py took 1.263 seconds
[2024-10-04 23:43:47,152] {processor.py:153} INFO - Started process (PID=99836) to work on /home/kennedy/.local/lib/python3.10/site-packages/airflow/example_dags/tutorial_taskflow_api_etl.py
[2024-10-04 23:43:47,154] {processor.py:641} INFO - Processing file /home/kennedy/.local/lib/python3.10/site-packages/airflow/example_dags/tutorial_taskflow_api_etl.py for tasks to queue
[2024-10-04 23:43:47,155] {logging_mixin.py:115} INFO - [2024-10-04 23:43:47,155] {dagbag.py:507} INFO - Filling up the DagBag from /home/kennedy/.local/lib/python3.10/site-packages/airflow/example_dags/tutorial_taskflow_api_etl.py
[2024-10-04 23:43:47,216] {processor.py:651} INFO - DAG(s) dict_keys(['tutorial_taskflow_api_etl']) retrieved from /home/kennedy/.local/lib/python3.10/site-packages/airflow/example_dags/tutorial_taskflow_api_etl.py
[2024-10-04 23:43:47,238] {logging_mixin.py:115} INFO - [2024-10-04 23:43:47,238] {dag.py:2379} INFO - Sync 1 DAGs
[2024-10-04 23:43:47,295] {logging_mixin.py:115} INFO - [2024-10-04 23:43:47,295] {dag.py:2927} INFO - Setting next_dagrun for tutorial_taskflow_api_etl to None, run_after=None
[2024-10-04 23:43:48,639] {processor.py:161} INFO - Processing /home/kennedy/.local/lib/python3.10/site-packages/airflow/example_dags/tutorial_taskflow_api_etl.py took 1.494 seconds
[2024-10-04 23:44:23,655] {processor.py:153} INFO - Started process (PID=99884) to work on /home/kennedy/.local/lib/python3.10/site-packages/airflow/example_dags/tutorial_taskflow_api_etl.py
[2024-10-04 23:44:23,899] {processor.py:641} INFO - Processing file /home/kennedy/.local/lib/python3.10/site-packages/airflow/example_dags/tutorial_taskflow_api_etl.py for tasks to queue
[2024-10-04 23:44:23,901] {logging_mixin.py:115} INFO - [2024-10-04 23:44:23,900] {dagbag.py:507} INFO - Filling up the DagBag from /home/kennedy/.local/lib/python3.10/site-packages/airflow/example_dags/tutorial_taskflow_api_etl.py
[2024-10-04 23:44:23,951] {processor.py:651} INFO - DAG(s) dict_keys(['tutorial_taskflow_api_etl']) retrieved from /home/kennedy/.local/lib/python3.10/site-packages/airflow/example_dags/tutorial_taskflow_api_etl.py
[2024-10-04 23:44:23,981] {logging_mixin.py:115} INFO - [2024-10-04 23:44:23,981] {dag.py:2379} INFO - Sync 1 DAGs
[2024-10-04 23:44:24,017] {logging_mixin.py:115} INFO - [2024-10-04 23:44:24,016] {dag.py:2927} INFO - Setting next_dagrun for tutorial_taskflow_api_etl to None, run_after=None
[2024-10-04 23:44:24,512] {processor.py:161} INFO - Processing /home/kennedy/.local/lib/python3.10/site-packages/airflow/example_dags/tutorial_taskflow_api_etl.py took 0.864 seconds
[2024-10-04 23:44:46,643] {processor.py:153} INFO - Started process (PID=100017) to work on /home/kennedy/.local/lib/python3.10/site-packages/airflow/example_dags/tutorial_taskflow_api_etl.py
[2024-10-04 23:44:47,725] {processor.py:641} INFO - Processing file /home/kennedy/.local/lib/python3.10/site-packages/airflow/example_dags/tutorial_taskflow_api_etl.py for tasks to queue
[2024-10-04 23:44:47,727] {logging_mixin.py:115} INFO - [2024-10-04 23:44:47,726] {dagbag.py:507} INFO - Filling up the DagBag from /home/kennedy/.local/lib/python3.10/site-packages/airflow/example_dags/tutorial_taskflow_api_etl.py
[2024-10-04 23:44:47,778] {processor.py:651} INFO - DAG(s) dict_keys(['tutorial_taskflow_api_etl']) retrieved from /home/kennedy/.local/lib/python3.10/site-packages/airflow/example_dags/tutorial_taskflow_api_etl.py
[2024-10-04 23:44:48,108] {logging_mixin.py:115} INFO - [2024-10-04 23:44:48,107] {dag.py:2379} INFO - Sync 1 DAGs
[2024-10-04 23:44:48,143] {logging_mixin.py:115} INFO - [2024-10-04 23:44:48,143] {dag.py:2927} INFO - Setting next_dagrun for tutorial_taskflow_api_etl to None, run_after=None
[2024-10-04 23:44:48,375] {processor.py:161} INFO - Processing /home/kennedy/.local/lib/python3.10/site-packages/airflow/example_dags/tutorial_taskflow_api_etl.py took 1.739 seconds
[2024-10-04 23:45:17,186] {processor.py:153} INFO - Started process (PID=100158) to work on /home/kennedy/.local/lib/python3.10/site-packages/airflow/example_dags/tutorial_taskflow_api_etl.py
[2024-10-04 23:45:17,201] {processor.py:641} INFO - Processing file /home/kennedy/.local/lib/python3.10/site-packages/airflow/example_dags/tutorial_taskflow_api_etl.py for tasks to queue
[2024-10-04 23:45:17,203] {logging_mixin.py:115} INFO - [2024-10-04 23:45:17,202] {dagbag.py:507} INFO - Filling up the DagBag from /home/kennedy/.local/lib/python3.10/site-packages/airflow/example_dags/tutorial_taskflow_api_etl.py
[2024-10-04 23:45:17,252] {processor.py:651} INFO - DAG(s) dict_keys(['tutorial_taskflow_api_etl']) retrieved from /home/kennedy/.local/lib/python3.10/site-packages/airflow/example_dags/tutorial_taskflow_api_etl.py
[2024-10-04 23:45:17,350] {logging_mixin.py:115} INFO - [2024-10-04 23:45:17,350] {dag.py:2379} INFO - Sync 1 DAGs
[2024-10-04 23:45:17,385] {logging_mixin.py:115} INFO - [2024-10-04 23:45:17,385] {dag.py:2927} INFO - Setting next_dagrun for tutorial_taskflow_api_etl to None, run_after=None
[2024-10-04 23:45:18,724] {processor.py:161} INFO - Processing /home/kennedy/.local/lib/python3.10/site-packages/airflow/example_dags/tutorial_taskflow_api_etl.py took 1.546 seconds
[2024-10-04 23:46:24,228] {processor.py:153} INFO - Started process (PID=101053) to work on /home/kennedy/.local/lib/python3.10/site-packages/airflow/example_dags/tutorial_taskflow_api_etl.py
[2024-10-04 23:46:24,266] {processor.py:641} INFO - Processing file /home/kennedy/.local/lib/python3.10/site-packages/airflow/example_dags/tutorial_taskflow_api_etl.py for tasks to queue
[2024-10-04 23:46:24,267] {logging_mixin.py:115} INFO - [2024-10-04 23:46:24,267] {dagbag.py:507} INFO - Filling up the DagBag from /home/kennedy/.local/lib/python3.10/site-packages/airflow/example_dags/tutorial_taskflow_api_etl.py
[2024-10-04 23:46:24,327] {processor.py:651} INFO - DAG(s) dict_keys(['tutorial_taskflow_api_etl']) retrieved from /home/kennedy/.local/lib/python3.10/site-packages/airflow/example_dags/tutorial_taskflow_api_etl.py
[2024-10-04 23:46:24,409] {logging_mixin.py:115} INFO - [2024-10-04 23:46:24,409] {dag.py:2379} INFO - Sync 1 DAGs
[2024-10-04 23:46:24,479] {logging_mixin.py:115} INFO - [2024-10-04 23:46:24,479] {dag.py:2927} INFO - Setting next_dagrun for tutorial_taskflow_api_etl to None, run_after=None
[2024-10-04 23:46:24,811] {processor.py:161} INFO - Processing /home/kennedy/.local/lib/python3.10/site-packages/airflow/example_dags/tutorial_taskflow_api_etl.py took 0.593 seconds
[2024-10-04 23:47:24,336] {processor.py:153} INFO - Started process (PID=101349) to work on /home/kennedy/.local/lib/python3.10/site-packages/airflow/example_dags/tutorial_taskflow_api_etl.py
[2024-10-04 23:47:24,365] {processor.py:641} INFO - Processing file /home/kennedy/.local/lib/python3.10/site-packages/airflow/example_dags/tutorial_taskflow_api_etl.py for tasks to queue
[2024-10-04 23:47:24,366] {logging_mixin.py:115} INFO - [2024-10-04 23:47:24,366] {dagbag.py:507} INFO - Filling up the DagBag from /home/kennedy/.local/lib/python3.10/site-packages/airflow/example_dags/tutorial_taskflow_api_etl.py
[2024-10-04 23:47:24,416] {processor.py:651} INFO - DAG(s) dict_keys(['tutorial_taskflow_api_etl']) retrieved from /home/kennedy/.local/lib/python3.10/site-packages/airflow/example_dags/tutorial_taskflow_api_etl.py
[2024-10-04 23:47:24,480] {logging_mixin.py:115} INFO - [2024-10-04 23:47:24,479] {dag.py:2379} INFO - Sync 1 DAGs
[2024-10-04 23:47:24,502] {logging_mixin.py:115} INFO - [2024-10-04 23:47:24,502] {dag.py:2927} INFO - Setting next_dagrun for tutorial_taskflow_api_etl to None, run_after=None
[2024-10-04 23:47:26,324] {processor.py:161} INFO - Processing /home/kennedy/.local/lib/python3.10/site-packages/airflow/example_dags/tutorial_taskflow_api_etl.py took 1.993 seconds
[2024-10-04 23:48:27,925] {processor.py:153} INFO - Started process (PID=101771) to work on /home/kennedy/.local/lib/python3.10/site-packages/airflow/example_dags/tutorial_taskflow_api_etl.py
[2024-10-04 23:48:28,128] {processor.py:641} INFO - Processing file /home/kennedy/.local/lib/python3.10/site-packages/airflow/example_dags/tutorial_taskflow_api_etl.py for tasks to queue
[2024-10-04 23:48:28,129] {logging_mixin.py:115} INFO - [2024-10-04 23:48:28,129] {dagbag.py:507} INFO - Filling up the DagBag from /home/kennedy/.local/lib/python3.10/site-packages/airflow/example_dags/tutorial_taskflow_api_etl.py
[2024-10-04 23:48:28,174] {processor.py:651} INFO - DAG(s) dict_keys(['tutorial_taskflow_api_etl']) retrieved from /home/kennedy/.local/lib/python3.10/site-packages/airflow/example_dags/tutorial_taskflow_api_etl.py
[2024-10-04 23:48:28,270] {logging_mixin.py:115} INFO - [2024-10-04 23:48:28,270] {dag.py:2379} INFO - Sync 1 DAGs
[2024-10-04 23:48:28,299] {logging_mixin.py:115} INFO - [2024-10-04 23:48:28,299] {dag.py:2927} INFO - Setting next_dagrun for tutorial_taskflow_api_etl to None, run_after=None
[2024-10-04 23:48:29,133] {processor.py:161} INFO - Processing /home/kennedy/.local/lib/python3.10/site-packages/airflow/example_dags/tutorial_taskflow_api_etl.py took 1.214 seconds
[2024-10-04 23:49:34,525] {processor.py:153} INFO - Started process (PID=102343) to work on /home/kennedy/.local/lib/python3.10/site-packages/airflow/example_dags/tutorial_taskflow_api_etl.py
[2024-10-04 23:49:34,565] {processor.py:641} INFO - Processing file /home/kennedy/.local/lib/python3.10/site-packages/airflow/example_dags/tutorial_taskflow_api_etl.py for tasks to queue
[2024-10-04 23:49:34,566] {logging_mixin.py:115} INFO - [2024-10-04 23:49:34,566] {dagbag.py:507} INFO - Filling up the DagBag from /home/kennedy/.local/lib/python3.10/site-packages/airflow/example_dags/tutorial_taskflow_api_etl.py
[2024-10-04 23:49:34,612] {processor.py:651} INFO - DAG(s) dict_keys(['tutorial_taskflow_api_etl']) retrieved from /home/kennedy/.local/lib/python3.10/site-packages/airflow/example_dags/tutorial_taskflow_api_etl.py
[2024-10-04 23:49:34,643] {logging_mixin.py:115} INFO - [2024-10-04 23:49:34,643] {dag.py:2379} INFO - Sync 1 DAGs
[2024-10-04 23:49:34,679] {logging_mixin.py:115} INFO - [2024-10-04 23:49:34,678] {dag.py:2927} INFO - Setting next_dagrun for tutorial_taskflow_api_etl to None, run_after=None
[2024-10-04 23:49:34,973] {processor.py:161} INFO - Processing /home/kennedy/.local/lib/python3.10/site-packages/airflow/example_dags/tutorial_taskflow_api_etl.py took 0.455 seconds
[2024-10-04 23:50:37,584] {processor.py:153} INFO - Started process (PID=102424) to work on /home/kennedy/.local/lib/python3.10/site-packages/airflow/example_dags/tutorial_taskflow_api_etl.py
[2024-10-04 23:50:37,591] {processor.py:641} INFO - Processing file /home/kennedy/.local/lib/python3.10/site-packages/airflow/example_dags/tutorial_taskflow_api_etl.py for tasks to queue
[2024-10-04 23:50:37,592] {logging_mixin.py:115} INFO - [2024-10-04 23:50:37,592] {dagbag.py:507} INFO - Filling up the DagBag from /home/kennedy/.local/lib/python3.10/site-packages/airflow/example_dags/tutorial_taskflow_api_etl.py
[2024-10-04 23:50:37,645] {processor.py:651} INFO - DAG(s) dict_keys(['tutorial_taskflow_api_etl']) retrieved from /home/kennedy/.local/lib/python3.10/site-packages/airflow/example_dags/tutorial_taskflow_api_etl.py
[2024-10-04 23:50:37,678] {logging_mixin.py:115} INFO - [2024-10-04 23:50:37,678] {dag.py:2379} INFO - Sync 1 DAGs
[2024-10-04 23:50:37,716] {logging_mixin.py:115} INFO - [2024-10-04 23:50:37,715] {dag.py:2927} INFO - Setting next_dagrun for tutorial_taskflow_api_etl to None, run_after=None
[2024-10-04 23:50:37,840] {processor.py:161} INFO - Processing /home/kennedy/.local/lib/python3.10/site-packages/airflow/example_dags/tutorial_taskflow_api_etl.py took 0.263 seconds
[2024-10-04 23:51:37,011] {processor.py:153} INFO - Started process (PID=102686) to work on /home/kennedy/.local/lib/python3.10/site-packages/airflow/example_dags/tutorial_taskflow_api_etl.py
[2024-10-04 23:51:37,054] {processor.py:641} INFO - Processing file /home/kennedy/.local/lib/python3.10/site-packages/airflow/example_dags/tutorial_taskflow_api_etl.py for tasks to queue
[2024-10-04 23:51:37,055] {logging_mixin.py:115} INFO - [2024-10-04 23:51:37,055] {dagbag.py:507} INFO - Filling up the DagBag from /home/kennedy/.local/lib/python3.10/site-packages/airflow/example_dags/tutorial_taskflow_api_etl.py
[2024-10-04 23:51:37,103] {processor.py:651} INFO - DAG(s) dict_keys(['tutorial_taskflow_api_etl']) retrieved from /home/kennedy/.local/lib/python3.10/site-packages/airflow/example_dags/tutorial_taskflow_api_etl.py
[2024-10-04 23:51:37,134] {logging_mixin.py:115} INFO - [2024-10-04 23:51:37,134] {dag.py:2379} INFO - Sync 1 DAGs
[2024-10-04 23:51:37,173] {logging_mixin.py:115} INFO - [2024-10-04 23:51:37,173] {dag.py:2927} INFO - Setting next_dagrun for tutorial_taskflow_api_etl to None, run_after=None
[2024-10-04 23:51:37,771] {processor.py:161} INFO - Processing /home/kennedy/.local/lib/python3.10/site-packages/airflow/example_dags/tutorial_taskflow_api_etl.py took 0.767 seconds
[2024-10-04 23:52:25,047] {processor.py:153} INFO - Started process (PID=102836) to work on /home/kennedy/.local/lib/python3.10/site-packages/airflow/example_dags/tutorial_taskflow_api_etl.py
[2024-10-04 23:52:25,073] {processor.py:641} INFO - Processing file /home/kennedy/.local/lib/python3.10/site-packages/airflow/example_dags/tutorial_taskflow_api_etl.py for tasks to queue
[2024-10-04 23:52:25,074] {logging_mixin.py:115} INFO - [2024-10-04 23:52:25,074] {dagbag.py:507} INFO - Filling up the DagBag from /home/kennedy/.local/lib/python3.10/site-packages/airflow/example_dags/tutorial_taskflow_api_etl.py
[2024-10-04 23:52:25,130] {processor.py:651} INFO - DAG(s) dict_keys(['tutorial_taskflow_api_etl']) retrieved from /home/kennedy/.local/lib/python3.10/site-packages/airflow/example_dags/tutorial_taskflow_api_etl.py
[2024-10-04 23:52:25,222] {logging_mixin.py:115} INFO - [2024-10-04 23:52:25,222] {dag.py:2379} INFO - Sync 1 DAGs
[2024-10-04 23:52:25,253] {logging_mixin.py:115} INFO - [2024-10-04 23:52:25,253] {dag.py:2927} INFO - Setting next_dagrun for tutorial_taskflow_api_etl to None, run_after=None
[2024-10-04 23:52:26,476] {processor.py:161} INFO - Processing /home/kennedy/.local/lib/python3.10/site-packages/airflow/example_dags/tutorial_taskflow_api_etl.py took 1.436 seconds
[2024-10-04 23:53:05,745] {processor.py:153} INFO - Started process (PID=102879) to work on /home/kennedy/.local/lib/python3.10/site-packages/airflow/example_dags/tutorial_taskflow_api_etl.py
[2024-10-04 23:53:05,753] {processor.py:641} INFO - Processing file /home/kennedy/.local/lib/python3.10/site-packages/airflow/example_dags/tutorial_taskflow_api_etl.py for tasks to queue
[2024-10-04 23:53:05,754] {logging_mixin.py:115} INFO - [2024-10-04 23:53:05,754] {dagbag.py:507} INFO - Filling up the DagBag from /home/kennedy/.local/lib/python3.10/site-packages/airflow/example_dags/tutorial_taskflow_api_etl.py
[2024-10-04 23:53:05,802] {processor.py:651} INFO - DAG(s) dict_keys(['tutorial_taskflow_api_etl']) retrieved from /home/kennedy/.local/lib/python3.10/site-packages/airflow/example_dags/tutorial_taskflow_api_etl.py
[2024-10-04 23:53:05,896] {logging_mixin.py:115} INFO - [2024-10-04 23:53:05,895] {dag.py:2379} INFO - Sync 1 DAGs
[2024-10-04 23:53:05,927] {logging_mixin.py:115} INFO - [2024-10-04 23:53:05,927] {dag.py:2927} INFO - Setting next_dagrun for tutorial_taskflow_api_etl to None, run_after=None
[2024-10-04 23:53:06,033] {processor.py:161} INFO - Processing /home/kennedy/.local/lib/python3.10/site-packages/airflow/example_dags/tutorial_taskflow_api_etl.py took 0.295 seconds
[2024-10-04 23:53:52,760] {processor.py:153} INFO - Started process (PID=103725) to work on /home/kennedy/.local/lib/python3.10/site-packages/airflow/example_dags/tutorial_taskflow_api_etl.py
[2024-10-04 23:53:52,771] {processor.py:641} INFO - Processing file /home/kennedy/.local/lib/python3.10/site-packages/airflow/example_dags/tutorial_taskflow_api_etl.py for tasks to queue
[2024-10-04 23:53:52,773] {logging_mixin.py:115} INFO - [2024-10-04 23:53:52,772] {dagbag.py:507} INFO - Filling up the DagBag from /home/kennedy/.local/lib/python3.10/site-packages/airflow/example_dags/tutorial_taskflow_api_etl.py
[2024-10-04 23:53:52,824] {processor.py:651} INFO - DAG(s) dict_keys(['tutorial_taskflow_api_etl']) retrieved from /home/kennedy/.local/lib/python3.10/site-packages/airflow/example_dags/tutorial_taskflow_api_etl.py
[2024-10-04 23:53:52,931] {logging_mixin.py:115} INFO - [2024-10-04 23:53:52,931] {dag.py:2379} INFO - Sync 1 DAGs
[2024-10-04 23:53:52,965] {logging_mixin.py:115} INFO - [2024-10-04 23:53:52,965] {dag.py:2927} INFO - Setting next_dagrun for tutorial_taskflow_api_etl to None, run_after=None
[2024-10-04 23:53:53,173] {processor.py:161} INFO - Processing /home/kennedy/.local/lib/python3.10/site-packages/airflow/example_dags/tutorial_taskflow_api_etl.py took 0.421 seconds
[2024-10-04 23:54:50,080] {processor.py:153} INFO - Started process (PID=103898) to work on /home/kennedy/.local/lib/python3.10/site-packages/airflow/example_dags/tutorial_taskflow_api_etl.py
[2024-10-04 23:54:50,261] {processor.py:641} INFO - Processing file /home/kennedy/.local/lib/python3.10/site-packages/airflow/example_dags/tutorial_taskflow_api_etl.py for tasks to queue
[2024-10-04 23:54:50,262] {logging_mixin.py:115} INFO - [2024-10-04 23:54:50,262] {dagbag.py:507} INFO - Filling up the DagBag from /home/kennedy/.local/lib/python3.10/site-packages/airflow/example_dags/tutorial_taskflow_api_etl.py
[2024-10-04 23:54:50,325] {processor.py:651} INFO - DAG(s) dict_keys(['tutorial_taskflow_api_etl']) retrieved from /home/kennedy/.local/lib/python3.10/site-packages/airflow/example_dags/tutorial_taskflow_api_etl.py
[2024-10-04 23:54:50,360] {logging_mixin.py:115} INFO - [2024-10-04 23:54:50,360] {dag.py:2379} INFO - Sync 1 DAGs
[2024-10-04 23:54:50,407] {logging_mixin.py:115} INFO - [2024-10-04 23:54:50,407] {dag.py:2927} INFO - Setting next_dagrun for tutorial_taskflow_api_etl to None, run_after=None
[2024-10-04 23:54:51,116] {processor.py:161} INFO - Processing /home/kennedy/.local/lib/python3.10/site-packages/airflow/example_dags/tutorial_taskflow_api_etl.py took 1.045 seconds
[2024-10-04 23:55:42,422] {processor.py:153} INFO - Started process (PID=103988) to work on /home/kennedy/.local/lib/python3.10/site-packages/airflow/example_dags/tutorial_taskflow_api_etl.py
[2024-10-04 23:55:42,444] {processor.py:641} INFO - Processing file /home/kennedy/.local/lib/python3.10/site-packages/airflow/example_dags/tutorial_taskflow_api_etl.py for tasks to queue
[2024-10-04 23:55:42,445] {logging_mixin.py:115} INFO - [2024-10-04 23:55:42,445] {dagbag.py:507} INFO - Filling up the DagBag from /home/kennedy/.local/lib/python3.10/site-packages/airflow/example_dags/tutorial_taskflow_api_etl.py
[2024-10-04 23:55:42,508] {processor.py:651} INFO - DAG(s) dict_keys(['tutorial_taskflow_api_etl']) retrieved from /home/kennedy/.local/lib/python3.10/site-packages/airflow/example_dags/tutorial_taskflow_api_etl.py
[2024-10-04 23:55:42,540] {logging_mixin.py:115} INFO - [2024-10-04 23:55:42,540] {dag.py:2379} INFO - Sync 1 DAGs
[2024-10-04 23:55:42,578] {logging_mixin.py:115} INFO - [2024-10-04 23:55:42,577] {dag.py:2927} INFO - Setting next_dagrun for tutorial_taskflow_api_etl to None, run_after=None
[2024-10-04 23:55:43,416] {processor.py:161} INFO - Processing /home/kennedy/.local/lib/python3.10/site-packages/airflow/example_dags/tutorial_taskflow_api_etl.py took 1.001 seconds
[2024-10-04 23:56:45,940] {processor.py:153} INFO - Started process (PID=104991) to work on /home/kennedy/.local/lib/python3.10/site-packages/airflow/example_dags/tutorial_taskflow_api_etl.py
[2024-10-04 23:56:46,068] {processor.py:641} INFO - Processing file /home/kennedy/.local/lib/python3.10/site-packages/airflow/example_dags/tutorial_taskflow_api_etl.py for tasks to queue
[2024-10-04 23:56:46,069] {logging_mixin.py:115} INFO - [2024-10-04 23:56:46,069] {dagbag.py:507} INFO - Filling up the DagBag from /home/kennedy/.local/lib/python3.10/site-packages/airflow/example_dags/tutorial_taskflow_api_etl.py
[2024-10-04 23:56:46,116] {processor.py:651} INFO - DAG(s) dict_keys(['tutorial_taskflow_api_etl']) retrieved from /home/kennedy/.local/lib/python3.10/site-packages/airflow/example_dags/tutorial_taskflow_api_etl.py
[2024-10-04 23:56:46,149] {logging_mixin.py:115} INFO - [2024-10-04 23:56:46,148] {dag.py:2379} INFO - Sync 1 DAGs
[2024-10-04 23:56:46,185] {logging_mixin.py:115} INFO - [2024-10-04 23:56:46,185] {dag.py:2927} INFO - Setting next_dagrun for tutorial_taskflow_api_etl to None, run_after=None
[2024-10-04 23:56:46,777] {processor.py:161} INFO - Processing /home/kennedy/.local/lib/python3.10/site-packages/airflow/example_dags/tutorial_taskflow_api_etl.py took 0.844 seconds
[2024-10-04 23:57:48,558] {processor.py:153} INFO - Started process (PID=105215) to work on /home/kennedy/.local/lib/python3.10/site-packages/airflow/example_dags/tutorial_taskflow_api_etl.py
[2024-10-04 23:57:48,570] {processor.py:641} INFO - Processing file /home/kennedy/.local/lib/python3.10/site-packages/airflow/example_dags/tutorial_taskflow_api_etl.py for tasks to queue
[2024-10-04 23:57:48,571] {logging_mixin.py:115} INFO - [2024-10-04 23:57:48,571] {dagbag.py:507} INFO - Filling up the DagBag from /home/kennedy/.local/lib/python3.10/site-packages/airflow/example_dags/tutorial_taskflow_api_etl.py
[2024-10-04 23:57:48,619] {processor.py:651} INFO - DAG(s) dict_keys(['tutorial_taskflow_api_etl']) retrieved from /home/kennedy/.local/lib/python3.10/site-packages/airflow/example_dags/tutorial_taskflow_api_etl.py
[2024-10-04 23:57:48,714] {logging_mixin.py:115} INFO - [2024-10-04 23:57:48,714] {dag.py:2379} INFO - Sync 1 DAGs
[2024-10-04 23:57:48,748] {logging_mixin.py:115} INFO - [2024-10-04 23:57:48,747] {dag.py:2927} INFO - Setting next_dagrun for tutorial_taskflow_api_etl to None, run_after=None
[2024-10-04 23:57:48,845] {processor.py:161} INFO - Processing /home/kennedy/.local/lib/python3.10/site-packages/airflow/example_dags/tutorial_taskflow_api_etl.py took 0.294 seconds
[2024-10-04 23:58:47,851] {processor.py:153} INFO - Started process (PID=105305) to work on /home/kennedy/.local/lib/python3.10/site-packages/airflow/example_dags/tutorial_taskflow_api_etl.py
[2024-10-04 23:58:48,059] {processor.py:641} INFO - Processing file /home/kennedy/.local/lib/python3.10/site-packages/airflow/example_dags/tutorial_taskflow_api_etl.py for tasks to queue
[2024-10-04 23:58:48,060] {logging_mixin.py:115} INFO - [2024-10-04 23:58:48,060] {dagbag.py:507} INFO - Filling up the DagBag from /home/kennedy/.local/lib/python3.10/site-packages/airflow/example_dags/tutorial_taskflow_api_etl.py
[2024-10-04 23:58:48,130] {processor.py:651} INFO - DAG(s) dict_keys(['tutorial_taskflow_api_etl']) retrieved from /home/kennedy/.local/lib/python3.10/site-packages/airflow/example_dags/tutorial_taskflow_api_etl.py
[2024-10-04 23:58:48,185] {logging_mixin.py:115} INFO - [2024-10-04 23:58:48,184] {dag.py:2379} INFO - Sync 1 DAGs
[2024-10-04 23:58:48,232] {logging_mixin.py:115} INFO - [2024-10-04 23:58:48,232] {dag.py:2927} INFO - Setting next_dagrun for tutorial_taskflow_api_etl to None, run_after=None
[2024-10-04 23:58:49,333] {processor.py:161} INFO - Processing /home/kennedy/.local/lib/python3.10/site-packages/airflow/example_dags/tutorial_taskflow_api_etl.py took 1.489 seconds
[2024-10-04 23:59:43,545] {processor.py:153} INFO - Started process (PID=105448) to work on /home/kennedy/.local/lib/python3.10/site-packages/airflow/example_dags/tutorial_taskflow_api_etl.py
[2024-10-04 23:59:43,572] {processor.py:641} INFO - Processing file /home/kennedy/.local/lib/python3.10/site-packages/airflow/example_dags/tutorial_taskflow_api_etl.py for tasks to queue
[2024-10-04 23:59:43,574] {logging_mixin.py:115} INFO - [2024-10-04 23:59:43,574] {dagbag.py:507} INFO - Filling up the DagBag from /home/kennedy/.local/lib/python3.10/site-packages/airflow/example_dags/tutorial_taskflow_api_etl.py
[2024-10-04 23:59:43,632] {processor.py:651} INFO - DAG(s) dict_keys(['tutorial_taskflow_api_etl']) retrieved from /home/kennedy/.local/lib/python3.10/site-packages/airflow/example_dags/tutorial_taskflow_api_etl.py
[2024-10-04 23:59:43,662] {logging_mixin.py:115} INFO - [2024-10-04 23:59:43,662] {dag.py:2379} INFO - Sync 1 DAGs
[2024-10-04 23:59:43,700] {logging_mixin.py:115} INFO - [2024-10-04 23:59:43,699] {dag.py:2927} INFO - Setting next_dagrun for tutorial_taskflow_api_etl to None, run_after=None
[2024-10-04 23:59:45,045] {processor.py:161} INFO - Processing /home/kennedy/.local/lib/python3.10/site-packages/airflow/example_dags/tutorial_taskflow_api_etl.py took 1.507 seconds
[2024-10-05 00:00:38,333] {processor.py:153} INFO - Started process (PID=105616) to work on /home/kennedy/.local/lib/python3.10/site-packages/airflow/example_dags/tutorial_taskflow_api_etl.py
[2024-10-05 00:00:38,527] {processor.py:641} INFO - Processing file /home/kennedy/.local/lib/python3.10/site-packages/airflow/example_dags/tutorial_taskflow_api_etl.py for tasks to queue
[2024-10-05 00:00:38,529] {logging_mixin.py:115} INFO - [2024-10-05 00:00:38,528] {dagbag.py:507} INFO - Filling up the DagBag from /home/kennedy/.local/lib/python3.10/site-packages/airflow/example_dags/tutorial_taskflow_api_etl.py
[2024-10-05 00:00:38,579] {processor.py:651} INFO - DAG(s) dict_keys(['tutorial_taskflow_api_etl']) retrieved from /home/kennedy/.local/lib/python3.10/site-packages/airflow/example_dags/tutorial_taskflow_api_etl.py
[2024-10-05 00:00:38,610] {logging_mixin.py:115} INFO - [2024-10-05 00:00:38,610] {dag.py:2379} INFO - Sync 1 DAGs
[2024-10-05 00:00:38,646] {logging_mixin.py:115} INFO - [2024-10-05 00:00:38,646] {dag.py:2927} INFO - Setting next_dagrun for tutorial_taskflow_api_etl to None, run_after=None
[2024-10-05 00:00:39,018] {processor.py:161} INFO - Processing /home/kennedy/.local/lib/python3.10/site-packages/airflow/example_dags/tutorial_taskflow_api_etl.py took 0.693 seconds
[2024-10-05 00:01:23,823] {processor.py:153} INFO - Started process (PID=105774) to work on /home/kennedy/.local/lib/python3.10/site-packages/airflow/example_dags/tutorial_taskflow_api_etl.py
[2024-10-05 00:01:23,825] {processor.py:641} INFO - Processing file /home/kennedy/.local/lib/python3.10/site-packages/airflow/example_dags/tutorial_taskflow_api_etl.py for tasks to queue
[2024-10-05 00:01:23,826] {logging_mixin.py:115} INFO - [2024-10-05 00:01:23,826] {dagbag.py:507} INFO - Filling up the DagBag from /home/kennedy/.local/lib/python3.10/site-packages/airflow/example_dags/tutorial_taskflow_api_etl.py
[2024-10-05 00:01:23,873] {processor.py:651} INFO - DAG(s) dict_keys(['tutorial_taskflow_api_etl']) retrieved from /home/kennedy/.local/lib/python3.10/site-packages/airflow/example_dags/tutorial_taskflow_api_etl.py
[2024-10-05 00:01:23,902] {logging_mixin.py:115} INFO - [2024-10-05 00:01:23,902] {dag.py:2379} INFO - Sync 1 DAGs
[2024-10-05 00:01:23,937] {logging_mixin.py:115} INFO - [2024-10-05 00:01:23,937] {dag.py:2927} INFO - Setting next_dagrun for tutorial_taskflow_api_etl to None, run_after=None
[2024-10-05 00:01:25,184] {processor.py:161} INFO - Processing /home/kennedy/.local/lib/python3.10/site-packages/airflow/example_dags/tutorial_taskflow_api_etl.py took 1.368 seconds
