[2024-10-08 16:58:53,524] {taskinstance.py:1159} INFO - Dependencies all met for <TaskInstance: get_stocks_dag.TSLA scheduled__2022-01-11T00:00:00+00:00 [queued]>
[2024-10-08 16:58:53,531] {taskinstance.py:1159} INFO - Dependencies all met for <TaskInstance: get_stocks_dag.TSLA scheduled__2022-01-11T00:00:00+00:00 [queued]>
[2024-10-08 16:58:53,531] {taskinstance.py:1356} INFO - 
--------------------------------------------------------------------------------
[2024-10-08 16:58:53,531] {taskinstance.py:1357} INFO - Starting attempt 1 of 1
[2024-10-08 16:58:53,531] {taskinstance.py:1358} INFO - 
--------------------------------------------------------------------------------
[2024-10-08 16:58:54,768] {taskinstance.py:1377} INFO - Executing <Task(_PythonDecoratedOperator): TSLA> on 2022-01-11 00:00:00+00:00
[2024-10-08 16:58:54,774] {standard_task_runner.py:52} INFO - Started process 23679 to run task
[2024-10-08 16:58:54,779] {standard_task_runner.py:79} INFO - Running: ['airflow', 'tasks', 'run', 'get_stocks_dag', 'TSLA', 'scheduled__2022-01-11T00:00:00+00:00', '--job-id', '50', '--raw', '--subdir', 'DAGS_FOLDER/get_stocks.py', '--cfg-path', '/tmp/tmpdgmflioi', '--error-file', '/tmp/tmpf8o01nib']
[2024-10-08 16:58:54,780] {standard_task_runner.py:80} INFO - Job 50: Subtask TSLA
[2024-10-08 16:58:56,113] {task_command.py:370} INFO - Running <TaskInstance: get_stocks_dag.TSLA scheduled__2022-01-11T00:00:00+00:00 [running]> on host ken
[2024-10-08 16:58:56,327] {taskinstance.py:1569} INFO - Exporting the following env vars:
AIRFLOW_CTX_DAG_OWNER=airflow
AIRFLOW_CTX_DAG_ID=get_stocks_dag
AIRFLOW_CTX_TASK_ID=TSLA
AIRFLOW_CTX_EXECUTION_DATE=2022-01-11T00:00:00+00:00
AIRFLOW_CTX_TRY_NUMBER=1
AIRFLOW_CTX_DAG_RUN_ID=scheduled__2022-01-11T00:00:00+00:00
[2024-10-08 16:59:00,529] {history.py:244} ERROR - $TSLA: possibly delisted; no price data found  (1h 2022-01-10 -> 2022-01-11) (Yahoo error = "1h data not available for startTime=1641790800 and endTime=1641877200. The requested range must be within the last 730 days.")
[2024-10-08 16:59:00,533] {python.py:173} INFO - Done. Returned value was: None
[2024-10-08 16:59:00,539] {taskinstance.py:1395} INFO - Marking task as SUCCESS. dag_id=get_stocks_dag, task_id=TSLA, execution_date=20220111T000000, start_date=20241008T195853, end_date=20241008T195900
[2024-10-08 16:59:01,203] {local_task_job.py:156} INFO - Task exited with return code 0
[2024-10-08 16:59:01,349] {local_task_job.py:273} INFO - 0 downstream tasks scheduled from follow-on schedule check
