[2024-10-08 17:20:22,074] {taskinstance.py:1159} INFO - Dependencies all met for <TaskInstance: get_stocks_dag.GOOG scheduled__2024-09-27T00:00:00+00:00 [queued]>
[2024-10-08 17:20:22,092] {taskinstance.py:1159} INFO - Dependencies all met for <TaskInstance: get_stocks_dag.GOOG scheduled__2024-09-27T00:00:00+00:00 [queued]>
[2024-10-08 17:20:22,092] {taskinstance.py:1356} INFO - 
--------------------------------------------------------------------------------
[2024-10-08 17:20:22,092] {taskinstance.py:1357} INFO - Starting attempt 1 of 1
[2024-10-08 17:20:22,092] {taskinstance.py:1358} INFO - 
--------------------------------------------------------------------------------
[2024-10-08 17:20:22,877] {taskinstance.py:1377} INFO - Executing <Task(_PythonDecoratedOperator): GOOG> on 2024-09-27 00:00:00+00:00
[2024-10-08 17:20:22,891] {standard_task_runner.py:52} INFO - Started process 38296 to run task
[2024-10-08 17:20:22,897] {standard_task_runner.py:79} INFO - Running: ['airflow', 'tasks', 'run', 'get_stocks_dag', 'GOOG', 'scheduled__2024-09-27T00:00:00+00:00', '--job-id', '172', '--raw', '--subdir', 'DAGS_FOLDER/get_stocks.py', '--cfg-path', '/tmp/tmp2hgzdb8p', '--error-file', '/tmp/tmpx3l5hhgp']
[2024-10-08 17:20:22,898] {standard_task_runner.py:80} INFO - Job 172: Subtask GOOG
[2024-10-08 17:20:23,015] {task_command.py:370} INFO - Running <TaskInstance: get_stocks_dag.GOOG scheduled__2024-09-27T00:00:00+00:00 [running]> on host ken
[2024-10-08 17:20:23,490] {taskinstance.py:1569} INFO - Exporting the following env vars:
AIRFLOW_CTX_DAG_OWNER=airflow
AIRFLOW_CTX_DAG_ID=get_stocks_dag
AIRFLOW_CTX_TASK_ID=GOOG
AIRFLOW_CTX_EXECUTION_DATE=2024-09-27T00:00:00+00:00
AIRFLOW_CTX_TRY_NUMBER=1
AIRFLOW_CTX_DAG_RUN_ID=scheduled__2024-09-27T00:00:00+00:00
[2024-10-08 17:20:23,982] {python.py:173} INFO - Done. Returned value was: None
[2024-10-08 17:20:23,996] {taskinstance.py:1395} INFO - Marking task as SUCCESS. dag_id=get_stocks_dag, task_id=GOOG, execution_date=20240927T000000, start_date=20241008T202022, end_date=20241008T202023
[2024-10-08 17:20:24,113] {local_task_job.py:156} INFO - Task exited with return code 0
[2024-10-08 17:20:24,132] {local_task_job.py:273} INFO - 0 downstream tasks scheduled from follow-on schedule check
[2024-10-08 23:21:43,445] {taskinstance.py:1159} INFO - Dependencies all met for <TaskInstance: get_stocks_dag.GOOG scheduled__2024-09-27T00:00:00+00:00 [queued]>
[2024-10-08 23:21:43,570] {taskinstance.py:1159} INFO - Dependencies all met for <TaskInstance: get_stocks_dag.GOOG scheduled__2024-09-27T00:00:00+00:00 [queued]>
[2024-10-08 23:21:43,571] {taskinstance.py:1356} INFO - 
--------------------------------------------------------------------------------
[2024-10-08 23:21:43,571] {taskinstance.py:1357} INFO - Starting attempt 1 of 1
[2024-10-08 23:21:43,571] {taskinstance.py:1358} INFO - 
--------------------------------------------------------------------------------
[2024-10-08 23:21:43,649] {taskinstance.py:1377} INFO - Executing <Task(_PythonDecoratedOperator): GOOG> on 2024-09-27 00:00:00+00:00
[2024-10-08 23:21:43,680] {standard_task_runner.py:52} INFO - Started process 22200 to run task
[2024-10-08 23:21:43,699] {standard_task_runner.py:79} INFO - Running: ['airflow', 'tasks', 'run', 'get_stocks_dag', 'GOOG', 'scheduled__2024-09-27T00:00:00+00:00', '--job-id', '39', '--raw', '--subdir', 'DAGS_FOLDER/get_stocks.py', '--cfg-path', '/tmp/tmpcxlkan36', '--error-file', '/tmp/tmpk4h_p2c8']
[2024-10-08 23:21:43,707] {standard_task_runner.py:80} INFO - Job 39: Subtask GOOG
[2024-10-08 23:21:43,991] {task_command.py:370} INFO - Running <TaskInstance: get_stocks_dag.GOOG scheduled__2024-09-27T00:00:00+00:00 [running]> on host ken
[2024-10-08 23:21:44,432] {taskinstance.py:1569} INFO - Exporting the following env vars:
AIRFLOW_CTX_DAG_OWNER=airflow
AIRFLOW_CTX_DAG_ID=get_stocks_dag
AIRFLOW_CTX_TASK_ID=GOOG
AIRFLOW_CTX_EXECUTION_DATE=2024-09-27T00:00:00+00:00
AIRFLOW_CTX_TRY_NUMBER=1
AIRFLOW_CTX_DAG_RUN_ID=scheduled__2024-09-27T00:00:00+00:00
[2024-10-08 23:21:48,113] {python.py:173} INFO - Done. Returned value was: None
[2024-10-08 23:21:48,664] {taskinstance.py:1395} INFO - Marking task as SUCCESS. dag_id=get_stocks_dag, task_id=GOOG, execution_date=20240927T000000, start_date=20241009T022143, end_date=20241009T022148
[2024-10-08 23:21:48,848] {local_task_job.py:156} INFO - Task exited with return code 0
[2024-10-08 23:21:48,992] {local_task_job.py:273} INFO - 0 downstream tasks scheduled from follow-on schedule check
[2024-10-09 01:00:49,495] {taskinstance.py:1159} INFO - Dependencies all met for <TaskInstance: get_stocks_dag.GOOG scheduled__2024-09-27T00:00:00+00:00 [queued]>
[2024-10-09 01:00:49,622] {taskinstance.py:1159} INFO - Dependencies all met for <TaskInstance: get_stocks_dag.GOOG scheduled__2024-09-27T00:00:00+00:00 [queued]>
[2024-10-09 01:00:49,622] {taskinstance.py:1356} INFO - 
--------------------------------------------------------------------------------
[2024-10-09 01:00:49,622] {taskinstance.py:1357} INFO - Starting attempt 1 of 1
[2024-10-09 01:00:49,622] {taskinstance.py:1358} INFO - 
--------------------------------------------------------------------------------
[2024-10-09 01:00:50,015] {taskinstance.py:1377} INFO - Executing <Task(_PythonDecoratedOperator): GOOG> on 2024-09-27 00:00:00+00:00
[2024-10-09 01:00:50,029] {standard_task_runner.py:52} INFO - Started process 41141 to run task
[2024-10-09 01:00:50,035] {standard_task_runner.py:79} INFO - Running: ['airflow', 'tasks', 'run', 'get_stocks_dag', 'GOOG', 'scheduled__2024-09-27T00:00:00+00:00', '--job-id', '103', '--raw', '--subdir', 'DAGS_FOLDER/get_stocks.py', '--cfg-path', '/tmp/tmpkp5_z5lc', '--error-file', '/tmp/tmp33wkjbxe']
[2024-10-09 01:00:50,037] {standard_task_runner.py:80} INFO - Job 103: Subtask GOOG
[2024-10-09 01:00:50,153] {task_command.py:370} INFO - Running <TaskInstance: get_stocks_dag.GOOG scheduled__2024-09-27T00:00:00+00:00 [running]> on host ken
[2024-10-09 01:00:50,551] {taskinstance.py:1569} INFO - Exporting the following env vars:
AIRFLOW_CTX_DAG_OWNER=airflow
AIRFLOW_CTX_DAG_ID=get_stocks_dag
AIRFLOW_CTX_TASK_ID=GOOG
AIRFLOW_CTX_EXECUTION_DATE=2024-09-27T00:00:00+00:00
AIRFLOW_CTX_TRY_NUMBER=1
AIRFLOW_CTX_DAG_RUN_ID=scheduled__2024-09-27T00:00:00+00:00
[2024-10-09 01:00:51,018] {python.py:173} INFO - Done. Returned value was: None
[2024-10-09 01:00:51,040] {taskinstance.py:1395} INFO - Marking task as SUCCESS. dag_id=get_stocks_dag, task_id=GOOG, execution_date=20240927T000000, start_date=20241009T040049, end_date=20241009T040051
[2024-10-09 01:00:51,413] {local_task_job.py:156} INFO - Task exited with return code 0
[2024-10-09 01:00:51,688] {local_task_job.py:273} INFO - 0 downstream tasks scheduled from follow-on schedule check
[2024-10-09 09:34:28,109] {taskinstance.py:1159} INFO - Dependencies all met for <TaskInstance: get_stocks_dag.GOOG scheduled__2024-09-27T00:00:00+00:00 [queued]>
[2024-10-09 09:34:28,131] {taskinstance.py:1159} INFO - Dependencies all met for <TaskInstance: get_stocks_dag.GOOG scheduled__2024-09-27T00:00:00+00:00 [queued]>
[2024-10-09 09:34:28,131] {taskinstance.py:1356} INFO - 
--------------------------------------------------------------------------------
[2024-10-09 09:34:28,131] {taskinstance.py:1357} INFO - Starting attempt 1 of 1
[2024-10-09 09:34:28,131] {taskinstance.py:1358} INFO - 
--------------------------------------------------------------------------------
[2024-10-09 09:34:28,169] {taskinstance.py:1377} INFO - Executing <Task(_PythonDecoratedOperator): GOOG> on 2024-09-27 00:00:00+00:00
[2024-10-09 09:34:28,179] {standard_task_runner.py:52} INFO - Started process 15376 to run task
[2024-10-09 09:34:28,187] {standard_task_runner.py:79} INFO - Running: ['airflow', 'tasks', 'run', 'get_stocks_dag', 'GOOG', 'scheduled__2024-09-27T00:00:00+00:00', '--job-id', '170', '--raw', '--subdir', 'DAGS_FOLDER/get_stocks.py', '--cfg-path', '/tmp/tmpbj8jfjl4', '--error-file', '/tmp/tmplt28lycp']
[2024-10-09 09:34:28,188] {standard_task_runner.py:80} INFO - Job 170: Subtask GOOG
[2024-10-09 09:34:28,500] {task_command.py:370} INFO - Running <TaskInstance: get_stocks_dag.GOOG scheduled__2024-09-27T00:00:00+00:00 [running]> on host ken
[2024-10-09 09:34:28,661] {taskinstance.py:1569} INFO - Exporting the following env vars:
AIRFLOW_CTX_DAG_OWNER=airflow
AIRFLOW_CTX_DAG_ID=get_stocks_dag
AIRFLOW_CTX_TASK_ID=GOOG
AIRFLOW_CTX_EXECUTION_DATE=2024-09-27T00:00:00+00:00
AIRFLOW_CTX_TRY_NUMBER=1
AIRFLOW_CTX_DAG_RUN_ID=scheduled__2024-09-27T00:00:00+00:00
[2024-10-09 09:34:29,039] {python.py:173} INFO - Done. Returned value was: None
[2024-10-09 09:34:29,058] {taskinstance.py:1395} INFO - Marking task as SUCCESS. dag_id=get_stocks_dag, task_id=GOOG, execution_date=20240927T000000, start_date=20241009T123428, end_date=20241009T123429
[2024-10-09 09:34:29,127] {local_task_job.py:156} INFO - Task exited with return code 0
[2024-10-09 09:34:30,985] {local_task_job.py:273} INFO - 0 downstream tasks scheduled from follow-on schedule check
[2024-10-09 09:43:55,301] {taskinstance.py:1159} INFO - Dependencies all met for <TaskInstance: get_stocks_dag.GOOG scheduled__2024-09-27T00:00:00+00:00 [queued]>
[2024-10-09 09:43:55,320] {taskinstance.py:1159} INFO - Dependencies all met for <TaskInstance: get_stocks_dag.GOOG scheduled__2024-09-27T00:00:00+00:00 [queued]>
[2024-10-09 09:43:55,320] {taskinstance.py:1356} INFO - 
--------------------------------------------------------------------------------
[2024-10-09 09:43:55,320] {taskinstance.py:1357} INFO - Starting attempt 1 of 1
[2024-10-09 09:43:55,321] {taskinstance.py:1358} INFO - 
--------------------------------------------------------------------------------
[2024-10-09 09:43:55,354] {taskinstance.py:1377} INFO - Executing <Task(_PythonDecoratedOperator): GOOG> on 2024-09-27 00:00:00+00:00
[2024-10-09 09:43:55,361] {standard_task_runner.py:52} INFO - Started process 23045 to run task
[2024-10-09 09:43:55,364] {standard_task_runner.py:79} INFO - Running: ['airflow', 'tasks', 'run', 'get_stocks_dag', 'GOOG', 'scheduled__2024-09-27T00:00:00+00:00', '--job-id', '232', '--raw', '--subdir', 'DAGS_FOLDER/get_stocks.py', '--cfg-path', '/tmp/tmpoha88jl6', '--error-file', '/tmp/tmpa98dl1t3']
[2024-10-09 09:43:55,365] {standard_task_runner.py:80} INFO - Job 232: Subtask GOOG
[2024-10-09 09:43:55,668] {task_command.py:370} INFO - Running <TaskInstance: get_stocks_dag.GOOG scheduled__2024-09-27T00:00:00+00:00 [running]> on host ken
[2024-10-09 09:43:55,825] {taskinstance.py:1569} INFO - Exporting the following env vars:
AIRFLOW_CTX_DAG_OWNER=airflow
AIRFLOW_CTX_DAG_ID=get_stocks_dag
AIRFLOW_CTX_TASK_ID=GOOG
AIRFLOW_CTX_EXECUTION_DATE=2024-09-27T00:00:00+00:00
AIRFLOW_CTX_TRY_NUMBER=1
AIRFLOW_CTX_DAG_RUN_ID=scheduled__2024-09-27T00:00:00+00:00
[2024-10-09 09:43:59,555] {python.py:173} INFO - Done. Returned value was: None
[2024-10-09 09:43:59,589] {taskinstance.py:1395} INFO - Marking task as SUCCESS. dag_id=get_stocks_dag, task_id=GOOG, execution_date=20240927T000000, start_date=20241009T124355, end_date=20241009T124359
[2024-10-09 09:44:00,827] {local_task_job.py:156} INFO - Task exited with return code 0
[2024-10-09 09:44:02,008] {local_task_job.py:273} INFO - 0 downstream tasks scheduled from follow-on schedule check
[2024-10-09 09:48:01,262] {taskinstance.py:1159} INFO - Dependencies all met for <TaskInstance: get_stocks_dag.GOOG scheduled__2024-09-27T00:00:00+00:00 [queued]>
[2024-10-09 09:48:01,293] {taskinstance.py:1159} INFO - Dependencies all met for <TaskInstance: get_stocks_dag.GOOG scheduled__2024-09-27T00:00:00+00:00 [queued]>
[2024-10-09 09:48:01,293] {taskinstance.py:1356} INFO - 
--------------------------------------------------------------------------------
[2024-10-09 09:48:01,293] {taskinstance.py:1357} INFO - Starting attempt 1 of 1
[2024-10-09 09:48:01,293] {taskinstance.py:1358} INFO - 
--------------------------------------------------------------------------------
[2024-10-09 09:48:01,580] {taskinstance.py:1377} INFO - Executing <Task(_PythonDecoratedOperator): GOOG> on 2024-09-27 00:00:00+00:00
[2024-10-09 09:48:01,596] {standard_task_runner.py:52} INFO - Started process 29520 to run task
[2024-10-09 09:48:01,612] {standard_task_runner.py:79} INFO - Running: ['airflow', 'tasks', 'run', 'get_stocks_dag', 'GOOG', 'scheduled__2024-09-27T00:00:00+00:00', '--job-id', '295', '--raw', '--subdir', 'DAGS_FOLDER/get_stocks.py', '--cfg-path', '/tmp/tmpawhxn0qb', '--error-file', '/tmp/tmpocaxz0bb']
[2024-10-09 09:48:01,615] {standard_task_runner.py:80} INFO - Job 295: Subtask GOOG
[2024-10-09 09:48:02,393] {task_command.py:370} INFO - Running <TaskInstance: get_stocks_dag.GOOG scheduled__2024-09-27T00:00:00+00:00 [running]> on host ken
[2024-10-09 09:48:02,580] {taskinstance.py:1569} INFO - Exporting the following env vars:
AIRFLOW_CTX_DAG_OWNER=airflow
AIRFLOW_CTX_DAG_ID=get_stocks_dag
AIRFLOW_CTX_TASK_ID=GOOG
AIRFLOW_CTX_EXECUTION_DATE=2024-09-27T00:00:00+00:00
AIRFLOW_CTX_TRY_NUMBER=1
AIRFLOW_CTX_DAG_RUN_ID=scheduled__2024-09-27T00:00:00+00:00
[2024-10-09 09:48:03,190] {python.py:173} INFO - Done. Returned value was: None
[2024-10-09 09:48:03,247] {taskinstance.py:1395} INFO - Marking task as SUCCESS. dag_id=get_stocks_dag, task_id=GOOG, execution_date=20240927T000000, start_date=20241009T124801, end_date=20241009T124803
[2024-10-09 09:48:03,313] {local_task_job.py:156} INFO - Task exited with return code 0
[2024-10-09 09:48:03,939] {local_task_job.py:273} INFO - 0 downstream tasks scheduled from follow-on schedule check
[2024-10-09 10:38:54,903] {taskinstance.py:1159} INFO - Dependencies all met for <TaskInstance: get_stocks_dag.GOOG scheduled__2024-09-27T00:00:00+00:00 [queued]>
[2024-10-09 10:38:55,043] {taskinstance.py:1159} INFO - Dependencies all met for <TaskInstance: get_stocks_dag.GOOG scheduled__2024-09-27T00:00:00+00:00 [queued]>
[2024-10-09 10:38:55,044] {taskinstance.py:1356} INFO - 
--------------------------------------------------------------------------------
[2024-10-09 10:38:55,044] {taskinstance.py:1357} INFO - Starting attempt 1 of 1
[2024-10-09 10:38:55,044] {taskinstance.py:1358} INFO - 
--------------------------------------------------------------------------------
[2024-10-09 10:38:55,413] {taskinstance.py:1377} INFO - Executing <Task(_PythonDecoratedOperator): GOOG> on 2024-09-27 00:00:00+00:00
[2024-10-09 10:38:55,443] {standard_task_runner.py:52} INFO - Started process 65157 to run task
[2024-10-09 10:38:55,459] {standard_task_runner.py:79} INFO - Running: ['airflow', 'tasks', 'run', 'get_stocks_dag', 'GOOG', 'scheduled__2024-09-27T00:00:00+00:00', '--job-id', '427', '--raw', '--subdir', 'DAGS_FOLDER/get_stocks.py', '--cfg-path', '/tmp/tmpe8kysb_2', '--error-file', '/tmp/tmp_tyxiyhv']
[2024-10-09 10:38:55,462] {standard_task_runner.py:80} INFO - Job 427: Subtask GOOG
[2024-10-09 10:38:55,779] {task_command.py:370} INFO - Running <TaskInstance: get_stocks_dag.GOOG scheduled__2024-09-27T00:00:00+00:00 [running]> on host ken
[2024-10-09 10:38:56,264] {taskinstance.py:1569} INFO - Exporting the following env vars:
AIRFLOW_CTX_DAG_OWNER=airflow
AIRFLOW_CTX_DAG_ID=get_stocks_dag
AIRFLOW_CTX_TASK_ID=GOOG
AIRFLOW_CTX_EXECUTION_DATE=2024-09-27T00:00:00+00:00
AIRFLOW_CTX_TRY_NUMBER=1
AIRFLOW_CTX_DAG_RUN_ID=scheduled__2024-09-27T00:00:00+00:00
[2024-10-09 10:39:06,835] {python.py:173} INFO - Done. Returned value was: None
[2024-10-09 10:39:07,078] {taskinstance.py:1395} INFO - Marking task as SUCCESS. dag_id=get_stocks_dag, task_id=GOOG, execution_date=20240927T000000, start_date=20241009T133855, end_date=20241009T133907
[2024-10-09 10:39:07,196] {local_task_job.py:156} INFO - Task exited with return code 0
[2024-10-09 10:39:07,312] {local_task_job.py:273} INFO - 0 downstream tasks scheduled from follow-on schedule check
