[2024-10-08 23:22:00,652] {taskinstance.py:1159} INFO - Dependencies all met for <TaskInstance: get_stocks_dag.MSFT scheduled__2024-10-05T00:00:00+00:00 [queued]>
[2024-10-08 23:22:00,760] {taskinstance.py:1159} INFO - Dependencies all met for <TaskInstance: get_stocks_dag.MSFT scheduled__2024-10-05T00:00:00+00:00 [queued]>
[2024-10-08 23:22:00,761] {taskinstance.py:1356} INFO - 
--------------------------------------------------------------------------------
[2024-10-08 23:22:00,761] {taskinstance.py:1357} INFO - Starting attempt 1 of 1
[2024-10-08 23:22:00,761] {taskinstance.py:1358} INFO - 
--------------------------------------------------------------------------------
[2024-10-08 23:22:00,908] {taskinstance.py:1377} INFO - Executing <Task(_PythonDecoratedOperator): MSFT> on 2024-10-05 00:00:00+00:00
[2024-10-08 23:22:00,932] {standard_task_runner.py:52} INFO - Started process 23472 to run task
[2024-10-08 23:22:00,958] {standard_task_runner.py:79} INFO - Running: ['airflow', 'tasks', 'run', 'get_stocks_dag', 'MSFT', 'scheduled__2024-10-05T00:00:00+00:00', '--job-id', '59', '--raw', '--subdir', 'DAGS_FOLDER/get_stocks.py', '--cfg-path', '/tmp/tmp8y5ivs5_', '--error-file', '/tmp/tmpkrv16873']
[2024-10-08 23:22:00,966] {standard_task_runner.py:80} INFO - Job 59: Subtask MSFT
[2024-10-08 23:22:01,446] {task_command.py:370} INFO - Running <TaskInstance: get_stocks_dag.MSFT scheduled__2024-10-05T00:00:00+00:00 [running]> on host ken
[2024-10-08 23:22:02,697] {taskinstance.py:1569} INFO - Exporting the following env vars:
AIRFLOW_CTX_DAG_OWNER=airflow
AIRFLOW_CTX_DAG_ID=get_stocks_dag
AIRFLOW_CTX_TASK_ID=MSFT
AIRFLOW_CTX_EXECUTION_DATE=2024-10-05T00:00:00+00:00
AIRFLOW_CTX_TRY_NUMBER=1
AIRFLOW_CTX_DAG_RUN_ID=scheduled__2024-10-05T00:00:00+00:00
[2024-10-08 23:22:03,698] {python.py:173} INFO - Done. Returned value was: None
[2024-10-08 23:22:03,805] {taskinstance.py:1395} INFO - Marking task as SUCCESS. dag_id=get_stocks_dag, task_id=MSFT, execution_date=20241005T000000, start_date=20241009T022200, end_date=20241009T022203
[2024-10-08 23:22:03,896] {local_task_job.py:156} INFO - Task exited with return code 0
[2024-10-08 23:22:04,000] {local_task_job.py:273} INFO - 0 downstream tasks scheduled from follow-on schedule check
[2024-10-09 01:02:29,640] {taskinstance.py:1159} INFO - Dependencies all met for <TaskInstance: get_stocks_dag.MSFT scheduled__2024-10-05T00:00:00+00:00 [queued]>
[2024-10-09 01:02:29,808] {taskinstance.py:1159} INFO - Dependencies all met for <TaskInstance: get_stocks_dag.MSFT scheduled__2024-10-05T00:00:00+00:00 [queued]>
[2024-10-09 01:02:29,809] {taskinstance.py:1356} INFO - 
--------------------------------------------------------------------------------
[2024-10-09 01:02:29,809] {taskinstance.py:1357} INFO - Starting attempt 1 of 1
[2024-10-09 01:02:29,809] {taskinstance.py:1358} INFO - 
--------------------------------------------------------------------------------
[2024-10-09 01:02:29,867] {taskinstance.py:1377} INFO - Executing <Task(_PythonDecoratedOperator): MSFT> on 2024-10-05 00:00:00+00:00
[2024-10-09 01:02:29,881] {standard_task_runner.py:52} INFO - Started process 45630 to run task
[2024-10-09 01:02:29,889] {standard_task_runner.py:79} INFO - Running: ['airflow', 'tasks', 'run', 'get_stocks_dag', 'MSFT', 'scheduled__2024-10-05T00:00:00+00:00', '--job-id', '126', '--raw', '--subdir', 'DAGS_FOLDER/get_stocks.py', '--cfg-path', '/tmp/tmp1htzhvml', '--error-file', '/tmp/tmprcb_7qst']
[2024-10-09 01:02:29,891] {standard_task_runner.py:80} INFO - Job 126: Subtask MSFT
[2024-10-09 01:02:30,130] {task_command.py:370} INFO - Running <TaskInstance: get_stocks_dag.MSFT scheduled__2024-10-05T00:00:00+00:00 [running]> on host ken
[2024-10-09 01:02:30,304] {taskinstance.py:1569} INFO - Exporting the following env vars:
AIRFLOW_CTX_DAG_OWNER=airflow
AIRFLOW_CTX_DAG_ID=get_stocks_dag
AIRFLOW_CTX_TASK_ID=MSFT
AIRFLOW_CTX_EXECUTION_DATE=2024-10-05T00:00:00+00:00
AIRFLOW_CTX_TRY_NUMBER=1
AIRFLOW_CTX_DAG_RUN_ID=scheduled__2024-10-05T00:00:00+00:00
[2024-10-09 01:02:34,084] {python.py:173} INFO - Done. Returned value was: None
[2024-10-09 01:02:34,678] {taskinstance.py:1395} INFO - Marking task as SUCCESS. dag_id=get_stocks_dag, task_id=MSFT, execution_date=20241005T000000, start_date=20241009T040229, end_date=20241009T040234
[2024-10-09 01:02:34,758] {local_task_job.py:156} INFO - Task exited with return code 0
[2024-10-09 01:02:34,834] {local_task_job.py:273} INFO - 0 downstream tasks scheduled from follow-on schedule check
[2024-10-09 09:35:15,829] {taskinstance.py:1159} INFO - Dependencies all met for <TaskInstance: get_stocks_dag.MSFT scheduled__2024-10-05T00:00:00+00:00 [queued]>
[2024-10-09 09:35:15,961] {taskinstance.py:1159} INFO - Dependencies all met for <TaskInstance: get_stocks_dag.MSFT scheduled__2024-10-05T00:00:00+00:00 [queued]>
[2024-10-09 09:35:15,961] {taskinstance.py:1356} INFO - 
--------------------------------------------------------------------------------
[2024-10-09 09:35:15,962] {taskinstance.py:1357} INFO - Starting attempt 1 of 1
[2024-10-09 09:35:15,962] {taskinstance.py:1358} INFO - 
--------------------------------------------------------------------------------
[2024-10-09 09:35:16,260] {taskinstance.py:1377} INFO - Executing <Task(_PythonDecoratedOperator): MSFT> on 2024-10-05 00:00:00+00:00
[2024-10-09 09:35:16,268] {standard_task_runner.py:52} INFO - Started process 17048 to run task
[2024-10-09 09:35:16,275] {standard_task_runner.py:79} INFO - Running: ['airflow', 'tasks', 'run', 'get_stocks_dag', 'MSFT', 'scheduled__2024-10-05T00:00:00+00:00', '--job-id', '191', '--raw', '--subdir', 'DAGS_FOLDER/get_stocks.py', '--cfg-path', '/tmp/tmp9r70e0p1', '--error-file', '/tmp/tmppntsjveq']
[2024-10-09 09:35:16,276] {standard_task_runner.py:80} INFO - Job 191: Subtask MSFT
[2024-10-09 09:35:16,543] {task_command.py:370} INFO - Running <TaskInstance: get_stocks_dag.MSFT scheduled__2024-10-05T00:00:00+00:00 [running]> on host ken
[2024-10-09 09:35:16,680] {taskinstance.py:1569} INFO - Exporting the following env vars:
AIRFLOW_CTX_DAG_OWNER=airflow
AIRFLOW_CTX_DAG_ID=get_stocks_dag
AIRFLOW_CTX_TASK_ID=MSFT
AIRFLOW_CTX_EXECUTION_DATE=2024-10-05T00:00:00+00:00
AIRFLOW_CTX_TRY_NUMBER=1
AIRFLOW_CTX_DAG_RUN_ID=scheduled__2024-10-05T00:00:00+00:00
[2024-10-09 09:35:17,558] {python.py:173} INFO - Done. Returned value was: None
[2024-10-09 09:35:17,580] {taskinstance.py:1395} INFO - Marking task as SUCCESS. dag_id=get_stocks_dag, task_id=MSFT, execution_date=20241005T000000, start_date=20241009T123515, end_date=20241009T123517
[2024-10-09 09:35:18,817] {local_task_job.py:156} INFO - Task exited with return code 0
[2024-10-09 09:35:19,459] {local_task_job.py:273} INFO - 0 downstream tasks scheduled from follow-on schedule check
[2024-10-09 09:44:51,515] {taskinstance.py:1159} INFO - Dependencies all met for <TaskInstance: get_stocks_dag.MSFT scheduled__2024-10-05T00:00:00+00:00 [queued]>
[2024-10-09 09:44:51,535] {taskinstance.py:1159} INFO - Dependencies all met for <TaskInstance: get_stocks_dag.MSFT scheduled__2024-10-05T00:00:00+00:00 [queued]>
[2024-10-09 09:44:51,535] {taskinstance.py:1356} INFO - 
--------------------------------------------------------------------------------
[2024-10-09 09:44:51,535] {taskinstance.py:1357} INFO - Starting attempt 1 of 1
[2024-10-09 09:44:51,535] {taskinstance.py:1358} INFO - 
--------------------------------------------------------------------------------
[2024-10-09 09:44:51,578] {taskinstance.py:1377} INFO - Executing <Task(_PythonDecoratedOperator): MSFT> on 2024-10-05 00:00:00+00:00
[2024-10-09 09:44:51,583] {standard_task_runner.py:52} INFO - Started process 25033 to run task
[2024-10-09 09:44:51,586] {standard_task_runner.py:79} INFO - Running: ['airflow', 'tasks', 'run', 'get_stocks_dag', 'MSFT', 'scheduled__2024-10-05T00:00:00+00:00', '--job-id', '257', '--raw', '--subdir', 'DAGS_FOLDER/get_stocks.py', '--cfg-path', '/tmp/tmp6226d6zv', '--error-file', '/tmp/tmpu4nbfef5']
[2024-10-09 09:44:51,587] {standard_task_runner.py:80} INFO - Job 257: Subtask MSFT
[2024-10-09 09:44:51,834] {task_command.py:370} INFO - Running <TaskInstance: get_stocks_dag.MSFT scheduled__2024-10-05T00:00:00+00:00 [running]> on host ken
[2024-10-09 09:44:51,967] {taskinstance.py:1569} INFO - Exporting the following env vars:
AIRFLOW_CTX_DAG_OWNER=airflow
AIRFLOW_CTX_DAG_ID=get_stocks_dag
AIRFLOW_CTX_TASK_ID=MSFT
AIRFLOW_CTX_EXECUTION_DATE=2024-10-05T00:00:00+00:00
AIRFLOW_CTX_TRY_NUMBER=1
AIRFLOW_CTX_DAG_RUN_ID=scheduled__2024-10-05T00:00:00+00:00
[2024-10-09 09:44:52,404] {python.py:173} INFO - Done. Returned value was: None
[2024-10-09 09:44:52,427] {taskinstance.py:1395} INFO - Marking task as SUCCESS. dag_id=get_stocks_dag, task_id=MSFT, execution_date=20241005T000000, start_date=20241009T124451, end_date=20241009T124452
[2024-10-09 09:44:53,805] {local_task_job.py:156} INFO - Task exited with return code 0
[2024-10-09 09:44:54,787] {local_task_job.py:273} INFO - 0 downstream tasks scheduled from follow-on schedule check
[2024-10-09 09:48:59,383] {taskinstance.py:1159} INFO - Dependencies all met for <TaskInstance: get_stocks_dag.MSFT scheduled__2024-10-05T00:00:00+00:00 [queued]>
[2024-10-09 09:48:59,419] {taskinstance.py:1159} INFO - Dependencies all met for <TaskInstance: get_stocks_dag.MSFT scheduled__2024-10-05T00:00:00+00:00 [queued]>
[2024-10-09 09:48:59,419] {taskinstance.py:1356} INFO - 
--------------------------------------------------------------------------------
[2024-10-09 09:48:59,420] {taskinstance.py:1357} INFO - Starting attempt 1 of 1
[2024-10-09 09:48:59,420] {taskinstance.py:1358} INFO - 
--------------------------------------------------------------------------------
[2024-10-09 09:48:59,479] {taskinstance.py:1377} INFO - Executing <Task(_PythonDecoratedOperator): MSFT> on 2024-10-05 00:00:00+00:00
[2024-10-09 09:48:59,494] {standard_task_runner.py:52} INFO - Started process 31789 to run task
[2024-10-09 09:48:59,503] {standard_task_runner.py:79} INFO - Running: ['airflow', 'tasks', 'run', 'get_stocks_dag', 'MSFT', 'scheduled__2024-10-05T00:00:00+00:00', '--job-id', '320', '--raw', '--subdir', 'DAGS_FOLDER/get_stocks.py', '--cfg-path', '/tmp/tmpfjmuulyi', '--error-file', '/tmp/tmpk55q27h8']
[2024-10-09 09:48:59,506] {standard_task_runner.py:80} INFO - Job 320: Subtask MSFT
[2024-10-09 09:48:59,885] {task_command.py:370} INFO - Running <TaskInstance: get_stocks_dag.MSFT scheduled__2024-10-05T00:00:00+00:00 [running]> on host ken
[2024-10-09 09:49:00,208] {taskinstance.py:1569} INFO - Exporting the following env vars:
AIRFLOW_CTX_DAG_OWNER=airflow
AIRFLOW_CTX_DAG_ID=get_stocks_dag
AIRFLOW_CTX_TASK_ID=MSFT
AIRFLOW_CTX_EXECUTION_DATE=2024-10-05T00:00:00+00:00
AIRFLOW_CTX_TRY_NUMBER=1
AIRFLOW_CTX_DAG_RUN_ID=scheduled__2024-10-05T00:00:00+00:00
[2024-10-09 09:49:00,644] {python.py:173} INFO - Done. Returned value was: None
[2024-10-09 09:49:00,681] {taskinstance.py:1395} INFO - Marking task as SUCCESS. dag_id=get_stocks_dag, task_id=MSFT, execution_date=20241005T000000, start_date=20241009T124859, end_date=20241009T124900
[2024-10-09 09:49:00,879] {local_task_job.py:156} INFO - Task exited with return code 0
[2024-10-09 09:49:01,216] {local_task_job.py:273} INFO - 0 downstream tasks scheduled from follow-on schedule check
[2024-10-09 10:46:19,727] {taskinstance.py:1159} INFO - Dependencies all met for <TaskInstance: get_stocks_dag.MSFT scheduled__2024-10-05T00:00:00+00:00 [queued]>
[2024-10-09 10:46:19,759] {taskinstance.py:1159} INFO - Dependencies all met for <TaskInstance: get_stocks_dag.MSFT scheduled__2024-10-05T00:00:00+00:00 [queued]>
[2024-10-09 10:46:19,759] {taskinstance.py:1356} INFO - 
--------------------------------------------------------------------------------
[2024-10-09 10:46:19,759] {taskinstance.py:1357} INFO - Starting attempt 1 of 1
[2024-10-09 10:46:19,759] {taskinstance.py:1358} INFO - 
--------------------------------------------------------------------------------
[2024-10-09 10:46:21,323] {taskinstance.py:1377} INFO - Executing <Task(_PythonDecoratedOperator): MSFT> on 2024-10-05 00:00:00+00:00
[2024-10-09 10:46:21,342] {standard_task_runner.py:52} INFO - Started process 75942 to run task
[2024-10-09 10:46:21,353] {standard_task_runner.py:79} INFO - Running: ['airflow', 'tasks', 'run', 'get_stocks_dag', 'MSFT', 'scheduled__2024-10-05T00:00:00+00:00', '--job-id', '484', '--raw', '--subdir', 'DAGS_FOLDER/get_stocks.py', '--cfg-path', '/tmp/tmppl38rqiy', '--error-file', '/tmp/tmpbqz6xh3h']
[2024-10-09 10:46:21,356] {standard_task_runner.py:80} INFO - Job 484: Subtask MSFT
[2024-10-09 10:46:22,277] {task_command.py:370} INFO - Running <TaskInstance: get_stocks_dag.MSFT scheduled__2024-10-05T00:00:00+00:00 [running]> on host ken
[2024-10-09 10:46:22,437] {taskinstance.py:1569} INFO - Exporting the following env vars:
AIRFLOW_CTX_DAG_OWNER=airflow
AIRFLOW_CTX_DAG_ID=get_stocks_dag
AIRFLOW_CTX_TASK_ID=MSFT
AIRFLOW_CTX_EXECUTION_DATE=2024-10-05T00:00:00+00:00
AIRFLOW_CTX_TRY_NUMBER=1
AIRFLOW_CTX_DAG_RUN_ID=scheduled__2024-10-05T00:00:00+00:00
[2024-10-09 10:46:33,184] {python.py:173} INFO - Done. Returned value was: None
[2024-10-09 10:46:33,229] {taskinstance.py:1395} INFO - Marking task as SUCCESS. dag_id=get_stocks_dag, task_id=MSFT, execution_date=20241005T000000, start_date=20241009T134619, end_date=20241009T134633
[2024-10-09 10:46:33,491] {local_task_job.py:156} INFO - Task exited with return code 0
[2024-10-09 10:46:33,962] {local_task_job.py:273} INFO - 0 downstream tasks scheduled from follow-on schedule check
