[2024-10-04 23:38:25,554] {processor.py:153} INFO - Started process (PID=98497) to work on /home/kennedy/KR/Programação/01.Exercícios/DE/Movies/MovieStats/airflow/dags/bash-dag.py
[2024-10-04 23:38:25,556] {processor.py:641} INFO - Processing file /home/kennedy/KR/Programação/01.Exercícios/DE/Movies/MovieStats/airflow/dags/bash-dag.py for tasks to queue
[2024-10-04 23:38:25,557] {logging_mixin.py:115} INFO - [2024-10-04 23:38:25,556] {dagbag.py:507} INFO - Filling up the DagBag from /home/kennedy/KR/Programação/01.Exercícios/DE/Movies/MovieStats/airflow/dags/bash-dag.py
[2024-10-04 23:38:25,574] {processor.py:651} INFO - DAG(s) dict_keys(['bash_dag']) retrieved from /home/kennedy/KR/Programação/01.Exercícios/DE/Movies/MovieStats/airflow/dags/bash-dag.py
[2024-10-04 23:38:27,179] {logging_mixin.py:115} INFO - [2024-10-04 23:38:27,178] {manager.py:508} INFO - Created Permission View: can edit on DAG:bash_dag
[2024-10-04 23:38:27,870] {logging_mixin.py:115} INFO - [2024-10-04 23:38:27,869] {manager.py:508} INFO - Created Permission View: can read on DAG:bash_dag
[2024-10-04 23:38:28,763] {logging_mixin.py:115} INFO - [2024-10-04 23:38:28,763] {manager.py:508} INFO - Created Permission View: can delete on DAG:bash_dag
[2024-10-04 23:38:28,763] {logging_mixin.py:115} INFO - [2024-10-04 23:38:28,763] {dag.py:2379} INFO - Sync 1 DAGs
[2024-10-04 23:38:28,784] {logging_mixin.py:115} INFO - [2024-10-04 23:38:28,784] {dag.py:2398} INFO - Creating ORM DAG for bash_dag
[2024-10-04 23:38:28,808] {logging_mixin.py:115} INFO - [2024-10-04 23:38:28,808] {dag.py:2927} INFO - Setting next_dagrun for bash_dag to 2024-09-25T00:00:00+00:00, run_after=2024-09-26T00:00:00+00:00
[2024-10-04 23:38:28,941] {processor.py:161} INFO - Processing /home/kennedy/KR/Programação/01.Exercícios/DE/Movies/MovieStats/airflow/dags/bash-dag.py took 3.393 seconds
[2024-10-04 23:42:10,771] {processor.py:153} INFO - Started process (PID=99693) to work on /home/kennedy/KR/Programação/01.Exercícios/DE/Movies/MovieStats/airflow/dags/bash-dag.py
[2024-10-04 23:42:11,053] {processor.py:641} INFO - Processing file /home/kennedy/KR/Programação/01.Exercícios/DE/Movies/MovieStats/airflow/dags/bash-dag.py for tasks to queue
[2024-10-04 23:42:11,055] {logging_mixin.py:115} INFO - [2024-10-04 23:42:11,054] {dagbag.py:507} INFO - Filling up the DagBag from /home/kennedy/KR/Programação/01.Exercícios/DE/Movies/MovieStats/airflow/dags/bash-dag.py
[2024-10-04 23:42:11,115] {processor.py:651} INFO - DAG(s) dict_keys(['bash_dag']) retrieved from /home/kennedy/KR/Programação/01.Exercícios/DE/Movies/MovieStats/airflow/dags/bash-dag.py
[2024-10-04 23:42:11,229] {logging_mixin.py:115} INFO - [2024-10-04 23:42:11,229] {dag.py:2379} INFO - Sync 1 DAGs
[2024-10-04 23:42:11,275] {logging_mixin.py:115} INFO - [2024-10-04 23:42:11,275] {dag.py:2927} INFO - Setting next_dagrun for bash_dag to 2024-09-25T00:00:00+00:00, run_after=2024-09-26T00:00:00+00:00
[2024-10-04 23:42:11,384] {processor.py:161} INFO - Processing /home/kennedy/KR/Programação/01.Exercícios/DE/Movies/MovieStats/airflow/dags/bash-dag.py took 0.619 seconds
[2024-10-04 23:42:24,879] {processor.py:153} INFO - Started process (PID=99736) to work on /home/kennedy/KR/Programação/01.Exercícios/DE/Movies/MovieStats/airflow/dags/bash-dag.py
[2024-10-04 23:42:24,880] {processor.py:641} INFO - Processing file /home/kennedy/KR/Programação/01.Exercícios/DE/Movies/MovieStats/airflow/dags/bash-dag.py for tasks to queue
[2024-10-04 23:42:24,881] {logging_mixin.py:115} INFO - [2024-10-04 23:42:24,881] {dagbag.py:507} INFO - Filling up the DagBag from /home/kennedy/KR/Programação/01.Exercícios/DE/Movies/MovieStats/airflow/dags/bash-dag.py
[2024-10-04 23:42:24,902] {processor.py:651} INFO - DAG(s) dict_keys(['bash_dag']) retrieved from /home/kennedy/KR/Programação/01.Exercícios/DE/Movies/MovieStats/airflow/dags/bash-dag.py
[2024-10-04 23:42:24,955] {logging_mixin.py:115} INFO - [2024-10-04 23:42:24,955] {dag.py:2379} INFO - Sync 1 DAGs
[2024-10-04 23:42:25,014] {logging_mixin.py:115} INFO - [2024-10-04 23:42:25,013] {dag.py:2927} INFO - Setting next_dagrun for bash_dag to 2024-09-25T00:00:00+00:00, run_after=2024-09-26T00:00:00+00:00
[2024-10-04 23:42:26,510] {processor.py:161} INFO - Processing /home/kennedy/KR/Programação/01.Exercícios/DE/Movies/MovieStats/airflow/dags/bash-dag.py took 1.639 seconds
[2024-10-04 23:43:25,297] {processor.py:153} INFO - Started process (PID=99812) to work on /home/kennedy/KR/Programação/01.Exercícios/DE/Movies/MovieStats/airflow/dags/bash-dag.py
[2024-10-04 23:43:25,298] {processor.py:641} INFO - Processing file /home/kennedy/KR/Programação/01.Exercícios/DE/Movies/MovieStats/airflow/dags/bash-dag.py for tasks to queue
[2024-10-04 23:43:25,300] {logging_mixin.py:115} INFO - [2024-10-04 23:43:25,299] {dagbag.py:507} INFO - Filling up the DagBag from /home/kennedy/KR/Programação/01.Exercícios/DE/Movies/MovieStats/airflow/dags/bash-dag.py
[2024-10-04 23:43:25,316] {processor.py:651} INFO - DAG(s) dict_keys(['bash_dag']) retrieved from /home/kennedy/KR/Programação/01.Exercícios/DE/Movies/MovieStats/airflow/dags/bash-dag.py
[2024-10-04 23:43:25,354] {logging_mixin.py:115} INFO - [2024-10-04 23:43:25,354] {dag.py:2379} INFO - Sync 1 DAGs
[2024-10-04 23:43:25,394] {logging_mixin.py:115} INFO - [2024-10-04 23:43:25,394] {dag.py:2927} INFO - Setting next_dagrun for bash_dag to 2024-09-25T00:00:00+00:00, run_after=2024-09-26T00:00:00+00:00
[2024-10-04 23:43:25,865] {processor.py:161} INFO - Processing /home/kennedy/KR/Programação/01.Exercícios/DE/Movies/MovieStats/airflow/dags/bash-dag.py took 0.576 seconds
[2024-10-04 23:43:39,313] {processor.py:153} INFO - Started process (PID=99826) to work on /home/kennedy/KR/Programação/01.Exercícios/DE/Movies/MovieStats/airflow/dags/bash-dag.py
[2024-10-04 23:43:39,456] {processor.py:641} INFO - Processing file /home/kennedy/KR/Programação/01.Exercícios/DE/Movies/MovieStats/airflow/dags/bash-dag.py for tasks to queue
[2024-10-04 23:43:39,457] {logging_mixin.py:115} INFO - [2024-10-04 23:43:39,457] {dagbag.py:507} INFO - Filling up the DagBag from /home/kennedy/KR/Programação/01.Exercícios/DE/Movies/MovieStats/airflow/dags/bash-dag.py
[2024-10-04 23:43:39,475] {processor.py:651} INFO - DAG(s) dict_keys(['bash_dag']) retrieved from /home/kennedy/KR/Programação/01.Exercícios/DE/Movies/MovieStats/airflow/dags/bash-dag.py
[2024-10-04 23:43:39,645] {logging_mixin.py:115} INFO - [2024-10-04 23:43:39,645] {dag.py:2379} INFO - Sync 1 DAGs
[2024-10-04 23:43:39,706] {logging_mixin.py:115} INFO - [2024-10-04 23:43:39,705] {dag.py:2927} INFO - Setting next_dagrun for bash_dag to 2024-09-25T00:00:00+00:00, run_after=2024-09-26T00:00:00+00:00
[2024-10-04 23:43:39,816] {processor.py:161} INFO - Processing /home/kennedy/KR/Programação/01.Exercícios/DE/Movies/MovieStats/airflow/dags/bash-dag.py took 0.510 seconds
[2024-10-04 23:44:16,618] {processor.py:153} INFO - Started process (PID=99873) to work on /home/kennedy/KR/Programação/01.Exercícios/DE/Movies/MovieStats/airflow/dags/bash-dag.py
[2024-10-04 23:44:16,619] {processor.py:641} INFO - Processing file /home/kennedy/KR/Programação/01.Exercícios/DE/Movies/MovieStats/airflow/dags/bash-dag.py for tasks to queue
[2024-10-04 23:44:16,620] {logging_mixin.py:115} INFO - [2024-10-04 23:44:16,620] {dagbag.py:507} INFO - Filling up the DagBag from /home/kennedy/KR/Programação/01.Exercícios/DE/Movies/MovieStats/airflow/dags/bash-dag.py
[2024-10-04 23:44:16,636] {processor.py:651} INFO - DAG(s) dict_keys(['bash_dag']) retrieved from /home/kennedy/KR/Programação/01.Exercícios/DE/Movies/MovieStats/airflow/dags/bash-dag.py
[2024-10-04 23:44:16,672] {logging_mixin.py:115} INFO - [2024-10-04 23:44:16,671] {dag.py:2379} INFO - Sync 1 DAGs
[2024-10-04 23:44:16,710] {logging_mixin.py:115} INFO - [2024-10-04 23:44:16,709] {dag.py:2927} INFO - Setting next_dagrun for bash_dag to 2024-09-25T00:00:00+00:00, run_after=2024-09-26T00:00:00+00:00
[2024-10-04 23:44:17,254] {processor.py:161} INFO - Processing /home/kennedy/KR/Programação/01.Exercícios/DE/Movies/MovieStats/airflow/dags/bash-dag.py took 0.643 seconds
[2024-10-04 23:44:18,017] {processor.py:153} INFO - Started process (PID=99875) to work on /home/kennedy/KR/Programação/01.Exercícios/DE/Movies/MovieStats/airflow/dags/bash-dag.py
[2024-10-04 23:44:18,019] {processor.py:641} INFO - Processing file /home/kennedy/KR/Programação/01.Exercícios/DE/Movies/MovieStats/airflow/dags/bash-dag.py for tasks to queue
[2024-10-04 23:44:18,021] {logging_mixin.py:115} INFO - [2024-10-04 23:44:18,020] {dagbag.py:507} INFO - Filling up the DagBag from /home/kennedy/KR/Programação/01.Exercícios/DE/Movies/MovieStats/airflow/dags/bash-dag.py
[2024-10-04 23:44:18,040] {processor.py:651} INFO - DAG(s) dict_keys(['bash_dag']) retrieved from /home/kennedy/KR/Programação/01.Exercícios/DE/Movies/MovieStats/airflow/dags/bash-dag.py
[2024-10-04 23:44:18,081] {logging_mixin.py:115} INFO - [2024-10-04 23:44:18,081] {dag.py:2379} INFO - Sync 1 DAGs
[2024-10-04 23:44:18,137] {logging_mixin.py:115} INFO - [2024-10-04 23:44:18,136] {dag.py:2927} INFO - Setting next_dagrun for bash_dag to 2024-09-25T00:00:00+00:00, run_after=2024-09-26T00:00:00+00:00
[2024-10-04 23:44:18,351] {processor.py:161} INFO - Processing /home/kennedy/KR/Programação/01.Exercícios/DE/Movies/MovieStats/airflow/dags/bash-dag.py took 0.343 seconds
[2024-10-04 23:44:39,162] {processor.py:153} INFO - Started process (PID=99964) to work on /home/kennedy/KR/Programação/01.Exercícios/DE/Movies/MovieStats/airflow/dags/bash-dag.py
[2024-10-04 23:44:39,185] {processor.py:641} INFO - Processing file /home/kennedy/KR/Programação/01.Exercícios/DE/Movies/MovieStats/airflow/dags/bash-dag.py for tasks to queue
[2024-10-04 23:44:39,186] {logging_mixin.py:115} INFO - [2024-10-04 23:44:39,186] {dagbag.py:507} INFO - Filling up the DagBag from /home/kennedy/KR/Programação/01.Exercícios/DE/Movies/MovieStats/airflow/dags/bash-dag.py
[2024-10-04 23:44:39,194] {processor.py:651} INFO - DAG(s) dict_keys(['bash_dag']) retrieved from /home/kennedy/KR/Programação/01.Exercícios/DE/Movies/MovieStats/airflow/dags/bash-dag.py
[2024-10-04 23:44:40,997] {logging_mixin.py:115} INFO - [2024-10-04 23:44:40,997] {dag.py:2379} INFO - Sync 1 DAGs
[2024-10-04 23:44:41,268] {logging_mixin.py:115} INFO - [2024-10-04 23:44:41,268] {dag.py:2927} INFO - Setting next_dagrun for bash_dag to 2024-09-25T00:00:00+00:00, run_after=2024-09-26T00:00:00+00:00
[2024-10-04 23:44:41,491] {processor.py:161} INFO - Processing /home/kennedy/KR/Programação/01.Exercícios/DE/Movies/MovieStats/airflow/dags/bash-dag.py took 2.332 seconds
[2024-10-04 23:45:10,507] {processor.py:153} INFO - Started process (PID=100117) to work on /home/kennedy/KR/Programação/01.Exercícios/DE/Movies/MovieStats/airflow/dags/bash-dag.py
[2024-10-04 23:45:10,515] {processor.py:641} INFO - Processing file /home/kennedy/KR/Programação/01.Exercícios/DE/Movies/MovieStats/airflow/dags/bash-dag.py for tasks to queue
[2024-10-04 23:45:10,515] {logging_mixin.py:115} INFO - [2024-10-04 23:45:10,515] {dagbag.py:507} INFO - Filling up the DagBag from /home/kennedy/KR/Programação/01.Exercícios/DE/Movies/MovieStats/airflow/dags/bash-dag.py
[2024-10-04 23:45:10,521] {processor.py:651} INFO - DAG(s) dict_keys(['bash_dag']) retrieved from /home/kennedy/KR/Programação/01.Exercícios/DE/Movies/MovieStats/airflow/dags/bash-dag.py
[2024-10-04 23:45:10,537] {logging_mixin.py:115} INFO - [2024-10-04 23:45:10,537] {dag.py:2379} INFO - Sync 1 DAGs
[2024-10-04 23:45:10,553] {logging_mixin.py:115} INFO - [2024-10-04 23:45:10,553] {dag.py:2927} INFO - Setting next_dagrun for bash_dag to 2024-09-25T00:00:00+00:00, run_after=2024-09-26T00:00:00+00:00
[2024-10-04 23:45:10,680] {processor.py:161} INFO - Processing /home/kennedy/KR/Programação/01.Exercícios/DE/Movies/MovieStats/airflow/dags/bash-dag.py took 0.176 seconds
[2024-10-04 23:45:17,560] {processor.py:153} INFO - Started process (PID=100159) to work on /home/kennedy/KR/Programação/01.Exercícios/DE/Movies/MovieStats/airflow/dags/bash-dag.py
[2024-10-04 23:45:17,561] {processor.py:641} INFO - Processing file /home/kennedy/KR/Programação/01.Exercícios/DE/Movies/MovieStats/airflow/dags/bash-dag.py for tasks to queue
[2024-10-04 23:45:17,562] {logging_mixin.py:115} INFO - [2024-10-04 23:45:17,562] {dagbag.py:507} INFO - Filling up the DagBag from /home/kennedy/KR/Programação/01.Exercícios/DE/Movies/MovieStats/airflow/dags/bash-dag.py
[2024-10-04 23:45:17,578] {processor.py:651} INFO - DAG(s) dict_keys(['bash_dag']) retrieved from /home/kennedy/KR/Programação/01.Exercícios/DE/Movies/MovieStats/airflow/dags/bash-dag.py
[2024-10-04 23:45:18,753] {logging_mixin.py:115} INFO - [2024-10-04 23:45:18,753] {dag.py:2379} INFO - Sync 1 DAGs
[2024-10-04 23:45:18,807] {logging_mixin.py:115} INFO - [2024-10-04 23:45:18,806] {dag.py:2927} INFO - Setting next_dagrun for bash_dag to 2024-09-25T00:00:00+00:00, run_after=2024-09-26T00:00:00+00:00
[2024-10-04 23:45:18,940] {processor.py:161} INFO - Processing /home/kennedy/KR/Programação/01.Exercícios/DE/Movies/MovieStats/airflow/dags/bash-dag.py took 1.387 seconds
[2024-10-04 23:46:17,609] {processor.py:153} INFO - Started process (PID=101015) to work on /home/kennedy/KR/Programação/01.Exercícios/DE/Movies/MovieStats/airflow/dags/bash-dag.py
[2024-10-04 23:46:17,712] {processor.py:641} INFO - Processing file /home/kennedy/KR/Programação/01.Exercícios/DE/Movies/MovieStats/airflow/dags/bash-dag.py for tasks to queue
[2024-10-04 23:46:17,713] {logging_mixin.py:115} INFO - [2024-10-04 23:46:17,713] {dagbag.py:507} INFO - Filling up the DagBag from /home/kennedy/KR/Programação/01.Exercícios/DE/Movies/MovieStats/airflow/dags/bash-dag.py
[2024-10-04 23:46:17,732] {processor.py:651} INFO - DAG(s) dict_keys(['bash_dag']) retrieved from /home/kennedy/KR/Programação/01.Exercícios/DE/Movies/MovieStats/airflow/dags/bash-dag.py
[2024-10-04 23:46:17,801] {logging_mixin.py:115} INFO - [2024-10-04 23:46:17,801] {dag.py:2379} INFO - Sync 1 DAGs
[2024-10-04 23:46:17,889] {logging_mixin.py:115} INFO - [2024-10-04 23:46:17,888] {dag.py:2927} INFO - Setting next_dagrun for bash_dag to 2024-09-25T00:00:00+00:00, run_after=2024-09-26T00:00:00+00:00
[2024-10-04 23:46:18,232] {processor.py:161} INFO - Processing /home/kennedy/KR/Programação/01.Exercícios/DE/Movies/MovieStats/airflow/dags/bash-dag.py took 0.633 seconds
[2024-10-04 23:47:18,649] {processor.py:153} INFO - Started process (PID=101272) to work on /home/kennedy/KR/Programação/01.Exercícios/DE/Movies/MovieStats/airflow/dags/bash-dag.py
[2024-10-04 23:47:18,660] {processor.py:641} INFO - Processing file /home/kennedy/KR/Programação/01.Exercícios/DE/Movies/MovieStats/airflow/dags/bash-dag.py for tasks to queue
[2024-10-04 23:47:18,661] {logging_mixin.py:115} INFO - [2024-10-04 23:47:18,661] {dagbag.py:507} INFO - Filling up the DagBag from /home/kennedy/KR/Programação/01.Exercícios/DE/Movies/MovieStats/airflow/dags/bash-dag.py
[2024-10-04 23:47:18,678] {processor.py:651} INFO - DAG(s) dict_keys(['bash_dag']) retrieved from /home/kennedy/KR/Programação/01.Exercícios/DE/Movies/MovieStats/airflow/dags/bash-dag.py
[2024-10-04 23:47:18,716] {logging_mixin.py:115} INFO - [2024-10-04 23:47:18,716] {dag.py:2379} INFO - Sync 1 DAGs
[2024-10-04 23:47:18,745] {logging_mixin.py:115} INFO - [2024-10-04 23:47:18,745] {dag.py:2927} INFO - Setting next_dagrun for bash_dag to 2024-09-25T00:00:00+00:00, run_after=2024-09-26T00:00:00+00:00
[2024-10-04 23:47:19,016] {processor.py:161} INFO - Processing /home/kennedy/KR/Programação/01.Exercícios/DE/Movies/MovieStats/airflow/dags/bash-dag.py took 0.374 seconds
[2024-10-04 23:48:08,161] {processor.py:153} INFO - Started process (PID=101540) to work on /home/kennedy/KR/Programação/01.Exercícios/DE/Movies/MovieStats/airflow/dags/bash-dag.py
[2024-10-04 23:48:08,258] {processor.py:641} INFO - Processing file /home/kennedy/KR/Programação/01.Exercícios/DE/Movies/MovieStats/airflow/dags/bash-dag.py for tasks to queue
[2024-10-04 23:48:08,259] {logging_mixin.py:115} INFO - [2024-10-04 23:48:08,259] {dagbag.py:507} INFO - Filling up the DagBag from /home/kennedy/KR/Programação/01.Exercícios/DE/Movies/MovieStats/airflow/dags/bash-dag.py
[2024-10-04 23:48:08,268] {processor.py:651} INFO - DAG(s) dict_keys(['bash_dag']) retrieved from /home/kennedy/KR/Programação/01.Exercícios/DE/Movies/MovieStats/airflow/dags/bash-dag.py
[2024-10-04 23:48:13,877] {logging_mixin.py:115} INFO - [2024-10-04 23:48:13,877] {dag.py:2379} INFO - Sync 1 DAGs
[2024-10-04 23:48:17,066] {logging_mixin.py:115} INFO - [2024-10-04 23:48:17,065] {dag.py:2927} INFO - Setting next_dagrun for bash_dag to 2024-09-25T00:00:00+00:00, run_after=2024-09-26T00:00:00+00:00
[2024-10-04 23:48:20,796] {processor.py:161} INFO - Processing /home/kennedy/KR/Programação/01.Exercícios/DE/Movies/MovieStats/airflow/dags/bash-dag.py took 12.640 seconds
[2024-10-04 23:48:22,331] {processor.py:153} INFO - Started process (PID=101622) to work on /home/kennedy/KR/Programação/01.Exercícios/DE/Movies/MovieStats/airflow/dags/bash-dag.py
[2024-10-04 23:48:22,332] {processor.py:641} INFO - Processing file /home/kennedy/KR/Programação/01.Exercícios/DE/Movies/MovieStats/airflow/dags/bash-dag.py for tasks to queue
[2024-10-04 23:48:22,333] {logging_mixin.py:115} INFO - [2024-10-04 23:48:22,333] {dagbag.py:507} INFO - Filling up the DagBag from /home/kennedy/KR/Programação/01.Exercícios/DE/Movies/MovieStats/airflow/dags/bash-dag.py
[2024-10-04 23:48:22,349] {processor.py:651} INFO - DAG(s) dict_keys(['bash_dag']) retrieved from /home/kennedy/KR/Programação/01.Exercícios/DE/Movies/MovieStats/airflow/dags/bash-dag.py
[2024-10-04 23:48:23,716] {logging_mixin.py:115} INFO - [2024-10-04 23:48:23,716] {dag.py:2379} INFO - Sync 1 DAGs
[2024-10-04 23:48:23,769] {logging_mixin.py:115} INFO - [2024-10-04 23:48:23,769] {dag.py:2927} INFO - Setting next_dagrun for bash_dag to 2024-09-25T00:00:00+00:00, run_after=2024-09-26T00:00:00+00:00
[2024-10-04 23:48:24,541] {processor.py:161} INFO - Processing /home/kennedy/KR/Programação/01.Exercícios/DE/Movies/MovieStats/airflow/dags/bash-dag.py took 2.217 seconds
[2024-10-04 23:49:28,935] {processor.py:153} INFO - Started process (PID=102339) to work on /home/kennedy/KR/Programação/01.Exercícios/DE/Movies/MovieStats/airflow/dags/bash-dag.py
[2024-10-04 23:49:28,951] {processor.py:641} INFO - Processing file /home/kennedy/KR/Programação/01.Exercícios/DE/Movies/MovieStats/airflow/dags/bash-dag.py for tasks to queue
[2024-10-04 23:49:28,953] {logging_mixin.py:115} INFO - [2024-10-04 23:49:28,952] {dagbag.py:507} INFO - Filling up the DagBag from /home/kennedy/KR/Programação/01.Exercícios/DE/Movies/MovieStats/airflow/dags/bash-dag.py
[2024-10-04 23:49:28,968] {processor.py:651} INFO - DAG(s) dict_keys(['bash_dag']) retrieved from /home/kennedy/KR/Programação/01.Exercícios/DE/Movies/MovieStats/airflow/dags/bash-dag.py
[2024-10-04 23:49:29,004] {logging_mixin.py:115} INFO - [2024-10-04 23:49:29,004] {dag.py:2379} INFO - Sync 1 DAGs
[2024-10-04 23:49:29,048] {logging_mixin.py:115} INFO - [2024-10-04 23:49:29,047] {dag.py:2927} INFO - Setting next_dagrun for bash_dag to 2024-09-25T00:00:00+00:00, run_after=2024-09-26T00:00:00+00:00
[2024-10-04 23:49:29,781] {processor.py:161} INFO - Processing /home/kennedy/KR/Programação/01.Exercícios/DE/Movies/MovieStats/airflow/dags/bash-dag.py took 0.850 seconds
[2024-10-04 23:50:31,238] {processor.py:153} INFO - Started process (PID=102420) to work on /home/kennedy/KR/Programação/01.Exercícios/DE/Movies/MovieStats/airflow/dags/bash-dag.py
[2024-10-04 23:50:31,316] {processor.py:641} INFO - Processing file /home/kennedy/KR/Programação/01.Exercícios/DE/Movies/MovieStats/airflow/dags/bash-dag.py for tasks to queue
[2024-10-04 23:50:31,317] {logging_mixin.py:115} INFO - [2024-10-04 23:50:31,316] {dagbag.py:507} INFO - Filling up the DagBag from /home/kennedy/KR/Programação/01.Exercícios/DE/Movies/MovieStats/airflow/dags/bash-dag.py
[2024-10-04 23:50:31,332] {processor.py:651} INFO - DAG(s) dict_keys(['bash_dag']) retrieved from /home/kennedy/KR/Programação/01.Exercícios/DE/Movies/MovieStats/airflow/dags/bash-dag.py
[2024-10-04 23:50:31,371] {logging_mixin.py:115} INFO - [2024-10-04 23:50:31,371] {dag.py:2379} INFO - Sync 1 DAGs
[2024-10-04 23:50:31,411] {logging_mixin.py:115} INFO - [2024-10-04 23:50:31,410] {dag.py:2927} INFO - Setting next_dagrun for bash_dag to 2024-09-25T00:00:00+00:00, run_after=2024-09-26T00:00:00+00:00
[2024-10-04 23:50:31,929] {processor.py:161} INFO - Processing /home/kennedy/KR/Programação/01.Exercícios/DE/Movies/MovieStats/airflow/dags/bash-dag.py took 0.699 seconds
[2024-10-04 23:51:30,216] {processor.py:153} INFO - Started process (PID=102682) to work on /home/kennedy/KR/Programação/01.Exercícios/DE/Movies/MovieStats/airflow/dags/bash-dag.py
[2024-10-04 23:51:30,229] {processor.py:641} INFO - Processing file /home/kennedy/KR/Programação/01.Exercícios/DE/Movies/MovieStats/airflow/dags/bash-dag.py for tasks to queue
[2024-10-04 23:51:30,230] {logging_mixin.py:115} INFO - [2024-10-04 23:51:30,230] {dagbag.py:507} INFO - Filling up the DagBag from /home/kennedy/KR/Programação/01.Exercícios/DE/Movies/MovieStats/airflow/dags/bash-dag.py
[2024-10-04 23:51:30,246] {processor.py:651} INFO - DAG(s) dict_keys(['bash_dag']) retrieved from /home/kennedy/KR/Programação/01.Exercícios/DE/Movies/MovieStats/airflow/dags/bash-dag.py
[2024-10-04 23:51:30,286] {logging_mixin.py:115} INFO - [2024-10-04 23:51:30,285] {dag.py:2379} INFO - Sync 1 DAGs
[2024-10-04 23:51:30,324] {logging_mixin.py:115} INFO - [2024-10-04 23:51:30,324] {dag.py:2927} INFO - Setting next_dagrun for bash_dag to 2024-09-25T00:00:00+00:00, run_after=2024-09-26T00:00:00+00:00
[2024-10-04 23:51:31,601] {processor.py:161} INFO - Processing /home/kennedy/KR/Programação/01.Exercícios/DE/Movies/MovieStats/airflow/dags/bash-dag.py took 1.392 seconds
[2024-10-04 23:52:17,086] {processor.py:153} INFO - Started process (PID=102831) to work on /home/kennedy/KR/Programação/01.Exercícios/DE/Movies/MovieStats/airflow/dags/bash-dag.py
[2024-10-04 23:52:17,095] {processor.py:641} INFO - Processing file /home/kennedy/KR/Programação/01.Exercícios/DE/Movies/MovieStats/airflow/dags/bash-dag.py for tasks to queue
[2024-10-04 23:52:17,096] {logging_mixin.py:115} INFO - [2024-10-04 23:52:17,096] {dagbag.py:507} INFO - Filling up the DagBag from /home/kennedy/KR/Programação/01.Exercícios/DE/Movies/MovieStats/airflow/dags/bash-dag.py
[2024-10-04 23:52:17,112] {processor.py:651} INFO - DAG(s) dict_keys(['bash_dag']) retrieved from /home/kennedy/KR/Programação/01.Exercícios/DE/Movies/MovieStats/airflow/dags/bash-dag.py
[2024-10-04 23:52:17,151] {logging_mixin.py:115} INFO - [2024-10-04 23:52:17,151] {dag.py:2379} INFO - Sync 1 DAGs
[2024-10-04 23:52:17,191] {logging_mixin.py:115} INFO - [2024-10-04 23:52:17,191] {dag.py:2927} INFO - Setting next_dagrun for bash_dag to 2024-09-25T00:00:00+00:00, run_after=2024-09-26T00:00:00+00:00
[2024-10-04 23:52:18,806] {processor.py:161} INFO - Processing /home/kennedy/KR/Programação/01.Exercícios/DE/Movies/MovieStats/airflow/dags/bash-dag.py took 1.727 seconds
[2024-10-04 23:52:58,446] {processor.py:153} INFO - Started process (PID=102867) to work on /home/kennedy/KR/Programação/01.Exercícios/DE/Movies/MovieStats/airflow/dags/bash-dag.py
[2024-10-04 23:52:58,469] {processor.py:641} INFO - Processing file /home/kennedy/KR/Programação/01.Exercícios/DE/Movies/MovieStats/airflow/dags/bash-dag.py for tasks to queue
[2024-10-04 23:52:58,471] {logging_mixin.py:115} INFO - [2024-10-04 23:52:58,471] {dagbag.py:507} INFO - Filling up the DagBag from /home/kennedy/KR/Programação/01.Exercícios/DE/Movies/MovieStats/airflow/dags/bash-dag.py
[2024-10-04 23:52:58,495] {processor.py:651} INFO - DAG(s) dict_keys(['bash_dag']) retrieved from /home/kennedy/KR/Programação/01.Exercícios/DE/Movies/MovieStats/airflow/dags/bash-dag.py
[2024-10-04 23:52:58,547] {logging_mixin.py:115} INFO - [2024-10-04 23:52:58,547] {dag.py:2379} INFO - Sync 1 DAGs
[2024-10-04 23:52:58,590] {logging_mixin.py:115} INFO - [2024-10-04 23:52:58,590] {dag.py:2927} INFO - Setting next_dagrun for bash_dag to 2024-09-25T00:00:00+00:00, run_after=2024-09-26T00:00:00+00:00
[2024-10-04 23:52:59,394] {processor.py:161} INFO - Processing /home/kennedy/KR/Programação/01.Exercícios/DE/Movies/MovieStats/airflow/dags/bash-dag.py took 0.958 seconds
[2024-10-04 23:53:44,342] {processor.py:153} INFO - Started process (PID=103704) to work on /home/kennedy/KR/Programação/01.Exercícios/DE/Movies/MovieStats/airflow/dags/bash-dag.py
[2024-10-04 23:53:44,504] {processor.py:641} INFO - Processing file /home/kennedy/KR/Programação/01.Exercícios/DE/Movies/MovieStats/airflow/dags/bash-dag.py for tasks to queue
[2024-10-04 23:53:44,505] {logging_mixin.py:115} INFO - [2024-10-04 23:53:44,505] {dagbag.py:507} INFO - Filling up the DagBag from /home/kennedy/KR/Programação/01.Exercícios/DE/Movies/MovieStats/airflow/dags/bash-dag.py
[2024-10-04 23:53:44,522] {processor.py:651} INFO - DAG(s) dict_keys(['bash_dag']) retrieved from /home/kennedy/KR/Programação/01.Exercícios/DE/Movies/MovieStats/airflow/dags/bash-dag.py
[2024-10-04 23:53:44,562] {logging_mixin.py:115} INFO - [2024-10-04 23:53:44,562] {dag.py:2379} INFO - Sync 1 DAGs
[2024-10-04 23:53:44,602] {logging_mixin.py:115} INFO - [2024-10-04 23:53:44,601] {dag.py:2927} INFO - Setting next_dagrun for bash_dag to 2024-09-25T00:00:00+00:00, run_after=2024-09-26T00:00:00+00:00
[2024-10-04 23:53:46,077] {processor.py:161} INFO - Processing /home/kennedy/KR/Programação/01.Exercícios/DE/Movies/MovieStats/airflow/dags/bash-dag.py took 1.742 seconds
[2024-10-04 23:54:41,074] {processor.py:153} INFO - Started process (PID=103888) to work on /home/kennedy/KR/Programação/01.Exercícios/DE/Movies/MovieStats/airflow/dags/bash-dag.py
[2024-10-04 23:54:41,077] {processor.py:641} INFO - Processing file /home/kennedy/KR/Programação/01.Exercícios/DE/Movies/MovieStats/airflow/dags/bash-dag.py for tasks to queue
[2024-10-04 23:54:41,078] {logging_mixin.py:115} INFO - [2024-10-04 23:54:41,078] {dagbag.py:507} INFO - Filling up the DagBag from /home/kennedy/KR/Programação/01.Exercícios/DE/Movies/MovieStats/airflow/dags/bash-dag.py
[2024-10-04 23:54:41,093] {processor.py:651} INFO - DAG(s) dict_keys(['bash_dag']) retrieved from /home/kennedy/KR/Programação/01.Exercícios/DE/Movies/MovieStats/airflow/dags/bash-dag.py
[2024-10-04 23:54:41,131] {logging_mixin.py:115} INFO - [2024-10-04 23:54:41,130] {dag.py:2379} INFO - Sync 1 DAGs
[2024-10-04 23:54:41,171] {logging_mixin.py:115} INFO - [2024-10-04 23:54:41,171] {dag.py:2927} INFO - Setting next_dagrun for bash_dag to 2024-09-25T00:00:00+00:00, run_after=2024-09-26T00:00:00+00:00
[2024-10-04 23:54:42,570] {processor.py:161} INFO - Processing /home/kennedy/KR/Programação/01.Exercícios/DE/Movies/MovieStats/airflow/dags/bash-dag.py took 1.504 seconds
[2024-10-04 23:55:34,059] {processor.py:153} INFO - Started process (PID=103970) to work on /home/kennedy/KR/Programação/01.Exercícios/DE/Movies/MovieStats/airflow/dags/bash-dag.py
[2024-10-04 23:55:34,071] {processor.py:641} INFO - Processing file /home/kennedy/KR/Programação/01.Exercícios/DE/Movies/MovieStats/airflow/dags/bash-dag.py for tasks to queue
[2024-10-04 23:55:34,072] {logging_mixin.py:115} INFO - [2024-10-04 23:55:34,072] {dagbag.py:507} INFO - Filling up the DagBag from /home/kennedy/KR/Programação/01.Exercícios/DE/Movies/MovieStats/airflow/dags/bash-dag.py
[2024-10-04 23:55:34,089] {processor.py:651} INFO - DAG(s) dict_keys(['bash_dag']) retrieved from /home/kennedy/KR/Programação/01.Exercícios/DE/Movies/MovieStats/airflow/dags/bash-dag.py
[2024-10-04 23:55:34,127] {logging_mixin.py:115} INFO - [2024-10-04 23:55:34,127] {dag.py:2379} INFO - Sync 1 DAGs
[2024-10-04 23:55:34,167] {logging_mixin.py:115} INFO - [2024-10-04 23:55:34,167] {dag.py:2927} INFO - Setting next_dagrun for bash_dag to 2024-09-25T00:00:00+00:00, run_after=2024-09-26T00:00:00+00:00
[2024-10-04 23:55:34,734] {processor.py:161} INFO - Processing /home/kennedy/KR/Programação/01.Exercícios/DE/Movies/MovieStats/airflow/dags/bash-dag.py took 0.683 seconds
[2024-10-04 23:56:35,920] {processor.py:153} INFO - Started process (PID=104924) to work on /home/kennedy/KR/Programação/01.Exercícios/DE/Movies/MovieStats/airflow/dags/bash-dag.py
[2024-10-04 23:56:36,020] {processor.py:641} INFO - Processing file /home/kennedy/KR/Programação/01.Exercícios/DE/Movies/MovieStats/airflow/dags/bash-dag.py for tasks to queue
[2024-10-04 23:56:36,021] {logging_mixin.py:115} INFO - [2024-10-04 23:56:36,020] {dagbag.py:507} INFO - Filling up the DagBag from /home/kennedy/KR/Programação/01.Exercícios/DE/Movies/MovieStats/airflow/dags/bash-dag.py
[2024-10-04 23:56:36,026] {processor.py:651} INFO - DAG(s) dict_keys(['bash_dag']) retrieved from /home/kennedy/KR/Programação/01.Exercícios/DE/Movies/MovieStats/airflow/dags/bash-dag.py
[2024-10-04 23:56:36,050] {logging_mixin.py:115} INFO - [2024-10-04 23:56:36,049] {dag.py:2379} INFO - Sync 1 DAGs
[2024-10-04 23:56:36,067] {logging_mixin.py:115} INFO - [2024-10-04 23:56:36,067] {dag.py:2927} INFO - Setting next_dagrun for bash_dag to 2024-09-25T00:00:00+00:00, run_after=2024-09-26T00:00:00+00:00
[2024-10-04 23:56:37,811] {processor.py:161} INFO - Processing /home/kennedy/KR/Programação/01.Exercícios/DE/Movies/MovieStats/airflow/dags/bash-dag.py took 1.893 seconds
[2024-10-04 23:57:42,567] {processor.py:153} INFO - Started process (PID=105199) to work on /home/kennedy/KR/Programação/01.Exercícios/DE/Movies/MovieStats/airflow/dags/bash-dag.py
[2024-10-04 23:57:42,707] {processor.py:641} INFO - Processing file /home/kennedy/KR/Programação/01.Exercícios/DE/Movies/MovieStats/airflow/dags/bash-dag.py for tasks to queue
[2024-10-04 23:57:42,708] {logging_mixin.py:115} INFO - [2024-10-04 23:57:42,708] {dagbag.py:507} INFO - Filling up the DagBag from /home/kennedy/KR/Programação/01.Exercícios/DE/Movies/MovieStats/airflow/dags/bash-dag.py
[2024-10-04 23:57:42,726] {processor.py:651} INFO - DAG(s) dict_keys(['bash_dag']) retrieved from /home/kennedy/KR/Programação/01.Exercícios/DE/Movies/MovieStats/airflow/dags/bash-dag.py
[2024-10-04 23:57:42,770] {logging_mixin.py:115} INFO - [2024-10-04 23:57:42,770] {dag.py:2379} INFO - Sync 1 DAGs
[2024-10-04 23:57:42,816] {logging_mixin.py:115} INFO - [2024-10-04 23:57:42,815] {dag.py:2927} INFO - Setting next_dagrun for bash_dag to 2024-09-25T00:00:00+00:00, run_after=2024-09-26T00:00:00+00:00
[2024-10-04 23:57:43,069] {processor.py:161} INFO - Processing /home/kennedy/KR/Programação/01.Exercícios/DE/Movies/MovieStats/airflow/dags/bash-dag.py took 0.510 seconds
[2024-10-04 23:58:38,666] {processor.py:153} INFO - Started process (PID=105298) to work on /home/kennedy/KR/Programação/01.Exercícios/DE/Movies/MovieStats/airflow/dags/bash-dag.py
[2024-10-04 23:58:39,231] {processor.py:641} INFO - Processing file /home/kennedy/KR/Programação/01.Exercícios/DE/Movies/MovieStats/airflow/dags/bash-dag.py for tasks to queue
[2024-10-04 23:58:39,232] {logging_mixin.py:115} INFO - [2024-10-04 23:58:39,232] {dagbag.py:507} INFO - Filling up the DagBag from /home/kennedy/KR/Programação/01.Exercícios/DE/Movies/MovieStats/airflow/dags/bash-dag.py
[2024-10-04 23:58:39,251] {processor.py:651} INFO - DAG(s) dict_keys(['bash_dag']) retrieved from /home/kennedy/KR/Programação/01.Exercícios/DE/Movies/MovieStats/airflow/dags/bash-dag.py
[2024-10-04 23:58:39,292] {logging_mixin.py:115} INFO - [2024-10-04 23:58:39,292] {dag.py:2379} INFO - Sync 1 DAGs
[2024-10-04 23:58:39,333] {logging_mixin.py:115} INFO - [2024-10-04 23:58:39,333] {dag.py:2927} INFO - Setting next_dagrun for bash_dag to 2024-09-25T00:00:00+00:00, run_after=2024-09-26T00:00:00+00:00
[2024-10-04 23:58:41,265] {processor.py:161} INFO - Processing /home/kennedy/KR/Programação/01.Exercícios/DE/Movies/MovieStats/airflow/dags/bash-dag.py took 2.605 seconds
[2024-10-04 23:59:36,717] {processor.py:153} INFO - Started process (PID=105444) to work on /home/kennedy/KR/Programação/01.Exercícios/DE/Movies/MovieStats/airflow/dags/bash-dag.py
[2024-10-04 23:59:37,354] {processor.py:641} INFO - Processing file /home/kennedy/KR/Programação/01.Exercícios/DE/Movies/MovieStats/airflow/dags/bash-dag.py for tasks to queue
[2024-10-04 23:59:37,355] {logging_mixin.py:115} INFO - [2024-10-04 23:59:37,355] {dagbag.py:507} INFO - Filling up the DagBag from /home/kennedy/KR/Programação/01.Exercícios/DE/Movies/MovieStats/airflow/dags/bash-dag.py
[2024-10-04 23:59:37,371] {processor.py:651} INFO - DAG(s) dict_keys(['bash_dag']) retrieved from /home/kennedy/KR/Programação/01.Exercícios/DE/Movies/MovieStats/airflow/dags/bash-dag.py
[2024-10-04 23:59:37,407] {logging_mixin.py:115} INFO - [2024-10-04 23:59:37,407] {dag.py:2379} INFO - Sync 1 DAGs
[2024-10-04 23:59:37,449] {logging_mixin.py:115} INFO - [2024-10-04 23:59:37,448] {dag.py:2927} INFO - Setting next_dagrun for bash_dag to 2024-09-25T00:00:00+00:00, run_after=2024-09-26T00:00:00+00:00
[2024-10-04 23:59:37,905] {processor.py:161} INFO - Processing /home/kennedy/KR/Programação/01.Exercícios/DE/Movies/MovieStats/airflow/dags/bash-dag.py took 1.194 seconds
[2024-10-05 00:00:33,325] {processor.py:153} INFO - Started process (PID=105612) to work on /home/kennedy/KR/Programação/01.Exercícios/DE/Movies/MovieStats/airflow/dags/bash-dag.py
[2024-10-05 00:00:33,372] {processor.py:641} INFO - Processing file /home/kennedy/KR/Programação/01.Exercícios/DE/Movies/MovieStats/airflow/dags/bash-dag.py for tasks to queue
[2024-10-05 00:00:33,374] {logging_mixin.py:115} INFO - [2024-10-05 00:00:33,373] {dagbag.py:507} INFO - Filling up the DagBag from /home/kennedy/KR/Programação/01.Exercícios/DE/Movies/MovieStats/airflow/dags/bash-dag.py
[2024-10-05 00:00:33,389] {processor.py:651} INFO - DAG(s) dict_keys(['bash_dag']) retrieved from /home/kennedy/KR/Programação/01.Exercícios/DE/Movies/MovieStats/airflow/dags/bash-dag.py
[2024-10-05 00:00:33,428] {logging_mixin.py:115} INFO - [2024-10-05 00:00:33,427] {dag.py:2379} INFO - Sync 1 DAGs
[2024-10-05 00:00:33,468] {logging_mixin.py:115} INFO - [2024-10-05 00:00:33,468] {dag.py:2927} INFO - Setting next_dagrun for bash_dag to 2024-09-25T00:00:00+00:00, run_after=2024-09-26T00:00:00+00:00
[2024-10-05 00:00:33,749] {processor.py:161} INFO - Processing /home/kennedy/KR/Programação/01.Exercícios/DE/Movies/MovieStats/airflow/dags/bash-dag.py took 0.430 seconds
[2024-10-05 00:01:18,573] {processor.py:153} INFO - Started process (PID=105709) to work on /home/kennedy/KR/Programação/01.Exercícios/DE/Movies/MovieStats/airflow/dags/bash-dag.py
[2024-10-05 00:01:18,582] {processor.py:641} INFO - Processing file /home/kennedy/KR/Programação/01.Exercícios/DE/Movies/MovieStats/airflow/dags/bash-dag.py for tasks to queue
[2024-10-05 00:01:18,583] {logging_mixin.py:115} INFO - [2024-10-05 00:01:18,583] {dagbag.py:507} INFO - Filling up the DagBag from /home/kennedy/KR/Programação/01.Exercícios/DE/Movies/MovieStats/airflow/dags/bash-dag.py
[2024-10-05 00:01:18,600] {processor.py:651} INFO - DAG(s) dict_keys(['bash_dag']) retrieved from /home/kennedy/KR/Programação/01.Exercícios/DE/Movies/MovieStats/airflow/dags/bash-dag.py
[2024-10-05 00:01:18,637] {logging_mixin.py:115} INFO - [2024-10-05 00:01:18,637] {dag.py:2379} INFO - Sync 1 DAGs
[2024-10-05 00:01:18,676] {logging_mixin.py:115} INFO - [2024-10-05 00:01:18,675] {dag.py:2927} INFO - Setting next_dagrun for bash_dag to 2024-09-25T00:00:00+00:00, run_after=2024-09-26T00:00:00+00:00
[2024-10-05 00:01:20,301] {processor.py:161} INFO - Processing /home/kennedy/KR/Programação/01.Exercícios/DE/Movies/MovieStats/airflow/dags/bash-dag.py took 1.735 seconds
[2024-10-05 00:01:57,833] {processor.py:153} INFO - Started process (PID=105910) to work on /home/kennedy/KR/Programação/01.Exercícios/DE/Movies/MovieStats/airflow/dags/bash-dag.py
[2024-10-05 00:01:57,974] {processor.py:641} INFO - Processing file /home/kennedy/KR/Programação/01.Exercícios/DE/Movies/MovieStats/airflow/dags/bash-dag.py for tasks to queue
[2024-10-05 00:01:57,975] {logging_mixin.py:115} INFO - [2024-10-05 00:01:57,975] {dagbag.py:507} INFO - Filling up the DagBag from /home/kennedy/KR/Programação/01.Exercícios/DE/Movies/MovieStats/airflow/dags/bash-dag.py
[2024-10-05 00:01:57,992] {processor.py:651} INFO - DAG(s) dict_keys(['bash_dag']) retrieved from /home/kennedy/KR/Programação/01.Exercícios/DE/Movies/MovieStats/airflow/dags/bash-dag.py
[2024-10-05 00:01:58,033] {logging_mixin.py:115} INFO - [2024-10-05 00:01:58,032] {dag.py:2379} INFO - Sync 1 DAGs
[2024-10-05 00:01:58,080] {logging_mixin.py:115} INFO - [2024-10-05 00:01:58,080] {dag.py:2927} INFO - Setting next_dagrun for bash_dag to 2024-09-25T00:00:00+00:00, run_after=2024-09-26T00:00:00+00:00
[2024-10-05 00:01:58,889] {processor.py:161} INFO - Processing /home/kennedy/KR/Programação/01.Exercícios/DE/Movies/MovieStats/airflow/dags/bash-dag.py took 1.062 seconds
