[2024-10-09 10:33:12,688] {taskinstance.py:1159} INFO - Dependencies all met for <TaskInstance: get_crypto_dag.ETH scheduled__2024-09-20T00:00:00+00:00 [queued]>
[2024-10-09 10:33:12,694] {taskinstance.py:1159} INFO - Dependencies all met for <TaskInstance: get_crypto_dag.ETH scheduled__2024-09-20T00:00:00+00:00 [queued]>
[2024-10-09 10:33:12,694] {taskinstance.py:1356} INFO - 
--------------------------------------------------------------------------------
[2024-10-09 10:33:12,695] {taskinstance.py:1357} INFO - Starting attempt 1 of 1
[2024-10-09 10:33:12,695] {taskinstance.py:1358} INFO - 
--------------------------------------------------------------------------------
[2024-10-09 10:33:12,720] {taskinstance.py:1377} INFO - Executing <Task(_PythonDecoratedOperator): ETH> on 2024-09-20 00:00:00+00:00
[2024-10-09 10:33:12,725] {standard_task_runner.py:52} INFO - Started process 57284 to run task
[2024-10-09 10:33:12,728] {standard_task_runner.py:79} INFO - Running: ['airflow', 'tasks', 'run', 'get_crypto_dag', 'ETH', 'scheduled__2024-09-20T00:00:00+00:00', '--job-id', '381', '--raw', '--subdir', 'DAGS_FOLDER/get_crypto.py', '--cfg-path', '/tmp/tmp5mj8fj9n', '--error-file', '/tmp/tmp7i8_6bx3']
[2024-10-09 10:33:12,729] {standard_task_runner.py:80} INFO - Job 381: Subtask ETH
[2024-10-09 10:33:13,011] {task_command.py:370} INFO - Running <TaskInstance: get_crypto_dag.ETH scheduled__2024-09-20T00:00:00+00:00 [running]> on host ken
[2024-10-09 10:33:14,444] {taskinstance.py:1569} INFO - Exporting the following env vars:
AIRFLOW_CTX_DAG_OWNER=airflow
AIRFLOW_CTX_DAG_ID=get_crypto_dag
AIRFLOW_CTX_TASK_ID=ETH
AIRFLOW_CTX_EXECUTION_DATE=2024-09-20T00:00:00+00:00
AIRFLOW_CTX_TRY_NUMBER=1
AIRFLOW_CTX_DAG_RUN_ID=scheduled__2024-09-20T00:00:00+00:00
[2024-10-09 10:33:24,966] {python.py:173} INFO - Done. Returned value was: None
[2024-10-09 10:33:25,012] {taskinstance.py:1395} INFO - Marking task as SUCCESS. dag_id=get_crypto_dag, task_id=ETH, execution_date=20240920T000000, start_date=20241009T133312, end_date=20241009T133325
[2024-10-09 10:33:25,460] {local_task_job.py:156} INFO - Task exited with return code 0
[2024-10-09 10:33:25,773] {local_task_job.py:273} INFO - 0 downstream tasks scheduled from follow-on schedule check
