[2024-10-08 17:18:45,849] {taskinstance.py:1159} INFO - Dependencies all met for <TaskInstance: get_stocks_dag.AAPL scheduled__2024-09-25T00:00:00+00:00 [queued]>
[2024-10-08 17:18:45,855] {taskinstance.py:1159} INFO - Dependencies all met for <TaskInstance: get_stocks_dag.AAPL scheduled__2024-09-25T00:00:00+00:00 [queued]>
[2024-10-08 17:18:45,855] {taskinstance.py:1356} INFO - 
--------------------------------------------------------------------------------
[2024-10-08 17:18:45,855] {taskinstance.py:1357} INFO - Starting attempt 1 of 1
[2024-10-08 17:18:45,855] {taskinstance.py:1358} INFO - 
--------------------------------------------------------------------------------
[2024-10-08 17:18:45,946] {taskinstance.py:1377} INFO - Executing <Task(_PythonDecoratedOperator): AAPL> on 2024-09-25 00:00:00+00:00
[2024-10-08 17:18:45,956] {standard_task_runner.py:52} INFO - Started process 37145 to run task
[2024-10-08 17:18:45,966] {standard_task_runner.py:79} INFO - Running: ['airflow', 'tasks', 'run', 'get_stocks_dag', 'AAPL', 'scheduled__2024-09-25T00:00:00+00:00', '--job-id', '162', '--raw', '--subdir', 'DAGS_FOLDER/get_stocks.py', '--cfg-path', '/tmp/tmpbsg6tk4h', '--error-file', '/tmp/tmprh8y92jr']
[2024-10-08 17:18:45,967] {standard_task_runner.py:80} INFO - Job 162: Subtask AAPL
[2024-10-08 17:18:46,119] {task_command.py:370} INFO - Running <TaskInstance: get_stocks_dag.AAPL scheduled__2024-09-25T00:00:00+00:00 [running]> on host ken
[2024-10-08 17:18:48,534] {taskinstance.py:1569} INFO - Exporting the following env vars:
AIRFLOW_CTX_DAG_OWNER=airflow
AIRFLOW_CTX_DAG_ID=get_stocks_dag
AIRFLOW_CTX_TASK_ID=AAPL
AIRFLOW_CTX_EXECUTION_DATE=2024-09-25T00:00:00+00:00
AIRFLOW_CTX_TRY_NUMBER=1
AIRFLOW_CTX_DAG_RUN_ID=scheduled__2024-09-25T00:00:00+00:00
[2024-10-08 17:18:49,266] {python.py:173} INFO - Done. Returned value was: None
[2024-10-08 17:18:49,272] {taskinstance.py:1395} INFO - Marking task as SUCCESS. dag_id=get_stocks_dag, task_id=AAPL, execution_date=20240925T000000, start_date=20241008T201845, end_date=20241008T201849
[2024-10-08 17:18:49,434] {local_task_job.py:156} INFO - Task exited with return code 0
[2024-10-08 17:18:49,467] {local_task_job.py:273} INFO - 0 downstream tasks scheduled from follow-on schedule check
[2024-10-08 23:21:36,710] {taskinstance.py:1159} INFO - Dependencies all met for <TaskInstance: get_stocks_dag.AAPL scheduled__2024-09-25T00:00:00+00:00 [queued]>
[2024-10-08 23:21:36,796] {taskinstance.py:1159} INFO - Dependencies all met for <TaskInstance: get_stocks_dag.AAPL scheduled__2024-09-25T00:00:00+00:00 [queued]>
[2024-10-08 23:21:36,799] {taskinstance.py:1356} INFO - 
--------------------------------------------------------------------------------
[2024-10-08 23:21:36,800] {taskinstance.py:1357} INFO - Starting attempt 1 of 1
[2024-10-08 23:21:36,800] {taskinstance.py:1358} INFO - 
--------------------------------------------------------------------------------
[2024-10-08 23:21:36,890] {taskinstance.py:1377} INFO - Executing <Task(_PythonDecoratedOperator): AAPL> on 2024-09-25 00:00:00+00:00
[2024-10-08 23:21:36,938] {standard_task_runner.py:52} INFO - Started process 21638 to run task
[2024-10-08 23:21:36,969] {standard_task_runner.py:79} INFO - Running: ['airflow', 'tasks', 'run', 'get_stocks_dag', 'AAPL', 'scheduled__2024-09-25T00:00:00+00:00', '--job-id', '22', '--raw', '--subdir', 'DAGS_FOLDER/get_stocks.py', '--cfg-path', '/tmp/tmprlyj05li', '--error-file', '/tmp/tmp29ilxn4o']
[2024-10-08 23:21:36,981] {standard_task_runner.py:80} INFO - Job 22: Subtask AAPL
[2024-10-08 23:21:37,742] {task_command.py:370} INFO - Running <TaskInstance: get_stocks_dag.AAPL scheduled__2024-09-25T00:00:00+00:00 [running]> on host ken
[2024-10-08 23:21:38,181] {taskinstance.py:1569} INFO - Exporting the following env vars:
AIRFLOW_CTX_DAG_OWNER=airflow
AIRFLOW_CTX_DAG_ID=get_stocks_dag
AIRFLOW_CTX_TASK_ID=AAPL
AIRFLOW_CTX_EXECUTION_DATE=2024-09-25T00:00:00+00:00
AIRFLOW_CTX_TRY_NUMBER=1
AIRFLOW_CTX_DAG_RUN_ID=scheduled__2024-09-25T00:00:00+00:00
[2024-10-08 23:21:40,292] {python.py:173} INFO - Done. Returned value was: None
[2024-10-08 23:21:40,436] {taskinstance.py:1395} INFO - Marking task as SUCCESS. dag_id=get_stocks_dag, task_id=AAPL, execution_date=20240925T000000, start_date=20241009T022136, end_date=20241009T022140
[2024-10-08 23:21:40,612] {local_task_job.py:156} INFO - Task exited with return code 0
[2024-10-08 23:21:41,067] {local_task_job.py:273} INFO - 0 downstream tasks scheduled from follow-on schedule check
[2024-10-09 01:00:23,624] {taskinstance.py:1159} INFO - Dependencies all met for <TaskInstance: get_stocks_dag.AAPL scheduled__2024-09-25T00:00:00+00:00 [queued]>
[2024-10-09 01:00:23,647] {taskinstance.py:1159} INFO - Dependencies all met for <TaskInstance: get_stocks_dag.AAPL scheduled__2024-09-25T00:00:00+00:00 [queued]>
[2024-10-09 01:00:23,647] {taskinstance.py:1356} INFO - 
--------------------------------------------------------------------------------
[2024-10-09 01:00:23,647] {taskinstance.py:1357} INFO - Starting attempt 1 of 1
[2024-10-09 01:00:23,647] {taskinstance.py:1358} INFO - 
--------------------------------------------------------------------------------
[2024-10-09 01:00:23,686] {taskinstance.py:1377} INFO - Executing <Task(_PythonDecoratedOperator): AAPL> on 2024-09-25 00:00:00+00:00
[2024-10-09 01:00:23,691] {standard_task_runner.py:52} INFO - Started process 40011 to run task
[2024-10-09 01:00:23,694] {standard_task_runner.py:79} INFO - Running: ['airflow', 'tasks', 'run', 'get_stocks_dag', 'AAPL', 'scheduled__2024-09-25T00:00:00+00:00', '--job-id', '93', '--raw', '--subdir', 'DAGS_FOLDER/get_stocks.py', '--cfg-path', '/tmp/tmp0hlgnp2_', '--error-file', '/tmp/tmpwerl8juz']
[2024-10-09 01:00:23,695] {standard_task_runner.py:80} INFO - Job 93: Subtask AAPL
[2024-10-09 01:00:23,832] {task_command.py:370} INFO - Running <TaskInstance: get_stocks_dag.AAPL scheduled__2024-09-25T00:00:00+00:00 [running]> on host ken
[2024-10-09 01:00:23,966] {taskinstance.py:1569} INFO - Exporting the following env vars:
AIRFLOW_CTX_DAG_OWNER=airflow
AIRFLOW_CTX_DAG_ID=get_stocks_dag
AIRFLOW_CTX_TASK_ID=AAPL
AIRFLOW_CTX_EXECUTION_DATE=2024-09-25T00:00:00+00:00
AIRFLOW_CTX_TRY_NUMBER=1
AIRFLOW_CTX_DAG_RUN_ID=scheduled__2024-09-25T00:00:00+00:00
[2024-10-09 01:00:24,722] {python.py:173} INFO - Done. Returned value was: None
[2024-10-09 01:00:24,743] {taskinstance.py:1395} INFO - Marking task as SUCCESS. dag_id=get_stocks_dag, task_id=AAPL, execution_date=20240925T000000, start_date=20241009T040023, end_date=20241009T040024
[2024-10-09 01:00:24,788] {local_task_job.py:156} INFO - Task exited with return code 0
[2024-10-09 01:00:24,858] {local_task_job.py:273} INFO - 0 downstream tasks scheduled from follow-on schedule check
[2024-10-09 09:34:05,720] {taskinstance.py:1159} INFO - Dependencies all met for <TaskInstance: get_stocks_dag.AAPL scheduled__2024-09-25T00:00:00+00:00 [queued]>
[2024-10-09 09:34:05,763] {taskinstance.py:1159} INFO - Dependencies all met for <TaskInstance: get_stocks_dag.AAPL scheduled__2024-09-25T00:00:00+00:00 [queued]>
[2024-10-09 09:34:05,763] {taskinstance.py:1356} INFO - 
--------------------------------------------------------------------------------
[2024-10-09 09:34:05,763] {taskinstance.py:1357} INFO - Starting attempt 1 of 1
[2024-10-09 09:34:05,763] {taskinstance.py:1358} INFO - 
--------------------------------------------------------------------------------
[2024-10-09 09:34:05,842] {taskinstance.py:1377} INFO - Executing <Task(_PythonDecoratedOperator): AAPL> on 2024-09-25 00:00:00+00:00
[2024-10-09 09:34:05,853] {standard_task_runner.py:52} INFO - Started process 14636 to run task
[2024-10-09 09:34:05,856] {standard_task_runner.py:79} INFO - Running: ['airflow', 'tasks', 'run', 'get_stocks_dag', 'AAPL', 'scheduled__2024-09-25T00:00:00+00:00', '--job-id', '158', '--raw', '--subdir', 'DAGS_FOLDER/get_stocks.py', '--cfg-path', '/tmp/tmp9sjglnec', '--error-file', '/tmp/tmpmmx4f33g']
[2024-10-09 09:34:05,858] {standard_task_runner.py:80} INFO - Job 158: Subtask AAPL
[2024-10-09 09:34:06,142] {task_command.py:370} INFO - Running <TaskInstance: get_stocks_dag.AAPL scheduled__2024-09-25T00:00:00+00:00 [running]> on host ken
[2024-10-09 09:34:06,286] {taskinstance.py:1569} INFO - Exporting the following env vars:
AIRFLOW_CTX_DAG_OWNER=airflow
AIRFLOW_CTX_DAG_ID=get_stocks_dag
AIRFLOW_CTX_TASK_ID=AAPL
AIRFLOW_CTX_EXECUTION_DATE=2024-09-25T00:00:00+00:00
AIRFLOW_CTX_TRY_NUMBER=1
AIRFLOW_CTX_DAG_RUN_ID=scheduled__2024-09-25T00:00:00+00:00
[2024-10-09 09:34:06,656] {python.py:173} INFO - Done. Returned value was: None
[2024-10-09 09:34:06,679] {taskinstance.py:1395} INFO - Marking task as SUCCESS. dag_id=get_stocks_dag, task_id=AAPL, execution_date=20240925T000000, start_date=20241009T123405, end_date=20241009T123406
[2024-10-09 09:34:07,075] {local_task_job.py:156} INFO - Task exited with return code 0
[2024-10-09 09:34:07,687] {local_task_job.py:273} INFO - 0 downstream tasks scheduled from follow-on schedule check
[2024-10-09 09:43:27,068] {taskinstance.py:1159} INFO - Dependencies all met for <TaskInstance: get_stocks_dag.AAPL scheduled__2024-09-25T00:00:00+00:00 [queued]>
[2024-10-09 09:43:27,229] {taskinstance.py:1159} INFO - Dependencies all met for <TaskInstance: get_stocks_dag.AAPL scheduled__2024-09-25T00:00:00+00:00 [queued]>
[2024-10-09 09:43:27,229] {taskinstance.py:1356} INFO - 
--------------------------------------------------------------------------------
[2024-10-09 09:43:27,229] {taskinstance.py:1357} INFO - Starting attempt 1 of 1
[2024-10-09 09:43:27,229] {taskinstance.py:1358} INFO - 
--------------------------------------------------------------------------------
[2024-10-09 09:43:27,775] {taskinstance.py:1377} INFO - Executing <Task(_PythonDecoratedOperator): AAPL> on 2024-09-25 00:00:00+00:00
[2024-10-09 09:43:27,787] {standard_task_runner.py:52} INFO - Started process 22190 to run task
[2024-10-09 09:43:27,794] {standard_task_runner.py:79} INFO - Running: ['airflow', 'tasks', 'run', 'get_stocks_dag', 'AAPL', 'scheduled__2024-09-25T00:00:00+00:00', '--job-id', '221', '--raw', '--subdir', 'DAGS_FOLDER/get_stocks.py', '--cfg-path', '/tmp/tmpyo95kzu5', '--error-file', '/tmp/tmp1tka9ihr']
[2024-10-09 09:43:27,796] {standard_task_runner.py:80} INFO - Job 221: Subtask AAPL
[2024-10-09 09:43:28,358] {task_command.py:370} INFO - Running <TaskInstance: get_stocks_dag.AAPL scheduled__2024-09-25T00:00:00+00:00 [running]> on host ken
[2024-10-09 09:43:28,664] {taskinstance.py:1569} INFO - Exporting the following env vars:
AIRFLOW_CTX_DAG_OWNER=airflow
AIRFLOW_CTX_DAG_ID=get_stocks_dag
AIRFLOW_CTX_TASK_ID=AAPL
AIRFLOW_CTX_EXECUTION_DATE=2024-09-25T00:00:00+00:00
AIRFLOW_CTX_TRY_NUMBER=1
AIRFLOW_CTX_DAG_RUN_ID=scheduled__2024-09-25T00:00:00+00:00
[2024-10-09 09:43:30,935] {python.py:173} INFO - Done. Returned value was: None
[2024-10-09 09:43:30,981] {taskinstance.py:1395} INFO - Marking task as SUCCESS. dag_id=get_stocks_dag, task_id=AAPL, execution_date=20240925T000000, start_date=20241009T124327, end_date=20241009T124330
[2024-10-09 09:43:31,381] {local_task_job.py:156} INFO - Task exited with return code 0
[2024-10-09 09:43:31,657] {local_task_job.py:273} INFO - 0 downstream tasks scheduled from follow-on schedule check
[2024-10-09 09:47:33,392] {taskinstance.py:1159} INFO - Dependencies all met for <TaskInstance: get_stocks_dag.AAPL scheduled__2024-09-25T00:00:00+00:00 [queued]>
[2024-10-09 09:47:33,424] {taskinstance.py:1159} INFO - Dependencies all met for <TaskInstance: get_stocks_dag.AAPL scheduled__2024-09-25T00:00:00+00:00 [queued]>
[2024-10-09 09:47:33,424] {taskinstance.py:1356} INFO - 
--------------------------------------------------------------------------------
[2024-10-09 09:47:33,424] {taskinstance.py:1357} INFO - Starting attempt 1 of 1
[2024-10-09 09:47:33,425] {taskinstance.py:1358} INFO - 
--------------------------------------------------------------------------------
[2024-10-09 09:47:33,715] {taskinstance.py:1377} INFO - Executing <Task(_PythonDecoratedOperator): AAPL> on 2024-09-25 00:00:00+00:00
[2024-10-09 09:47:33,730] {standard_task_runner.py:52} INFO - Started process 28498 to run task
[2024-10-09 09:47:33,738] {standard_task_runner.py:79} INFO - Running: ['airflow', 'tasks', 'run', 'get_stocks_dag', 'AAPL', 'scheduled__2024-09-25T00:00:00+00:00', '--job-id', '285', '--raw', '--subdir', 'DAGS_FOLDER/get_stocks.py', '--cfg-path', '/tmp/tmp8tsa2_uo', '--error-file', '/tmp/tmpy3__xuyj']
[2024-10-09 09:47:33,741] {standard_task_runner.py:80} INFO - Job 285: Subtask AAPL
[2024-10-09 09:47:35,080] {task_command.py:370} INFO - Running <TaskInstance: get_stocks_dag.AAPL scheduled__2024-09-25T00:00:00+00:00 [running]> on host ken
[2024-10-09 09:47:36,240] {taskinstance.py:1569} INFO - Exporting the following env vars:
AIRFLOW_CTX_DAG_OWNER=airflow
AIRFLOW_CTX_DAG_ID=get_stocks_dag
AIRFLOW_CTX_TASK_ID=AAPL
AIRFLOW_CTX_EXECUTION_DATE=2024-09-25T00:00:00+00:00
AIRFLOW_CTX_TRY_NUMBER=1
AIRFLOW_CTX_DAG_RUN_ID=scheduled__2024-09-25T00:00:00+00:00
[2024-10-09 09:47:36,686] {python.py:173} INFO - Done. Returned value was: None
[2024-10-09 09:47:36,714] {taskinstance.py:1395} INFO - Marking task as SUCCESS. dag_id=get_stocks_dag, task_id=AAPL, execution_date=20240925T000000, start_date=20241009T124733, end_date=20241009T124736
[2024-10-09 09:47:36,811] {local_task_job.py:156} INFO - Task exited with return code 0
[2024-10-09 09:47:36,949] {local_task_job.py:273} INFO - 0 downstream tasks scheduled from follow-on schedule check
[2024-10-09 10:36:54,695] {taskinstance.py:1159} INFO - Dependencies all met for <TaskInstance: get_stocks_dag.AAPL scheduled__2024-09-25T00:00:00+00:00 [queued]>
[2024-10-09 10:36:54,704] {taskinstance.py:1159} INFO - Dependencies all met for <TaskInstance: get_stocks_dag.AAPL scheduled__2024-09-25T00:00:00+00:00 [queued]>
[2024-10-09 10:36:54,704] {taskinstance.py:1356} INFO - 
--------------------------------------------------------------------------------
[2024-10-09 10:36:54,704] {taskinstance.py:1357} INFO - Starting attempt 1 of 1
[2024-10-09 10:36:54,704] {taskinstance.py:1358} INFO - 
--------------------------------------------------------------------------------
[2024-10-09 10:36:54,725] {taskinstance.py:1377} INFO - Executing <Task(_PythonDecoratedOperator): AAPL> on 2024-09-25 00:00:00+00:00
[2024-10-09 10:36:54,731] {standard_task_runner.py:52} INFO - Started process 62476 to run task
[2024-10-09 10:36:54,733] {standard_task_runner.py:79} INFO - Running: ['airflow', 'tasks', 'run', 'get_stocks_dag', 'AAPL', 'scheduled__2024-09-25T00:00:00+00:00', '--job-id', '412', '--raw', '--subdir', 'DAGS_FOLDER/get_stocks.py', '--cfg-path', '/tmp/tmpjackt__l', '--error-file', '/tmp/tmpr0xafctf']
[2024-10-09 10:36:54,734] {standard_task_runner.py:80} INFO - Job 412: Subtask AAPL
[2024-10-09 10:36:55,001] {task_command.py:370} INFO - Running <TaskInstance: get_stocks_dag.AAPL scheduled__2024-09-25T00:00:00+00:00 [running]> on host ken
[2024-10-09 10:36:55,110] {taskinstance.py:1569} INFO - Exporting the following env vars:
AIRFLOW_CTX_DAG_OWNER=airflow
AIRFLOW_CTX_DAG_ID=get_stocks_dag
AIRFLOW_CTX_TASK_ID=AAPL
AIRFLOW_CTX_EXECUTION_DATE=2024-09-25T00:00:00+00:00
AIRFLOW_CTX_TRY_NUMBER=1
AIRFLOW_CTX_DAG_RUN_ID=scheduled__2024-09-25T00:00:00+00:00
[2024-10-09 10:37:05,716] {python.py:173} INFO - Done. Returned value was: None
[2024-10-09 10:37:05,745] {taskinstance.py:1395} INFO - Marking task as SUCCESS. dag_id=get_stocks_dag, task_id=AAPL, execution_date=20240925T000000, start_date=20241009T133654, end_date=20241009T133705
[2024-10-09 10:37:05,965] {local_task_job.py:156} INFO - Task exited with return code 0
[2024-10-09 10:37:06,280] {local_task_job.py:273} INFO - 0 downstream tasks scheduled from follow-on schedule check
