[2024-10-08 23:21:57,735] {taskinstance.py:1159} INFO - Dependencies all met for <TaskInstance: get_stocks_dag.TSLA scheduled__2024-10-03T00:00:00+00:00 [queued]>
[2024-10-08 23:21:57,791] {taskinstance.py:1159} INFO - Dependencies all met for <TaskInstance: get_stocks_dag.TSLA scheduled__2024-10-03T00:00:00+00:00 [queued]>
[2024-10-08 23:21:57,791] {taskinstance.py:1356} INFO - 
--------------------------------------------------------------------------------
[2024-10-08 23:21:57,791] {taskinstance.py:1357} INFO - Starting attempt 1 of 1
[2024-10-08 23:21:57,791] {taskinstance.py:1358} INFO - 
--------------------------------------------------------------------------------
[2024-10-08 23:21:57,887] {taskinstance.py:1377} INFO - Executing <Task(_PythonDecoratedOperator): TSLA> on 2024-10-03 00:00:00+00:00
[2024-10-08 23:21:57,918] {standard_task_runner.py:52} INFO - Started process 23175 to run task
[2024-10-08 23:21:57,952] {standard_task_runner.py:79} INFO - Running: ['airflow', 'tasks', 'run', 'get_stocks_dag', 'TSLA', 'scheduled__2024-10-03T00:00:00+00:00', '--job-id', '54', '--raw', '--subdir', 'DAGS_FOLDER/get_stocks.py', '--cfg-path', '/tmp/tmpta3kb0y7', '--error-file', '/tmp/tmppd_exl0f']
[2024-10-08 23:21:57,955] {standard_task_runner.py:80} INFO - Job 54: Subtask TSLA
[2024-10-08 23:21:58,441] {task_command.py:370} INFO - Running <TaskInstance: get_stocks_dag.TSLA scheduled__2024-10-03T00:00:00+00:00 [running]> on host ken
[2024-10-08 23:21:58,752] {taskinstance.py:1569} INFO - Exporting the following env vars:
AIRFLOW_CTX_DAG_OWNER=airflow
AIRFLOW_CTX_DAG_ID=get_stocks_dag
AIRFLOW_CTX_TASK_ID=TSLA
AIRFLOW_CTX_EXECUTION_DATE=2024-10-03T00:00:00+00:00
AIRFLOW_CTX_TRY_NUMBER=1
AIRFLOW_CTX_DAG_RUN_ID=scheduled__2024-10-03T00:00:00+00:00
[2024-10-08 23:22:00,380] {python.py:173} INFO - Done. Returned value was: None
[2024-10-08 23:22:00,534] {taskinstance.py:1395} INFO - Marking task as SUCCESS. dag_id=get_stocks_dag, task_id=TSLA, execution_date=20241003T000000, start_date=20241009T022157, end_date=20241009T022200
[2024-10-08 23:22:00,681] {local_task_job.py:156} INFO - Task exited with return code 0
[2024-10-08 23:22:00,976] {local_task_job.py:273} INFO - 0 downstream tasks scheduled from follow-on schedule check
[2024-10-09 01:01:57,405] {taskinstance.py:1159} INFO - Dependencies all met for <TaskInstance: get_stocks_dag.TSLA scheduled__2024-10-03T00:00:00+00:00 [queued]>
[2024-10-09 01:01:57,412] {taskinstance.py:1159} INFO - Dependencies all met for <TaskInstance: get_stocks_dag.TSLA scheduled__2024-10-03T00:00:00+00:00 [queued]>
[2024-10-09 01:01:57,413] {taskinstance.py:1356} INFO - 
--------------------------------------------------------------------------------
[2024-10-09 01:01:57,413] {taskinstance.py:1357} INFO - Starting attempt 1 of 1
[2024-10-09 01:01:57,413] {taskinstance.py:1358} INFO - 
--------------------------------------------------------------------------------
[2024-10-09 01:01:57,436] {taskinstance.py:1377} INFO - Executing <Task(_PythonDecoratedOperator): TSLA> on 2024-10-03 00:00:00+00:00
[2024-10-09 01:01:57,441] {standard_task_runner.py:52} INFO - Started process 44200 to run task
[2024-10-09 01:01:57,444] {standard_task_runner.py:79} INFO - Running: ['airflow', 'tasks', 'run', 'get_stocks_dag', 'TSLA', 'scheduled__2024-10-03T00:00:00+00:00', '--job-id', '120', '--raw', '--subdir', 'DAGS_FOLDER/get_stocks.py', '--cfg-path', '/tmp/tmpjf0tv3mm', '--error-file', '/tmp/tmpsm7ap31z']
[2024-10-09 01:01:57,445] {standard_task_runner.py:80} INFO - Job 120: Subtask TSLA
[2024-10-09 01:01:57,523] {task_command.py:370} INFO - Running <TaskInstance: get_stocks_dag.TSLA scheduled__2024-10-03T00:00:00+00:00 [running]> on host ken
[2024-10-09 01:01:57,648] {taskinstance.py:1569} INFO - Exporting the following env vars:
AIRFLOW_CTX_DAG_OWNER=airflow
AIRFLOW_CTX_DAG_ID=get_stocks_dag
AIRFLOW_CTX_TASK_ID=TSLA
AIRFLOW_CTX_EXECUTION_DATE=2024-10-03T00:00:00+00:00
AIRFLOW_CTX_TRY_NUMBER=1
AIRFLOW_CTX_DAG_RUN_ID=scheduled__2024-10-03T00:00:00+00:00
[2024-10-09 01:02:07,917] {history.py:244} ERROR - $TSLA: possibly delisted; no price data found  (1h 2024-10-02 -> 2024-10-03)
[2024-10-09 01:02:07,922] {python.py:173} INFO - Done. Returned value was: None
[2024-10-09 01:02:07,945] {taskinstance.py:1395} INFO - Marking task as SUCCESS. dag_id=get_stocks_dag, task_id=TSLA, execution_date=20241003T000000, start_date=20241009T040157, end_date=20241009T040207
[2024-10-09 01:02:07,993] {local_task_job.py:156} INFO - Task exited with return code 0
[2024-10-09 01:02:08,048] {local_task_job.py:273} INFO - 0 downstream tasks scheduled from follow-on schedule check
[2024-10-09 09:34:59,945] {taskinstance.py:1159} INFO - Dependencies all met for <TaskInstance: get_stocks_dag.TSLA scheduled__2024-10-03T00:00:00+00:00 [queued]>
[2024-10-09 09:34:59,975] {taskinstance.py:1159} INFO - Dependencies all met for <TaskInstance: get_stocks_dag.TSLA scheduled__2024-10-03T00:00:00+00:00 [queued]>
[2024-10-09 09:34:59,975] {taskinstance.py:1356} INFO - 
--------------------------------------------------------------------------------
[2024-10-09 09:34:59,975] {taskinstance.py:1357} INFO - Starting attempt 1 of 1
[2024-10-09 09:34:59,975] {taskinstance.py:1358} INFO - 
--------------------------------------------------------------------------------
[2024-10-09 09:35:00,022] {taskinstance.py:1377} INFO - Executing <Task(_PythonDecoratedOperator): TSLA> on 2024-10-03 00:00:00+00:00
[2024-10-09 09:35:00,035] {standard_task_runner.py:52} INFO - Started process 16545 to run task
[2024-10-09 09:35:00,042] {standard_task_runner.py:79} INFO - Running: ['airflow', 'tasks', 'run', 'get_stocks_dag', 'TSLA', 'scheduled__2024-10-03T00:00:00+00:00', '--job-id', '184', '--raw', '--subdir', 'DAGS_FOLDER/get_stocks.py', '--cfg-path', '/tmp/tmpoj8vxpjx', '--error-file', '/tmp/tmp6xiqagtj']
[2024-10-09 09:35:00,044] {standard_task_runner.py:80} INFO - Job 184: Subtask TSLA
[2024-10-09 09:35:00,425] {task_command.py:370} INFO - Running <TaskInstance: get_stocks_dag.TSLA scheduled__2024-10-03T00:00:00+00:00 [running]> on host ken
[2024-10-09 09:35:00,581] {taskinstance.py:1569} INFO - Exporting the following env vars:
AIRFLOW_CTX_DAG_OWNER=airflow
AIRFLOW_CTX_DAG_ID=get_stocks_dag
AIRFLOW_CTX_TASK_ID=TSLA
AIRFLOW_CTX_EXECUTION_DATE=2024-10-03T00:00:00+00:00
AIRFLOW_CTX_TRY_NUMBER=1
AIRFLOW_CTX_DAG_RUN_ID=scheduled__2024-10-03T00:00:00+00:00
[2024-10-09 09:35:01,522] {python.py:173} INFO - Done. Returned value was: None
[2024-10-09 09:35:01,546] {taskinstance.py:1395} INFO - Marking task as SUCCESS. dag_id=get_stocks_dag, task_id=TSLA, execution_date=20241003T000000, start_date=20241009T123459, end_date=20241009T123501
[2024-10-09 09:35:01,659] {local_task_job.py:156} INFO - Task exited with return code 0
[2024-10-09 09:35:01,997] {local_task_job.py:273} INFO - 0 downstream tasks scheduled from follow-on schedule check
[2024-10-09 09:44:39,740] {taskinstance.py:1159} INFO - Dependencies all met for <TaskInstance: get_stocks_dag.TSLA scheduled__2024-10-03T00:00:00+00:00 [queued]>
[2024-10-09 09:44:39,785] {taskinstance.py:1159} INFO - Dependencies all met for <TaskInstance: get_stocks_dag.TSLA scheduled__2024-10-03T00:00:00+00:00 [queued]>
[2024-10-09 09:44:39,785] {taskinstance.py:1356} INFO - 
--------------------------------------------------------------------------------
[2024-10-09 09:44:39,785] {taskinstance.py:1357} INFO - Starting attempt 1 of 1
[2024-10-09 09:44:39,785] {taskinstance.py:1358} INFO - 
--------------------------------------------------------------------------------
[2024-10-09 09:44:39,840] {taskinstance.py:1377} INFO - Executing <Task(_PythonDecoratedOperator): TSLA> on 2024-10-03 00:00:00+00:00
[2024-10-09 09:44:39,847] {standard_task_runner.py:52} INFO - Started process 24587 to run task
[2024-10-09 09:44:39,851] {standard_task_runner.py:79} INFO - Running: ['airflow', 'tasks', 'run', 'get_stocks_dag', 'TSLA', 'scheduled__2024-10-03T00:00:00+00:00', '--job-id', '249', '--raw', '--subdir', 'DAGS_FOLDER/get_stocks.py', '--cfg-path', '/tmp/tmp00r5fe26', '--error-file', '/tmp/tmpfvaobowv']
[2024-10-09 09:44:39,852] {standard_task_runner.py:80} INFO - Job 249: Subtask TSLA
[2024-10-09 09:44:40,120] {task_command.py:370} INFO - Running <TaskInstance: get_stocks_dag.TSLA scheduled__2024-10-03T00:00:00+00:00 [running]> on host ken
[2024-10-09 09:44:40,257] {taskinstance.py:1569} INFO - Exporting the following env vars:
AIRFLOW_CTX_DAG_OWNER=airflow
AIRFLOW_CTX_DAG_ID=get_stocks_dag
AIRFLOW_CTX_TASK_ID=TSLA
AIRFLOW_CTX_EXECUTION_DATE=2024-10-03T00:00:00+00:00
AIRFLOW_CTX_TRY_NUMBER=1
AIRFLOW_CTX_DAG_RUN_ID=scheduled__2024-10-03T00:00:00+00:00
[2024-10-09 09:44:40,919] {python.py:173} INFO - Done. Returned value was: None
[2024-10-09 09:44:40,958] {taskinstance.py:1395} INFO - Marking task as SUCCESS. dag_id=get_stocks_dag, task_id=TSLA, execution_date=20241003T000000, start_date=20241009T124439, end_date=20241009T124440
[2024-10-09 09:44:41,186] {local_task_job.py:156} INFO - Task exited with return code 0
[2024-10-09 09:44:41,574] {local_task_job.py:273} INFO - 0 downstream tasks scheduled from follow-on schedule check
[2024-10-09 09:48:46,551] {taskinstance.py:1159} INFO - Dependencies all met for <TaskInstance: get_stocks_dag.TSLA scheduled__2024-10-03T00:00:00+00:00 [queued]>
[2024-10-09 09:48:46,595] {taskinstance.py:1159} INFO - Dependencies all met for <TaskInstance: get_stocks_dag.TSLA scheduled__2024-10-03T00:00:00+00:00 [queued]>
[2024-10-09 09:48:46,596] {taskinstance.py:1356} INFO - 
--------------------------------------------------------------------------------
[2024-10-09 09:48:46,596] {taskinstance.py:1357} INFO - Starting attempt 1 of 1
[2024-10-09 09:48:46,596] {taskinstance.py:1358} INFO - 
--------------------------------------------------------------------------------
[2024-10-09 09:48:46,662] {taskinstance.py:1377} INFO - Executing <Task(_PythonDecoratedOperator): TSLA> on 2024-10-03 00:00:00+00:00
[2024-10-09 09:48:46,673] {standard_task_runner.py:52} INFO - Started process 31251 to run task
[2024-10-09 09:48:46,676] {standard_task_runner.py:79} INFO - Running: ['airflow', 'tasks', 'run', 'get_stocks_dag', 'TSLA', 'scheduled__2024-10-03T00:00:00+00:00', '--job-id', '313', '--raw', '--subdir', 'DAGS_FOLDER/get_stocks.py', '--cfg-path', '/tmp/tmp_i1uf3cn', '--error-file', '/tmp/tmp8fztb6ct']
[2024-10-09 09:48:46,677] {standard_task_runner.py:80} INFO - Job 313: Subtask TSLA
[2024-10-09 09:48:46,984] {task_command.py:370} INFO - Running <TaskInstance: get_stocks_dag.TSLA scheduled__2024-10-03T00:00:00+00:00 [running]> on host ken
[2024-10-09 09:48:47,128] {taskinstance.py:1569} INFO - Exporting the following env vars:
AIRFLOW_CTX_DAG_OWNER=airflow
AIRFLOW_CTX_DAG_ID=get_stocks_dag
AIRFLOW_CTX_TASK_ID=TSLA
AIRFLOW_CTX_EXECUTION_DATE=2024-10-03T00:00:00+00:00
AIRFLOW_CTX_TRY_NUMBER=1
AIRFLOW_CTX_DAG_RUN_ID=scheduled__2024-10-03T00:00:00+00:00
[2024-10-09 09:48:47,564] {python.py:173} INFO - Done. Returned value was: None
[2024-10-09 09:48:47,608] {taskinstance.py:1395} INFO - Marking task as SUCCESS. dag_id=get_stocks_dag, task_id=TSLA, execution_date=20241003T000000, start_date=20241009T124846, end_date=20241009T124847
[2024-10-09 09:48:48,335] {local_task_job.py:156} INFO - Task exited with return code 0
[2024-10-09 09:48:48,726] {local_task_job.py:273} INFO - 0 downstream tasks scheduled from follow-on schedule check
[2024-10-09 10:44:46,581] {taskinstance.py:1159} INFO - Dependencies all met for <TaskInstance: get_stocks_dag.TSLA scheduled__2024-10-03T00:00:00+00:00 [queued]>
[2024-10-09 10:44:46,692] {taskinstance.py:1159} INFO - Dependencies all met for <TaskInstance: get_stocks_dag.TSLA scheduled__2024-10-03T00:00:00+00:00 [queued]>
[2024-10-09 10:44:46,693] {taskinstance.py:1356} INFO - 
--------------------------------------------------------------------------------
[2024-10-09 10:44:46,693] {taskinstance.py:1357} INFO - Starting attempt 1 of 1
[2024-10-09 10:44:46,693] {taskinstance.py:1358} INFO - 
--------------------------------------------------------------------------------
[2024-10-09 10:44:46,919] {taskinstance.py:1377} INFO - Executing <Task(_PythonDecoratedOperator): TSLA> on 2024-10-03 00:00:00+00:00
[2024-10-09 10:44:46,937] {standard_task_runner.py:52} INFO - Started process 73752 to run task
[2024-10-09 10:44:46,947] {standard_task_runner.py:79} INFO - Running: ['airflow', 'tasks', 'run', 'get_stocks_dag', 'TSLA', 'scheduled__2024-10-03T00:00:00+00:00', '--job-id', '472', '--raw', '--subdir', 'DAGS_FOLDER/get_stocks.py', '--cfg-path', '/tmp/tmphzyhln9u', '--error-file', '/tmp/tmp1dngdfxn']
[2024-10-09 10:44:46,951] {standard_task_runner.py:80} INFO - Job 472: Subtask TSLA
[2024-10-09 10:44:47,416] {task_command.py:370} INFO - Running <TaskInstance: get_stocks_dag.TSLA scheduled__2024-10-03T00:00:00+00:00 [running]> on host ken
[2024-10-09 10:44:48,406] {taskinstance.py:1569} INFO - Exporting the following env vars:
AIRFLOW_CTX_DAG_OWNER=airflow
AIRFLOW_CTX_DAG_ID=get_stocks_dag
AIRFLOW_CTX_TASK_ID=TSLA
AIRFLOW_CTX_EXECUTION_DATE=2024-10-03T00:00:00+00:00
AIRFLOW_CTX_TRY_NUMBER=1
AIRFLOW_CTX_DAG_RUN_ID=scheduled__2024-10-03T00:00:00+00:00
[2024-10-09 10:44:59,261] {python.py:173} INFO - Done. Returned value was: None
[2024-10-09 10:44:59,464] {taskinstance.py:1395} INFO - Marking task as SUCCESS. dag_id=get_stocks_dag, task_id=TSLA, execution_date=20241003T000000, start_date=20241009T134446, end_date=20241009T134459
[2024-10-09 10:44:59,581] {local_task_job.py:156} INFO - Task exited with return code 0
[2024-10-09 10:44:59,686] {local_task_job.py:273} INFO - 0 downstream tasks scheduled from follow-on schedule check
