[2024-10-08 23:22:00,969] {taskinstance.py:1159} INFO - Dependencies all met for <TaskInstance: get_stocks_dag.TSLA scheduled__2024-10-05T00:00:00+00:00 [queued]>
[2024-10-08 23:22:01,055] {taskinstance.py:1159} INFO - Dependencies all met for <TaskInstance: get_stocks_dag.TSLA scheduled__2024-10-05T00:00:00+00:00 [queued]>
[2024-10-08 23:22:01,056] {taskinstance.py:1356} INFO - 
--------------------------------------------------------------------------------
[2024-10-08 23:22:01,056] {taskinstance.py:1357} INFO - Starting attempt 1 of 1
[2024-10-08 23:22:01,056] {taskinstance.py:1358} INFO - 
--------------------------------------------------------------------------------
[2024-10-08 23:22:01,763] {taskinstance.py:1377} INFO - Executing <Task(_PythonDecoratedOperator): TSLA> on 2024-10-05 00:00:00+00:00
[2024-10-08 23:22:01,792] {standard_task_runner.py:52} INFO - Started process 23497 to run task
[2024-10-08 23:22:01,810] {standard_task_runner.py:79} INFO - Running: ['airflow', 'tasks', 'run', 'get_stocks_dag', 'TSLA', 'scheduled__2024-10-05T00:00:00+00:00', '--job-id', '60', '--raw', '--subdir', 'DAGS_FOLDER/get_stocks.py', '--cfg-path', '/tmp/tmp25nc4ges', '--error-file', '/tmp/tmpqzc2zpvh']
[2024-10-08 23:22:01,815] {standard_task_runner.py:80} INFO - Job 60: Subtask TSLA
[2024-10-08 23:22:02,608] {task_command.py:370} INFO - Running <TaskInstance: get_stocks_dag.TSLA scheduled__2024-10-05T00:00:00+00:00 [running]> on host ken
[2024-10-08 23:22:02,948] {taskinstance.py:1569} INFO - Exporting the following env vars:
AIRFLOW_CTX_DAG_OWNER=airflow
AIRFLOW_CTX_DAG_ID=get_stocks_dag
AIRFLOW_CTX_TASK_ID=TSLA
AIRFLOW_CTX_EXECUTION_DATE=2024-10-05T00:00:00+00:00
AIRFLOW_CTX_TRY_NUMBER=1
AIRFLOW_CTX_DAG_RUN_ID=scheduled__2024-10-05T00:00:00+00:00
[2024-10-08 23:22:03,686] {python.py:173} INFO - Done. Returned value was: None
[2024-10-08 23:22:03,757] {taskinstance.py:1395} INFO - Marking task as SUCCESS. dag_id=get_stocks_dag, task_id=TSLA, execution_date=20241005T000000, start_date=20241009T022200, end_date=20241009T022203
[2024-10-08 23:22:03,858] {local_task_job.py:156} INFO - Task exited with return code 0
[2024-10-08 23:22:03,971] {local_task_job.py:273} INFO - 0 downstream tasks scheduled from follow-on schedule check
[2024-10-09 01:02:37,359] {taskinstance.py:1159} INFO - Dependencies all met for <TaskInstance: get_stocks_dag.TSLA scheduled__2024-10-05T00:00:00+00:00 [queued]>
[2024-10-09 01:02:37,367] {taskinstance.py:1159} INFO - Dependencies all met for <TaskInstance: get_stocks_dag.TSLA scheduled__2024-10-05T00:00:00+00:00 [queued]>
[2024-10-09 01:02:37,367] {taskinstance.py:1356} INFO - 
--------------------------------------------------------------------------------
[2024-10-09 01:02:37,367] {taskinstance.py:1357} INFO - Starting attempt 1 of 1
[2024-10-09 01:02:37,367] {taskinstance.py:1358} INFO - 
--------------------------------------------------------------------------------
[2024-10-09 01:02:37,393] {taskinstance.py:1377} INFO - Executing <Task(_PythonDecoratedOperator): TSLA> on 2024-10-05 00:00:00+00:00
[2024-10-09 01:02:37,400] {standard_task_runner.py:52} INFO - Started process 45885 to run task
[2024-10-09 01:02:37,404] {standard_task_runner.py:79} INFO - Running: ['airflow', 'tasks', 'run', 'get_stocks_dag', 'TSLA', 'scheduled__2024-10-05T00:00:00+00:00', '--job-id', '128', '--raw', '--subdir', 'DAGS_FOLDER/get_stocks.py', '--cfg-path', '/tmp/tmpxg45pjir', '--error-file', '/tmp/tmpt4kro5er']
[2024-10-09 01:02:37,405] {standard_task_runner.py:80} INFO - Job 128: Subtask TSLA
[2024-10-09 01:02:37,519] {task_command.py:370} INFO - Running <TaskInstance: get_stocks_dag.TSLA scheduled__2024-10-05T00:00:00+00:00 [running]> on host ken
[2024-10-09 01:02:37,625] {taskinstance.py:1569} INFO - Exporting the following env vars:
AIRFLOW_CTX_DAG_OWNER=airflow
AIRFLOW_CTX_DAG_ID=get_stocks_dag
AIRFLOW_CTX_TASK_ID=TSLA
AIRFLOW_CTX_EXECUTION_DATE=2024-10-05T00:00:00+00:00
AIRFLOW_CTX_TRY_NUMBER=1
AIRFLOW_CTX_DAG_RUN_ID=scheduled__2024-10-05T00:00:00+00:00
[2024-10-09 01:02:38,082] {python.py:173} INFO - Done. Returned value was: None
[2024-10-09 01:02:38,105] {taskinstance.py:1395} INFO - Marking task as SUCCESS. dag_id=get_stocks_dag, task_id=TSLA, execution_date=20241005T000000, start_date=20241009T040237, end_date=20241009T040238
[2024-10-09 01:02:38,378] {local_task_job.py:156} INFO - Task exited with return code 0
[2024-10-09 01:02:38,456] {local_task_job.py:273} INFO - 0 downstream tasks scheduled from follow-on schedule check
[2024-10-09 09:35:23,413] {taskinstance.py:1159} INFO - Dependencies all met for <TaskInstance: get_stocks_dag.TSLA scheduled__2024-10-05T00:00:00+00:00 [queued]>
[2024-10-09 09:35:23,463] {taskinstance.py:1159} INFO - Dependencies all met for <TaskInstance: get_stocks_dag.TSLA scheduled__2024-10-05T00:00:00+00:00 [queued]>
[2024-10-09 09:35:23,463] {taskinstance.py:1356} INFO - 
--------------------------------------------------------------------------------
[2024-10-09 09:35:23,464] {taskinstance.py:1357} INFO - Starting attempt 1 of 1
[2024-10-09 09:35:23,464] {taskinstance.py:1358} INFO - 
--------------------------------------------------------------------------------
[2024-10-09 09:35:23,532] {taskinstance.py:1377} INFO - Executing <Task(_PythonDecoratedOperator): TSLA> on 2024-10-05 00:00:00+00:00
[2024-10-09 09:35:23,543] {standard_task_runner.py:52} INFO - Started process 17225 to run task
[2024-10-09 09:35:23,549] {standard_task_runner.py:79} INFO - Running: ['airflow', 'tasks', 'run', 'get_stocks_dag', 'TSLA', 'scheduled__2024-10-05T00:00:00+00:00', '--job-id', '193', '--raw', '--subdir', 'DAGS_FOLDER/get_stocks.py', '--cfg-path', '/tmp/tmp6_6og0zk', '--error-file', '/tmp/tmpo8b857q2']
[2024-10-09 09:35:23,550] {standard_task_runner.py:80} INFO - Job 193: Subtask TSLA
[2024-10-09 09:35:23,875] {task_command.py:370} INFO - Running <TaskInstance: get_stocks_dag.TSLA scheduled__2024-10-05T00:00:00+00:00 [running]> on host ken
[2024-10-09 09:35:25,395] {taskinstance.py:1569} INFO - Exporting the following env vars:
AIRFLOW_CTX_DAG_OWNER=airflow
AIRFLOW_CTX_DAG_ID=get_stocks_dag
AIRFLOW_CTX_TASK_ID=TSLA
AIRFLOW_CTX_EXECUTION_DATE=2024-10-05T00:00:00+00:00
AIRFLOW_CTX_TRY_NUMBER=1
AIRFLOW_CTX_DAG_RUN_ID=scheduled__2024-10-05T00:00:00+00:00
[2024-10-09 09:35:26,637] {python.py:173} INFO - Done. Returned value was: None
[2024-10-09 09:35:26,665] {taskinstance.py:1395} INFO - Marking task as SUCCESS. dag_id=get_stocks_dag, task_id=TSLA, execution_date=20241005T000000, start_date=20241009T123523, end_date=20241009T123526
[2024-10-09 09:35:26,912] {local_task_job.py:156} INFO - Task exited with return code 0
[2024-10-09 09:35:27,592] {local_task_job.py:273} INFO - 0 downstream tasks scheduled from follow-on schedule check
[2024-10-09 09:44:47,665] {taskinstance.py:1159} INFO - Dependencies all met for <TaskInstance: get_stocks_dag.TSLA scheduled__2024-10-05T00:00:00+00:00 [queued]>
[2024-10-09 09:44:47,686] {taskinstance.py:1159} INFO - Dependencies all met for <TaskInstance: get_stocks_dag.TSLA scheduled__2024-10-05T00:00:00+00:00 [queued]>
[2024-10-09 09:44:47,686] {taskinstance.py:1356} INFO - 
--------------------------------------------------------------------------------
[2024-10-09 09:44:47,686] {taskinstance.py:1357} INFO - Starting attempt 1 of 1
[2024-10-09 09:44:47,686] {taskinstance.py:1358} INFO - 
--------------------------------------------------------------------------------
[2024-10-09 09:44:47,737] {taskinstance.py:1377} INFO - Executing <Task(_PythonDecoratedOperator): TSLA> on 2024-10-05 00:00:00+00:00
[2024-10-09 09:44:47,746] {standard_task_runner.py:52} INFO - Started process 24922 to run task
[2024-10-09 09:44:47,749] {standard_task_runner.py:79} INFO - Running: ['airflow', 'tasks', 'run', 'get_stocks_dag', 'TSLA', 'scheduled__2024-10-05T00:00:00+00:00', '--job-id', '255', '--raw', '--subdir', 'DAGS_FOLDER/get_stocks.py', '--cfg-path', '/tmp/tmpkd2s2y1i', '--error-file', '/tmp/tmpycsrbe7z']
[2024-10-09 09:44:47,750] {standard_task_runner.py:80} INFO - Job 255: Subtask TSLA
[2024-10-09 09:44:47,997] {task_command.py:370} INFO - Running <TaskInstance: get_stocks_dag.TSLA scheduled__2024-10-05T00:00:00+00:00 [running]> on host ken
[2024-10-09 09:44:48,167] {taskinstance.py:1569} INFO - Exporting the following env vars:
AIRFLOW_CTX_DAG_OWNER=airflow
AIRFLOW_CTX_DAG_ID=get_stocks_dag
AIRFLOW_CTX_TASK_ID=TSLA
AIRFLOW_CTX_EXECUTION_DATE=2024-10-05T00:00:00+00:00
AIRFLOW_CTX_TRY_NUMBER=1
AIRFLOW_CTX_DAG_RUN_ID=scheduled__2024-10-05T00:00:00+00:00
[2024-10-09 09:44:48,609] {python.py:173} INFO - Done. Returned value was: None
[2024-10-09 09:44:48,634] {taskinstance.py:1395} INFO - Marking task as SUCCESS. dag_id=get_stocks_dag, task_id=TSLA, execution_date=20241005T000000, start_date=20241009T124447, end_date=20241009T124448
[2024-10-09 09:44:48,689] {local_task_job.py:156} INFO - Task exited with return code 0
[2024-10-09 09:44:48,962] {local_task_job.py:273} INFO - 0 downstream tasks scheduled from follow-on schedule check
[2024-10-09 09:49:02,823] {taskinstance.py:1159} INFO - Dependencies all met for <TaskInstance: get_stocks_dag.TSLA scheduled__2024-10-05T00:00:00+00:00 [queued]>
[2024-10-09 09:49:03,727] {taskinstance.py:1159} INFO - Dependencies all met for <TaskInstance: get_stocks_dag.TSLA scheduled__2024-10-05T00:00:00+00:00 [queued]>
[2024-10-09 09:49:03,727] {taskinstance.py:1356} INFO - 
--------------------------------------------------------------------------------
[2024-10-09 09:49:03,727] {taskinstance.py:1357} INFO - Starting attempt 1 of 1
[2024-10-09 09:49:03,727] {taskinstance.py:1358} INFO - 
--------------------------------------------------------------------------------
[2024-10-09 09:49:03,775] {taskinstance.py:1377} INFO - Executing <Task(_PythonDecoratedOperator): TSLA> on 2024-10-05 00:00:00+00:00
[2024-10-09 09:49:03,790] {standard_task_runner.py:52} INFO - Started process 31938 to run task
[2024-10-09 09:49:03,797] {standard_task_runner.py:79} INFO - Running: ['airflow', 'tasks', 'run', 'get_stocks_dag', 'TSLA', 'scheduled__2024-10-05T00:00:00+00:00', '--job-id', '322', '--raw', '--subdir', 'DAGS_FOLDER/get_stocks.py', '--cfg-path', '/tmp/tmpl83xiwya', '--error-file', '/tmp/tmp5c0ems27']
[2024-10-09 09:49:03,800] {standard_task_runner.py:80} INFO - Job 322: Subtask TSLA
[2024-10-09 09:49:04,162] {task_command.py:370} INFO - Running <TaskInstance: get_stocks_dag.TSLA scheduled__2024-10-05T00:00:00+00:00 [running]> on host ken
[2024-10-09 09:49:04,316] {taskinstance.py:1569} INFO - Exporting the following env vars:
AIRFLOW_CTX_DAG_OWNER=airflow
AIRFLOW_CTX_DAG_ID=get_stocks_dag
AIRFLOW_CTX_TASK_ID=TSLA
AIRFLOW_CTX_EXECUTION_DATE=2024-10-05T00:00:00+00:00
AIRFLOW_CTX_TRY_NUMBER=1
AIRFLOW_CTX_DAG_RUN_ID=scheduled__2024-10-05T00:00:00+00:00
[2024-10-09 09:49:04,775] {python.py:173} INFO - Done. Returned value was: None
[2024-10-09 09:49:04,837] {taskinstance.py:1395} INFO - Marking task as SUCCESS. dag_id=get_stocks_dag, task_id=TSLA, execution_date=20241005T000000, start_date=20241009T124903, end_date=20241009T124904
[2024-10-09 09:49:05,097] {local_task_job.py:156} INFO - Task exited with return code 0
[2024-10-09 09:49:05,666] {local_task_job.py:273} INFO - 0 downstream tasks scheduled from follow-on schedule check
[2024-10-09 10:46:36,294] {taskinstance.py:1159} INFO - Dependencies all met for <TaskInstance: get_stocks_dag.TSLA scheduled__2024-10-05T00:00:00+00:00 [queued]>
[2024-10-09 10:46:36,320] {taskinstance.py:1159} INFO - Dependencies all met for <TaskInstance: get_stocks_dag.TSLA scheduled__2024-10-05T00:00:00+00:00 [queued]>
[2024-10-09 10:46:36,320] {taskinstance.py:1356} INFO - 
--------------------------------------------------------------------------------
[2024-10-09 10:46:36,320] {taskinstance.py:1357} INFO - Starting attempt 1 of 1
[2024-10-09 10:46:36,320] {taskinstance.py:1358} INFO - 
--------------------------------------------------------------------------------
[2024-10-09 10:46:37,853] {taskinstance.py:1377} INFO - Executing <Task(_PythonDecoratedOperator): TSLA> on 2024-10-05 00:00:00+00:00
[2024-10-09 10:46:37,866] {standard_task_runner.py:52} INFO - Started process 76279 to run task
[2024-10-09 10:46:37,870] {standard_task_runner.py:79} INFO - Running: ['airflow', 'tasks', 'run', 'get_stocks_dag', 'TSLA', 'scheduled__2024-10-05T00:00:00+00:00', '--job-id', '486', '--raw', '--subdir', 'DAGS_FOLDER/get_stocks.py', '--cfg-path', '/tmp/tmpf7qmzwye', '--error-file', '/tmp/tmpcmbwdqgc']
[2024-10-09 10:46:37,871] {standard_task_runner.py:80} INFO - Job 486: Subtask TSLA
[2024-10-09 10:46:38,215] {task_command.py:370} INFO - Running <TaskInstance: get_stocks_dag.TSLA scheduled__2024-10-05T00:00:00+00:00 [running]> on host ken
[2024-10-09 10:46:38,400] {taskinstance.py:1569} INFO - Exporting the following env vars:
AIRFLOW_CTX_DAG_OWNER=airflow
AIRFLOW_CTX_DAG_ID=get_stocks_dag
AIRFLOW_CTX_TASK_ID=TSLA
AIRFLOW_CTX_EXECUTION_DATE=2024-10-05T00:00:00+00:00
AIRFLOW_CTX_TRY_NUMBER=1
AIRFLOW_CTX_DAG_RUN_ID=scheduled__2024-10-05T00:00:00+00:00
[2024-10-09 10:46:49,259] {python.py:173} INFO - Done. Returned value was: None
[2024-10-09 10:46:49,314] {taskinstance.py:1395} INFO - Marking task as SUCCESS. dag_id=get_stocks_dag, task_id=TSLA, execution_date=20241005T000000, start_date=20241009T134636, end_date=20241009T134649
[2024-10-09 10:46:49,397] {local_task_job.py:156} INFO - Task exited with return code 0
[2024-10-09 10:46:51,068] {local_task_job.py:273} INFO - 0 downstream tasks scheduled from follow-on schedule check
