[2024-10-08 17:18:02,303] {taskinstance.py:1159} INFO - Dependencies all met for <TaskInstance: get_stocks_dag.AAPL scheduled__2024-09-24T00:00:00+00:00 [queued]>
[2024-10-08 17:18:02,321] {taskinstance.py:1159} INFO - Dependencies all met for <TaskInstance: get_stocks_dag.AAPL scheduled__2024-09-24T00:00:00+00:00 [queued]>
[2024-10-08 17:18:02,321] {taskinstance.py:1356} INFO - 
--------------------------------------------------------------------------------
[2024-10-08 17:18:02,321] {taskinstance.py:1357} INFO - Starting attempt 1 of 1
[2024-10-08 17:18:02,321] {taskinstance.py:1358} INFO - 
--------------------------------------------------------------------------------
[2024-10-08 17:18:03,971] {taskinstance.py:1377} INFO - Executing <Task(_PythonDecoratedOperator): AAPL> on 2024-09-24 00:00:00+00:00
[2024-10-08 17:18:03,983] {standard_task_runner.py:52} INFO - Started process 36664 to run task
[2024-10-08 17:18:03,992] {standard_task_runner.py:79} INFO - Running: ['airflow', 'tasks', 'run', 'get_stocks_dag', 'AAPL', 'scheduled__2024-09-24T00:00:00+00:00', '--job-id', '158', '--raw', '--subdir', 'DAGS_FOLDER/get_stocks.py', '--cfg-path', '/tmp/tmpd83koc0_', '--error-file', '/tmp/tmpt82c0i12']
[2024-10-08 17:18:03,995] {standard_task_runner.py:80} INFO - Job 158: Subtask AAPL
[2024-10-08 17:18:05,145] {task_command.py:370} INFO - Running <TaskInstance: get_stocks_dag.AAPL scheduled__2024-09-24T00:00:00+00:00 [running]> on host ken
[2024-10-08 17:18:06,437] {taskinstance.py:1569} INFO - Exporting the following env vars:
AIRFLOW_CTX_DAG_OWNER=airflow
AIRFLOW_CTX_DAG_ID=get_stocks_dag
AIRFLOW_CTX_TASK_ID=AAPL
AIRFLOW_CTX_EXECUTION_DATE=2024-09-24T00:00:00+00:00
AIRFLOW_CTX_TRY_NUMBER=1
AIRFLOW_CTX_DAG_RUN_ID=scheduled__2024-09-24T00:00:00+00:00
[2024-10-08 17:18:06,948] {python.py:173} INFO - Done. Returned value was: None
[2024-10-08 17:18:06,955] {taskinstance.py:1395} INFO - Marking task as SUCCESS. dag_id=get_stocks_dag, task_id=AAPL, execution_date=20240924T000000, start_date=20241008T201802, end_date=20241008T201806
[2024-10-08 17:18:07,907] {local_task_job.py:156} INFO - Task exited with return code 0
[2024-10-08 17:18:07,972] {local_task_job.py:273} INFO - 0 downstream tasks scheduled from follow-on schedule check
[2024-10-08 23:21:36,913] {taskinstance.py:1159} INFO - Dependencies all met for <TaskInstance: get_stocks_dag.AAPL scheduled__2024-09-24T00:00:00+00:00 [queued]>
[2024-10-08 23:21:36,977] {taskinstance.py:1159} INFO - Dependencies all met for <TaskInstance: get_stocks_dag.AAPL scheduled__2024-09-24T00:00:00+00:00 [queued]>
[2024-10-08 23:21:36,977] {taskinstance.py:1356} INFO - 
--------------------------------------------------------------------------------
[2024-10-08 23:21:36,977] {taskinstance.py:1357} INFO - Starting attempt 1 of 1
[2024-10-08 23:21:36,977] {taskinstance.py:1358} INFO - 
--------------------------------------------------------------------------------
[2024-10-08 23:21:37,051] {taskinstance.py:1377} INFO - Executing <Task(_PythonDecoratedOperator): AAPL> on 2024-09-24 00:00:00+00:00
[2024-10-08 23:21:37,083] {standard_task_runner.py:52} INFO - Started process 21663 to run task
[2024-10-08 23:21:37,098] {standard_task_runner.py:79} INFO - Running: ['airflow', 'tasks', 'run', 'get_stocks_dag', 'AAPL', 'scheduled__2024-09-24T00:00:00+00:00', '--job-id', '28', '--raw', '--subdir', 'DAGS_FOLDER/get_stocks.py', '--cfg-path', '/tmp/tmpo380z70s', '--error-file', '/tmp/tmp2a9w_704']
[2024-10-08 23:21:37,101] {standard_task_runner.py:80} INFO - Job 28: Subtask AAPL
[2024-10-08 23:21:37,812] {task_command.py:370} INFO - Running <TaskInstance: get_stocks_dag.AAPL scheduled__2024-09-24T00:00:00+00:00 [running]> on host ken
[2024-10-08 23:21:38,161] {taskinstance.py:1569} INFO - Exporting the following env vars:
AIRFLOW_CTX_DAG_OWNER=airflow
AIRFLOW_CTX_DAG_ID=get_stocks_dag
AIRFLOW_CTX_TASK_ID=AAPL
AIRFLOW_CTX_EXECUTION_DATE=2024-09-24T00:00:00+00:00
AIRFLOW_CTX_TRY_NUMBER=1
AIRFLOW_CTX_DAG_RUN_ID=scheduled__2024-09-24T00:00:00+00:00
[2024-10-08 23:21:39,548] {python.py:173} INFO - Done. Returned value was: None
[2024-10-08 23:21:39,587] {taskinstance.py:1395} INFO - Marking task as SUCCESS. dag_id=get_stocks_dag, task_id=AAPL, execution_date=20240924T000000, start_date=20241009T022136, end_date=20241009T022139
[2024-10-08 23:21:39,667] {local_task_job.py:156} INFO - Task exited with return code 0
[2024-10-08 23:21:39,951] {local_task_job.py:273} INFO - 0 downstream tasks scheduled from follow-on schedule check
[2024-10-09 01:00:09,742] {taskinstance.py:1159} INFO - Dependencies all met for <TaskInstance: get_stocks_dag.AAPL scheduled__2024-09-24T00:00:00+00:00 [queued]>
[2024-10-09 01:00:09,871] {taskinstance.py:1159} INFO - Dependencies all met for <TaskInstance: get_stocks_dag.AAPL scheduled__2024-09-24T00:00:00+00:00 [queued]>
[2024-10-09 01:00:09,872] {taskinstance.py:1356} INFO - 
--------------------------------------------------------------------------------
[2024-10-09 01:00:09,872] {taskinstance.py:1357} INFO - Starting attempt 1 of 1
[2024-10-09 01:00:09,872] {taskinstance.py:1358} INFO - 
--------------------------------------------------------------------------------
[2024-10-09 01:00:10,159] {taskinstance.py:1377} INFO - Executing <Task(_PythonDecoratedOperator): AAPL> on 2024-09-24 00:00:00+00:00
[2024-10-09 01:00:10,171] {standard_task_runner.py:52} INFO - Started process 39249 to run task
[2024-10-09 01:00:10,182] {standard_task_runner.py:79} INFO - Running: ['airflow', 'tasks', 'run', 'get_stocks_dag', 'AAPL', 'scheduled__2024-09-24T00:00:00+00:00', '--job-id', '90', '--raw', '--subdir', 'DAGS_FOLDER/get_stocks.py', '--cfg-path', '/tmp/tmplyejqmvb', '--error-file', '/tmp/tmp77195lv8']
[2024-10-09 01:00:10,184] {standard_task_runner.py:80} INFO - Job 90: Subtask AAPL
[2024-10-09 01:00:10,587] {task_command.py:370} INFO - Running <TaskInstance: get_stocks_dag.AAPL scheduled__2024-09-24T00:00:00+00:00 [running]> on host ken
[2024-10-09 01:00:11,622] {taskinstance.py:1569} INFO - Exporting the following env vars:
AIRFLOW_CTX_DAG_OWNER=airflow
AIRFLOW_CTX_DAG_ID=get_stocks_dag
AIRFLOW_CTX_TASK_ID=AAPL
AIRFLOW_CTX_EXECUTION_DATE=2024-09-24T00:00:00+00:00
AIRFLOW_CTX_TRY_NUMBER=1
AIRFLOW_CTX_DAG_RUN_ID=scheduled__2024-09-24T00:00:00+00:00
[2024-10-09 01:00:21,737] {python.py:173} INFO - Done. Returned value was: None
[2024-10-09 01:00:21,755] {taskinstance.py:1395} INFO - Marking task as SUCCESS. dag_id=get_stocks_dag, task_id=AAPL, execution_date=20240924T000000, start_date=20241009T040009, end_date=20241009T040021
[2024-10-09 01:00:21,817] {local_task_job.py:156} INFO - Task exited with return code 0
[2024-10-09 01:00:21,870] {local_task_job.py:273} INFO - 0 downstream tasks scheduled from follow-on schedule check
[2024-10-09 09:33:56,765] {taskinstance.py:1159} INFO - Dependencies all met for <TaskInstance: get_stocks_dag.AAPL scheduled__2024-09-24T00:00:00+00:00 [queued]>
[2024-10-09 09:33:56,932] {taskinstance.py:1159} INFO - Dependencies all met for <TaskInstance: get_stocks_dag.AAPL scheduled__2024-09-24T00:00:00+00:00 [queued]>
[2024-10-09 09:33:56,933] {taskinstance.py:1356} INFO - 
--------------------------------------------------------------------------------
[2024-10-09 09:33:56,933] {taskinstance.py:1357} INFO - Starting attempt 1 of 1
[2024-10-09 09:33:56,933] {taskinstance.py:1358} INFO - 
--------------------------------------------------------------------------------
[2024-10-09 09:33:57,079] {taskinstance.py:1377} INFO - Executing <Task(_PythonDecoratedOperator): AAPL> on 2024-09-24 00:00:00+00:00
[2024-10-09 09:33:57,097] {standard_task_runner.py:52} INFO - Started process 14279 to run task
[2024-10-09 09:33:57,111] {standard_task_runner.py:79} INFO - Running: ['airflow', 'tasks', 'run', 'get_stocks_dag', 'AAPL', 'scheduled__2024-09-24T00:00:00+00:00', '--job-id', '153', '--raw', '--subdir', 'DAGS_FOLDER/get_stocks.py', '--cfg-path', '/tmp/tmpi2hpct1v', '--error-file', '/tmp/tmp9j6ri6v5']
[2024-10-09 09:33:57,115] {standard_task_runner.py:80} INFO - Job 153: Subtask AAPL
[2024-10-09 09:33:57,640] {task_command.py:370} INFO - Running <TaskInstance: get_stocks_dag.AAPL scheduled__2024-09-24T00:00:00+00:00 [running]> on host ken
[2024-10-09 09:33:57,834] {taskinstance.py:1569} INFO - Exporting the following env vars:
AIRFLOW_CTX_DAG_OWNER=airflow
AIRFLOW_CTX_DAG_ID=get_stocks_dag
AIRFLOW_CTX_TASK_ID=AAPL
AIRFLOW_CTX_EXECUTION_DATE=2024-09-24T00:00:00+00:00
AIRFLOW_CTX_TRY_NUMBER=1
AIRFLOW_CTX_DAG_RUN_ID=scheduled__2024-09-24T00:00:00+00:00
[2024-10-09 09:33:58,386] {python.py:173} INFO - Done. Returned value was: None
[2024-10-09 09:33:58,432] {taskinstance.py:1395} INFO - Marking task as SUCCESS. dag_id=get_stocks_dag, task_id=AAPL, execution_date=20240924T000000, start_date=20241009T123356, end_date=20241009T123358
[2024-10-09 09:33:58,862] {local_task_job.py:156} INFO - Task exited with return code 0
[2024-10-09 09:33:59,175] {local_task_job.py:273} INFO - 0 downstream tasks scheduled from follow-on schedule check
[2024-10-09 09:43:17,465] {taskinstance.py:1159} INFO - Dependencies all met for <TaskInstance: get_stocks_dag.AAPL scheduled__2024-09-24T00:00:00+00:00 [queued]>
[2024-10-09 09:43:17,637] {taskinstance.py:1159} INFO - Dependencies all met for <TaskInstance: get_stocks_dag.AAPL scheduled__2024-09-24T00:00:00+00:00 [queued]>
[2024-10-09 09:43:17,638] {taskinstance.py:1356} INFO - 
--------------------------------------------------------------------------------
[2024-10-09 09:43:17,638] {taskinstance.py:1357} INFO - Starting attempt 1 of 1
[2024-10-09 09:43:17,638] {taskinstance.py:1358} INFO - 
--------------------------------------------------------------------------------
[2024-10-09 09:43:17,694] {taskinstance.py:1377} INFO - Executing <Task(_PythonDecoratedOperator): AAPL> on 2024-09-24 00:00:00+00:00
[2024-10-09 09:43:17,707] {standard_task_runner.py:52} INFO - Started process 21845 to run task
[2024-10-09 09:43:17,712] {standard_task_runner.py:79} INFO - Running: ['airflow', 'tasks', 'run', 'get_stocks_dag', 'AAPL', 'scheduled__2024-09-24T00:00:00+00:00', '--job-id', '218', '--raw', '--subdir', 'DAGS_FOLDER/get_stocks.py', '--cfg-path', '/tmp/tmp2ciu2uoz', '--error-file', '/tmp/tmp8hvntix9']
[2024-10-09 09:43:17,714] {standard_task_runner.py:80} INFO - Job 218: Subtask AAPL
[2024-10-09 09:43:18,099] {task_command.py:370} INFO - Running <TaskInstance: get_stocks_dag.AAPL scheduled__2024-09-24T00:00:00+00:00 [running]> on host ken
[2024-10-09 09:43:18,296] {taskinstance.py:1569} INFO - Exporting the following env vars:
AIRFLOW_CTX_DAG_OWNER=airflow
AIRFLOW_CTX_DAG_ID=get_stocks_dag
AIRFLOW_CTX_TASK_ID=AAPL
AIRFLOW_CTX_EXECUTION_DATE=2024-09-24T00:00:00+00:00
AIRFLOW_CTX_TRY_NUMBER=1
AIRFLOW_CTX_DAG_RUN_ID=scheduled__2024-09-24T00:00:00+00:00
[2024-10-09 09:43:19,278] {python.py:173} INFO - Done. Returned value was: None
[2024-10-09 09:43:19,307] {taskinstance.py:1395} INFO - Marking task as SUCCESS. dag_id=get_stocks_dag, task_id=AAPL, execution_date=20240924T000000, start_date=20241009T124317, end_date=20241009T124319
[2024-10-09 09:43:19,415] {local_task_job.py:156} INFO - Task exited with return code 0
[2024-10-09 09:43:19,527] {local_task_job.py:273} INFO - 0 downstream tasks scheduled from follow-on schedule check
[2024-10-09 09:47:24,611] {taskinstance.py:1159} INFO - Dependencies all met for <TaskInstance: get_stocks_dag.AAPL scheduled__2024-09-24T00:00:00+00:00 [queued]>
[2024-10-09 09:47:24,638] {taskinstance.py:1159} INFO - Dependencies all met for <TaskInstance: get_stocks_dag.AAPL scheduled__2024-09-24T00:00:00+00:00 [queued]>
[2024-10-09 09:47:24,639] {taskinstance.py:1356} INFO - 
--------------------------------------------------------------------------------
[2024-10-09 09:47:24,639] {taskinstance.py:1357} INFO - Starting attempt 1 of 1
[2024-10-09 09:47:24,639] {taskinstance.py:1358} INFO - 
--------------------------------------------------------------------------------
[2024-10-09 09:47:24,685] {taskinstance.py:1377} INFO - Executing <Task(_PythonDecoratedOperator): AAPL> on 2024-09-24 00:00:00+00:00
[2024-10-09 09:47:24,691] {standard_task_runner.py:52} INFO - Started process 28139 to run task
[2024-10-09 09:47:24,698] {standard_task_runner.py:79} INFO - Running: ['airflow', 'tasks', 'run', 'get_stocks_dag', 'AAPL', 'scheduled__2024-09-24T00:00:00+00:00', '--job-id', '281', '--raw', '--subdir', 'DAGS_FOLDER/get_stocks.py', '--cfg-path', '/tmp/tmpli649z45', '--error-file', '/tmp/tmpp3x8gm_5']
[2024-10-09 09:47:24,699] {standard_task_runner.py:80} INFO - Job 281: Subtask AAPL
[2024-10-09 09:47:25,070] {task_command.py:370} INFO - Running <TaskInstance: get_stocks_dag.AAPL scheduled__2024-09-24T00:00:00+00:00 [running]> on host ken
[2024-10-09 09:47:25,803] {taskinstance.py:1569} INFO - Exporting the following env vars:
AIRFLOW_CTX_DAG_OWNER=airflow
AIRFLOW_CTX_DAG_ID=get_stocks_dag
AIRFLOW_CTX_TASK_ID=AAPL
AIRFLOW_CTX_EXECUTION_DATE=2024-09-24T00:00:00+00:00
AIRFLOW_CTX_TRY_NUMBER=1
AIRFLOW_CTX_DAG_RUN_ID=scheduled__2024-09-24T00:00:00+00:00
[2024-10-09 09:47:26,283] {python.py:173} INFO - Done. Returned value was: None
[2024-10-09 09:47:26,350] {taskinstance.py:1395} INFO - Marking task as SUCCESS. dag_id=get_stocks_dag, task_id=AAPL, execution_date=20240924T000000, start_date=20241009T124724, end_date=20241009T124726
[2024-10-09 09:47:26,445] {local_task_job.py:156} INFO - Task exited with return code 0
[2024-10-09 09:47:26,536] {local_task_job.py:273} INFO - 0 downstream tasks scheduled from follow-on schedule check
[2024-10-09 10:36:40,404] {taskinstance.py:1159} INFO - Dependencies all met for <TaskInstance: get_stocks_dag.AAPL scheduled__2024-09-24T00:00:00+00:00 [queued]>
[2024-10-09 10:36:40,415] {taskinstance.py:1159} INFO - Dependencies all met for <TaskInstance: get_stocks_dag.AAPL scheduled__2024-09-24T00:00:00+00:00 [queued]>
[2024-10-09 10:36:40,416] {taskinstance.py:1356} INFO - 
--------------------------------------------------------------------------------
[2024-10-09 10:36:40,416] {taskinstance.py:1357} INFO - Starting attempt 1 of 1
[2024-10-09 10:36:40,416] {taskinstance.py:1358} INFO - 
--------------------------------------------------------------------------------
[2024-10-09 10:36:40,440] {taskinstance.py:1377} INFO - Executing <Task(_PythonDecoratedOperator): AAPL> on 2024-09-24 00:00:00+00:00
[2024-10-09 10:36:40,449] {standard_task_runner.py:52} INFO - Started process 62162 to run task
[2024-10-09 10:36:40,452] {standard_task_runner.py:79} INFO - Running: ['airflow', 'tasks', 'run', 'get_stocks_dag', 'AAPL', 'scheduled__2024-09-24T00:00:00+00:00', '--job-id', '410', '--raw', '--subdir', 'DAGS_FOLDER/get_stocks.py', '--cfg-path', '/tmp/tmpv2nqhh58', '--error-file', '/tmp/tmp10g9vafd']
[2024-10-09 10:36:40,453] {standard_task_runner.py:80} INFO - Job 410: Subtask AAPL
[2024-10-09 10:36:40,851] {task_command.py:370} INFO - Running <TaskInstance: get_stocks_dag.AAPL scheduled__2024-09-24T00:00:00+00:00 [running]> on host ken
[2024-10-09 10:36:41,443] {taskinstance.py:1569} INFO - Exporting the following env vars:
AIRFLOW_CTX_DAG_OWNER=airflow
AIRFLOW_CTX_DAG_ID=get_stocks_dag
AIRFLOW_CTX_TASK_ID=AAPL
AIRFLOW_CTX_EXECUTION_DATE=2024-09-24T00:00:00+00:00
AIRFLOW_CTX_TRY_NUMBER=1
AIRFLOW_CTX_DAG_RUN_ID=scheduled__2024-09-24T00:00:00+00:00
[2024-10-09 10:36:52,313] {python.py:173} INFO - Done. Returned value was: None
[2024-10-09 10:36:52,362] {taskinstance.py:1395} INFO - Marking task as SUCCESS. dag_id=get_stocks_dag, task_id=AAPL, execution_date=20240924T000000, start_date=20241009T133640, end_date=20241009T133652
[2024-10-09 10:36:52,456] {local_task_job.py:156} INFO - Task exited with return code 0
[2024-10-09 10:36:52,722] {local_task_job.py:273} INFO - 0 downstream tasks scheduled from follow-on schedule check
