[2024-10-08 16:59:29,499] {taskinstance.py:1159} INFO - Dependencies all met for <TaskInstance: get_stocks_dag.GOOG scheduled__2022-01-12T00:00:00+00:00 [queued]>
[2024-10-08 16:59:31,144] {taskinstance.py:1159} INFO - Dependencies all met for <TaskInstance: get_stocks_dag.GOOG scheduled__2022-01-12T00:00:00+00:00 [queued]>
[2024-10-08 16:59:31,144] {taskinstance.py:1356} INFO - 
--------------------------------------------------------------------------------
[2024-10-08 16:59:31,144] {taskinstance.py:1357} INFO - Starting attempt 1 of 1
[2024-10-08 16:59:31,144] {taskinstance.py:1358} INFO - 
--------------------------------------------------------------------------------
[2024-10-08 16:59:32,271] {taskinstance.py:1377} INFO - Executing <Task(_PythonDecoratedOperator): GOOG> on 2022-01-12 00:00:00+00:00
[2024-10-08 16:59:32,282] {standard_task_runner.py:52} INFO - Started process 24044 to run task
[2024-10-08 16:59:32,289] {standard_task_runner.py:79} INFO - Running: ['airflow', 'tasks', 'run', 'get_stocks_dag', 'GOOG', 'scheduled__2022-01-12T00:00:00+00:00', '--job-id', '53', '--raw', '--subdir', 'DAGS_FOLDER/get_stocks.py', '--cfg-path', '/tmp/tmph0bg5dxo', '--error-file', '/tmp/tmp9h9xf1dw']
[2024-10-08 16:59:32,291] {standard_task_runner.py:80} INFO - Job 53: Subtask GOOG
[2024-10-08 16:59:33,262] {task_command.py:370} INFO - Running <TaskInstance: get_stocks_dag.GOOG scheduled__2022-01-12T00:00:00+00:00 [running]> on host ken
[2024-10-08 16:59:35,467] {taskinstance.py:1569} INFO - Exporting the following env vars:
AIRFLOW_CTX_DAG_OWNER=airflow
AIRFLOW_CTX_DAG_ID=get_stocks_dag
AIRFLOW_CTX_TASK_ID=GOOG
AIRFLOW_CTX_EXECUTION_DATE=2022-01-12T00:00:00+00:00
AIRFLOW_CTX_TRY_NUMBER=1
AIRFLOW_CTX_DAG_RUN_ID=scheduled__2022-01-12T00:00:00+00:00
[2024-10-08 16:59:39,203] {history.py:244} ERROR - $GOOG: possibly delisted; no price data found  (1h 2022-01-11 -> 2022-01-12) (Yahoo error = "1h data not available for startTime=1641877200 and endTime=1641963600. The requested range must be within the last 730 days.")
[2024-10-08 16:59:39,209] {python.py:173} INFO - Done. Returned value was: None
[2024-10-08 16:59:39,223] {taskinstance.py:1395} INFO - Marking task as SUCCESS. dag_id=get_stocks_dag, task_id=GOOG, execution_date=20220112T000000, start_date=20241008T195929, end_date=20241008T195939
[2024-10-08 16:59:41,054] {local_task_job.py:156} INFO - Task exited with return code 0
[2024-10-08 16:59:41,078] {local_task_job.py:273} INFO - 0 downstream tasks scheduled from follow-on schedule check
