[2024-10-09 10:37:54,985] {taskinstance.py:1159} INFO - Dependencies all met for <TaskInstance: get_crypto_dag.BTC scheduled__2024-09-26T00:00:00+00:00 [queued]>
[2024-10-09 10:37:55,009] {taskinstance.py:1159} INFO - Dependencies all met for <TaskInstance: get_crypto_dag.BTC scheduled__2024-09-26T00:00:00+00:00 [queued]>
[2024-10-09 10:37:55,009] {taskinstance.py:1356} INFO - 
--------------------------------------------------------------------------------
[2024-10-09 10:37:55,009] {taskinstance.py:1357} INFO - Starting attempt 1 of 1
[2024-10-09 10:37:55,010] {taskinstance.py:1358} INFO - 
--------------------------------------------------------------------------------
[2024-10-09 10:37:55,381] {taskinstance.py:1377} INFO - Executing <Task(_PythonDecoratedOperator): BTC> on 2024-09-26 00:00:00+00:00
[2024-10-09 10:37:55,398] {standard_task_runner.py:52} INFO - Started process 63866 to run task
[2024-10-09 10:37:55,410] {standard_task_runner.py:79} INFO - Running: ['airflow', 'tasks', 'run', 'get_crypto_dag', 'BTC', 'scheduled__2024-09-26T00:00:00+00:00', '--job-id', '419', '--raw', '--subdir', 'DAGS_FOLDER/get_crypto.py', '--cfg-path', '/tmp/tmpxaroue5y', '--error-file', '/tmp/tmpbfrmtmuv']
[2024-10-09 10:37:55,413] {standard_task_runner.py:80} INFO - Job 419: Subtask BTC
[2024-10-09 10:37:55,990] {task_command.py:370} INFO - Running <TaskInstance: get_crypto_dag.BTC scheduled__2024-09-26T00:00:00+00:00 [running]> on host ken
[2024-10-09 10:37:56,748] {taskinstance.py:1569} INFO - Exporting the following env vars:
AIRFLOW_CTX_DAG_OWNER=airflow
AIRFLOW_CTX_DAG_ID=get_crypto_dag
AIRFLOW_CTX_TASK_ID=BTC
AIRFLOW_CTX_EXECUTION_DATE=2024-09-26T00:00:00+00:00
AIRFLOW_CTX_TRY_NUMBER=1
AIRFLOW_CTX_DAG_RUN_ID=scheduled__2024-09-26T00:00:00+00:00
[2024-10-09 10:38:07,722] {python.py:173} INFO - Done. Returned value was: None
[2024-10-09 10:38:07,783] {taskinstance.py:1395} INFO - Marking task as SUCCESS. dag_id=get_crypto_dag, task_id=BTC, execution_date=20240926T000000, start_date=20241009T133754, end_date=20241009T133807
[2024-10-09 10:38:07,889] {local_task_job.py:156} INFO - Task exited with return code 0
[2024-10-09 10:38:08,293] {local_task_job.py:273} INFO - 0 downstream tasks scheduled from follow-on schedule check
