[2024-09-11 16:19:50,576] {taskinstance.py:1159} INFO - Dependencies all met for <TaskInstance: TwitterDag.twitter_datascience scheduled__2024-09-09T00:00:00+00:00 [queued]>
[2024-09-11 16:19:50,594] {taskinstance.py:1159} INFO - Dependencies all met for <TaskInstance: TwitterDag.twitter_datascience scheduled__2024-09-09T00:00:00+00:00 [queued]>
[2024-09-11 16:19:50,595] {taskinstance.py:1356} INFO - 
--------------------------------------------------------------------------------
[2024-09-11 16:19:50,595] {taskinstance.py:1357} INFO - Starting attempt 1 of 1
[2024-09-11 16:19:50,595] {taskinstance.py:1358} INFO - 
--------------------------------------------------------------------------------
[2024-09-11 16:19:52,844] {taskinstance.py:1377} INFO - Executing <Task(TwitterOperator): twitter_datascience> on 2024-09-09 00:00:00+00:00
[2024-09-11 16:19:52,849] {standard_task_runner.py:52} INFO - Started process 25492 to run task
[2024-09-11 16:19:52,860] {standard_task_runner.py:79} INFO - Running: ['airflow', 'tasks', 'run', 'TwitterDag', 'twitter_datascience', 'scheduled__2024-09-09T00:00:00+00:00', '--job-id', '10', '--raw', '--subdir', 'DAGS_FOLDER/twitter_dag.py', '--cfg-path', '/tmp/tmpckwt0b0b', '--error-file', '/tmp/tmpr_iz3vwb']
[2024-09-11 16:19:52,861] {standard_task_runner.py:80} INFO - Job 10: Subtask twitter_datascience
[2024-09-11 16:19:55,303] {task_command.py:370} INFO - Running <TaskInstance: TwitterDag.twitter_datascience scheduled__2024-09-09T00:00:00+00:00 [running]> on host ken
[2024-09-11 16:19:55,564] {taskinstance.py:1569} INFO - Exporting the following env vars:
AIRFLOW_CTX_DAG_OWNER=airflow
AIRFLOW_CTX_DAG_ID=TwitterDag
AIRFLOW_CTX_TASK_ID=twitter_datascience
AIRFLOW_CTX_EXECUTION_DATE=2024-09-09T00:00:00+00:00
AIRFLOW_CTX_TRY_NUMBER=1
AIRFLOW_CTX_DAG_RUN_ID=scheduled__2024-09-09T00:00:00+00:00
[2024-09-11 16:19:55,573] {base.py:68} INFO - Using connection ID 'twitter_default' for task execution.
[2024-09-11 16:19:55,576] {twitter_hook.py:34} INFO - URL: https://labdados.com/2/tweets/search/recent?query=datascience&tweet.fields=author_id, conversation_id, created_at, id_reply_to_user_id, public_metrics, lang, text&expansions=author_id&user.fields=id,name,username,created_at&start_time=2024-09-09T00:00:00.00Z&end_time=2024-09-09T00:00:00.00Z
[2024-09-11 16:19:56,336] {taskinstance.py:1395} INFO - Marking task as SUCCESS. dag_id=TwitterDag, task_id=twitter_datascience, execution_date=20240909T000000, start_date=20240911T191950, end_date=20240911T191956
[2024-09-11 16:19:56,847] {local_task_job.py:156} INFO - Task exited with return code 0
[2024-09-11 16:19:56,883] {local_task_job.py:273} INFO - 0 downstream tasks scheduled from follow-on schedule check
