[2024-10-09 10:39:40,672] {taskinstance.py:1159} INFO - Dependencies all met for <TaskInstance: get_crypto_dag.AVAX scheduled__2024-09-27T00:00:00+00:00 [queued]>
[2024-10-09 10:39:40,724] {taskinstance.py:1159} INFO - Dependencies all met for <TaskInstance: get_crypto_dag.AVAX scheduled__2024-09-27T00:00:00+00:00 [queued]>
[2024-10-09 10:39:40,725] {taskinstance.py:1356} INFO - 
--------------------------------------------------------------------------------
[2024-10-09 10:39:40,725] {taskinstance.py:1357} INFO - Starting attempt 1 of 1
[2024-10-09 10:39:40,725] {taskinstance.py:1358} INFO - 
--------------------------------------------------------------------------------
[2024-10-09 10:39:40,958] {taskinstance.py:1377} INFO - Executing <Task(_PythonDecoratedOperator): AVAX> on 2024-09-27 00:00:00+00:00
[2024-10-09 10:39:40,978] {standard_task_runner.py:52} INFO - Started process 66120 to run task
[2024-10-09 10:39:40,989] {standard_task_runner.py:79} INFO - Running: ['airflow', 'tasks', 'run', 'get_crypto_dag', 'AVAX', 'scheduled__2024-09-27T00:00:00+00:00', '--job-id', '433', '--raw', '--subdir', 'DAGS_FOLDER/get_crypto.py', '--cfg-path', '/tmp/tmpwydz7ulz', '--error-file', '/tmp/tmp5cyriug3']
[2024-10-09 10:39:40,991] {standard_task_runner.py:80} INFO - Job 433: Subtask AVAX
[2024-10-09 10:39:41,735] {task_command.py:370} INFO - Running <TaskInstance: get_crypto_dag.AVAX scheduled__2024-09-27T00:00:00+00:00 [running]> on host ken
[2024-10-09 10:39:41,918] {taskinstance.py:1569} INFO - Exporting the following env vars:
AIRFLOW_CTX_DAG_OWNER=airflow
AIRFLOW_CTX_DAG_ID=get_crypto_dag
AIRFLOW_CTX_TASK_ID=AVAX
AIRFLOW_CTX_EXECUTION_DATE=2024-09-27T00:00:00+00:00
AIRFLOW_CTX_TRY_NUMBER=1
AIRFLOW_CTX_DAG_RUN_ID=scheduled__2024-09-27T00:00:00+00:00
[2024-10-09 10:39:45,510] {history.py:122} ERROR - $AVAX: possibly delisted; no timezone found
[2024-10-09 10:39:55,527] {python.py:173} INFO - Done. Returned value was: None
[2024-10-09 10:39:55,568] {taskinstance.py:1395} INFO - Marking task as SUCCESS. dag_id=get_crypto_dag, task_id=AVAX, execution_date=20240927T000000, start_date=20241009T133940, end_date=20241009T133955
[2024-10-09 10:39:55,800] {local_task_job.py:156} INFO - Task exited with return code 0
[2024-10-09 10:39:56,244] {local_task_job.py:273} INFO - 0 downstream tasks scheduled from follow-on schedule check
