[2024-10-09 10:34:25,768] {taskinstance.py:1159} INFO - Dependencies all met for <TaskInstance: get_crypto_dag.BTC scheduled__2024-09-21T00:00:00+00:00 [queued]>
[2024-10-09 10:34:25,778] {taskinstance.py:1159} INFO - Dependencies all met for <TaskInstance: get_crypto_dag.BTC scheduled__2024-09-21T00:00:00+00:00 [queued]>
[2024-10-09 10:34:25,778] {taskinstance.py:1356} INFO - 
--------------------------------------------------------------------------------
[2024-10-09 10:34:25,778] {taskinstance.py:1357} INFO - Starting attempt 1 of 1
[2024-10-09 10:34:25,778] {taskinstance.py:1358} INFO - 
--------------------------------------------------------------------------------
[2024-10-09 10:34:25,941] {taskinstance.py:1377} INFO - Executing <Task(_PythonDecoratedOperator): BTC> on 2024-09-21 00:00:00+00:00
[2024-10-09 10:34:25,957] {standard_task_runner.py:52} INFO - Started process 58845 to run task
[2024-10-09 10:34:25,965] {standard_task_runner.py:79} INFO - Running: ['airflow', 'tasks', 'run', 'get_crypto_dag', 'BTC', 'scheduled__2024-09-21T00:00:00+00:00', '--job-id', '391', '--raw', '--subdir', 'DAGS_FOLDER/get_crypto.py', '--cfg-path', '/tmp/tmpas8uml49', '--error-file', '/tmp/tmpus445_vd']
[2024-10-09 10:34:25,967] {standard_task_runner.py:80} INFO - Job 391: Subtask BTC
[2024-10-09 10:34:26,368] {task_command.py:370} INFO - Running <TaskInstance: get_crypto_dag.BTC scheduled__2024-09-21T00:00:00+00:00 [running]> on host ken
[2024-10-09 10:34:26,878] {taskinstance.py:1569} INFO - Exporting the following env vars:
AIRFLOW_CTX_DAG_OWNER=airflow
AIRFLOW_CTX_DAG_ID=get_crypto_dag
AIRFLOW_CTX_TASK_ID=BTC
AIRFLOW_CTX_EXECUTION_DATE=2024-09-21T00:00:00+00:00
AIRFLOW_CTX_TRY_NUMBER=1
AIRFLOW_CTX_DAG_RUN_ID=scheduled__2024-09-21T00:00:00+00:00
[2024-10-09 10:34:37,575] {python.py:173} INFO - Done. Returned value was: None
[2024-10-09 10:34:37,598] {taskinstance.py:1395} INFO - Marking task as SUCCESS. dag_id=get_crypto_dag, task_id=BTC, execution_date=20240921T000000, start_date=20241009T133425, end_date=20241009T133437
[2024-10-09 10:34:37,660] {local_task_job.py:156} INFO - Task exited with return code 0
[2024-10-09 10:34:38,025] {local_task_job.py:273} INFO - 0 downstream tasks scheduled from follow-on schedule check
