[2024-10-09 10:40:18,914] {taskinstance.py:1159} INFO - Dependencies all met for <TaskInstance: get_crypto_dag.DOGE scheduled__2024-09-28T00:00:00+00:00 [queued]>
[2024-10-09 10:40:18,930] {taskinstance.py:1159} INFO - Dependencies all met for <TaskInstance: get_crypto_dag.DOGE scheduled__2024-09-28T00:00:00+00:00 [queued]>
[2024-10-09 10:40:18,930] {taskinstance.py:1356} INFO - 
--------------------------------------------------------------------------------
[2024-10-09 10:40:18,930] {taskinstance.py:1357} INFO - Starting attempt 1 of 1
[2024-10-09 10:40:18,931] {taskinstance.py:1358} INFO - 
--------------------------------------------------------------------------------
[2024-10-09 10:40:18,978] {taskinstance.py:1377} INFO - Executing <Task(_PythonDecoratedOperator): DOGE> on 2024-09-28 00:00:00+00:00
[2024-10-09 10:40:18,994] {standard_task_runner.py:52} INFO - Started process 67043 to run task
[2024-10-09 10:40:18,999] {standard_task_runner.py:79} INFO - Running: ['airflow', 'tasks', 'run', 'get_crypto_dag', 'DOGE', 'scheduled__2024-09-28T00:00:00+00:00', '--job-id', '437', '--raw', '--subdir', 'DAGS_FOLDER/get_crypto.py', '--cfg-path', '/tmp/tmpemz_b5bu', '--error-file', '/tmp/tmp862gtj6w']
[2024-10-09 10:40:19,001] {standard_task_runner.py:80} INFO - Job 437: Subtask DOGE
[2024-10-09 10:40:19,446] {task_command.py:370} INFO - Running <TaskInstance: get_crypto_dag.DOGE scheduled__2024-09-28T00:00:00+00:00 [running]> on host ken
[2024-10-09 10:40:19,663] {taskinstance.py:1569} INFO - Exporting the following env vars:
AIRFLOW_CTX_DAG_OWNER=airflow
AIRFLOW_CTX_DAG_ID=get_crypto_dag
AIRFLOW_CTX_TASK_ID=DOGE
AIRFLOW_CTX_EXECUTION_DATE=2024-09-28T00:00:00+00:00
AIRFLOW_CTX_TRY_NUMBER=1
AIRFLOW_CTX_DAG_RUN_ID=scheduled__2024-09-28T00:00:00+00:00
[2024-10-09 10:40:23,143] {history.py:122} ERROR - $DOGE: possibly delisted; no timezone found
[2024-10-09 10:40:33,161] {python.py:173} INFO - Done. Returned value was: None
[2024-10-09 10:40:33,182] {taskinstance.py:1395} INFO - Marking task as SUCCESS. dag_id=get_crypto_dag, task_id=DOGE, execution_date=20240928T000000, start_date=20241009T134018, end_date=20241009T134033
[2024-10-09 10:40:33,399] {local_task_job.py:156} INFO - Task exited with return code 0
[2024-10-09 10:40:33,880] {local_task_job.py:273} INFO - 0 downstream tasks scheduled from follow-on schedule check
