[2024-10-08 23:22:02,577] {taskinstance.py:1159} INFO - Dependencies all met for <TaskInstance: get_stocks_dag.AAPL scheduled__2024-10-08T00:00:00+00:00 [queued]>
[2024-10-08 23:22:02,625] {taskinstance.py:1159} INFO - Dependencies all met for <TaskInstance: get_stocks_dag.AAPL scheduled__2024-10-08T00:00:00+00:00 [queued]>
[2024-10-08 23:22:02,625] {taskinstance.py:1356} INFO - 
--------------------------------------------------------------------------------
[2024-10-08 23:22:02,625] {taskinstance.py:1357} INFO - Starting attempt 1 of 1
[2024-10-08 23:22:02,625] {taskinstance.py:1358} INFO - 
--------------------------------------------------------------------------------
[2024-10-08 23:22:02,685] {taskinstance.py:1377} INFO - Executing <Task(_PythonDecoratedOperator): AAPL> on 2024-10-08 00:00:00+00:00
[2024-10-08 23:22:02,698] {standard_task_runner.py:52} INFO - Started process 23621 to run task
[2024-10-08 23:22:02,715] {standard_task_runner.py:79} INFO - Running: ['airflow', 'tasks', 'run', 'get_stocks_dag', 'AAPL', 'scheduled__2024-10-08T00:00:00+00:00', '--job-id', '63', '--raw', '--subdir', 'DAGS_FOLDER/get_stocks.py', '--cfg-path', '/tmp/tmpyax_s0xx', '--error-file', '/tmp/tmpoaj117lh']
[2024-10-08 23:22:02,717] {standard_task_runner.py:80} INFO - Job 63: Subtask AAPL
[2024-10-08 23:22:03,025] {task_command.py:370} INFO - Running <TaskInstance: get_stocks_dag.AAPL scheduled__2024-10-08T00:00:00+00:00 [running]> on host ken
[2024-10-08 23:22:03,340] {taskinstance.py:1569} INFO - Exporting the following env vars:
AIRFLOW_CTX_DAG_OWNER=airflow
AIRFLOW_CTX_DAG_ID=get_stocks_dag
AIRFLOW_CTX_TASK_ID=AAPL
AIRFLOW_CTX_EXECUTION_DATE=2024-10-08T00:00:00+00:00
AIRFLOW_CTX_TRY_NUMBER=1
AIRFLOW_CTX_DAG_RUN_ID=scheduled__2024-10-08T00:00:00+00:00
[2024-10-08 23:22:14,183] {python.py:173} INFO - Done. Returned value was: None
[2024-10-08 23:22:15,049] {taskinstance.py:1395} INFO - Marking task as SUCCESS. dag_id=get_stocks_dag, task_id=AAPL, execution_date=20241008T000000, start_date=20241009T022202, end_date=20241009T022215
[2024-10-08 23:22:15,331] {local_task_job.py:156} INFO - Task exited with return code 0
[2024-10-08 23:22:15,916] {local_task_job.py:273} INFO - 0 downstream tasks scheduled from follow-on schedule check
[2024-10-09 01:02:39,486] {taskinstance.py:1159} INFO - Dependencies all met for <TaskInstance: get_stocks_dag.AAPL scheduled__2024-10-08T00:00:00+00:00 [queued]>
[2024-10-09 01:02:39,497] {taskinstance.py:1159} INFO - Dependencies all met for <TaskInstance: get_stocks_dag.AAPL scheduled__2024-10-08T00:00:00+00:00 [queued]>
[2024-10-09 01:02:39,497] {taskinstance.py:1356} INFO - 
--------------------------------------------------------------------------------
[2024-10-09 01:02:39,497] {taskinstance.py:1357} INFO - Starting attempt 1 of 1
[2024-10-09 01:02:39,497] {taskinstance.py:1358} INFO - 
--------------------------------------------------------------------------------
[2024-10-09 01:02:39,523] {taskinstance.py:1377} INFO - Executing <Task(_PythonDecoratedOperator): AAPL> on 2024-10-08 00:00:00+00:00
[2024-10-09 01:02:39,529] {standard_task_runner.py:52} INFO - Started process 46009 to run task
[2024-10-09 01:02:39,532] {standard_task_runner.py:79} INFO - Running: ['airflow', 'tasks', 'run', 'get_stocks_dag', 'AAPL', 'scheduled__2024-10-08T00:00:00+00:00', '--job-id', '129', '--raw', '--subdir', 'DAGS_FOLDER/get_stocks.py', '--cfg-path', '/tmp/tmpnmba00yv', '--error-file', '/tmp/tmp83tkqsdh']
[2024-10-09 01:02:39,533] {standard_task_runner.py:80} INFO - Job 129: Subtask AAPL
[2024-10-09 01:02:39,636] {task_command.py:370} INFO - Running <TaskInstance: get_stocks_dag.AAPL scheduled__2024-10-08T00:00:00+00:00 [running]> on host ken
[2024-10-09 01:02:39,762] {taskinstance.py:1569} INFO - Exporting the following env vars:
AIRFLOW_CTX_DAG_OWNER=airflow
AIRFLOW_CTX_DAG_ID=get_stocks_dag
AIRFLOW_CTX_TASK_ID=AAPL
AIRFLOW_CTX_EXECUTION_DATE=2024-10-08T00:00:00+00:00
AIRFLOW_CTX_TRY_NUMBER=1
AIRFLOW_CTX_DAG_RUN_ID=scheduled__2024-10-08T00:00:00+00:00
[2024-10-09 01:02:43,527] {history.py:244} ERROR - $AAPL: possibly delisted; no price data found  (1h 2024-10-07 -> 2024-10-08)
[2024-10-09 01:02:43,534] {python.py:173} INFO - Done. Returned value was: None
[2024-10-09 01:02:43,574] {taskinstance.py:1395} INFO - Marking task as SUCCESS. dag_id=get_stocks_dag, task_id=AAPL, execution_date=20241008T000000, start_date=20241009T040239, end_date=20241009T040243
[2024-10-09 01:02:43,639] {local_task_job.py:156} INFO - Task exited with return code 0
[2024-10-09 01:02:43,700] {local_task_job.py:273} INFO - 0 downstream tasks scheduled from follow-on schedule check
[2024-10-09 09:35:28,633] {taskinstance.py:1159} INFO - Dependencies all met for <TaskInstance: get_stocks_dag.AAPL scheduled__2024-10-08T00:00:00+00:00 [queued]>
[2024-10-09 09:35:28,657] {taskinstance.py:1159} INFO - Dependencies all met for <TaskInstance: get_stocks_dag.AAPL scheduled__2024-10-08T00:00:00+00:00 [queued]>
[2024-10-09 09:35:28,657] {taskinstance.py:1356} INFO - 
--------------------------------------------------------------------------------
[2024-10-09 09:35:28,657] {taskinstance.py:1357} INFO - Starting attempt 1 of 1
[2024-10-09 09:35:28,657] {taskinstance.py:1358} INFO - 
--------------------------------------------------------------------------------
[2024-10-09 09:35:28,717] {taskinstance.py:1377} INFO - Executing <Task(_PythonDecoratedOperator): AAPL> on 2024-10-08 00:00:00+00:00
[2024-10-09 09:35:28,734] {standard_task_runner.py:52} INFO - Started process 17414 to run task
[2024-10-09 09:35:28,744] {standard_task_runner.py:79} INFO - Running: ['airflow', 'tasks', 'run', 'get_stocks_dag', 'AAPL', 'scheduled__2024-10-08T00:00:00+00:00', '--job-id', '194', '--raw', '--subdir', 'DAGS_FOLDER/get_stocks.py', '--cfg-path', '/tmp/tmp3yiiky33', '--error-file', '/tmp/tmpw6dz2it2']
[2024-10-09 09:35:28,748] {standard_task_runner.py:80} INFO - Job 194: Subtask AAPL
[2024-10-09 09:35:29,240] {task_command.py:370} INFO - Running <TaskInstance: get_stocks_dag.AAPL scheduled__2024-10-08T00:00:00+00:00 [running]> on host ken
[2024-10-09 09:35:29,463] {taskinstance.py:1569} INFO - Exporting the following env vars:
AIRFLOW_CTX_DAG_OWNER=airflow
AIRFLOW_CTX_DAG_ID=get_stocks_dag
AIRFLOW_CTX_TASK_ID=AAPL
AIRFLOW_CTX_EXECUTION_DATE=2024-10-08T00:00:00+00:00
AIRFLOW_CTX_TRY_NUMBER=1
AIRFLOW_CTX_DAG_RUN_ID=scheduled__2024-10-08T00:00:00+00:00
[2024-10-09 09:35:29,872] {python.py:173} INFO - Done. Returned value was: None
[2024-10-09 09:35:29,908] {taskinstance.py:1395} INFO - Marking task as SUCCESS. dag_id=get_stocks_dag, task_id=AAPL, execution_date=20241008T000000, start_date=20241009T123528, end_date=20241009T123529
[2024-10-09 09:35:29,978] {local_task_job.py:156} INFO - Task exited with return code 0
[2024-10-09 09:35:30,108] {local_task_job.py:273} INFO - 0 downstream tasks scheduled from follow-on schedule check
[2024-10-09 09:44:56,602] {taskinstance.py:1159} INFO - Dependencies all met for <TaskInstance: get_stocks_dag.AAPL scheduled__2024-10-08T00:00:00+00:00 [queued]>
[2024-10-09 09:44:56,647] {taskinstance.py:1159} INFO - Dependencies all met for <TaskInstance: get_stocks_dag.AAPL scheduled__2024-10-08T00:00:00+00:00 [queued]>
[2024-10-09 09:44:56,647] {taskinstance.py:1356} INFO - 
--------------------------------------------------------------------------------
[2024-10-09 09:44:56,647] {taskinstance.py:1357} INFO - Starting attempt 1 of 1
[2024-10-09 09:44:56,647] {taskinstance.py:1358} INFO - 
--------------------------------------------------------------------------------
[2024-10-09 09:44:56,703] {taskinstance.py:1377} INFO - Executing <Task(_PythonDecoratedOperator): AAPL> on 2024-10-08 00:00:00+00:00
[2024-10-09 09:44:56,710] {standard_task_runner.py:52} INFO - Started process 25191 to run task
[2024-10-09 09:44:56,713] {standard_task_runner.py:79} INFO - Running: ['airflow', 'tasks', 'run', 'get_stocks_dag', 'AAPL', 'scheduled__2024-10-08T00:00:00+00:00', '--job-id', '258', '--raw', '--subdir', 'DAGS_FOLDER/get_stocks.py', '--cfg-path', '/tmp/tmpqkr_kpyy', '--error-file', '/tmp/tmptbbyj0pg']
[2024-10-09 09:44:56,714] {standard_task_runner.py:80} INFO - Job 258: Subtask AAPL
[2024-10-09 09:44:57,059] {task_command.py:370} INFO - Running <TaskInstance: get_stocks_dag.AAPL scheduled__2024-10-08T00:00:00+00:00 [running]> on host ken
[2024-10-09 09:44:57,543] {taskinstance.py:1569} INFO - Exporting the following env vars:
AIRFLOW_CTX_DAG_OWNER=airflow
AIRFLOW_CTX_DAG_ID=get_stocks_dag
AIRFLOW_CTX_TASK_ID=AAPL
AIRFLOW_CTX_EXECUTION_DATE=2024-10-08T00:00:00+00:00
AIRFLOW_CTX_TRY_NUMBER=1
AIRFLOW_CTX_DAG_RUN_ID=scheduled__2024-10-08T00:00:00+00:00
[2024-10-09 09:44:58,934] {python.py:173} INFO - Done. Returned value was: None
[2024-10-09 09:44:59,702] {taskinstance.py:1395} INFO - Marking task as SUCCESS. dag_id=get_stocks_dag, task_id=AAPL, execution_date=20241008T000000, start_date=20241009T124456, end_date=20241009T124459
[2024-10-09 09:45:00,105] {local_task_job.py:156} INFO - Task exited with return code 0
[2024-10-09 09:45:00,323] {local_task_job.py:273} INFO - 0 downstream tasks scheduled from follow-on schedule check
[2024-10-09 09:49:02,708] {taskinstance.py:1159} INFO - Dependencies all met for <TaskInstance: get_stocks_dag.AAPL scheduled__2024-10-08T00:00:00+00:00 [queued]>
[2024-10-09 09:49:02,750] {taskinstance.py:1159} INFO - Dependencies all met for <TaskInstance: get_stocks_dag.AAPL scheduled__2024-10-08T00:00:00+00:00 [queued]>
[2024-10-09 09:49:02,751] {taskinstance.py:1356} INFO - 
--------------------------------------------------------------------------------
[2024-10-09 09:49:02,751] {taskinstance.py:1357} INFO - Starting attempt 1 of 1
[2024-10-09 09:49:02,751] {taskinstance.py:1358} INFO - 
--------------------------------------------------------------------------------
[2024-10-09 09:49:03,690] {taskinstance.py:1377} INFO - Executing <Task(_PythonDecoratedOperator): AAPL> on 2024-10-08 00:00:00+00:00
[2024-10-09 09:49:03,709] {standard_task_runner.py:52} INFO - Started process 31932 to run task
[2024-10-09 09:49:03,721] {standard_task_runner.py:79} INFO - Running: ['airflow', 'tasks', 'run', 'get_stocks_dag', 'AAPL', 'scheduled__2024-10-08T00:00:00+00:00', '--job-id', '321', '--raw', '--subdir', 'DAGS_FOLDER/get_stocks.py', '--cfg-path', '/tmp/tmpzavrsntx', '--error-file', '/tmp/tmpv265sw9r']
[2024-10-09 09:49:03,724] {standard_task_runner.py:80} INFO - Job 321: Subtask AAPL
[2024-10-09 09:49:04,123] {task_command.py:370} INFO - Running <TaskInstance: get_stocks_dag.AAPL scheduled__2024-10-08T00:00:00+00:00 [running]> on host ken
[2024-10-09 09:49:04,277] {taskinstance.py:1569} INFO - Exporting the following env vars:
AIRFLOW_CTX_DAG_OWNER=airflow
AIRFLOW_CTX_DAG_ID=get_stocks_dag
AIRFLOW_CTX_TASK_ID=AAPL
AIRFLOW_CTX_EXECUTION_DATE=2024-10-08T00:00:00+00:00
AIRFLOW_CTX_TRY_NUMBER=1
AIRFLOW_CTX_DAG_RUN_ID=scheduled__2024-10-08T00:00:00+00:00
[2024-10-09 09:49:04,953] {python.py:173} INFO - Done. Returned value was: None
[2024-10-09 09:49:05,007] {taskinstance.py:1395} INFO - Marking task as SUCCESS. dag_id=get_stocks_dag, task_id=AAPL, execution_date=20241008T000000, start_date=20241009T124902, end_date=20241009T124905
[2024-10-09 09:49:05,218] {local_task_job.py:156} INFO - Task exited with return code 0
[2024-10-09 09:49:05,666] {local_task_job.py:273} INFO - 0 downstream tasks scheduled from follow-on schedule check
[2024-10-09 10:48:09,451] {taskinstance.py:1159} INFO - Dependencies all met for <TaskInstance: get_stocks_dag.AAPL scheduled__2024-10-08T00:00:00+00:00 [queued]>
[2024-10-09 10:48:09,464] {taskinstance.py:1159} INFO - Dependencies all met for <TaskInstance: get_stocks_dag.AAPL scheduled__2024-10-08T00:00:00+00:00 [queued]>
[2024-10-09 10:48:09,465] {taskinstance.py:1356} INFO - 
--------------------------------------------------------------------------------
[2024-10-09 10:48:09,465] {taskinstance.py:1357} INFO - Starting attempt 1 of 1
[2024-10-09 10:48:09,465] {taskinstance.py:1358} INFO - 
--------------------------------------------------------------------------------
[2024-10-09 10:48:10,509] {taskinstance.py:1377} INFO - Executing <Task(_PythonDecoratedOperator): AAPL> on 2024-10-08 00:00:00+00:00
[2024-10-09 10:48:10,527] {standard_task_runner.py:52} INFO - Started process 78537 to run task
[2024-10-09 10:48:10,540] {standard_task_runner.py:79} INFO - Running: ['airflow', 'tasks', 'run', 'get_stocks_dag', 'AAPL', 'scheduled__2024-10-08T00:00:00+00:00', '--job-id', '499', '--raw', '--subdir', 'DAGS_FOLDER/get_stocks.py', '--cfg-path', '/tmp/tmpmgxlnjc7', '--error-file', '/tmp/tmp_szgekdq']
[2024-10-09 10:48:10,545] {standard_task_runner.py:80} INFO - Job 499: Subtask AAPL
[2024-10-09 10:48:11,090] {task_command.py:370} INFO - Running <TaskInstance: get_stocks_dag.AAPL scheduled__2024-10-08T00:00:00+00:00 [running]> on host ken
[2024-10-09 10:48:11,284] {taskinstance.py:1569} INFO - Exporting the following env vars:
AIRFLOW_CTX_DAG_OWNER=airflow
AIRFLOW_CTX_DAG_ID=get_stocks_dag
AIRFLOW_CTX_TASK_ID=AAPL
AIRFLOW_CTX_EXECUTION_DATE=2024-10-08T00:00:00+00:00
AIRFLOW_CTX_TRY_NUMBER=1
AIRFLOW_CTX_DAG_RUN_ID=scheduled__2024-10-08T00:00:00+00:00
[2024-10-09 10:48:22,350] {python.py:173} INFO - Done. Returned value was: None
[2024-10-09 10:48:22,402] {taskinstance.py:1395} INFO - Marking task as SUCCESS. dag_id=get_stocks_dag, task_id=AAPL, execution_date=20241008T000000, start_date=20241009T134809, end_date=20241009T134822
[2024-10-09 10:48:22,495] {local_task_job.py:156} INFO - Task exited with return code 0
[2024-10-09 10:48:22,642] {local_task_job.py:273} INFO - 0 downstream tasks scheduled from follow-on schedule check
