[2024-10-08 17:19:22,874] {taskinstance.py:1159} INFO - Dependencies all met for <TaskInstance: get_stocks_dag.AAPL scheduled__2024-09-26T00:00:00+00:00 [queued]>
[2024-10-08 17:19:22,880] {taskinstance.py:1159} INFO - Dependencies all met for <TaskInstance: get_stocks_dag.AAPL scheduled__2024-09-26T00:00:00+00:00 [queued]>
[2024-10-08 17:19:22,880] {taskinstance.py:1356} INFO - 
--------------------------------------------------------------------------------
[2024-10-08 17:19:22,880] {taskinstance.py:1357} INFO - Starting attempt 1 of 1
[2024-10-08 17:19:22,880] {taskinstance.py:1358} INFO - 
--------------------------------------------------------------------------------
[2024-10-08 17:19:22,969] {taskinstance.py:1377} INFO - Executing <Task(_PythonDecoratedOperator): AAPL> on 2024-09-26 00:00:00+00:00
[2024-10-08 17:19:22,979] {standard_task_runner.py:52} INFO - Started process 37596 to run task
[2024-10-08 17:19:22,986] {standard_task_runner.py:79} INFO - Running: ['airflow', 'tasks', 'run', 'get_stocks_dag', 'AAPL', 'scheduled__2024-09-26T00:00:00+00:00', '--job-id', '166', '--raw', '--subdir', 'DAGS_FOLDER/get_stocks.py', '--cfg-path', '/tmp/tmpez5ijdw_', '--error-file', '/tmp/tmpzgp5xg6v']
[2024-10-08 17:19:22,988] {standard_task_runner.py:80} INFO - Job 166: Subtask AAPL
[2024-10-08 17:19:23,126] {task_command.py:370} INFO - Running <TaskInstance: get_stocks_dag.AAPL scheduled__2024-09-26T00:00:00+00:00 [running]> on host ken
[2024-10-08 17:19:24,069] {taskinstance.py:1569} INFO - Exporting the following env vars:
AIRFLOW_CTX_DAG_OWNER=airflow
AIRFLOW_CTX_DAG_ID=get_stocks_dag
AIRFLOW_CTX_TASK_ID=AAPL
AIRFLOW_CTX_EXECUTION_DATE=2024-09-26T00:00:00+00:00
AIRFLOW_CTX_TRY_NUMBER=1
AIRFLOW_CTX_DAG_RUN_ID=scheduled__2024-09-26T00:00:00+00:00
[2024-10-08 17:19:24,727] {python.py:173} INFO - Done. Returned value was: None
[2024-10-08 17:19:24,733] {taskinstance.py:1395} INFO - Marking task as SUCCESS. dag_id=get_stocks_dag, task_id=AAPL, execution_date=20240926T000000, start_date=20241008T201922, end_date=20241008T201924
[2024-10-08 17:19:24,969] {local_task_job.py:156} INFO - Task exited with return code 0
[2024-10-08 17:19:24,985] {local_task_job.py:273} INFO - 0 downstream tasks scheduled from follow-on schedule check
[2024-10-08 23:21:38,982] {taskinstance.py:1159} INFO - Dependencies all met for <TaskInstance: get_stocks_dag.AAPL scheduled__2024-09-26T00:00:00+00:00 [queued]>
[2024-10-08 23:21:39,014] {taskinstance.py:1159} INFO - Dependencies all met for <TaskInstance: get_stocks_dag.AAPL scheduled__2024-09-26T00:00:00+00:00 [queued]>
[2024-10-08 23:21:39,015] {taskinstance.py:1356} INFO - 
--------------------------------------------------------------------------------
[2024-10-08 23:21:39,015] {taskinstance.py:1357} INFO - Starting attempt 1 of 1
[2024-10-08 23:21:39,015] {taskinstance.py:1358} INFO - 
--------------------------------------------------------------------------------
[2024-10-08 23:21:39,083] {taskinstance.py:1377} INFO - Executing <Task(_PythonDecoratedOperator): AAPL> on 2024-09-26 00:00:00+00:00
[2024-10-08 23:21:39,094] {standard_task_runner.py:52} INFO - Started process 21955 to run task
[2024-10-08 23:21:39,100] {standard_task_runner.py:79} INFO - Running: ['airflow', 'tasks', 'run', 'get_stocks_dag', 'AAPL', 'scheduled__2024-09-26T00:00:00+00:00', '--job-id', '34', '--raw', '--subdir', 'DAGS_FOLDER/get_stocks.py', '--cfg-path', '/tmp/tmptmhqg2oe', '--error-file', '/tmp/tmp6ieyk51s']
[2024-10-08 23:21:39,119] {standard_task_runner.py:80} INFO - Job 34: Subtask AAPL
[2024-10-08 23:21:39,350] {task_command.py:370} INFO - Running <TaskInstance: get_stocks_dag.AAPL scheduled__2024-09-26T00:00:00+00:00 [running]> on host ken
[2024-10-08 23:21:39,663] {taskinstance.py:1569} INFO - Exporting the following env vars:
AIRFLOW_CTX_DAG_OWNER=airflow
AIRFLOW_CTX_DAG_ID=get_stocks_dag
AIRFLOW_CTX_TASK_ID=AAPL
AIRFLOW_CTX_EXECUTION_DATE=2024-09-26T00:00:00+00:00
AIRFLOW_CTX_TRY_NUMBER=1
AIRFLOW_CTX_DAG_RUN_ID=scheduled__2024-09-26T00:00:00+00:00
[2024-10-08 23:21:40,556] {python.py:173} INFO - Done. Returned value was: None
[2024-10-08 23:21:41,058] {taskinstance.py:1395} INFO - Marking task as SUCCESS. dag_id=get_stocks_dag, task_id=AAPL, execution_date=20240926T000000, start_date=20241009T022138, end_date=20241009T022141
[2024-10-08 23:21:41,244] {local_task_job.py:156} INFO - Task exited with return code 0
[2024-10-08 23:21:41,780] {local_task_job.py:273} INFO - 0 downstream tasks scheduled from follow-on schedule check
[2024-10-09 01:00:32,047] {taskinstance.py:1159} INFO - Dependencies all met for <TaskInstance: get_stocks_dag.AAPL scheduled__2024-09-26T00:00:00+00:00 [queued]>
[2024-10-09 01:00:32,056] {taskinstance.py:1159} INFO - Dependencies all met for <TaskInstance: get_stocks_dag.AAPL scheduled__2024-09-26T00:00:00+00:00 [queued]>
[2024-10-09 01:00:32,056] {taskinstance.py:1356} INFO - 
--------------------------------------------------------------------------------
[2024-10-09 01:00:32,056] {taskinstance.py:1357} INFO - Starting attempt 1 of 1
[2024-10-09 01:00:32,056] {taskinstance.py:1358} INFO - 
--------------------------------------------------------------------------------
[2024-10-09 01:00:32,081] {taskinstance.py:1377} INFO - Executing <Task(_PythonDecoratedOperator): AAPL> on 2024-09-26 00:00:00+00:00
[2024-10-09 01:00:32,087] {standard_task_runner.py:52} INFO - Started process 40303 to run task
[2024-10-09 01:00:32,091] {standard_task_runner.py:79} INFO - Running: ['airflow', 'tasks', 'run', 'get_stocks_dag', 'AAPL', 'scheduled__2024-09-26T00:00:00+00:00', '--job-id', '97', '--raw', '--subdir', 'DAGS_FOLDER/get_stocks.py', '--cfg-path', '/tmp/tmpisi2svrx', '--error-file', '/tmp/tmpc3vosg90']
[2024-10-09 01:00:32,091] {standard_task_runner.py:80} INFO - Job 97: Subtask AAPL
[2024-10-09 01:00:32,189] {task_command.py:370} INFO - Running <TaskInstance: get_stocks_dag.AAPL scheduled__2024-09-26T00:00:00+00:00 [running]> on host ken
[2024-10-09 01:00:32,316] {taskinstance.py:1569} INFO - Exporting the following env vars:
AIRFLOW_CTX_DAG_OWNER=airflow
AIRFLOW_CTX_DAG_ID=get_stocks_dag
AIRFLOW_CTX_TASK_ID=AAPL
AIRFLOW_CTX_EXECUTION_DATE=2024-09-26T00:00:00+00:00
AIRFLOW_CTX_TRY_NUMBER=1
AIRFLOW_CTX_DAG_RUN_ID=scheduled__2024-09-26T00:00:00+00:00
[2024-10-09 01:00:35,988] {history.py:244} ERROR - $AAPL: possibly delisted; no price data found  (1h 2024-09-25 -> 2024-09-26)
[2024-10-09 01:00:35,991] {python.py:173} INFO - Done. Returned value was: None
[2024-10-09 01:00:36,008] {taskinstance.py:1395} INFO - Marking task as SUCCESS. dag_id=get_stocks_dag, task_id=AAPL, execution_date=20240926T000000, start_date=20241009T040032, end_date=20241009T040036
[2024-10-09 01:00:36,162] {local_task_job.py:156} INFO - Task exited with return code 0
[2024-10-09 01:00:36,548] {local_task_job.py:273} INFO - 0 downstream tasks scheduled from follow-on schedule check
[2024-10-09 09:34:12,934] {taskinstance.py:1159} INFO - Dependencies all met for <TaskInstance: get_stocks_dag.AAPL scheduled__2024-09-26T00:00:00+00:00 [queued]>
[2024-10-09 09:34:12,946] {taskinstance.py:1159} INFO - Dependencies all met for <TaskInstance: get_stocks_dag.AAPL scheduled__2024-09-26T00:00:00+00:00 [queued]>
[2024-10-09 09:34:12,946] {taskinstance.py:1356} INFO - 
--------------------------------------------------------------------------------
[2024-10-09 09:34:12,946] {taskinstance.py:1357} INFO - Starting attempt 1 of 1
[2024-10-09 09:34:12,946] {taskinstance.py:1358} INFO - 
--------------------------------------------------------------------------------
[2024-10-09 09:34:12,981] {taskinstance.py:1377} INFO - Executing <Task(_PythonDecoratedOperator): AAPL> on 2024-09-26 00:00:00+00:00
[2024-10-09 09:34:12,987] {standard_task_runner.py:52} INFO - Started process 14839 to run task
[2024-10-09 09:34:12,991] {standard_task_runner.py:79} INFO - Running: ['airflow', 'tasks', 'run', 'get_stocks_dag', 'AAPL', 'scheduled__2024-09-26T00:00:00+00:00', '--job-id', '162', '--raw', '--subdir', 'DAGS_FOLDER/get_stocks.py', '--cfg-path', '/tmp/tmp3iz1e9il', '--error-file', '/tmp/tmpqmlh637q']
[2024-10-09 09:34:12,992] {standard_task_runner.py:80} INFO - Job 162: Subtask AAPL
[2024-10-09 09:34:13,231] {task_command.py:370} INFO - Running <TaskInstance: get_stocks_dag.AAPL scheduled__2024-09-26T00:00:00+00:00 [running]> on host ken
[2024-10-09 09:34:13,537] {taskinstance.py:1569} INFO - Exporting the following env vars:
AIRFLOW_CTX_DAG_OWNER=airflow
AIRFLOW_CTX_DAG_ID=get_stocks_dag
AIRFLOW_CTX_TASK_ID=AAPL
AIRFLOW_CTX_EXECUTION_DATE=2024-09-26T00:00:00+00:00
AIRFLOW_CTX_TRY_NUMBER=1
AIRFLOW_CTX_DAG_RUN_ID=scheduled__2024-09-26T00:00:00+00:00
[2024-10-09 09:34:14,002] {python.py:173} INFO - Done. Returned value was: None
[2024-10-09 09:34:14,039] {taskinstance.py:1395} INFO - Marking task as SUCCESS. dag_id=get_stocks_dag, task_id=AAPL, execution_date=20240926T000000, start_date=20241009T123412, end_date=20241009T123414
[2024-10-09 09:34:14,210] {local_task_job.py:156} INFO - Task exited with return code 0
[2024-10-09 09:34:14,726] {local_task_job.py:273} INFO - 0 downstream tasks scheduled from follow-on schedule check
[2024-10-09 09:43:39,225] {taskinstance.py:1159} INFO - Dependencies all met for <TaskInstance: get_stocks_dag.AAPL scheduled__2024-09-26T00:00:00+00:00 [queued]>
[2024-10-09 09:43:39,242] {taskinstance.py:1159} INFO - Dependencies all met for <TaskInstance: get_stocks_dag.AAPL scheduled__2024-09-26T00:00:00+00:00 [queued]>
[2024-10-09 09:43:39,242] {taskinstance.py:1356} INFO - 
--------------------------------------------------------------------------------
[2024-10-09 09:43:39,242] {taskinstance.py:1357} INFO - Starting attempt 1 of 1
[2024-10-09 09:43:39,242] {taskinstance.py:1358} INFO - 
--------------------------------------------------------------------------------
[2024-10-09 09:43:39,282] {taskinstance.py:1377} INFO - Executing <Task(_PythonDecoratedOperator): AAPL> on 2024-09-26 00:00:00+00:00
[2024-10-09 09:43:39,291] {standard_task_runner.py:52} INFO - Started process 22487 to run task
[2024-10-09 09:43:39,294] {standard_task_runner.py:79} INFO - Running: ['airflow', 'tasks', 'run', 'get_stocks_dag', 'AAPL', 'scheduled__2024-09-26T00:00:00+00:00', '--job-id', '226', '--raw', '--subdir', 'DAGS_FOLDER/get_stocks.py', '--cfg-path', '/tmp/tmps12gxww3', '--error-file', '/tmp/tmprohoyumf']
[2024-10-09 09:43:39,295] {standard_task_runner.py:80} INFO - Job 226: Subtask AAPL
[2024-10-09 09:43:39,543] {task_command.py:370} INFO - Running <TaskInstance: get_stocks_dag.AAPL scheduled__2024-09-26T00:00:00+00:00 [running]> on host ken
[2024-10-09 09:43:39,687] {taskinstance.py:1569} INFO - Exporting the following env vars:
AIRFLOW_CTX_DAG_OWNER=airflow
AIRFLOW_CTX_DAG_ID=get_stocks_dag
AIRFLOW_CTX_TASK_ID=AAPL
AIRFLOW_CTX_EXECUTION_DATE=2024-09-26T00:00:00+00:00
AIRFLOW_CTX_TRY_NUMBER=1
AIRFLOW_CTX_DAG_RUN_ID=scheduled__2024-09-26T00:00:00+00:00
[2024-10-09 09:43:40,728] {python.py:173} INFO - Done. Returned value was: None
[2024-10-09 09:43:40,751] {taskinstance.py:1395} INFO - Marking task as SUCCESS. dag_id=get_stocks_dag, task_id=AAPL, execution_date=20240926T000000, start_date=20241009T124339, end_date=20241009T124340
[2024-10-09 09:43:41,916] {local_task_job.py:156} INFO - Task exited with return code 0
[2024-10-09 09:43:42,391] {local_task_job.py:273} INFO - 0 downstream tasks scheduled from follow-on schedule check
[2024-10-09 09:47:45,031] {taskinstance.py:1159} INFO - Dependencies all met for <TaskInstance: get_stocks_dag.AAPL scheduled__2024-09-26T00:00:00+00:00 [queued]>
[2024-10-09 09:47:46,111] {taskinstance.py:1159} INFO - Dependencies all met for <TaskInstance: get_stocks_dag.AAPL scheduled__2024-09-26T00:00:00+00:00 [queued]>
[2024-10-09 09:47:46,111] {taskinstance.py:1356} INFO - 
--------------------------------------------------------------------------------
[2024-10-09 09:47:46,111] {taskinstance.py:1357} INFO - Starting attempt 1 of 1
[2024-10-09 09:47:46,112] {taskinstance.py:1358} INFO - 
--------------------------------------------------------------------------------
[2024-10-09 09:47:46,191] {taskinstance.py:1377} INFO - Executing <Task(_PythonDecoratedOperator): AAPL> on 2024-09-26 00:00:00+00:00
[2024-10-09 09:47:46,211] {standard_task_runner.py:52} INFO - Started process 28961 to run task
[2024-10-09 09:47:46,225] {standard_task_runner.py:79} INFO - Running: ['airflow', 'tasks', 'run', 'get_stocks_dag', 'AAPL', 'scheduled__2024-09-26T00:00:00+00:00', '--job-id', '290', '--raw', '--subdir', 'DAGS_FOLDER/get_stocks.py', '--cfg-path', '/tmp/tmpdx1ilpxk', '--error-file', '/tmp/tmp3rfv3_8h']
[2024-10-09 09:47:46,229] {standard_task_runner.py:80} INFO - Job 290: Subtask AAPL
[2024-10-09 09:47:46,575] {task_command.py:370} INFO - Running <TaskInstance: get_stocks_dag.AAPL scheduled__2024-09-26T00:00:00+00:00 [running]> on host ken
[2024-10-09 09:47:46,741] {taskinstance.py:1569} INFO - Exporting the following env vars:
AIRFLOW_CTX_DAG_OWNER=airflow
AIRFLOW_CTX_DAG_ID=get_stocks_dag
AIRFLOW_CTX_TASK_ID=AAPL
AIRFLOW_CTX_EXECUTION_DATE=2024-09-26T00:00:00+00:00
AIRFLOW_CTX_TRY_NUMBER=1
AIRFLOW_CTX_DAG_RUN_ID=scheduled__2024-09-26T00:00:00+00:00
[2024-10-09 09:47:48,041] {python.py:173} INFO - Done. Returned value was: None
[2024-10-09 09:47:48,436] {taskinstance.py:1395} INFO - Marking task as SUCCESS. dag_id=get_stocks_dag, task_id=AAPL, execution_date=20240926T000000, start_date=20241009T124746, end_date=20241009T124748
[2024-10-09 09:47:48,691] {local_task_job.py:156} INFO - Task exited with return code 0
[2024-10-09 09:47:49,176] {local_task_job.py:273} INFO - 0 downstream tasks scheduled from follow-on schedule check
[2024-10-09 10:38:40,873] {taskinstance.py:1159} INFO - Dependencies all met for <TaskInstance: get_stocks_dag.AAPL scheduled__2024-09-26T00:00:00+00:00 [queued]>
[2024-10-09 10:38:40,886] {taskinstance.py:1159} INFO - Dependencies all met for <TaskInstance: get_stocks_dag.AAPL scheduled__2024-09-26T00:00:00+00:00 [queued]>
[2024-10-09 10:38:40,886] {taskinstance.py:1356} INFO - 
--------------------------------------------------------------------------------
[2024-10-09 10:38:40,886] {taskinstance.py:1357} INFO - Starting attempt 1 of 1
[2024-10-09 10:38:40,886] {taskinstance.py:1358} INFO - 
--------------------------------------------------------------------------------
[2024-10-09 10:38:40,928] {taskinstance.py:1377} INFO - Executing <Task(_PythonDecoratedOperator): AAPL> on 2024-09-26 00:00:00+00:00
[2024-10-09 10:38:40,937] {standard_task_runner.py:52} INFO - Started process 64805 to run task
[2024-10-09 10:38:40,941] {standard_task_runner.py:79} INFO - Running: ['airflow', 'tasks', 'run', 'get_stocks_dag', 'AAPL', 'scheduled__2024-09-26T00:00:00+00:00', '--job-id', '425', '--raw', '--subdir', 'DAGS_FOLDER/get_stocks.py', '--cfg-path', '/tmp/tmp3z156o7q', '--error-file', '/tmp/tmpiawgwyrk']
[2024-10-09 10:38:40,942] {standard_task_runner.py:80} INFO - Job 425: Subtask AAPL
[2024-10-09 10:38:41,297] {task_command.py:370} INFO - Running <TaskInstance: get_stocks_dag.AAPL scheduled__2024-09-26T00:00:00+00:00 [running]> on host ken
[2024-10-09 10:38:41,456] {taskinstance.py:1569} INFO - Exporting the following env vars:
AIRFLOW_CTX_DAG_OWNER=airflow
AIRFLOW_CTX_DAG_ID=get_stocks_dag
AIRFLOW_CTX_TASK_ID=AAPL
AIRFLOW_CTX_EXECUTION_DATE=2024-09-26T00:00:00+00:00
AIRFLOW_CTX_TRY_NUMBER=1
AIRFLOW_CTX_DAG_RUN_ID=scheduled__2024-09-26T00:00:00+00:00
[2024-10-09 10:38:52,336] {python.py:173} INFO - Done. Returned value was: None
[2024-10-09 10:38:52,400] {taskinstance.py:1395} INFO - Marking task as SUCCESS. dag_id=get_stocks_dag, task_id=AAPL, execution_date=20240926T000000, start_date=20241009T133840, end_date=20241009T133852
[2024-10-09 10:38:52,604] {local_task_job.py:156} INFO - Task exited with return code 0
[2024-10-09 10:38:52,687] {local_task_job.py:273} INFO - 0 downstream tasks scheduled from follow-on schedule check
