[2024-10-08 23:22:00,553] {taskinstance.py:1159} INFO - Dependencies all met for <TaskInstance: get_stocks_dag.TSLA scheduled__2024-10-04T00:00:00+00:00 [queued]>
[2024-10-08 23:22:00,596] {taskinstance.py:1159} INFO - Dependencies all met for <TaskInstance: get_stocks_dag.TSLA scheduled__2024-10-04T00:00:00+00:00 [queued]>
[2024-10-08 23:22:00,596] {taskinstance.py:1356} INFO - 
--------------------------------------------------------------------------------
[2024-10-08 23:22:00,597] {taskinstance.py:1357} INFO - Starting attempt 1 of 1
[2024-10-08 23:22:00,597] {taskinstance.py:1358} INFO - 
--------------------------------------------------------------------------------
[2024-10-08 23:22:00,718] {taskinstance.py:1377} INFO - Executing <Task(_PythonDecoratedOperator): TSLA> on 2024-10-04 00:00:00+00:00
[2024-10-08 23:22:00,779] {standard_task_runner.py:52} INFO - Started process 23460 to run task
[2024-10-08 23:22:00,802] {standard_task_runner.py:79} INFO - Running: ['airflow', 'tasks', 'run', 'get_stocks_dag', 'TSLA', 'scheduled__2024-10-04T00:00:00+00:00', '--job-id', '58', '--raw', '--subdir', 'DAGS_FOLDER/get_stocks.py', '--cfg-path', '/tmp/tmpvw5w_2oc', '--error-file', '/tmp/tmp9giucadx']
[2024-10-08 23:22:00,804] {standard_task_runner.py:80} INFO - Job 58: Subtask TSLA
[2024-10-08 23:22:01,445] {task_command.py:370} INFO - Running <TaskInstance: get_stocks_dag.TSLA scheduled__2024-10-04T00:00:00+00:00 [running]> on host ken
[2024-10-08 23:22:02,613] {taskinstance.py:1569} INFO - Exporting the following env vars:
AIRFLOW_CTX_DAG_OWNER=airflow
AIRFLOW_CTX_DAG_ID=get_stocks_dag
AIRFLOW_CTX_TASK_ID=TSLA
AIRFLOW_CTX_EXECUTION_DATE=2024-10-04T00:00:00+00:00
AIRFLOW_CTX_TRY_NUMBER=1
AIRFLOW_CTX_DAG_RUN_ID=scheduled__2024-10-04T00:00:00+00:00
[2024-10-08 23:22:03,859] {python.py:173} INFO - Done. Returned value was: None
[2024-10-08 23:22:03,895] {taskinstance.py:1395} INFO - Marking task as SUCCESS. dag_id=get_stocks_dag, task_id=TSLA, execution_date=20241004T000000, start_date=20241009T022200, end_date=20241009T022203
[2024-10-08 23:22:03,955] {local_task_job.py:156} INFO - Task exited with return code 0
[2024-10-08 23:22:04,055] {local_task_job.py:273} INFO - 0 downstream tasks scheduled from follow-on schedule check
[2024-10-09 01:02:22,544] {taskinstance.py:1159} INFO - Dependencies all met for <TaskInstance: get_stocks_dag.TSLA scheduled__2024-10-04T00:00:00+00:00 [queued]>
[2024-10-09 01:02:22,558] {taskinstance.py:1159} INFO - Dependencies all met for <TaskInstance: get_stocks_dag.TSLA scheduled__2024-10-04T00:00:00+00:00 [queued]>
[2024-10-09 01:02:22,559] {taskinstance.py:1356} INFO - 
--------------------------------------------------------------------------------
[2024-10-09 01:02:22,559] {taskinstance.py:1357} INFO - Starting attempt 1 of 1
[2024-10-09 01:02:22,559] {taskinstance.py:1358} INFO - 
--------------------------------------------------------------------------------
[2024-10-09 01:02:22,591] {taskinstance.py:1377} INFO - Executing <Task(_PythonDecoratedOperator): TSLA> on 2024-10-04 00:00:00+00:00
[2024-10-09 01:02:22,599] {standard_task_runner.py:52} INFO - Started process 45213 to run task
[2024-10-09 01:02:22,604] {standard_task_runner.py:79} INFO - Running: ['airflow', 'tasks', 'run', 'get_stocks_dag', 'TSLA', 'scheduled__2024-10-04T00:00:00+00:00', '--job-id', '124', '--raw', '--subdir', 'DAGS_FOLDER/get_stocks.py', '--cfg-path', '/tmp/tmp15btivtt', '--error-file', '/tmp/tmpormaj63o']
[2024-10-09 01:02:22,605] {standard_task_runner.py:80} INFO - Job 124: Subtask TSLA
[2024-10-09 01:02:22,738] {task_command.py:370} INFO - Running <TaskInstance: get_stocks_dag.TSLA scheduled__2024-10-04T00:00:00+00:00 [running]> on host ken
[2024-10-09 01:02:22,898] {taskinstance.py:1569} INFO - Exporting the following env vars:
AIRFLOW_CTX_DAG_OWNER=airflow
AIRFLOW_CTX_DAG_ID=get_stocks_dag
AIRFLOW_CTX_TASK_ID=TSLA
AIRFLOW_CTX_EXECUTION_DATE=2024-10-04T00:00:00+00:00
AIRFLOW_CTX_TRY_NUMBER=1
AIRFLOW_CTX_DAG_RUN_ID=scheduled__2024-10-04T00:00:00+00:00
[2024-10-09 01:02:26,937] {history.py:244} ERROR - $TSLA: possibly delisted; no price data found  (1h 2024-10-03 -> 2024-10-04)
[2024-10-09 01:02:26,946] {python.py:173} INFO - Done. Returned value was: None
[2024-10-09 01:02:26,972] {taskinstance.py:1395} INFO - Marking task as SUCCESS. dag_id=get_stocks_dag, task_id=TSLA, execution_date=20241004T000000, start_date=20241009T040222, end_date=20241009T040226
[2024-10-09 01:02:28,317] {local_task_job.py:156} INFO - Task exited with return code 0
[2024-10-09 01:02:28,428] {local_task_job.py:273} INFO - 0 downstream tasks scheduled from follow-on schedule check
[2024-10-09 09:35:07,111] {taskinstance.py:1159} INFO - Dependencies all met for <TaskInstance: get_stocks_dag.TSLA scheduled__2024-10-04T00:00:00+00:00 [queued]>
[2024-10-09 09:35:07,218] {taskinstance.py:1159} INFO - Dependencies all met for <TaskInstance: get_stocks_dag.TSLA scheduled__2024-10-04T00:00:00+00:00 [queued]>
[2024-10-09 09:35:07,219] {taskinstance.py:1356} INFO - 
--------------------------------------------------------------------------------
[2024-10-09 09:35:07,219] {taskinstance.py:1357} INFO - Starting attempt 1 of 1
[2024-10-09 09:35:07,219] {taskinstance.py:1358} INFO - 
--------------------------------------------------------------------------------
[2024-10-09 09:35:07,754] {taskinstance.py:1377} INFO - Executing <Task(_PythonDecoratedOperator): TSLA> on 2024-10-04 00:00:00+00:00
[2024-10-09 09:35:07,766] {standard_task_runner.py:52} INFO - Started process 16799 to run task
[2024-10-09 09:35:07,770] {standard_task_runner.py:79} INFO - Running: ['airflow', 'tasks', 'run', 'get_stocks_dag', 'TSLA', 'scheduled__2024-10-04T00:00:00+00:00', '--job-id', '189', '--raw', '--subdir', 'DAGS_FOLDER/get_stocks.py', '--cfg-path', '/tmp/tmpfi8dene8', '--error-file', '/tmp/tmpqgwe9yh9']
[2024-10-09 09:35:07,772] {standard_task_runner.py:80} INFO - Job 189: Subtask TSLA
[2024-10-09 09:35:08,429] {task_command.py:370} INFO - Running <TaskInstance: get_stocks_dag.TSLA scheduled__2024-10-04T00:00:00+00:00 [running]> on host ken
[2024-10-09 09:35:09,085] {taskinstance.py:1569} INFO - Exporting the following env vars:
AIRFLOW_CTX_DAG_OWNER=airflow
AIRFLOW_CTX_DAG_ID=get_stocks_dag
AIRFLOW_CTX_TASK_ID=TSLA
AIRFLOW_CTX_EXECUTION_DATE=2024-10-04T00:00:00+00:00
AIRFLOW_CTX_TRY_NUMBER=1
AIRFLOW_CTX_DAG_RUN_ID=scheduled__2024-10-04T00:00:00+00:00
[2024-10-09 09:35:10,935] {python.py:173} INFO - Done. Returned value was: None
[2024-10-09 09:35:10,988] {taskinstance.py:1395} INFO - Marking task as SUCCESS. dag_id=get_stocks_dag, task_id=TSLA, execution_date=20241004T000000, start_date=20241009T123507, end_date=20241009T123510
[2024-10-09 09:35:11,800] {local_task_job.py:156} INFO - Task exited with return code 0
[2024-10-09 09:35:12,578] {local_task_job.py:273} INFO - 0 downstream tasks scheduled from follow-on schedule check
[2024-10-09 09:44:44,931] {taskinstance.py:1159} INFO - Dependencies all met for <TaskInstance: get_stocks_dag.TSLA scheduled__2024-10-04T00:00:00+00:00 [queued]>
[2024-10-09 09:44:45,056] {taskinstance.py:1159} INFO - Dependencies all met for <TaskInstance: get_stocks_dag.TSLA scheduled__2024-10-04T00:00:00+00:00 [queued]>
[2024-10-09 09:44:45,056] {taskinstance.py:1356} INFO - 
--------------------------------------------------------------------------------
[2024-10-09 09:44:45,056] {taskinstance.py:1357} INFO - Starting attempt 1 of 1
[2024-10-09 09:44:45,056] {taskinstance.py:1358} INFO - 
--------------------------------------------------------------------------------
[2024-10-09 09:44:45,203] {taskinstance.py:1377} INFO - Executing <Task(_PythonDecoratedOperator): TSLA> on 2024-10-04 00:00:00+00:00
[2024-10-09 09:44:45,217] {standard_task_runner.py:52} INFO - Started process 24775 to run task
[2024-10-09 09:44:45,224] {standard_task_runner.py:79} INFO - Running: ['airflow', 'tasks', 'run', 'get_stocks_dag', 'TSLA', 'scheduled__2024-10-04T00:00:00+00:00', '--job-id', '252', '--raw', '--subdir', 'DAGS_FOLDER/get_stocks.py', '--cfg-path', '/tmp/tmprn_j_y8e', '--error-file', '/tmp/tmp_ky7owbt']
[2024-10-09 09:44:45,227] {standard_task_runner.py:80} INFO - Job 252: Subtask TSLA
[2024-10-09 09:44:45,472] {task_command.py:370} INFO - Running <TaskInstance: get_stocks_dag.TSLA scheduled__2024-10-04T00:00:00+00:00 [running]> on host ken
[2024-10-09 09:44:45,630] {taskinstance.py:1569} INFO - Exporting the following env vars:
AIRFLOW_CTX_DAG_OWNER=airflow
AIRFLOW_CTX_DAG_ID=get_stocks_dag
AIRFLOW_CTX_TASK_ID=TSLA
AIRFLOW_CTX_EXECUTION_DATE=2024-10-04T00:00:00+00:00
AIRFLOW_CTX_TRY_NUMBER=1
AIRFLOW_CTX_DAG_RUN_ID=scheduled__2024-10-04T00:00:00+00:00
[2024-10-09 09:44:46,115] {python.py:173} INFO - Done. Returned value was: None
[2024-10-09 09:44:46,134] {taskinstance.py:1395} INFO - Marking task as SUCCESS. dag_id=get_stocks_dag, task_id=TSLA, execution_date=20241004T000000, start_date=20241009T124445, end_date=20241009T124446
[2024-10-09 09:44:46,480] {local_task_job.py:156} INFO - Task exited with return code 0
[2024-10-09 09:44:46,740] {local_task_job.py:273} INFO - 0 downstream tasks scheduled from follow-on schedule check
[2024-10-09 09:48:53,313] {taskinstance.py:1159} INFO - Dependencies all met for <TaskInstance: get_stocks_dag.TSLA scheduled__2024-10-04T00:00:00+00:00 [queued]>
[2024-10-09 09:48:53,518] {taskinstance.py:1159} INFO - Dependencies all met for <TaskInstance: get_stocks_dag.TSLA scheduled__2024-10-04T00:00:00+00:00 [queued]>
[2024-10-09 09:48:53,519] {taskinstance.py:1356} INFO - 
--------------------------------------------------------------------------------
[2024-10-09 09:48:53,519] {taskinstance.py:1357} INFO - Starting attempt 1 of 1
[2024-10-09 09:48:53,519] {taskinstance.py:1358} INFO - 
--------------------------------------------------------------------------------
[2024-10-09 09:48:53,803] {taskinstance.py:1377} INFO - Executing <Task(_PythonDecoratedOperator): TSLA> on 2024-10-04 00:00:00+00:00
[2024-10-09 09:48:53,824] {standard_task_runner.py:52} INFO - Started process 31546 to run task
[2024-10-09 09:48:53,835] {standard_task_runner.py:79} INFO - Running: ['airflow', 'tasks', 'run', 'get_stocks_dag', 'TSLA', 'scheduled__2024-10-04T00:00:00+00:00', '--job-id', '318', '--raw', '--subdir', 'DAGS_FOLDER/get_stocks.py', '--cfg-path', '/tmp/tmpad8i3fvq', '--error-file', '/tmp/tmpcieoxj9w']
[2024-10-09 09:48:53,839] {standard_task_runner.py:80} INFO - Job 318: Subtask TSLA
[2024-10-09 09:48:54,177] {task_command.py:370} INFO - Running <TaskInstance: get_stocks_dag.TSLA scheduled__2024-10-04T00:00:00+00:00 [running]> on host ken
[2024-10-09 09:48:54,309] {taskinstance.py:1569} INFO - Exporting the following env vars:
AIRFLOW_CTX_DAG_OWNER=airflow
AIRFLOW_CTX_DAG_ID=get_stocks_dag
AIRFLOW_CTX_TASK_ID=TSLA
AIRFLOW_CTX_EXECUTION_DATE=2024-10-04T00:00:00+00:00
AIRFLOW_CTX_TRY_NUMBER=1
AIRFLOW_CTX_DAG_RUN_ID=scheduled__2024-10-04T00:00:00+00:00
[2024-10-09 09:48:55,126] {python.py:173} INFO - Done. Returned value was: None
[2024-10-09 09:48:55,152] {taskinstance.py:1395} INFO - Marking task as SUCCESS. dag_id=get_stocks_dag, task_id=TSLA, execution_date=20241004T000000, start_date=20241009T124853, end_date=20241009T124855
[2024-10-09 09:48:55,371] {local_task_job.py:156} INFO - Task exited with return code 0
[2024-10-09 09:48:55,600] {local_task_job.py:273} INFO - 0 downstream tasks scheduled from follow-on schedule check
[2024-10-09 10:45:47,234] {taskinstance.py:1159} INFO - Dependencies all met for <TaskInstance: get_stocks_dag.TSLA scheduled__2024-10-04T00:00:00+00:00 [queued]>
[2024-10-09 10:45:47,357] {taskinstance.py:1159} INFO - Dependencies all met for <TaskInstance: get_stocks_dag.TSLA scheduled__2024-10-04T00:00:00+00:00 [queued]>
[2024-10-09 10:45:47,357] {taskinstance.py:1356} INFO - 
--------------------------------------------------------------------------------
[2024-10-09 10:45:47,358] {taskinstance.py:1357} INFO - Starting attempt 1 of 1
[2024-10-09 10:45:47,358] {taskinstance.py:1358} INFO - 
--------------------------------------------------------------------------------
[2024-10-09 10:45:47,405] {taskinstance.py:1377} INFO - Executing <Task(_PythonDecoratedOperator): TSLA> on 2024-10-04 00:00:00+00:00
[2024-10-09 10:45:47,419] {standard_task_runner.py:52} INFO - Started process 75197 to run task
[2024-10-09 10:45:47,427] {standard_task_runner.py:79} INFO - Running: ['airflow', 'tasks', 'run', 'get_stocks_dag', 'TSLA', 'scheduled__2024-10-04T00:00:00+00:00', '--job-id', '479', '--raw', '--subdir', 'DAGS_FOLDER/get_stocks.py', '--cfg-path', '/tmp/tmpy7ba2lsd', '--error-file', '/tmp/tmpffxasxci']
[2024-10-09 10:45:47,430] {standard_task_runner.py:80} INFO - Job 479: Subtask TSLA
[2024-10-09 10:45:47,949] {task_command.py:370} INFO - Running <TaskInstance: get_stocks_dag.TSLA scheduled__2024-10-04T00:00:00+00:00 [running]> on host ken
[2024-10-09 10:45:48,963] {taskinstance.py:1569} INFO - Exporting the following env vars:
AIRFLOW_CTX_DAG_OWNER=airflow
AIRFLOW_CTX_DAG_ID=get_stocks_dag
AIRFLOW_CTX_TASK_ID=TSLA
AIRFLOW_CTX_EXECUTION_DATE=2024-10-04T00:00:00+00:00
AIRFLOW_CTX_TRY_NUMBER=1
AIRFLOW_CTX_DAG_RUN_ID=scheduled__2024-10-04T00:00:00+00:00
[2024-10-09 10:45:59,818] {python.py:173} INFO - Done. Returned value was: None
[2024-10-09 10:45:59,849] {taskinstance.py:1395} INFO - Marking task as SUCCESS. dag_id=get_stocks_dag, task_id=TSLA, execution_date=20241004T000000, start_date=20241009T134547, end_date=20241009T134559
[2024-10-09 10:45:59,932] {local_task_job.py:156} INFO - Task exited with return code 0
[2024-10-09 10:46:00,240] {local_task_job.py:273} INFO - 0 downstream tasks scheduled from follow-on schedule check
