[2024-10-09 10:42:26,401] {taskinstance.py:1159} INFO - Dependencies all met for <TaskInstance: get_crypto_dag.AVAX scheduled__2024-10-01T00:00:00+00:00 [queued]>
[2024-10-09 10:42:26,418] {taskinstance.py:1159} INFO - Dependencies all met for <TaskInstance: get_crypto_dag.AVAX scheduled__2024-10-01T00:00:00+00:00 [queued]>
[2024-10-09 10:42:26,418] {taskinstance.py:1356} INFO - 
--------------------------------------------------------------------------------
[2024-10-09 10:42:26,418] {taskinstance.py:1357} INFO - Starting attempt 1 of 1
[2024-10-09 10:42:26,418] {taskinstance.py:1358} INFO - 
--------------------------------------------------------------------------------
[2024-10-09 10:42:26,455] {taskinstance.py:1377} INFO - Executing <Task(_PythonDecoratedOperator): AVAX> on 2024-10-01 00:00:00+00:00
[2024-10-09 10:42:26,466] {standard_task_runner.py:52} INFO - Started process 70160 to run task
[2024-10-09 10:42:26,471] {standard_task_runner.py:79} INFO - Running: ['airflow', 'tasks', 'run', 'get_crypto_dag', 'AVAX', 'scheduled__2024-10-01T00:00:00+00:00', '--job-id', '455', '--raw', '--subdir', 'DAGS_FOLDER/get_crypto.py', '--cfg-path', '/tmp/tmpvv09oaim', '--error-file', '/tmp/tmp7wjg5bt6']
[2024-10-09 10:42:26,473] {standard_task_runner.py:80} INFO - Job 455: Subtask AVAX
[2024-10-09 10:42:26,922] {task_command.py:370} INFO - Running <TaskInstance: get_crypto_dag.AVAX scheduled__2024-10-01T00:00:00+00:00 [running]> on host ken
[2024-10-09 10:42:27,164] {taskinstance.py:1569} INFO - Exporting the following env vars:
AIRFLOW_CTX_DAG_OWNER=airflow
AIRFLOW_CTX_DAG_ID=get_crypto_dag
AIRFLOW_CTX_TASK_ID=AVAX
AIRFLOW_CTX_EXECUTION_DATE=2024-10-01T00:00:00+00:00
AIRFLOW_CTX_TRY_NUMBER=1
AIRFLOW_CTX_DAG_RUN_ID=scheduled__2024-10-01T00:00:00+00:00
[2024-10-09 10:42:31,074] {history.py:122} ERROR - $AVAX: possibly delisted; no timezone found
[2024-10-09 10:42:41,090] {python.py:173} INFO - Done. Returned value was: None
[2024-10-09 10:42:41,130] {taskinstance.py:1395} INFO - Marking task as SUCCESS. dag_id=get_crypto_dag, task_id=AVAX, execution_date=20241001T000000, start_date=20241009T134226, end_date=20241009T134241
[2024-10-09 10:42:42,564] {local_task_job.py:156} INFO - Task exited with return code 0
[2024-10-09 10:42:42,987] {local_task_job.py:273} INFO - 0 downstream tasks scheduled from follow-on schedule check
